--------------------------------------------------------------------------
[[32377,1],1]: A high-performance Open MPI point-to-point messaging module
was unable to find any relevant network interfaces:

Module: OpenFabrics (openib)
  Host: euca-128-84-11-54

Another transport will be used instead, although this may result in
lower performance.
--------------------------------------------------------------------------
Using MPI version 3.0, 12 processes
command-line param: no-struct=false
command-line param: no-holes=false
command-line param: rodpos="/home/ubuntu/solar-cell-gen-alg/C++/files/21/rodpos.txt"
-----------
Initializing structure...
Working in 3D dimensions.
Computational cell is 4 x 4 x 5 with resolution 40
     block, center = (0,0,0)
          size (1e+20,1e+20,0.15)
          axes (1,0,0), (0,1,0), (0,0,1)
          dielectric constant epsilon diagonal = (12,12,12)
     cylinder, center = (2.54035,2.83828,0)
          radius 0.137489, height 0.15, axis (0, 0, 1)
          dielectric constant epsilon diagonal = (1,1,1)
     cylinder, center = (2.06403,3.5654,0)
          radius 0.237392, height 0.15, axis (0, 0, 1)
          dielectric constant epsilon diagonal = (1,1,1)
     cylinder, center = (1.13026,2.85464,0)
          radius 0.264947, height 0.15, axis (0, 0, 1)
          dielectric constant epsilon diagonal = (1,1,1)
     cylinder, center = (3.42684,3.87033,0)
          radius 0.186161, height 0.15, axis (0, 0, 1)
          dielectric constant epsilon diagonal = (1,1,1)
     cylinder, center = (0.274386,0.168449,0)
          radius 0.223868, height 0.15, axis (0, 0, 1)
          dielectric constant epsilon diagonal = (1,1,1)
     cylinder, center = (2.24101,0.751675,0)
          radius 0.0756183, height 0.15, axis (0, 0, 1)
          dielectric constant epsilon diagonal = (1,1,1)
     cylinder, center = (1.48023,1.38662,0)
          radius 0.18591, height 0.15, axis (0, 0, 1)
          dielectric constant epsilon diagonal = (1,1,1)
     cylinder, center = (3.31704,1.15505,0)
          radius 0.291729, height 0.15, axis (0, 0, 1)
          dielectric constant epsilon diagonal = (1,1,1)
     cylinder, center = (0.843759,1.76743,0)
          radius 0.227544, height 0.15, axis (0, 0, 1)
          dielectric constant epsilon diagonal = (1,1,1)
     cylinder, center = (0.781201,0.825869,0)
          radius 0.198933, height 0.15, axis (0, 0, 1)
          dielectric constant epsilon diagonal = (1,1,1)
     cylinder, center = (1.07994,2.1168,0)
          radius 0.0946596, height 0.15, axis (0, 0, 1)
          dielectric constant epsilon diagonal = (1,1,1)
     cylinder, center = (2.97571,1.70337,0)
          radius 0.266601, height 0.15, axis (0, 0, 1)
          dielectric constant epsilon diagonal = (1,1,1)
     cylinder, center = (1.7642,0.532972,0)
          radius 0.0588567, height 0.15, axis (0, 0, 1)
          dielectric constant epsilon diagonal = (1,1,1)
     cylinder, center = (1.79409,3.87683,0)
          radius 0.176932, height 0.15, axis (0, 0, 1)
          dielectric constant epsilon diagonal = (1,1,1)
     cylinder, center = (1.01735,2.72041,0)
          radius 0.228793, height 0.15, axis (0, 0, 1)
          dielectric constant epsilon diagonal = (1,1,1)
     cylinder, center = (0.285245,2.66823,0)
          radius 0.235772, height 0.15, axis (0, 0, 1)
          dielectric constant epsilon diagonal = (1,1,1)
     cylinder, center = (2.11421,1.22345,0)
          radius 0.194038, height 0.15, axis (0, 0, 1)
          dielectric constant epsilon diagonal = (1,1,1)
     cylinder, center = (2.64781,0.659523,0)
          radius 0.172048, height 0.15, axis (0, 0, 1)
          dielectric constant epsilon diagonal = (1,1,1)
     cylinder, center = (0.635406,1.0534,0)
          radius 0.166274, height 0.15, axis (0, 0, 1)
          dielectric constant epsilon diagonal = (1,1,1)
     cylinder, center = (0.6005,2.45988,0)
          radius 0.157251, height 0.15, axis (0, 0, 1)
          dielectric constant epsilon diagonal = (1,1,1)
     cylinder, center = (0.941251,1.92032,0)
          radius 0.139443, height 0.15, axis (0, 0, 1)
          dielectric constant epsilon diagonal = (1,1,1)
     cylinder, center = (1.66411,2.90527,0)
          radius 0.184704, height 0.15, axis (0, 0, 1)
          dielectric constant epsilon diagonal = (1,1,1)
     cylinder, center = (1.87422,3.42148,0)
          radius 0.175682, height 0.15, axis (0, 0, 1)
          dielectric constant epsilon diagonal = (1,1,1)
     cylinder, center = (2.3466,3.24647,0)
          radius 0.20242, height 0.15, axis (0, 0, 1)
          dielectric constant epsilon diagonal = (1,1,1)
     cylinder, center = (3.37483,0.124663,0)
          radius 0.0653043, height 0.15, axis (0, 0, 1)
          dielectric constant epsilon diagonal = (1,1,1)
     cylinder, center = (2.71146,1.38503,0)
          radius 0.16657, height 0.15, axis (0, 0, 1)
          dielectric constant epsilon diagonal = (1,1,1)
     cylinder, center = (1.80292,1.38722,0)
          radius 0.108264, height 0.15, axis (0, 0, 1)
          dielectric constant epsilon diagonal = (1,1,1)
     cylinder, center = (3.79436,0.822823,0)
          radius 0.13692, height 0.15, axis (0, 0, 1)
          dielectric constant epsilon diagonal = (1,1,1)
     cylinder, center = (2.77151,3.49598,0)
          radius 0.158622, height 0.15, axis (0, 0, 1)
          dielectric constant epsilon diagonal = (1,1,1)
     cylinder, center = (3.19605,1.89527,0)
          radius 0.199988, height 0.15, axis (0, 0, 1)
          dielectric constant epsilon diagonal = (1,1,1)
subpixel-averaging is 70.7639% done, 1.66624 s remaining
subpixel-averaging is 51.0589% done, 3.87455 s remaining
subpixel-averaging is 61.5101% done, 2.51754 s remaining
subpixel-averaging is 50.6779% done, 3.89908 s remaining
subpixel-averaging is 76.2074% done, 1.25789 s remaining
subpixel-averaging is 51.821% done, 3.74923 s remaining
subpixel-averaging is 98.3078% done, 0.0692189 s remaining
time for set_epsilon = 40.7887 s
time for set_conductivity = 0.4682 s
time for set_conductivity = 0.435008 s
time for set_conductivity = 0.422515 s
-----------
Meep progress: 0.0125/500.0 = 0.0% done in 86.1s, 3445183.3s to go
on time step 1 (time=0.0125), 86.1321 s/step
Meep progress: 0.05/500.0 = 0.0% done in 92.1s, 920565.4s to go
on time step 4 (time=0.05), 1.97793 s/step
Meep progress: 0.07500000000000001/500.0 = 0.0% done in 96.6s, 643914.3s to go
on time step 6 (time=0.075), 2.26794 s/step
Meep progress: 0.1/500.0 = 0.0% done in 101.8s, 508658.0s to go
on time step 8 (time=0.1), 2.57515 s/step
Meep progress: 0.125/500.0 = 0.0% done in 106.8s, 427288.6s to go
on time step 10 (time=0.125), 2.54843 s/step
Meep progress: 0.15000000000000002/500.0 = 0.0% done in 112.1s, 373417.2s to go
on time step 12 (time=0.15), 2.60496 s/step
Meep progress: 0.17500000000000002/500.0 = 0.0% done in 117.2s, 334767.4s to go
on time step 14 (time=0.175), 2.57542 s/step
Meep progress: 0.2/500.0 = 0.0% done in 122.2s, 305361.0s to go
on time step 16 (time=0.2), 2.49179 s/step
Meep progress: 0.225/500.0 = 0.0% done in 127.3s, 282862.2s to go
on time step 18 (time=0.225), 2.57602 s/step
Meep progress: 0.25/500.0 = 0.0% done in 132.6s, 265087.8s to go
on time step 20 (time=0.25), 2.6324 s/step
Meep progress: 0.275/500.0 = 0.1% done in 137.8s, 250436.8s to go
on time step 22 (time=0.275), 2.60293 s/step
Meep progress: 0.30000000000000004/500.0 = 0.1% done in 142.7s, 237671.7s to go
on time step 24 (time=0.3), 2.43629 s/step
Meep progress: 0.325/500.0 = 0.1% done in 147.7s, 227045.1s to go
on time step 26 (time=0.325), 2.51939 s/step
Meep progress: 0.35000000000000003/500.0 = 0.1% done in 152.9s, 218249.2s to go
on time step 28 (time=0.35), 2.57697 s/step
Meep progress: 0.375/500.0 = 0.1% done in 158.1s, 210663.8s to go
on time step 30 (time=0.375), 2.61748 s/step
Meep progress: 0.4/500.0 = 0.1% done in 163.3s, 203916.5s to go
on time step 32 (time=0.4), 2.57368 s/step
Meep progress: 0.42500000000000004/500.0 = 0.1% done in 168.2s, 197722.3s to go
on time step 34 (time=0.425), 2.47154 s/step
Meep progress: 0.45/500.0 = 0.1% done in 172.7s, 191726.9s to go
on time step 36 (time=0.45), 2.2513 s/step
Meep progress: 0.48750000000000004/500.0 = 0.1% done in 178.7s, 183064.4s to go
on time step 39 (time=0.4875), 1.98412 s/step
Meep progress: 0.525/500.0 = 0.1% done in 184.5s, 175555.8s to go
on time step 42 (time=0.525), 1.96982 s/step
