--------------------------------------------------------------------------
[[32266,1],0]: A high-performance Open MPI point-to-point messaging module
was unable to find any relevant network interfaces:

Module: OpenFabrics (openib)
  Host: euca-128-84-11-54

Another transport will be used instead, although this may result in
lower performance.
--------------------------------------------------------------------------
Using MPI version 3.0, 12 processes
command-line param: no-struct=false
command-line param: no-holes=false
command-line param: rodpos="/home/ubuntu/solar-cell-gen-alg/C++/files/22/rodpos.txt"
-----------
Initializing structure...
Working in 3D dimensions.
Computational cell is 4 x 4 x 5 with resolution 40
     block, center = (0,0,0)
          size (1e+20,1e+20,0.15)
          axes (1,0,0), (0,1,0), (0,0,1)
          dielectric constant epsilon diagonal = (12,12,12)
     cylinder, center = (2.58304,3.23704,0)
          radius 0.197151, height 0.15, axis (0, 0, 1)
          dielectric constant epsilon diagonal = (1,1,1)
     cylinder, center = (2.96773,3.89949,0)
          radius 0.188627, height 0.15, axis (0, 0, 1)
          dielectric constant epsilon diagonal = (1,1,1)
     cylinder, center = (0.126622,2.89161,0)
          radius 0.191379, height 0.15, axis (0, 0, 1)
          dielectric constant epsilon diagonal = (1,1,1)
     cylinder, center = (3.42341,0.889727,0)
          radius 0.223997, height 0.15, axis (0, 0, 1)
          dielectric constant epsilon diagonal = (1,1,1)
     cylinder, center = (3.82687,0.795082,0)
          radius 0.167746, height 0.15, axis (0, 0, 1)
          dielectric constant epsilon diagonal = (1,1,1)
     cylinder, center = (2.43108,1.38877,0)
          radius 0.0796939, height 0.15, axis (0, 0, 1)
          dielectric constant epsilon diagonal = (1,1,1)
     cylinder, center = (1.13298,2.05838,0)
          radius 0.175184, height 0.15, axis (0, 0, 1)
          dielectric constant epsilon diagonal = (1,1,1)
     cylinder, center = (0.46222,1.01717,0)
          radius 0.257788, height 0.15, axis (0, 0, 1)
          dielectric constant epsilon diagonal = (1,1,1)
     cylinder, center = (0.754364,1.36754,0)
          radius 0.213347, height 0.15, axis (0, 0, 1)
          dielectric constant epsilon diagonal = (1,1,1)
     cylinder, center = (0.93426,0.936408,0)
          radius 0.242206, height 0.15, axis (0, 0, 1)
          dielectric constant epsilon diagonal = (1,1,1)
     cylinder, center = (0.544981,1.02251,0)
          radius 0.113582, height 0.15, axis (0, 0, 1)
          dielectric constant epsilon diagonal = (1,1,1)
     cylinder, center = (3.32736,3.64753,0)
          radius 0.228574, height 0.15, axis (0, 0, 1)
          dielectric constant epsilon diagonal = (1,1,1)
     cylinder, center = (2.49423,0.779229,0)
          radius 0.0978553, height 0.15, axis (0, 0, 1)
          dielectric constant epsilon diagonal = (1,1,1)
     cylinder, center = (0.0276915,2.99074,0)
          radius 0.188033, height 0.15, axis (0, 0, 1)
          dielectric constant epsilon diagonal = (1,1,1)
     cylinder, center = (0.533715,1.45572,0)
          radius 0.247247, height 0.15, axis (0, 0, 1)
          dielectric constant epsilon diagonal = (1,1,1)
     cylinder, center = (2.02039,3.24478,0)
          radius 0.2481, height 0.15, axis (0, 0, 1)
          dielectric constant epsilon diagonal = (1,1,1)
     cylinder, center = (3.78634,0.815864,0)
          radius 0.185216, height 0.15, axis (0, 0, 1)
          dielectric constant epsilon diagonal = (1,1,1)
     cylinder, center = (0.489539,0.643546,0)
          radius 0.186772, height 0.15, axis (0, 0, 1)
          dielectric constant epsilon diagonal = (1,1,1)
     cylinder, center = (0.9084,3.94663,0)
          radius 0.215844, height 0.15, axis (0, 0, 1)
          dielectric constant epsilon diagonal = (1,1,1)
     cylinder, center = (0.298013,3.50117,0)
          radius 0.180174, height 0.15, axis (0, 0, 1)
          dielectric constant epsilon diagonal = (1,1,1)
     cylinder, center = (3.24076,1.75293,0)
          radius 0.106011, height 0.15, axis (0, 0, 1)
          dielectric constant epsilon diagonal = (1,1,1)
     cylinder, center = (1.96622,2.48456,0)
          radius 0.153654, height 0.15, axis (0, 0, 1)
          dielectric constant epsilon diagonal = (1,1,1)
     cylinder, center = (1.98198,3.76007,0)
          radius 0.155402, height 0.15, axis (0, 0, 1)
          dielectric constant epsilon diagonal = (1,1,1)
     cylinder, center = (2.62043,2.52765,0)
          radius 0.246723, height 0.15, axis (0, 0, 1)
          dielectric constant epsilon diagonal = (1,1,1)
     cylinder, center = (3.81137,0.0208348,0)
          radius 0.0576614, height 0.15, axis (0, 0, 1)
          dielectric constant epsilon diagonal = (1,1,1)
     cylinder, center = (3.09711,0.419952,0)
          radius 0.176884, height 0.15, axis (0, 0, 1)
          dielectric constant epsilon diagonal = (1,1,1)
     cylinder, center = (1.98267,1.29678,0)
          radius 0.183294, height 0.15, axis (0, 0, 1)
          dielectric constant epsilon diagonal = (1,1,1)
     cylinder, center = (3.29356,2.43861,0)
          radius 0.120145, height 0.15, axis (0, 0, 1)
          dielectric constant epsilon diagonal = (1,1,1)
     cylinder, center = (2.52714,3.19262,0)
          radius 0.222165, height 0.15, axis (0, 0, 1)
          dielectric constant epsilon diagonal = (1,1,1)
     cylinder, center = (2.27217,2.90289,0)
          radius 0.185652, height 0.15, axis (0, 0, 1)
          dielectric constant epsilon diagonal = (1,1,1)
subpixel-averaging is 65.8649% done, 2.07689 s remaining
subpixel-averaging is 41.5329% done, 5.63109 s remaining
subpixel-averaging is 88.7818% done, 0.506201 s remaining
subpixel-averaging is 65.8649% done, 2.07729 s remaining
subpixel-averaging is 42.295% done, 5.46122 s remaining
subpixel-averaging is 89.1629% done, 0.486581 s remaining
subpixel-averaging is 65.8649% done, 2.0751 s remaining
subpixel-averaging is 35.4363% done, 7.28956 s remaining
subpixel-averaging is 71.635% done, 1.58618 s remaining
time for set_epsilon = 46.1392 s
time for set_conductivity = 0.471233 s
time for set_conductivity = 0.415201 s
time for set_conductivity = 0.41929 s
-----------
Meep progress: 0.0125/500.0 = 0.0% done in 84.8s, 3392822.7s to go
on time step 1 (time=0.0125), 84.823 s/step
Meep progress: 0.037500000000000006/500.0 = 0.0% done in 88.9s, 1185622.1s to go
on time step 3 (time=0.0375), 2.0603 s/step
Meep progress: 0.0625/500.0 = 0.0% done in 93.3s, 746006.6s to go
on time step 5 (time=0.0625), 2.15949 s/step
Meep progress: 0.08750000000000001/500.0 = 0.0% done in 97.9s, 559615.4s to go
on time step 7 (time=0.0875), 2.3437 s/step
Meep progress: 0.1125/500.0 = 0.0% done in 102.6s, 455792.7s to go
on time step 9 (time=0.1125), 2.31331 s/step
Meep progress: 0.1375/500.0 = 0.0% done in 106.7s, 388041.6s to go
on time step 11 (time=0.1375), 2.0821 s/step
Meep progress: 0.1625/500.0 = 0.0% done in 111.4s, 342560.8s to go
on time step 13 (time=0.1625), 2.31379 s/step
Meep progress: 0.1875/500.0 = 0.0% done in 116.1s, 309351.9s to go
on time step 15 (time=0.1875), 2.34104 s/step
Meep progress: 0.21250000000000002/500.0 = 0.0% done in 120.9s, 284432.2s to go
on time step 17 (time=0.2125), 2.44229 s/step
Meep progress: 0.23750000000000002/500.0 = 0.0% done in 126.2s, 265638.9s to go
on time step 19 (time=0.2375), 2.65166 s/step
Meep progress: 0.2625/500.0 = 0.1% done in 131.4s, 250121.5s to go
on time step 21 (time=0.2625), 2.57216 s/step
Meep progress: 0.28750000000000003/500.0 = 0.1% done in 136.1s, 236573.8s to go
on time step 23 (time=0.2875), 2.36277 s/step
Meep progress: 0.3125/500.0 = 0.1% done in 140.2s, 224207.2s to go
on time step 25 (time=0.3125), 2.05431 s/step
Meep progress: 0.3375/500.0 = 0.1% done in 144.4s, 213750.7s to go
on time step 27 (time=0.3375), 2.08106 s/step
Meep progress: 0.36250000000000004/500.0 = 0.1% done in 149.4s, 205877.9s to go
on time step 29 (time=0.3625), 2.47124 s/step
Meep progress: 0.3875/500.0 = 0.1% done in 154.5s, 199157.3s to go
on time step 31 (time=0.3875), 2.54839 s/step
Meep progress: 0.41250000000000003/500.0 = 0.1% done in 158.8s, 192301.6s to go
on time step 33 (time=0.4125), 2.1566 s/step
Meep progress: 0.4375/500.0 = 0.1% done in 163.2s, 186353.6s to go
on time step 35 (time=0.4375), 2.21116 s/step
Meep progress: 0.4625/500.0 = 0.1% done in 168.0s, 181491.5s to go
on time step 37 (time=0.4625), 2.41645 s/step
Meep progress: 0.48750000000000004/500.0 = 0.1% done in 172.3s, 176551.6s to go
on time step 39 (time=0.4875), 2.13532 s/step
Meep progress: 0.5125000000000001/500.0 = 0.1% done in 176.6s, 172080.3s to go
on time step 41 (time=0.5125), 2.12871 s/step
Meep progress: 0.5375/500.0 = 0.1% done in 180.7s, 167866.6s to go
on time step 43 (time=0.5375), 2.01773 s/step
