--------------------------------------------------------------------------
[[9967,1],6]: A high-performance Open MPI point-to-point messaging module
was unable to find any relevant network interfaces:

Module: OpenFabrics (openib)
  Host: euca-128-84-11-54

Another transport will be used instead, although this may result in
lower performance.
--------------------------------------------------------------------------
Using MPI version 3.0, 12 processes
command-line param: no-struct=false
command-line param: no-holes=false
-----------
Initializing structure...
Working in 3D dimensions.
Computational cell is 4 x 4 x 5 with resolution 40
     block, center = (0,0,0)
          size (1e+20,1e+20,0.15)
          axes (1,0,0), (0,1,0), (0,0,1)
          dielectric constant epsilon diagonal = (12,12,12)
     cylinder, center = (2,2,0)
          radius 0.075, height 0.15, axis (0, 0, 1)
          dielectric constant epsilon diagonal = (1,1,1)
subpixel-averaging is 77.7317% done, 1.14683 s remaining
subpixel-averaging is 82.3041% done, 0.860246 s remaining
subpixel-averaging is 87.0942% done, 0.599284 s remaining
subpixel-averaging is 83.0662% done, 0.818026 s remaining
time for set_epsilon = 27.0031 s
time for set_conductivity = 0.236808 s
time for set_conductivity = 0.24065 s
time for set_conductivity = 0.237923 s
-----------
Meep progress: 0.0125/500.0 = 0.0% done in 66.6s, 2664569.7s to go
on time step 1 (time=0.0125), 66.6355 s/step
Meep progress: 0.125/500.0 = 0.0% done in 71.1s, 284168.9s to go
on time step 10 (time=0.125), 0.492761 s/step
Meep progress: 0.23750000000000002/500.0 = 0.0% done in 75.5s, 158799.1s to go
on time step 19 (time=0.2375), 0.488491 s/step
Meep progress: 0.35000000000000003/500.0 = 0.1% done in 79.9s, 114042.9s to go
on time step 28 (time=0.35), 0.491302 s/step
Meep progress: 0.4625/500.0 = 0.1% done in 84.2s, 90971.0s to go
on time step 37 (time=0.4625), 0.483677 s/step
Meep progress: 0.5750000000000001/500.0 = 0.1% done in 88.6s, 76934.5s to go
on time step 46 (time=0.575), 0.482378 s/step
Meep progress: 0.6875/500.0 = 0.1% done in 93.0s, 67531.7s to go
on time step 55 (time=0.6875), 0.489468 s/step
Meep progress: 0.8/500.0 = 0.2% done in 97.4s, 60754.5s to go
on time step 64 (time=0.8), 0.486234 s/step
Meep progress: 0.9125000000000001/500.0 = 0.2% done in 101.7s, 55639.1s to go
on time step 73 (time=0.9125), 0.485835 s/step
Meep progress: 1.0250000000000001/500.0 = 0.2% done in 106.1s, 51664.6s to go
on time step 82 (time=1.025), 0.489255 s/step
Meep progress: 1.1375/500.0 = 0.2% done in 110.5s, 48468.5s to go
on time step 91 (time=1.1375), 0.487694 s/step
Meep progress: 1.25/500.0 = 0.2% done in 114.9s, 45842.3s to go
on time step 100 (time=1.25), 0.486217 s/step
Meep progress: 1.3625/500.0 = 0.3% done in 119.3s, 43655.3s to go
on time step 109 (time=1.3625), 0.488288 s/step
Meep progress: 1.475/500.0 = 0.3% done in 123.7s, 41794.7s to go
on time step 118 (time=1.475), 0.48413 s/step
Meep progress: 1.5875000000000001/500.0 = 0.3% done in 128.0s, 40194.3s to go
on time step 127 (time=1.5875), 0.48619 s/step
Meep progress: 1.6875/500.0 = 0.3% done in 132.1s, 39008.0s to go
on time step 135 (time=1.6875), 0.509298 s/step
Meep progress: 1.7750000000000001/500.0 = 0.4% done in 136.5s, 38321.3s to go
on time step 142 (time=1.775), 0.631608 s/step
Meep progress: 1.8625/500.0 = 0.4% done in 140.6s, 37602.9s to go
on time step 149 (time=1.8625), 0.580856 s/step
Meep progress: 1.9625000000000001/500.0 = 0.4% done in 144.6s, 36700.6s to go
on time step 157 (time=1.9625), 0.503608 s/step
Meep progress: 2.075/500.0 = 0.4% done in 149.1s, 35768.0s to go
on time step 166 (time=2.075), 0.492404 s/step
Meep progress: 2.1875/500.0 = 0.4% done in 153.5s, 34924.1s to go
on time step 175 (time=2.1875), 0.489962 s/step
Meep progress: 2.3000000000000003/500.0 = 0.5% done in 157.8s, 34152.4s to go
on time step 184 (time=2.3), 0.484317 s/step
Meep progress: 2.4125/500.0 = 0.5% done in 162.2s, 33457.6s to go
on time step 193 (time=2.4125), 0.488402 s/step
Meep progress: 2.5250000000000004/500.0 = 0.5% done in 166.7s, 32841.2s to go
on time step 202 (time=2.525), 0.496376 s/step
Meep progress: 2.6375/500.0 = 0.5% done in 171.1s, 32259.4s to go
on time step 211 (time=2.6375), 0.4871 s/step
Meep progress: 2.75/500.0 = 0.6% done in 175.5s, 31725.3s to go
on time step 220 (time=2.75), 0.488218 s/step
Meep progress: 2.8625000000000003/500.0 = 0.6% done in 179.9s, 31249.8s to go
on time step 229 (time=2.8625), 0.496269 s/step
Meep progress: 2.975/500.0 = 0.6% done in 184.3s, 30790.4s to go
on time step 238 (time=2.975), 0.485268 s/step
Meep progress: 3.0875000000000004/500.0 = 0.6% done in 188.7s, 30372.5s to go
on time step 247 (time=3.0875), 0.490739 s/step
Meep progress: 3.2/500.0 = 0.6% done in 193.1s, 29977.1s to go
on time step 256 (time=3.2), 0.486433 s/step
Meep progress: 3.2875/500.0 = 0.7% done in 197.5s, 29846.2s to go
on time step 263 (time=3.2875), 0.635921 s/step
Meep progress: 3.3875/500.0 = 0.7% done in 202.0s, 29613.7s to go
on time step 271 (time=3.3875), 0.556389 s/step
Meep progress: 3.4875000000000003/500.0 = 0.7% done in 206.4s, 29384.7s to go
on time step 279 (time=3.4875), 0.551126 s/step
Meep progress: 3.5875000000000004/500.0 = 0.7% done in 210.9s, 29180.2s to go
on time step 287 (time=3.5875), 0.558618 s/step
Meep progress: 3.6875/500.0 = 0.7% done in 215.3s, 28975.4s to go
on time step 295 (time=3.6875), 0.550889 s/step
Meep progress: 3.7875/500.0 = 0.8% done in 219.7s, 28779.5s to go
on time step 303 (time=3.7875), 0.548182 s/step
Meep progress: 3.875/500.0 = 0.8% done in 224.0s, 28675.6s to go
on time step 310 (time=3.875), 0.614513 s/step
Meep progress: 3.9875000000000003/500.0 = 0.8% done in 228.5s, 28418.2s to go
on time step 319 (time=3.9875), 0.499179 s/step
Meep progress: 4.1000000000000005/500.0 = 0.8% done in 232.8s, 28159.2s to go
on time step 328 (time=4.1), 0.48372 s/step
Meep progress: 4.2125/500.0 = 0.8% done in 237.2s, 27918.9s to go
on time step 337 (time=4.2125), 0.489335 s/step
Meep progress: 4.325/500.0 = 0.9% done in 241.6s, 27692.4s to go
on time step 346 (time=4.325), 0.489161 s/step
Meep progress: 4.4375/500.0 = 0.9% done in 246.0s, 27471.2s to go
on time step 355 (time=4.4375), 0.484498 s/step
Meep progress: 4.55/500.0 = 0.9% done in 250.4s, 27266.5s to go
on time step 364 (time=4.55), 0.491114 s/step
Meep progress: 4.6625000000000005/500.0 = 0.9% done in 254.8s, 27068.3s to go
on time step 373 (time=4.6625), 0.488232 s/step
Meep progress: 4.775/500.0 = 1.0% done in 259.2s, 26883.9s to go
on time step 382 (time=4.775), 0.491153 s/step
Meep progress: 4.8875/500.0 = 1.0% done in 263.7s, 26708.7s to go
on time step 391 (time=4.8875), 0.492645 s/step
Meep progress: 5.0/500.0 = 1.0% done in 268.0s, 26534.8s to go
on time step 400 (time=5), 0.485602 s/step
Meep progress: 5.112500000000001/500.0 = 1.0% done in 272.4s, 26368.5s to go
on time step 409 (time=5.1125), 0.486395 s/step
Meep progress: 5.2125/500.0 = 1.0% done in 277.2s, 26315.8s to go
on time step 417 (time=5.2125), 0.603019 s/step
Meep progress: 5.3125/500.0 = 1.1% done in 281.5s, 26212.3s to go
on time step 425 (time=5.3125), 0.533295 s/step
Meep progress: 5.425000000000001/500.0 = 1.1% done in 285.9s, 26065.1s to go
on time step 434 (time=5.425), 0.490382 s/step
Meep progress: 5.5375000000000005/500.0 = 1.1% done in 290.3s, 25922.1s to go
on time step 443 (time=5.5375), 0.489856 s/step
Meep progress: 5.65/500.0 = 1.1% done in 294.7s, 25781.2s to go
on time step 452 (time=5.65), 0.482246 s/step
Meep progress: 5.7625/500.0 = 1.2% done in 299.0s, 25648.8s to go
on time step 461 (time=5.7625), 0.487411 s/step
Meep progress: 5.875/500.0 = 1.2% done in 303.5s, 25522.9s to go
on time step 470 (time=5.875), 0.490401 s/step
Meep progress: 5.987500000000001/500.0 = 1.2% done in 307.8s, 25397.9s to go
on time step 479 (time=5.9875), 0.485093 s/step
Meep progress: 6.1000000000000005/500.0 = 1.2% done in 312.2s, 25279.2s to go
on time step 488 (time=6.1), 0.487814 s/step
Meep progress: 6.2125/500.0 = 1.2% done in 316.6s, 25162.8s to go
on time step 497 (time=6.2125), 0.484962 s/step
Meep progress: 6.325/500.0 = 1.3% done in 321.0s, 25051.5s to go
on time step 506 (time=6.325), 0.486001 s/step
Meep progress: 6.425000000000001/500.0 = 1.3% done in 325.4s, 25001.3s to go
on time step 514 (time=6.425), 0.563376 s/step
Meep progress: 6.5125/500.0 = 1.3% done in 329.6s, 24973.4s to go
on time step 521 (time=6.5125), 0.587086 s/step
Meep progress: 6.612500000000001/500.0 = 1.3% done in 334.0s, 24920.8s to go
on time step 529 (time=6.6125), 0.551839 s/step
Meep progress: 6.7125/500.0 = 1.3% done in 338.5s, 24872.3s to go
on time step 537 (time=6.7125), 0.561175 s/step
Meep progress: 6.8125/500.0 = 1.4% done in 342.8s, 24819.2s to go
on time step 545 (time=6.8125), 0.545501 s/step
Meep progress: 6.9/500.0 = 1.4% done in 346.9s, 24792.9s to go
on time step 552 (time=6.9), 0.586288 s/step
Meep progress: 7.0/500.0 = 1.4% done in 351.4s, 24747.2s to go
on time step 560 (time=7), 0.55396 s/step
Meep progress: 7.112500000000001/500.0 = 1.4% done in 355.8s, 24657.2s to go
on time step 569 (time=7.1125), 0.493109 s/step
Meep progress: 7.2250000000000005/500.0 = 1.4% done in 360.3s, 24572.3s to go
on time step 578 (time=7.225), 0.495298 s/step
Meep progress: 7.3125/500.0 = 1.5% done in 364.5s, 24560.9s to go
on time step 585 (time=7.3125), 0.608764 s/step
Meep progress: 7.4125000000000005/500.0 = 1.5% done in 368.7s, 24500.5s to go
on time step 593 (time=7.4125), 0.518297 s/step
Meep progress: 7.525/500.0 = 1.5% done in 373.1s, 24420.3s to go
on time step 602 (time=7.525), 0.495359 s/step
Meep progress: 7.625/500.0 = 1.5% done in 377.2s, 24354.5s to go
on time step 610 (time=7.625), 0.502282 s/step
Meep progress: 7.7250000000000005/500.0 = 1.5% done in 381.2s, 24292.3s to go
on time step 618 (time=7.725), 0.506261 s/step
Meep progress: 7.8375/500.0 = 1.6% done in 385.7s, 24218.3s to go
on time step 627 (time=7.8375), 0.495583 s/step
Meep progress: 7.95/500.0 = 1.6% done in 390.1s, 24145.1s to go
on time step 636 (time=7.95), 0.492488 s/step
Meep progress: 8.0625/500.0 = 1.6% done in 394.5s, 24071.4s to go
on time step 645 (time=8.0625), 0.490465 s/step
Meep progress: 8.175/500.0 = 1.6% done in 399.0s, 24001.9s to go
on time step 654 (time=8.175), 0.492736 s/step
Meep progress: 8.2875/500.0 = 1.7% done in 403.4s, 23933.2s to go
on time step 663 (time=8.2875), 0.491299 s/step
Meep progress: 8.4/500.0 = 1.7% done in 407.8s, 23868.2s to go
on time step 672 (time=8.4), 0.496148 s/step
Meep progress: 8.512500000000001/500.0 = 1.7% done in 412.2s, 23802.0s to go
on time step 681 (time=8.5125), 0.490037 s/step
Meep progress: 8.625/500.0 = 1.7% done in 416.7s, 23737.2s to go
on time step 690 (time=8.625), 0.491311 s/step
Meep progress: 8.7375/500.0 = 1.7% done in 421.1s, 23677.0s to go
on time step 699 (time=8.7375), 0.49348 s/step
Meep progress: 8.85/500.0 = 1.8% done in 425.5s, 23616.7s to go
on time step 708 (time=8.85), 0.493037 s/step
Meep progress: 8.9625/500.0 = 1.8% done in 430.0s, 23558.3s to go
on time step 717 (time=8.9625), 0.493253 s/step
Meep progress: 9.0625/500.0 = 1.8% done in 434.1s, 23515.1s to go
on time step 725 (time=9.0625), 0.511138 s/step
Meep progress: 9.1625/500.0 = 1.8% done in 438.2s, 23475.8s to go
on time step 733 (time=9.1625), 0.518133 s/step
Meep progress: 9.262500000000001/500.0 = 1.9% done in 442.3s, 23431.2s to go
on time step 741 (time=9.2625), 0.502864 s/step
Meep progress: 9.375/500.0 = 1.9% done in 446.7s, 23376.7s to go
on time step 750 (time=9.375), 0.493603 s/step
Meep progress: 9.475/500.0 = 1.9% done in 450.7s, 23333.3s to go
on time step 758 (time=9.475), 0.501104 s/step
Meep progress: 9.5875/500.0 = 1.9% done in 455.2s, 23283.2s to go
on time step 767 (time=9.5875), 0.49779 s/step
Meep progress: 9.700000000000001/500.0 = 1.9% done in 459.6s, 23232.8s to go
on time step 776 (time=9.7), 0.494625 s/step
Meep progress: 9.8125/500.0 = 2.0% done in 464.1s, 23183.3s to go
on time step 785 (time=9.8125), 0.493843 s/step
Meep progress: 9.912500000000001/500.0 = 2.0% done in 468.5s, 23161.8s to go
on time step 793 (time=9.9125), 0.550932 s/step
Meep progress: 10.0/500.0 = 2.0% done in 472.6s, 23157.0s to go
on time step 800 (time=10), 0.586134 s/step
Meep progress: 10.100000000000001/500.0 = 2.0% done in 477.0s, 23137.9s to go
on time step 808 (time=10.1), 0.552736 s/step
Meep progress: 10.200000000000001/500.0 = 2.0% done in 481.4s, 23117.3s to go
on time step 816 (time=10.2), 0.549719 s/step
Meep progress: 10.287500000000001/500.0 = 2.1% done in 485.6s, 23114.0s to go
on time step 823 (time=10.2875), 0.592256 s/step
Meep progress: 10.4/500.0 = 2.1% done in 490.0s, 23068.2s to go
on time step 832 (time=10.4), 0.494594 s/step
Meep progress: 10.4875/500.0 = 2.1% done in 494.3s, 23070.6s to go
on time step 839 (time=10.4875), 0.61024 s/step
Meep progress: 10.5875/500.0 = 2.1% done in 498.7s, 23053.8s to go
on time step 847 (time=10.5875), 0.555784 s/step
Meep progress: 10.6875/500.0 = 2.1% done in 503.1s, 23034.8s to go
on time step 855 (time=10.6875), 0.549434 s/step
Meep progress: 10.787500000000001/500.0 = 2.2% done in 507.5s, 23015.3s to go
on time step 863 (time=10.7875), 0.547282 s/step
Meep progress: 10.887500000000001/500.0 = 2.2% done in 511.9s, 22995.9s to go
on time step 871 (time=10.8875), 0.547743 s/step
Meep progress: 10.9875/500.0 = 2.2% done in 516.3s, 22978.3s to go
on time step 879 (time=10.9875), 0.550048 s/step
Meep progress: 11.0875/500.0 = 2.2% done in 520.9s, 22971.6s to go
on time step 887 (time=11.0875), 0.584343 s/step
Meep progress: 11.175/500.0 = 2.2% done in 525.4s, 22983.2s to go
on time step 894 (time=11.175), 0.637771 s/step
Meep progress: 11.275/500.0 = 2.3% done in 529.8s, 22965.3s to go
on time step 902 (time=11.275), 0.549691 s/step
Meep progress: 11.375/500.0 = 2.3% done in 534.2s, 22946.5s to go
on time step 910 (time=11.375), 0.544404 s/step
Meep progress: 11.475000000000001/500.0 = 2.3% done in 538.6s, 22928.3s to go
on time step 918 (time=11.475), 0.549669 s/step
Meep progress: 11.575000000000001/500.0 = 2.3% done in 543.0s, 22912.2s to go
on time step 926 (time=11.575), 0.551119 s/step
Meep progress: 11.675/500.0 = 2.3% done in 547.5s, 22898.9s to go
on time step 934 (time=11.675), 0.562391 s/step
Meep progress: 11.775/500.0 = 2.4% done in 551.9s, 22882.1s to go
on time step 942 (time=11.775), 0.547462 s/step
Meep progress: 11.8625/500.0 = 2.4% done in 556.4s, 22897.2s to go
on time step 949 (time=11.8625), 0.653128 s/step
Meep progress: 11.9625/500.0 = 2.4% done in 560.8s, 22881.0s to go
on time step 957 (time=11.9625), 0.550721 s/step
Meep progress: 12.0625/500.0 = 2.4% done in 565.2s, 22863.8s to go
on time step 965 (time=12.0625), 0.548148 s/step
Meep progress: 12.162500000000001/500.0 = 2.4% done in 569.6s, 22848.1s to go
on time step 973 (time=12.1625), 0.550135 s/step
Meep progress: 12.262500000000001/500.0 = 2.5% done in 574.0s, 22830.5s to go
on time step 981 (time=12.2625), 0.546902 s/step
Meep progress: 12.3625/500.0 = 2.5% done in 578.4s, 22814.8s to go
on time step 989 (time=12.3625), 0.548907 s/step
Meep progress: 12.4625/500.0 = 2.5% done in 582.8s, 22798.8s to go
on time step 997 (time=12.4625), 0.547647 s/step
Meep progress: 12.5625/500.0 = 2.5% done in 587.2s, 22783.0s to go
on time step 1005 (time=12.5625), 0.548513 s/step
Meep progress: 12.662500000000001/500.0 = 2.5% done in 591.5s, 22766.6s to go
on time step 1013 (time=12.6625), 0.54822 s/step
Meep progress: 12.762500000000001/500.0 = 2.6% done in 595.9s, 22750.5s to go
on time step 1021 (time=12.7625), 0.545385 s/step
Meep progress: 12.8625/500.0 = 2.6% done in 600.3s, 22734.8s to go
on time step 1029 (time=12.8625), 0.548327 s/step
Meep progress: 12.9625/500.0 = 2.6% done in 604.7s, 22719.3s to go
on time step 1037 (time=12.9625), 0.547059 s/step
Meep progress: 13.0625/500.0 = 2.6% done in 609.1s, 22703.9s to go
on time step 1045 (time=13.0625), 0.545671 s/step
Meep progress: 13.15/500.0 = 2.6% done in 613.4s, 22709.0s to go
on time step 1052 (time=13.15), 0.618348 s/step
Meep progress: 13.25/500.0 = 2.6% done in 617.5s, 22685.3s to go
on time step 1060 (time=13.25), 0.517852 s/step
Meep progress: 13.3625/500.0 = 2.7% done in 622.0s, 22651.6s to go
on time step 1069 (time=13.3625), 0.496063 s/step
Meep progress: 13.475000000000001/500.0 = 2.7% done in 626.4s, 22618.2s to go
on time step 1078 (time=13.475), 0.49567 s/step
Meep progress: 13.5875/500.0 = 2.7% done in 630.9s, 22586.2s to go
on time step 1087 (time=13.5875), 0.497335 s/step
Meep progress: 13.700000000000001/500.0 = 2.7% done in 635.4s, 22553.1s to go
on time step 1096 (time=13.7), 0.493365 s/step
Meep progress: 13.8125/500.0 = 2.8% done in 639.9s, 22523.4s to go
on time step 1105 (time=13.8125), 0.501959 s/step
Meep progress: 13.925/500.0 = 2.8% done in 644.4s, 22493.0s to go
on time step 1114 (time=13.925), 0.498852 s/step
Meep progress: 14.037500000000001/500.0 = 2.8% done in 648.9s, 22462.7s to go
on time step 1123 (time=14.0375), 0.497556 s/step
Meep progress: 14.15/500.0 = 2.8% done in 653.4s, 22433.3s to go
on time step 1132 (time=14.15), 0.499508 s/step
Meep progress: 14.262500000000001/500.0 = 2.9% done in 657.8s, 22403.0s to go
on time step 1141 (time=14.2625), 0.495791 s/step
Meep progress: 14.350000000000001/500.0 = 2.9% done in 662.1s, 22408.5s to go
on time step 1148 (time=14.35), 0.61613 s/step
Meep progress: 14.450000000000001/500.0 = 2.9% done in 666.6s, 22397.6s to go
on time step 1156 (time=14.45), 0.554697 s/step
Meep progress: 14.55/500.0 = 2.9% done in 670.9s, 22385.6s to go
on time step 1164 (time=14.55), 0.549327 s/step
Meep progress: 14.637500000000001/500.0 = 2.9% done in 675.3s, 22392.1s to go
on time step 1171 (time=14.6375), 0.619873 s/step
Meep progress: 14.7375/500.0 = 2.9% done in 679.3s, 22368.3s to go
on time step 1179 (time=14.7375), 0.504279 s/step
Meep progress: 14.850000000000001/500.0 = 3.0% done in 683.8s, 22339.6s to go
on time step 1188 (time=14.85), 0.496355 s/step
Meep progress: 14.9625/500.0 = 3.0% done in 688.3s, 22311.7s to go
on time step 1197 (time=14.9625), 0.498072 s/step
Meep progress: 15.075000000000001/500.0 = 3.0% done in 692.7s, 22283.5s to go
on time step 1206 (time=15.075), 0.495052 s/step
Meep progress: 15.1875/500.0 = 3.0% done in 697.2s, 22254.7s to go
on time step 1215 (time=15.1875), 0.491528 s/step
Meep progress: 15.3/500.0 = 3.1% done in 701.6s, 22226.8s to go
on time step 1224 (time=15.3), 0.494195 s/step
Meep progress: 15.412500000000001/500.0 = 3.1% done in 706.1s, 22200.0s to go
on time step 1233 (time=15.4125), 0.496654 s/step
Meep progress: 15.5/500.0 = 3.1% done in 710.6s, 22211.0s to go
on time step 1240 (time=15.5), 0.643135 s/step
Meep progress: 15.600000000000001/500.0 = 3.1% done in 715.0s, 22201.0s to go
on time step 1248 (time=15.6), 0.5489 s/step
Meep progress: 15.700000000000001/500.0 = 3.1% done in 719.3s, 22189.3s to go
on time step 1256 (time=15.7), 0.544653 s/step
Meep progress: 15.787500000000001/500.0 = 3.2% done in 723.5s, 22190.6s to go
on time step 1263 (time=15.7875), 0.596876 s/step
Meep progress: 15.9/500.0 = 3.2% done in 728.0s, 22164.8s to go
on time step 1272 (time=15.9), 0.49795 s/step
Meep progress: 16.0125/500.0 = 3.2% done in 732.4s, 22137.6s to go
on time step 1281 (time=16.0125), 0.492554 s/step
Meep progress: 16.125/500.0 = 3.2% done in 737.1s, 22119.8s to go
on time step 1290 (time=16.125), 0.523626 s/step
Meep progress: 16.212500000000002/500.0 = 3.2% done in 741.4s, 22124.2s to go
on time step 1297 (time=16.2125), 0.613435 s/step
Meep progress: 16.3125/500.0 = 3.3% done in 745.8s, 22113.2s to go
on time step 1305 (time=16.3125), 0.543343 s/step
Meep progress: 16.4125/500.0 = 3.3% done in 750.1s, 22102.6s to go
on time step 1313 (time=16.4125), 0.545294 s/step
Meep progress: 16.5125/500.0 = 3.3% done in 754.5s, 22091.2s to go
on time step 1321 (time=16.5125), 0.543747 s/step
Meep progress: 16.6125/500.0 = 3.3% done in 758.8s, 22080.3s to go
on time step 1329 (time=16.6125), 0.542693 s/step
Meep progress: 16.712500000000002/500.0 = 3.3% done in 763.2s, 22069.8s to go
on time step 1337 (time=16.7125), 0.544557 s/step
Meep progress: 16.8125/500.0 = 3.4% done in 767.6s, 22060.1s to go
on time step 1345 (time=16.8125), 0.549355 s/step
Meep progress: 16.9125/500.0 = 3.4% done in 772.0s, 22050.4s to go
on time step 1353 (time=16.9125), 0.549692 s/step
Meep progress: 17.0125/500.0 = 3.4% done in 776.3s, 22040.5s to go
on time step 1361 (time=17.0125), 0.54503 s/step
Meep progress: 17.1125/500.0 = 3.4% done in 780.7s, 22029.8s to go
on time step 1369 (time=17.1125), 0.54293 s/step
Meep progress: 17.2/500.0 = 3.4% done in 785.0s, 22034.1s to go
on time step 1376 (time=17.2), 0.614331 s/step
Meep progress: 17.2875/500.0 = 3.5% done in 789.2s, 22036.6s to go
on time step 1383 (time=17.2875), 0.603234 s/step
Meep progress: 17.3875/500.0 = 3.5% done in 793.6s, 22028.0s to go
on time step 1391 (time=17.3875), 0.550735 s/step
Meep progress: 17.475/500.0 = 3.5% done in 797.9s, 22031.4s to go
on time step 1398 (time=17.475), 0.609676 s/step
Meep progress: 17.575/500.0 = 3.5% done in 802.1s, 22017.1s to go
on time step 1406 (time=17.575), 0.526362 s/step
Meep progress: 17.6875/500.0 = 3.5% done in 806.5s, 21993.2s to go
on time step 1415 (time=17.6875), 0.493521 s/step
Meep progress: 17.7875/500.0 = 3.6% done in 810.8s, 21981.6s to go
on time step 1423 (time=17.7875), 0.537879 s/step
Meep progress: 17.875/500.0 = 3.6% done in 815.2s, 21987.7s to go
on time step 1430 (time=17.875), 0.621857 s/step
Meep progress: 17.975/500.0 = 3.6% done in 819.6s, 21978.5s to go
on time step 1438 (time=17.975), 0.549528 s/step
Meep progress: 18.075/500.0 = 3.6% done in 824.1s, 21972.5s to go
on time step 1446 (time=18.075), 0.562515 s/step
Meep progress: 18.175/500.0 = 3.6% done in 828.2s, 21954.9s to go
on time step 1454 (time=18.175), 0.508269 s/step
Meep progress: 18.2875/500.0 = 3.7% done in 832.6s, 21932.0s to go
on time step 1463 (time=18.2875), 0.495466 s/step
Meep progress: 18.3875/500.0 = 3.7% done in 836.6s, 21913.8s to go
on time step 1471 (time=18.3875), 0.502806 s/step
Meep progress: 18.5/500.0 = 3.7% done in 841.1s, 21891.0s to go
on time step 1480 (time=18.5), 0.493855 s/step
Meep progress: 18.6125/500.0 = 3.7% done in 845.6s, 21869.1s to go
on time step 1489 (time=18.6125), 0.495685 s/step
Meep progress: 18.725/500.0 = 3.7% done in 850.0s, 21847.0s to go
on time step 1498 (time=18.725), 0.494352 s/step
Meep progress: 18.837500000000002/500.0 = 3.8% done in 854.4s, 21825.0s to go
on time step 1507 (time=18.8375), 0.494515 s/step
Meep progress: 18.9375/500.0 = 3.8% done in 858.5s, 21807.0s to go
on time step 1515 (time=18.9375), 0.500588 s/step
Meep progress: 19.05/500.0 = 3.8% done in 862.9s, 21786.0s to go
on time step 1524 (time=19.05), 0.496748 s/step
Meep progress: 19.1625/500.0 = 3.8% done in 867.4s, 21765.5s to go
on time step 1533 (time=19.1625), 0.49784 s/step
Meep progress: 19.262500000000003/500.0 = 3.9% done in 871.4s, 21748.2s to go
on time step 1541 (time=19.2625), 0.501651 s/step
Meep progress: 19.375/500.0 = 3.9% done in 875.9s, 21726.8s to go
on time step 1550 (time=19.375), 0.492848 s/step
Meep progress: 19.4875/500.0 = 3.9% done in 880.3s, 21706.8s to go
on time step 1559 (time=19.4875), 0.496381 s/step
Meep progress: 19.6/500.0 = 3.9% done in 884.8s, 21687.3s to go
on time step 1568 (time=19.6), 0.49951 s/step
Meep progress: 19.712500000000002/500.0 = 3.9% done in 889.2s, 21666.2s to go
on time step 1577 (time=19.7125), 0.492418 s/step
Meep progress: 19.825000000000003/500.0 = 4.0% done in 893.7s, 21646.3s to go
on time step 1586 (time=19.825), 0.495569 s/step
Meep progress: 19.925/500.0 = 4.0% done in 897.7s, 21629.7s to go
on time step 1594 (time=19.925), 0.500706 s/step
Meep progress: 20.0375/500.0 = 4.0% done in 902.2s, 21610.1s to go
on time step 1603 (time=20.0375), 0.49569 s/step
Meep progress: 20.137500000000003/500.0 = 4.0% done in 906.2s, 21594.2s to go
on time step 1611 (time=20.1375), 0.503055 s/step
Meep progress: 20.2375/500.0 = 4.0% done in 910.7s, 21590.3s to go
on time step 1619 (time=20.2375), 0.566171 s/step
Meep progress: 20.337500000000002/500.0 = 4.1% done in 915.1s, 21583.6s to go
on time step 1627 (time=20.3375), 0.551318 s/step
Meep progress: 20.4375/500.0 = 4.1% done in 919.6s, 21577.1s to go
on time step 1635 (time=20.4375), 0.549957 s/step
Meep progress: 20.5375/500.0 = 4.1% done in 923.9s, 21569.5s to go
on time step 1643 (time=20.5375), 0.545713 s/step
Meep progress: 20.625/500.0 = 4.1% done in 928.2s, 21573.5s to go
on time step 1650 (time=20.625), 0.610726 s/step
Meep progress: 20.7375/500.0 = 4.1% done in 932.7s, 21555.3s to go
on time step 1659 (time=20.7375), 0.500703 s/step
Meep progress: 20.85/500.0 = 4.2% done in 937.1s, 21535.6s to go
on time step 1668 (time=20.85), 0.491015 s/step
Meep progress: 20.962500000000002/500.0 = 4.2% done in 941.6s, 21517.2s to go
on time step 1677 (time=20.9625), 0.496275 s/step
Meep progress: 21.075000000000003/500.0 = 4.2% done in 946.1s, 21499.4s to go
on time step 1686 (time=21.075), 0.498764 s/step
Meep progress: 21.1875/500.0 = 4.2% done in 950.5s, 21480.2s to go
on time step 1695 (time=21.1875), 0.492922 s/step
Meep progress: 21.3/500.0 = 4.3% done in 955.0s, 21461.8s to go
on time step 1704 (time=21.3), 0.493471 s/step
Meep progress: 21.4125/500.0 = 4.3% done in 959.4s, 21443.6s to go
on time step 1713 (time=21.4125), 0.49591 s/step
Meep progress: 21.525000000000002/500.0 = 4.3% done in 963.9s, 21425.9s to go
on time step 1722 (time=21.525), 0.495479 s/step
Meep progress: 21.6125/500.0 = 4.3% done in 967.9s, 21423.8s to go
on time step 1729 (time=21.6125), 0.572624 s/step
Meep progress: 21.700000000000003/500.0 = 4.3% done in 972.0s, 21425.0s to go
on time step 1736 (time=21.7), 0.592854 s/step
Meep progress: 21.8/500.0 = 4.4% done in 976.5s, 21421.2s to go
on time step 1744 (time=21.8), 0.566461 s/step
Meep progress: 21.887500000000003/500.0 = 4.4% done in 980.6s, 21420.8s to go
on time step 1751 (time=21.8875), 0.580393 s/step
Meep progress: 22.0/500.0 = 4.4% done in 985.1s, 21402.8s to go
on time step 1760 (time=22), 0.492826 s/step
Meep progress: 22.075000000000003/500.0 = 4.4% done in 989.3s, 21418.2s to go
on time step 1766 (time=22.075), 0.706192 s/step
Meep progress: 22.175/500.0 = 4.4% done in 993.5s, 21407.1s to go
on time step 1774 (time=22.175), 0.519772 s/step
Meep progress: 22.2875/500.0 = 4.5% done in 997.9s, 21389.3s to go
on time step 1783 (time=22.2875), 0.493841 s/step
Meep progress: 22.400000000000002/500.0 = 4.5% done in 1002.4s, 21372.1s to go
on time step 1792 (time=22.4), 0.497508 s/step
Meep progress: 22.512500000000003/500.0 = 4.5% done in 1006.9s, 21355.7s to go
on time step 1801 (time=22.5125), 0.500845 s/step
Meep progress: 22.6/500.0 = 4.5% done in 1011.3s, 21362.9s to go
on time step 1808 (time=22.6), 0.631255 s/step
Meep progress: 22.700000000000003/500.0 = 4.5% done in 1015.7s, 21356.9s to go
on time step 1816 (time=22.7), 0.551935 s/step
Meep progress: 22.8/500.0 = 4.6% done in 1020.1s, 21350.9s to go
on time step 1824 (time=22.8), 0.549866 s/step
Meep progress: 22.900000000000002/500.0 = 4.6% done in 1024.5s, 21344.3s to go
on time step 1832 (time=22.9), 0.545876 s/step
Meep progress: 23.0/500.0 = 4.6% done in 1028.9s, 21338.6s to go
on time step 1840 (time=23), 0.55174 s/step
Meep progress: 23.1/500.0 = 4.6% done in 1033.4s, 21334.3s to go
on time step 1848 (time=23.1), 0.559274 s/step
Meep progress: 23.200000000000003/500.0 = 4.6% done in 1037.8s, 21328.0s to go
on time step 1856 (time=23.2), 0.548479 s/step
Meep progress: 23.3/500.0 = 4.7% done in 1042.2s, 21322.1s to go
on time step 1864 (time=23.3), 0.550895 s/step
Meep progress: 23.400000000000002/500.0 = 4.7% done in 1046.5s, 21315.6s to go
on time step 1872 (time=23.4), 0.547313 s/step
Meep progress: 23.4875/500.0 = 4.7% done in 1050.8s, 21318.6s to go
on time step 1879 (time=23.4875), 0.606658 s/step
Meep progress: 23.587500000000002/500.0 = 4.7% done in 1055.0s, 21308.6s to go
on time step 1887 (time=23.5875), 0.525668 s/step
Meep progress: 23.6875/500.0 = 4.7% done in 1059.0s, 21295.3s to go
on time step 1895 (time=23.6875), 0.503629 s/step
Meep progress: 23.8/500.0 = 4.8% done in 1063.5s, 21278.9s to go
on time step 1904 (time=23.8), 0.495224 s/step
Meep progress: 23.9125/500.0 = 4.8% done in 1067.9s, 21262.4s to go
on time step 1913 (time=23.9125), 0.495953 s/step
Meep progress: 24.025000000000002/500.0 = 4.8% done in 1072.4s, 21246.4s to go
on time step 1922 (time=24.025), 0.494986 s/step
Meep progress: 24.137500000000003/500.0 = 4.8% done in 1077.0s, 21232.8s to go
on time step 1931 (time=24.1375), 0.509623 s/step
Meep progress: 24.2375/500.0 = 4.8% done in 1081.1s, 21220.7s to go
on time step 1939 (time=24.2375), 0.5091 s/step
Meep progress: 24.325000000000003/500.0 = 4.9% done in 1085.6s, 21229.7s to go
on time step 1946 (time=24.325), 0.651598 s/step
Meep progress: 24.425/500.0 = 4.9% done in 1090.0s, 21224.1s to go
on time step 1954 (time=24.425), 0.550623 s/step
Meep progress: 24.525000000000002/500.0 = 4.9% done in 1094.4s, 21218.0s to go
on time step 1962 (time=24.525), 0.547593 s/step
Meep progress: 24.6/500.0 = 4.9% done in 1098.5s, 21229.0s to go
on time step 1968 (time=24.6), 0.684889 s/step
Meep progress: 24.6875/500.0 = 4.9% done in 1102.6s, 21229.3s to go
on time step 1975 (time=24.6875), 0.586288 s/step
Meep progress: 24.775000000000002/500.0 = 5.0% done in 1106.9s, 21231.5s to go
on time step 1982 (time=24.775), 0.604814 s/step
Meep progress: 24.8625/500.0 = 5.0% done in 1111.3s, 21238.0s to go
on time step 1989 (time=24.8625), 0.637708 s/step
Meep progress: 24.950000000000003/500.0 = 5.0% done in 1115.3s, 21236.3s to go
on time step 1996 (time=24.95), 0.572993 s/step
Meep progress: 25.05/500.0 = 5.0% done in 1119.7s, 21229.6s to go
on time step 2004 (time=25.05), 0.544149 s/step
Meep progress: 25.137500000000003/500.0 = 5.0% done in 1123.9s, 21230.2s to go
on time step 2011 (time=25.1375), 0.593034 s/step
Meep progress: 25.2375/500.0 = 5.0% done in 1128.1s, 21221.6s to go
on time step 2019 (time=25.2375), 0.533093 s/step
Meep progress: 25.3125/500.0 = 5.1% done in 1132.1s, 21230.7s to go
on time step 2025 (time=25.3125), 0.667163 s/step
Meep progress: 25.4125/500.0 = 5.1% done in 1136.6s, 21226.3s to go
on time step 2033 (time=25.4125), 0.558997 s/step
Meep progress: 25.512500000000003/500.0 = 5.1% done in 1140.9s, 21219.1s to go
on time step 2041 (time=25.5125), 0.54343 s/step
Meep progress: 25.6/500.0 = 5.1% done in 1145.0s, 21218.6s to go
on time step 2048 (time=25.6), 0.583866 s/step
Meep progress: 25.700000000000003/500.0 = 5.1% done in 1149.4s, 21212.7s to go
on time step 2056 (time=25.7), 0.548633 s/step
Meep progress: 25.7875/500.0 = 5.2% done in 1153.5s, 21211.9s to go
on time step 2063 (time=25.7875), 0.582821 s/step
Meep progress: 25.875/500.0 = 5.2% done in 1157.6s, 21211.5s to go
on time step 2070 (time=25.875), 0.585643 s/step
Meep progress: 25.975/500.0 = 5.2% done in 1162.0s, 21205.4s to go
on time step 2078 (time=25.975), 0.548012 s/step
Meep progress: 26.075000000000003/500.0 = 5.2% done in 1166.4s, 21199.4s to go
on time step 2086 (time=26.075), 0.551109 s/step
Meep progress: 26.175/500.0 = 5.2% done in 1171.0s, 21197.8s to go
on time step 2094 (time=26.175), 0.578762 s/step
Meep progress: 26.275000000000002/500.0 = 5.3% done in 1175.4s, 21192.2s to go
on time step 2102 (time=26.275), 0.550211 s/step
Meep progress: 26.387500000000003/500.0 = 5.3% done in 1179.9s, 21177.3s to go
on time step 2111 (time=26.3875), 0.496919 s/step
Meep progress: 26.5/500.0 = 5.3% done in 1184.4s, 21162.2s to go
on time step 2120 (time=26.5), 0.496604 s/step
Meep progress: 26.6125/500.0 = 5.3% done in 1188.8s, 21146.7s to go
on time step 2129 (time=26.6125), 0.493393 s/step
Meep progress: 26.725/500.0 = 5.3% done in 1193.3s, 21131.5s to go
on time step 2138 (time=26.725), 0.493955 s/step
Meep progress: 26.837500000000002/500.0 = 5.4% done in 1197.7s, 21116.4s to go
on time step 2147 (time=26.8375), 0.495251 s/step
Meep progress: 26.9375/500.0 = 5.4% done in 1201.9s, 21106.8s to go
on time step 2155 (time=26.9375), 0.520761 s/step
Meep progress: 27.025000000000002/500.0 = 5.4% done in 1206.0s, 21106.2s to go
on time step 2162 (time=27.025), 0.585671 s/step
Meep progress: 27.137500000000003/500.0 = 5.4% done in 1210.5s, 21091.8s to go
on time step 2171 (time=27.1375), 0.498158 s/step
Meep progress: 27.25/500.0 = 5.4% done in 1214.9s, 21077.0s to go
on time step 2180 (time=27.25), 0.493938 s/step
Meep progress: 27.3625/500.0 = 5.5% done in 1219.4s, 21063.1s to go
on time step 2189 (time=27.3625), 0.50013 s/step
Meep progress: 27.475/500.0 = 5.5% done in 1223.8s, 21048.0s to go
on time step 2198 (time=27.475), 0.49152 s/step
Meep progress: 27.587500000000002/500.0 = 5.5% done in 1228.3s, 21033.5s to go
on time step 2207 (time=27.5875), 0.496061 s/step
Meep progress: 27.700000000000003/500.0 = 5.5% done in 1232.8s, 21019.2s to go
on time step 2216 (time=27.7), 0.495099 s/step
Meep progress: 27.8125/500.0 = 5.6% done in 1237.2s, 21004.1s to go
on time step 2225 (time=27.8125), 0.490273 s/step
Meep progress: 27.925/500.0 = 5.6% done in 1241.6s, 20989.9s to go
on time step 2234 (time=27.925), 0.495433 s/step
Meep progress: 28.0375/500.0 = 5.6% done in 1246.1s, 20976.2s to go
on time step 2243 (time=28.0375), 0.498946 s/step
Meep progress: 28.150000000000002/500.0 = 5.6% done in 1250.5s, 20961.5s to go
on time step 2252 (time=28.15), 0.491533 s/step
Meep progress: 28.262500000000003/500.0 = 5.7% done in 1255.0s, 20947.2s to go
on time step 2261 (time=28.2625), 0.49281 s/step
Meep progress: 28.375/500.0 = 5.7% done in 1259.4s, 20933.4s to go
on time step 2270 (time=28.375), 0.49655 s/step
Meep progress: 28.4875/500.0 = 5.7% done in 1263.9s, 20918.9s to go
on time step 2279 (time=28.4875), 0.490676 s/step
Meep progress: 28.6/500.0 = 5.7% done in 1268.3s, 20905.3s to go
on time step 2288 (time=28.6), 0.496874 s/step
Meep progress: 28.712500000000002/500.0 = 5.7% done in 1272.8s, 20891.8s to go
on time step 2297 (time=28.7125), 0.497272 s/step
Meep progress: 28.8/500.0 = 5.8% done in 1276.9s, 20891.4s to go
on time step 2304 (time=28.8), 0.583109 s/step
Meep progress: 28.887500000000003/500.0 = 5.8% done in 1281.0s, 20891.9s to go
on time step 2311 (time=28.8875), 0.593802 s/step
Meep progress: 29.0/500.0 = 5.8% done in 1285.5s, 20878.6s to go
on time step 2320 (time=29), 0.497664 s/step
Meep progress: 29.1125/500.0 = 5.8% done in 1290.0s, 20864.7s to go
on time step 2329 (time=29.1125), 0.491993 s/step
Meep progress: 29.225/500.0 = 5.8% done in 1294.4s, 20851.2s to go
on time step 2338 (time=29.225), 0.494795 s/step
Meep progress: 29.337500000000002/500.0 = 5.9% done in 1298.8s, 20837.2s to go
on time step 2347 (time=29.3375), 0.491339 s/step
Meep progress: 29.450000000000003/500.0 = 5.9% done in 1303.3s, 20823.5s to go
on time step 2356 (time=29.45), 0.492406 s/step
Meep progress: 29.55/500.0 = 5.9% done in 1307.7s, 20819.4s to go
on time step 2364 (time=29.55), 0.558522 s/step
Meep progress: 29.637500000000003/500.0 = 5.9% done in 1312.1s, 20823.9s to go
on time step 2371 (time=29.6375), 0.626614 s/step
Meep progress: 29.725/500.0 = 5.9% done in 1316.7s, 20830.8s to go
on time step 2378 (time=29.725), 0.650479 s/step
Meep progress: 29.825000000000003/500.0 = 6.0% done in 1321.1s, 20826.8s to go
on time step 2386 (time=29.825), 0.556871 s/step
Meep progress: 29.925/500.0 = 6.0% done in 1325.5s, 20821.8s to go
on time step 2394 (time=29.925), 0.549413 s/step
Meep progress: 30.025000000000002/500.0 = 6.0% done in 1329.9s, 20817.3s to go
on time step 2402 (time=30.025), 0.552367 s/step
Meep progress: 30.125/500.0 = 6.0% done in 1334.3s, 20812.2s to go
on time step 2410 (time=30.125), 0.549563 s/step
Meep progress: 30.225/500.0 = 6.0% done in 1338.7s, 20807.2s to go
on time step 2418 (time=30.225), 0.548147 s/step
Meep progress: 30.325000000000003/500.0 = 6.1% done in 1343.1s, 20802.1s to go
on time step 2426 (time=30.325), 0.550443 s/step
Meep progress: 30.425/500.0 = 6.1% done in 1347.5s, 20797.7s to go
on time step 2434 (time=30.425), 0.5504 s/step
Meep progress: 30.525000000000002/500.0 = 6.1% done in 1352.2s, 20797.5s to go
on time step 2442 (time=30.525), 0.589866 s/step
Meep progress: 30.625/500.0 = 6.1% done in 1356.6s, 20792.2s to go
on time step 2450 (time=30.625), 0.545092 s/step
Meep progress: 30.725/500.0 = 6.1% done in 1360.6s, 20781.2s to go
on time step 2459 (time=30.7375), 0.49975 s/step
Meep progress: 30.825000000000003/500.0 = 6.2% done in 1364.6s, 20770.3s to go
on time step 2468 (time=30.85), 0.498885 s/step
Meep progress: 30.925/500.0 = 6.2% done in 1368.6s, 20759.7s to go
on time step 2476 (time=30.95), 0.503484 s/step
Meep progress: 31.025000000000002/500.0 = 6.2% done in 1372.6s, 20748.9s to go
on time step 2485 (time=31.0625), 0.499675 s/step
Meep progress: 31.125/500.0 = 6.2% done in 1376.6s, 20738.1s to go
on time step 2494 (time=31.175), 0.498577 s/step
Meep progress: 31.2375/500.0 = 6.2% done in 1381.1s, 20725.7s to go
on time step 2502 (time=31.275), 0.509195 s/step
Meep progress: 31.325000000000003/500.0 = 6.3% done in 1385.4s, 20728.5s to go
on time step 2509 (time=31.3625), 0.632744 s/step
Meep progress: 31.425/500.0 = 6.3% done in 1389.7s, 20721.1s to go
on time step 2517 (time=31.4625), 0.500639 s/step
Meep progress: 31.525000000000002/500.0 = 6.3% done in 1393.7s, 20710.4s to go
on time step 2525 (time=31.5625), 0.525854 s/step
Meep progress: 31.625/500.0 = 6.3% done in 1398.1s, 20705.9s to go
on time step 2533 (time=31.6625), 0.525645 s/step
Meep progress: 31.725/500.0 = 6.3% done in 1402.1s, 20695.5s to go
on time step 2541 (time=31.7625), 0.501462 s/step
Meep progress: 31.825000000000003/500.0 = 6.4% done in 1406.2s, 20686.3s to go
on time step 2549 (time=31.8625), 0.511999 s/step
Meep progress: 31.925/500.0 = 6.4% done in 1410.2s, 20675.9s to go
on time step 2558 (time=31.975), 0.497071 s/step
Meep progress: 32.0375/500.0 = 6.4% done in 1414.7s, 20664.3s to go
on time step 2566 (time=32.075), 0.504185 s/step
Meep progress: 32.1375/500.0 = 6.4% done in 1418.7s, 20653.9s to go
on time step 2575 (time=32.1875), 0.498523 s/step
Meep progress: 32.237500000000004/500.0 = 6.4% done in 1422.7s, 20643.6s to go
on time step 2583 (time=32.2875), 0.500309 s/step
Meep progress: 32.3375/500.0 = 6.5% done in 1426.7s, 20633.2s to go
on time step 2592 (time=32.4), 0.498158 s/step
Meep progress: 32.4375/500.0 = 6.5% done in 1430.7s, 20623.0s to go
on time step 2601 (time=32.5125), 0.499669 s/step
Meep progress: 32.550000000000004/500.0 = 6.5% done in 1435.2s, 20611.4s to go
on time step 2608 (time=32.6), 0.609004 s/step
Meep progress: 32.6375/500.0 = 6.5% done in 1439.7s, 20616.3s to go
on time step 2616 (time=32.7), 0.528076 s/step
Meep progress: 32.737500000000004/500.0 = 6.5% done in 1443.7s, 20606.5s to go
on time step 2625 (time=32.8125), 0.497184 s/step
Meep progress: 32.8375/500.0 = 6.6% done in 1447.7s, 20596.3s to go
on time step 2634 (time=32.925), 0.498572 s/step
Meep progress: 32.95/500.0 = 6.6% done in 1452.2s, 20584.8s to go
on time step 2642 (time=33.025), 0.504032 s/step
Meep progress: 33.050000000000004/500.0 = 6.6% done in 1456.3s, 20574.9s to go
on time step 2651 (time=33.1375), 0.497863 s/step
Meep progress: 33.1625/500.0 = 6.6% done in 1460.7s, 20563.2s to go
on time step 2660 (time=33.25), 0.498517 s/step
Meep progress: 33.2625/500.0 = 6.7% done in 1464.7s, 20553.1s to go
on time step 2668 (time=33.35), 0.504936 s/step
Meep progress: 33.362500000000004/500.0 = 6.7% done in 1468.8s, 20543.6s to go
on time step 2676 (time=33.45), 0.500876 s/step
Meep progress: 33.4625/500.0 = 6.7% done in 1472.8s, 20534.0s to go
on time step 2684 (time=33.55), 0.505039 s/step
Meep progress: 33.5625/500.0 = 6.7% done in 1476.8s, 20524.4s to go
on time step 2692 (time=33.65), 0.500115 s/step
Meep progress: 33.6625/500.0 = 6.7% done in 1480.9s, 20514.7s to go
on time step 2700 (time=33.75), 0.500877 s/step
Meep progress: 33.7625/500.0 = 6.8% done in 1484.9s, 20505.1s to go
on time step 2709 (time=33.8625), 0.498886 s/step
Meep progress: 33.875/500.0 = 6.8% done in 1489.4s, 20493.8s to go
on time step 2717 (time=33.9625), 0.501055 s/step
Meep progress: 33.975/500.0 = 6.8% done in 1493.4s, 20484.2s to go
on time step 2725 (time=34.0625), 0.511964 s/step
Meep progress: 34.075/500.0 = 6.8% done in 1497.5s, 20475.8s to go
on time step 2734 (time=34.175), 0.498654 s/step
Meep progress: 34.1875/500.0 = 6.8% done in 1502.0s, 20464.8s to go
on time step 2742 (time=34.275), 0.504226 s/step
Meep progress: 34.2875/500.0 = 6.9% done in 1506.0s, 20455.4s to go
Meep progress: 34.3875/500.0 = 6.9% done in 1510.0s, 20445.9s to go
on time step 2751 (time=34.3875), 0.503674 s/step
Meep progress: 34.487500000000004/500.0 = 6.9% done in 1514.0s, 20436.5s to go
on time step 2760 (time=34.5), 0.498247 s/step
Meep progress: 34.5875/500.0 = 6.9% done in 1518.7s, 20435.7s to go
on time step 2767 (time=34.5875), 0.594427 s/step
Meep progress: 34.675000000000004/500.0 = 6.9% done in 1522.7s, 20434.5s to go
on time step 2774 (time=34.675), 0.575919 s/step
Meep progress: 34.775/500.0 = 7.0% done in 1527.2s, 20430.4s to go
on time step 2782 (time=34.775), 0.551989 s/step
Meep progress: 34.875/500.0 = 7.0% done in 1531.5s, 20426.1s to go
on time step 2790 (time=34.875), 0.551172 s/step
Meep progress: 34.975/500.0 = 7.0% done in 1535.9s, 20421.8s to go
on time step 2798 (time=34.975), 0.548008 s/step
Meep progress: 35.075/500.0 = 7.0% done in 1540.3s, 20417.4s to go
on time step 2806 (time=35.075), 0.549501 s/step
Meep progress: 35.1625/500.0 = 7.0% done in 1544.7s, 20420.8s to go
on time step 2813 (time=35.1625), 0.628587 s/step
Meep progress: 35.25/500.0 = 7.0% done in 1549.0s, 20423.1s to go
on time step 2820 (time=35.25), 0.614145 s/step
Meep progress: 35.35/500.0 = 7.1% done in 1553.4s, 20418.7s to go
on time step 2828 (time=35.35), 0.54982 s/step
Meep progress: 35.45/500.0 = 7.1% done in 1557.8s, 20414.5s to go
on time step 2836 (time=35.45), 0.550137 s/step
Meep progress: 35.550000000000004/500.0 = 7.1% done in 1562.2s, 20409.6s to go
on time step 2844 (time=35.55), 0.545736 s/step
Meep progress: 35.65/500.0 = 7.1% done in 1566.6s, 20404.8s to go
on time step 2852 (time=35.65), 0.544026 s/step
Meep progress: 35.75/500.0 = 7.2% done in 1570.9s, 20400.1s to go
on time step 2860 (time=35.75), 0.546118 s/step
Meep progress: 35.85/500.0 = 7.2% done in 1575.3s, 20394.9s to go
on time step 2868 (time=35.85), 0.542164 s/step
Meep progress: 35.95/500.0 = 7.2% done in 1579.6s, 20390.4s to go
on time step 2876 (time=35.95), 0.547382 s/step
Meep progress: 36.050000000000004/500.0 = 7.2% done in 1584.0s, 20385.4s to go
on time step 2884 (time=36.05), 0.542856 s/step
Meep progress: 36.15/500.0 = 7.2% done in 1588.4s, 20381.4s to go
on time step 2892 (time=36.15), 0.555827 s/step
Meep progress: 36.25/500.0 = 7.2% done in 1592.8s, 20376.8s to go
on time step 2900 (time=36.25), 0.547102 s/step
Meep progress: 36.35/500.0 = 7.3% done in 1597.2s, 20372.2s to go
on time step 2908 (time=36.35), 0.546986 s/step
Meep progress: 36.45/500.0 = 7.3% done in 1601.6s, 20367.7s to go
on time step 2916 (time=36.45), 0.546324 s/step
Meep progress: 36.5375/500.0 = 7.3% done in 1605.9s, 20369.6s to go
on time step 2923 (time=36.5375), 0.614445 s/step
Meep progress: 36.6375/500.0 = 7.3% done in 1609.9s, 20361.1s to go
on time step 2931 (time=36.6375), 0.50789 s/step
Meep progress: 36.737500000000004/500.0 = 7.3% done in 1614.0s, 20352.4s to go
on time step 2939 (time=36.7375), 0.507538 s/step
Meep progress: 36.825/500.0 = 7.4% done in 1618.1s, 20351.9s to go
on time step 2946 (time=36.825), 0.586237 s/step
Meep progress: 36.9125/500.0 = 7.4% done in 1622.1s, 20350.7s to go
on time step 2953 (time=36.9125), 0.578638 s/step
Meep progress: 37.0125/500.0 = 7.4% done in 1626.5s, 20345.9s to go
on time step 2961 (time=37.0125), 0.547204 s/step
Meep progress: 37.1/500.0 = 7.4% done in 1630.7s, 20346.8s to go
on time step 2968 (time=37.1), 0.601692 s/step
Meep progress: 37.2/500.0 = 7.4% done in 1634.8s, 20338.3s to go
on time step 2976 (time=37.2), 0.508367 s/step
Meep progress: 37.300000000000004/500.0 = 7.5% done in 1638.8s, 20329.4s to go
on time step 2984 (time=37.3), 0.506206 s/step
Meep progress: 37.4/500.0 = 7.5% done in 1642.9s, 20320.4s to go
on time step 2992 (time=37.4), 0.500666 s/step
Meep progress: 37.5/500.0 = 7.5% done in 1646.9s, 20311.9s to go
on time step 3000 (time=37.5), 0.508437 s/step
Meep progress: 37.612500000000004/500.0 = 7.5% done in 1651.4s, 20301.5s to go
on time step 3009 (time=37.6125), 0.497881 s/step
Meep progress: 37.7125/500.0 = 7.5% done in 1655.4s, 20292.7s to go
on time step 3017 (time=37.7125), 0.504309 s/step
Meep progress: 37.8125/500.0 = 7.6% done in 1659.5s, 20283.7s to go
on time step 3025 (time=37.8125), 0.502368 s/step
Meep progress: 37.9125/500.0 = 7.6% done in 1663.5s, 20275.1s to go
on time step 3033 (time=37.9125), 0.503756 s/step
Meep progress: 38.0125/500.0 = 7.6% done in 1667.5s, 20266.6s to go
on time step 3041 (time=38.0125), 0.50699 s/step
Meep progress: 38.125/500.0 = 7.6% done in 1672.0s, 20255.9s to go
on time step 3050 (time=38.125), 0.497106 s/step
Meep progress: 38.225/500.0 = 7.6% done in 1676.0s, 20247.4s to go
on time step 3058 (time=38.225), 0.503672 s/step
Meep progress: 38.325/500.0 = 7.7% done in 1680.7s, 20246.2s to go
on time step 3066 (time=38.325), 0.581771 s/step
Meep progress: 38.4125/500.0 = 7.7% done in 1684.8s, 20245.0s to go
on time step 3073 (time=38.4125), 0.578314 s/step
Meep progress: 38.5125/500.0 = 7.7% done in 1688.8s, 20236.4s to go
on time step 3081 (time=38.5125), 0.504644 s/step
Meep progress: 38.612500000000004/500.0 = 7.7% done in 1692.8s, 20227.5s to go
on time step 3089 (time=38.6125), 0.500165 s/step
Meep progress: 38.7/500.0 = 7.7% done in 1696.9s, 20226.5s to go
on time step 3096 (time=38.7), 0.584627 s/step
Meep progress: 38.800000000000004/500.0 = 7.8% done in 1701.4s, 20223.6s to go
on time step 3104 (time=38.8), 0.561623 s/step
Meep progress: 38.900000000000006/500.0 = 7.8% done in 1705.7s, 20218.7s to go
on time step 3112 (time=38.9), 0.544712 s/step
Meep progress: 39.0/500.0 = 7.8% done in 1710.1s, 20214.4s to go
on time step 3120 (time=39), 0.547186 s/step
Meep progress: 39.1/500.0 = 7.8% done in 1714.5s, 20209.6s to go
on time step 3128 (time=39.1), 0.543409 s/step
Meep progress: 39.2/500.0 = 7.8% done in 1718.8s, 20204.6s to go
on time step 3136 (time=39.2), 0.544238 s/step
Meep progress: 39.300000000000004/500.0 = 7.9% done in 1723.2s, 20200.2s to go
on time step 3144 (time=39.3), 0.545141 s/step
Meep progress: 39.400000000000006/500.0 = 7.9% done in 1727.5s, 20195.3s to go
on time step 3152 (time=39.4), 0.542452 s/step
Meep progress: 39.5/500.0 = 7.9% done in 1731.9s, 20191.2s to go
on time step 3160 (time=39.5), 0.55078 s/step
Meep progress: 39.6/500.0 = 7.9% done in 1736.3s, 20186.8s to go
on time step 3168 (time=39.6), 0.547638 s/step
Meep progress: 39.7/500.0 = 7.9% done in 1740.6s, 20181.6s to go
on time step 3176 (time=39.7), 0.541754 s/step
Meep progress: 39.800000000000004/500.0 = 8.0% done in 1745.0s, 20177.2s to go
on time step 3184 (time=39.8), 0.54712 s/step
Meep progress: 39.900000000000006/500.0 = 8.0% done in 1749.4s, 20172.5s to go
on time step 3192 (time=39.9), 0.543382 s/step
Meep progress: 39.987500000000004/500.0 = 8.0% done in 1753.5s, 20172.5s to go
on time step 3199 (time=39.9875), 0.598183 s/step
Meep progress: 40.087500000000006/500.0 = 8.0% done in 1758.0s, 20168.5s to go
on time step 3207 (time=40.0875), 0.549656 s/step
Meep progress: 40.1875/500.0 = 8.0% done in 1762.0s, 20159.9s to go
on time step 3215 (time=40.1875), 0.501254 s/step
Meep progress: 40.2875/500.0 = 8.1% done in 1766.0s, 20151.4s to go
on time step 3223 (time=40.2875), 0.50387 s/step
Meep progress: 40.3875/500.0 = 8.1% done in 1770.0s, 20143.0s to go
on time step 3231 (time=40.3875), 0.504518 s/step
Meep progress: 40.475/500.0 = 8.1% done in 1774.6s, 20147.2s to go
on time step 3238 (time=40.475), 0.648584 s/step
Meep progress: 40.575/500.0 = 8.1% done in 1779.0s, 20142.9s to go
on time step 3246 (time=40.575), 0.548107 s/step
Meep progress: 40.675000000000004/500.0 = 8.1% done in 1783.3s, 20138.0s to go
on time step 3254 (time=40.675), 0.543435 s/step
Meep progress: 40.7625/500.0 = 8.2% done in 1787.6s, 20139.3s to go
on time step 3261 (time=40.7625), 0.615758 s/step
Meep progress: 40.85/500.0 = 8.2% done in 1791.7s, 20138.2s to go
on time step 3268 (time=40.85), 0.581985 s/step
Meep progress: 40.95/500.0 = 8.2% done in 1795.9s, 20131.8s to go
on time step 3276 (time=40.95), 0.523862 s/step
Meep progress: 41.050000000000004/500.0 = 8.2% done in 1799.9s, 20123.9s to go
on time step 3284 (time=41.05), 0.508548 s/step
Meep progress: 41.1375/500.0 = 8.2% done in 1804.2s, 20124.9s to go
on time step 3291 (time=41.1375), 0.610038 s/step
Meep progress: 41.237500000000004/500.0 = 8.2% done in 1808.6s, 20120.8s to go
on time step 3299 (time=41.2375), 0.553315 s/step
Meep progress: 41.337500000000006/500.0 = 8.3% done in 1813.0s, 20116.4s to go
on time step 3307 (time=41.3375), 0.545582 s/step
Meep progress: 41.4375/500.0 = 8.3% done in 1817.4s, 20111.9s to go
on time step 3315 (time=41.4375), 0.548143 s/step
Meep progress: 41.5375/500.0 = 8.3% done in 1821.7s, 20107.0s to go
on time step 3323 (time=41.5375), 0.543985 s/step
Meep progress: 41.625/500.0 = 8.3% done in 1825.9s, 20106.9s to go
on time step 3330 (time=41.625), 0.594165 s/step
Meep progress: 41.725/500.0 = 8.3% done in 1830.3s, 20102.3s to go
on time step 3338 (time=41.725), 0.545621 s/step
Meep progress: 41.800000000000004/500.0 = 8.4% done in 1834.3s, 20107.4s to go
on time step 3344 (time=41.8), 0.675591 s/step
Meep progress: 41.900000000000006/500.0 = 8.4% done in 1838.4s, 20099.8s to go
on time step 3352 (time=41.9), 0.512402 s/step
Meep progress: 41.987500000000004/500.0 = 8.4% done in 1842.9s, 20102.5s to go
on time step 3359 (time=41.9875), 0.632911 s/step
Meep progress: 42.087500000000006/500.0 = 8.4% done in 1847.3s, 20098.2s to go
on time step 3367 (time=42.0875), 0.550806 s/step
Meep progress: 42.1875/500.0 = 8.4% done in 1851.7s, 20093.9s to go
on time step 3375 (time=42.1875), 0.548818 s/step
Meep progress: 42.2875/500.0 = 8.5% done in 1856.0s, 20089.4s to go
on time step 3383 (time=42.2875), 0.548109 s/step
Meep progress: 42.3875/500.0 = 8.5% done in 1860.4s, 20084.9s to go
on time step 3391 (time=42.3875), 0.545954 s/step
Meep progress: 42.487500000000004/500.0 = 8.5% done in 1864.8s, 20080.0s to go
on time step 3399 (time=42.4875), 0.543957 s/step
Meep progress: 42.587500000000006/500.0 = 8.5% done in 1869.1s, 20075.5s to go
on time step 3407 (time=42.5875), 0.548475 s/step
Meep progress: 42.6875/500.0 = 8.5% done in 1873.6s, 20071.7s to go
on time step 3415 (time=42.6875), 0.553545 s/step
Meep progress: 42.7875/500.0 = 8.6% done in 1877.9s, 20066.3s to go
on time step 3423 (time=42.7875), 0.538035 s/step
Meep progress: 42.8875/500.0 = 8.6% done in 1881.9s, 20058.5s to go
on time step 3431 (time=42.8875), 0.508415 s/step
Meep progress: 42.987500000000004/500.0 = 8.6% done in 1886.0s, 20050.6s to go
on time step 3439 (time=42.9875), 0.506004 s/step
Meep progress: 43.1/500.0 = 8.6% done in 1890.5s, 20040.8s to go
on time step 3448 (time=43.1), 0.497753 s/step
Meep progress: 43.2/500.0 = 8.6% done in 1894.5s, 20032.9s to go
on time step 3456 (time=43.2), 0.50605 s/step
Meep progress: 43.300000000000004/500.0 = 8.7% done in 1898.5s, 20024.6s to go
on time step 3464 (time=43.3), 0.501799 s/step
Meep progress: 43.400000000000006/500.0 = 8.7% done in 1902.6s, 20016.6s to go
on time step 3472 (time=43.4), 0.507253 s/step
Meep progress: 43.5/500.0 = 8.7% done in 1906.6s, 20008.4s to go
on time step 3480 (time=43.5), 0.501951 s/step
Meep progress: 43.587500000000006/500.0 = 8.7% done in 1911.1s, 20011.2s to go
on time step 3487 (time=43.5875), 0.637022 s/step
Meep progress: 43.6875/500.0 = 8.7% done in 1915.5s, 20007.0s to go
on time step 3495 (time=43.6875), 0.551964 s/step
Meep progress: 43.7875/500.0 = 8.8% done in 1919.9s, 20002.7s to go
on time step 3503 (time=43.7875), 0.546932 s/step
Meep progress: 43.8875/500.0 = 8.8% done in 1924.2s, 19997.9s to go
on time step 3511 (time=43.8875), 0.543334 s/step
Meep progress: 43.987500000000004/500.0 = 8.8% done in 1928.6s, 19993.3s to go
on time step 3519 (time=43.9875), 0.546537 s/step
Meep progress: 44.087500000000006/500.0 = 8.8% done in 1933.0s, 19988.9s to go
on time step 3527 (time=44.0875), 0.546772 s/step
Meep progress: 44.1875/500.0 = 8.8% done in 1937.3s, 19984.5s to go
on time step 3535 (time=44.1875), 0.547494 s/step
Meep progress: 44.2875/500.0 = 8.9% done in 1941.7s, 19980.0s to go
on time step 3543 (time=44.2875), 0.548414 s/step
Meep progress: 44.3875/500.0 = 8.9% done in 1946.1s, 19975.3s to go
on time step 3551 (time=44.3875), 0.543581 s/step
Meep progress: 44.487500000000004/500.0 = 8.9% done in 1950.4s, 19970.6s to go
on time step 3559 (time=44.4875), 0.545028 s/step
Meep progress: 44.587500000000006/500.0 = 8.9% done in 1954.8s, 19966.4s to go
on time step 3567 (time=44.5875), 0.548678 s/step
Meep progress: 44.6875/500.0 = 8.9% done in 1959.2s, 19961.4s to go
on time step 3575 (time=44.6875), 0.542557 s/step
Meep progress: 44.7875/500.0 = 9.0% done in 1963.6s, 19958.1s to go
on time step 3583 (time=44.7875), 0.558328 s/step
Meep progress: 44.8875/500.0 = 9.0% done in 1967.8s, 19951.3s to go
on time step 3591 (time=44.8875), 0.520284 s/step
Meep progress: 44.962500000000006/500.0 = 9.0% done in 1971.8s, 19955.3s to go
on time step 3598 (time=44.975), 0.650475 s/step
Meep progress: 45.0625/500.0 = 9.0% done in 1976.2s, 19951.2s to go
on time step 3606 (time=45.075), 0.55199 s/step
Meep progress: 45.1625/500.0 = 9.0% done in 1980.6s, 19946.7s to go
on time step 3614 (time=45.175), 0.541977 s/step
Meep progress: 45.2625/500.0 = 9.1% done in 1984.9s, 19941.9s to go
on time step 3622 (time=45.275), 0.54269 s/step
Meep progress: 45.362500000000004/500.0 = 9.1% done in 1989.3s, 19937.2s to go
on time step 3630 (time=45.375), 0.542163 s/step
Meep progress: 45.462500000000006/500.0 = 9.1% done in 1993.6s, 19932.3s to go
on time step 3638 (time=45.475), 0.542065 s/step
Meep progress: 45.5625/500.0 = 9.1% done in 1998.0s, 19927.8s to go
on time step 3646 (time=45.575), 0.546436 s/step
Meep progress: 45.6625/500.0 = 9.1% done in 2002.4s, 19923.6s to go
on time step 3654 (time=45.675), 0.549691 s/step
Meep progress: 45.7625/500.0 = 9.2% done in 2007.1s, 19922.3s to go
on time step 3661 (time=45.7625), 0.594019 s/step
Meep progress: 45.862500000000004/500.0 = 9.2% done in 2011.5s, 19917.9s to go
on time step 3669 (time=45.8625), 0.547237 s/step
Meep progress: 45.962500000000006/500.0 = 9.2% done in 2015.5s, 19910.2s to go
on time step 3677 (time=45.9625), 0.50589 s/step
Meep progress: 46.075/500.0 = 9.2% done in 2020.0s, 19901.0s to go
on time step 3686 (time=46.075), 0.500005 s/step
Meep progress: 46.175000000000004/500.0 = 9.2% done in 2024.1s, 19893.3s to go
on time step 3694 (time=46.175), 0.50566 s/step
Meep progress: 46.2875/500.0 = 9.3% done in 2028.6s, 19884.3s to go
on time step 3703 (time=46.2875), 0.50216 s/step
Meep progress: 46.3875/500.0 = 9.3% done in 2032.6s, 19876.3s to go
on time step 3711 (time=46.3875), 0.501749 s/step
Meep progress: 46.487500000000004/500.0 = 9.3% done in 2036.6s, 19868.7s to go
on time step 3719 (time=46.4875), 0.505626 s/step
Meep progress: 46.587500000000006/500.0 = 9.3% done in 2040.7s, 19860.8s to go
on time step 3727 (time=46.5875), 0.502795 s/step
Meep progress: 46.7/500.0 = 9.3% done in 2045.2s, 19851.7s to go
on time step 3736 (time=46.7), 0.499901 s/step
Meep progress: 46.800000000000004/500.0 = 9.4% done in 2049.2s, 19843.9s to go
on time step 3744 (time=46.8), 0.503255 s/step
Meep progress: 46.9125/500.0 = 9.4% done in 2053.7s, 19834.9s to go
on time step 3753 (time=46.9125), 0.499975 s/step
Meep progress: 47.0125/500.0 = 9.4% done in 2057.7s, 19827.4s to go
on time step 3761 (time=47.0125), 0.507209 s/step
Meep progress: 47.112500000000004/500.0 = 9.4% done in 2061.8s, 19819.6s to go
on time step 3769 (time=47.1125), 0.502341 s/step
Meep progress: 47.212500000000006/500.0 = 9.4% done in 2065.8s, 19812.0s to go
on time step 3777 (time=47.2125), 0.50597 s/step
Meep progress: 47.3125/500.0 = 9.5% done in 2069.8s, 19804.4s to go
on time step 3785 (time=47.3125), 0.503073 s/step
Meep progress: 47.4125/500.0 = 9.5% done in 2073.9s, 19796.7s to go
on time step 3793 (time=47.4125), 0.503661 s/step
Meep progress: 47.5125/500.0 = 9.5% done in 2077.9s, 19789.0s to go
on time step 3801 (time=47.5125), 0.504891 s/step
Meep progress: 47.625/500.0 = 9.5% done in 2082.4s, 19780.0s to go
on time step 3810 (time=47.625), 0.498759 s/step
Meep progress: 47.725/500.0 = 9.5% done in 2086.5s, 19772.8s to go
on time step 3818 (time=47.725), 0.508523 s/step
Meep progress: 47.825/500.0 = 9.6% done in 2090.5s, 19765.0s to go
on time step 3826 (time=47.825), 0.501339 s/step
Meep progress: 47.925000000000004/500.0 = 9.6% done in 2094.5s, 19757.3s to go
on time step 3834 (time=47.925), 0.501067 s/step
Meep progress: 48.025000000000006/500.0 = 9.6% done in 2098.6s, 19750.0s to go
on time step 3842 (time=48.025), 0.507048 s/step
Meep progress: 48.1375/500.0 = 9.6% done in 2103.0s, 19741.0s to go
on time step 3851 (time=48.1375), 0.498695 s/step
Meep progress: 48.25/500.0 = 9.6% done in 2107.5s, 19732.2s to go
on time step 3860 (time=48.25), 0.499437 s/step
Meep progress: 48.35/500.0 = 9.7% done in 2111.6s, 19725.2s to go
on time step 3868 (time=48.35), 0.511222 s/step
Meep progress: 48.462500000000006/500.0 = 9.7% done in 2116.1s, 19716.4s to go
on time step 3877 (time=48.4625), 0.500322 s/step
Meep progress: 48.5625/500.0 = 9.7% done in 2120.2s, 19709.1s to go
on time step 3885 (time=48.5625), 0.505801 s/step
Meep progress: 48.6625/500.0 = 9.7% done in 2124.2s, 19701.5s to go
on time step 3893 (time=48.6625), 0.501915 s/step
Meep progress: 48.7625/500.0 = 9.8% done in 2128.2s, 19694.2s to go
on time step 3901 (time=48.7625), 0.506574 s/step
Meep progress: 48.862500000000004/500.0 = 9.8% done in 2132.2s, 19686.6s to go
on time step 3909 (time=48.8625), 0.502332 s/step
Meep progress: 48.962500000000006/500.0 = 9.8% done in 2136.3s, 19679.2s to go
on time step 3917 (time=48.9625), 0.503199 s/step
Meep progress: 49.050000000000004/500.0 = 9.8% done in 2140.6s, 19679.6s to go
on time step 3924 (time=49.05), 0.609965 s/step
Meep progress: 49.1375/500.0 = 9.8% done in 2144.9s, 19680.7s to go
on time step 3931 (time=49.1375), 0.622911 s/step
Meep progress: 49.237500000000004/500.0 = 9.8% done in 2148.9s, 19673.2s to go
on time step 3939 (time=49.2375), 0.504025 s/step
Meep progress: 49.35/500.0 = 9.9% done in 2153.4s, 19664.7s to go
on time step 3948 (time=49.35), 0.50156 s/step
Meep progress: 49.462500000000006/500.0 = 9.9% done in 2157.9s, 19656.0s to go
on time step 3957 (time=49.4625), 0.498209 s/step
Meep progress: 49.5375/500.0 = 9.9% done in 2162.2s, 19661.3s to go
on time step 3963 (time=49.5375), 0.702719 s/step
Meep progress: 49.6375/500.0 = 9.9% done in 2166.4s, 19655.8s to go
on time step 3971 (time=49.6375), 0.530436 s/step
Meep progress: 49.737500000000004/500.0 = 9.9% done in 2170.4s, 19648.6s to go
on time step 3979 (time=49.7375), 0.504838 s/step
Meep progress: 49.837500000000006/500.0 = 10.0% done in 2174.5s, 19641.5s to go
on time step 3987 (time=49.8375), 0.50771 s/step
Meep progress: 49.9375/500.0 = 10.0% done in 2178.5s, 19634.0s to go
on time step 3995 (time=49.9375), 0.50284 s/step
Meep progress: 50.0375/500.0 = 10.0% done in 2182.6s, 19626.6s to go
on time step 4003 (time=50.0375), 0.503651 s/step
Meep progress: 50.1375/500.0 = 10.0% done in 2186.6s, 19619.5s to go
on time step 4011 (time=50.1375), 0.50653 s/step
Meep progress: 50.237500000000004/500.0 = 10.0% done in 2190.6s, 19612.0s to go
on time step 4019 (time=50.2375), 0.500973 s/step
Meep progress: 50.325/500.0 = 10.1% done in 2194.7s, 19610.4s to go
on time step 4026 (time=50.325), 0.581532 s/step
Meep progress: 50.425000000000004/500.0 = 10.1% done in 2199.2s, 19607.6s to go
on time step 4034 (time=50.425), 0.565538 s/step
Meep progress: 50.525000000000006/500.0 = 10.1% done in 2203.6s, 19603.4s to go
on time step 4042 (time=50.525), 0.549894 s/step
Meep progress: 50.625/500.0 = 10.1% done in 2208.2s, 19601.6s to go
on time step 4050 (time=50.625), 0.580513 s/step
Meep progress: 50.725/500.0 = 10.1% done in 2212.7s, 19598.3s to go
on time step 4058 (time=50.725), 0.559973 s/step
Meep progress: 50.825/500.0 = 10.2% done in 2216.8s, 19591.2s to go
on time step 4066 (time=50.825), 0.50484 s/step
Meep progress: 50.925000000000004/500.0 = 10.2% done in 2220.8s, 19584.0s to go
on time step 4074 (time=50.925), 0.50564 s/step
Meep progress: 51.025000000000006/500.0 = 10.2% done in 2224.8s, 19576.7s to go
on time step 4082 (time=51.025), 0.502685 s/step
Meep progress: 51.112500000000004/500.0 = 10.2% done in 2229.1s, 19576.4s to go
on time step 4089 (time=51.1125), 0.60462 s/step
Meep progress: 51.212500000000006/500.0 = 10.2% done in 2233.5s, 19572.8s to go
on time step 4097 (time=51.2125), 0.553941 s/step
Meep progress: 51.300000000000004/500.0 = 10.3% done in 2237.5s, 19570.9s to go
on time step 4104 (time=51.3), 0.576214 s/step
Meep progress: 51.400000000000006/500.0 = 10.3% done in 2241.9s, 19566.6s to go
on time step 4112 (time=51.4), 0.54708 s/step
Meep progress: 51.5/500.0 = 10.3% done in 2246.3s, 19562.4s to go
on time step 4120 (time=51.5), 0.547567 s/step
Meep progress: 51.6/500.0 = 10.3% done in 2250.7s, 19558.0s to go
on time step 4128 (time=51.6), 0.546776 s/step
Meep progress: 51.7/500.0 = 10.3% done in 2255.1s, 19554.0s to go
on time step 4136 (time=51.7), 0.547422 s/step
Meep progress: 51.800000000000004/500.0 = 10.4% done in 2259.4s, 19549.4s to go
on time step 4144 (time=51.8), 0.542943 s/step
Meep progress: 51.900000000000006/500.0 = 10.4% done in 2263.8s, 19545.2s to go
on time step 4152 (time=51.9), 0.548649 s/step
Meep progress: 52.0/500.0 = 10.4% done in 2268.1s, 19540.8s to go
on time step 4160 (time=52), 0.544865 s/step
Meep progress: 52.1/500.0 = 10.4% done in 2272.5s, 19536.7s to go
on time step 4168 (time=52.1), 0.546411 s/step
Meep progress: 52.2/500.0 = 10.4% done in 2276.9s, 19532.3s to go
on time step 4176 (time=52.2), 0.547282 s/step
Meep progress: 52.300000000000004/500.0 = 10.5% done in 2281.2s, 19527.9s to go
on time step 4184 (time=52.3), 0.544847 s/step
Meep progress: 52.400000000000006/500.0 = 10.5% done in 2285.6s, 19523.6s to go
on time step 4192 (time=52.4), 0.544515 s/step
Meep progress: 52.5/500.0 = 10.5% done in 2290.0s, 19519.3s to go
on time step 4200 (time=52.5), 0.545208 s/step
Meep progress: 52.6/500.0 = 10.5% done in 2294.3s, 19514.9s to go
on time step 4208 (time=52.6), 0.543646 s/step
Meep progress: 52.7/500.0 = 10.5% done in 2298.7s, 19510.8s to go
on time step 4216 (time=52.7), 0.549694 s/step
Meep progress: 52.800000000000004/500.0 = 10.6% done in 2303.1s, 19506.7s to go
on time step 4224 (time=52.8), 0.549162 s/step
Meep progress: 52.900000000000006/500.0 = 10.6% done in 2307.5s, 19502.3s to go
on time step 4232 (time=52.9), 0.545583 s/step
Meep progress: 53.0/500.0 = 10.6% done in 2311.9s, 19498.1s to go
on time step 4240 (time=53), 0.547912 s/step
Meep progress: 53.1/500.0 = 10.6% done in 2316.2s, 19493.6s to go
on time step 4248 (time=53.1), 0.542339 s/step
Meep progress: 53.2/500.0 = 10.6% done in 2320.6s, 19489.4s to go
on time step 4256 (time=53.2), 0.547954 s/step
Meep progress: 53.275000000000006/500.0 = 10.7% done in 2324.7s, 19493.4s to go
on time step 4262 (time=53.275), 0.692465 s/step
Meep progress: 53.362500000000004/500.0 = 10.7% done in 2328.8s, 19491.4s to go
on time step 4269 (time=53.3625), 0.57407 s/step
Meep progress: 53.462500000000006/500.0 = 10.7% done in 2333.1s, 19487.3s to go
on time step 4277 (time=53.4625), 0.547918 s/step
Meep progress: 53.5625/500.0 = 10.7% done in 2337.5s, 19482.9s to go
on time step 4285 (time=53.5625), 0.54489 s/step
Meep progress: 53.6625/500.0 = 10.7% done in 2341.9s, 19478.5s to go
on time step 4293 (time=53.6625), 0.546404 s/step
Meep progress: 53.7625/500.0 = 10.8% done in 2346.2s, 19474.2s to go
on time step 4301 (time=53.7625), 0.545169 s/step
Meep progress: 53.862500000000004/500.0 = 10.8% done in 2350.6s, 19469.7s to go
on time step 4309 (time=53.8625), 0.542822 s/step
Meep progress: 53.962500000000006/500.0 = 10.8% done in 2354.9s, 19465.2s to go
on time step 4317 (time=53.9625), 0.546396 s/step
Meep progress: 54.0625/500.0 = 10.8% done in 2359.3s, 19461.0s to go
on time step 4325 (time=54.0625), 0.547 s/step
Meep progress: 54.1625/500.0 = 10.8% done in 2363.7s, 19456.4s to go
on time step 4333 (time=54.1625), 0.542728 s/step
Meep progress: 54.2625/500.0 = 10.9% done in 2368.0s, 19452.0s to go
on time step 4341 (time=54.2625), 0.545451 s/step
Meep progress: 54.362500000000004/500.0 = 10.9% done in 2372.4s, 19447.7s to go
on time step 4349 (time=54.3625), 0.544385 s/step
Meep progress: 54.462500000000006/500.0 = 10.9% done in 2376.8s, 19443.3s to go
on time step 4357 (time=54.4625), 0.545285 s/step
Meep progress: 54.5625/500.0 = 10.9% done in 2381.1s, 19439.1s to go
on time step 4365 (time=54.5625), 0.548005 s/step
Meep progress: 54.6625/500.0 = 10.9% done in 2385.5s, 19434.6s to go
on time step 4373 (time=54.6625), 0.541864 s/step
Meep progress: 54.7625/500.0 = 11.0% done in 2389.8s, 19430.0s to go
on time step 4381 (time=54.7625), 0.545726 s/step
Meep progress: 54.862500000000004/500.0 = 11.0% done in 2394.2s, 19425.9s to go
on time step 4389 (time=54.8625), 0.545982 s/step
Meep progress: 54.962500000000006/500.0 = 11.0% done in 2398.6s, 19421.4s to go
on time step 4397 (time=54.9625), 0.542749 s/step
Meep progress: 55.0625/500.0 = 11.0% done in 2402.9s, 19417.0s to go
on time step 4405 (time=55.0625), 0.544855 s/step
Meep progress: 55.1625/500.0 = 11.0% done in 2407.3s, 19412.6s to go
on time step 4413 (time=55.1625), 0.545762 s/step
Meep progress: 55.2625/500.0 = 11.1% done in 2411.6s, 19407.8s to go
on time step 4421 (time=55.2625), 0.541785 s/step
Meep progress: 55.362500000000004/500.0 = 11.1% done in 2416.0s, 19403.8s to go
on time step 4429 (time=55.3625), 0.547945 s/step
Meep progress: 55.462500000000006/500.0 = 11.1% done in 2420.4s, 19399.7s to go
on time step 4437 (time=55.4625), 0.549334 s/step
Meep progress: 55.5625/500.0 = 11.1% done in 2424.7s, 19395.0s to go
on time step 4445 (time=55.5625), 0.543704 s/step
Meep progress: 55.6625/500.0 = 11.1% done in 2429.1s, 19390.8s to go
on time step 4453 (time=55.6625), 0.546095 s/step
Meep progress: 55.75/500.0 = 11.2% done in 2433.2s, 19389.6s to go
on time step 4460 (time=55.75), 0.591613 s/step
Meep progress: 55.837500000000006/500.0 = 11.2% done in 2437.9s, 19392.2s to go
on time step 4467 (time=55.8375), 0.661019 s/step
Meep progress: 55.925000000000004/500.0 = 11.2% done in 2442.0s, 19391.2s to go
on time step 4474 (time=55.925), 0.594286 s/step
Meep progress: 56.025000000000006/500.0 = 11.2% done in 2446.4s, 19386.4s to go
on time step 4482 (time=56.025), 0.539837 s/step
Meep progress: 56.112500000000004/500.0 = 11.2% done in 2450.7s, 19387.0s to go
on time step 4489 (time=56.1125), 0.626816 s/step
Meep progress: 56.212500000000006/500.0 = 11.2% done in 2454.8s, 19380.4s to go
on time step 4497 (time=56.2125), 0.509059 s/step
Meep progress: 56.3125/500.0 = 11.3% done in 2458.9s, 19373.5s to go
on time step 4505 (time=56.3125), 0.506905 s/step
Meep progress: 56.400000000000006/500.0 = 11.3% done in 2463.0s, 19372.4s to go
on time step 4512 (time=56.4), 0.593659 s/step
Meep progress: 56.487500000000004/500.0 = 11.3% done in 2467.3s, 19372.4s to go
on time step 4519 (time=56.4875), 0.614735 s/step
Meep progress: 56.575/500.0 = 11.3% done in 2471.9s, 19374.3s to go
on time step 4526 (time=56.575), 0.652102 s/step
Meep progress: 56.675000000000004/500.0 = 11.3% done in 2476.6s, 19372.7s to go
on time step 4534 (time=56.675), 0.592308 s/step
Meep progress: 56.775000000000006/500.0 = 11.4% done in 2481.0s, 19368.4s to go
on time step 4542 (time=56.775), 0.546885 s/step
Meep progress: 56.875/500.0 = 11.4% done in 2485.0s, 19361.3s to go
on time step 4550 (time=56.875), 0.500535 s/step
Meep progress: 56.975/500.0 = 11.4% done in 2489.0s, 19354.2s to go
on time step 4558 (time=56.975), 0.502659 s/step
Meep progress: 57.087500000000006/500.0 = 11.4% done in 2493.5s, 19346.0s to go
on time step 4567 (time=57.0875), 0.497814 s/step
Meep progress: 57.175000000000004/500.0 = 11.4% done in 2497.9s, 19346.7s to go
on time step 4574 (time=57.175), 0.630979 s/step
Meep progress: 57.275000000000006/500.0 = 11.5% done in 2502.4s, 19342.7s to go
on time step 4582 (time=57.275), 0.551543 s/step
Meep progress: 57.375/500.0 = 11.5% done in 2506.7s, 19338.2s to go
on time step 4590 (time=57.375), 0.544734 s/step
Meep progress: 57.475/500.0 = 11.5% done in 2511.1s, 19334.0s to go
on time step 4598 (time=57.475), 0.548316 s/step
Meep progress: 57.575/500.0 = 11.5% done in 2515.5s, 19329.6s to go
on time step 4606 (time=57.575), 0.545377 s/step
Meep progress: 57.675000000000004/500.0 = 11.5% done in 2519.8s, 19325.1s to go
on time step 4614 (time=57.675), 0.544479 s/step
Meep progress: 57.775000000000006/500.0 = 11.6% done in 2524.2s, 19321.0s to go
on time step 4622 (time=57.775), 0.549585 s/step
Meep progress: 57.875/500.0 = 11.6% done in 2528.6s, 19316.8s to go
on time step 4630 (time=57.875), 0.549123 s/step
Meep progress: 57.975/500.0 = 11.6% done in 2533.0s, 19312.4s to go
on time step 4638 (time=57.975), 0.546383 s/step
Meep progress: 58.075/500.0 = 11.6% done in 2537.3s, 19308.1s to go
on time step 4646 (time=58.075), 0.548002 s/step
Meep progress: 58.175000000000004/500.0 = 11.6% done in 2541.7s, 19303.6s to go
on time step 4654 (time=58.175), 0.543465 s/step
Meep progress: 58.2625/500.0 = 11.7% done in 2545.8s, 19302.0s to go
on time step 4661 (time=58.2625), 0.590404 s/step
Meep progress: 58.362500000000004/500.0 = 11.7% done in 2550.2s, 19297.5s to go
on time step 4669 (time=58.3625), 0.542126 s/step
Meep progress: 58.462500000000006/500.0 = 11.7% done in 2554.2s, 19290.7s to go
on time step 4677 (time=58.4625), 0.504386 s/step
Meep progress: 58.550000000000004/500.0 = 11.7% done in 2558.3s, 19288.5s to go
on time step 4684 (time=58.55), 0.577467 s/step
Meep progress: 58.6375/500.0 = 11.7% done in 2562.3s, 19286.2s to go
on time step 4691 (time=58.6375), 0.57644 s/step
Meep progress: 58.737500000000004/500.0 = 11.7% done in 2566.7s, 19281.9s to go
on time step 4699 (time=58.7375), 0.546914 s/step
Meep progress: 58.837500000000006/500.0 = 11.8% done in 2571.0s, 19277.4s to go
on time step 4707 (time=58.8375), 0.544486 s/step
Meep progress: 58.9375/500.0 = 11.8% done in 2575.4s, 19273.0s to go
on time step 4715 (time=58.9375), 0.54423 s/step
Meep progress: 59.0375/500.0 = 11.8% done in 2579.7s, 19268.4s to go
on time step 4723 (time=59.0375), 0.541972 s/step
Meep progress: 59.1375/500.0 = 11.8% done in 2584.0s, 19263.8s to go
on time step 4731 (time=59.1375), 0.54184 s/step
Meep progress: 59.237500000000004/500.0 = 11.8% done in 2588.4s, 19259.4s to go
on time step 4739 (time=59.2375), 0.547302 s/step
Meep progress: 59.337500000000006/500.0 = 11.9% done in 2592.9s, 19256.1s to go
on time step 4747 (time=59.3375), 0.561779 s/step
Meep progress: 59.4375/500.0 = 11.9% done in 2597.0s, 19249.4s to go
on time step 4755 (time=59.4375), 0.507927 s/step
Meep progress: 59.5375/500.0 = 11.9% done in 2601.1s, 19242.9s to go
on time step 4763 (time=59.5375), 0.509812 s/step
Meep progress: 59.6375/500.0 = 11.9% done in 2605.1s, 19236.0s to go
on time step 4771 (time=59.6375), 0.503829 s/step
Meep progress: 59.75/500.0 = 12.0% done in 2609.6s, 19228.0s to go
on time step 4780 (time=59.75), 0.498285 s/step
Meep progress: 59.85/500.0 = 12.0% done in 2613.6s, 19221.0s to go
on time step 4788 (time=59.85), 0.50139 s/step
Meep progress: 59.95/500.0 = 12.0% done in 2617.6s, 19213.9s to go
on time step 4796 (time=59.95), 0.500261 s/step
Meep progress: 60.0625/500.0 = 12.0% done in 2622.1s, 19205.9s to go
on time step 4805 (time=60.0625), 0.499163 s/step
Meep progress: 60.1625/500.0 = 12.0% done in 2626.1s, 19199.0s to go
on time step 4813 (time=60.1625), 0.50238 s/step
Meep progress: 60.275000000000006/500.0 = 12.1% done in 2630.6s, 19191.2s to go
on time step 4822 (time=60.275), 0.501224 s/step
Meep progress: 60.375/500.0 = 12.1% done in 2634.6s, 19184.4s to go
on time step 4830 (time=60.375), 0.502361 s/step
Meep progress: 60.475/500.0 = 12.1% done in 2638.7s, 19177.4s to go
on time step 4838 (time=60.475), 0.501905 s/step
Meep progress: 60.575/500.0 = 12.1% done in 2642.7s, 19170.4s to go
on time step 4847 (time=60.5875), 0.499529 s/step
Meep progress: 60.675000000000004/500.0 = 12.1% done in 2646.7s, 19163.5s to go
on time step 4855 (time=60.6875), 0.500971 s/step
Meep progress: 60.7875/500.0 = 12.2% done in 2651.2s, 19155.7s to go
on time step 4863 (time=60.7875), 0.501053 s/step
Meep progress: 60.8875/500.0 = 12.2% done in 2655.2s, 19149.0s to go
on time step 4871 (time=60.8875), 0.502747 s/step
Meep progress: 60.987500000000004/500.0 = 12.2% done in 2659.3s, 19142.6s to go
on time step 4879 (time=60.9875), 0.510339 s/step
Meep progress: 61.087500000000006/500.0 = 12.2% done in 2663.3s, 19135.8s to go
on time step 4887 (time=61.0875), 0.502879 s/step
Meep progress: 61.1875/500.0 = 12.2% done in 2667.4s, 19129.2s to go
on time step 4895 (time=61.1875), 0.505055 s/step
Meep progress: 61.300000000000004/500.0 = 12.3% done in 2671.9s, 19121.4s to go
on time step 4904 (time=61.3), 0.500757 s/step
Meep progress: 61.4125/500.0 = 12.3% done in 2676.3s, 19113.5s to go
on time step 4913 (time=61.4125), 0.49826 s/step
Meep progress: 61.5125/500.0 = 12.3% done in 2680.4s, 19106.9s to go
on time step 4921 (time=61.5125), 0.50558 s/step
Meep progress: 61.612500000000004/500.0 = 12.3% done in 2684.5s, 19101.0s to go
on time step 4929 (time=61.6125), 0.518716 s/step
Meep progress: 61.712500000000006/500.0 = 12.3% done in 2689.1s, 19098.3s to go
on time step 4937 (time=61.7125), 0.572124 s/step
Meep progress: 61.8125/500.0 = 12.4% done in 2693.6s, 19095.0s to go
on time step 4945 (time=61.8125), 0.563255 s/step
Meep progress: 61.9125/500.0 = 12.4% done in 2698.0s, 19091.1s to go
on time step 4953 (time=61.9125), 0.552581 s/step
Meep progress: 62.0125/500.0 = 12.4% done in 2702.5s, 19087.4s to go
on time step 4961 (time=62.0125), 0.5574 s/step
Meep progress: 62.112500000000004/500.0 = 12.4% done in 2707.2s, 19085.2s to go
on time step 4969 (time=62.1125), 0.58401 s/step
Meep progress: 62.2/500.0 = 12.4% done in 2711.5s, 19085.3s to go
on time step 4976 (time=62.2), 0.621176 s/step
Meep progress: 62.2875/500.0 = 12.5% done in 2715.7s, 19083.7s to go
on time step 4983 (time=62.2875), 0.591436 s/step
Meep progress: 62.3875/500.0 = 12.5% done in 2719.9s, 19078.8s to go
on time step 4991 (time=62.3875), 0.534958 s/step
Meep progress: 62.487500000000004/500.0 = 12.5% done in 2724.0s, 19072.4s to go
on time step 4999 (time=62.4875), 0.508329 s/step
Meep progress: 62.587500000000006/500.0 = 12.5% done in 2728.1s, 19066.1s to go
on time step 5007 (time=62.5875), 0.509534 s/step
Meep progress: 62.7/500.0 = 12.5% done in 2732.6s, 19058.3s to go
on time step 5016 (time=62.7), 0.499628 s/step
Meep progress: 62.8125/500.0 = 12.6% done in 2737.1s, 19050.5s to go
on time step 5025 (time=62.8125), 0.497806 s/step
Meep progress: 62.9125/500.0 = 12.6% done in 2741.1s, 19044.0s to go
on time step 5033 (time=62.9125), 0.505248 s/step
Meep progress: 63.025000000000006/500.0 = 12.6% done in 2745.6s, 19036.1s to go
on time step 5042 (time=63.025), 0.497579 s/step
Meep progress: 63.125/500.0 = 12.6% done in 2749.6s, 19029.7s to go
on time step 5050 (time=63.125), 0.507569 s/step
Meep progress: 63.237500000000004/500.0 = 12.6% done in 2754.1s, 19022.1s to go
on time step 5059 (time=63.2375), 0.500326 s/step
Meep progress: 63.35/500.0 = 12.7% done in 2758.6s, 19014.3s to go
on time step 5068 (time=63.35), 0.497601 s/step
Meep progress: 63.462500000000006/500.0 = 12.7% done in 2763.1s, 19006.5s to go
on time step 5077 (time=63.4625), 0.499115 s/step
Meep progress: 63.5625/500.0 = 12.7% done in 2767.1s, 18999.8s to go
on time step 5085 (time=63.5625), 0.50088 s/step
Meep progress: 63.6625/500.0 = 12.7% done in 2771.1s, 18993.1s to go
on time step 5093 (time=63.6625), 0.501078 s/step
Meep progress: 63.7625/500.0 = 12.8% done in 2775.2s, 18986.5s to go
on time step 5101 (time=63.7625), 0.502506 s/step
Meep progress: 63.875/500.0 = 12.8% done in 2779.6s, 18978.8s to go
on time step 5110 (time=63.875), 0.498004 s/step
Meep progress: 63.962500000000006/500.0 = 12.8% done in 2783.9s, 18977.8s to go
on time step 5117 (time=63.9625), 0.605688 s/step
Meep progress: 64.0625/500.0 = 12.8% done in 2788.4s, 18974.6s to go
on time step 5125 (time=64.0625), 0.563635 s/step
Meep progress: 64.16250000000001/500.0 = 12.8% done in 2792.7s, 18970.2s to go
on time step 5133 (time=64.1625), 0.542475 s/step
Meep progress: 64.2625/500.0 = 12.9% done in 2797.1s, 18966.2s to go
on time step 5141 (time=64.2625), 0.550079 s/step
Meep progress: 64.3625/500.0 = 12.9% done in 2801.5s, 18961.9s to go
on time step 5149 (time=64.3625), 0.546062 s/step
Meep progress: 64.4625/500.0 = 12.9% done in 2805.9s, 18957.6s to go
on time step 5157 (time=64.4625), 0.547118 s/step
Meep progress: 64.5625/500.0 = 12.9% done in 2810.3s, 18953.7s to go
on time step 5165 (time=64.5625), 0.549885 s/step
Meep progress: 64.66250000000001/500.0 = 12.9% done in 2814.6s, 18949.5s to go
on time step 5173 (time=64.6625), 0.546418 s/step
Meep progress: 64.7625/500.0 = 13.0% done in 2819.0s, 18945.2s to go
on time step 5181 (time=64.7625), 0.546739 s/step
Meep progress: 64.85000000000001/500.0 = 13.0% done in 2823.3s, 18944.6s to go
on time step 5188 (time=64.85), 0.611523 s/step
Meep progress: 64.95/500.0 = 13.0% done in 2827.3s, 18938.2s to go
on time step 5196 (time=64.95), 0.504918 s/step
Meep progress: 65.05/500.0 = 13.0% done in 2831.4s, 18931.7s to go
on time step 5204 (time=65.05), 0.506048 s/step
Meep progress: 65.15/500.0 = 13.0% done in 2835.4s, 18925.2s to go
on time step 5212 (time=65.15), 0.503113 s/step
Meep progress: 65.2375/500.0 = 13.0% done in 2839.7s, 18924.9s to go
on time step 5219 (time=65.2375), 0.618254 s/step
Meep progress: 65.3375/500.0 = 13.1% done in 2844.2s, 18921.1s to go
on time step 5227 (time=65.3375), 0.554716 s/step
Meep progress: 65.4375/500.0 = 13.1% done in 2848.5s, 18916.7s to go
on time step 5235 (time=65.4375), 0.543928 s/step
Meep progress: 65.525/500.0 = 13.1% done in 2852.8s, 18916.2s to go
on time step 5242 (time=65.525), 0.614051 s/step
Meep progress: 65.625/500.0 = 13.1% done in 2857.0s, 18910.7s to go
on time step 5250 (time=65.625), 0.522042 s/step
Meep progress: 65.7375/500.0 = 13.1% done in 2861.5s, 18903.2s to go
on time step 5259 (time=65.7375), 0.500364 s/step
Meep progress: 65.8375/500.0 = 13.2% done in 2865.6s, 18896.8s to go
on time step 5267 (time=65.8375), 0.507711 s/step
Meep progress: 65.9375/500.0 = 13.2% done in 2869.6s, 18890.3s to go
on time step 5275 (time=65.9375), 0.502873 s/step
Meep progress: 66.05/500.0 = 13.2% done in 2874.1s, 18882.8s to go
on time step 5284 (time=66.05), 0.499155 s/step
Meep progress: 66.15/500.0 = 13.2% done in 2878.1s, 18876.5s to go
on time step 5292 (time=66.15), 0.50521 s/step
Meep progress: 66.2625/500.0 = 13.3% done in 2882.6s, 18868.9s to go
on time step 5301 (time=66.2625), 0.498407 s/step
Meep progress: 66.3625/500.0 = 13.3% done in 2886.7s, 18862.5s to go
on time step 5309 (time=66.3625), 0.505891 s/step
Meep progress: 66.4625/500.0 = 13.3% done in 2890.7s, 18856.3s to go
on time step 5317 (time=66.4625), 0.508143 s/step
Meep progress: 66.5625/500.0 = 13.3% done in 2894.8s, 18850.2s to go
on time step 5325 (time=66.5625), 0.510285 s/step
Meep progress: 66.66250000000001/500.0 = 13.3% done in 2898.9s, 18844.3s to go
on time step 5333 (time=66.6625), 0.511651 s/step
Meep progress: 66.775/500.0 = 13.4% done in 2903.4s, 18836.8s to go
on time step 5342 (time=66.775), 0.50086 s/step
Meep progress: 66.8625/500.0 = 13.4% done in 2907.7s, 18836.2s to go
on time step 5349 (time=66.8625), 0.616469 s/step
Meep progress: 66.9625/500.0 = 13.4% done in 2912.2s, 18832.8s to go
on time step 5357 (time=66.9625), 0.558585 s/step
Meep progress: 67.0625/500.0 = 13.4% done in 2916.6s, 18828.5s to go
on time step 5365 (time=67.0625), 0.544935 s/step
Meep progress: 67.16250000000001/500.0 = 13.4% done in 2920.9s, 18824.3s to go
on time step 5373 (time=67.1625), 0.547748 s/step
Meep progress: 67.2625/500.0 = 13.5% done in 2925.3s, 18820.1s to go
on time step 5381 (time=67.2625), 0.546526 s/step
Meep progress: 67.3625/500.0 = 13.5% done in 2929.6s, 18815.7s to go
on time step 5389 (time=67.3625), 0.543673 s/step
Meep progress: 67.4625/500.0 = 13.5% done in 2934.0s, 18811.7s to go
on time step 5397 (time=67.4625), 0.547022 s/step
Meep progress: 67.5625/500.0 = 13.5% done in 2938.4s, 18807.3s to go
on time step 5405 (time=67.5625), 0.545354 s/step
Meep progress: 67.66250000000001/500.0 = 13.5% done in 2942.8s, 18803.4s to go
on time step 5413 (time=67.6625), 0.55034 s/step
Meep progress: 67.7625/500.0 = 13.6% done in 2947.2s, 18799.3s to go
on time step 5421 (time=67.7625), 0.548467 s/step
Meep progress: 67.8625/500.0 = 13.6% done in 2951.5s, 18795.0s to go
on time step 5429 (time=67.8625), 0.545209 s/step
Meep progress: 67.9625/500.0 = 13.6% done in 2955.9s, 18790.9s to go
on time step 5437 (time=67.9625), 0.549376 s/step
Meep progress: 68.0625/500.0 = 13.6% done in 2960.3s, 18786.9s to go
on time step 5445 (time=68.0625), 0.550288 s/step
Meep progress: 68.16250000000001/500.0 = 13.6% done in 2964.7s, 18782.7s to go
on time step 5453 (time=68.1625), 0.545029 s/step
Meep progress: 68.2625/500.0 = 13.7% done in 2969.1s, 18778.6s to go
on time step 5461 (time=68.2625), 0.550132 s/step
Meep progress: 68.3625/500.0 = 13.7% done in 2973.5s, 18774.5s to go
on time step 5469 (time=68.3625), 0.549322 s/step
Meep progress: 68.4625/500.0 = 13.7% done in 2977.8s, 18770.0s to go
on time step 5477 (time=68.4625), 0.541284 s/step
Meep progress: 68.55/500.0 = 13.7% done in 2982.1s, 18769.4s to go
on time step 5484 (time=68.55), 0.613641 s/step
Meep progress: 68.625/500.0 = 13.7% done in 2986.3s, 18772.0s to go
on time step 5490 (time=68.625), 0.700615 s/step
Meep progress: 68.7/500.0 = 13.7% done in 2990.4s, 18773.7s to go
on time step 5496 (time=68.7), 0.675343 s/step
Meep progress: 68.8/500.0 = 13.8% done in 2994.8s, 18769.7s to go
on time step 5504 (time=68.8), 0.550607 s/step
Meep progress: 68.9/500.0 = 13.8% done in 2999.2s, 18765.5s to go
on time step 5512 (time=68.9), 0.546838 s/step
Meep progress: 69.0/500.0 = 13.8% done in 3003.5s, 18761.3s to go
on time step 5520 (time=69), 0.547609 s/step
Meep progress: 69.10000000000001/500.0 = 13.8% done in 3007.9s, 18757.1s to go
on time step 5528 (time=69.1), 0.54557 s/step
Meep progress: 69.2/500.0 = 13.8% done in 3012.3s, 18752.7s to go
on time step 5536 (time=69.2), 0.544698 s/step
Meep progress: 69.3/500.0 = 13.9% done in 3016.7s, 18748.5s to go
on time step 5544 (time=69.3), 0.54933 s/step
Meep progress: 69.4/500.0 = 13.9% done in 3021.1s, 18744.5s to go
on time step 5552 (time=69.4), 0.548093 s/step
Meep progress: 69.5/500.0 = 13.9% done in 3025.4s, 18740.0s to go
on time step 5560 (time=69.5), 0.542225 s/step
Meep progress: 69.60000000000001/500.0 = 13.9% done in 3029.8s, 18735.7s to go
on time step 5568 (time=69.6), 0.547078 s/step
Meep progress: 69.7/500.0 = 13.9% done in 3034.2s, 18731.6s to go
on time step 5576 (time=69.7), 0.547048 s/step
Meep progress: 69.8/500.0 = 14.0% done in 3038.5s, 18727.1s to go
on time step 5584 (time=69.8), 0.541883 s/step
Meep progress: 69.9/500.0 = 14.0% done in 3042.8s, 18722.8s to go
on time step 5592 (time=69.9), 0.545645 s/step
Meep progress: 70.0/500.0 = 14.0% done in 3047.2s, 18718.6s to go
on time step 5600 (time=70), 0.543983 s/step
Meep progress: 70.0875/500.0 = 14.0% done in 3051.4s, 18717.1s to go
on time step 5607 (time=70.0875), 0.598398 s/step
Meep progress: 70.1875/500.0 = 14.0% done in 3055.5s, 18710.9s to go
on time step 5615 (time=70.1875), 0.507452 s/step
Meep progress: 70.28750000000001/500.0 = 14.1% done in 3059.5s, 18704.4s to go
on time step 5623 (time=70.2875), 0.500348 s/step
Meep progress: 70.3875/500.0 = 14.1% done in 3063.5s, 18698.0s to go
on time step 5631 (time=70.3875), 0.501912 s/step
Meep progress: 70.4875/500.0 = 14.1% done in 3067.5s, 18691.5s to go
on time step 5639 (time=70.4875), 0.500407 s/step
Meep progress: 70.5875/500.0 = 14.1% done in 3071.5s, 18685.1s to go
on time step 5648 (time=70.6), 0.498594 s/step
Meep progress: 70.7/500.0 = 14.1% done in 3076.0s, 18677.8s to go
on time step 5656 (time=70.7), 0.501089 s/step
Meep progress: 70.8125/500.0 = 14.2% done in 3080.5s, 18670.4s to go
on time step 5665 (time=70.8125), 0.498168 s/step
Meep progress: 70.91250000000001/500.0 = 14.2% done in 3084.5s, 18664.0s to go
on time step 5673 (time=70.9125), 0.50125 s/step
Meep progress: 71.0125/500.0 = 14.2% done in 3088.5s, 18657.6s to go
on time step 5681 (time=71.0125), 0.502502 s/step
Meep progress: 71.125/500.0 = 14.2% done in 3093.0s, 18650.3s to go
on time step 5690 (time=71.125), 0.497871 s/step
Meep progress: 71.22500000000001/500.0 = 14.2% done in 3097.5s, 18647.0s to go
on time step 5698 (time=71.225), 0.56631 s/step
Meep progress: 71.325/500.0 = 14.3% done in 3101.5s, 18640.8s to go
on time step 5706 (time=71.325), 0.504019 s/step
Meep progress: 71.425/500.0 = 14.3% done in 3105.6s, 18634.7s to go
on time step 5714 (time=71.425), 0.507925 s/step
Meep progress: 71.5125/500.0 = 14.3% done in 3110.0s, 18634.2s to go
on time step 5721 (time=71.5125), 0.622117 s/step
Meep progress: 71.6125/500.0 = 14.3% done in 3114.4s, 18630.3s to go
on time step 5729 (time=71.6125), 0.551608 s/step
Meep progress: 71.7125/500.0 = 14.3% done in 3118.8s, 18626.2s to go
on time step 5737 (time=71.7125), 0.549585 s/step
Meep progress: 71.8125/500.0 = 14.4% done in 3123.1s, 18621.9s to go
on time step 5745 (time=71.8125), 0.545668 s/step
Meep progress: 71.91250000000001/500.0 = 14.4% done in 3127.5s, 18617.7s to go
on time step 5753 (time=71.9125), 0.544878 s/step
Meep progress: 72.0125/500.0 = 14.4% done in 3131.9s, 18613.4s to go
on time step 5761 (time=72.0125), 0.547701 s/step
Meep progress: 72.10000000000001/500.0 = 14.4% done in 3136.2s, 18612.6s to go
on time step 5768 (time=72.1), 0.613526 s/step
Meep progress: 72.2/500.0 = 14.4% done in 3140.3s, 18607.0s to go
on time step 5776 (time=72.2), 0.518282 s/step
Meep progress: 72.3/500.0 = 14.5% done in 3144.4s, 18600.9s to go
on time step 5784 (time=72.3), 0.506564 s/step
Meep progress: 72.4/500.0 = 14.5% done in 3148.4s, 18594.8s to go
on time step 5792 (time=72.4), 0.505959 s/step
Meep progress: 72.4875/500.0 = 14.5% done in 3152.6s, 18593.4s to go
on time step 5799 (time=72.4875), 0.602687 s/step
Meep progress: 72.575/500.0 = 14.5% done in 3156.9s, 18592.2s to go
on time step 5806 (time=72.575), 0.607245 s/step
Meep progress: 72.65/500.0 = 14.5% done in 3160.9s, 18593.6s to go
on time step 5812 (time=72.65), 0.673685 s/step
Meep progress: 72.75/500.0 = 14.6% done in 3165.3s, 18589.4s to go
on time step 5820 (time=72.75), 0.547923 s/step
Meep progress: 72.85000000000001/500.0 = 14.6% done in 3169.7s, 18585.0s to go
on time step 5828 (time=72.85), 0.544906 s/step
Meep progress: 72.9375/500.0 = 14.6% done in 3174.0s, 18584.2s to go
on time step 5835 (time=72.9375), 0.614867 s/step
Meep progress: 73.03750000000001/500.0 = 14.6% done in 3178.1s, 18578.3s to go
on time step 5843 (time=73.0375), 0.512661 s/step
Meep progress: 73.15/500.0 = 14.6% done in 3182.6s, 18571.1s to go
on time step 5852 (time=73.15), 0.497877 s/step
Meep progress: 73.22500000000001/500.0 = 14.6% done in 3186.7s, 18573.2s to go
on time step 5858 (time=73.225), 0.698653 s/step
Meep progress: 73.3125/500.0 = 14.7% done in 3191.2s, 18573.4s to go
on time step 5865 (time=73.3125), 0.641052 s/step
Meep progress: 73.4/500.0 = 14.7% done in 3195.6s, 18572.7s to go
on time step 5872 (time=73.4), 0.620484 s/step
Meep progress: 73.5/500.0 = 14.7% done in 3199.7s, 18566.8s to go
on time step 5880 (time=73.5), 0.509572 s/step
Meep progress: 73.60000000000001/500.0 = 14.7% done in 3203.7s, 18560.4s to go
on time step 5888 (time=73.6), 0.501434 s/step
Meep progress: 73.7/500.0 = 14.7% done in 3207.7s, 18554.3s to go
on time step 5896 (time=73.7), 0.505385 s/step
Meep progress: 73.8/500.0 = 14.8% done in 3211.8s, 18548.1s to go
on time step 5904 (time=73.8), 0.504538 s/step
Meep progress: 73.9/500.0 = 14.8% done in 3215.8s, 18541.7s to go
on time step 5912 (time=73.9), 0.500441 s/step
Meep progress: 74.0/500.0 = 14.8% done in 3219.8s, 18535.6s to go
on time step 5920 (time=74), 0.504286 s/step
Meep progress: 74.10000000000001/500.0 = 14.8% done in 3223.9s, 18529.6s to go
on time step 5928 (time=74.1), 0.509688 s/step
Meep progress: 74.1875/500.0 = 14.8% done in 3228.2s, 18528.9s to go
on time step 5935 (time=74.1875), 0.621829 s/step
Meep progress: 74.28750000000001/500.0 = 14.9% done in 3232.7s, 18525.1s to go
on time step 5943 (time=74.2875), 0.553172 s/step
Meep progress: 74.3875/500.0 = 14.9% done in 3237.0s, 18520.5s to go
on time step 5951 (time=74.3875), 0.541228 s/step
Meep progress: 74.4875/500.0 = 14.9% done in 3241.3s, 18516.0s to go
on time step 5959 (time=74.4875), 0.541544 s/step
Meep progress: 74.5875/500.0 = 14.9% done in 3245.6s, 18511.5s to go
on time step 5967 (time=74.5875), 0.538912 s/step
Meep progress: 74.6875/500.0 = 14.9% done in 3249.9s, 18506.9s to go
on time step 5975 (time=74.6875), 0.538823 s/step
Meep progress: 74.78750000000001/500.0 = 15.0% done in 3254.2s, 18502.3s to go
on time step 5983 (time=74.7875), 0.538272 s/step
Meep progress: 74.8875/500.0 = 15.0% done in 3258.6s, 18498.0s to go
on time step 5991 (time=74.8875), 0.545144 s/step
Meep progress: 74.9875/500.0 = 15.0% done in 3262.9s, 18493.5s to go
on time step 5999 (time=74.9875), 0.540445 s/step
Meep progress: 75.0875/500.0 = 15.0% done in 3267.3s, 18489.1s to go
on time step 6007 (time=75.0875), 0.542714 s/step
Meep progress: 75.1875/500.0 = 15.0% done in 3271.6s, 18484.5s to go
on time step 6015 (time=75.1875), 0.537716 s/step
Abort is in progress...hit ctrl-c again within 5 seconds to forcibly terminate

