--------------------------------------------------------------------------
[[13501,1],0]: A high-performance Open MPI point-to-point messaging module
was unable to find any relevant network interfaces:

Module: OpenFabrics (openib)
  Host: euca-128-84-11-54

Another transport will be used instead, although this may result in
lower performance.
--------------------------------------------------------------------------
Using MPI version 3.0, 12 processes
command-line param: no-struct=false
command-line param: no-holes=false
command-line param: time=5
-----------
Initializing structure...
Working in 3D dimensions.
Computational cell is 4 x 4 x 5 with resolution 40
     block, center = (0,0,0)
          size (1e+20,1e+20,0.15)
          axes (1,0,0), (0,1,0), (0,0,1)
          dielectric constant epsilon diagonal = (12,12,12)
     cylinder, center = (0.942,0.25,0)
          radius 0.26, height 0.15, axis (0, 0, 1)
          dielectric constant epsilon diagonal = (1,1,1)
     cylinder, center = (0.073,0.259,0)
          radius 0.144, height 0.15, axis (0, 0, 1)
          dielectric constant epsilon diagonal = (1,1,1)
     cylinder, center = (3.909,3.747,0)
          radius 0.194, height 0.15, axis (0, 0, 1)
          dielectric constant epsilon diagonal = (1,1,1)
     cylinder, center = (1.13,3.685,0)
          radius 0.25, height 0.15, axis (0, 0, 1)
          dielectric constant epsilon diagonal = (1,1,1)
     cylinder, center = (1.533,2.332,0)
          radius 0.241, height 0.15, axis (0, 0, 1)
          dielectric constant epsilon diagonal = (1,1,1)
     cylinder, center = (3.734,1.164,0)
          radius 0.19, height 0.15, axis (0, 0, 1)
          dielectric constant epsilon diagonal = (1,1,1)
     cylinder, center = (0.287,2.548,0)
          radius 0.145, height 0.15, axis (0, 0, 1)
          dielectric constant epsilon diagonal = (1,1,1)
     cylinder, center = (2.764,3.691,0)
          radius 0.298, height 0.15, axis (0, 0, 1)
          dielectric constant epsilon diagonal = (1,1,1)
     cylinder, center = (2.493,1.289,0)
          radius 0.292, height 0.15, axis (0, 0, 1)
          dielectric constant epsilon diagonal = (1,1,1)
     cylinder, center = (0.827,1.934,0)
          radius 0.205, height 0.15, axis (0, 0, 1)
          dielectric constant epsilon diagonal = (1,1,1)
     cylinder, center = (0.666,1.518,0)
          radius 0.217, height 0.15, axis (0, 0, 1)
          dielectric constant epsilon diagonal = (1,1,1)
     cylinder, center = (2.371,3.221,0)
          radius 0.177, height 0.15, axis (0, 0, 1)
          dielectric constant epsilon diagonal = (1,1,1)
     cylinder, center = (0.213,3.951,0)
          radius 0.11, height 0.15, axis (0, 0, 1)
          dielectric constant epsilon diagonal = (1,1,1)
     cylinder, center = (0.641,2.303,0)
          radius 0.155, height 0.15, axis (0, 0, 1)
          dielectric constant epsilon diagonal = (1,1,1)
     cylinder, center = (1.928,0.331,0)
          radius 0.178, height 0.15, axis (0, 0, 1)
          dielectric constant epsilon diagonal = (1,1,1)
     cylinder, center = (2.218,2.394,0)
          radius 0.281, height 0.15, axis (0, 0, 1)
          dielectric constant epsilon diagonal = (1,1,1)
     cylinder, center = (1.944,1,0)
          radius 0.221, height 0.15, axis (0, 0, 1)
          dielectric constant epsilon diagonal = (1,1,1)
     cylinder, center = (3.409,3.271,0)
          radius 0.223, height 0.15, axis (0, 0, 1)
          dielectric constant epsilon diagonal = (1,1,1)
     cylinder, center = (0.957,1.11,0)
          radius 0.266, height 0.15, axis (0, 0, 1)
          dielectric constant epsilon diagonal = (1,1,1)
     cylinder, center = (3.356,0.939,0)
          radius 0.235, height 0.15, axis (0, 0, 1)
          dielectric constant epsilon diagonal = (1,1,1)
     cylinder, center = (3.187,2.634,0)
          radius 0.19, height 0.15, axis (0, 0, 1)
          dielectric constant epsilon diagonal = (1,1,1)
     cylinder, center = (3.044,1.196,0)
          radius 0.158, height 0.15, axis (0, 0, 1)
          dielectric constant epsilon diagonal = (1,1,1)
     cylinder, center = (2.272,1.846,0)
          radius 0.262, height 0.15, axis (0, 0, 1)
          dielectric constant epsilon diagonal = (1,1,1)
     cylinder, center = (1.798,1.611,0)
          radius 0.209, height 0.15, axis (0, 0, 1)
          dielectric constant epsilon diagonal = (1,1,1)
     cylinder, center = (3.99,3.186,0)
          radius 0.147, height 0.15, axis (0, 0, 1)
          dielectric constant epsilon diagonal = (1,1,1)
     cylinder, center = (3.713,0.483,0)
          radius 0.226, height 0.15, axis (0, 0, 1)
          dielectric constant epsilon diagonal = (1,1,1)
     cylinder, center = (0.493,0.051,0)
          radius 0.181, height 0.15, axis (0, 0, 1)
          dielectric constant epsilon diagonal = (1,1,1)
     cylinder, center = (1.718,3.881,0)
          radius 0.166, height 0.15, axis (0, 0, 1)
          dielectric constant epsilon diagonal = (1,1,1)
     cylinder, center = (3.589,1.605,0)
          radius 0.209, height 0.15, axis (0, 0, 1)
          dielectric constant epsilon diagonal = (1,1,1)
     cylinder, center = (0.302,1.859,0)
          radius 0.086, height 0.15, axis (0, 0, 1)
          dielectric constant epsilon diagonal = (1,1,1)
     cylinder, center = (1.969,3.224,0)
          radius 0.175, height 0.15, axis (0, 0, 1)
          dielectric constant epsilon diagonal = (1,1,1)
     cylinder, center = (0.412,3.226,0)
          radius 0.166, height 0.15, axis (0, 0, 1)
          dielectric constant epsilon diagonal = (1,1,1)
     cylinder, center = (1.189,2.707,0)
          radius 0.122, height 0.15, axis (0, 0, 1)
          dielectric constant epsilon diagonal = (1,1,1)
     cylinder, center = (2.806,0.571,0)
          radius 0.138, height 0.15, axis (0, 0, 1)
          dielectric constant epsilon diagonal = (1,1,1)
     cylinder, center = (3.85,2.192,0)
          radius 0.195, height 0.15, axis (0, 0, 1)
          dielectric constant epsilon diagonal = (1,1,1)
     cylinder, center = (2.656,1.701,0)
          radius 0.132, height 0.15, axis (0, 0, 1)
          dielectric constant epsilon diagonal = (1,1,1)
     cylinder, center = (3.816,2.563,0)
          radius 0.144, height 0.15, axis (0, 0, 1)
          dielectric constant epsilon diagonal = (1,1,1)
     cylinder, center = (3.454,3.797,0)
          radius 0.134, height 0.15, axis (0, 0, 1)
          dielectric constant epsilon diagonal = (1,1,1)
     cylinder, center = (0.75,3.214,0)
          radius 0.16, height 0.15, axis (0, 0, 1)
          dielectric constant epsilon diagonal = (1,1,1)
subpixel-averaging is 80.5621% done, 0.974116 s remaining
subpixel-averaging is 54.1072% done, 3.4164 s remaining
subpixel-averaging is 81.1064% done, 0.933111 s remaining
subpixel-averaging is 53.7262% done, 3.47659 s remaining
subpixel-averaging is 68.0422% done, 1.89985 s remaining
subpixel-averaging is 50.2968% done, 3.98493 s remaining
time for set_epsilon = 38.6324 s
time for set_conductivity = 0.341726 s
time for set_conductivity = 0.334489 s
time for set_conductivity = 0.333808 s
-----------
Meep progress: 0.0125/5.0 = 0.2% done in 61.2s, 24431.5s to go
on time step 1 (time=0.0125), 61.2368 s/step
Meep progress: 0.21250000000000002/5.0 = 4.2% done in 65.3s, 1471.4s to go
on time step 17 (time=0.2125), 0.254735 s/step
Meep progress: 0.42500000000000004/5.0 = 8.5% done in 69.5s, 748.3s to go
on time step 34 (time=0.425), 0.248589 s/step
Meep progress: 0.6125/5.0 = 12.2% done in 73.7s, 528.2s to go
on time step 49 (time=0.6125), 0.279468 s/step
Meep progress: 0.8125/5.0 = 16.2% done in 77.8s, 400.8s to go
on time step 65 (time=0.8125), 0.252606 s/step
Meep progress: 1.0/5.0 = 20.0% done in 82.0s, 328.0s to go
on time step 80 (time=1), 0.282767 s/step
Meep progress: 1.2000000000000002/5.0 = 24.0% done in 86.0s, 272.4s to go
on time step 96 (time=1.2), 0.251196 s/step
Meep progress: 1.4125/5.0 = 28.2% done in 90.2s, 229.1s to go
on time step 113 (time=1.4125), 0.245748 s/step
Meep progress: 1.625/5.0 = 32.5% done in 94.4s, 196.0s to go
on time step 130 (time=1.625), 0.24567 s/step
Meep progress: 1.8375000000000001/5.0 = 36.8% done in 98.6s, 169.7s to go
on time step 147 (time=1.8375), 0.246489 s/step
Meep progress: 2.0500000000000003/5.0 = 41.0% done in 102.8s, 147.9s to go
on time step 164 (time=2.05), 0.246911 s/step
Meep progress: 2.2625/5.0 = 45.2% done in 106.9s, 129.3s to go
on time step 181 (time=2.2625), 0.243837 s/step
Meep progress: 2.4625000000000004/5.0 = 49.3% done in 111.1s, 114.4s to go
on time step 197 (time=2.4625), 0.259217 s/step
Meep progress: 2.6500000000000004/5.0 = 53.0% done in 115.1s, 102.1s to go
on time step 212 (time=2.65), 0.269117 s/step
Meep progress: 2.8375000000000004/5.0 = 56.8% done in 119.3s, 90.9s to go
on time step 227 (time=2.8375), 0.278957 s/step
Meep progress: 3.0500000000000003/5.0 = 61.0% done in 123.5s, 78.9s to go
on time step 244 (time=3.05), 0.246174 s/step
Meep progress: 3.2625/5.0 = 65.2% done in 127.6s, 68.0s to go
on time step 261 (time=3.2625), 0.244734 s/step
Meep progress: 3.475/5.0 = 69.5% done in 131.8s, 57.8s to go
on time step 278 (time=3.475), 0.244828 s/step
Meep progress: 3.6750000000000003/5.0 = 73.5% done in 135.8s, 49.0s to go
on time step 294 (time=3.675), 0.250548 s/step
Meep progress: 3.85/5.0 = 77.0% done in 139.9s, 41.8s to go
on time step 308 (time=3.85), 0.290365 s/step
Meep progress: 4.05/5.0 = 81.0% done in 144.0s, 33.8s to go
on time step 324 (time=4.05), 0.26065 s/step
Meep progress: 4.2625/5.0 = 85.2% done in 148.2s, 25.6s to go
on time step 341 (time=4.2625), 0.244752 s/step
Meep progress: 4.45/5.0 = 89.0% done in 152.4s, 18.8s to go
on time step 356 (time=4.45), 0.279542 s/step
Meep progress: 4.65/5.0 = 93.0% done in 156.4s, 11.8s to go
on time step 372 (time=4.65), 0.251574 s/step
Meep progress: 4.8125/5.0 = 96.2% done in 160.4s, 6.3s to go
on time step 385 (time=4.8125), 0.307828 s/step
Meep progress: 5.0/5.0 = 100.0% done in 164.5s, 0.0s to go
run 0 finished at t = 5.0 (400 timesteps)
flux1:, 0.5, 2.915635951138894e-4, -0.0021379588297070367
flux1:, 0.7857142857142857, 8.706787864117767e-4, -0.00415688354894318
flux1:, 1.0714285714285714, 0.007228180439584396, -0.009622625028296795
flux1:, 1.3571428571428572, 0.028758015157624092, -0.018578078449946384
flux1:, 1.6428571428571428, 0.03502492475959662, -0.02415225968628997
flux1:, 1.9285714285714284, 0.01245803381333924, -0.016511477429832215
flux1:, 2.214285714285714, 0.0013580173687091758, -0.005964808679291911
flux1:, 2.4999999999999996, 3.893729721143821e-4, -0.0018430172509528557

Elapsed run time = 212.762 s
