command-line param: no-struct=false
command-line param: no-holes=true
command-line param: time=150
-----------
Initializing structure...
Working in 3D dimensions.
Computational cell is 4 x 4 x 5 with resolution 40
     block, center = (0,0,0)
          size (1e+20,1e+20,0.15)
          axes (1,0,0), (0,1,0), (0,0,1)
          dielectric constant epsilon diagonal = (12,12,12)
subpixel-averaging is 41.0587% done, 5.74774 s remaining
subpixel-averaging is 80.1886% done, 0.991307 s remaining
subpixel-averaging is 36.1905% done, 7.09108 s remaining
subpixel-averaging is 78.6271% done, 1.09408 s remaining
subpixel-averaging is 13.9402% done, 24.7964 s remaining
subpixel-averaging is 24.8654% done, 12.1009 s remaining
subpixel-averaging is 37.8979% done, 6.58013 s remaining
subpixel-averaging is 48.7259% done, 4.21685 s remaining
subpixel-averaging is 61.5963% done, 2.49935 s remaining
subpixel-averaging is 75.1475% done, 1.33059 s remaining
subpixel-averaging is 88.796% done, 0.507147 s remaining
subpixel-averaging is 39.2216% done, 6.21317 s remaining
subpixel-averaging is 79.7293% done, 1.0189 s remaining
subpixel-averaging is 42.0691% done, 5.50891 s remaining
subpixel-averaging is 77.7086% done, 1.15311 s remaining
subpixel-averaging is 14.0374% done, 24.5043 s remaining
subpixel-averaging is 28.3991% done, 10.1269 s remaining
subpixel-averaging is 42.5014% done, 5.4429 s remaining
subpixel-averaging is 56.928% done, 3.03547 s remaining
subpixel-averaging is 71.1599% done, 1.62635 s remaining
subpixel-averaging is 85.0029% done, 0.705806 s remaining
subpixel-averaging is 99.4294% done, 0.0230394 s remaining
subpixel-averaging is 40.6913% done, 5.83848 s remaining
subpixel-averaging is 79.5456% done, 1.03051 s remaining
subpixel-averaging is 36.5579% done, 6.95932 s remaining
subpixel-averaging is 79.6375% done, 1.02884 s remaining
subpixel-averaging is 14.0374% done, 24.5397 s remaining
subpixel-averaging is 28.3019% done, 10.1542 s remaining
subpixel-averaging is 38.8381% done, 6.31289 s remaining
subpixel-averaging is 51.6436% done, 3.80497 s remaining
subpixel-averaging is 66.0701% done, 2.06438 s remaining
subpixel-averaging is 79.4592% done, 1.03719 s remaining
subpixel-averaging is 92.4269% done, 0.328486 s remaining
time for set_epsilon = 153.823 s
time for set_conductivity = 2.04227 s
time for set_conductivity = 1.78165 s
time for set_conductivity = 2.0161 s
-----------
