command-line param: no-struct=false
command-line param: no-holes=false
command-line param: time=50
-----------
Initializing structure...
Working in 3D dimensions.
Computational cell is 4 x 4 x 5 with resolution 40
     block, center = (0,0,0)
          size (1e+20,1e+20,0.15)
          axes (1,0,0), (0,1,0), (0,0,1)
          dielectric constant epsilon diagonal = (12,12,12)
     cylinder, center = (0.942,0.25,0)
          radius 0.26, height 0.15, axis (0, 0, 1)
          dielectric constant epsilon diagonal = (1,1,1)
     cylinder, center = (0.073,0.259,0)
          radius 0.144, height 0.15, axis (0, 0, 1)
          dielectric constant epsilon diagonal = (1,1,1)
     cylinder, center = (3.909,3.747,0)
          radius 0.194, height 0.15, axis (0, 0, 1)
          dielectric constant epsilon diagonal = (1,1,1)
     cylinder, center = (1.13,3.685,0)
          radius 0.25, height 0.15, axis (0, 0, 1)
          dielectric constant epsilon diagonal = (1,1,1)
     cylinder, center = (1.533,2.332,0)
          radius 0.241, height 0.15, axis (0, 0, 1)
          dielectric constant epsilon diagonal = (1,1,1)
     cylinder, center = (3.734,1.164,0)
          radius 0.19, height 0.15, axis (0, 0, 1)
          dielectric constant epsilon diagonal = (1,1,1)
     cylinder, center = (0.287,2.548,0)
          radius 0.145, height 0.15, axis (0, 0, 1)
          dielectric constant epsilon diagonal = (1,1,1)
     cylinder, center = (2.764,3.691,0)
          radius 0.298, height 0.15, axis (0, 0, 1)
          dielectric constant epsilon diagonal = (1,1,1)
     cylinder, center = (2.493,1.289,0)
          radius 0.292, height 0.15, axis (0, 0, 1)
          dielectric constant epsilon diagonal = (1,1,1)
     cylinder, center = (0.827,1.934,0)
          radius 0.205, height 0.15, axis (0, 0, 1)
          dielectric constant epsilon diagonal = (1,1,1)
     cylinder, center = (0.666,1.518,0)
          radius 0.217, height 0.15, axis (0, 0, 1)
          dielectric constant epsilon diagonal = (1,1,1)
     cylinder, center = (2.371,3.221,0)
          radius 0.177, height 0.15, axis (0, 0, 1)
          dielectric constant epsilon diagonal = (1,1,1)
     cylinder, center = (0.213,3.951,0)
          radius 0.11, height 0.15, axis (0, 0, 1)
          dielectric constant epsilon diagonal = (1,1,1)
     cylinder, center = (0.641,2.303,0)
          radius 0.155, height 0.15, axis (0, 0, 1)
          dielectric constant epsilon diagonal = (1,1,1)
     cylinder, center = (1.928,0.331,0)
          radius 0.178, height 0.15, axis (0, 0, 1)
          dielectric constant epsilon diagonal = (1,1,1)
     cylinder, center = (2.218,2.394,0)
          radius 0.281, height 0.15, axis (0, 0, 1)
          dielectric constant epsilon diagonal = (1,1,1)
     cylinder, center = (1.944,1,0)
          radius 0.221, height 0.15, axis (0, 0, 1)
          dielectric constant epsilon diagonal = (1,1,1)
     cylinder, center = (3.409,3.271,0)
          radius 0.223, height 0.15, axis (0, 0, 1)
          dielectric constant epsilon diagonal = (1,1,1)
     cylinder, center = (0.957,1.11,0)
          radius 0.266, height 0.15, axis (0, 0, 1)
          dielectric constant epsilon diagonal = (1,1,1)
     cylinder, center = (3.356,0.939,0)
          radius 0.235, height 0.15, axis (0, 0, 1)
          dielectric constant epsilon diagonal = (1,1,1)
     cylinder, center = (3.187,2.634,0)
          radius 0.19, height 0.15, axis (0, 0, 1)
          dielectric constant epsilon diagonal = (1,1,1)
     cylinder, center = (3.044,1.196,0)
          radius 0.158, height 0.15, axis (0, 0, 1)
          dielectric constant epsilon diagonal = (1,1,1)
     cylinder, center = (2.272,1.846,0)
          radius 0.262, height 0.15, axis (0, 0, 1)
          dielectric constant epsilon diagonal = (1,1,1)
     cylinder, center = (1.798,1.611,0)
          radius 0.209, height 0.15, axis (0, 0, 1)
          dielectric constant epsilon diagonal = (1,1,1)
     cylinder, center = (3.99,3.186,0)
          radius 0.147, height 0.15, axis (0, 0, 1)
          dielectric constant epsilon diagonal = (1,1,1)
     cylinder, center = (3.713,0.483,0)
          radius 0.226, height 0.15, axis (0, 0, 1)
          dielectric constant epsilon diagonal = (1,1,1)
     cylinder, center = (0.493,0.051,0)
          radius 0.181, height 0.15, axis (0, 0, 1)
          dielectric constant epsilon diagonal = (1,1,1)
     cylinder, center = (1.718,3.881,0)
          radius 0.166, height 0.15, axis (0, 0, 1)
          dielectric constant epsilon diagonal = (1,1,1)
     cylinder, center = (3.589,1.605,0)
          radius 0.209, height 0.15, axis (0, 0, 1)
          dielectric constant epsilon diagonal = (1,1,1)
     cylinder, center = (0.302,1.859,0)
          radius 0.086, height 0.15, axis (0, 0, 1)
          dielectric constant epsilon diagonal = (1,1,1)
     cylinder, center = (1.969,3.224,0)
          radius 0.175, height 0.15, axis (0, 0, 1)
          dielectric constant epsilon diagonal = (1,1,1)
     cylinder, center = (0.412,3.226,0)
          radius 0.166, height 0.15, axis (0, 0, 1)
          dielectric constant epsilon diagonal = (1,1,1)
     cylinder, center = (1.189,2.707,0)
          radius 0.122, height 0.15, axis (0, 0, 1)
          dielectric constant epsilon diagonal = (1,1,1)
     cylinder, center = (2.806,0.571,0)
          radius 0.138, height 0.15, axis (0, 0, 1)
          dielectric constant epsilon diagonal = (1,1,1)
     cylinder, center = (3.85,2.192,0)
          radius 0.195, height 0.15, axis (0, 0, 1)
          dielectric constant epsilon diagonal = (1,1,1)
     cylinder, center = (2.656,1.701,0)
          radius 0.132, height 0.15, axis (0, 0, 1)
          dielectric constant epsilon diagonal = (1,1,1)
     cylinder, center = (3.816,2.563,0)
          radius 0.144, height 0.15, axis (0, 0, 1)
          dielectric constant epsilon diagonal = (1,1,1)
     cylinder, center = (3.454,3.797,0)
          radius 0.134, height 0.15, axis (0, 0, 1)
          dielectric constant epsilon diagonal = (1,1,1)
     cylinder, center = (0.75,3.214,0)
          radius 0.16, height 0.15, axis (0, 0, 1)
          dielectric constant epsilon diagonal = (1,1,1)
subpixel-averaging is 53.1673% done, 3.52463 s remaining
subpixel-averaging is 53.5239% done, 3.47466 s remaining
subpixel-averaging is 53.4591% done, 3.48336 s remaining
time for set_epsilon = 38.1719 s
time for set_conductivity = 0.433428 s
time for set_conductivity = 0.437603 s
time for set_conductivity = 0.417537 s
-----------
Meep progress: 0.0125/50.0 = 0.0% done in 6.4s, 25513.1s to go
on time step 1 (time=0.0125), 6.37996 s/step
Meep progress: 0.1125/50.0 = 0.2% done in 10.8s, 4808.0s to go
on time step 9 (time=0.1125), 0.557804 s/step
Meep progress: 0.225/50.0 = 0.4% done in 15.1s, 3337.3s to go
on time step 18 (time=0.225), 0.471495 s/step
Meep progress: 0.3375/50.0 = 0.7% done in 19.3s, 2836.8s to go
on time step 27 (time=0.3375), 0.465816 s/step
Meep progress: 0.45/50.0 = 0.9% done in 23.5s, 2586.4s to go
on time step 36 (time=0.45), 0.467875 s/step
Meep progress: 0.5625/50.0 = 1.1% done in 27.7s, 2433.7s to go
on time step 45 (time=0.5625), 0.466817 s/step
Meep progress: 0.675/50.0 = 1.4% done in 31.9s, 2334.2s to go
on time step 54 (time=0.675), 0.472434 s/step
Meep progress: 0.7875000000000001/50.0 = 1.6% done in 36.2s, 2259.6s to go
on time step 63 (time=0.7875), 0.468414 s/step
Meep progress: 0.9/50.0 = 1.8% done in 40.4s, 2203.6s to go
on time step 72 (time=0.9), 0.470384 s/step
Meep progress: 1.0125/50.0 = 2.0% done in 44.6s, 2157.8s to go
on time step 81 (time=1.0125), 0.467483 s/step
Meep progress: 1.125/50.0 = 2.2% done in 48.8s, 2120.6s to go
on time step 90 (time=1.125), 0.468101 s/step
Meep progress: 1.2375/50.0 = 2.5% done in 53.0s, 2090.0s to go
on time step 99 (time=1.2375), 0.469844 s/step
Meep progress: 1.35/50.0 = 2.7% done in 57.2s, 2063.1s to go
on time step 108 (time=1.35), 0.467663 s/step
Meep progress: 1.4625000000000001/50.0 = 2.9% done in 61.5s, 2040.0s to go
on time step 117 (time=1.4625), 0.468847 s/step
Meep progress: 1.5750000000000002/50.0 = 3.2% done in 65.7s, 2019.3s to go
on time step 126 (time=1.575), 0.467504 s/step
Meep progress: 1.6875/50.0 = 3.4% done in 69.9s, 2000.8s to go
on time step 135 (time=1.6875), 0.467784 s/step
Meep progress: 1.8/50.0 = 3.6% done in 74.1s, 1984.3s to go
on time step 144 (time=1.8), 0.468596 s/step
Meep progress: 1.9125/50.0 = 3.8% done in 78.3s, 1969.0s to go
on time step 153 (time=1.9125), 0.467358 s/step
Meep progress: 2.025/50.0 = 4.0% done in 82.5s, 1955.3s to go
on time step 162 (time=2.025), 0.469323 s/step
Meep progress: 2.1375/50.0 = 4.3% done in 86.7s, 1942.4s to go
on time step 171 (time=2.1375), 0.468006 s/step
Meep progress: 2.25/50.0 = 4.5% done in 91.0s, 1930.2s to go
on time step 180 (time=2.25), 0.467258 s/step
Meep progress: 2.3625000000000003/50.0 = 4.7% done in 95.2s, 1919.2s to go
on time step 189 (time=2.3625), 0.469586 s/step
Meep progress: 2.475/50.0 = 5.0% done in 99.4s, 1908.5s to go
on time step 198 (time=2.475), 0.468187 s/step
Meep progress: 2.5875000000000004/50.0 = 5.2% done in 103.6s, 1898.4s to go
on time step 207 (time=2.5875), 0.468298 s/step
Meep progress: 2.7/50.0 = 5.4% done in 107.8s, 1888.7s to go
on time step 216 (time=2.7), 0.46735 s/step
Meep progress: 2.8125/50.0 = 5.6% done in 112.4s, 1885.8s to go
on time step 225 (time=2.8125), 0.509733 s/step
Meep progress: 2.9250000000000003/50.0 = 5.9% done in 116.8s, 1879.3s to go
on time step 234 (time=2.925), 0.485887 s/step
Meep progress: 3.0250000000000004/50.0 = 6.1% done in 121.0s, 1879.1s to go
on time step 242 (time=3.025), 0.529425 s/step
Meep progress: 3.125/50.0 = 6.2% done in 125.1s, 1875.8s to go
on time step 250 (time=3.125), 0.50566 s/step
Meep progress: 3.2375000000000003/50.0 = 6.5% done in 129.4s, 1868.4s to go
on time step 259 (time=3.2375), 0.477528 s/step
Meep progress: 3.35/50.0 = 6.7% done in 133.6s, 1860.8s to go
on time step 268 (time=3.35), 0.475314 s/step
Meep progress: 3.4625000000000004/50.0 = 6.9% done in 137.9s, 1853.4s to go
on time step 277 (time=3.4625), 0.474578 s/step
Meep progress: 3.575/50.0 = 7.2% done in 142.2s, 1846.5s to go
on time step 286 (time=3.575), 0.476481 s/step
Meep progress: 3.6875/50.0 = 7.4% done in 146.5s, 1839.7s to go
on time step 295 (time=3.6875), 0.477221 s/step
Meep progress: 3.8000000000000003/50.0 = 7.6% done in 150.8s, 1832.9s to go
on time step 304 (time=3.8), 0.475222 s/step
Meep progress: 3.9125/50.0 = 7.8% done in 155.0s, 1826.3s to go
on time step 313 (time=3.9125), 0.475854 s/step
Meep progress: 4.025/50.0 = 8.0% done in 159.3s, 1819.9s to go
on time step 322 (time=4.025), 0.475874 s/step
Meep progress: 4.1375/50.0 = 8.3% done in 163.6s, 1813.6s to go
on time step 331 (time=4.1375), 0.475943 s/step
Meep progress: 4.25/50.0 = 8.5% done in 167.9s, 1807.2s to go
on time step 340 (time=4.25), 0.474951 s/step
Meep progress: 4.3625/50.0 = 8.7% done in 172.2s, 1801.1s to go
on time step 349 (time=4.3625), 0.476403 s/step
Meep progress: 4.4750000000000005/50.0 = 9.0% done in 176.5s, 1795.3s to go
on time step 358 (time=4.475), 0.477778 s/step
Meep progress: 4.575/50.0 = 9.2% done in 180.8s, 1795.2s to go
on time step 366 (time=4.575), 0.5418 s/step
Meep progress: 4.6875/50.0 = 9.4% done in 185.0s, 1788.3s to go
on time step 375 (time=4.6875), 0.465449 s/step
Meep progress: 4.8125/50.0 = 9.6% done in 189.4s, 1778.7s to go
on time step 385 (time=4.8125), 0.443966 s/step
Meep progress: 4.9375/50.0 = 9.9% done in 193.9s, 1769.2s to go
on time step 395 (time=4.9375), 0.442039 s/step
Meep progress: 5.0375000000000005/50.0 = 10.1% done in 198.3s, 1770.0s to go
on time step 403 (time=5.0375), 0.556217 s/step
Meep progress: 5.15/50.0 = 10.3% done in 202.6s, 1764.7s to go
on time step 412 (time=5.15), 0.481568 s/step
Meep progress: 5.2625/50.0 = 10.5% done in 206.9s, 1759.2s to go
on time step 421 (time=5.2625), 0.477837 s/step
Meep progress: 5.375/50.0 = 10.8% done in 211.2s, 1753.8s to go
on time step 430 (time=5.375), 0.477541 s/step
Meep progress: 5.487500000000001/50.0 = 11.0% done in 215.5s, 1748.2s to go
on time step 439 (time=5.4875), 0.476184 s/step
Meep progress: 5.6000000000000005/50.0 = 11.2% done in 219.8s, 1742.8s to go
on time step 448 (time=5.6), 0.476465 s/step
Meep progress: 5.7125/50.0 = 11.4% done in 224.1s, 1737.4s to go
on time step 457 (time=5.7125), 0.476672 s/step
Meep progress: 5.825/50.0 = 11.6% done in 228.4s, 1732.0s to go
on time step 466 (time=5.825), 0.476502 s/step
Meep progress: 5.9375/50.0 = 11.9% done in 232.7s, 1726.7s to go
on time step 475 (time=5.9375), 0.476553 s/step
Meep progress: 6.050000000000001/50.0 = 12.1% done in 237.0s, 1721.6s to go
on time step 484 (time=6.05), 0.478196 s/step
Meep progress: 6.1625000000000005/50.0 = 12.3% done in 241.3s, 1716.5s to go
on time step 493 (time=6.1625), 0.479876 s/step
Meep progress: 6.25/50.0 = 12.5% done in 245.4s, 1717.8s to go
on time step 500 (time=6.25), 0.586023 s/step
Meep progress: 6.362500000000001/50.0 = 12.7% done in 249.8s, 1713.3s to go
on time step 509 (time=6.3625), 0.488949 s/step
Meep progress: 6.4750000000000005/50.0 = 13.0% done in 254.2s, 1708.5s to go
on time step 518 (time=6.475), 0.484798 s/step
Meep progress: 6.5875/50.0 = 13.2% done in 258.5s, 1703.7s to go
on time step 527 (time=6.5875), 0.484417 s/step
Meep progress: 6.7/50.0 = 13.4% done in 262.9s, 1699.0s to go
on time step 536 (time=6.7), 0.484416 s/step
Meep progress: 6.8125/50.0 = 13.6% done in 267.3s, 1694.3s to go
on time step 545 (time=6.8125), 0.485823 s/step
Meep progress: 6.925000000000001/50.0 = 13.8% done in 271.6s, 1689.5s to go
on time step 554 (time=6.925), 0.484392 s/step
Meep progress: 7.0375000000000005/50.0 = 14.1% done in 276.0s, 1684.8s to go
on time step 563 (time=7.0375), 0.485341 s/step
Meep progress: 7.15/50.0 = 14.3% done in 280.3s, 1680.1s to go
on time step 572 (time=7.15), 0.484271 s/step
Meep progress: 7.2625/50.0 = 14.5% done in 284.7s, 1675.4s to go
on time step 581 (time=7.2625), 0.485171 s/step
Meep progress: 7.375/50.0 = 14.8% done in 289.1s, 1670.9s to go
on time step 590 (time=7.375), 0.486852 s/step
Meep progress: 7.487500000000001/50.0 = 15.0% done in 293.5s, 1666.3s to go
on time step 599 (time=7.4875), 0.486385 s/step
Meep progress: 7.6000000000000005/50.0 = 15.2% done in 297.9s, 1661.7s to go
on time step 608 (time=7.6), 0.486707 s/step
Meep progress: 7.7125/50.0 = 15.4% done in 302.2s, 1657.2s to go
on time step 617 (time=7.7125), 0.487031 s/step
Meep progress: 7.825/50.0 = 15.6% done in 306.6s, 1652.6s to go
on time step 626 (time=7.825), 0.486552 s/step
Meep progress: 7.9375/50.0 = 15.9% done in 311.0s, 1648.0s to go
on time step 635 (time=7.9375), 0.486089 s/step
Meep progress: 8.05/50.0 = 16.1% done in 315.4s, 1643.4s to go
on time step 644 (time=8.05), 0.485467 s/step
Meep progress: 8.1625/50.0 = 16.3% done in 319.7s, 1638.8s to go
on time step 653 (time=8.1625), 0.485119 s/step
Meep progress: 8.275/50.0 = 16.6% done in 324.1s, 1634.2s to go
on time step 662 (time=8.275), 0.485488 s/step
Meep progress: 8.387500000000001/50.0 = 16.8% done in 328.5s, 1629.6s to go
on time step 671 (time=8.3875), 0.485522 s/step
Meep progress: 8.4875/50.0 = 17.0% done in 332.9s, 1628.3s to go
on time step 679 (time=8.4875), 0.557168 s/step
Meep progress: 8.575000000000001/50.0 = 17.2% done in 337.0s, 1628.0s to go
on time step 686 (time=8.575), 0.581152 s/step
Meep progress: 8.6875/50.0 = 17.4% done in 341.3s, 1623.2s to go
on time step 695 (time=8.6875), 0.482163 s/step
Meep progress: 8.7875/50.0 = 17.6% done in 345.7s, 1621.5s to go
on time step 703 (time=8.7875), 0.550947 s/step
Meep progress: 8.9125/50.0 = 17.8% done in 350.1s, 1614.2s to go
on time step 713 (time=8.9125), 0.440503 s/step
Meep progress: 9.0375/50.0 = 18.1% done in 354.5s, 1606.9s to go
on time step 723 (time=9.0375), 0.439091 s/step
Meep progress: 9.1625/50.0 = 18.3% done in 358.9s, 1599.7s to go
on time step 733 (time=9.1625), 0.438603 s/step
Meep progress: 9.2875/50.0 = 18.6% done in 363.3s, 1592.6s to go
on time step 743 (time=9.2875), 0.438674 s/step
Meep progress: 9.4125/50.0 = 18.8% done in 367.7s, 1585.6s to go
on time step 753 (time=9.4125), 0.439686 s/step
Meep progress: 9.5375/50.0 = 19.1% done in 372.1s, 1578.6s to go
on time step 763 (time=9.5375), 0.438895 s/step
Meep progress: 9.662500000000001/50.0 = 19.3% done in 376.5s, 1571.7s to go
on time step 773 (time=9.6625), 0.439265 s/step
Meep progress: 9.787500000000001/50.0 = 19.6% done in 380.9s, 1564.8s to go
on time step 783 (time=9.7875), 0.438116 s/step
Meep progress: 9.912500000000001/50.0 = 19.8% done in 385.3s, 1558.0s to go
on time step 793 (time=9.9125), 0.439297 s/step
Meep progress: 10.037500000000001/50.0 = 20.1% done in 389.6s, 1551.3s to go
on time step 803 (time=10.0375), 0.439027 s/step
Meep progress: 10.162500000000001/50.0 = 20.3% done in 394.0s, 1544.7s to go
on time step 813 (time=10.1625), 0.440179 s/step
Meep progress: 10.287500000000001/50.0 = 20.6% done in 398.5s, 1538.2s to go
on time step 823 (time=10.2875), 0.441311 s/step
Meep progress: 10.412500000000001/50.0 = 20.8% done in 402.9s, 1531.7s to go
on time step 833 (time=10.4125), 0.44004 s/step
Meep progress: 10.537500000000001/50.0 = 21.1% done in 407.3s, 1525.2s to go
on time step 843 (time=10.5375), 0.441697 s/step
Meep progress: 10.662500000000001/50.0 = 21.3% done in 411.7s, 1518.9s to go
on time step 853 (time=10.6625), 0.440988 s/step
Meep progress: 10.787500000000001/50.0 = 21.6% done in 416.1s, 1512.5s to go
on time step 863 (time=10.7875), 0.43949 s/step
Meep progress: 10.9/50.0 = 21.8% done in 420.5s, 1508.3s to go
on time step 872 (time=10.9), 0.487563 s/step
Meep progress: 11.0/50.0 = 22.0% done in 424.6s, 1505.6s to go
on time step 880 (time=11), 0.521197 s/step
Meep progress: 11.1125/50.0 = 22.2% done in 429.0s, 1501.2s to go
on time step 889 (time=11.1125), 0.482873 s/step
Meep progress: 11.225000000000001/50.0 = 22.5% done in 433.3s, 1496.8s to go
on time step 898 (time=11.225), 0.480067 s/step
Meep progress: 11.3375/50.0 = 22.7% done in 437.6s, 1492.4s to go
on time step 907 (time=11.3375), 0.479562 s/step
Meep progress: 11.450000000000001/50.0 = 22.9% done in 441.9s, 1487.9s to go
on time step 916 (time=11.45), 0.479882 s/step
Meep progress: 11.5625/50.0 = 23.1% done in 446.2s, 1483.5s to go
on time step 925 (time=11.5625), 0.478196 s/step
Meep progress: 11.675/50.0 = 23.4% done in 450.6s, 1479.1s to go
on time step 934 (time=11.675), 0.480371 s/step
Meep progress: 11.787500000000001/50.0 = 23.6% done in 454.9s, 1474.7s to go
on time step 943 (time=11.7875), 0.482245 s/step
Meep progress: 11.9/50.0 = 23.8% done in 459.2s, 1470.3s to go
on time step 952 (time=11.9), 0.47905 s/step
Meep progress: 12.012500000000001/50.0 = 24.0% done in 463.5s, 1465.9s to go
on time step 961 (time=12.0125), 0.479879 s/step
Meep progress: 12.125/50.0 = 24.2% done in 467.9s, 1461.5s to go
on time step 970 (time=12.125), 0.480091 s/step
Meep progress: 12.2375/50.0 = 24.5% done in 472.2s, 1457.0s to go
on time step 979 (time=12.2375), 0.478432 s/step
Meep progress: 12.350000000000001/50.0 = 24.7% done in 476.5s, 1452.6s to go
on time step 988 (time=12.35), 0.477704 s/step
Meep progress: 12.4625/50.0 = 24.9% done in 480.8s, 1448.1s to go
on time step 997 (time=12.4625), 0.479696 s/step
Meep progress: 12.575000000000001/50.0 = 25.2% done in 485.1s, 1443.8s to go
on time step 1006 (time=12.575), 0.482499 s/step
Meep progress: 12.6875/50.0 = 25.4% done in 489.5s, 1439.4s to go
on time step 1015 (time=12.6875), 0.480629 s/step
Meep progress: 12.8/50.0 = 25.6% done in 493.8s, 1435.0s to go
on time step 1024 (time=12.8), 0.478186 s/step
Meep progress: 12.912500000000001/50.0 = 25.8% done in 498.1s, 1430.6s to go
on time step 1033 (time=12.9125), 0.479059 s/step
Meep progress: 13.025/50.0 = 26.0% done in 502.4s, 1426.1s to go
on time step 1042 (time=13.025), 0.478498 s/step
Meep progress: 13.137500000000001/50.0 = 26.3% done in 506.7s, 1421.7s to go
on time step 1051 (time=13.1375), 0.478471 s/step
Meep progress: 13.25/50.0 = 26.5% done in 511.0s, 1417.3s to go
on time step 1060 (time=13.25), 0.480032 s/step
Meep progress: 13.3625/50.0 = 26.7% done in 515.3s, 1413.0s to go
on time step 1069 (time=13.3625), 0.482921 s/step
Meep progress: 13.475000000000001/50.0 = 27.0% done in 519.7s, 1408.6s to go
on time step 1078 (time=13.475), 0.480865 s/step
Meep progress: 13.575000000000001/50.0 = 27.2% done in 524.0s, 1406.1s to go
on time step 1086 (time=13.575), 0.545718 s/step
Meep progress: 13.700000000000001/50.0 = 27.4% done in 528.4s, 1400.2s to go
on time step 1096 (time=13.7), 0.440486 s/step
Meep progress: 13.825000000000001/50.0 = 27.6% done in 532.8s, 1394.2s to go
on time step 1106 (time=13.825), 0.438944 s/step
Meep progress: 13.950000000000001/50.0 = 27.9% done in 537.2s, 1388.3s to go
on time step 1116 (time=13.95), 0.440243 s/step
Meep progress: 14.075000000000001/50.0 = 28.2% done in 541.6s, 1382.4s to go
on time step 1126 (time=14.075), 0.438306 s/step
Meep progress: 14.200000000000001/50.0 = 28.4% done in 546.0s, 1376.6s to go
on time step 1136 (time=14.2), 0.441115 s/step
Meep progress: 14.325000000000001/50.0 = 28.6% done in 550.4s, 1370.8s to go
on time step 1146 (time=14.325), 0.440166 s/step
Meep progress: 14.450000000000001/50.0 = 28.9% done in 554.8s, 1365.0s to go
on time step 1156 (time=14.45), 0.439743 s/step
Meep progress: 14.55/50.0 = 29.1% done in 559.2s, 1362.5s to go
on time step 1164 (time=14.55), 0.54734 s/step
Meep progress: 14.662500000000001/50.0 = 29.3% done in 563.7s, 1358.5s to go
on time step 1173 (time=14.6625), 0.495199 s/step
Meep progress: 14.775/50.0 = 29.6% done in 568.0s, 1354.2s to go
on time step 1182 (time=14.775), 0.483546 s/step
Meep progress: 14.875/50.0 = 29.8% done in 572.3s, 1351.4s to go
on time step 1190 (time=14.875), 0.53399 s/step
Meep progress: 14.9875/50.0 = 30.0% done in 576.5s, 1346.7s to go
on time step 1199 (time=14.9875), 0.464116 s/step
Meep progress: 15.1125/50.0 = 30.2% done in 580.9s, 1341.0s to go
on time step 1209 (time=15.1125), 0.441193 s/step
Meep progress: 15.2375/50.0 = 30.5% done in 585.3s, 1335.2s to go
on time step 1219 (time=15.2375), 0.439759 s/step
Meep progress: 15.3625/50.0 = 30.7% done in 589.7s, 1329.5s to go
on time step 1229 (time=15.3625), 0.438094 s/step
Meep progress: 15.4875/50.0 = 31.0% done in 594.0s, 1323.8s to go
on time step 1239 (time=15.4875), 0.438489 s/step
Meep progress: 15.6125/50.0 = 31.2% done in 598.5s, 1318.1s to go
on time step 1249 (time=15.6125), 0.441646 s/step
Meep progress: 15.7125/50.0 = 31.4% done in 602.5s, 1314.9s to go
on time step 1257 (time=15.7125), 0.509965 s/step
Meep progress: 15.825000000000001/50.0 = 31.6% done in 606.9s, 1310.6s to go
on time step 1266 (time=15.825), 0.483368 s/step
Meep progress: 15.925/50.0 = 31.8% done in 611.1s, 1307.7s to go
on time step 1274 (time=15.925), 0.531045 s/step
Meep progress: 16.0125/50.0 = 32.0% done in 615.5s, 1306.3s to go
on time step 1281 (time=16.0125), 0.616405 s/step
Meep progress: 16.125/50.0 = 32.2% done in 619.5s, 1301.4s to go
on time step 1290 (time=16.125), 0.449521 s/step
Meep progress: 16.212500000000002/50.0 = 32.4% done in 623.6s, 1299.5s to go
on time step 1297 (time=16.2125), 0.578953 s/step
Meep progress: 16.325/50.0 = 32.6% done in 627.9s, 1295.3s to go
on time step 1306 (time=16.325), 0.485134 s/step
Meep progress: 16.4375/50.0 = 32.9% done in 632.3s, 1291.0s to go
on time step 1315 (time=16.4375), 0.485266 s/step
Meep progress: 16.55/50.0 = 33.1% done in 636.7s, 1286.8s to go
on time step 1324 (time=16.55), 0.484977 s/step
Meep progress: 16.6625/50.0 = 33.3% done in 641.0s, 1282.5s to go
on time step 1333 (time=16.6625), 0.482475 s/step
Meep progress: 16.775000000000002/50.0 = 33.6% done in 645.3s, 1278.1s to go
on time step 1342 (time=16.775), 0.480507 s/step
Meep progress: 16.8875/50.0 = 33.8% done in 649.6s, 1273.8s to go
on time step 1351 (time=16.8875), 0.480035 s/step
Meep progress: 17.0/50.0 = 34.0% done in 654.0s, 1269.5s to go
on time step 1360 (time=17), 0.480888 s/step
Meep progress: 17.1125/50.0 = 34.2% done in 658.3s, 1265.1s to go
on time step 1369 (time=17.1125), 0.481609 s/step
Meep progress: 17.225/50.0 = 34.4% done in 662.7s, 1260.9s to go
on time step 1378 (time=17.225), 0.483821 s/step
Meep progress: 17.337500000000002/50.0 = 34.7% done in 667.0s, 1256.6s to go
on time step 1387 (time=17.3375), 0.481838 s/step
Meep progress: 17.45/50.0 = 34.9% done in 671.3s, 1252.3s to go
on time step 1396 (time=17.45), 0.482609 s/step
Meep progress: 17.5625/50.0 = 35.1% done in 675.7s, 1247.9s to go
on time step 1405 (time=17.5625), 0.480834 s/step
Meep progress: 17.675/50.0 = 35.4% done in 680.0s, 1243.6s to go
on time step 1414 (time=17.675), 0.480495 s/step
Meep progress: 17.7875/50.0 = 35.6% done in 684.3s, 1239.3s to go
on time step 1423 (time=17.7875), 0.480371 s/step
Meep progress: 17.900000000000002/50.0 = 35.8% done in 688.6s, 1234.9s to go
on time step 1432 (time=17.9), 0.480957 s/step
Meep progress: 18.0125/50.0 = 36.0% done in 693.0s, 1230.6s to go
on time step 1441 (time=18.0125), 0.480779 s/step
Meep progress: 18.125/50.0 = 36.2% done in 697.3s, 1226.3s to go
on time step 1450 (time=18.125), 0.480724 s/step
Meep progress: 18.2375/50.0 = 36.5% done in 701.6s, 1221.9s to go
on time step 1459 (time=18.2375), 0.480497 s/step
Meep progress: 18.35/50.0 = 36.7% done in 705.9s, 1217.6s to go
on time step 1468 (time=18.35), 0.480426 s/step
Meep progress: 18.462500000000002/50.0 = 36.9% done in 710.3s, 1213.3s to go
on time step 1477 (time=18.4625), 0.481266 s/step
Meep progress: 18.575/50.0 = 37.2% done in 714.6s, 1208.9s to go
on time step 1486 (time=18.575), 0.480477 s/step
Meep progress: 18.6875/50.0 = 37.4% done in 718.9s, 1204.6s to go
on time step 1495 (time=18.6875), 0.480723 s/step
Meep progress: 18.8/50.0 = 37.6% done in 723.3s, 1200.3s to go
on time step 1504 (time=18.8), 0.481402 s/step
Meep progress: 18.9125/50.0 = 37.8% done in 727.6s, 1196.0s to go
on time step 1513 (time=18.9125), 0.480892 s/step
Meep progress: 19.025000000000002/50.0 = 38.1% done in 731.9s, 1191.6s to go
on time step 1522 (time=19.025), 0.480141 s/step
Meep progress: 19.1375/50.0 = 38.3% done in 736.2s, 1187.3s to go
on time step 1531 (time=19.1375), 0.480549 s/step
Meep progress: 19.25/50.0 = 38.5% done in 740.6s, 1183.0s to go
on time step 1540 (time=19.25), 0.480531 s/step
Meep progress: 19.3625/50.0 = 38.7% done in 744.9s, 1178.6s to go
on time step 1549 (time=19.3625), 0.481087 s/step
Meep progress: 19.450000000000003/50.0 = 38.9% done in 749.1s, 1176.6s to go
on time step 1556 (time=19.45), 0.597766 s/step
Meep progress: 19.55/50.0 = 39.1% done in 753.1s, 1173.0s to go
on time step 1564 (time=19.55), 0.508163 s/step
Meep progress: 19.6625/50.0 = 39.3% done in 757.5s, 1168.7s to go
on time step 1573 (time=19.6625), 0.482913 s/step
Meep progress: 19.775000000000002/50.0 = 39.6% done in 761.8s, 1164.3s to go
on time step 1582 (time=19.775), 0.478074 s/step
Meep progress: 19.887500000000003/50.0 = 39.8% done in 766.1s, 1160.0s to go
on time step 1591 (time=19.8875), 0.477797 s/step
Meep progress: 20.0/50.0 = 40.0% done in 770.4s, 1155.6s to go
on time step 1600 (time=20), 0.477923 s/step
Meep progress: 20.1125/50.0 = 40.2% done in 774.7s, 1151.2s to go
on time step 1609 (time=20.1125), 0.477862 s/step
Meep progress: 20.225/50.0 = 40.4% done in 779.0s, 1146.8s to go
on time step 1618 (time=20.225), 0.477525 s/step
Meep progress: 20.337500000000002/50.0 = 40.7% done in 783.3s, 1142.4s to go
on time step 1627 (time=20.3375), 0.478099 s/step
Meep progress: 20.450000000000003/50.0 = 40.9% done in 787.6s, 1138.1s to go
on time step 1636 (time=20.45), 0.478639 s/step
Meep progress: 20.5625/50.0 = 41.1% done in 791.9s, 1133.7s to go
on time step 1645 (time=20.5625), 0.481619 s/step
Meep progress: 20.6625/50.0 = 41.3% done in 796.3s, 1130.6s to go
on time step 1653 (time=20.6625), 0.543844 s/step
Meep progress: 20.7875/50.0 = 41.6% done in 800.7s, 1125.2s to go
on time step 1663 (time=20.7875), 0.442112 s/step
Meep progress: 20.9125/50.0 = 41.8% done in 805.1s, 1119.8s to go
on time step 1673 (time=20.9125), 0.440899 s/step
Meep progress: 21.0/50.0 = 42.0% done in 809.2s, 1117.4s to go
on time step 1680 (time=21), 0.579785 s/step
Meep progress: 21.1125/50.0 = 42.2% done in 813.5s, 1113.1s to go
on time step 1689 (time=21.1125), 0.485697 s/step
Meep progress: 21.225/50.0 = 42.4% done in 817.9s, 1108.8s to go
on time step 1698 (time=21.225), 0.482591 s/step
Meep progress: 21.337500000000002/50.0 = 42.7% done in 822.4s, 1104.7s to go
on time step 1707 (time=21.3375), 0.499055 s/step
Meep progress: 21.4375/50.0 = 42.9% done in 826.5s, 1101.1s to go
on time step 1715 (time=21.4375), 0.510972 s/step
Meep progress: 21.5625/50.0 = 43.1% done in 830.9s, 1095.8s to go
on time step 1725 (time=21.5625), 0.442432 s/step
Meep progress: 21.6875/50.0 = 43.4% done in 835.3s, 1090.5s to go
on time step 1735 (time=21.6875), 0.441191 s/step
Meep progress: 21.8125/50.0 = 43.6% done in 839.7s, 1085.1s to go
on time step 1745 (time=21.8125), 0.439125 s/step
Meep progress: 21.9375/50.0 = 43.9% done in 844.1s, 1079.7s to go
on time step 1755 (time=21.9375), 0.439073 s/step
Meep progress: 22.0625/50.0 = 44.1% done in 848.5s, 1074.4s to go
on time step 1765 (time=22.0625), 0.439829 s/step
Meep progress: 22.1875/50.0 = 44.4% done in 852.9s, 1069.1s to go
on time step 1775 (time=22.1875), 0.438945 s/step
Meep progress: 22.3125/50.0 = 44.6% done in 857.2s, 1063.8s to go
on time step 1785 (time=22.3125), 0.437637 s/step
Meep progress: 22.425/50.0 = 44.8% done in 861.3s, 1059.0s to go
on time step 1794 (time=22.425), 0.445288 s/step
Meep progress: 22.512500000000003/50.0 = 45.0% done in 865.6s, 1056.9s to go
on time step 1801 (time=22.5125), 0.627309 s/step
Meep progress: 22.637500000000003/50.0 = 45.3% done in 870.1s, 1051.7s to go
on time step 1811 (time=22.6375), 0.44486 s/step
Meep progress: 22.762500000000003/50.0 = 45.5% done in 874.5s, 1046.4s to go
on time step 1821 (time=22.7625), 0.438586 s/step
Meep progress: 22.887500000000003/50.0 = 45.8% done in 878.9s, 1041.2s to go
on time step 1831 (time=22.8875), 0.446725 s/step
Meep progress: 22.975/50.0 = 46.0% done in 883.0s, 1038.7s to go
on time step 1838 (time=22.975), 0.582475 s/step
Meep progress: 23.087500000000002/50.0 = 46.2% done in 887.4s, 1034.4s to go
on time step 1847 (time=23.0875), 0.481499 s/step
Meep progress: 23.200000000000003/50.0 = 46.4% done in 891.7s, 1030.0s to go
on time step 1856 (time=23.2), 0.478953 s/step
Meep progress: 23.3125/50.0 = 46.6% done in 896.0s, 1025.7s to go
on time step 1865 (time=23.3125), 0.478002 s/step
Meep progress: 23.425/50.0 = 46.8% done in 900.4s, 1021.5s to go
on time step 1874 (time=23.425), 0.493559 s/step
Meep progress: 23.525000000000002/50.0 = 47.1% done in 904.9s, 1018.4s to go
on time step 1882 (time=23.525), 0.564084 s/step
Meep progress: 23.625/50.0 = 47.2% done in 909.1s, 1014.9s to go
on time step 1890 (time=23.625), 0.522117 s/step
Meep progress: 23.7375/50.0 = 47.5% done in 913.4s, 1010.6s to go
on time step 1899 (time=23.7375), 0.480317 s/step
Meep progress: 23.85/50.0 = 47.7% done in 917.7s, 1006.2s to go
on time step 1908 (time=23.85), 0.478893 s/step
Meep progress: 23.962500000000002/50.0 = 47.9% done in 922.0s, 1001.9s to go
on time step 1917 (time=23.9625), 0.478691 s/step
Meep progress: 24.075000000000003/50.0 = 48.2% done in 926.3s, 997.5s to go
on time step 1926 (time=24.075), 0.478217 s/step
Meep progress: 24.1875/50.0 = 48.4% done in 930.7s, 993.2s to go
on time step 1935 (time=24.1875), 0.479937 s/step
Meep progress: 24.3/50.0 = 48.6% done in 935.0s, 988.8s to go
on time step 1944 (time=24.3), 0.477777 s/step
Meep progress: 24.4125/50.0 = 48.8% done in 939.3s, 984.5s to go
on time step 1953 (time=24.4125), 0.476709 s/step
Meep progress: 24.525000000000002/50.0 = 49.1% done in 943.6s, 980.1s to go
on time step 1962 (time=24.525), 0.477473 s/step
Meep progress: 24.637500000000003/50.0 = 49.3% done in 947.9s, 975.8s to go
on time step 1971 (time=24.6375), 0.478551 s/step
Meep progress: 24.75/50.0 = 49.5% done in 952.2s, 971.4s to go
on time step 1980 (time=24.75), 0.477377 s/step
Meep progress: 24.8625/50.0 = 49.7% done in 956.5s, 967.0s to go
on time step 1989 (time=24.8625), 0.478848 s/step
Meep progress: 24.962500000000002/50.0 = 49.9% done in 960.7s, 963.6s to go
on time step 1997 (time=24.9625), 0.525007 s/step
Meep progress: 25.075000000000003/50.0 = 50.2% done in 965.0s, 959.2s to go
on time step 2006 (time=25.075), 0.476364 s/step
Meep progress: 25.200000000000003/50.0 = 50.4% done in 969.3s, 954.0s to go
on time step 2016 (time=25.2), 0.439564 s/step
Meep progress: 25.325000000000003/50.0 = 50.7% done in 973.7s, 948.7s to go
on time step 2026 (time=25.325), 0.439085 s/step
Meep progress: 25.450000000000003/50.0 = 50.9% done in 978.1s, 943.5s to go
on time step 2036 (time=25.45), 0.437936 s/step
Meep progress: 25.575000000000003/50.0 = 51.2% done in 982.5s, 938.3s to go
on time step 2046 (time=25.575), 0.438252 s/step
Meep progress: 25.700000000000003/50.0 = 51.4% done in 986.9s, 933.1s to go
on time step 2056 (time=25.7), 0.438411 s/step
Meep progress: 25.825000000000003/50.0 = 51.6% done in 991.3s, 927.9s to go
on time step 2066 (time=25.825), 0.438499 s/step
Meep progress: 25.950000000000003/50.0 = 51.9% done in 995.7s, 922.8s to go
on time step 2076 (time=25.95), 0.438124 s/step
Meep progress: 26.075000000000003/50.0 = 52.2% done in 1000.0s, 917.6s to go
on time step 2086 (time=26.075), 0.438153 s/step
Meep progress: 26.200000000000003/50.0 = 52.4% done in 1004.4s, 912.4s to go
on time step 2096 (time=26.2), 0.439657 s/step
Meep progress: 26.325000000000003/50.0 = 52.6% done in 1008.8s, 907.3s to go
on time step 2106 (time=26.325), 0.441651 s/step
Meep progress: 26.450000000000003/50.0 = 52.9% done in 1013.2s, 902.1s to go
on time step 2116 (time=26.45), 0.438653 s/step
Meep progress: 26.575000000000003/50.0 = 53.2% done in 1017.6s, 897.0s to go
on time step 2126 (time=26.575), 0.437171 s/step
Meep progress: 26.700000000000003/50.0 = 53.4% done in 1022.0s, 891.9s to go
on time step 2136 (time=26.7), 0.443455 s/step
Meep progress: 26.825000000000003/50.0 = 53.6% done in 1026.4s, 886.8s to go
on time step 2146 (time=26.825), 0.440152 s/step
Meep progress: 26.950000000000003/50.0 = 53.9% done in 1030.8s, 881.7s to go
on time step 2156 (time=26.95), 0.438709 s/step
Meep progress: 27.075000000000003/50.0 = 54.2% done in 1035.2s, 876.5s to go
on time step 2166 (time=27.075), 0.437507 s/step
Meep progress: 27.200000000000003/50.0 = 54.4% done in 1039.6s, 871.4s to go
on time step 2176 (time=27.2), 0.438106 s/step
Meep progress: 27.325000000000003/50.0 = 54.6% done in 1044.0s, 866.3s to go
on time step 2186 (time=27.325), 0.439337 s/step
Meep progress: 27.450000000000003/50.0 = 54.9% done in 1048.4s, 861.2s to go
on time step 2196 (time=27.45), 0.437864 s/step
Meep progress: 27.575000000000003/50.0 = 55.2% done in 1052.7s, 856.1s to go
on time step 2206 (time=27.575), 0.437785 s/step
Meep progress: 27.700000000000003/50.0 = 55.4% done in 1057.1s, 851.0s to go
on time step 2216 (time=27.7), 0.438296 s/step
Meep progress: 27.825000000000003/50.0 = 55.6% done in 1061.5s, 846.0s to go
on time step 2226 (time=27.825), 0.437959 s/step
Meep progress: 27.950000000000003/50.0 = 55.9% done in 1065.9s, 840.9s to go
on time step 2236 (time=27.95), 0.438206 s/step
Meep progress: 28.075000000000003/50.0 = 56.2% done in 1070.3s, 835.8s to go
on time step 2246 (time=28.075), 0.439766 s/step
Meep progress: 28.200000000000003/50.0 = 56.4% done in 1074.7s, 830.8s to go
on time step 2256 (time=28.2), 0.438149 s/step
Meep progress: 28.325000000000003/50.0 = 56.6% done in 1079.0s, 825.7s to go
on time step 2266 (time=28.325), 0.438341 s/step
Meep progress: 28.450000000000003/50.0 = 56.9% done in 1083.4s, 820.7s to go
on time step 2276 (time=28.45), 0.438681 s/step
Meep progress: 28.575000000000003/50.0 = 57.2% done in 1087.8s, 815.6s to go
on time step 2286 (time=28.575), 0.4385 s/step
Meep progress: 28.700000000000003/50.0 = 57.4% done in 1092.2s, 810.6s to go
on time step 2296 (time=28.7), 0.439789 s/step
Meep progress: 28.825000000000003/50.0 = 57.6% done in 1096.6s, 805.6s to go
on time step 2306 (time=28.825), 0.437796 s/step
Meep progress: 28.950000000000003/50.0 = 57.9% done in 1101.0s, 800.5s to go
on time step 2316 (time=28.95), 0.437187 s/step
Meep progress: 29.075000000000003/50.0 = 58.2% done in 1105.3s, 795.5s to go
on time step 2326 (time=29.075), 0.438577 s/step
Meep progress: 29.200000000000003/50.0 = 58.4% done in 1109.7s, 790.5s to go
on time step 2336 (time=29.2), 0.439106 s/step
Meep progress: 29.325000000000003/50.0 = 58.6% done in 1114.1s, 785.5s to go
on time step 2346 (time=29.325), 0.441118 s/step
Meep progress: 29.450000000000003/50.0 = 58.9% done in 1118.5s, 780.5s to go
on time step 2356 (time=29.45), 0.438572 s/step
Meep progress: 29.575000000000003/50.0 = 59.2% done in 1122.9s, 775.5s to go
on time step 2366 (time=29.575), 0.438744 s/step
Meep progress: 29.700000000000003/50.0 = 59.4% done in 1127.3s, 770.5s to go
on time step 2376 (time=29.7), 0.437359 s/step
Meep progress: 29.825000000000003/50.0 = 59.6% done in 1131.7s, 765.5s to go
on time step 2386 (time=29.825), 0.438466 s/step
Meep progress: 29.950000000000003/50.0 = 59.9% done in 1136.1s, 760.5s to go
on time step 2396 (time=29.95), 0.437706 s/step
Meep progress: 30.05/50.0 = 60.1% done in 1140.3s, 757.0s to go
on time step 2404 (time=30.05), 0.527447 s/step
Meep progress: 30.1625/50.0 = 60.3% done in 1144.7s, 752.9s to go
on time step 2413 (time=30.1625), 0.49161 s/step
Meep progress: 30.262500000000003/50.0 = 60.5% done in 1148.9s, 749.3s to go
on time step 2421 (time=30.2625), 0.528317 s/step
Meep progress: 30.375/50.0 = 60.8% done in 1153.2s, 745.0s to go
on time step 2430 (time=30.375), 0.46965 s/step
Meep progress: 30.5/50.0 = 61.0% done in 1157.6s, 740.1s to go
on time step 2440 (time=30.5), 0.439721 s/step
Meep progress: 30.625/50.0 = 61.2% done in 1162.0s, 735.1s to go
on time step 2450 (time=30.625), 0.440044 s/step
Meep progress: 30.75/50.0 = 61.5% done in 1166.3s, 730.1s to go
on time step 2460 (time=30.75), 0.436962 s/step
Meep progress: 30.875/50.0 = 61.8% done in 1170.7s, 725.2s to go
on time step 2470 (time=30.875), 0.438326 s/step
Meep progress: 31.0/50.0 = 62.0% done in 1175.1s, 720.2s to go
on time step 2480 (time=31), 0.438067 s/step
Meep progress: 31.125/50.0 = 62.2% done in 1179.5s, 715.3s to go
on time step 2490 (time=31.125), 0.437775 s/step
Meep progress: 31.25/50.0 = 62.5% done in 1183.8s, 710.3s to go
on time step 2500 (time=31.25), 0.437464 s/step
Meep progress: 31.375/50.0 = 62.8% done in 1188.2s, 705.4s to go
on time step 2510 (time=31.375), 0.43805 s/step
Meep progress: 31.5/50.0 = 63.0% done in 1192.6s, 700.4s to go
on time step 2520 (time=31.5), 0.439207 s/step
Meep progress: 31.625/50.0 = 63.2% done in 1197.0s, 695.5s to go
on time step 2530 (time=31.625), 0.437951 s/step
Meep progress: 31.75/50.0 = 63.5% done in 1201.4s, 690.5s to go
on time step 2540 (time=31.75), 0.4376 s/step
Meep progress: 31.875/50.0 = 63.8% done in 1205.8s, 685.6s to go
on time step 2550 (time=31.875), 0.440763 s/step
Meep progress: 32.0/50.0 = 64.0% done in 1210.2s, 680.7s to go
on time step 2560 (time=32), 0.439551 s/step
Meep progress: 32.125/50.0 = 64.2% done in 1214.5s, 675.8s to go
on time step 2570 (time=32.125), 0.438037 s/step
Meep progress: 32.25/50.0 = 64.5% done in 1218.9s, 670.9s to go
on time step 2580 (time=32.25), 0.4382 s/step
Meep progress: 32.375/50.0 = 64.8% done in 1223.3s, 666.0s to go
on time step 2590 (time=32.375), 0.438602 s/step
Meep progress: 32.5/50.0 = 65.0% done in 1227.7s, 661.1s to go
on time step 2600 (time=32.5), 0.439378 s/step
Meep progress: 32.625/50.0 = 65.2% done in 1232.1s, 656.2s to go
on time step 2610 (time=32.625), 0.439298 s/step
Meep progress: 32.75/50.0 = 65.5% done in 1236.7s, 651.4s to go
on time step 2620 (time=32.75), 0.462426 s/step
Meep progress: 32.85/50.0 = 65.7% done in 1241.1s, 647.9s to go
on time step 2628 (time=32.85), 0.545589 s/step
Meep progress: 32.9625/50.0 = 65.9% done in 1245.4s, 643.7s to go
on time step 2637 (time=32.9625), 0.479148 s/step
Meep progress: 33.075/50.0 = 66.2% done in 1249.7s, 639.5s to go
on time step 2646 (time=33.075), 0.475989 s/step
Meep progress: 33.1875/50.0 = 66.4% done in 1254.0s, 635.3s to go
on time step 2655 (time=33.1875), 0.477387 s/step
Meep progress: 33.300000000000004/50.0 = 66.6% done in 1258.3s, 631.0s to go
on time step 2664 (time=33.3), 0.478268 s/step
Meep progress: 33.4125/50.0 = 66.8% done in 1262.6s, 626.8s to go
on time step 2673 (time=33.4125), 0.477601 s/step
Meep progress: 33.525/50.0 = 67.0% done in 1266.9s, 622.6s to go
on time step 2682 (time=33.525), 0.475969 s/step
Meep progress: 33.6375/50.0 = 67.3% done in 1271.2s, 618.3s to go
on time step 2691 (time=33.6375), 0.476885 s/step
Meep progress: 33.75/50.0 = 67.5% done in 1275.5s, 614.1s to go
on time step 2700 (time=33.75), 0.477406 s/step
Meep progress: 33.862500000000004/50.0 = 67.7% done in 1279.7s, 609.9s to go
on time step 2709 (time=33.8625), 0.475597 s/step
Meep progress: 33.975/50.0 = 68.0% done in 1284.0s, 605.6s to go
on time step 2718 (time=33.975), 0.477013 s/step
Meep progress: 34.0875/50.0 = 68.2% done in 1288.3s, 601.4s to go
on time step 2727 (time=34.0875), 0.477629 s/step
Meep progress: 34.2/50.0 = 68.4% done in 1292.6s, 597.2s to go
on time step 2736 (time=34.2), 0.476259 s/step
Meep progress: 34.3125/50.0 = 68.6% done in 1296.9s, 592.9s to go
on time step 2745 (time=34.3125), 0.477846 s/step
Meep progress: 34.425000000000004/50.0 = 68.9% done in 1301.2s, 588.7s to go
on time step 2754 (time=34.425), 0.479054 s/step
Meep progress: 34.5375/50.0 = 69.1% done in 1305.5s, 584.5s to go
on time step 2763 (time=34.5375), 0.47957 s/step
Meep progress: 34.6375/50.0 = 69.3% done in 1309.8s, 580.9s to go
on time step 2771 (time=34.6375), 0.537375 s/step
Meep progress: 34.75/50.0 = 69.5% done in 1314.0s, 576.7s to go
on time step 2780 (time=34.75), 0.462194 s/step
Meep progress: 34.875/50.0 = 69.8% done in 1318.4s, 571.8s to go
on time step 2790 (time=34.875), 0.441392 s/step
Meep progress: 35.0/50.0 = 70.0% done in 1322.8s, 566.9s to go
on time step 2800 (time=35), 0.439466 s/step
Meep progress: 35.125/50.0 = 70.2% done in 1327.2s, 562.0s to go
on time step 2810 (time=35.125), 0.437576 s/step
Meep progress: 35.25/50.0 = 70.5% done in 1331.6s, 557.2s to go
on time step 2820 (time=35.25), 0.43754 s/step
Meep progress: 35.375/50.0 = 70.8% done in 1335.9s, 552.3s to go
on time step 2830 (time=35.375), 0.437365 s/step
Meep progress: 35.5/50.0 = 71.0% done in 1340.3s, 547.5s to go
on time step 2840 (time=35.5), 0.437382 s/step
Meep progress: 35.625/50.0 = 71.2% done in 1344.7s, 542.6s to go
on time step 2850 (time=35.625), 0.437355 s/step
Meep progress: 35.75/50.0 = 71.5% done in 1349.1s, 537.7s to go
on time step 2860 (time=35.75), 0.438455 s/step
Meep progress: 35.875/50.0 = 71.8% done in 1353.5s, 532.9s to go
on time step 2870 (time=35.875), 0.439635 s/step
Meep progress: 36.0/50.0 = 72.0% done in 1357.9s, 528.1s to go
on time step 2880 (time=36), 0.439036 s/step
Meep progress: 36.125/50.0 = 72.2% done in 1362.2s, 523.2s to go
on time step 2890 (time=36.125), 0.437085 s/step
Meep progress: 36.25/50.0 = 72.5% done in 1366.6s, 518.4s to go
on time step 2900 (time=36.25), 0.437348 s/step
Meep progress: 36.375/50.0 = 72.8% done in 1371.0s, 513.5s to go
on time step 2910 (time=36.375), 0.439005 s/step
Meep progress: 36.5/50.0 = 73.0% done in 1375.4s, 508.7s to go
on time step 2920 (time=36.5), 0.437598 s/step
Meep progress: 36.625/50.0 = 73.2% done in 1379.8s, 503.9s to go
on time step 2930 (time=36.625), 0.439294 s/step
Meep progress: 36.75/50.0 = 73.5% done in 1384.2s, 499.1s to go
on time step 2940 (time=36.75), 0.44118 s/step
Meep progress: 36.875/50.0 = 73.8% done in 1388.6s, 494.2s to go
on time step 2950 (time=36.875), 0.442371 s/step
Meep progress: 37.0/50.0 = 74.0% done in 1393.0s, 489.4s to go
on time step 2960 (time=37), 0.43869 s/step
Meep progress: 37.125/50.0 = 74.2% done in 1397.4s, 484.6s to go
on time step 2970 (time=37.125), 0.438481 s/step
Meep progress: 37.2125/50.0 = 74.4% done in 1401.4s, 481.6s to go
on time step 2977 (time=37.2125), 0.578576 s/step
Meep progress: 37.325/50.0 = 74.6% done in 1405.6s, 477.3s to go
on time step 2986 (time=37.325), 0.469505 s/step
Meep progress: 37.425000000000004/50.0 = 74.9% done in 1409.7s, 473.7s to go
on time step 2994 (time=37.425), 0.512282 s/step
Meep progress: 37.525/50.0 = 75.0% done in 1413.9s, 470.0s to go
on time step 3002 (time=37.525), 0.515239 s/step
Meep progress: 37.6375/50.0 = 75.3% done in 1418.2s, 465.8s to go
on time step 3011 (time=37.6375), 0.484373 s/step
Meep progress: 37.75/50.0 = 75.5% done in 1422.6s, 461.6s to go
on time step 3020 (time=37.75), 0.481568 s/step
Meep progress: 37.862500000000004/50.0 = 75.7% done in 1426.9s, 457.4s to go
on time step 3029 (time=37.8625), 0.481591 s/step
Meep progress: 37.975/50.0 = 76.0% done in 1431.2s, 453.2s to go
on time step 3038 (time=37.975), 0.480056 s/step
Meep progress: 38.0875/50.0 = 76.2% done in 1435.5s, 449.0s to go
on time step 3047 (time=38.0875), 0.480606 s/step
Meep progress: 38.2/50.0 = 76.4% done in 1439.8s, 444.8s to go
on time step 3056 (time=38.2), 0.478074 s/step
Meep progress: 38.3125/50.0 = 76.6% done in 1444.2s, 440.6s to go
on time step 3065 (time=38.3125), 0.47971 s/step
Meep progress: 38.425000000000004/50.0 = 76.9% done in 1448.5s, 436.3s to go
on time step 3074 (time=38.425), 0.479464 s/step
Meep progress: 38.5375/50.0 = 77.1% done in 1452.8s, 432.1s to go
on time step 3083 (time=38.5375), 0.478961 s/step
Meep progress: 38.650000000000006/50.0 = 77.3% done in 1457.1s, 427.9s to go
on time step 3092 (time=38.65), 0.478335 s/step
Meep progress: 38.7625/50.0 = 77.5% done in 1461.4s, 423.7s to go
on time step 3101 (time=38.7625), 0.478837 s/step
Meep progress: 38.875/50.0 = 77.8% done in 1465.7s, 419.4s to go
on time step 3110 (time=38.875), 0.478772 s/step
Meep progress: 38.975/50.0 = 78.0% done in 1470.1s, 415.9s to go
on time step 3118 (time=38.975), 0.549417 s/step
Meep progress: 39.0625/50.0 = 78.1% done in 1474.1s, 412.8s to go
on time step 3125 (time=39.0625), 0.573011 s/step
Meep progress: 39.175000000000004/50.0 = 78.4% done in 1478.5s, 408.5s to go
on time step 3134 (time=39.175), 0.487427 s/step
Meep progress: 39.2875/50.0 = 78.6% done in 1482.9s, 404.3s to go
on time step 3143 (time=39.2875), 0.483419 s/step
Meep progress: 39.400000000000006/50.0 = 78.8% done in 1487.2s, 400.1s to go
on time step 3152 (time=39.4), 0.479551 s/step
Meep progress: 39.5125/50.0 = 79.0% done in 1491.5s, 395.9s to go
on time step 3161 (time=39.5125), 0.481411 s/step
Meep progress: 39.625/50.0 = 79.2% done in 1495.8s, 391.7s to go
on time step 3170 (time=39.625), 0.479806 s/step
Meep progress: 39.725/50.0 = 79.4% done in 1500.2s, 388.0s to go
on time step 3178 (time=39.725), 0.549185 s/step
Meep progress: 39.8125/50.0 = 79.6% done in 1504.4s, 385.0s to go
on time step 3185 (time=39.8125), 0.599892 s/step
Meep progress: 39.925000000000004/50.0 = 79.9% done in 1508.8s, 380.7s to go
on time step 3194 (time=39.925), 0.482415 s/step
Meep progress: 40.0375/50.0 = 80.1% done in 1513.0s, 376.5s to go
on time step 3203 (time=40.0375), 0.476236 s/step
Meep progress: 40.150000000000006/50.0 = 80.3% done in 1517.3s, 372.2s to go
on time step 3212 (time=40.15), 0.474257 s/step
Meep progress: 40.2625/50.0 = 80.5% done in 1521.6s, 368.0s to go
on time step 3221 (time=40.2625), 0.477465 s/step
Meep progress: 40.375/50.0 = 80.8% done in 1525.9s, 363.8s to go
on time step 3230 (time=40.375), 0.477217 s/step
Meep progress: 40.487500000000004/50.0 = 81.0% done in 1530.2s, 359.5s to go
on time step 3239 (time=40.4875), 0.478874 s/step
Meep progress: 40.587500000000006/50.0 = 81.2% done in 1534.7s, 355.9s to go
on time step 3247 (time=40.5875), 0.558673 s/step
Meep progress: 40.7/50.0 = 81.4% done in 1538.7s, 351.6s to go
on time step 3256 (time=40.7), 0.444694 s/step
Meep progress: 40.825/50.0 = 81.6% done in 1543.1s, 346.8s to go
on time step 3266 (time=40.825), 0.439733 s/step
Meep progress: 40.95/50.0 = 81.9% done in 1547.5s, 342.0s to go
on time step 3276 (time=40.95), 0.437467 s/step
Meep progress: 41.075/50.0 = 82.2% done in 1551.9s, 337.2s to go
on time step 3286 (time=41.075), 0.441164 s/step
Meep progress: 41.2/50.0 = 82.4% done in 1556.3s, 332.4s to go
on time step 3296 (time=41.2), 0.441347 s/step
Meep progress: 41.300000000000004/50.0 = 82.6% done in 1560.4s, 328.7s to go
on time step 3304 (time=41.3), 0.520095 s/step
Meep progress: 41.400000000000006/50.0 = 82.8% done in 1564.5s, 325.0s to go
on time step 3312 (time=41.4), 0.508937 s/step
Meep progress: 41.5125/50.0 = 83.0% done in 1568.8s, 320.8s to go
on time step 3321 (time=41.5125), 0.480769 s/step
Meep progress: 41.625/50.0 = 83.2% done in 1573.1s, 316.5s to go
on time step 3330 (time=41.625), 0.478819 s/step
Meep progress: 41.737500000000004/50.0 = 83.5% done in 1577.4s, 312.3s to go
on time step 3339 (time=41.7375), 0.477739 s/step
Meep progress: 41.85/50.0 = 83.7% done in 1581.8s, 308.0s to go
on time step 3348 (time=41.85), 0.479577 s/step
Meep progress: 41.962500000000006/50.0 = 83.9% done in 1586.1s, 303.8s to go
on time step 3357 (time=41.9625), 0.479565 s/step
Meep progress: 42.075/50.0 = 84.2% done in 1590.4s, 299.6s to go
on time step 3366 (time=42.075), 0.481798 s/step
Meep progress: 42.1875/50.0 = 84.4% done in 1594.7s, 295.3s to go
on time step 3375 (time=42.1875), 0.479577 s/step
Meep progress: 42.300000000000004/50.0 = 84.6% done in 1599.1s, 291.1s to go
on time step 3384 (time=42.3), 0.481134 s/step
Meep progress: 42.4125/50.0 = 84.8% done in 1603.4s, 286.8s to go
on time step 3393 (time=42.4125), 0.478544 s/step
Meep progress: 42.525000000000006/50.0 = 85.1% done in 1607.7s, 282.6s to go
on time step 3402 (time=42.525), 0.478494 s/step
Meep progress: 42.6375/50.0 = 85.3% done in 1612.0s, 278.4s to go
on time step 3411 (time=42.6375), 0.478198 s/step
Meep progress: 42.75/50.0 = 85.5% done in 1616.3s, 274.1s to go
on time step 3420 (time=42.75), 0.479245 s/step
Meep progress: 42.862500000000004/50.0 = 85.7% done in 1620.6s, 269.9s to go
on time step 3429 (time=42.8625), 0.477235 s/step
Meep progress: 42.975/50.0 = 86.0% done in 1624.9s, 265.6s to go
on time step 3438 (time=42.975), 0.47717 s/step
Meep progress: 43.087500000000006/50.0 = 86.2% done in 1629.2s, 261.4s to go
on time step 3447 (time=43.0875), 0.478619 s/step
Meep progress: 43.2/50.0 = 86.4% done in 1633.5s, 257.1s to go
on time step 3456 (time=43.2), 0.478767 s/step
Meep progress: 43.3125/50.0 = 86.6% done in 1637.8s, 252.9s to go
on time step 3465 (time=43.3125), 0.478143 s/step
Meep progress: 43.425000000000004/50.0 = 86.9% done in 1642.1s, 248.6s to go
on time step 3474 (time=43.425), 0.477455 s/step
Meep progress: 43.5375/50.0 = 87.1% done in 1646.4s, 244.4s to go
on time step 3483 (time=43.5375), 0.478611 s/step
Meep progress: 43.650000000000006/50.0 = 87.3% done in 1650.7s, 240.1s to go
on time step 3492 (time=43.65), 0.479744 s/step
Meep progress: 43.7625/50.0 = 87.5% done in 1655.0s, 235.9s to go
on time step 3501 (time=43.7625), 0.478072 s/step
Meep progress: 43.875/50.0 = 87.8% done in 1659.3s, 231.6s to go
on time step 3510 (time=43.875), 0.478676 s/step
Meep progress: 43.987500000000004/50.0 = 88.0% done in 1663.6s, 227.4s to go
on time step 3519 (time=43.9875), 0.478853 s/step
Meep progress: 44.1/50.0 = 88.2% done in 1668.0s, 223.2s to go
on time step 3528 (time=44.1), 0.478562 s/step
Meep progress: 44.212500000000006/50.0 = 88.4% done in 1672.3s, 218.9s to go
on time step 3537 (time=44.2125), 0.477847 s/step
Meep progress: 44.325/50.0 = 88.6% done in 1676.6s, 214.7s to go
on time step 3546 (time=44.325), 0.479743 s/step
Meep progress: 44.4375/50.0 = 88.9% done in 1680.9s, 210.4s to go
on time step 3555 (time=44.4375), 0.481342 s/step
Meep progress: 44.550000000000004/50.0 = 89.1% done in 1685.2s, 206.2s to go
on time step 3564 (time=44.55), 0.481397 s/step
Meep progress: 44.650000000000006/50.0 = 89.3% done in 1689.6s, 202.4s to go
on time step 3572 (time=44.65), 0.540987 s/step
Meep progress: 44.775000000000006/50.0 = 89.6% done in 1694.0s, 197.7s to go
on time step 3582 (time=44.775), 0.442347 s/step
Meep progress: 44.900000000000006/50.0 = 89.8% done in 1698.4s, 192.9s to go
on time step 3592 (time=44.9), 0.43943 s/step
Meep progress: 45.025000000000006/50.0 = 90.1% done in 1702.8s, 188.1s to go
on time step 3602 (time=45.025), 0.437587 s/step
Meep progress: 45.150000000000006/50.0 = 90.3% done in 1707.1s, 183.4s to go
on time step 3612 (time=45.15), 0.437339 s/step
Meep progress: 45.275000000000006/50.0 = 90.6% done in 1711.5s, 178.6s to go
on time step 3622 (time=45.275), 0.438433 s/step
Meep progress: 45.3875/50.0 = 90.8% done in 1716.0s, 174.4s to go
on time step 3631 (time=45.3875), 0.496428 s/step
Meep progress: 45.5/50.0 = 91.0% done in 1720.4s, 170.2s to go
on time step 3640 (time=45.5), 0.491949 s/step
Meep progress: 45.625/50.0 = 91.2% done in 1724.8s, 165.4s to go
on time step 3650 (time=45.625), 0.438566 s/step
Meep progress: 45.75/50.0 = 91.5% done in 1729.2s, 160.6s to go
on time step 3660 (time=45.75), 0.438174 s/step
Meep progress: 45.875/50.0 = 91.8% done in 1733.6s, 155.9s to go
on time step 3670 (time=45.875), 0.439158 s/step
Meep progress: 46.0/50.0 = 92.0% done in 1737.9s, 151.1s to go
on time step 3680 (time=46), 0.437878 s/step
Meep progress: 46.125/50.0 = 92.2% done in 1742.3s, 146.4s to go
on time step 3690 (time=46.125), 0.43911 s/step
Meep progress: 46.25/50.0 = 92.5% done in 1746.7s, 141.6s to go
on time step 3700 (time=46.25), 0.438317 s/step
Meep progress: 46.362500000000004/50.0 = 92.7% done in 1750.8s, 137.4s to go
on time step 3709 (time=46.3625), 0.455622 s/step
Meep progress: 46.475/50.0 = 93.0% done in 1755.0s, 133.1s to go
on time step 3718 (time=46.475), 0.465909 s/step
Meep progress: 46.575/50.0 = 93.2% done in 1759.1s, 129.4s to go
on time step 3726 (time=46.575), 0.507591 s/step
Meep progress: 46.675000000000004/50.0 = 93.4% done in 1763.1s, 125.6s to go
on time step 3734 (time=46.675), 0.506099 s/step
Meep progress: 46.7875/50.0 = 93.6% done in 1767.4s, 121.4s to go
on time step 3743 (time=46.7875), 0.47753 s/step
Meep progress: 46.8875/50.0 = 93.8% done in 1771.7s, 117.6s to go
on time step 3751 (time=46.8875), 0.537112 s/step
Meep progress: 46.975/50.0 = 94.0% done in 1775.9s, 114.4s to go
on time step 3758 (time=46.975), 0.590402 s/step
Meep progress: 47.087500000000006/50.0 = 94.2% done in 1780.2s, 110.1s to go
on time step 3767 (time=47.0875), 0.48277 s/step
Meep progress: 47.1875/50.0 = 94.4% done in 1784.5s, 106.4s to go
on time step 3775 (time=47.1875), 0.537638 s/step
Meep progress: 47.3125/50.0 = 94.6% done in 1788.9s, 101.6s to go
on time step 3785 (time=47.3125), 0.440831 s/step
Meep progress: 47.4375/50.0 = 94.9% done in 1793.3s, 96.9s to go
on time step 3795 (time=47.4375), 0.438033 s/step
Meep progress: 47.5625/50.0 = 95.1% done in 1797.7s, 92.1s to go
on time step 3805 (time=47.5625), 0.436794 s/step
Meep progress: 47.6625/50.0 = 95.3% done in 1802.1s, 88.4s to go
on time step 3813 (time=47.6625), 0.558122 s/step
Meep progress: 47.7625/50.0 = 95.5% done in 1806.3s, 84.6s to go
on time step 3821 (time=47.7625), 0.517895 s/step
Meep progress: 47.875/50.0 = 95.8% done in 1810.6s, 80.4s to go
on time step 3830 (time=47.875), 0.481952 s/step
Meep progress: 47.975/50.0 = 96.0% done in 1814.9s, 76.6s to go
on time step 3838 (time=47.975), 0.539547 s/step
Meep progress: 48.087500000000006/50.0 = 96.2% done in 1819.1s, 72.3s to go
on time step 3847 (time=48.0875), 0.460778 s/step
Meep progress: 48.212500000000006/50.0 = 96.4% done in 1823.5s, 67.6s to go
on time step 3857 (time=48.2125), 0.439661 s/step
Meep progress: 48.337500000000006/50.0 = 96.7% done in 1827.8s, 62.9s to go
on time step 3867 (time=48.3375), 0.436185 s/step
Meep progress: 48.462500000000006/50.0 = 96.9% done in 1832.2s, 58.1s to go
on time step 3877 (time=48.4625), 0.440698 s/step
Meep progress: 48.587500000000006/50.0 = 97.2% done in 1836.6s, 53.4s to go
on time step 3887 (time=48.5875), 0.439868 s/step
Meep progress: 48.712500000000006/50.0 = 97.4% done in 1841.0s, 48.7s to go
on time step 3897 (time=48.7125), 0.440594 s/step
Meep progress: 48.837500000000006/50.0 = 97.7% done in 1845.4s, 43.9s to go
on time step 3907 (time=48.8375), 0.436594 s/step
Meep progress: 48.962500000000006/50.0 = 97.9% done in 1849.8s, 39.2s to go
on time step 3917 (time=48.9625), 0.437308 s/step
Meep progress: 49.087500000000006/50.0 = 98.2% done in 1854.2s, 34.5s to go
on time step 3927 (time=49.0875), 0.439436 s/step
Meep progress: 49.212500000000006/50.0 = 98.4% done in 1858.6s, 29.7s to go
on time step 3937 (time=49.2125), 0.440065 s/step
Meep progress: 49.337500000000006/50.0 = 98.7% done in 1862.9s, 25.0s to go
on time step 3947 (time=49.3375), 0.437984 s/step
Meep progress: 49.462500000000006/50.0 = 98.9% done in 1867.3s, 20.3s to go
on time step 3957 (time=49.4625), 0.439474 s/step
Meep progress: 49.587500000000006/50.0 = 99.2% done in 1871.7s, 15.6s to go
on time step 3967 (time=49.5875), 0.438291 s/step
Meep progress: 49.712500000000006/50.0 = 99.4% done in 1876.1s, 10.9s to go
on time step 3977 (time=49.7125), 0.438503 s/step
Meep progress: 49.837500000000006/50.0 = 99.7% done in 1880.5s, 6.1s to go
on time step 3987 (time=49.8375), 0.439213 s/step
Meep progress: 49.962500000000006/50.0 = 99.9% done in 1884.9s, 1.4s to go
on time step 3997 (time=49.9625), 0.438686 s/step
run 0 finished at t = 50.0 (4000 timesteps)
flux1:, 0.5, -3.117498084809531e-7, -1.221814265144864e-6
flux1:, 0.5066889632107023, -2.718568714415445e-7, -1.3904733365985665e-6
flux1:, 0.5133779264214047, -2.454891806257706e-7, -1.2321314266994352e-6
flux1:, 0.520066889632107, -5.936972595878051e-7, -1.4864630023711477e-6
flux1:, 0.5267558528428093, -7.418798202482296e-7, -1.8907425301471149e-6
flux1:, 0.5334448160535117, -6.418885671279855e-7, -1.7310350276917082e-6
flux1:, 0.540133779264214, -1.0116491489559215e-6, -1.8200842542343668e-6
flux1:, 0.5468227424749164, -1.48815885589104e-6, -2.4689436299576927e-6
flux1:, 0.5535117056856187, -1.545492179179604e-6, -2.5257096785828035e-6
flux1:, 0.560200668896321, -1.8529815538860214e-6, -2.438775925780648e-6
flux1:, 0.5668896321070234, -2.4078398938477574e-6, -3.2690515547156124e-6
flux1:, 0.5735785953177257, -2.5787068332967746e-6, -3.809009196612825e-6
flux1:, 0.580267558528428, -3.0214897396179405e-6, -3.718718087525439e-6
flux1:, 0.5869565217391304, -3.930762160819621e-6, -4.593618365695407e-6
flux1:, 0.5936454849498327, -4.362689813240741e-6, -5.613985919248761e-6
flux1:, 0.600334448160535, -4.875721839145797e-6, -5.541848653573666e-6
flux1:, 0.6070234113712374, -6.002152100873907e-6, -6.274071594261368e-6
flux1:, 0.6137123745819397, -6.589026824306129e-6, -7.803502024048415e-6
flux1:, 0.6204013377926421, -7.328864853482499e-6, -7.887414345996398e-6
flux1:, 0.6270903010033444, -9.351295510205479e-6, -8.356907010702321e-6
flux1:, 0.6337792642140467, -1.0631950751898619e-5, -1.0648321468760212e-5
flux1:, 0.6404682274247491, -1.1452966908792919e-5, -1.1542364015454594e-5
flux1:, 0.6471571906354514, -1.4772900557894622e-5, -1.1997005752258686e-5
flux1:, 0.6538461538461537, -1.8122601758249015e-5, -1.5663009017727065e-5
flux1:, 0.6605351170568561, -1.947113952434868e-5, -1.8565117747003136e-5
flux1:, 0.6672240802675584, -2.345894591963833e-5, -1.8493343491782686e-5
flux1:, 0.6739130434782608, -2.8691138494635014e-5, -2.2211978303937705e-5
flux1:, 0.6806020066889631, -3.052672914467437e-5, -2.9267601369452245e-5
flux1:, 0.6872909698996654, -3.745692890282324e-5, -3.20092860833232e-5
flux1:, 0.6939799331103678, -5.126122600196601e-5, -3.3082057689158124e-5
flux1:, 0.7006688963210701, -5.2199779863156135e-5, -3.6679476488411606e-5
flux1:, 0.7073578595317724, -3.988952465990727e-5, -3.862505151513277e-5
flux1:, 0.7140468227424748, -4.19910680004204e-5, -4.1785711868748276e-5
flux1:, 0.7207357859531771, -5.961355241629457e-5, -5.055208356411335e-5
flux1:, 0.7274247491638794, -7.137351565933608e-5, -5.53791832000325e-5
flux1:, 0.7341137123745818, -8.57526561146461e-5, -5.710136837871198e-5
flux1:, 0.7408026755852841, -1.1516075434284889e-4, -7.381133939841348e-5
flux1:, 0.7474916387959865, -1.3755546320746176e-4, -1.0130513547163136e-4
flux1:, 0.7541806020066888, -1.4390570636048115e-4, -1.192526995640894e-4
flux1:, 0.7608695652173911, -1.5743677025302835e-4, -1.325206038433777e-4
flux1:, 0.7675585284280935, -1.80125857071893e-4, -1.5275300041291386e-4
flux1:, 0.7742474916387958, -1.9711763740691787e-4, -1.7252069785698225e-4
flux1:, 0.7809364548494981, -2.1792157835970785e-4, -1.888464617639347e-4
flux1:, 0.7876254180602005, -2.4783877094124775e-4, -2.0472748555053802e-4
flux1:, 0.7943143812709028, -2.6927509637548894e-4, -2.1852152263926924e-4
flux1:, 0.8010033444816052, -2.866961527944879e-4, -2.449207613356485e-4
flux1:, 0.8076923076923075, -3.235369846963618e-4, -2.921071075785656e-4
flux1:, 0.8143812709030098, -3.7421778349439023e-4, -3.3124201615352176e-4
flux1:, 0.8210702341137122, -4.2169540131206423e-4, -3.587719527099007e-4
flux1:, 0.8277591973244145, -4.802394184708709e-4, -4.075542313899752e-4
flux1:, 0.8344481605351168, -5.714193509297153e-4, -4.568043645048005e-4
flux1:, 0.8411371237458192, -6.758856571925248e-4, -4.736926837921395e-4
flux1:, 0.8478260869565215, -7.493030473136697e-4, -5.052867372025141e-4
flux1:, 0.8545150501672238, -7.94480404977277e-4, -5.753477310772943e-4
flux1:, 0.8612040133779262, -8.690939251507648e-4, -6.396391657430827e-4
flux1:, 0.8678929765886285, -9.89000350499534e-4, -7.309960982110875e-4
flux1:, 0.8745819397993309, -0.0011116385772907823, -8.949931236499417e-4
flux1:, 0.8812709030100332, -0.0012494307723157345, -0.0010346013449951856
flux1:, 0.8879598662207355, -0.001450376107410117, -0.0011119788062779296
flux1:, 0.8946488294314379, -0.0016685609429677038, -0.0012671614680517796
flux1:, 0.9013377926421402, -0.001855564869577789, -0.0015030418905064868
flux1:, 0.9080267558528425, -0.0020934842377186434, -0.0016505794231241775
flux1:, 0.9147157190635449, -0.002416169923170747, -0.0017257993264482299
flux1:, 0.9214046822742472, -0.002697516545573677, -0.0018815231613324537
flux1:, 0.9280936454849495, -0.0029075125152762003, -0.002142679035396538
flux1:, 0.9347826086956519, -0.0031817895503520686, -0.002488124566523746
flux1:, 0.9414715719063542, -0.0035374009193674394, -0.0028426609844532263
flux1:, 0.9481605351170566, -0.0038746503012248336, -0.0030050364513569427
flux1:, 0.9548494983277589, -0.004238822106872744, -0.0030525045312469164
flux1:, 0.9615384615384612, -0.004729580584731027, -0.0033870512373716274
flux1:, 0.9682274247491636, -0.005280174530334411, -0.0039840989537042884
flux1:, 0.9749163879598659, -0.005801094208012803, -0.004421405468417143
flux1:, 0.9816053511705682, -0.006348052415603214, -0.004772406311924778
flux1:, 0.9882943143812706, -0.006987710030282933, -0.0053940373422135595
flux1:, 0.9949832775919729, -0.007687937030141661, -0.006100352584152157
flux1:, 1.0016722408026753, -0.008382958146083957, -0.006585342242152378
flux1:, 1.0083612040133776, -0.009028596203306372, -0.0069999470438357565
flux1:, 1.01505016722408, -0.00964934234941361, -0.007444963748950324
flux1:, 1.0217391304347823, -0.010350354131261784, -0.007847824147597493
flux1:, 1.0284280936454846, -0.01117772785284416, -0.008420192873572183
flux1:, 1.035117056856187, -0.01203709032004022, -0.00923640817691503
flux1:, 1.0418060200668893, -0.012854180249454627, -0.009912806246859826
flux1:, 1.0484949832775916, -0.013689862594183222, -0.010439544891488359
flux1:, 1.055183946488294, -0.014604613699637335, -0.011230005677718174
flux1:, 1.0618729096989963, -0.015516947475479393, -0.012047431778303272
flux1:, 1.0685618729096986, -0.016288981429376462, -0.012264665453754499
flux1:, 1.075250836120401, -0.01695691184654262, -0.012099009530560553
flux1:, 1.0819397993311033, -0.017777531899097945, -0.012354519197146691
flux1:, 1.0886287625418056, -0.018885961528480176, -0.013272392240146962
flux1:, 1.095317725752508, -0.020047571187479928, -0.014389649313212289
flux1:, 1.1020066889632103, -0.021063656088523224, -0.015195914149412466
flux1:, 1.1086956521739126, -0.022172818699346144, -0.015749114383249593
flux1:, 1.115384615384615, -0.02358664751958636, -0.01665836061415319
flux1:, 1.1220735785953173, -0.025005429523277358, -0.018108921607498742
flux1:, 1.1287625418060196, -0.026126580867317593, -0.019370746760130043
flux1:, 1.135451505016722, -0.027124850099845006, -0.019917484808825426
flux1:, 1.1421404682274243, -0.028169734690060438, -0.020160246288235588
flux1:, 1.1488294314381267, -0.029155746040511635, -0.02056148575095318
flux1:, 1.155518394648829, -0.03025619443641681, -0.021202136943422507
flux1:, 1.1622073578595313, -0.03190011235256465, -0.022319804028910227
flux1:, 1.1688963210702337, -0.03388661184717521, -0.023913068389355512
flux1:, 1.175585284280936, -0.03534989547614969, -0.025122003596632154
flux1:, 1.1822742474916383, -0.03599508195931264, -0.025335930390855806
flux1:, 1.1889632107023407, -0.0367395878752057, -0.025317361749338973
flux1:, 1.195652173913043, -0.038491335325051126, -0.025980305419058557
flux1:, 1.2023411371237454, -0.04062805080384657, -0.026810340414682405
flux1:, 1.2090301003344477, -0.04180406072636237, -0.026886717257084775
flux1:, 1.21571906354515, -0.04225099109661544, -0.026760171263172827
flux1:, 1.2224080267558524, -0.043620480699527855, -0.02755752895407578
flux1:, 1.2290969899665547, -0.04640733991223114, -0.028879911884124285
flux1:, 1.235785953177257, -0.04945881820151406, -0.02978002540911439
flux1:, 1.2424749163879594, -0.051758886826047304, -0.030847230890726773
flux1:, 1.2491638795986617, -0.05285474925995825, -0.032704850088975855
flux1:, 1.255852842809364, -0.05285753831061207, -0.03415445753451283
flux1:, 1.2625418060200664, -0.05345228393433681, -0.034573993537214374
flux1:, 1.2692307692307687, -0.056329810549091676, -0.03548087056467216
flux1:, 1.275919732441471, -0.060140721937480504, -0.037453894910276404
flux1:, 1.2826086956521734, -0.06255922880769954, -0.039089931776730376
flux1:, 1.2892976588628757, -0.06434740708265918, -0.04008019445903124
flux1:, 1.295986622073578, -0.0673595386910468, -0.04138163745116693
flux1:, 1.3026755852842804, -0.070974798381145, -0.04297264024376213
flux1:, 1.3093645484949827, -0.07395945240175872, -0.04465951724364536
flux1:, 1.316053511705685, -0.07649842192259296, -0.04656612302846417
flux1:, 1.3227424749163874, -0.0786430313833562, -0.047498240337872207
flux1:, 1.3294314381270897, -0.0802568432304842, -0.04696909859745756
flux1:, 1.336120401337792, -0.08197509025264536, -0.047506560627231235
flux1:, 1.3428093645484944, -0.08362898481626381, -0.05024438718907066
flux1:, 1.3494983277591968, -0.08437465449950646, -0.05248101083903469
flux1:, 1.356187290969899, -0.08520941798756, -0.05341896882299854
flux1:, 1.3628762541806014, -0.08750067250047759, -0.05549971988416122
flux1:, 1.3695652173913038, -0.09018049987087416, -0.05837731096294163
flux1:, 1.376254180602006, -0.09197015705566954, -0.05984590624116155
flux1:, 1.3829431438127084, -0.0937801034636142, -0.061497424868954854
flux1:, 1.3896321070234108, -0.09701325893175622, -0.06521320642566764
flux1:, 1.3963210702341131, -0.10207640069761405, -0.06820102471816054
flux1:, 1.4030100334448155, -0.10772608998185396, -0.06835858773117694
flux1:, 1.4096989966555178, -0.11089462598637721, -0.06839997980047963
flux1:, 1.4163879598662201, -0.11071009722309712, -0.07017890881414131
flux1:, 1.4230769230769225, -0.11089103986618246, -0.07173733826637928
flux1:, 1.4297658862876248, -0.11339207102464294, -0.07205392477379176
flux1:, 1.4364548494983271, -0.11520820568888447, -0.07279963001387504
flux1:, 1.4431438127090295, -0.11578392842088472, -0.0750267931028144
flux1:, 1.4498327759197318, -0.11872726003152242, -0.07784801949792561
flux1:, 1.4565217391304341, -0.123818730175648, -0.07994019129644218
flux1:, 1.4632107023411365, -0.12736954767418907, -0.08097554760011416
flux1:, 1.4698996655518388, -0.12928109805439997, -0.08163142792082369
flux1:, 1.4765886287625412, -0.13086794918997632, -0.08193084266082003
flux1:, 1.4832775919732435, -0.13123141571483066, -0.08106566329838054
flux1:, 1.4899665551839458, -0.13188293314315636, -0.07998932623393087
flux1:, 1.4966555183946482, -0.1361558349019395, -0.08109217327653657
flux1:, 1.5033444816053505, -0.14176763880370197, -0.08424690393914162
flux1:, 1.5100334448160528, -0.1436591225280985, -0.08677766319881342
flux1:, 1.5167224080267552, -0.1421175047031555, -0.08719280786420322
flux1:, 1.5234113712374575, -0.13984256178862411, -0.08601354287835469
flux1:, 1.5301003344481598, -0.1370655460046072, -0.08466585408509533
flux1:, 1.5367892976588622, -0.13511766453750237, -0.08485221224841986
flux1:, 1.5434782608695645, -0.13654317400786573, -0.08643465600517698
flux1:, 1.5501672240802669, -0.13952907968951705, -0.0871733246437876
flux1:, 1.5568561872909692, -0.1404724394293652, -0.08682102204460722
flux1:, 1.5635451505016715, -0.14054416525179084, -0.08742350835740167
flux1:, 1.5702341137123739, -0.14246183802244142, -0.0884487231469432
flux1:, 1.5769230769230762, -0.14451520907452944, -0.08759283144260616
flux1:, 1.5836120401337785, -0.1435844500640678, -0.08605695129747656
flux1:, 1.5903010033444809, -0.14057174263118563, -0.08709657934380259
flux1:, 1.5969899665551832, -0.13919541727766546, -0.09111989522992478
flux1:, 1.6036789297658856, -0.14118756390778098, -0.09590591147720759
flux1:, 1.610367892976588, -0.1444206292511383, -0.09879869474352213
flux1:, 1.6170568561872902, -0.14614731742582088, -0.09839948512107792
flux1:, 1.6237458193979926, -0.14684869256083766, -0.09686331509366619
flux1:, 1.630434782608695, -0.14813252620741527, -0.09735756157634168
flux1:, 1.6371237458193972, -0.14878894402586496, -0.09856068632136299
flux1:, 1.6438127090300996, -0.14764925723293298, -0.09801202307293637
flux1:, 1.650501672240802, -0.14716539799123793, -0.09832263927405172
flux1:, 1.6571906354515042, -0.14885786534111728, -0.10168527316875
flux1:, 1.6638795986622066, -0.14988706147199776, -0.10399656962592012
flux1:, 1.670568561872909, -0.1484867158541592, -0.1026059814815786
flux1:, 1.6772575250836113, -0.14680798047036775, -0.10152188548392602
flux1:, 1.6839464882943136, -0.1460347530267389, -0.10302027519538844
flux1:, 1.690635451505016, -0.14517672039156493, -0.10398859693174266
flux1:, 1.6973244147157183, -0.14451352676004178, -0.10324754630352023
flux1:, 1.7040133779264206, -0.14436661740634846, -0.1028762165952589
flux1:, 1.710702341137123, -0.14311520383544932, -0.10296330704429928
flux1:, 1.7173913043478253, -0.14066712509068185, -0.10255103475168863
flux1:, 1.7240802675585276, -0.13947628187601885, -0.10245818606264966
flux1:, 1.73076923076923, -0.14006426345592318, -0.10296243616011407
flux1:, 1.7374581939799323, -0.14047452055228746, -0.10328157052640302
flux1:, 1.7441471571906346, -0.13994152765300077, -0.1039119169553259
flux1:, 1.750836120401337, -0.13888775594803263, -0.10504186986957056
flux1:, 1.7575250836120393, -0.13728853981846628, -0.10502399986945461
flux1:, 1.7642140468227416, -0.13556277272247352, -0.10348486393234077
flux1:, 1.770903010033444, -0.13423052968188012, -0.1020401724852057
flux1:, 1.7775919732441463, -0.13237846262689232, -0.1009884576158889
flux1:, 1.7842809364548486, -0.12934374120400047, -0.09938243834922739
flux1:, 1.790969899665551, -0.1263662493757328, -0.09744403182995812
flux1:, 1.7976588628762533, -0.12440852275310027, -0.09591364919347292
flux1:, 1.8043478260869557, -0.12280249983707689, -0.09495240370603068
flux1:, 1.811036789297658, -0.12090444705516833, -0.09467576521707495
flux1:, 1.8177257525083603, -0.11856069747946053, -0.09451285859811062
flux1:, 1.8244147157190627, -0.11534278230071571, -0.09285390434049445
flux1:, 1.831103678929765, -0.11123640488306917, -0.08917857155162358
flux1:, 1.8377926421404673, -0.10703837395954358, -0.0849013981336915
flux1:, 1.8444816053511697, -0.10328533455243398, -0.08144435987374052
flux1:, 1.851170568561872, -0.09990108490177212, -0.07911535026371361
flux1:, 1.8578595317725743, -0.09662943113520098, -0.07737138215810348
flux1:, 1.8645484949832767, -0.09311837524549244, -0.07517101433662582
flux1:, 1.871237458193979, -0.08933678350210289, -0.07207387787619707
flux1:, 1.8779264214046814, -0.08576981590519255, -0.06882009541573583
flux1:, 1.8846153846153837, -0.08247514176589996, -0.06595404984915398
flux1:, 1.891304347826086, -0.07893562328985018, -0.06317650438987847
flux1:, 1.8979933110367884, -0.07518238583333164, -0.06035058778351955
flux1:, 1.9046822742474907, -0.07159959961029773, -0.05745249505839486
flux1:, 1.911371237458193, -0.0679038232507987, -0.054182608695892275
flux1:, 1.9180602006688954, -0.0638466182935078, -0.05093438963592749
flux1:, 1.9247491638795977, -0.06007503798473998, -0.048521016168728164
flux1:, 1.9314381270903, -0.05702272630441622, -0.04648058857720846
flux1:, 1.9381270903010024, -0.05409332092624006, -0.0437454354481289
flux1:, 1.9448160535117047, -0.05076694762290967, -0.040449230527390426
flux1:, 1.951505016722407, -0.04735744299441725, -0.03725505056331203
flux1:, 1.9581939799331094, -0.04427782201828906, -0.03430962156371295
flux1:, 1.9648829431438117, -0.04151451223803589, -0.031852005254163054
flux1:, 1.971571906354514, -0.038937650848688395, -0.03003568877011995
flux1:, 1.9782608695652164, -0.036474891696293234, -0.028198506577031556
flux1:, 1.9849498327759187, -0.034023778699404233, -0.025896205733792914
flux1:, 1.991638795986621, -0.031579473742961446, -0.023672861442522047
flux1:, 1.9983277591973234, -0.029317687718951754, -0.021913216483046734
flux1:, 2.0050167224080258, -0.027316580521901578, -0.02039193404817931
flux1:, 2.011705685618728, -0.025400632076941532, -0.018995581509533985
flux1:, 2.0183946488294304, -0.023463350505154097, -0.017617499271005303
flux1:, 2.0250836120401328, -0.02167500695785131, -0.016081746065914268
flux1:, 2.031772575250835, -0.02015415580883091, -0.014737120884294049
flux1:, 2.0384615384615374, -0.018751740324405755, -0.013910121678567934
flux1:, 2.0451505016722398, -0.017352847575854903, -0.013096118966868658
flux1:, 2.051839464882942, -0.016049924847939014, -0.01192460292999982
flux1:, 2.0585284280936444, -0.014901924504504506, -0.010860978392317778
flux1:, 2.065217391304347, -0.013841137905882405, -0.010139323189343475
flux1:, 2.071906354515049, -0.012833620149091788, -0.00942630306323492
flux1:, 2.0785953177257515, -0.011894114817718805, -0.008697646076072532
flux1:, 2.085284280936454, -0.011010567885991345, -0.0081104457170804
flux1:, 2.091973244147156, -0.01017905092314239, -0.00748834429752102
flux1:, 2.0986622073578585, -0.009416312239396063, -0.006817002097029541
flux1:, 2.105351170568561, -0.008716074568374853, -0.006366938275060206
flux1:, 2.112040133779263, -0.00805848376383912, -0.0060487646036654985
flux1:, 2.1187290969899655, -0.007426855578608187, -0.005581501871422692
flux1:, 2.125418060200668, -0.006814585214900721, -0.005040542352429184
flux1:, 2.13210702341137, -0.006248431064384149, -0.004577802672348557
flux1:, 2.1387959866220725, -0.005749216179300651, -0.004170812023383622
flux1:, 2.145484949832775, -0.005288394654705616, -0.003864161818057411
flux1:, 2.152173913043477, -0.0048541702092384205, -0.0036594391280911276
flux1:, 2.1588628762541795, -0.004472023722265629, -0.003377565060058239
flux1:, 2.165551839464882, -0.004118643166389832, -0.0030122536651248076
flux1:, 2.172240802675584, -0.0037506265924827143, -0.0027389586995386797
flux1:, 2.1789297658862865, -0.0034017287357994024, -0.0025254793943968743
flux1:, 2.185618729096989, -0.003117379418283064, -0.0022646359878439755
flux1:, 2.192307692307691, -0.0028686907633494185, -0.0020445043700632955
flux1:, 2.1989966555183935, -0.0026225735078019706, -0.0019080658780406955
flux1:, 2.205685618729096, -0.0023900687002328612, -0.001751945050255805
flux1:, 2.212374581939798, -0.002176826912723701, -0.0015812535463032066
flux1:, 2.2190635451505005, -0.0019813919145953893, -0.001463298920889587
flux1:, 2.225752508361203, -0.001814232182182608, -0.0013548681216583763
flux1:, 2.232441471571905, -0.0016678326413869398, -0.0012356716151811127
flux1:, 2.2391304347826075, -0.0015257507862134639, -0.0011500147489407618
flux1:, 2.24581939799331, -0.0013949864047346978, -0.0010615739771519103
flux1:, 2.252508361204012, -0.0012756679439243183, -9.345415011135869e-4
flux1:, 2.2591973244147145, -0.0011508339425072701, -8.330614105350474e-4
flux1:, 2.265886287625417, -0.0010319026825165735, -7.748922851307502e-4
flux1:, 2.272575250836119, -9.433097436884714e-4, -7.060908426378324e-4
flux1:, 2.2792642140468216, -8.723513233682387e-4, -6.376775262211736e-4
flux1:, 2.285953177257524, -7.960749187484762e-4, -5.95365240274768e-4
flux1:, 2.2926421404682262, -7.197003030714173e-4, -5.42015099227233e-4
flux1:, 2.2993311036789286, -6.519422226043943e-4, -4.753012488847665e-4
flux1:, 2.306020066889631, -5.89225917007609e-4, -4.3524579943521937e-4
flux1:, 2.3127090301003332, -5.326104570414113e-4, -4.058500099365085e-4
flux1:, 2.3193979933110356, -4.8390797933147285e-4, -3.609751436332218e-4
flux1:, 2.326086956521738, -4.379961123651942e-4, -3.241040156739504e-4
flux1:, 2.3327759197324403, -3.95130917470641e-4, -3.0018338788308257e-4
flux1:, 2.3394648829431426, -3.591711589687815e-4, -2.692579861945957e-4
flux1:, 2.346153846153845, -3.2638699798515894e-4, -2.436428109955545e-4
flux1:, 2.3528428093645473, -2.9395328901140325e-4, -2.305179363325483e-4
flux1:, 2.3595317725752496, -2.654654407644193e-4, -2.0793739318005635e-4
flux1:, 2.366220735785952, -2.4086737069876435e-4, -1.8116815507760267e-4
flux1:, 2.3729096989966543, -2.1718165723959914e-4, -1.6910411171557952e-4
flux1:, 2.3795986622073566, -1.9570532830261286e-4, -1.5651857771434795e-4
flux1:, 2.386287625418059, -1.7709512820475326e-4, -1.3439830899772523e-4
flux1:, 2.3929765886287613, -1.590863299366729e-4, -1.2114999680552593e-4
flux1:, 2.3996655518394636, -1.4259910602439614e-4, -1.1472985960754758e-4
flux1:, 2.406354515050166, -1.2947686787867299e-4, -1.0092718192340587e-4
flux1:, 2.4130434782608683, -1.1751325197621038e-4, -8.950423041866705e-5
flux1:, 2.4197324414715706, -1.0523755424316011e-4, -8.565540329944734e-5
flux1:, 2.426421404682273, -9.45580012054858e-5, -7.688810242003532e-5
flux1:, 2.4331103678929753, -8.572725146034567e-5, -6.656978590250943e-5
flux1:, 2.4397993311036776, -7.715556819190156e-5, -6.378891598095235e-5
flux1:, 2.44648829431438, -6.919214233343345e-5, -5.907514922968927e-5
flux1:, 2.4531772575250823, -6.250611308340859e-5, -4.930183894358224e-5
flux1:, 2.4598662207357846, -5.608774341405931e-5, -4.5041484733595024e-5
flux1:, 2.466555183946487, -4.974519202234334e-5, -4.33201829194735e-5
flux1:, 2.4732441471571893, -4.452668596356143e-5, -3.67088717531931e-5
flux1:, 2.4799331103678917, -4.018940580749489e-5, -3.208286392825055e-5
flux1:, 2.486622073578594, -3.581181217815398e-5, -3.163792789159796e-5
flux1:, 2.4933110367892963, -3.174502038929453e-5, -2.778383425723635e-5
flux1:, 2.4999999999999987, -2.8461925936661062e-5, -2.2962984756465738e-5

Elapsed run time = 1931.47 s
