command-line param: no-struct=false
command-line param: no-holes=true
command-line param: time=500
-----------
Initializing structure...
Working in 3D dimensions.
Computational cell is 4 x 4 x 5 with resolution 40
     block, center = (0,0,0)
          size (1e+20,1e+20,0.15)
          axes (1,0,0), (0,1,0), (0,0,1)
          dielectric constant epsilon diagonal = (12,12,12)
subpixel-averaging is 40.7832% done, 5.81398 s remaining
subpixel-averaging is 80.3723% done, 0.979536 s remaining
subpixel-averaging is 36.0986% done, 7.12055 s remaining
subpixel-averaging is 79.0864% done, 1.06314 s remaining
subpixel-averaging is 13.8754% done, 24.855 s remaining
subpixel-averaging is 24.7358% done, 12.1834 s remaining
subpixel-averaging is 37.6062% done, 6.65627 s remaining
subpixel-averaging is 48.5638% done, 4.23709 s remaining
subpixel-averaging is 61.2073% done, 2.53744 s remaining
subpixel-averaging is 74.8557% done, 1.35272 s remaining
subpixel-averaging is 88.6014% done, 0.516801 s remaining
subpixel-averaging is 39.1298% done, 6.22469 s remaining
subpixel-averaging is 80.1886% done, 0.990152 s remaining
subpixel-averaging is 41.2424% done, 5.70566 s remaining
subpixel-averaging is 77.5248% done, 1.16555 s remaining
subpixel-averaging is 14.0374% done, 24.5032 s remaining
subpixel-averaging is 28.3343% done, 10.1452 s remaining
subpixel-averaging is 42.3718% done, 5.45777 s remaining
subpixel-averaging is 56.7659% done, 3.06456 s remaining
subpixel-averaging is 70.6412% done, 1.66926 s remaining
subpixel-averaging is 84.6463% done, 0.728443 s remaining
subpixel-averaging is 99.0404% done, 0.0388699 s remaining
subpixel-averaging is 40.875% done, 5.78726 s remaining
subpixel-averaging is 79.6375% done, 1.02498 s remaining
subpixel-averaging is 36.8334% done, 6.8612 s remaining
subpixel-averaging is 79.8212% done, 1.01479 s remaining
subpixel-averaging is 14.1347% done, 24.4188 s remaining
subpixel-averaging is 28.7233% done, 9.96605 s remaining
subpixel-averaging is 38.9029% done, 6.30036 s remaining
subpixel-averaging is 51.9354% done, 3.70484 s remaining
subpixel-averaging is 66.3943% done, 2.03685 s remaining
subpixel-averaging is 79.9455% done, 1.00966 s remaining
subpixel-averaging is 93.2698% done, 0.289586 s remaining
time for set_epsilon = 153.51 s
time for set_conductivity = 2.12934 s
time for set_conductivity = 1.78533 s
time for set_conductivity = 1.92703 s
-----------
