--------------------------------------------------------------------------
[[14254,1],0]: A high-performance Open MPI point-to-point messaging module
was unable to find any relevant network interfaces:

Module: OpenFabrics (openib)
  Host: euca-128-84-11-54

Another transport will be used instead, although this may result in
lower performance.
--------------------------------------------------------------------------
Using MPI version 3.0, 12 processes
command-line param: no-struct=false
command-line param: no-holes=false
command-line param: time=150
-----------
Initializing structure...
Working in 3D dimensions.
Computational cell is 4 x 4 x 5 with resolution 40
     block, center = (0,0,0)
          size (1e+20,1e+20,0.15)
          axes (1,0,0), (0,1,0), (0,0,1)
          dielectric constant epsilon diagonal = (12,12,12)
     cylinder, center = (0.942,0.25,0)
          radius 0.26, height 0.15, axis (0, 0, 1)
          dielectric constant epsilon diagonal = (1,1,1)
     cylinder, center = (0.073,0.259,0)
          radius 0.144, height 0.15, axis (0, 0, 1)
          dielectric constant epsilon diagonal = (1,1,1)
     cylinder, center = (3.909,3.747,0)
          radius 0.194, height 0.15, axis (0, 0, 1)
          dielectric constant epsilon diagonal = (1,1,1)
     cylinder, center = (1.13,3.685,0)
          radius 0.25, height 0.15, axis (0, 0, 1)
          dielectric constant epsilon diagonal = (1,1,1)
     cylinder, center = (1.533,2.332,0)
          radius 0.241, height 0.15, axis (0, 0, 1)
          dielectric constant epsilon diagonal = (1,1,1)
     cylinder, center = (3.734,1.164,0)
          radius 0.19, height 0.15, axis (0, 0, 1)
          dielectric constant epsilon diagonal = (1,1,1)
     cylinder, center = (0.287,2.548,0)
          radius 0.145, height 0.15, axis (0, 0, 1)
          dielectric constant epsilon diagonal = (1,1,1)
     cylinder, center = (2.764,3.691,0)
          radius 0.298, height 0.15, axis (0, 0, 1)
          dielectric constant epsilon diagonal = (1,1,1)
     cylinder, center = (2.493,1.289,0)
          radius 0.292, height 0.15, axis (0, 0, 1)
          dielectric constant epsilon diagonal = (1,1,1)
     cylinder, center = (0.827,1.934,0)
          radius 0.205, height 0.15, axis (0, 0, 1)
          dielectric constant epsilon diagonal = (1,1,1)
     cylinder, center = (0.666,1.518,0)
          radius 0.217, height 0.15, axis (0, 0, 1)
          dielectric constant epsilon diagonal = (1,1,1)
     cylinder, center = (2.371,3.221,0)
          radius 0.177, height 0.15, axis (0, 0, 1)
          dielectric constant epsilon diagonal = (1,1,1)
     cylinder, center = (0.213,3.951,0)
          radius 0.11, height 0.15, axis (0, 0, 1)
          dielectric constant epsilon diagonal = (1,1,1)
     cylinder, center = (0.641,2.303,0)
          radius 0.155, height 0.15, axis (0, 0, 1)
          dielectric constant epsilon diagonal = (1,1,1)
     cylinder, center = (1.928,0.331,0)
          radius 0.178, height 0.15, axis (0, 0, 1)
          dielectric constant epsilon diagonal = (1,1,1)
     cylinder, center = (2.218,2.394,0)
          radius 0.281, height 0.15, axis (0, 0, 1)
          dielectric constant epsilon diagonal = (1,1,1)
     cylinder, center = (1.944,1,0)
          radius 0.221, height 0.15, axis (0, 0, 1)
          dielectric constant epsilon diagonal = (1,1,1)
     cylinder, center = (3.409,3.271,0)
          radius 0.223, height 0.15, axis (0, 0, 1)
          dielectric constant epsilon diagonal = (1,1,1)
     cylinder, center = (0.957,1.11,0)
          radius 0.266, height 0.15, axis (0, 0, 1)
          dielectric constant epsilon diagonal = (1,1,1)
     cylinder, center = (3.356,0.939,0)
          radius 0.235, height 0.15, axis (0, 0, 1)
          dielectric constant epsilon diagonal = (1,1,1)
     cylinder, center = (3.187,2.634,0)
          radius 0.19, height 0.15, axis (0, 0, 1)
          dielectric constant epsilon diagonal = (1,1,1)
     cylinder, center = (3.044,1.196,0)
          radius 0.158, height 0.15, axis (0, 0, 1)
          dielectric constant epsilon diagonal = (1,1,1)
     cylinder, center = (2.272,1.846,0)
          radius 0.262, height 0.15, axis (0, 0, 1)
          dielectric constant epsilon diagonal = (1,1,1)
     cylinder, center = (1.798,1.611,0)
          radius 0.209, height 0.15, axis (0, 0, 1)
          dielectric constant epsilon diagonal = (1,1,1)
     cylinder, center = (3.99,3.186,0)
          radius 0.147, height 0.15, axis (0, 0, 1)
          dielectric constant epsilon diagonal = (1,1,1)
     cylinder, center = (3.713,0.483,0)
          radius 0.226, height 0.15, axis (0, 0, 1)
          dielectric constant epsilon diagonal = (1,1,1)
     cylinder, center = (0.493,0.051,0)
          radius 0.181, height 0.15, axis (0, 0, 1)
          dielectric constant epsilon diagonal = (1,1,1)
     cylinder, center = (1.718,3.881,0)
          radius 0.166, height 0.15, axis (0, 0, 1)
          dielectric constant epsilon diagonal = (1,1,1)
     cylinder, center = (3.589,1.605,0)
          radius 0.209, height 0.15, axis (0, 0, 1)
          dielectric constant epsilon diagonal = (1,1,1)
     cylinder, center = (0.302,1.859,0)
          radius 0.086, height 0.15, axis (0, 0, 1)
          dielectric constant epsilon diagonal = (1,1,1)
     cylinder, center = (1.969,3.224,0)
          radius 0.175, height 0.15, axis (0, 0, 1)
          dielectric constant epsilon diagonal = (1,1,1)
     cylinder, center = (0.412,3.226,0)
          radius 0.166, height 0.15, axis (0, 0, 1)
          dielectric constant epsilon diagonal = (1,1,1)
     cylinder, center = (1.189,2.707,0)
          radius 0.122, height 0.15, axis (0, 0, 1)
          dielectric constant epsilon diagonal = (1,1,1)
     cylinder, center = (2.806,0.571,0)
          radius 0.138, height 0.15, axis (0, 0, 1)
          dielectric constant epsilon diagonal = (1,1,1)
     cylinder, center = (3.85,2.192,0)
          radius 0.195, height 0.15, axis (0, 0, 1)
          dielectric constant epsilon diagonal = (1,1,1)
     cylinder, center = (2.656,1.701,0)
          radius 0.132, height 0.15, axis (0, 0, 1)
          dielectric constant epsilon diagonal = (1,1,1)
     cylinder, center = (3.816,2.563,0)
          radius 0.144, height 0.15, axis (0, 0, 1)
          dielectric constant epsilon diagonal = (1,1,1)
     cylinder, center = (3.454,3.797,0)
          radius 0.134, height 0.15, axis (0, 0, 1)
          dielectric constant epsilon diagonal = (1,1,1)
     cylinder, center = (0.75,3.214,0)
          radius 0.16, height 0.15, axis (0, 0, 1)
          dielectric constant epsilon diagonal = (1,1,1)
subpixel-averaging is 54.4337% done, 3.37024 s remaining
subpixel-averaging is 51.821% done, 3.73621 s remaining
subpixel-averaging is 80.0177% done, 1.00344 s remaining
subpixel-averaging is 51.821% done, 3.76245 s remaining
subpixel-averaging is 77.296% done, 1.17548 s remaining
subpixel-averaging is 52.202% done, 3.68383 s remaining
time for set_epsilon = 40.3469 s
time for set_conductivity = 0.342071 s
time for set_conductivity = 0.37246 s
time for set_conductivity = 0.373489 s
-----------
Meep progress: 0.0125/150.0 = 0.0% done in 58.5s, 701820.1s to go
on time step 1 (time=0.0125), 58.523 s/step
Meep progress: 0.225/150.0 = 0.2% done in 62.7s, 41730.4s to go
on time step 18 (time=0.225), 0.246195 s/step
Meep progress: 0.4375/150.0 = 0.3% done in 66.9s, 22854.4s to go
on time step 35 (time=0.4375), 0.24461 s/step
Meep progress: 0.65/150.0 = 0.4% done in 71.0s, 16310.3s to go
on time step 52 (time=0.65), 0.243774 s/step
Meep progress: 0.8500000000000001/150.0 = 0.6% done in 75.2s, 13197.2s to go
on time step 68 (time=0.85), 0.264786 s/step
Meep progress: 1.05/150.0 = 0.7% done in 79.2s, 11239.9s to go
on time step 84 (time=1.05), 0.251449 s/step
Meep progress: 1.2625000000000002/150.0 = 0.8% done in 83.4s, 9827.1s to go
on time step 101 (time=1.2625), 0.244936 s/step
Meep progress: 1.475/150.0 = 1.0% done in 87.6s, 8819.8s to go
on time step 118 (time=1.475), 0.245525 s/step
Meep progress: 1.6625/150.0 = 1.1% done in 91.7s, 8182.9s to go
on time step 133 (time=1.6625), 0.275726 s/step
Meep progress: 1.8875000000000002/150.0 = 1.3% done in 95.9s, 7528.2s to go
on time step 151 (time=1.8875), 0.232816 s/step
Meep progress: 2.1125000000000003/150.0 = 1.4% done in 100.1s, 7008.5s to go
on time step 169 (time=2.1125), 0.232279 s/step
Meep progress: 2.3375/150.0 = 1.6% done in 104.3s, 6588.3s to go
on time step 187 (time=2.3375), 0.233579 s/step
Meep progress: 2.5500000000000003/150.0 = 1.7% done in 108.4s, 6265.4s to go
on time step 204 (time=2.55), 0.238963 s/step
Meep progress: 2.7625/150.0 = 1.8% done in 112.5s, 5996.8s to go
on time step 221 (time=2.7625), 0.244759 s/step
Meep progress: 2.975/150.0 = 2.0% done in 116.7s, 5767.9s to go
on time step 238 (time=2.975), 0.245094 s/step
Meep progress: 3.1875/150.0 = 2.1% done in 120.7s, 5560.8s to go
on time step 255 (time=3.1875), 0.238002 s/step
Meep progress: 3.4125/150.0 = 2.3% done in 125.0s, 5367.5s to go
on time step 273 (time=3.4125), 0.233087 s/step
Meep progress: 3.6375/150.0 = 2.4% done in 129.1s, 5194.8s to go
on time step 291 (time=3.6375), 0.23244 s/step
Meep progress: 3.8125/150.0 = 2.5% done in 133.1s, 5104.2s to go
on time step 305 (time=3.8125), 0.286271 s/step
Meep progress: 4.025/150.0 = 2.7% done in 137.3s, 4980.4s to go
on time step 322 (time=4.025), 0.245632 s/step
Meep progress: 4.2375/150.0 = 2.8% done in 141.5s, 4866.2s to go
on time step 339 (time=4.2375), 0.244589 s/step
Meep progress: 4.45/150.0 = 3.0% done in 145.6s, 4763.5s to go
on time step 356 (time=4.45), 0.245251 s/step
Meep progress: 4.6625000000000005/150.0 = 3.1% done in 149.8s, 4668.7s to go
on time step 373 (time=4.6625), 0.244668 s/step
Meep progress: 4.875/150.0 = 3.2% done in 153.9s, 4582.9s to go
on time step 390 (time=4.875), 0.243292 s/step
Meep progress: 5.075/150.0 = 3.4% done in 158.1s, 4514.5s to go
on time step 406 (time=5.075), 0.259307 s/step
Meep progress: 5.2625/150.0 = 3.5% done in 162.1s, 4458.0s to go
on time step 422 (time=5.275), 0.263755 s/step
Meep progress: 5.4750000000000005/150.0 = 3.6% done in 166.2s, 4386.3s to go
on time step 439 (time=5.4875), 0.239159 s/step
Meep progress: 5.6875/150.0 = 3.8% done in 170.3s, 4320.5s to go
on time step 456 (time=5.7), 0.239602 s/step
Meep progress: 5.875/150.0 = 3.9% done in 174.4s, 4278.6s to go
on time step 471 (time=5.8875), 0.27755 s/step
Meep progress: 6.075/150.0 = 4.0% done in 178.4s, 4226.9s to go
on time step 488 (time=6.1), 0.247605 s/step
Meep progress: 6.2875000000000005/150.0 = 4.2% done in 182.6s, 4173.1s to go
on time step 505 (time=6.3125), 0.243703 s/step
Meep progress: 6.5/150.0 = 4.3% done in 186.7s, 4121.4s to go
on time step 522 (time=6.525), 0.241816 s/step
Meep progress: 6.7125/150.0 = 4.5% done in 190.8s, 4073.4s to go
on time step 539 (time=6.7375), 0.243114 s/step
Meep progress: 6.925000000000001/150.0 = 4.6% done in 195.0s, 4028.3s to go
on time step 556 (time=6.95), 0.243164 s/step
Meep progress: 7.1000000000000005/150.0 = 4.7% done in 199.1s, 4007.5s to go
on time step 570 (time=7.125), 0.300826 s/step
Meep progress: 7.300000000000001/150.0 = 4.9% done in 203.2s, 3972.4s to go
on time step 587 (time=7.3375), 0.250187 s/step
Meep progress: 7.5125/150.0 = 5.0% done in 207.4s, 3933.1s to go
on time step 604 (time=7.55), 0.241645 s/step
Meep progress: 7.7250000000000005/150.0 = 5.2% done in 211.5s, 3895.2s to go
on time step 621 (time=7.7625), 0.241992 s/step
Meep progress: 7.9375/150.0 = 5.3% done in 215.7s, 3859.7s to go
on time step 638 (time=7.975), 0.243235 s/step
Meep progress: 8.15/150.0 = 5.4% done in 219.8s, 3825.4s to go
on time step 655 (time=8.1875), 0.242009 s/step
Meep progress: 8.35/150.0 = 5.6% done in 224.0s, 3799.2s to go
on time step 671 (time=8.3875), 0.26118 s/step
Meep progress: 8.5625/150.0 = 5.7% done in 228.2s, 3768.7s to go
on time step 688 (time=8.6), 0.242809 s/step
Meep progress: 8.775/150.0 = 5.9% done in 232.3s, 3738.4s to go
on time step 705 (time=8.8125), 0.249005 s/step
Meep progress: 8.9375/150.0 = 6.0% done in 236.3s, 3730.2s to go
on time step 718 (time=8.975), 0.311557 s/step
Meep progress: 9.137500000000001/150.0 = 6.1% done in 240.4s, 3706.0s to go
on time step 735 (time=9.1875), 0.247073 s/step
Meep progress: 9.35/150.0 = 6.2% done in 244.6s, 3679.0s to go
on time step 752 (time=9.4), 0.243882 s/step
Meep progress: 9.5625/150.0 = 6.4% done in 248.7s, 3653.1s to go
on time step 768 (time=9.6), 0.266986 s/step
Meep progress: 9.7375/150.0 = 6.5% done in 252.8s, 3642.0s to go
on time step 784 (time=9.8), 0.260692 s/step
Meep progress: 9.950000000000001/150.0 = 6.6% done in 257.0s, 3617.7s to go
on time step 799 (time=9.9875), 0.273168 s/step
Meep progress: 10.125/150.0 = 6.8% done in 261.0s, 3606.1s to go
on time step 815 (time=10.1875), 0.257792 s/step
Meep progress: 10.3375/150.0 = 6.9% done in 265.2s, 3582.9s to go
on time step 832 (time=10.4), 0.244392 s/step
Meep progress: 10.55/150.0 = 7.0% done in 269.3s, 3560.1s to go
on time step 849 (time=10.6125), 0.248915 s/step
Meep progress: 10.75/150.0 = 7.2% done in 273.5s, 3543.0s to go
on time step 865 (time=10.8125), 0.253641 s/step
Meep progress: 10.9625/150.0 = 7.3% done in 277.6s, 3521.4s to go
on time step 882 (time=11.025), 0.241068 s/step
Meep progress: 11.175/150.0 = 7.4% done in 281.8s, 3500.5s to go
on time step 899 (time=11.2375), 0.242212 s/step
Meep progress: 11.387500000000001/150.0 = 7.6% done in 285.9s, 3480.6s to go
on time step 916 (time=11.45), 0.241501 s/step
Meep progress: 11.5875/150.0 = 7.7% done in 290.0s, 3464.4s to go
on time step 932 (time=11.65), 0.261091 s/step
Meep progress: 11.762500000000001/150.0 = 7.8% done in 294.3s, 3458.4s to go
on time step 945 (time=11.8125), 0.310126 s/step
Meep progress: 11.9625/150.0 = 8.0% done in 298.3s, 3442.3s to go
on time step 962 (time=12.025), 0.242256 s/step
Meep progress: 12.175/150.0 = 8.1% done in 302.4s, 3423.2s to go
on time step 979 (time=12.2375), 0.23913 s/step
Meep progress: 12.387500000000001/150.0 = 8.3% done in 306.5s, 3404.6s to go
on time step 996 (time=12.45), 0.240127 s/step
Meep progress: 12.575000000000001/150.0 = 8.4% done in 310.6s, 3394.2s to go
on time step 1011 (time=12.6375), 0.271383 s/step
Meep progress: 12.787500000000001/150.0 = 8.5% done in 314.7s, 3376.9s to go
on time step 1028 (time=12.85), 0.241896 s/step
Meep progress: 13.0/150.0 = 8.7% done in 318.8s, 3360.1s to go
on time step 1044 (time=13.05), 0.261044 s/step
Meep progress: 13.1875/150.0 = 8.8% done in 323.1s, 3351.6s to go
on time step 1060 (time=13.25), 0.256749 s/step
Meep progress: 13.4/150.0 = 8.9% done in 327.1s, 3334.9s to go
on time step 1077 (time=13.4625), 0.239293 s/step
Meep progress: 13.6125/150.0 = 9.1% done in 331.2s, 3318.6s to go
on time step 1094 (time=13.675), 0.23969 s/step
Meep progress: 13.825000000000001/150.0 = 9.2% done in 335.3s, 3303.0s to go
on time step 1111 (time=13.8875), 0.239955 s/step
Meep progress: 14.037500000000001/150.0 = 9.4% done in 339.4s, 3287.1s to go
on time step 1128 (time=14.1), 0.240459 s/step
Meep progress: 14.25/150.0 = 9.5% done in 343.5s, 3272.4s to go
on time step 1145 (time=14.3125), 0.239672 s/step
Meep progress: 14.4625/150.0 = 9.6% done in 347.6s, 3257.3s to go
on time step 1162 (time=14.525), 0.238296 s/step
Meep progress: 14.662500000000001/150.0 = 9.8% done in 351.7s, 3246.4s to go
on time step 1177 (time=14.7125), 0.273609 s/step
Meep progress: 14.8375/150.0 = 9.9% done in 355.9s, 3242.0s to go
on time step 1191 (time=14.8875), 0.290305 s/step
Meep progress: 15.05/150.0 = 10.0% done in 360.1s, 3228.8s to go
on time step 1208 (time=15.1), 0.240585 s/step
Meep progress: 15.262500000000001/150.0 = 10.2% done in 364.1s, 3214.6s to go
on time step 1225 (time=15.3125), 0.240001 s/step
Meep progress: 15.475000000000001/150.0 = 10.3% done in 368.2s, 3201.1s to go
on time step 1242 (time=15.525), 0.23938 s/step
Meep progress: 15.6875/150.0 = 10.5% done in 372.3s, 3187.8s to go
on time step 1259 (time=15.7375), 0.238654 s/step
Meep progress: 15.875/150.0 = 10.6% done in 376.3s, 3179.6s to go
on time step 1274 (time=15.925), 0.278767 s/step
Meep progress: 16.075/150.0 = 10.7% done in 380.5s, 3169.9s to go
on time step 1290 (time=16.125), 0.262516 s/step
Meep progress: 16.2625/150.0 = 10.8% done in 384.7s, 3163.5s to go
on time step 1306 (time=16.325), 0.262038 s/step
Meep progress: 16.475/150.0 = 11.0% done in 388.8s, 3150.8s to go
on time step 1323 (time=16.5375), 0.238144 s/step
Meep progress: 16.6875/150.0 = 11.1% done in 392.8s, 3138.3s to go
on time step 1340 (time=16.75), 0.237441 s/step
Meep progress: 16.900000000000002/150.0 = 11.3% done in 396.9s, 3125.9s to go
on time step 1357 (time=16.9625), 0.239313 s/step
Meep progress: 17.1125/150.0 = 11.4% done in 401.0s, 3114.1s to go
on time step 1374 (time=17.175), 0.240554 s/step
Meep progress: 17.325/150.0 = 11.5% done in 405.1s, 3102.4s to go
on time step 1390 (time=17.375), 0.255599 s/step
Meep progress: 17.5125/150.0 = 11.7% done in 409.3s, 3096.2s to go
on time step 1406 (time=17.575), 0.260993 s/step
Meep progress: 17.725/150.0 = 11.8% done in 413.4s, 3085.0s to go
on time step 1423 (time=17.7875), 0.242362 s/step
Meep progress: 17.9375/150.0 = 12.0% done in 417.6s, 3074.2s to go
on time step 1440 (time=18), 0.243772 s/step
Meep progress: 18.150000000000002/150.0 = 12.1% done in 421.7s, 3063.8s to go
on time step 1457 (time=18.2125), 0.245873 s/step
Meep progress: 18.337500000000002/150.0 = 12.2% done in 425.9s, 3058.0s to go
on time step 1471 (time=18.3875), 0.28686 s/step
Meep progress: 18.55/150.0 = 12.4% done in 430.1s, 3047.6s to go
on time step 1488 (time=18.6), 0.245178 s/step
Meep progress: 18.75/150.0 = 12.5% done in 434.2s, 3039.7s to go
on time step 1504 (time=18.8), 0.251773 s/step
Meep progress: 18.962500000000002/150.0 = 12.6% done in 438.3s, 3029.0s to go
on time step 1521 (time=19.0125), 0.239405 s/step
Meep progress: 19.175/150.0 = 12.8% done in 442.4s, 3018.1s to go
on time step 1538 (time=19.225), 0.236115 s/step
Meep progress: 19.387500000000003/150.0 = 12.9% done in 446.5s, 3007.7s to go
on time step 1555 (time=19.4375), 0.23971 s/step
Meep progress: 19.6/150.0 = 13.1% done in 450.5s, 2997.2s to go
on time step 1572 (time=19.65), 0.235893 s/step
Meep progress: 19.7875/150.0 = 13.2% done in 454.6s, 2991.7s to go
on time step 1587 (time=19.8375), 0.285371 s/step
Meep progress: 19.975/150.0 = 13.3% done in 458.9s, 2987.1s to go
on time step 1602 (time=20.025), 0.274313 s/step
Meep progress: 20.1875/150.0 = 13.5% done in 463.0s, 2977.2s to go
on time step 1619 (time=20.2375), 0.241489 s/step
Meep progress: 20.400000000000002/150.0 = 13.6% done in 467.1s, 2967.5s to go
on time step 1636 (time=20.45), 0.241536 s/step
Meep progress: 20.587500000000002/150.0 = 13.7% done in 471.2s, 2961.9s to go
on time step 1651 (time=20.6375), 0.278064 s/step
Meep progress: 20.8/150.0 = 13.9% done in 475.4s, 2953.2s to go
on time step 1668 (time=20.85), 0.240095 s/step
Meep progress: 21.012500000000003/150.0 = 14.0% done in 479.5s, 2943.5s to go
on time step 1685 (time=21.0625), 0.238089 s/step
Meep progress: 21.225/150.0 = 14.2% done in 483.6s, 2934.2s to go
on time step 1702 (time=21.275), 0.240275 s/step
Meep progress: 21.4375/150.0 = 14.3% done in 487.7s, 2924.8s to go
on time step 1719 (time=21.4875), 0.237178 s/step
Meep progress: 21.637500000000003/150.0 = 14.4% done in 491.9s, 2918.3s to go
on time step 1733 (time=21.6625), 0.286487 s/step
Meep progress: 21.8125/150.0 = 14.5% done in 496.0s, 2914.9s to go
on time step 1748 (time=21.85), 0.270453 s/step
Meep progress: 22.025000000000002/150.0 = 14.7% done in 500.1s, 2906.0s to go
on time step 1765 (time=22.0625), 0.242609 s/step
Meep progress: 22.2375/150.0 = 14.8% done in 504.3s, 2897.3s to go
on time step 1782 (time=22.275), 0.24111 s/step
Meep progress: 22.450000000000003/150.0 = 15.0% done in 508.4s, 2888.3s to go
on time step 1799 (time=22.4875), 0.241191 s/step
Meep progress: 22.6625/150.0 = 15.1% done in 512.5s, 2879.5s to go
on time step 1816 (time=22.7), 0.239148 s/step
Meep progress: 22.875/150.0 = 15.2% done in 516.5s, 2870.7s to go
on time step 1833 (time=22.9125), 0.2385 s/step
Meep progress: 23.0625/150.0 = 15.4% done in 520.7s, 2866.2s to go
on time step 1848 (time=23.1), 0.279411 s/step
Meep progress: 23.275000000000002/150.0 = 15.5% done in 524.8s, 2857.6s to go
on time step 1865 (time=23.3125), 0.238987 s/step
Meep progress: 23.4875/150.0 = 15.7% done in 528.9s, 2848.9s to go
on time step 1882 (time=23.525), 0.240302 s/step
Meep progress: 23.675/150.0 = 15.8% done in 532.9s, 2843.6s to go
on time step 1897 (time=23.7125), 0.276166 s/step
Meep progress: 23.85/150.0 = 15.9% done in 537.0s, 2840.5s to go
on time step 1911 (time=23.8875), 0.290348 s/step
Meep progress: 24.0625/150.0 = 16.0% done in 541.3s, 2832.9s to go
on time step 1928 (time=24.1), 0.240604 s/step
Meep progress: 24.275000000000002/150.0 = 16.2% done in 545.3s, 2824.4s to go
on time step 1945 (time=24.3125), 0.238043 s/step
Meep progress: 24.5/150.0 = 16.3% done in 549.6s, 2815.1s to go
on time step 1963 (time=24.5375), 0.234604 s/step
Meep progress: 24.712500000000002/150.0 = 16.5% done in 553.6s, 2806.7s to go
on time step 1980 (time=24.75), 0.236224 s/step
Meep progress: 24.925/150.0 = 16.6% done in 557.6s, 2798.2s to go
on time step 1997 (time=24.9625), 0.235514 s/step
Meep progress: 25.137500000000003/150.0 = 16.8% done in 561.6s, 2789.7s to go
on time step 2015 (time=25.1875), 0.233954 s/step
Meep progress: 25.3625/150.0 = 16.9% done in 565.9s, 2780.8s to go
on time step 2033 (time=25.4125), 0.234849 s/step
Meep progress: 25.587500000000002/150.0 = 17.1% done in 570.1s, 2772.0s to go
on time step 2051 (time=25.6375), 0.234022 s/step
Meep progress: 25.8/150.0 = 17.2% done in 574.1s, 2763.9s to go
on time step 2068 (time=25.85), 0.237053 s/step
Meep progress: 26.012500000000003/150.0 = 17.3% done in 578.1s, 2755.7s to go
on time step 2085 (time=26.0625), 0.235911 s/step
Meep progress: 26.225/150.0 = 17.5% done in 582.2s, 2747.7s to go
on time step 2103 (time=26.2875), 0.236167 s/step
Meep progress: 26.4375/150.0 = 17.6% done in 586.2s, 2739.8s to go
on time step 2120 (time=26.5), 0.23695 s/step
Meep progress: 26.6625/150.0 = 17.8% done in 590.4s, 2731.3s to go
on time step 2138 (time=26.725), 0.234513 s/step
Meep progress: 26.875/150.0 = 17.9% done in 594.5s, 2723.8s to go
on time step 2155 (time=26.9375), 0.250564 s/step
Meep progress: 27.075000000000003/150.0 = 18.0% done in 598.6s, 2717.6s to go
on time step 2172 (time=27.15), 0.242394 s/step
Meep progress: 27.2875/150.0 = 18.2% done in 602.7s, 2710.3s to go
on time step 2188 (time=27.35), 0.262896 s/step
Meep progress: 27.462500000000002/150.0 = 18.3% done in 606.7s, 2707.1s to go
on time step 2204 (time=27.55), 0.259205 s/step
Meep progress: 27.675/150.0 = 18.4% done in 610.8s, 2699.8s to go
on time step 2221 (time=27.7625), 0.24136 s/step
Meep progress: 27.887500000000003/150.0 = 18.6% done in 614.9s, 2692.6s to go
on time step 2238 (time=27.975), 0.239457 s/step
Meep progress: 28.1/150.0 = 18.7% done in 619.1s, 2685.6s to go
on time step 2254 (time=28.175), 0.253929 s/step
Meep progress: 28.2875/150.0 = 18.9% done in 623.3s, 2681.9s to go
on time step 2269 (time=28.3625), 0.269359 s/step
Meep progress: 28.5/150.0 = 19.0% done in 627.3s, 2674.4s to go
on time step 2286 (time=28.575), 0.236322 s/step
Meep progress: 28.712500000000002/150.0 = 19.1% done in 631.4s, 2667.1s to go
on time step 2303 (time=28.7875), 0.236421 s/step
Meep progress: 28.925/150.0 = 19.3% done in 635.4s, 2659.7s to go
on time step 2320 (time=29), 0.236442 s/step
Meep progress: 29.137500000000003/150.0 = 19.4% done in 639.4s, 2652.3s to go
on time step 2338 (time=29.225), 0.235904 s/step
Meep progress: 29.35/150.0 = 19.6% done in 643.4s, 2645.0s to go
on time step 2356 (time=29.45), 0.232789 s/step
Meep progress: 29.575000000000003/150.0 = 19.7% done in 647.6s, 2637.1s to go
on time step 2373 (time=29.6625), 0.256123 s/step
Meep progress: 29.75/150.0 = 19.8% done in 651.8s, 2634.4s to go
on time step 2388 (time=29.85), 0.292267 s/step
Meep progress: 29.925/150.0 = 20.0% done in 655.8s, 2631.3s to go
on time step 2404 (time=30.05), 0.262248 s/step
Meep progress: 30.137500000000003/150.0 = 20.1% done in 660.0s, 2624.8s to go
on time step 2421 (time=30.2625), 0.241223 s/step
Meep progress: 30.35/150.0 = 20.2% done in 664.1s, 2617.9s to go
on time step 2438 (time=30.475), 0.24104 s/step
Meep progress: 30.5625/150.0 = 20.4% done in 668.1s, 2611.1s to go
on time step 2455 (time=30.6875), 0.241776 s/step
Meep progress: 30.775000000000002/150.0 = 20.5% done in 672.3s, 2604.4s to go
on time step 2472 (time=30.9), 0.239166 s/step
Meep progress: 30.9875/150.0 = 20.7% done in 676.3s, 2597.6s to go
on time step 2489 (time=31.1125), 0.239756 s/step
Meep progress: 31.200000000000003/150.0 = 20.8% done in 680.5s, 2591.0s to go
on time step 2506 (time=31.325), 0.241892 s/step
Meep progress: 31.4125/150.0 = 20.9% done in 684.6s, 2584.5s to go
on time step 2523 (time=31.5375), 0.241533 s/step
Meep progress: 31.625/150.0 = 21.1% done in 688.7s, 2577.9s to go
on time step 2540 (time=31.75), 0.242784 s/step
Meep progress: 31.837500000000002/150.0 = 21.2% done in 692.8s, 2571.4s to go
on time step 2557 (time=31.9625), 0.240296 s/step
Meep progress: 32.050000000000004/150.0 = 21.4% done in 696.9s, 2564.8s to go
on time step 2574 (time=32.175), 0.239572 s/step
Meep progress: 32.2625/150.0 = 21.5% done in 701.1s, 2558.4s to go
on time step 2591 (time=32.3875), 0.252918 s/step
Meep progress: 32.45/150.0 = 21.6% done in 705.3s, 2554.9s to go
on time step 2605 (time=32.5625), 0.292016 s/step
Meep progress: 32.65/150.0 = 21.8% done in 709.4s, 2549.9s to go
on time step 2622 (time=32.775), 0.25815 s/step
Meep progress: 32.8375/150.0 = 21.9% done in 713.5s, 2545.8s to go
on time step 2638 (time=32.975), 0.250563 s/step
Meep progress: 33.050000000000004/150.0 = 22.0% done in 717.6s, 2539.1s to go
on time step 2656 (time=33.2), 0.227786 s/step
Meep progress: 33.275/150.0 = 22.2% done in 721.7s, 2531.5s to go
on time step 2674 (time=33.425), 0.227051 s/step
Meep progress: 33.5/150.0 = 22.3% done in 725.8s, 2524.0s to go
on time step 2692 (time=33.65), 0.226323 s/step
Meep progress: 33.725/150.0 = 22.5% done in 729.9s, 2516.3s to go
on time step 2710 (time=33.875), 0.227862 s/step
Meep progress: 33.95/150.0 = 22.6% done in 734.0s, 2508.9s to go
on time step 2728 (time=34.1), 0.223567 s/step
Meep progress: 34.175000000000004/150.0 = 22.8% done in 738.1s, 2501.5s to go
on time step 2746 (time=34.325), 0.230332 s/step
Meep progress: 34.4/150.0 = 22.9% done in 742.2s, 2494.2s to go
on time step 2764 (time=34.55), 0.22506 s/step
Meep progress: 34.612500000000004/150.0 = 23.1% done in 746.2s, 2487.6s to go
on time step 2779 (time=34.7375), 0.278774 s/step
Meep progress: 34.800000000000004/150.0 = 23.2% done in 750.3s, 2483.9s to go
on time step 2796 (time=34.95), 0.241898 s/step
Meep progress: 35.0125/150.0 = 23.3% done in 754.5s, 2477.8s to go
on time step 2813 (time=35.1625), 0.23933 s/step
Meep progress: 35.225/150.0 = 23.5% done in 758.6s, 2471.7s to go
on time step 2830 (time=35.375), 0.24049 s/step
Meep progress: 35.4375/150.0 = 23.6% done in 762.7s, 2465.7s to go
on time step 2847 (time=35.5875), 0.239099 s/step
Meep progress: 35.65/150.0 = 23.8% done in 766.8s, 2459.5s to go
on time step 2864 (time=35.8), 0.241176 s/step
Meep progress: 35.862500000000004/150.0 = 23.9% done in 770.9s, 2453.4s to go
on time step 2881 (time=36.0125), 0.239978 s/step
Meep progress: 36.075/150.0 = 24.0% done in 775.0s, 2447.6s to go
on time step 2898 (time=36.225), 0.244475 s/step
Meep progress: 36.2875/150.0 = 24.2% done in 779.2s, 2441.6s to go
on time step 2915 (time=36.4375), 0.239733 s/step
Meep progress: 36.5/150.0 = 24.3% done in 783.3s, 2435.7s to go
on time step 2932 (time=36.65), 0.242897 s/step
Meep progress: 36.7125/150.0 = 24.5% done in 787.4s, 2429.8s to go
on time step 2949 (time=36.8625), 0.239603 s/step
Meep progress: 36.925000000000004/150.0 = 24.6% done in 791.5s, 2423.8s to go
on time step 2966 (time=37.075), 0.242376 s/step
Meep progress: 37.1375/150.0 = 24.8% done in 795.6s, 2417.9s to go
on time step 2983 (time=37.2875), 0.239836 s/step
Meep progress: 37.35/150.0 = 24.9% done in 799.7s, 2412.1s to go
on time step 3000 (time=37.5), 0.240642 s/step
Meep progress: 37.5625/150.0 = 25.0% done in 803.9s, 2406.3s to go
on time step 3017 (time=37.7125), 0.24382 s/step
Meep progress: 37.775/150.0 = 25.2% done in 808.0s, 2400.6s to go
on time step 3034 (time=37.925), 0.240106 s/step
Meep progress: 37.987500000000004/150.0 = 25.3% done in 812.2s, 2394.8s to go
on time step 3051 (time=38.1375), 0.2405 s/step
Meep progress: 38.2/150.0 = 25.5% done in 816.3s, 2389.0s to go
on time step 3068 (time=38.35), 0.241812 s/step
Meep progress: 38.4125/150.0 = 25.6% done in 820.4s, 2383.2s to go
on time step 3085 (time=38.5625), 0.241909 s/step
Meep progress: 38.625/150.0 = 25.8% done in 824.5s, 2377.6s to go
on time step 3102 (time=38.775), 0.239868 s/step
Meep progress: 38.837500000000006/150.0 = 25.9% done in 828.7s, 2371.9s to go
on time step 3119 (time=38.9875), 0.242979 s/step
Meep progress: 39.050000000000004/150.0 = 26.0% done in 832.8s, 2366.2s to go
on time step 3136 (time=39.2), 0.241791 s/step
Meep progress: 39.2625/150.0 = 26.2% done in 836.9s, 2360.5s to go
on time step 3153 (time=39.4125), 0.238302 s/step
Meep progress: 39.475/150.0 = 26.3% done in 841.0s, 2354.7s to go
on time step 3170 (time=39.625), 0.241192 s/step
Meep progress: 39.6875/150.0 = 26.5% done in 845.1s, 2349.0s to go
on time step 3187 (time=39.8375), 0.237807 s/step
Meep progress: 39.900000000000006/150.0 = 26.6% done in 849.2s, 2343.2s to go
on time step 3204 (time=40.05), 0.239292 s/step
Meep progress: 40.112500000000004/150.0 = 26.7% done in 853.2s, 2337.4s to go
on time step 3221 (time=40.2625), 0.238337 s/step
Meep progress: 40.3125/150.0 = 26.9% done in 857.3s, 2332.8s to go
on time step 3234 (time=40.425), 0.32284 s/step
Meep progress: 40.475/150.0 = 27.0% done in 861.4s, 2331.0s to go
on time step 3251 (time=40.6375), 0.241405 s/step
Meep progress: 40.7/150.0 = 27.1% done in 865.6s, 2324.5s to go
on time step 3270 (time=40.875), 0.219614 s/step
Meep progress: 40.9375/150.0 = 27.3% done in 869.8s, 2317.2s to go
on time step 3288 (time=41.1), 0.222595 s/step
Meep progress: 41.175000000000004/150.0 = 27.4% done in 874.0s, 2310.0s to go
on time step 3307 (time=41.3375), 0.22234 s/step
Meep progress: 41.3875/150.0 = 27.6% done in 878.2s, 2304.7s to go
on time step 3321 (time=41.5125), 0.289385 s/step
Meep progress: 41.587500000000006/150.0 = 27.7% done in 882.4s, 2300.4s to go
on time step 3338 (time=41.725), 0.241808 s/step
Meep progress: 41.800000000000004/150.0 = 27.9% done in 886.5s, 2294.8s to go
on time step 3355 (time=41.9375), 0.243435 s/step
Meep progress: 42.0125/150.0 = 28.0% done in 890.7s, 2289.5s to go
on time step 3372 (time=42.15), 0.241976 s/step
Meep progress: 42.225/150.0 = 28.2% done in 894.8s, 2283.9s to go
on time step 3389 (time=42.3625), 0.239985 s/step
Meep progress: 42.4375/150.0 = 28.3% done in 898.9s, 2278.5s to go
on time step 3406 (time=42.575), 0.239999 s/step
Meep progress: 42.650000000000006/150.0 = 28.4% done in 903.0s, 2273.0s to go
on time step 3423 (time=42.7875), 0.241061 s/step
Meep progress: 42.862500000000004/150.0 = 28.6% done in 907.1s, 2267.5s to go
on time step 3440 (time=43), 0.238436 s/step
Meep progress: 43.075/150.0 = 28.7% done in 911.2s, 2262.0s to go
on time step 3457 (time=43.2125), 0.240928 s/step
Meep progress: 43.2875/150.0 = 28.9% done in 915.4s, 2256.5s to go
on time step 3474 (time=43.425), 0.25417 s/step
Meep progress: 43.475/150.0 = 29.0% done in 919.6s, 2253.2s to go
on time step 3488 (time=43.6), 0.290692 s/step
Meep progress: 43.6625/150.0 = 29.1% done in 923.7s, 2249.6s to go
on time step 3503 (time=43.7875), 0.2729 s/step
Meep progress: 43.862500000000004/150.0 = 29.2% done in 927.8s, 2245.1s to go
on time step 3522 (time=44.025), 0.222187 s/step
Meep progress: 44.087500000000006/150.0 = 29.4% done in 931.8s, 2238.5s to go
on time step 3541 (time=44.2625), 0.221904 s/step
Meep progress: 44.325/150.0 = 29.6% done in 936.0s, 2231.5s to go
on time step 3560 (time=44.5), 0.222092 s/step
Meep progress: 44.550000000000004/150.0 = 29.7% done in 940.0s, 2225.1s to go
on time step 3578 (time=44.725), 0.232926 s/step
Meep progress: 44.75/150.0 = 29.8% done in 944.1s, 2220.5s to go
on time step 3592 (time=44.9), 0.286903 s/step
Meep progress: 44.95/150.0 = 30.0% done in 948.3s, 2216.1s to go
on time step 3611 (time=45.1375), 0.221914 s/step
Meep progress: 45.175000000000004/150.0 = 30.1% done in 952.3s, 2209.7s to go
on time step 3629 (time=45.3625), 0.225334 s/step
Meep progress: 45.400000000000006/150.0 = 30.3% done in 956.3s, 2203.3s to go
on time step 3648 (time=45.6), 0.221179 s/step
Meep progress: 45.625/150.0 = 30.4% done in 960.3s, 2196.9s to go
on time step 3667 (time=45.8375), 0.221529 s/step
Meep progress: 45.85/150.0 = 30.6% done in 964.3s, 2190.5s to go
Meep progress: 46.075/150.0 = 30.7% done in 968.3s, 2184.1s to go
on time step 3686 (time=46.075), 0.222701 s/step
Meep progress: 46.300000000000004/150.0 = 30.9% done in 972.5s, 2178.0s to go
on time step 3704 (time=46.3), 0.228023 s/step
Meep progress: 46.525000000000006/150.0 = 31.0% done in 976.9s, 2172.6s to go
on time step 3722 (time=46.525), 0.244682 s/step
Meep progress: 46.725/150.0 = 31.2% done in 980.9s, 2168.1s to go
on time step 3738 (time=46.725), 0.253083 s/step
Meep progress: 46.962500000000006/150.0 = 31.3% done in 985.1s, 2161.4s to go
on time step 3757 (time=46.9625), 0.221955 s/step
Meep progress: 47.1875/150.0 = 31.5% done in 989.1s, 2155.1s to go
on time step 3775 (time=47.1875), 0.22304 s/step
Meep progress: 47.400000000000006/150.0 = 31.6% done in 993.4s, 2150.3s to go
on time step 3792 (time=47.4), 0.251782 s/step
Meep progress: 47.587500000000006/150.0 = 31.7% done in 997.5s, 2146.8s to go
on time step 3807 (time=47.5875), 0.273036 s/step
Meep progress: 47.8125/150.0 = 31.9% done in 1001.5s, 2140.5s to go
on time step 3825 (time=47.8125), 0.223895 s/step
Meep progress: 48.0375/150.0 = 32.0% done in 1005.6s, 2134.3s to go
on time step 3843 (time=48.0375), 0.222364 s/step
Meep progress: 48.275000000000006/150.0 = 32.2% done in 1009.8s, 2127.8s to go
on time step 3862 (time=48.275), 0.221945 s/step
Meep progress: 48.5125/150.0 = 32.3% done in 1014.0s, 2121.2s to go
on time step 3881 (time=48.5125), 0.221739 s/step
Meep progress: 48.75/150.0 = 32.5% done in 1018.2s, 2114.7s to go
on time step 3900 (time=48.75), 0.222525 s/step
Meep progress: 48.987500000000004/150.0 = 32.7% done in 1022.4s, 2108.3s to go
on time step 3919 (time=48.9875), 0.221954 s/step
Meep progress: 49.212500000000006/150.0 = 32.8% done in 1026.5s, 2102.2s to go
on time step 3937 (time=49.2125), 0.224323 s/step
Meep progress: 49.4375/150.0 = 33.0% done in 1030.5s, 2096.1s to go
on time step 3955 (time=49.4375), 0.222448 s/step
Meep progress: 49.675000000000004/150.0 = 33.1% done in 1034.7s, 2089.6s to go
on time step 3974 (time=49.675), 0.220833 s/step
Meep progress: 49.9125/150.0 = 33.3% done in 1038.9s, 2083.2s to go
on time step 3993 (time=49.9125), 0.220208 s/step
Meep progress: 50.1375/150.0 = 33.4% done in 1042.9s, 2077.2s to go
on time step 4011 (time=50.1375), 0.224305 s/step
Meep progress: 50.375/150.0 = 33.6% done in 1047.1s, 2070.8s to go
on time step 4030 (time=50.375), 0.220409 s/step
Meep progress: 50.612500000000004/150.0 = 33.7% done in 1051.3s, 2064.4s to go
on time step 4049 (time=50.6125), 0.222291 s/step
Meep progress: 50.85/150.0 = 33.9% done in 1055.5s, 2058.1s to go
on time step 4068 (time=50.85), 0.221139 s/step
Meep progress: 51.025000000000006/150.0 = 34.0% done in 1059.7s, 2055.6s to go
on time step 4082 (time=51.025), 0.301938 s/step
Meep progress: 51.25/150.0 = 34.2% done in 1063.9s, 2049.9s to go
on time step 4100 (time=51.25), 0.229883 s/step
Meep progress: 51.487500000000004/150.0 = 34.3% done in 1068.1s, 2043.6s to go
on time step 4119 (time=51.4875), 0.221023 s/step
Meep progress: 51.725/150.0 = 34.5% done in 1072.3s, 2037.3s to go
on time step 4138 (time=51.725), 0.222048 s/step
Meep progress: 51.95/150.0 = 34.6% done in 1076.3s, 2031.4s to go
on time step 4156 (time=51.95), 0.222853 s/step
Meep progress: 52.1875/150.0 = 34.8% done in 1080.5s, 2025.1s to go
on time step 4175 (time=52.1875), 0.22039 s/step
Meep progress: 52.425000000000004/150.0 = 35.0% done in 1084.7s, 2018.9s to go
on time step 4194 (time=52.425), 0.2216 s/step
Meep progress: 52.6625/150.0 = 35.1% done in 1088.9s, 2012.6s to go
on time step 4213 (time=52.6625), 0.220283 s/step
Meep progress: 52.8875/150.0 = 35.3% done in 1092.9s, 2006.8s to go
on time step 4231 (time=52.8875), 0.22312 s/step
Meep progress: 53.125/150.0 = 35.4% done in 1097.1s, 2000.5s to go
on time step 4250 (time=53.125), 0.220329 s/step
Meep progress: 53.362500000000004/150.0 = 35.6% done in 1101.2s, 1994.3s to go
on time step 4269 (time=53.3625), 0.219016 s/step
Meep progress: 53.587500000000006/150.0 = 35.7% done in 1105.3s, 1988.5s to go
on time step 4287 (time=53.5875), 0.222979 s/step
Meep progress: 53.825/150.0 = 35.9% done in 1109.4s, 1982.3s to go
on time step 4306 (time=53.825), 0.219595 s/step
Meep progress: 54.050000000000004/150.0 = 36.0% done in 1113.4s, 1976.6s to go
on time step 4325 (time=54.0625), 0.221327 s/step
Meep progress: 54.2875/150.0 = 36.2% done in 1117.6s, 1970.4s to go
on time step 4344 (time=54.3), 0.220884 s/step
Meep progress: 54.525000000000006/150.0 = 36.4% done in 1121.8s, 1964.3s to go
on time step 4363 (time=54.5375), 0.219121 s/step
Meep progress: 54.7625/150.0 = 36.5% done in 1126.0s, 1958.2s to go
on time step 4382 (time=54.775), 0.220739 s/step
Meep progress: 55.0/150.0 = 36.7% done in 1130.2s, 1952.2s to go
on time step 4401 (time=55.0125), 0.228805 s/step
Meep progress: 55.175000000000004/150.0 = 36.8% done in 1134.4s, 1949.5s to go
on time step 4415 (time=55.1875), 0.287944 s/step
Meep progress: 55.400000000000006/150.0 = 36.9% done in 1138.4s, 1943.9s to go
on time step 4433 (time=55.4125), 0.223267 s/step
Meep progress: 55.625/150.0 = 37.1% done in 1142.4s, 1938.3s to go
on time step 4452 (time=55.65), 0.222394 s/step
Meep progress: 55.862500000000004/150.0 = 37.2% done in 1146.7s, 1932.3s to go
on time step 4471 (time=55.8875), 0.221564 s/step
Meep progress: 56.1/150.0 = 37.4% done in 1150.9s, 1926.3s to go
on time step 4490 (time=56.125), 0.219869 s/step
Meep progress: 56.325/150.0 = 37.6% done in 1154.9s, 1920.7s to go
on time step 4509 (time=56.3625), 0.220836 s/step
Meep progress: 56.5125/150.0 = 37.7% done in 1159.0s, 1917.2s to go
on time step 4524 (time=56.55), 0.278938 s/step
Meep progress: 56.725/150.0 = 37.8% done in 1163.1s, 1912.5s to go
on time step 4541 (time=56.7625), 0.242175 s/step
Meep progress: 56.9375/150.0 = 38.0% done in 1167.2s, 1907.8s to go
on time step 4558 (time=56.975), 0.24094 s/step
Meep progress: 57.150000000000006/150.0 = 38.1% done in 1171.3s, 1903.0s to go
on time step 4575 (time=57.1875), 0.240762 s/step
Meep progress: 57.337500000000006/150.0 = 38.2% done in 1175.4s, 1899.6s to go
on time step 4590 (time=57.375), 0.27387 s/step
Meep progress: 57.5625/150.0 = 38.4% done in 1179.5s, 1894.2s to go
on time step 4608 (time=57.6), 0.22421 s/step
Meep progress: 57.800000000000004/150.0 = 38.5% done in 1183.7s, 1888.2s to go
on time step 4627 (time=57.8375), 0.220037 s/step
Meep progress: 58.025000000000006/150.0 = 38.7% done in 1187.7s, 1882.7s to go
on time step 4645 (time=58.0625), 0.227076 s/step
Meep progress: 58.25/150.0 = 38.8% done in 1191.8s, 1877.2s to go
on time step 4663 (time=58.2875), 0.225537 s/step
Meep progress: 58.462500000000006/150.0 = 39.0% done in 1195.8s, 1872.4s to go
on time step 4680 (time=58.5), 0.246444 s/step
Meep progress: 58.650000000000006/150.0 = 39.1% done in 1199.9s, 1868.9s to go
on time step 4696 (time=58.7), 0.255135 s/step
Meep progress: 58.85/150.0 = 39.2% done in 1203.9s, 1864.7s to go
on time step 4713 (time=58.9125), 0.249337 s/step
Meep progress: 59.0375/150.0 = 39.4% done in 1208.0s, 1861.2s to go
on time step 4729 (time=59.1125), 0.262915 s/step
Meep progress: 59.2625/150.0 = 39.5% done in 1212.0s, 1855.7s to go
on time step 4747 (time=59.3375), 0.222295 s/step
Meep progress: 59.487500000000004/150.0 = 39.7% done in 1216.1s, 1850.3s to go
on time step 4766 (time=59.575), 0.222616 s/step
Meep progress: 59.712500000000006/150.0 = 39.8% done in 1220.1s, 1844.8s to go
on time step 4784 (time=59.8), 0.223419 s/step
Meep progress: 59.9375/150.0 = 40.0% done in 1224.1s, 1839.4s to go
on time step 4802 (time=60.025), 0.223197 s/step
Meep progress: 60.175000000000004/150.0 = 40.1% done in 1228.3s, 1833.6s to go
on time step 4821 (time=60.2625), 0.221364 s/step
Meep progress: 60.400000000000006/150.0 = 40.3% done in 1232.4s, 1828.1s to go
on time step 4840 (time=60.5), 0.221331 s/step
Meep progress: 60.625/150.0 = 40.4% done in 1236.4s, 1822.7s to go
on time step 4858 (time=60.725), 0.22364 s/step
Meep progress: 60.85/150.0 = 40.6% done in 1240.4s, 1817.3s to go
on time step 4877 (time=60.9625), 0.221942 s/step
Meep progress: 61.075/150.0 = 40.7% done in 1244.5s, 1811.9s to go
on time step 4895 (time=61.1875), 0.223549 s/step
Meep progress: 61.2875/150.0 = 40.9% done in 1248.6s, 1807.3s to go
on time step 4910 (time=61.375), 0.277531 s/step
Meep progress: 61.487500000000004/150.0 = 41.0% done in 1252.8s, 1803.4s to go
on time step 4927 (time=61.5875), 0.244054 s/step
Meep progress: 61.7/150.0 = 41.1% done in 1256.9s, 1798.8s to go
on time step 4944 (time=61.8), 0.242013 s/step
Meep progress: 61.9125/150.0 = 41.3% done in 1261.1s, 1794.2s to go
on time step 4961 (time=62.0125), 0.240125 s/step
Meep progress: 62.125/150.0 = 41.4% done in 1265.5s, 1790.0s to go
on time step 4976 (time=62.2), 0.280734 s/step
Meep progress: 62.300000000000004/150.0 = 41.5% done in 1269.7s, 1787.3s to go
on time step 4991 (time=62.3875), 0.274955 s/step
Meep progress: 62.5125/150.0 = 41.7% done in 1273.8s, 1782.7s to go
on time step 5008 (time=62.6), 0.241858 s/step
Meep progress: 62.725/150.0 = 41.8% done in 1277.9s, 1778.1s to go
on time step 5025 (time=62.8125), 0.242323 s/step
Meep progress: 62.9375/150.0 = 42.0% done in 1282.0s, 1773.4s to go
on time step 5042 (time=63.025), 0.237715 s/step
Meep progress: 63.150000000000006/150.0 = 42.1% done in 1286.1s, 1768.8s to go
on time step 5059 (time=63.2375), 0.238974 s/step
Meep progress: 63.362500000000004/150.0 = 42.2% done in 1290.2s, 1764.1s to go
on time step 5076 (time=63.45), 0.237942 s/step
Meep progress: 63.575/150.0 = 42.4% done in 1294.3s, 1759.5s to go
on time step 5093 (time=63.6625), 0.240198 s/step
Meep progress: 63.7875/150.0 = 42.5% done in 1298.4s, 1754.8s to go
on time step 5110 (time=63.875), 0.245504 s/step
Meep progress: 63.975/150.0 = 42.6% done in 1302.7s, 1751.7s to go
on time step 5123 (time=64.0375), 0.323513 s/step
Meep progress: 64.16250000000001/150.0 = 42.8% done in 1306.9s, 1748.3s to go
on time step 5140 (time=64.25), 0.238196 s/step
Meep progress: 64.3875/150.0 = 42.9% done in 1310.9s, 1743.0s to go
on time step 5159 (time=64.4875), 0.22128 s/step
Meep progress: 64.6125/150.0 = 43.1% done in 1314.9s, 1737.7s to go
on time step 5177 (time=64.7125), 0.224363 s/step
Meep progress: 64.8375/150.0 = 43.2% done in 1318.9s, 1732.4s to go
on time step 5196 (time=64.95), 0.22202 s/step
Meep progress: 65.075/150.0 = 43.4% done in 1323.1s, 1726.7s to go
on time step 5215 (time=65.1875), 0.21671 s/step
Meep progress: 65.3125/150.0 = 43.5% done in 1327.3s, 1721.1s to go
on time step 5232 (time=65.4), 0.246252 s/step
Meep progress: 65.5/150.0 = 43.7% done in 1331.5s, 1717.7s to go
on time step 5248 (time=65.6), 0.257274 s/step
Meep progress: 65.7125/150.0 = 43.8% done in 1335.6s, 1713.2s to go
on time step 5265 (time=65.8125), 0.242302 s/step
Meep progress: 65.925/150.0 = 43.9% done in 1339.7s, 1708.5s to go
on time step 5282 (time=66.025), 0.239331 s/step
Meep progress: 66.1375/150.0 = 44.1% done in 1343.9s, 1704.0s to go
on time step 5297 (time=66.2125), 0.269323 s/step
Meep progress: 66.3125/150.0 = 44.2% done in 1348.1s, 1701.4s to go
on time step 5312 (time=66.4), 0.281969 s/step
Meep progress: 66.5125/150.0 = 44.3% done in 1352.2s, 1697.2s to go
on time step 5329 (time=66.6125), 0.242208 s/step
Meep progress: 66.72500000000001/150.0 = 44.5% done in 1356.3s, 1692.7s to go
on time step 5346 (time=66.825), 0.240175 s/step
Meep progress: 66.9375/150.0 = 44.6% done in 1360.4s, 1688.1s to go
on time step 5363 (time=67.0375), 0.238497 s/step
Meep progress: 67.15/150.0 = 44.8% done in 1364.5s, 1683.5s to go
on time step 5380 (time=67.25), 0.24013 s/step
Meep progress: 67.3625/150.0 = 44.9% done in 1368.6s, 1678.9s to go
on time step 5397 (time=67.4625), 0.238927 s/step
Meep progress: 67.575/150.0 = 45.1% done in 1372.7s, 1674.3s to go
on time step 5414 (time=67.675), 0.239907 s/step
Meep progress: 67.78750000000001/150.0 = 45.2% done in 1376.8s, 1669.7s to go
on time step 5431 (time=67.8875), 0.242486 s/step
Meep progress: 68.0/150.0 = 45.3% done in 1380.9s, 1665.2s to go
on time step 5448 (time=68.1), 0.240691 s/step
Meep progress: 68.2125/150.0 = 45.5% done in 1385.0s, 1660.6s to go
on time step 5465 (time=68.3125), 0.243048 s/step
Meep progress: 68.425/150.0 = 45.6% done in 1389.2s, 1656.1s to go
on time step 5482 (time=68.525), 0.240481 s/step
Meep progress: 68.6375/150.0 = 45.8% done in 1393.2s, 1651.5s to go
on time step 5499 (time=68.7375), 0.240465 s/step
Meep progress: 68.8375/150.0 = 45.9% done in 1397.5s, 1647.7s to go
on time step 5514 (time=68.925), 0.269925 s/step
Meep progress: 69.025/150.0 = 46.0% done in 1401.6s, 1644.3s to go
on time step 5529 (time=69.1125), 0.275614 s/step
Meep progress: 69.22500000000001/150.0 = 46.2% done in 1405.6s, 1640.1s to go
on time step 5546 (time=69.325), 0.245053 s/step
Meep progress: 69.425/150.0 = 46.3% done in 1409.9s, 1636.3s to go
on time step 5561 (time=69.5125), 0.27288 s/step
Meep progress: 69.6375/150.0 = 46.4% done in 1414.0s, 1631.8s to go
on time step 5579 (time=69.7375), 0.224902 s/step
Meep progress: 69.875/150.0 = 46.6% done in 1418.2s, 1626.2s to go
on time step 5596 (time=69.95), 0.244121 s/step
Meep progress: 70.05/150.0 = 46.7% done in 1422.4s, 1623.4s to go
on time step 5611 (time=70.1375), 0.276591 s/step
Meep progress: 70.275/150.0 = 46.8% done in 1426.5s, 1618.3s to go
on time step 5630 (time=70.375), 0.22232 s/step
Meep progress: 70.5125/150.0 = 47.0% done in 1430.7s, 1612.8s to go
on time step 5649 (time=70.6125), 0.219532 s/step
Meep progress: 70.7375/150.0 = 47.2% done in 1434.7s, 1607.6s to go
on time step 5667 (time=70.8375), 0.223725 s/step
Meep progress: 70.9625/150.0 = 47.3% done in 1438.9s, 1602.6s to go
on time step 5685 (time=71.0625), 0.231037 s/step
Meep progress: 71.1875/150.0 = 47.5% done in 1442.9s, 1597.5s to go
on time step 5704 (time=71.3), 0.219368 s/step
Meep progress: 71.425/150.0 = 47.6% done in 1447.1s, 1592.0s to go
on time step 5722 (time=71.525), 0.222251 s/step
Meep progress: 71.66250000000001/150.0 = 47.8% done in 1451.3s, 1586.5s to go
on time step 5741 (time=71.7625), 0.219318 s/step
Meep progress: 71.8875/150.0 = 47.9% done in 1455.4s, 1581.4s to go
on time step 5759 (time=71.9875), 0.223948 s/step
Meep progress: 72.125/150.0 = 48.1% done in 1459.5s, 1575.9s to go
on time step 5778 (time=72.225), 0.220719 s/step
Meep progress: 72.35000000000001/150.0 = 48.2% done in 1463.5s, 1570.7s to go
on time step 5797 (time=72.4625), 0.219371 s/step
Meep progress: 72.5875/150.0 = 48.4% done in 1467.7s, 1565.3s to go
on time step 5813 (time=72.6625), 0.271673 s/step
Meep progress: 72.75/150.0 = 48.5% done in 1471.8s, 1562.8s to go
on time step 5829 (time=72.8625), 0.250358 s/step
Meep progress: 72.97500000000001/150.0 = 48.7% done in 1475.9s, 1557.8s to go
on time step 5848 (time=73.1), 0.220586 s/step
Meep progress: 73.2/150.0 = 48.8% done in 1480.0s, 1552.7s to go
on time step 5866 (time=73.325), 0.224355 s/step
Meep progress: 73.41250000000001/150.0 = 48.9% done in 1484.2s, 1548.4s to go
on time step 5880 (time=73.5), 0.303591 s/step
Meep progress: 73.60000000000001/150.0 = 49.1% done in 1488.2s, 1544.9s to go
on time step 5898 (time=73.725), 0.22538 s/step
Meep progress: 73.8375/150.0 = 49.2% done in 1492.5s, 1539.4s to go
on time step 5917 (time=73.9625), 0.218942 s/step
Meep progress: 74.075/150.0 = 49.4% done in 1496.7s, 1534.0s to go
on time step 5936 (time=74.2), 0.221614 s/step
Meep progress: 74.3/150.0 = 49.5% done in 1500.7s, 1529.0s to go
on time step 5954 (time=74.425), 0.230407 s/step
Meep progress: 74.525/150.0 = 49.7% done in 1504.8s, 1524.0s to go
on time step 5972 (time=74.65), 0.222939 s/step
Meep progress: 74.75/150.0 = 49.8% done in 1508.8s, 1518.9s to go
on time step 5991 (time=74.8875), 0.220782 s/step
Meep progress: 74.9875/150.0 = 50.0% done in 1513.0s, 1513.5s to go
on time step 6010 (time=75.125), 0.220328 s/step
Meep progress: 75.22500000000001/150.0 = 50.2% done in 1517.2s, 1508.2s to go
on time step 6029 (time=75.3625), 0.221116 s/step
Meep progress: 75.4625/150.0 = 50.3% done in 1521.4s, 1502.8s to go
on time step 6048 (time=75.6), 0.218695 s/step
Meep progress: 75.7/150.0 = 50.5% done in 1525.7s, 1497.4s to go
on time step 6067 (time=75.8375), 0.22103 s/step
Meep progress: 75.9375/150.0 = 50.6% done in 1529.8s, 1492.0s to go
on time step 6086 (time=76.075), 0.219946 s/step
Meep progress: 76.16250000000001/150.0 = 50.8% done in 1533.8s, 1487.0s to go
on time step 6105 (time=76.3125), 0.219113 s/step
Meep progress: 76.4/150.0 = 50.9% done in 1538.0s, 1481.7s to go
on time step 6124 (time=76.55), 0.221083 s/step
Meep progress: 76.6375/150.0 = 51.1% done in 1542.2s, 1476.3s to go
on time step 6142 (time=76.775), 0.222511 s/step
Meep progress: 76.86250000000001/150.0 = 51.2% done in 1546.2s, 1471.3s to go
on time step 6161 (time=77.0125), 0.222682 s/step
Meep progress: 77.0875/150.0 = 51.4% done in 1550.3s, 1466.3s to go
on time step 6180 (time=77.25), 0.222896 s/step
Meep progress: 77.3125/150.0 = 51.5% done in 1554.3s, 1461.3s to go
on time step 6199 (time=77.4875), 0.220845 s/step
Meep progress: 77.55000000000001/150.0 = 51.7% done in 1558.5s, 1456.0s to go
on time step 6218 (time=77.725), 0.221902 s/step
Meep progress: 77.775/150.0 = 51.8% done in 1562.5s, 1451.0s to go
on time step 6237 (time=77.9625), 0.221234 s/step
Meep progress: 78.0/150.0 = 52.0% done in 1566.7s, 1446.2s to go
on time step 6250 (time=78.125), 0.333837 s/step
Meep progress: 78.15/150.0 = 52.1% done in 1570.7s, 1444.1s to go
on time step 6266 (time=78.325), 0.262669 s/step
Meep progress: 78.35000000000001/150.0 = 52.2% done in 1574.8s, 1440.2s to go
on time step 6283 (time=78.5375), 0.241872 s/step
Meep progress: 78.5625/150.0 = 52.4% done in 1579.0s, 1435.8s to go
on time step 6300 (time=78.75), 0.24177 s/step
Meep progress: 78.775/150.0 = 52.5% done in 1583.1s, 1431.4s to go
on time step 6317 (time=78.9625), 0.241012 s/step
Meep progress: 78.98750000000001/150.0 = 52.7% done in 1587.2s, 1427.0s to go
on time step 6334 (time=79.175), 0.24412 s/step
Meep progress: 79.2/150.0 = 52.8% done in 1591.3s, 1422.6s to go
on time step 6351 (time=79.3875), 0.238986 s/step
Meep progress: 79.41250000000001/150.0 = 52.9% done in 1595.4s, 1418.1s to go
on time step 6368 (time=79.6), 0.238128 s/step
Meep progress: 79.625/150.0 = 53.1% done in 1599.5s, 1413.7s to go
on time step 6385 (time=79.8125), 0.241417 s/step
Meep progress: 79.8375/150.0 = 53.2% done in 1603.6s, 1409.3s to go
on time step 6402 (time=80.025), 0.240289 s/step
Meep progress: 80.05000000000001/150.0 = 53.4% done in 1607.7s, 1404.9s to go
on time step 6419 (time=80.2375), 0.24164 s/step
Meep progress: 80.2625/150.0 = 53.5% done in 1611.9s, 1400.5s to go
on time step 6432 (time=80.4), 0.311687 s/step
Meep progress: 80.42500000000001/150.0 = 53.6% done in 1615.9s, 1397.9s to go
on time step 6447 (time=80.5875), 0.27252 s/step
Meep progress: 80.61250000000001/150.0 = 53.7% done in 1619.9s, 1394.4s to go
on time step 6465 (time=80.8125), 0.22398 s/step
Meep progress: 80.8375/150.0 = 53.9% done in 1624.0s, 1389.4s to go
on time step 6484 (time=81.05), 0.222658 s/step
Meep progress: 81.0625/150.0 = 54.0% done in 1628.0s, 1384.5s to go
Meep progress: 81.28750000000001/150.0 = 54.2% done in 1632.0s, 1379.5s to go
on time step 6503 (time=81.2875), 0.222505 s/step
Meep progress: 81.5125/150.0 = 54.3% done in 1636.0s, 1374.6s to go
on time step 6521 (time=81.5125), 0.222791 s/step
Meep progress: 81.73750000000001/150.0 = 54.5% done in 1640.0s, 1369.6s to go
on time step 6539 (time=81.7375), 0.222601 s/step
Meep progress: 81.97500000000001/150.0 = 54.6% done in 1644.2s, 1364.4s to go
on time step 6558 (time=81.975), 0.22253 s/step
Meep progress: 82.2/150.0 = 54.8% done in 1648.2s, 1359.5s to go
on time step 6576 (time=82.2), 0.222264 s/step
Meep progress: 82.4375/150.0 = 55.0% done in 1652.5s, 1354.3s to go
on time step 6595 (time=82.4375), 0.222127 s/step
Meep progress: 82.67500000000001/150.0 = 55.1% done in 1656.6s, 1349.1s to go
on time step 6614 (time=82.675), 0.220167 s/step
Meep progress: 82.9/150.0 = 55.3% done in 1660.7s, 1344.1s to go
on time step 6632 (time=82.9), 0.222462 s/step
Meep progress: 83.1375/150.0 = 55.4% done in 1664.8s, 1338.9s to go
on time step 6651 (time=83.1375), 0.221305 s/step
Meep progress: 83.375/150.0 = 55.6% done in 1669.1s, 1333.8s to go
on time step 6670 (time=83.375), 0.222025 s/step
Meep progress: 83.60000000000001/150.0 = 55.7% done in 1673.1s, 1328.9s to go
on time step 6688 (time=83.6), 0.224914 s/step
Meep progress: 83.825/150.0 = 55.9% done in 1677.1s, 1324.0s to go
on time step 6707 (time=83.8375), 0.221598 s/step
Meep progress: 84.05000000000001/150.0 = 56.0% done in 1681.2s, 1319.1s to go
on time step 6725 (time=84.0625), 0.222699 s/step
Meep progress: 84.28750000000001/150.0 = 56.2% done in 1685.4s, 1313.9s to go
on time step 6744 (time=84.3), 0.220504 s/step
Meep progress: 84.5125/150.0 = 56.3% done in 1689.4s, 1309.1s to go
on time step 6763 (time=84.5375), 0.222034 s/step
Meep progress: 84.73750000000001/150.0 = 56.5% done in 1693.6s, 1304.4s to go
on time step 6780 (time=84.75), 0.24043 s/step
Meep progress: 84.92500000000001/150.0 = 56.6% done in 1697.8s, 1300.9s to go
on time step 6795 (time=84.9375), 0.271756 s/step
Meep progress: 85.15/150.0 = 56.8% done in 1701.8s, 1296.1s to go
on time step 6813 (time=85.1625), 0.222787 s/step
Meep progress: 85.375/150.0 = 56.9% done in 1705.8s, 1291.2s to go
on time step 6832 (time=85.4), 0.22188 s/step
Meep progress: 85.61250000000001/150.0 = 57.1% done in 1710.0s, 1286.0s to go
on time step 6851 (time=85.6375), 0.220792 s/step
Meep progress: 85.8375/150.0 = 57.2% done in 1714.0s, 1281.2s to go
on time step 6869 (time=85.8625), 0.222878 s/step
Meep progress: 86.075/150.0 = 57.4% done in 1718.2s, 1276.1s to go
on time step 6888 (time=86.1), 0.219994 s/step
Meep progress: 86.30000000000001/150.0 = 57.5% done in 1722.3s, 1271.2s to go
on time step 6907 (time=86.3375), 0.22173 s/step
Meep progress: 86.53750000000001/150.0 = 57.7% done in 1726.4s, 1266.1s to go
on time step 6926 (time=86.575), 0.221076 s/step
Meep progress: 86.73750000000001/150.0 = 57.8% done in 1730.6s, 1262.2s to go
on time step 6941 (time=86.7625), 0.270693 s/step
Meep progress: 86.92500000000001/150.0 = 58.0% done in 1734.8s, 1258.8s to go
on time step 6956 (time=86.95), 0.270146 s/step
Meep progress: 87.15/150.0 = 58.1% done in 1738.8s, 1254.0s to go
on time step 6974 (time=87.175), 0.222669 s/step
Meep progress: 87.375/150.0 = 58.2% done in 1742.9s, 1249.2s to go
on time step 6992 (time=87.4), 0.222502 s/step
Meep progress: 87.60000000000001/150.0 = 58.4% done in 1746.9s, 1244.4s to go
on time step 7010 (time=87.625), 0.222583 s/step
Meep progress: 87.825/150.0 = 58.6% done in 1750.9s, 1239.6s to go
on time step 7028 (time=87.85), 0.22268 s/step
Meep progress: 88.05000000000001/150.0 = 58.7% done in 1755.0s, 1234.8s to go
on time step 7046 (time=88.075), 0.223698 s/step
Meep progress: 88.275/150.0 = 58.8% done in 1759.0s, 1229.9s to go
on time step 7065 (time=88.3125), 0.222338 s/step
Meep progress: 88.5125/150.0 = 59.0% done in 1763.2s, 1224.8s to go
on time step 7084 (time=88.55), 0.222258 s/step
Meep progress: 88.73750000000001/150.0 = 59.2% done in 1767.2s, 1220.0s to go
on time step 7103 (time=88.7875), 0.220592 s/step
Meep progress: 88.9625/150.0 = 59.3% done in 1771.2s, 1215.3s to go
on time step 7121 (time=89.0125), 0.225632 s/step
Meep progress: 89.2/150.0 = 59.5% done in 1775.5s, 1210.2s to go
on time step 7140 (time=89.25), 0.220963 s/step
Meep progress: 89.42500000000001/150.0 = 59.6% done in 1779.5s, 1205.4s to go
on time step 7158 (time=89.475), 0.223263 s/step
Meep progress: 89.66250000000001/150.0 = 59.8% done in 1783.7s, 1200.4s to go
on time step 7176 (time=89.7), 0.223682 s/step
Meep progress: 89.8875/150.0 = 59.9% done in 1787.8s, 1195.6s to go
on time step 7195 (time=89.9375), 0.222066 s/step
Meep progress: 90.11250000000001/150.0 = 60.1% done in 1791.8s, 1190.8s to go
on time step 7213 (time=90.1625), 0.222666 s/step
Meep progress: 90.3375/150.0 = 60.2% done in 1795.8s, 1186.0s to go
on time step 7231 (time=90.3875), 0.222386 s/step
Meep progress: 90.5625/150.0 = 60.4% done in 1799.9s, 1181.3s to go
on time step 7250 (time=90.625), 0.223044 s/step
Meep progress: 90.80000000000001/150.0 = 60.5% done in 1804.1s, 1176.2s to go
on time step 7268 (time=90.85), 0.223113 s/step
Meep progress: 91.025/150.0 = 60.7% done in 1808.1s, 1171.5s to go
on time step 7286 (time=91.075), 0.223957 s/step
Meep progress: 91.2625/150.0 = 60.8% done in 1812.3s, 1166.4s to go
on time step 7305 (time=91.3125), 0.221446 s/step
Meep progress: 91.5/150.0 = 61.0% done in 1816.5s, 1161.4s to go
on time step 7324 (time=91.55), 0.219067 s/step
Meep progress: 91.72500000000001/150.0 = 61.2% done in 1820.5s, 1156.6s to go
on time step 7343 (time=91.7875), 0.222402 s/step
Meep progress: 91.9625/150.0 = 61.3% done in 1824.7s, 1151.6s to go
on time step 7362 (time=92.025), 0.219219 s/step
Meep progress: 92.1875/150.0 = 61.5% done in 1828.7s, 1146.8s to go
on time step 7380 (time=92.25), 0.22223 s/step
Meep progress: 92.42500000000001/150.0 = 61.6% done in 1832.9s, 1141.8s to go
on time step 7399 (time=92.4875), 0.219377 s/step
Meep progress: 92.66250000000001/150.0 = 61.8% done in 1837.1s, 1136.8s to go
on time step 7418 (time=92.725), 0.219167 s/step
Meep progress: 92.9/150.0 = 61.9% done in 1841.3s, 1131.7s to go
on time step 7437 (time=92.9625), 0.219236 s/step
Meep progress: 93.1375/150.0 = 62.1% done in 1845.5s, 1126.7s to go
on time step 7456 (time=93.2), 0.220601 s/step
Meep progress: 93.36250000000001/150.0 = 62.2% done in 1849.5s, 1122.0s to go
on time step 7475 (time=93.4375), 0.221432 s/step
Meep progress: 93.575/150.0 = 62.4% done in 1853.5s, 1117.7s to go
on time step 7491 (time=93.6375), 0.252631 s/step
Meep progress: 93.7625/150.0 = 62.5% done in 1857.7s, 1114.2s to go
on time step 7506 (time=93.825), 0.27205 s/step
Meep progress: 93.98750000000001/150.0 = 62.7% done in 1861.9s, 1109.6s to go
on time step 7524 (time=94.05), 0.224374 s/step
Meep progress: 94.2125/150.0 = 62.8% done in 1865.9s, 1104.9s to go
on time step 7542 (time=94.275), 0.222511 s/step
Meep progress: 94.4375/150.0 = 63.0% done in 1870.0s, 1100.2s to go
on time step 7560 (time=94.5), 0.222733 s/step
Meep progress: 94.67500000000001/150.0 = 63.1% done in 1874.2s, 1095.2s to go
on time step 7578 (time=94.725), 0.223015 s/step
Meep progress: 94.9/150.0 = 63.3% done in 1878.2s, 1090.5s to go
on time step 7597 (time=94.9625), 0.220157 s/step
Meep progress: 95.125/150.0 = 63.4% done in 1882.2s, 1085.8s to go
on time step 7615 (time=95.1875), 0.222652 s/step
Meep progress: 95.36250000000001/150.0 = 63.6% done in 1886.4s, 1080.8s to go
on time step 7634 (time=95.425), 0.221377 s/step
Meep progress: 95.60000000000001/150.0 = 63.7% done in 1890.6s, 1075.8s to go
on time step 7652 (time=95.65), 0.22234 s/step
Meep progress: 95.825/150.0 = 63.9% done in 1894.6s, 1071.1s to go
on time step 7671 (time=95.8875), 0.222758 s/step
Meep progress: 96.03750000000001/150.0 = 64.0% done in 1899.0s, 1067.0s to go
on time step 7686 (time=96.075), 0.275596 s/step
Meep progress: 96.25/150.0 = 64.2% done in 1903.2s, 1062.8s to go
on time step 7704 (time=96.3), 0.232526 s/step
Meep progress: 96.48750000000001/150.0 = 64.3% done in 1907.4s, 1057.9s to go
on time step 7723 (time=96.5375), 0.221891 s/step
Meep progress: 96.7/150.0 = 64.5% done in 1911.7s, 1053.7s to go
on time step 7739 (time=96.7375), 0.261173 s/step
Meep progress: 96.9/150.0 = 64.6% done in 1915.8s, 1049.8s to go
on time step 7756 (time=96.95), 0.248581 s/step
Meep progress: 97.11250000000001/150.0 = 64.7% done in 1919.9s, 1045.6s to go
on time step 7773 (time=97.1625), 0.240704 s/step
Meep progress: 97.325/150.0 = 64.9% done in 1924.0s, 1041.3s to go
on time step 7790 (time=97.375), 0.240798 s/step
Meep progress: 97.53750000000001/150.0 = 65.0% done in 1928.1s, 1037.1s to go
on time step 7807 (time=97.5875), 0.239908 s/step
Meep progress: 97.75/150.0 = 65.2% done in 1932.2s, 1032.8s to go
on time step 7824 (time=97.8), 0.239119 s/step
Meep progress: 97.9625/150.0 = 65.3% done in 1936.3s, 1028.6s to go
on time step 7841 (time=98.0125), 0.241152 s/step
Meep progress: 98.17500000000001/150.0 = 65.4% done in 1940.5s, 1024.3s to go
on time step 7858 (time=98.225), 0.23948 s/step
Meep progress: 98.375/150.0 = 65.6% done in 1944.7s, 1020.6s to go
on time step 7873 (time=98.4125), 0.281746 s/step
Meep progress: 98.5625/150.0 = 65.7% done in 1949.1s, 1017.2s to go
on time step 7887 (time=98.5875), 0.291454 s/step
Meep progress: 98.7625/150.0 = 65.8% done in 1953.2s, 1013.3s to go
on time step 7904 (time=98.8), 0.242111 s/step
Meep progress: 98.98750000000001/150.0 = 66.0% done in 1957.2s, 1008.6s to go
on time step 7923 (time=99.0375), 0.221732 s/step
Meep progress: 99.2125/150.0 = 66.1% done in 1961.2s, 1004.0s to go
on time step 7941 (time=99.2625), 0.222278 s/step
Meep progress: 99.4375/150.0 = 66.3% done in 1965.2s, 999.3s to go
on time step 7960 (time=99.5), 0.221796 s/step
Meep progress: 99.67500000000001/150.0 = 66.4% done in 1969.4s, 994.4s to go
on time step 7979 (time=99.7375), 0.220731 s/step
Meep progress: 99.9/150.0 = 66.6% done in 1973.5s, 989.7s to go
on time step 7997 (time=99.9625), 0.229706 s/step
Meep progress: 100.125/150.0 = 66.8% done in 1977.6s, 985.1s to go
on time step 8015 (time=100.188), 0.222511 s/step
Meep progress: 100.35000000000001/150.0 = 66.9% done in 1981.6s, 980.4s to go
on time step 8034 (time=100.425), 0.221654 s/step
Meep progress: 100.5875/150.0 = 67.1% done in 1985.8s, 975.5s to go
on time step 8052 (time=100.65), 0.222742 s/step
Meep progress: 100.8125/150.0 = 67.2% done in 1989.9s, 970.9s to go
on time step 8071 (time=100.888), 0.21973 s/step
Meep progress: 101.05000000000001/150.0 = 67.4% done in 1994.1s, 966.0s to go
on time step 8089 (time=101.113), 0.222996 s/step
Meep progress: 101.275/150.0 = 67.5% done in 1998.1s, 961.3s to go
on time step 8108 (time=101.35), 0.220735 s/step
Meep progress: 101.5/150.0 = 67.7% done in 2002.1s, 956.7s to go
on time step 8127 (time=101.588), 0.221299 s/step
Meep progress: 101.73750000000001/150.0 = 67.8% done in 2006.3s, 951.7s to go
on time step 8144 (time=101.8), 0.239652 s/step
Meep progress: 101.91250000000001/150.0 = 67.9% done in 2010.5s, 948.6s to go
on time step 8158 (time=101.975), 0.289097 s/step
Meep progress: 102.1375/150.0 = 68.1% done in 2014.7s, 944.1s to go
on time step 8176 (time=102.2), 0.224562 s/step
Meep progress: 102.375/150.0 = 68.2% done in 2018.9s, 939.2s to go
on time step 8195 (time=102.438), 0.219609 s/step
Meep progress: 102.60000000000001/150.0 = 68.4% done in 2022.9s, 934.6s to go
on time step 8213 (time=102.663), 0.223407 s/step
Meep progress: 102.8375/150.0 = 68.6% done in 2027.1s, 929.7s to go
on time step 8232 (time=102.9), 0.220021 s/step
Meep progress: 103.075/150.0 = 68.7% done in 2031.3s, 924.8s to go
on time step 8251 (time=103.138), 0.221309 s/step
Meep progress: 103.3125/150.0 = 68.9% done in 2035.6s, 919.9s to go
on time step 8270 (time=103.375), 0.222067 s/step
Meep progress: 103.55000000000001/150.0 = 69.0% done in 2039.8s, 915.0s to go
on time step 8289 (time=103.613), 0.221028 s/step
Meep progress: 103.78750000000001/150.0 = 69.2% done in 2044.0s, 910.1s to go
on time step 8307 (time=103.838), 0.224207 s/step
Meep progress: 104.0125/150.0 = 69.3% done in 2048.1s, 905.5s to go
on time step 8325 (time=104.062), 0.223045 s/step
Meep progress: 104.23750000000001/150.0 = 69.5% done in 2052.1s, 900.9s to go
on time step 8344 (time=104.3), 0.222595 s/step
Meep progress: 104.4375/150.0 = 69.6% done in 2056.3s, 897.1s to go
on time step 8359 (time=104.488), 0.282121 s/step
Meep progress: 104.6375/150.0 = 69.8% done in 2060.4s, 893.2s to go
on time step 8376 (time=104.7), 0.245386 s/step
Meep progress: 104.85000000000001/150.0 = 69.9% done in 2064.6s, 889.0s to go
on time step 8393 (time=104.913), 0.248797 s/step
Meep progress: 105.05000000000001/150.0 = 70.0% done in 2068.6s, 885.1s to go
on time step 8410 (time=105.125), 0.242848 s/step
Meep progress: 105.2625/150.0 = 70.2% done in 2072.9s, 881.0s to go
on time step 8425 (time=105.312), 0.26697 s/step
Meep progress: 105.4625/150.0 = 70.3% done in 2076.9s, 877.1s to go
on time step 8443 (time=105.538), 0.230933 s/step
Meep progress: 105.7/150.0 = 70.5% done in 2081.1s, 872.2s to go
on time step 8462 (time=105.775), 0.221369 s/step
Meep progress: 105.8875/150.0 = 70.6% done in 2085.4s, 868.8s to go
on time step 8475 (time=105.938), 0.322625 s/step
Meep progress: 106.0625/150.0 = 70.7% done in 2089.6s, 865.6s to go
on time step 8490 (time=106.125), 0.271269 s/step
Meep progress: 106.28750000000001/150.0 = 70.9% done in 2093.9s, 861.1s to go
on time step 8506 (time=106.325), 0.25407 s/step
Meep progress: 106.47500000000001/150.0 = 71.0% done in 2097.9s, 857.6s to go
on time step 8522 (time=106.525), 0.252418 s/step
Meep progress: 106.6875/150.0 = 71.1% done in 2102.1s, 853.4s to go
on time step 8539 (time=106.738), 0.24558 s/step
Meep progress: 106.9/150.0 = 71.3% done in 2106.3s, 849.2s to go
on time step 8556 (time=106.95), 0.243164 s/step
Meep progress: 107.0875/150.0 = 71.4% done in 2110.3s, 845.6s to go
on time step 8572 (time=107.15), 0.262315 s/step
Meep progress: 107.28750000000001/150.0 = 71.5% done in 2114.4s, 841.8s to go
on time step 8588 (time=107.35), 0.264152 s/step
Meep progress: 107.48750000000001/150.0 = 71.7% done in 2118.4s, 837.8s to go
on time step 8605 (time=107.562), 0.242366 s/step
Meep progress: 107.6875/150.0 = 71.8% done in 2122.6s, 834.0s to go
on time step 8620 (time=107.75), 0.27346 s/step
Meep progress: 107.86250000000001/150.0 = 71.9% done in 2126.7s, 830.8s to go
on time step 8635 (time=107.938), 0.278006 s/step
Meep progress: 108.075/150.0 = 72.0% done in 2130.9s, 826.6s to go
on time step 8652 (time=108.15), 0.242486 s/step
Meep progress: 108.28750000000001/150.0 = 72.2% done in 2135.0s, 822.4s to go
on time step 8669 (time=108.363), 0.240515 s/step
Meep progress: 108.5/150.0 = 72.3% done in 2139.1s, 818.2s to go
on time step 8686 (time=108.575), 0.239789 s/step
Meep progress: 108.7125/150.0 = 72.5% done in 2143.2s, 814.0s to go
on time step 8703 (time=108.788), 0.241204 s/step
Meep progress: 108.92500000000001/150.0 = 72.6% done in 2147.4s, 809.8s to go
on time step 8720 (time=109), 0.242337 s/step
Meep progress: 109.1375/150.0 = 72.8% done in 2151.5s, 805.5s to go
on time step 8737 (time=109.213), 0.242795 s/step
Meep progress: 109.3375/150.0 = 72.9% done in 2155.7s, 801.7s to go
on time step 8752 (time=109.4), 0.269875 s/step
Meep progress: 109.55000000000001/150.0 = 73.0% done in 2159.7s, 797.5s to go
on time step 8770 (time=109.625), 0.223277 s/step
Meep progress: 109.775/150.0 = 73.2% done in 2163.7s, 792.9s to go
on time step 8788 (time=109.85), 0.223686 s/step
Meep progress: 110.0/150.0 = 73.3% done in 2167.8s, 788.3s to go
on time step 8807 (time=110.088), 0.221048 s/step
Meep progress: 110.23750000000001/150.0 = 73.5% done in 2172.0s, 783.4s to go
on time step 8826 (time=110.325), 0.220368 s/step
Meep progress: 110.4625/150.0 = 73.6% done in 2176.0s, 778.8s to go
on time step 8845 (time=110.562), 0.222882 s/step
Meep progress: 110.7/150.0 = 73.8% done in 2180.2s, 774.0s to go
on time step 8861 (time=110.763), 0.253977 s/step
Meep progress: 110.875/150.0 = 73.9% done in 2184.2s, 770.8s to go
on time step 8877 (time=110.963), 0.254429 s/step
Meep progress: 111.0625/150.0 = 74.0% done in 2188.3s, 767.2s to go
on time step 8893 (time=111.163), 0.263061 s/step
Meep progress: 111.28750000000001/150.0 = 74.2% done in 2192.4s, 762.6s to go
on time step 8911 (time=111.388), 0.2226 s/step
Meep progress: 111.48750000000001/150.0 = 74.3% done in 2196.5s, 758.8s to go
on time step 8926 (time=111.575), 0.273865 s/step
Meep progress: 111.7/150.0 = 74.5% done in 2200.7s, 754.6s to go
on time step 8943 (time=111.788), 0.240782 s/step
Meep progress: 111.8875/150.0 = 74.6% done in 2204.7s, 751.0s to go
on time step 8958 (time=111.975), 0.272006 s/step
Meep progress: 112.0875/150.0 = 74.7% done in 2209.0s, 747.2s to go
on time step 8973 (time=112.163), 0.267412 s/step
Meep progress: 112.3125/150.0 = 74.9% done in 2213.2s, 742.7s to go
on time step 8991 (time=112.388), 0.22248 s/step
Meep progress: 112.53750000000001/150.0 = 75.0% done in 2217.2s, 738.1s to go
on time step 9009 (time=112.613), 0.222938 s/step
Meep progress: 112.75/150.0 = 75.2% done in 2221.4s, 733.9s to go
on time step 9025 (time=112.812), 0.265122 s/step
Meep progress: 112.95/150.0 = 75.3% done in 2225.5s, 730.0s to go
on time step 9042 (time=113.025), 0.243977 s/step
Meep progress: 113.16250000000001/150.0 = 75.4% done in 2229.6s, 725.8s to go
on time step 9059 (time=113.238), 0.2416 s/step
Meep progress: 113.375/150.0 = 75.6% done in 2233.7s, 721.6s to go
on time step 9076 (time=113.45), 0.240279 s/step
Meep progress: 113.5875/150.0 = 75.7% done in 2237.9s, 717.4s to go
on time step 9093 (time=113.663), 0.241839 s/step
Meep progress: 113.80000000000001/150.0 = 75.9% done in 2242.0s, 713.2s to go
on time step 9109 (time=113.863), 0.260728 s/step
Meep progress: 114.0/150.0 = 76.0% done in 2246.2s, 709.3s to go
on time step 9127 (time=114.088), 0.233866 s/step
Meep progress: 114.22500000000001/150.0 = 76.2% done in 2250.2s, 704.8s to go
on time step 9145 (time=114.312), 0.222399 s/step
Meep progress: 114.45/150.0 = 76.3% done in 2254.2s, 700.2s to go
on time step 9164 (time=114.55), 0.223922 s/step
Meep progress: 114.65/150.0 = 76.4% done in 2258.3s, 696.3s to go
on time step 9179 (time=114.738), 0.275386 s/step
Meep progress: 114.85000000000001/150.0 = 76.6% done in 2262.4s, 692.4s to go
on time step 9196 (time=114.95), 0.24217 s/step
Meep progress: 115.05000000000001/150.0 = 76.7% done in 2266.6s, 688.5s to go
on time step 9211 (time=115.138), 0.267078 s/step
Meep progress: 115.2625/150.0 = 76.8% done in 2270.6s, 684.3s to go
on time step 9229 (time=115.363), 0.233557 s/step
Meep progress: 115.45/150.0 = 77.0% done in 2274.6s, 680.7s to go
on time step 9244 (time=115.55), 0.267707 s/step
Meep progress: 115.66250000000001/150.0 = 77.1% done in 2278.8s, 676.5s to go
on time step 9261 (time=115.763), 0.240553 s/step
Meep progress: 115.875/150.0 = 77.2% done in 2283.0s, 672.3s to go
on time step 9277 (time=115.963), 0.254652 s/step
Meep progress: 116.075/150.0 = 77.4% done in 2287.1s, 668.4s to go
on time step 9294 (time=116.175), 0.247624 s/step
Meep progress: 116.275/150.0 = 77.5% done in 2291.3s, 664.6s to go
on time step 9309 (time=116.363), 0.280777 s/step
Meep progress: 116.47500000000001/150.0 = 77.6% done in 2295.3s, 660.7s to go
on time step 9327 (time=116.588), 0.231277 s/step
Meep progress: 116.67500000000001/150.0 = 77.8% done in 2299.6s, 656.8s to go
on time step 9341 (time=116.763), 0.296845 s/step
Meep progress: 116.86250000000001/150.0 = 77.9% done in 2303.6s, 653.2s to go
on time step 9358 (time=116.975), 0.235791 s/step
Meep progress: 117.0875/150.0 = 78.1% done in 2307.6s, 648.7s to go
on time step 9377 (time=117.213), 0.221838 s/step
Meep progress: 117.3125/150.0 = 78.2% done in 2311.7s, 644.1s to go
on time step 9395 (time=117.438), 0.223133 s/step
Meep progress: 117.53750000000001/150.0 = 78.4% done in 2315.7s, 639.6s to go
on time step 9414 (time=117.675), 0.221147 s/step
Meep progress: 117.7625/150.0 = 78.5% done in 2319.7s, 635.0s to go
on time step 9429 (time=117.863), 0.281571 s/step
Meep progress: 117.9375/150.0 = 78.6% done in 2323.9s, 631.8s to go
on time step 9446 (time=118.075), 0.245772 s/step
Meep progress: 118.1375/150.0 = 78.8% done in 2328.1s, 627.9s to go
on time step 9461 (time=118.263), 0.279045 s/step
Meep progress: 118.3375/150.0 = 78.9% done in 2332.2s, 624.0s to go
on time step 9478 (time=118.475), 0.240558 s/step
Meep progress: 118.55000000000001/150.0 = 79.0% done in 2336.3s, 619.8s to go
on time step 9495 (time=118.688), 0.241273 s/step
Meep progress: 118.7625/150.0 = 79.2% done in 2340.5s, 615.6s to go
on time step 9511 (time=118.888), 0.251115 s/step
Meep progress: 118.97500000000001/150.0 = 79.3% done in 2344.7s, 611.4s to go
on time step 9528 (time=119.1), 0.241597 s/step
Meep progress: 119.1875/150.0 = 79.5% done in 2348.9s, 607.2s to go
on time step 9543 (time=119.288), 0.270759 s/step
Meep progress: 119.3875/150.0 = 79.6% done in 2353.1s, 603.4s to go
on time step 9561 (time=119.513), 0.2264 s/step
Meep progress: 119.61250000000001/150.0 = 79.7% done in 2357.1s, 598.8s to go
on time step 9580 (time=119.75), 0.220704 s/step
Meep progress: 119.8375/150.0 = 79.9% done in 2361.1s, 594.3s to go
on time step 9598 (time=119.975), 0.22223 s/step
Meep progress: 120.0625/150.0 = 80.0% done in 2365.2s, 589.8s to go
on time step 9617 (time=120.213), 0.220792 s/step
Meep progress: 120.30000000000001/150.0 = 80.2% done in 2369.4s, 585.0s to go
on time step 9636 (time=120.45), 0.2215 s/step
Meep progress: 120.53750000000001/150.0 = 80.4% done in 2373.5s, 580.2s to go
on time step 9655 (time=120.688), 0.221802 s/step
Meep progress: 120.7625/150.0 = 80.5% done in 2377.6s, 575.6s to go
on time step 9674 (time=120.925), 0.219993 s/step
Meep progress: 121.0/150.0 = 80.7% done in 2381.8s, 570.8s to go
on time step 9692 (time=121.15), 0.22225 s/step
Meep progress: 121.22500000000001/150.0 = 80.8% done in 2385.8s, 566.3s to go
on time step 9711 (time=121.388), 0.221561 s/step
Meep progress: 121.4625/150.0 = 81.0% done in 2390.0s, 561.5s to go
on time step 9730 (time=121.625), 0.220513 s/step
Meep progress: 121.7/150.0 = 81.1% done in 2394.2s, 556.7s to go
on time step 9749 (time=121.863), 0.220783 s/step
Meep progress: 121.9375/150.0 = 81.3% done in 2398.3s, 552.0s to go
on time step 9767 (time=122.088), 0.225544 s/step
Meep progress: 122.15/150.0 = 81.4% done in 2402.5s, 547.8s to go
on time step 9783 (time=122.288), 0.254076 s/step
Meep progress: 122.36250000000001/150.0 = 81.6% done in 2406.6s, 543.6s to go
on time step 9800 (time=122.5), 0.240799 s/step
Meep progress: 122.575/150.0 = 81.7% done in 2410.7s, 539.4s to go
on time step 9817 (time=122.713), 0.240307 s/step
Meep progress: 122.78750000000001/150.0 = 81.9% done in 2414.9s, 535.2s to go
on time step 9834 (time=122.925), 0.241303 s/step
Meep progress: 123.0/150.0 = 82.0% done in 2419.0s, 531.0s to go
on time step 9851 (time=123.138), 0.239203 s/step
Meep progress: 123.2125/150.0 = 82.1% done in 2423.1s, 526.8s to go
on time step 9868 (time=123.35), 0.240357 s/step
Meep progress: 123.42500000000001/150.0 = 82.3% done in 2427.2s, 522.6s to go
on time step 9885 (time=123.562), 0.240578 s/step
Meep progress: 123.6375/150.0 = 82.4% done in 2431.3s, 518.4s to go
on time step 9902 (time=123.775), 0.240555 s/step
Meep progress: 123.85000000000001/150.0 = 82.6% done in 2435.4s, 514.2s to go
on time step 9919 (time=123.988), 0.2417 s/step
Meep progress: 124.0625/150.0 = 82.7% done in 2439.5s, 510.0s to go
on time step 9936 (time=124.2), 0.239011 s/step
Meep progress: 124.275/150.0 = 82.9% done in 2443.6s, 505.8s to go
on time step 9953 (time=124.413), 0.239945 s/step
Meep progress: 124.48750000000001/150.0 = 83.0% done in 2447.7s, 501.6s to go
on time step 9970 (time=124.625), 0.240613 s/step
Meep progress: 124.7/150.0 = 83.1% done in 2451.9s, 497.4s to go
on time step 9986 (time=124.825), 0.252174 s/step
Meep progress: 124.9/150.0 = 83.3% done in 2456.1s, 493.6s to go
on time step 10003 (time=125.038), 0.247224 s/step
Meep progress: 125.125/150.0 = 83.4% done in 2460.2s, 489.1s to go
on time step 10021 (time=125.263), 0.222674 s/step
Meep progress: 125.36250000000001/150.0 = 83.6% done in 2464.5s, 484.3s to go
on time step 10039 (time=125.488), 0.223301 s/step
Meep progress: 125.5875/150.0 = 83.7% done in 2468.5s, 479.8s to go
on time step 10058 (time=125.725), 0.22025 s/step
Meep progress: 125.825/150.0 = 83.9% done in 2472.6s, 475.1s to go
on time step 10076 (time=125.95), 0.222237 s/step
Meep progress: 126.05000000000001/150.0 = 84.0% done in 2476.7s, 470.6s to go
on time step 10095 (time=126.188), 0.221391 s/step
Meep progress: 126.28750000000001/150.0 = 84.2% done in 2480.9s, 465.8s to go
on time step 10113 (time=126.413), 0.222365 s/step
Meep progress: 126.525/150.0 = 84.4% done in 2485.1s, 461.1s to go
on time step 10132 (time=126.65), 0.219602 s/step
Meep progress: 126.7625/150.0 = 84.5% done in 2489.3s, 456.3s to go
on time step 10151 (time=126.888), 0.221912 s/step
Meep progress: 127.0/150.0 = 84.7% done in 2493.5s, 451.6s to go
on time step 10170 (time=127.125), 0.220383 s/step
Meep progress: 127.23750000000001/150.0 = 84.8% done in 2497.7s, 446.8s to go
on time step 10189 (time=127.363), 0.219058 s/step
Meep progress: 127.47500000000001/150.0 = 85.0% done in 2501.9s, 442.1s to go
on time step 10208 (time=127.6), 0.220751 s/step
Meep progress: 127.7125/150.0 = 85.1% done in 2506.1s, 437.4s to go
on time step 10227 (time=127.838), 0.220869 s/step
Meep progress: 127.9375/150.0 = 85.3% done in 2510.2s, 432.9s to go
on time step 10245 (time=128.062), 0.222289 s/step
Meep progress: 128.175/150.0 = 85.4% done in 2514.3s, 428.1s to go
on time step 10262 (time=128.275), 0.240563 s/step
Meep progress: 128.3625/150.0 = 85.6% done in 2518.3s, 424.5s to go
on time step 10278 (time=128.475), 0.257718 s/step
Meep progress: 128.57500000000002/150.0 = 85.7% done in 2522.5s, 420.3s to go
on time step 10295 (time=128.688), 0.24339 s/step
Meep progress: 128.7875/150.0 = 85.9% done in 2526.6s, 416.2s to go
on time step 10312 (time=128.9), 0.246123 s/step
Meep progress: 128.9875/150.0 = 86.0% done in 2530.8s, 412.3s to go
on time step 10326 (time=129.075), 0.285729 s/step
Meep progress: 129.175/150.0 = 86.1% done in 2534.8s, 408.7s to go
on time step 10344 (time=129.3), 0.228281 s/step
Meep progress: 129.4/150.0 = 86.3% done in 2538.8s, 404.2s to go
on time step 10363 (time=129.537), 0.22074 s/step
Meep progress: 129.625/150.0 = 86.4% done in 2542.8s, 399.7s to go
on time step 10379 (time=129.738), 0.264159 s/step
Meep progress: 129.8/150.0 = 86.5% done in 2547.1s, 396.4s to go
on time step 10394 (time=129.925), 0.268674 s/step
Meep progress: 130.01250000000002/150.0 = 86.7% done in 2551.1s, 392.2s to go
on time step 10411 (time=130.138), 0.237208 s/step
Meep progress: 130.2125/150.0 = 86.8% done in 2555.3s, 388.3s to go
on time step 10427 (time=130.338), 0.261568 s/step
Meep progress: 130.4/150.0 = 86.9% done in 2559.4s, 384.7s to go
on time step 10442 (time=130.525), 0.272476 s/step
Meep progress: 130.6125/150.0 = 87.1% done in 2563.5s, 380.5s to go
on time step 10457 (time=130.713), 0.271761 s/step
Meep progress: 130.775/150.0 = 87.2% done in 2567.5s, 377.4s to go
on time step 10473 (time=130.912), 0.252247 s/step
Meep progress: 131.0/150.0 = 87.3% done in 2571.6s, 373.0s to go
on time step 10491 (time=131.138), 0.222489 s/step
Meep progress: 131.225/150.0 = 87.5% done in 2575.6s, 368.5s to go
on time step 10510 (time=131.375), 0.222339 s/step
Meep progress: 131.45000000000002/150.0 = 87.6% done in 2579.6s, 364.0s to go
on time step 10529 (time=131.613), 0.221033 s/step
Meep progress: 131.6875/150.0 = 87.8% done in 2583.8s, 359.3s to go
on time step 10547 (time=131.838), 0.229888 s/step
Meep progress: 131.9/150.0 = 87.9% done in 2587.9s, 355.1s to go
on time step 10565 (time=132.062), 0.225053 s/step
Meep progress: 132.125/150.0 = 88.1% done in 2591.9s, 350.7s to go
on time step 10583 (time=132.287), 0.226193 s/step
Meep progress: 132.3625/150.0 = 88.2% done in 2596.2s, 345.9s to go
on time step 10602 (time=132.525), 0.221951 s/step
Meep progress: 132.5875/150.0 = 88.4% done in 2600.2s, 341.5s to go
on time step 10621 (time=132.763), 0.219466 s/step
Meep progress: 132.82500000000002/150.0 = 88.6% done in 2604.4s, 336.8s to go
on time step 10636 (time=132.95), 0.271179 s/step
Meep progress: 133.01250000000002/150.0 = 88.7% done in 2608.5s, 333.1s to go
on time step 10653 (time=133.162), 0.241407 s/step
Meep progress: 133.225/150.0 = 88.8% done in 2612.7s, 329.0s to go
on time step 10670 (time=133.375), 0.241135 s/step
Meep progress: 133.4375/150.0 = 89.0% done in 2616.8s, 324.8s to go
on time step 10687 (time=133.588), 0.23933 s/step
Meep progress: 133.63750000000002/150.0 = 89.1% done in 2620.8s, 320.9s to go
on time step 10702 (time=133.775), 0.269503 s/step
Meep progress: 133.8375/150.0 = 89.2% done in 2624.9s, 317.0s to go
on time step 10721 (time=134.013), 0.221832 s/step
Meep progress: 134.07500000000002/150.0 = 89.4% done in 2629.1s, 312.3s to go
on time step 10740 (time=134.25), 0.218664 s/step
Meep progress: 134.3125/150.0 = 89.5% done in 2633.3s, 307.6s to go
on time step 10759 (time=134.488), 0.220438 s/step
Meep progress: 134.55/150.0 = 89.7% done in 2637.4s, 302.8s to go
on time step 10778 (time=134.725), 0.221536 s/step
Meep progress: 134.775/150.0 = 89.9% done in 2641.4s, 298.4s to go
on time step 10797 (time=134.963), 0.220947 s/step
Meep progress: 135.01250000000002/150.0 = 90.0% done in 2645.7s, 293.7s to go
on time step 10816 (time=135.2), 0.221404 s/step
Meep progress: 135.25/150.0 = 90.2% done in 2649.9s, 289.0s to go
on time step 10835 (time=135.438), 0.218384 s/step
Meep progress: 135.4875/150.0 = 90.3% done in 2654.0s, 284.3s to go
on time step 10854 (time=135.675), 0.221101 s/step
Meep progress: 135.7125/150.0 = 90.5% done in 2658.1s, 279.8s to go
on time step 10872 (time=135.9), 0.222994 s/step
Meep progress: 135.9375/150.0 = 90.6% done in 2662.1s, 275.4s to go
on time step 10891 (time=136.138), 0.219321 s/step
Meep progress: 136.175/150.0 = 90.8% done in 2666.3s, 270.7s to go
on time step 10910 (time=136.375), 0.221893 s/step
Meep progress: 136.4125/150.0 = 90.9% done in 2670.5s, 266.0s to go
on time step 10929 (time=136.613), 0.218805 s/step
Meep progress: 136.65/150.0 = 91.1% done in 2674.7s, 261.3s to go
on time step 10947 (time=136.838), 0.223601 s/step
Meep progress: 136.875/150.0 = 91.2% done in 2678.7s, 256.9s to go
on time step 10966 (time=137.075), 0.219704 s/step
Meep progress: 137.1125/150.0 = 91.4% done in 2682.9s, 252.2s to go
on time step 10985 (time=137.312), 0.22098 s/step
Meep progress: 137.35/150.0 = 91.6% done in 2687.1s, 247.5s to go
on time step 11004 (time=137.55), 0.222041 s/step
Meep progress: 137.5875/150.0 = 91.7% done in 2691.3s, 242.8s to go
on time step 11023 (time=137.787), 0.218587 s/step
Meep progress: 137.82500000000002/150.0 = 91.9% done in 2695.5s, 238.1s to go
on time step 11038 (time=137.975), 0.274376 s/step
Meep progress: 138.01250000000002/150.0 = 92.0% done in 2699.7s, 234.5s to go
on time step 11055 (time=138.188), 0.243062 s/step
Meep progress: 138.225/150.0 = 92.1% done in 2703.8s, 230.3s to go
on time step 11072 (time=138.4), 0.242687 s/step
Meep progress: 138.4375/150.0 = 92.3% done in 2708.0s, 226.2s to go
on time step 11089 (time=138.613), 0.239379 s/step
Meep progress: 138.65/150.0 = 92.4% done in 2712.1s, 222.0s to go
on time step 11106 (time=138.825), 0.239341 s/step
Meep progress: 138.8625/150.0 = 92.6% done in 2716.2s, 217.9s to go
on time step 11123 (time=139.037), 0.239737 s/step
Meep progress: 139.07500000000002/150.0 = 92.7% done in 2720.3s, 213.7s to go
on time step 11140 (time=139.25), 0.242206 s/step
Meep progress: 139.2875/150.0 = 92.9% done in 2724.4s, 209.5s to go
on time step 11157 (time=139.463), 0.241228 s/step
Meep progress: 139.5/150.0 = 93.0% done in 2728.5s, 205.4s to go
on time step 11174 (time=139.675), 0.240972 s/step
Meep progress: 139.7125/150.0 = 93.1% done in 2732.6s, 201.2s to go
on time step 11191 (time=139.888), 0.239418 s/step
Meep progress: 139.925/150.0 = 93.3% done in 2736.7s, 197.1s to go
on time step 11208 (time=140.1), 0.240865 s/step
Meep progress: 140.13750000000002/150.0 = 93.4% done in 2740.9s, 192.9s to go
on time step 11225 (time=140.312), 0.239788 s/step
Meep progress: 140.35/150.0 = 93.6% done in 2745.0s, 188.7s to go
on time step 11242 (time=140.525), 0.241919 s/step
Meep progress: 140.5625/150.0 = 93.7% done in 2749.1s, 184.6s to go
on time step 11259 (time=140.738), 0.240191 s/step
Meep progress: 140.775/150.0 = 93.9% done in 2753.2s, 180.4s to go
on time step 11276 (time=140.95), 0.242041 s/step
Meep progress: 140.9875/150.0 = 94.0% done in 2757.3s, 176.3s to go
on time step 11293 (time=141.162), 0.240165 s/step
Meep progress: 141.20000000000002/150.0 = 94.1% done in 2761.5s, 172.1s to go
on time step 11310 (time=141.375), 0.240917 s/step
Meep progress: 141.4125/150.0 = 94.3% done in 2765.6s, 167.9s to go
on time step 11327 (time=141.588), 0.240472 s/step
Meep progress: 141.625/150.0 = 94.4% done in 2769.7s, 163.8s to go
on time step 11343 (time=141.787), 0.263022 s/step
Meep progress: 141.8125/150.0 = 94.5% done in 2773.8s, 160.1s to go
on time step 11360 (time=142), 0.24254 s/step
Meep progress: 142.0375/150.0 = 94.7% done in 2778.0s, 155.7s to go
on time step 11379 (time=142.238), 0.220574 s/step
Meep progress: 142.275/150.0 = 94.9% done in 2782.2s, 151.1s to go
on time step 11397 (time=142.463), 0.22268 s/step
Meep progress: 142.5/150.0 = 95.0% done in 2786.2s, 146.6s to go
on time step 11416 (time=142.7), 0.220951 s/step
Meep progress: 142.7375/150.0 = 95.2% done in 2790.4s, 142.0s to go
on time step 11430 (time=142.875), 0.306358 s/step
Meep progress: 142.9/150.0 = 95.3% done in 2794.6s, 138.8s to go
on time step 11448 (time=143.1), 0.235283 s/step
Meep progress: 143.125/150.0 = 95.4% done in 2798.7s, 134.4s to go
on time step 11467 (time=143.338), 0.220545 s/step
Meep progress: 143.3625/150.0 = 95.6% done in 2802.9s, 129.8s to go
on time step 11483 (time=143.537), 0.254254 s/step
Meep progress: 143.5625/150.0 = 95.7% done in 2807.3s, 125.9s to go
on time step 11498 (time=143.725), 0.269365 s/step
Meep progress: 143.76250000000002/150.0 = 95.8% done in 2811.3s, 122.0s to go
on time step 11517 (time=143.963), 0.220374 s/step
Meep progress: 144.0/150.0 = 96.0% done in 2815.5s, 117.3s to go
on time step 11536 (time=144.2), 0.217114 s/step
Meep progress: 144.2375/150.0 = 96.2% done in 2819.7s, 112.7s to go
on time step 11555 (time=144.438), 0.222286 s/step
Meep progress: 144.475/150.0 = 96.3% done in 2823.9s, 108.0s to go
on time step 11574 (time=144.675), 0.222419 s/step
Meep progress: 144.70000000000002/150.0 = 96.5% done in 2827.9s, 103.6s to go
on time step 11593 (time=144.912), 0.219202 s/step
Meep progress: 144.9375/150.0 = 96.6% done in 2832.1s, 98.9s to go
on time step 11612 (time=145.15), 0.219889 s/step
Meep progress: 145.175/150.0 = 96.8% done in 2836.3s, 94.3s to go
on time step 11628 (time=145.35), 0.255635 s/step
Meep progress: 145.375/150.0 = 96.9% done in 2840.5s, 90.4s to go
on time step 11644 (time=145.55), 0.253023 s/step
Meep progress: 145.57500000000002/150.0 = 97.1% done in 2844.5s, 86.5s to go
on time step 11661 (time=145.763), 0.240291 s/step
Meep progress: 145.7875/150.0 = 97.2% done in 2848.6s, 82.3s to go
on time step 11678 (time=145.975), 0.23975 s/step
Meep progress: 146.0/150.0 = 97.3% done in 2852.7s, 78.2s to go
on time step 11695 (time=146.188), 0.241909 s/step
Meep progress: 146.2125/150.0 = 97.5% done in 2856.8s, 74.0s to go
on time step 11712 (time=146.4), 0.242693 s/step
Meep progress: 146.425/150.0 = 97.6% done in 2860.9s, 69.9s to go
on time step 11729 (time=146.613), 0.241021 s/step
Meep progress: 146.63750000000002/150.0 = 97.8% done in 2865.1s, 65.7s to go
on time step 11746 (time=146.825), 0.240505 s/step
Meep progress: 146.85/150.0 = 97.9% done in 2869.2s, 61.5s to go
on time step 11763 (time=147.037), 0.243384 s/step
Meep progress: 147.0625/150.0 = 98.0% done in 2873.3s, 57.4s to go
on time step 11780 (time=147.25), 0.241592 s/step
Meep progress: 147.275/150.0 = 98.2% done in 2877.4s, 53.2s to go
on time step 11797 (time=147.463), 0.2395 s/step
Meep progress: 147.4875/150.0 = 98.3% done in 2881.5s, 49.1s to go
on time step 11814 (time=147.675), 0.241202 s/step
Meep progress: 147.70000000000002/150.0 = 98.5% done in 2885.6s, 44.9s to go
on time step 11831 (time=147.888), 0.242278 s/step
Meep progress: 147.9125/150.0 = 98.6% done in 2889.8s, 40.8s to go
on time step 11848 (time=148.1), 0.239925 s/step
Meep progress: 148.125/150.0 = 98.8% done in 2893.9s, 36.6s to go
on time step 11865 (time=148.312), 0.241367 s/step
Meep progress: 148.3375/150.0 = 98.9% done in 2898.0s, 32.5s to go
on time step 11882 (time=148.525), 0.242311 s/step
Meep progress: 148.55/150.0 = 99.0% done in 2902.1s, 28.3s to go
on time step 11899 (time=148.738), 0.240975 s/step
Meep progress: 148.76250000000002/150.0 = 99.2% done in 2906.2s, 24.2s to go
on time step 11916 (time=148.95), 0.239803 s/step
Meep progress: 148.975/150.0 = 99.3% done in 2910.4s, 20.0s to go
on time step 11933 (time=149.162), 0.240407 s/step
Meep progress: 149.1875/150.0 = 99.5% done in 2914.5s, 15.9s to go
on time step 11950 (time=149.375), 0.240808 s/step
Meep progress: 149.4/150.0 = 99.6% done in 2918.6s, 11.7s to go
on time step 11967 (time=149.588), 0.240721 s/step
Meep progress: 149.6125/150.0 = 99.7% done in 2922.7s, 7.6s to go
on time step 11984 (time=149.8), 0.240353 s/step
Meep progress: 149.82500000000002/150.0 = 99.9% done in 2926.8s, 3.4s to go
run 0 finished at t = 150.0 (12000 timesteps)
flux1:, 0.5, 7.286945499325417e-7, -5.981109377072433e-7
flux1:, 0.7857142857142857, 2.0882047919033276e-4, -2.0044913810222882e-4
flux1:, 1.0714285714285714, 0.004509432979121935, -0.012160624062280344
flux1:, 1.3571428571428572, 0.08233697152236921, -0.05371083509835928
flux1:, 1.6428571428571428, 0.10060852768580847, -0.09839565885561699
flux1:, 1.9285714285714284, 0.0097353358655809, -0.04744540783754231
flux1:, 2.214285714285714, 0.0014569511837458288, -0.0015642126617548505
flux1:, 2.4999999999999996, 7.457312621908845e-6, -2.3751063933142224e-5

Elapsed run time = 2978.68 s
