--------------------------------------------------------------------------
[[11163,1],7]: A high-performance Open MPI point-to-point messaging module
was unable to find any relevant network interfaces:

Module: OpenFabrics (openib)
  Host: euca-128-84-11-54

Another transport will be used instead, although this may result in
lower performance.
--------------------------------------------------------------------------
Using MPI version 3.0, 12 processes
command-line param: no-struct=false
command-line param: no-holes=false
command-line param: time=5
-----------
Initializing structure...
Working in 3D dimensions.
Computational cell is 4 x 4 x 5 with resolution 40
     block, center = (0,0,0)
          size (1e+20,1e+20,0.15)
          axes (1,0,0), (0,1,0), (0,0,1)
          dielectric constant epsilon diagonal = (12,12,12)
     cylinder, center = (0.4,0.4,0)
          radius 0.3, height 0.15, axis (0, 0, 1)
          dielectric constant epsilon diagonal = (1,1,1)
     cylinder, center = (1.2,0.4,0)
          radius 0.3, height 0.15, axis (0, 0, 1)
          dielectric constant epsilon diagonal = (1,1,1)
     cylinder, center = (2,0.4,0)
          radius 0.3, height 0.15, axis (0, 0, 1)
          dielectric constant epsilon diagonal = (1,1,1)
     cylinder, center = (2.8,0.4,0)
          radius 0.3, height 0.15, axis (0, 0, 1)
          dielectric constant epsilon diagonal = (1,1,1)
     cylinder, center = (3.6,0.4,0)
          radius 0.3, height 0.15, axis (0, 0, 1)
          dielectric constant epsilon diagonal = (1,1,1)
     cylinder, center = (0.4,1.8,0)
          radius 0.3, height 0.15, axis (0, 0, 1)
          dielectric constant epsilon diagonal = (1,1,1)
     cylinder, center = (1.2,1.8,0)
          radius 0.3, height 0.15, axis (0, 0, 1)
          dielectric constant epsilon diagonal = (1,1,1)
     cylinder, center = (2,1.8,0)
          radius 0.3, height 0.15, axis (0, 0, 1)
          dielectric constant epsilon diagonal = (1,1,1)
     cylinder, center = (2.8,1.8,0)
          radius 0.3, height 0.15, axis (0, 0, 1)
          dielectric constant epsilon diagonal = (1,1,1)
     cylinder, center = (3.6,1.8,0)
          radius 0.3, height 0.15, axis (0, 0, 1)
          dielectric constant epsilon diagonal = (1,1,1)
     cylinder, center = (0.4,3.2,0)
          radius 0.3, height 0.15, axis (0, 0, 1)
          dielectric constant epsilon diagonal = (1,1,1)
     cylinder, center = (1.2,3.2,0)
          radius 0.3, height 0.15, axis (0, 0, 1)
          dielectric constant epsilon diagonal = (1,1,1)
     cylinder, center = (2,3.2,0)
          radius 0.3, height 0.15, axis (0, 0, 1)
          dielectric constant epsilon diagonal = (1,1,1)
     cylinder, center = (2.8,3.2,0)
          radius 0.3, height 0.15, axis (0, 0, 1)
          dielectric constant epsilon diagonal = (1,1,1)
     cylinder, center = (3.6,3.2,0)
          radius 0.3, height 0.15, axis (0, 0, 1)
          dielectric constant epsilon diagonal = (1,1,1)
     cylinder, center = (0.8,1.1,0)
          radius 0.3, height 0.15, axis (0, 0, 1)
          dielectric constant epsilon diagonal = (1,1,1)
     cylinder, center = (1.6,1.1,0)
          radius 0.3, height 0.15, axis (0, 0, 1)
          dielectric constant epsilon diagonal = (1,1,1)
     cylinder, center = (2.4,1.1,0)
          radius 0.3, height 0.15, axis (0, 0, 1)
          dielectric constant epsilon diagonal = (1,1,1)
     cylinder, center = (3.2,1.1,0)
          radius 0.3, height 0.15, axis (0, 0, 1)
          dielectric constant epsilon diagonal = (1,1,1)
     cylinder, center = (0.8,3.5,0)
          radius 0.3, height 0.15, axis (0, 0, 1)
          dielectric constant epsilon diagonal = (1,1,1)
     cylinder, center = (1.6,3.5,0)
          radius 0.3, height 0.15, axis (0, 0, 1)
          dielectric constant epsilon diagonal = (1,1,1)
     cylinder, center = (2.4,3.5,0)
          radius 0.3, height 0.15, axis (0, 0, 1)
          dielectric constant epsilon diagonal = (1,1,1)
     cylinder, center = (3.2,3.5,0)
          radius 0.3, height 0.15, axis (0, 0, 1)
          dielectric constant epsilon diagonal = (1,1,1)
subpixel-averaging is 38.6477% done, 6.46748 s remaining
subpixel-averaging is 77.8404% done, 1.16295 s remaining
subpixel-averaging is 26.2913% done, 11.4111 s remaining
subpixel-averaging is 50.2968% done, 3.9689 s remaining
subpixel-averaging is 69.7298% done, 1.74479 s remaining
subpixel-averaging is 96.0216% done, 0.167774 s remaining
subpixel-averaging is 35.3817% done, 7.39384 s remaining
subpixel-averaging is 68.0422% done, 1.9201 s remaining
subpixel-averaging is 25.9103% done, 11.5637 s remaining
subpixel-averaging is 51.0589% done, 3.83536 s remaining
subpixel-averaging is 77.3506% done, 1.1938 s remaining
subpixel-averaging is 39.1921% done, 6.34623 s remaining
subpixel-averaging is 78.3847% done, 1.11798 s remaining
subpixel-averaging is 26.2913% done, 11.2261 s remaining
subpixel-averaging is 52.5831% done, 3.6203 s remaining
subpixel-averaging is 72.3971% done, 1.54564 s remaining
subpixel-averaging is 97.1647% done, 0.1176 s remaining
time for set_epsilon = 81.4179 s
time for set_conductivity = 0.749397 s
time for set_conductivity = 0.748437 s
time for set_conductivity = 0.785343 s
-----------
Meep progress: 0.0125/5.0 = 0.2% done in 64.9s, 25908.0s to go
on time step 1 (time=0.0125), 64.9954 s/step
Meep progress: 0.1125/5.0 = 2.2% done in 69.3s, 3010.1s to go
on time step 9 (time=0.1125), 0.537428 s/step
Meep progress: 0.1875/5.0 = 3.8% done in 73.3s, 1882.3s to go
on time step 15 (time=0.1875), 0.674022 s/step
Meep progress: 0.28750000000000003/5.0 = 5.8% done in 77.7s, 1274.4s to go
on time step 23 (time=0.2875), 0.554806 s/step
Meep progress: 0.3875/5.0 = 7.8% done in 82.0s, 976.0s to go
on time step 31 (time=0.3875), 0.529594 s/step
Meep progress: 0.48750000000000004/5.0 = 9.8% done in 86.3s, 798.5s to go
on time step 39 (time=0.4875), 0.5319 s/step
Meep progress: 0.5875/5.0 = 11.8% done in 90.4s, 679.3s to go
on time step 47 (time=0.5875), 0.524758 s/step
Meep progress: 0.6875/5.0 = 13.8% done in 94.7s, 594.0s to go
on time step 55 (time=0.6875), 0.529559 s/step
Meep progress: 0.7875000000000001/5.0 = 15.8% done in 98.9s, 529.2s to go
on time step 63 (time=0.7875), 0.529477 s/step
Meep progress: 0.875/5.0 = 17.5% done in 103.3s, 486.8s to go
on time step 70 (time=0.875), 0.616961 s/step
Meep progress: 0.9750000000000001/5.0 = 19.5% done in 107.4s, 443.4s to go
on time step 78 (time=0.975), 0.519164 s/step
Meep progress: 1.075/5.0 = 21.5% done in 111.5s, 407.0s to go
on time step 86 (time=1.075), 0.505808 s/step
Meep progress: 1.175/5.0 = 23.5% done in 116.0s, 377.6s to go
on time step 94 (time=1.175), 0.567563 s/step
Meep progress: 1.2750000000000001/5.0 = 25.5% done in 120.5s, 352.0s to go
on time step 102 (time=1.275), 0.564353 s/step
Meep progress: 1.375/5.0 = 27.5% done in 124.7s, 328.9s to go
on time step 110 (time=1.375), 0.530755 s/step
Meep progress: 1.475/5.0 = 29.5% done in 129.2s, 308.8s to go
on time step 118 (time=1.475), 0.557343 s/step
Meep progress: 1.5750000000000002/5.0 = 31.5% done in 133.5s, 290.3s to go
on time step 126 (time=1.575), 0.533815 s/step
Meep progress: 1.675/5.0 = 33.5% done in 137.7s, 273.4s to go
on time step 134 (time=1.675), 0.529775 s/step
Meep progress: 1.7750000000000001/5.0 = 35.5% done in 141.9s, 257.9s to go
on time step 142 (time=1.775), 0.528943 s/step
Meep progress: 1.875/5.0 = 37.5% done in 146.2s, 243.6s to go
on time step 150 (time=1.875), 0.526439 s/step
Meep progress: 1.975/5.0 = 39.5% done in 150.4s, 230.4s to go
on time step 158 (time=1.975), 0.530507 s/step
Meep progress: 2.075/5.0 = 41.5% done in 154.6s, 217.9s to go
on time step 166 (time=2.075), 0.52448 s/step
Meep progress: 2.1750000000000003/5.0 = 43.5% done in 158.9s, 206.3s to go
on time step 174 (time=2.175), 0.53173 s/step
Meep progress: 2.25/5.0 = 45.0% done in 163.0s, 199.2s to go
on time step 180 (time=2.25), 0.689795 s/step
Meep progress: 2.3375/5.0 = 46.7% done in 167.4s, 190.7s to go
on time step 187 (time=2.3375), 0.628971 s/step
Meep progress: 2.4375/5.0 = 48.8% done in 171.5s, 180.3s to go
on time step 195 (time=2.4375), 0.510085 s/step
Meep progress: 2.5375/5.0 = 50.8% done in 175.6s, 170.4s to go
on time step 203 (time=2.5375), 0.507604 s/step
Meep progress: 2.6125000000000003/5.0 = 52.2% done in 179.8s, 164.3s to go
on time step 209 (time=2.6125), 0.71329 s/step
Meep progress: 2.7125000000000004/5.0 = 54.3% done in 184.1s, 155.2s to go
on time step 217 (time=2.7125), 0.532841 s/step
Meep progress: 2.8125/5.0 = 56.2% done in 188.1s, 146.3s to go
on time step 225 (time=2.8125), 0.502971 s/step
Meep progress: 2.9000000000000004/5.0 = 58.0% done in 192.4s, 139.4s to go
on time step 232 (time=2.9), 0.621103 s/step
Meep progress: 3.0/5.0 = 60.0% done in 196.7s, 131.1s to go
on time step 240 (time=3), 0.532683 s/step
Meep progress: 3.1/5.0 = 62.0% done in 201.0s, 123.2s to go
on time step 248 (time=3.1), 0.533952 s/step
Meep progress: 3.2/5.0 = 64.0% done in 205.3s, 115.5s to go
on time step 256 (time=3.2), 0.536338 s/step
Meep progress: 3.3000000000000003/5.0 = 66.0% done in 209.5s, 107.9s to go
on time step 264 (time=3.3), 0.527613 s/step
Meep progress: 3.4000000000000004/5.0 = 68.0% done in 213.7s, 100.6s to go
on time step 272 (time=3.4), 0.527447 s/step
Meep progress: 3.5/5.0 = 70.0% done in 218.0s, 93.4s to go
on time step 280 (time=3.5), 0.531462 s/step
Meep progress: 3.6/5.0 = 72.0% done in 222.2s, 86.4s to go
on time step 288 (time=3.6), 0.526573 s/step
Meep progress: 3.7/5.0 = 74.0% done in 226.4s, 79.5s to go
on time step 296 (time=3.7), 0.527585 s/step
Meep progress: 3.8000000000000003/5.0 = 76.0% done in 230.6s, 72.8s to go
on time step 304 (time=3.8), 0.526871 s/step
Meep progress: 3.9000000000000004/5.0 = 78.0% done in 234.9s, 66.2s to go
on time step 312 (time=3.9), 0.530153 s/step
Meep progress: 4.0/5.0 = 80.0% done in 239.1s, 59.8s to go
on time step 320 (time=4), 0.525648 s/step
Meep progress: 4.1000000000000005/5.0 = 82.0% done in 243.3s, 53.4s to go
on time step 328 (time=4.1), 0.52384 s/step
Meep progress: 4.2/5.0 = 84.0% done in 247.5s, 47.1s to go
on time step 336 (time=4.2), 0.5251 s/step
Meep progress: 4.3/5.0 = 86.0% done in 251.7s, 41.0s to go
on time step 344 (time=4.3), 0.522587 s/step
Meep progress: 4.4/5.0 = 88.0% done in 255.9s, 34.9s to go
on time step 352 (time=4.4), 0.527207 s/step
Meep progress: 4.5/5.0 = 90.0% done in 260.0s, 28.9s to go
on time step 360 (time=4.5), 0.521381 s/step
Meep progress: 4.6000000000000005/5.0 = 92.0% done in 264.3s, 23.0s to go
on time step 368 (time=4.6), 0.531635 s/step
Meep progress: 4.7/5.0 = 94.0% done in 268.6s, 17.1s to go
on time step 376 (time=4.7), 0.543859 s/step
Meep progress: 4.800000000000001/5.0 = 96.0% done in 272.9s, 11.4s to go
on time step 384 (time=4.8), 0.527699 s/step
Meep progress: 4.8875/5.0 = 97.8% done in 277.4s, 6.4s to go
on time step 391 (time=4.8875), 0.642304 s/step
Meep progress: 4.9625/5.0 = 99.2% done in 281.4s, 2.1s to go
on time step 397 (time=4.9625), 0.671721 s/step
run 0 finished at t = 5.0 (400 timesteps)
flux1:, 0.5, 3.0330206491173655e-4, -0.0020213256507096086
flux1:, 0.5066889632107023, 3.078834295035134e-4, -0.0020413013200494155
flux1:, 0.5133779264214047, 3.1257927265521026e-4, -0.002061889594188914
flux1:, 0.520066889632107, 3.173953917370474e-4, -0.0020831110269647034
flux1:, 0.5267558528428093, 3.2233819589283405e-4, -0.002104986949519593
flux1:, 0.5334448160535117, 3.2741476633556385e-4, -0.0021275394945595473
flux1:, 0.540133779264214, 3.326329179992715e-4, -0.0021507916210652487
flux1:, 0.5468227424749164, 3.3800125831485116e-4, -0.002174767139450717
flux1:, 0.5535117056856187, 3.435292679854103e-4, -0.0021994907371600146
flux1:, 0.560200668896321, 3.492273719180926e-4, -0.002224988004691458
flux1:, 0.5668896321070234, 3.551070156905163e-4, -0.0022512854620371885
flux1:, 0.5735785953177257, 3.611807514149305e-4, -0.0022784105855236693
flux1:, 0.580267558528428, 3.674623270278818e-4, -0.002306391835036636
flux1:, 0.5869565217391304, 3.7396677881030454e-4, -0.0023352586816115673
flux1:, 0.5936454849498327, 3.807105309863529e-4, -0.002365041635367585
flux1:, 0.600334448160535, 3.877115022409045e-4, -0.0023957722737597683
flux1:, 0.6070234113712374, 3.949891952316401e-4, -0.002427483270121462
flux1:, 0.6137123745819397, 4.025648449056318e-4, -0.002460208422463923
flux1:, 0.6204013377926421, 4.104615014964547e-4, -0.002493982682496718
flux1:, 0.6270903010033444, 4.187041699493472e-4, -0.002528842184827333
flux1:, 0.6337792642140467, 4.2731993925101177e-4, -0.0025648242762935647
flux1:, 0.6404682274247491, 4.3633810810697995e-4, -0.0026019675453764273
flux1:, 0.6471571906354514, 4.4579031746338034e-4, -0.0026403118516355652
flux1:, 0.6538461538461537, 4.557107084230789e-4, -0.0026798983551021907
flux1:, 0.6605351170568561, 4.6613603750048934e-4, -0.0027207695455581564
flux1:, 0.6672240802675584, 4.7710586896557036e-4, -0.0027629692716215183
flux1:, 0.6739130434782608, 4.886626660865348e-4, -0.0028065427695515466
flux1:, 0.6806020066889631, 5.008520039570786e-4, -0.002851536691677126
flux1:, 0.6872909698996654, 5.137226888359612e-4, -0.0028979991343436617
flux1:, 0.6939799331103678, 5.273269314168071e-4, -0.0029459796652639607
flux1:, 0.7006688963210701, 5.417204925365035e-4, -0.002995529350148347
flux1:, 0.7073578595317724, 5.569628778583018e-4, -0.003046700778479015
flux1:, 0.7140468227424748, 5.731174538698529e-4, -0.0030995480882821617
flux1:, 0.7207357859531771, 5.902516435292188e-4, -0.0031541269897403766
flux1:, 0.7274247491638794, 6.084370675418073e-4, -0.0032104947874756077
flux1:, 0.7341137123745818, 6.277497178009063e-4, -0.003268710401320812
flux1:, 0.7408026755852841, 6.482700683443309e-4, -0.0033288343853859143
flux1:, 0.7474916387959865, 6.700832952527404e-4, -0.003390928945210584
flux1:, 0.7541806020066888, 6.932793449185631e-4, -0.003455057952783536
flux1:, 0.7608695652173911, 7.179531711689641e-4, -0.0035212869591944983
flux1:, 0.7675585284280935, 7.44204771929815e-4, -0.0035896832046715815
flux1:, 0.7742474916387958, 7.721393241308125e-4, -0.0036603156257438126
flux1:, 0.7809364548494981, 8.018673633711686e-4, -0.0037332548592546714
flux1:, 0.7876254180602005, 8.335049182537227e-4, -0.003808573242939612
flux1:, 0.7943143812709028, 8.671733775965484e-4, -0.0038863448122675864
flux1:, 0.8010033444816052, 9.029998653102618e-4, -0.0039666452932339315
flux1:, 0.8076923076923075, 9.411171540504937e-4, -0.004049552090779768
flux1:, 0.8143812709030098, 9.816636814924291e-4, -0.004135144272501726
flux1:, 0.8210702341137122, 0.0010247836749728567, -0.004223502547304776
flux1:, 0.8277591973244145, 0.0010706271044368593, -0.00431470923864111
flux1:, 0.8344481605351168, 0.0011193497583280173, -0.004408848251968741
flux1:, 0.8411371237458192, 0.001171113045024934, -0.004506005036055903
flux1:, 0.8478260869565215, 0.001226084254274637, -0.0046062665377503455
flux1:, 0.8545150501672238, 0.001284436003359302, -0.0047097211498277145
flux1:, 0.8612040133779262, 0.0013463467117416105, -0.00481645865152888
flux1:, 0.8678929765886285, 0.0014120000220140968, -0.004926570141395023
flux1:, 0.8745819397993309, 0.0014815848162114142, -0.00504014796200816
flux1:, 0.8812709030100332, 0.0015552951112771463, -0.005157285616247253
flux1:, 0.8879598662207355, 0.0016333296205025196, -0.005278077674674048
flux1:, 0.8946488294314379, 0.0017158918513390676, -0.005402619673668603
flux1:, 0.9013377926421402, 0.0018031894367693117, -0.005531008003944033
flux1:, 0.9080267558528425, 0.0018954341228385038, -0.005663339789080634
flux1:, 0.9147157190635449, 0.0019928413630837154, -0.0057997127537340945
flux1:, 0.9214046822742472, 0.002095629563419435, -0.005940225081189251
flux1:, 0.9280936454849495, 0.0022040205261391176, -0.006084975259950762
flux1:, 0.9347826086956519, 0.002318237961434576, -0.006234061919085067
flux1:, 0.9414715719063542, 0.0024385078078815645, -0.006387583652054059
flux1:, 0.9481605351170566, 0.0025650572149692307, -0.0065456388288102196
flux1:, 0.9548494983277589, 0.0026981143172791094, -0.006708325395955772
flux1:, 0.9615384615384612, 0.0028379074439898256, -0.006875740664804082
flux1:, 0.9682274247491636, 0.002984664177454084, -0.007047981087221075
flux1:, 0.9749163879598659, 0.0031386114801250356, -0.0072251420191671335
flux1:, 0.9816053511705682, 0.003299974428595915, -0.007407317471905916
flux1:, 0.9882943143812706, 0.003468975367947368, -0.007594599850896021
flux1:, 0.9949832775919729, 0.0036458333359301242, -0.007787079682433681
flux1:, 1.0016722408026753, 0.003830763703849547, -0.007984845328171236
flux1:, 1.0083612040133776, 0.004023975822592702, -0.00818798268769409
flux1:, 1.01505016722408, 0.004225674755803124, -0.008396574889401275
flux1:, 1.0217391304347823, 0.004436057958128339, -0.008610701969999196
flux1:, 1.0284280936454846, 0.004655314590185658, -0.008830440542984873
flux1:, 1.035117056856187, 0.0048836266871318985, -0.009055863456564974
flux1:, 1.0418060200668893, 0.005121166095138575, -0.009287039441528228
flux1:, 1.0484949832775916, 0.005368094160382912, -0.00952403274966227
flux1:, 1.055183946488294, 0.005624560388680382, -0.00976690278338091
flux1:, 1.0618729096989963, 0.005890702410244117, -0.010015703717303915
flux1:, 1.0685618729096986, 0.006166644621702954, -0.010270484112608676
flux1:, 1.075250836120401, 0.006452496881877172, -0.010531286525050225
flux1:, 1.0819397993311033, 0.006748352523238893, -0.01079814710762385
flux1:, 1.0886287625418056, 0.007054289125445297, -0.0110710952089216
flux1:, 1.095317725752508, 0.007370367089487495, -0.011350152968310724
flux1:, 1.1020066889632103, 0.007696629312941049, -0.01163533490913677
flux1:, 1.1086956521739126, 0.008033096405809206, -0.011926647531228171
flux1:, 1.115384615384615, 0.008379772313629557, -0.012224088904048882
flux1:, 1.1220735785953173, 0.008736637622677042, -0.012527648261916647
flux1:, 1.1287625418060196, 0.009103650847739946, -0.01283730560276677
flux1:, 1.135451505016722, 0.009480748431001516, -0.013153031292004982
flux1:, 1.1421404682274243, 0.009867844648434543, -0.013474785673049024
flux1:, 1.1488294314381267, 0.010264825850378875, -0.013802518686211481
flux1:, 1.155518394648829, 0.010671556658270008, -0.0141361694976232
flux1:, 1.1622073578595313, 0.011087873252839511, -0.014475666139938009
flux1:, 1.1688963210702337, 0.011513589174716853, -0.01482092516659458
flux1:, 1.175585284280936, 0.011948488017402977, -0.015171851321439563
flux1:, 1.1822742474916383, 0.012392326604032812, -0.015528337225536286
flux1:, 1.1889632107023407, 0.01284483550320691, -0.015890263082998197
flux1:, 1.195652173913043, 0.013305719334116537, -0.016257496407689705
flux1:, 1.2023411371237454, 0.013774648845655605, -0.016629891772635318
flux1:, 1.2090301003344477, 0.014251273120303103, -0.017007290583964788
flux1:, 1.21571906354515, 0.014735208771783418, -0.01738952088120224
flux1:, 1.2224080267558524, 0.015226047740670774, -0.0177763971656758
flux1:, 1.2290969899665547, 0.015723351583241337, -0.01816772025878392
flux1:, 1.235785953177257, 0.01622665493487697, -0.018563277191806914
flux1:, 1.2424749163879594, 0.01673546648357227, -0.01896284112889053
flux1:, 1.2491638795986617, 0.017249266570040476, -0.019366171324759596
flux1:, 1.255852842809364, 0.017767510428848554, -0.01977301311864177
flux1:, 1.2625418060200664, 0.01828962916128565, -0.020183097965789924
flux1:, 1.2692307692307687, 0.018815024908550672, -0.020596143507895008
flux1:, 1.275919732441471, 0.01934308025787594, -0.021011853683571616
flux1:, 1.2826086956521734, 0.019873154602256388, -0.021429918879980817
flux1:, 1.2892976588628757, 0.020404582709786533, -0.021850016126528485
flux1:, 1.295986622073578, 0.020936682661925235, -0.022271809331441454
flux1:, 1.3026755852842804, 0.021468750146527577, -0.022694949561880437
flux1:, 1.3093645484949827, 0.022000066245314902, -0.023119075368097687
flux1:, 1.316053511705685, 0.022529891065447068, -0.023543813151986823
flux1:, 1.3227424749163874, 0.023057476490287842, -0.023968777580210276
flux1:, 1.3294314381270897, 0.02358205301457953, -0.024393572041915362
flux1:, 1.336120401337792, 0.02410285130237412, -0.024817789150875808
flux1:, 1.3428093645484944, 0.024619078383697014, -0.0252410112917135
flux1:, 1.3494983277591968, 0.025129946702902396, -0.025662811209670934
flux1:, 1.356187290969899, 0.025634653896061725, -0.02608275264321879
flux1:, 1.3628762541806014, 0.02613239812115361, -0.026500390998590855
flux1:, 1.3695652173913038, 0.026622375265592656, -0.026915274065151734
flux1:, 1.376254180602006, 0.02710378108611953, -0.027326942770309597
flux1:, 1.3829431438127084, 0.027575817300851117, -0.027734931972499235
flux1:, 1.3896321070234108, 0.028037684861516428, -0.028138771290570967
flux1:, 1.3963210702341131, 0.02848859435431147, -0.0285379859677386
flux1:, 1.4030100334448155, 0.028927763177934968, -0.02893209776805738
flux1:, 1.4096989966555178, 0.029354425127730933, -0.029320625903229317
flux1:, 1.4163879598662201, 0.029767825878022066, -0.029703087987361022
flux1:, 1.4230769230769225, 0.03016722222086164, -0.0300790010171388
flux1:, 1.4297658862876248, 0.030551895719275433, -0.03044788237473183
flux1:, 1.4364548494983271, 0.030921141165967135, -0.030809250850583496
flux1:, 1.4431438127090295, 0.031274279229886674, -0.03116262768312393
flux1:, 1.4498327759197318, 0.03161065397806702, -0.03150753761230091
flux1:, 1.4565217391304341, 0.031929634467526335, -0.031843509943722856
flux1:, 1.4632107023411365, 0.0322306165817752, -0.03217007962009859
flux1:, 1.4698996655518388, 0.03251303521405802, -0.03248678829657494
flux1:, 1.4765886287625412, 0.03277634316889272, -0.03279318541649566
flux1:, 1.4832775919732435, 0.03302003297055876, -0.03308882928404933
flux1:, 1.4899665551839458, 0.03324363245782896, -0.03337328813022172
flux1:, 1.4966555183946482, 0.03344670476753951, -0.033646141168445096
flux1:, 1.5033444816053505, 0.03362884918040488, -0.03390697963631934
flux1:, 1.5100334448160528, 0.033789708181636194, -0.03415540781977979
flux1:, 1.5167224080267552, 0.03392895677897882, -0.0343910440561081
flux1:, 1.5234113712374575, 0.03404632016625231, -0.03461352171221456
flux1:, 1.5301003344481598, 0.03414155449846176, -0.03482249013467142
flux1:, 1.5367892976588622, 0.0342144721797941, -0.03501761556804177
flux1:, 1.5434782608695645, 0.0342649202284813, -0.035198582038135605
flux1:, 1.5501672240802669, 0.034292786544239694, -0.03536509219691814
flux1:, 1.5568561872909692, 0.034298009974027446, -0.03551686812591396
flux1:, 1.5635451505016715, 0.03428057185447833, -0.03565365209507807
flux1:, 1.5702341137123739, 0.034240492762188955, -0.035775207274248697
flux1:, 1.5769230769230762, 0.0341778470992452, -0.035881318394456976
flux1:, 1.5836120401337785, 0.03409275126651644, -0.03597179235653615
flux1:, 1.5903010033444809, 0.03398535635819207, -0.036046458784660174
flux1:, 1.5969899665551832, 0.03385586495075585, -0.03610517052263652
flux1:, 1.6036789297658856, 0.03370452406870679, -0.036147804070982954
flux1:, 1.610367892976588, 0.033531616205286406, -0.036174259963035554
flux1:, 1.6170568561872902, 0.03333747157230354, -0.036184463078560825
flux1:, 1.6237458193979926, 0.03312245733214009, -0.03617836289357569
flux1:, 1.630434782608695, 0.03288697924390268, -0.036155933665321924
flux1:, 1.6371237458193972, 0.03263148330450727, -0.03611717455158156
flux1:, 1.6438127090300996, 0.03235644371847845, -0.03606210966377496
flux1:, 1.650501672240802, 0.032062382106345405, -0.0359907880535293
flux1:, 1.6571906354515042, 0.0317498473217659, -0.035903283632665206
flux1:, 1.6638795986622066, 0.03141941966144408, -0.0357996950267973
flux1:, 1.670568561872909, 0.03107170465470578, -0.035680145363005004
flux1:, 1.6772575250836113, 0.030707347913315773, -0.03554478199227484
flux1:, 1.6839464882943136, 0.030327010951192813, -0.035393776147669656
flux1:, 1.690635451505016, 0.0299313820957943, -0.03522732253942015
flux1:, 1.6973244147157183, 0.029521173206915524, -0.035045638888374725
flux1:, 1.7040133779264206, 0.029097114135009143, -0.034848965399473554
flux1:, 1.710702341137123, 0.02865995804393428, -0.034637564177137745
flux1:, 1.7173913043478253, 0.02821046239428116, -0.03441171858467772
flux1:, 1.7240802675585276, 0.027749414514451124, -0.03417173255002949
flux1:, 1.73076923076923, 0.027277593435233085, -0.03391792982032135
flux1:, 1.7374581939799323, 0.026795799591897686, -0.03365065316795534
flux1:, 1.7441471571906346, 0.026304844290961624, -0.0333702635510538
flux1:, 1.750836120401337, 0.025805534730308662, -0.03307713923128128
flux1:, 1.7575250836120393, 0.025298678177638097, -0.03277167485218774
flux1:, 1.7642140468227416, 0.024785092468282567, -0.03245428048134969
flux1:, 1.770903010033444, 0.024265586462833517, -0.03212538061969304
flux1:, 1.7775919732441463, 0.023740969854442524, -0.031785413181481016
flux1:, 1.7842809364548486, 0.02321203954233132, -0.031434828448524535
flux1:, 1.790969899665551, 0.022679588287059328, -0.031074088002240232
flux1:, 1.7976588628762533, 0.02214440492505322, -0.03070366363722401
flux1:, 1.8043478260869557, 0.021607258165149978, -0.030324036260042073
flux1:, 1.811036789297658, 0.021068906183679237, -0.029935694776950295
flux1:, 1.8177257525083603, 0.020530096030800575, -0.029539134974254127
flux1:, 1.8244147157190627, 0.019991552099250014, -0.029134858395000976
flux1:, 1.831103678929765, 0.019453982623963362, -0.028723371215662125
flux1:, 1.8377926421404673, 0.018918079997207803, -0.02830518312641165
flux1:, 1.8444816053511697, 0.018384514367170347, -0.02788080621854493
flux1:, 1.851170568561872, 0.01785392862593069, -0.027450753882500553
flux1:, 1.8578595317725743, 0.017326950147816465, -0.027015539719854667
flux1:, 1.8645484949832767, 0.01680417812502167, -0.0265756764725525
flux1:, 1.871237458193979, 0.016286188240818292, -0.026131674972521245
flux1:, 1.8779264214046814, 0.015773529349932546, -0.025684043114679634
flux1:, 1.8846153846153837, 0.01526672415315411, -0.025233284856217106
flux1:, 1.891304347826086, 0.014766270252500102, -0.02477989924486549
flux1:, 1.8979933110367884, 0.014272634252776476, -0.024324379478724723
flux1:, 1.9046822742474907, 0.013786257806561692, -0.023867212000037885
flux1:, 1.911371237458193, 0.01330755357299274, -0.02340887562513334
flux1:, 1.9180602006688954, 0.012836906514936453, -0.02294984071257329
flux1:, 1.9247491638795977, 0.012374669829028613, -0.022490568371357544
flux1:, 1.9314381270903, 0.011921171098148792, -0.02203150971084716
flux1:, 1.9381270903010024, 0.011476710238756349, -0.02157310513387213
flux1:, 1.9448160535117047, 0.011041556787143587, -0.02111578367429802
flux1:, 1.951505016722407, 0.010615954026235889, -0.02065996238012565
flux1:, 1.9581939799331094, 0.010200116179048717, -0.0202060457430043
flux1:, 1.9648829431438117, 0.009794230431649276, -0.019754425174841956
flux1:, 1.971571906354514, 0.00939845901961741, -0.019305478532002495
flux1:, 1.9782608695652164, 0.009012936323273341, -0.0188595696873902
flux1:, 1.9849498327759187, 0.008637771045292909, -0.018417048150531523
flux1:, 1.991638795986621, 0.008273046910618065, -0.017978248735586365
flux1:, 1.9983277591973234, 0.007918824648227752, -0.017543491277037162
flux1:, 2.0050167224080258, 0.007575141328125589, -0.017113080392637495
flux1:, 2.011705685618728, 0.0072420109614833835, -0.016687305293034853
flux1:, 2.0183946488294304, 0.006919425540201722, -0.01626643963732323
flux1:, 2.0250836120401328, 0.0066073576847703605, -0.015850741433633568
flux1:, 2.031772575250835, 0.006305758167282613, -0.015440452983725969
flux1:, 2.0384615384615374, 0.0060145613721989235, -0.015035800870415846
flux1:, 2.0451505016722398, 0.005733680717515215, -0.0146369959865419
flux1:, 2.051839464882942, 0.00546301482764028, -0.014244233604069236
flux1:, 2.0585284280936444, 0.005202446820124454, -0.013857693481815613
flux1:, 2.065217391304347, 0.004951842913359282, -0.013477540010194723
flux1:, 2.071906354515049, 0.004711057245002256, -0.013103922391285269
flux1:, 2.0785953177257515, 0.004479929936932375, -0.012736974852458371
flux1:, 2.085284280936454, 0.004258289810338605, -0.012376816891733871
flux1:, 2.091973244147156, 0.004045954882694125, -0.012023553552978537
flux1:, 2.0986622073578585, 0.0038427332007912865, -0.011677275729016886
flux1:, 2.105351170568561, 0.0036484243747510452, -0.011338060490688754
flux1:, 2.112040133779263, 0.0034628190084849512, -0.01100597143986475
flux1:, 2.1187290969899655, 0.003285701804908539, -0.010681059084412541
flux1:, 2.125418060200668, 0.0031168512135503978, -0.010363361233102891
flux1:, 2.13210702341137, 0.002956040468008176, -0.01005290340844548
flux1:, 2.1387959866220725, 0.002803038302369622, -0.009749699275455225
flux1:, 2.145484949832775, 0.002657610408189395, -0.00945375108437011
flux1:, 2.152173913043477, 0.002519519767567555, -0.009165050125366708
flux1:, 2.1588628762541795, 0.0023885273310638956, -0.008883577193355016
flux1:, 2.165551839464882, 0.0022643927326900177, -0.008609303060973619
flux1:, 2.172240802675584, 0.0021468758503233563, -0.008342188957954867
flux1:, 2.1789297658862865, 0.002035736324141722, -0.008082187055081375
flux1:, 2.185618729096989, 0.00193073469931293, -0.00782924095101419
flux1:, 2.192307692307691, 0.0018316331322809228, -0.007583286160336091
flux1:, 2.1989966555183935, 0.0017381955770146406, -0.007344250601220511
flux1:, 2.205685618729096, 0.001650188902379662, -0.007112055081208506
flux1:, 2.212374581939798, 0.0015673824320473573, -0.006886613779649954
flux1:, 2.2190635451505005, 0.0014895496287110003, -0.00666783472544315
flux1:, 2.225752508361203, 0.0014164671857793357, -0.006455620268786138
flux1:, 2.232441471571905, 0.001347916332185479, -0.006249867545734631
flux1:, 2.2391304347826075, 0.0012836828425069717, -0.006050468934444324
flux1:, 2.24581939799331, 0.0012235572921399413, -0.005857312502058319
flux1:, 2.252508361204012, 0.0011673353624956017, -0.005670282441285107
flux1:, 2.2591973244147145, 0.0011148181427024632, -0.005489259495796147
flux1:, 2.265886287625417, 0.0010658121740260839, -0.005314121373655468
flux1:, 2.272575250836119, 0.0010201297605150813, -0.005144743148076947
flux1:, 2.2792642140468216, 9.775891899538227e-4, -0.004980997644886235
flux1:, 2.285953177257524, 9.380144509269114e-4, -0.004822755816144287
flux1:, 2.2926421404682262, 9.012357715024303e-4, -0.0046698870994684935
flux1:, 2.2993311036789286, 8.670894388270717e-4, -0.0045222597626628554
flux1:, 2.306020066889631, 8.354178871280758e-4, -0.004379741233343321
flux1:, 2.3127090301003332, 8.06069673892444e-4, -0.004242198413315396
flux1:, 2.3193979933110356, 7.788995392422483e-4, -0.004109497977529979
flux1:, 2.326086956521738, 7.53768281403439e-4, -0.00398150665750935
flux1:, 2.3327759197324403, 7.305428097704476e-4, -0.0038580915091972947
flux1:, 2.3394648829431426, 7.090960375268492e-4, -0.0037391201652473894
flux1:, 2.346153846153845, 6.893067631144566e-4, -0.0036244610718194604
flux1:, 2.3528428093645473, 6.710596333852157e-4, -0.0035139837100065783
flux1:, 2.3595317725752496, 6.542450168077515e-4, -0.0034075588020648783
flux1:, 2.366220735785952, 6.387588623789691e-4, -0.003305058502663621
flux1:, 2.3729096989966543, 6.245026093532075e-4, -0.0032063565754157503
flux1:, 2.3795986622073566, 6.113830071791727e-4, -0.003111328554987608
flux1:, 2.386287625418059, 5.993120088483971e-4, -0.0030198518951217593
flux1:, 2.3929765886287613, 5.882065847852061e-4, -0.002931806102939291
flux1:, 2.3996655518394636, 5.779885716028531e-4, -0.0028470728599153585
flux1:, 2.406354515050166, 5.685845323010101e-4, -0.002765536129948093
flux1:, 2.4130434782608683, 5.59925566695779e-4, -0.002687082254961893
flux1:, 2.4197324414715706, 5.519471488565828e-4, -0.002611600038505499
flux1:, 2.426421404682273, 5.445889390785353e-4, -0.002538980817820758
flux1:, 2.4331103678929753, 5.377946416841916e-4, -0.002469118524870613
flux1:, 2.4397993311036776, 5.315117844529823e-4, -0.0024019097368252087
flux1:, 2.44648829431438, 5.256916280512635e-4, -0.002337253716511948
flux1:, 2.4531772575250823, 5.202888966461944e-4, -0.0022750524433402695
flux1:, 2.4598662207357846, 5.152616946707495e-4, -0.0022152106352141656
flux1:, 2.466555183946487, 5.105712675795974e-4, -0.0021576357619457545
flux1:, 2.4732441471571893, 5.061818790757413e-4, -0.002102238050680884
flux1:, 2.4799331103678917, 5.020606458616252e-4, -0.0020489304838438816
flux1:, 2.486622073578594, 4.981773612188135e-4, -0.0019976287901027007
flux1:, 2.4933110367892963, 4.945043908790449e-4, -0.0019482514288482952
flux1:, 2.4999999999999987, 4.910164338935181e-4, -0.0019007195686725417

Elapsed run time = 385.308 s
