--------------------------------------------------------------------------
[[13394,1],0]: A high-performance Open MPI point-to-point messaging module
was unable to find any relevant network interfaces:

Module: OpenFabrics (openib)
  Host: euca-128-84-11-54

Another transport will be used instead, although this may result in
lower performance.
--------------------------------------------------------------------------
Using MPI version 3.0, 12 processes
command-line param: no-struct=false
command-line param: no-holes=true
command-line param: time=1500
-----------
Initializing structure...
Working in 3D dimensions.
Computational cell is 4 x 4 x 5 with resolution 5
     block, center = (0,0,0)
          size (1e+20,1e+20,0.15)
          axes (1,0,0), (0,1,0), (0,0,1)
          dielectric constant epsilon diagonal = (12,12,12)
time for set_epsilon = 0.0454888 s
time for set_conductivity = 0.000450134 s
time for set_conductivity = 0.000451088 s
time for set_conductivity = 0.000443935 s
-----------
Meep progress: 43.6/1500.0 = 2.9% done in 4.0s, 133.7s to go
on time step 436 (time=43.6), 0.00919386 s/step
Meep progress: 116.10000000000001/1500.0 = 7.7% done in 8.0s, 95.4s to go
on time step 1162 (time=116.2), 0.00551643 s/step
Meep progress: 188.0/1500.0 = 12.5% done in 12.0s, 83.8s to go
on time step 1881 (time=188.1), 0.00556773 s/step
Meep progress: 234.4/1500.0 = 15.6% done in 16.0s, 86.5s to go
on time step 2345 (time=234.5), 0.00863163 s/step
Meep progress: 310.70000000000005/1500.0 = 20.7% done in 20.0s, 76.6s to go
on time step 3108 (time=310.8), 0.0052425 s/step
Meep progress: 387.6/1500.0 = 25.8% done in 24.0s, 68.9s to go
on time step 3877 (time=387.7), 0.00520259 s/step
Meep progress: 462.40000000000003/1500.0 = 30.8% done in 28.0s, 62.9s to go
on time step 4625 (time=462.5), 0.00535033 s/step
Meep progress: 537.3000000000001/1500.0 = 35.8% done in 32.0s, 57.4s to go
on time step 5375 (time=537.5), 0.00533987 s/step
Meep progress: 613.4/1500.0 = 40.9% done in 36.0s, 52.1s to go
on time step 6136 (time=613.6), 0.00525637 s/step
Meep progress: 688.9000000000001/1500.0 = 45.9% done in 40.0s, 47.1s to go
on time step 6890 (time=689), 0.00530522 s/step
Meep progress: 743.7/1500.0 = 49.6% done in 44.0s, 44.8s to go
on time step 7439 (time=743.9), 0.00729635 s/step
Meep progress: 821.8000000000001/1500.0 = 54.8% done in 48.0s, 39.6s to go
on time step 8221 (time=822.1), 0.00512111 s/step
Meep progress: 900.4000000000001/1500.0 = 60.0% done in 52.0s, 34.7s to go
on time step 9007 (time=900.7), 0.00509194 s/step
Meep progress: 978.4000000000001/1500.0 = 65.2% done in 56.0s, 29.9s to go
on time step 9786 (time=978.6), 0.00513485 s/step
Meep progress: 1055.0/1500.0 = 70.3% done in 60.0s, 25.3s to go
on time step 10552 (time=1055.2), 0.00522425 s/step
Meep progress: 1132.0/1500.0 = 75.5% done in 64.0s, 20.8s to go
on time step 11322 (time=1132.2), 0.00519752 s/step
Meep progress: 1194.9/1500.0 = 79.7% done in 68.1s, 17.4s to go
on time step 11951 (time=1195.1), 0.00652166 s/step
Meep progress: 1263.6000000000001/1500.0 = 84.2% done in 72.1s, 13.5s to go
on time step 12659 (time=1265.9), 0.005656 s/step
Meep progress: 1342.3000000000002/1500.0 = 89.5% done in 76.1s, 8.9s to go
on time step 13445 (time=1344.5), 0.00508944 s/step
Meep progress: 1421.3000000000002/1500.0 = 94.8% done in 80.1s, 4.4s to go
on time step 14235 (time=1423.5), 0.00506559 s/step
Meep progress: 1499.7/1500.0 = 100.0% done in 84.1s, 0.0s to go
run 0 finished at t = 1500.0 (15000 timesteps)
flux1:, 0.5, 1.1615948279558631e-6, -1.582336780834241e-7
flux1:, 0.7857142857142857, 3.5558264651766374e-4, -1.646809898703345e-5
flux1:, 1.0714285714285714, 0.011521574854854187, -2.4696604666941285e-4
flux1:, 1.3571428571428572, 0.08208292041585297, -3.271886861635408e-4
flux1:, 1.6428571428571428, 0.01679136078411546, -2.861100808273193e-4
flux1:, 1.9285714285714284, -1.3079474339234011e-12, 6.393813466395373e-18
flux1:, 2.214285714285714, 2.5978539819186692e-14, 6.154223043279468e-23
flux1:, 2.4999999999999996, 1.0668005303284108e-14, -2.9659780710699936e-27

Elapsed run time = 89.2705 s
