command-line param: no-struct=false
command-line param: no-holes=false
command-line param: time=150
-----------
Initializing structure...
Working in 3D dimensions.
Computational cell is 4 x 4 x 5 with resolution 30
     block, center = (0,0,0)
          size (1e+20,1e+20,0.15)
          axes (1,0,0), (0,1,0), (0,0,1)
          dielectric constant epsilon diagonal = (12,12,12)
     cylinder, center = (0.942,0.25,0)
          radius 0.26, height 0.15, axis (0, 0, 1)
          dielectric constant epsilon diagonal = (1,1,1)
     cylinder, center = (0.073,0.259,0)
          radius 0.144, height 0.15, axis (0, 0, 1)
          dielectric constant epsilon diagonal = (1,1,1)
     cylinder, center = (3.909,3.747,0)
          radius 0.194, height 0.15, axis (0, 0, 1)
          dielectric constant epsilon diagonal = (1,1,1)
     cylinder, center = (1.13,3.685,0)
          radius 0.25, height 0.15, axis (0, 0, 1)
          dielectric constant epsilon diagonal = (1,1,1)
     cylinder, center = (1.533,2.332,0)
          radius 0.241, height 0.15, axis (0, 0, 1)
          dielectric constant epsilon diagonal = (1,1,1)
     cylinder, center = (3.734,1.164,0)
          radius 0.19, height 0.15, axis (0, 0, 1)
          dielectric constant epsilon diagonal = (1,1,1)
     cylinder, center = (0.287,2.548,0)
          radius 0.145, height 0.15, axis (0, 0, 1)
          dielectric constant epsilon diagonal = (1,1,1)
     cylinder, center = (2.764,3.691,0)
          radius 0.298, height 0.15, axis (0, 0, 1)
          dielectric constant epsilon diagonal = (1,1,1)
     cylinder, center = (2.493,1.289,0)
          radius 0.292, height 0.15, axis (0, 0, 1)
          dielectric constant epsilon diagonal = (1,1,1)
     cylinder, center = (0.827,1.934,0)
          radius 0.205, height 0.15, axis (0, 0, 1)
          dielectric constant epsilon diagonal = (1,1,1)
     cylinder, center = (0.666,1.518,0)
          radius 0.217, height 0.15, axis (0, 0, 1)
          dielectric constant epsilon diagonal = (1,1,1)
     cylinder, center = (2.371,3.221,0)
          radius 0.177, height 0.15, axis (0, 0, 1)
          dielectric constant epsilon diagonal = (1,1,1)
     cylinder, center = (0.213,3.951,0)
          radius 0.11, height 0.15, axis (0, 0, 1)
          dielectric constant epsilon diagonal = (1,1,1)
     cylinder, center = (0.641,2.303,0)
          radius 0.155, height 0.15, axis (0, 0, 1)
          dielectric constant epsilon diagonal = (1,1,1)
     cylinder, center = (1.928,0.331,0)
          radius 0.178, height 0.15, axis (0, 0, 1)
          dielectric constant epsilon diagonal = (1,1,1)
     cylinder, center = (2.218,2.394,0)
          radius 0.281, height 0.15, axis (0, 0, 1)
          dielectric constant epsilon diagonal = (1,1,1)
     cylinder, center = (1.944,1,0)
          radius 0.221, height 0.15, axis (0, 0, 1)
          dielectric constant epsilon diagonal = (1,1,1)
     cylinder, center = (3.409,3.271,0)
          radius 0.223, height 0.15, axis (0, 0, 1)
          dielectric constant epsilon diagonal = (1,1,1)
     cylinder, center = (0.957,1.11,0)
          radius 0.266, height 0.15, axis (0, 0, 1)
          dielectric constant epsilon diagonal = (1,1,1)
     cylinder, center = (3.356,0.939,0)
          radius 0.235, height 0.15, axis (0, 0, 1)
          dielectric constant epsilon diagonal = (1,1,1)
     cylinder, center = (3.187,2.634,0)
          radius 0.19, height 0.15, axis (0, 0, 1)
          dielectric constant epsilon diagonal = (1,1,1)
     cylinder, center = (3.044,1.196,0)
          radius 0.158, height 0.15, axis (0, 0, 1)
          dielectric constant epsilon diagonal = (1,1,1)
     cylinder, center = (2.272,1.846,0)
          radius 0.262, height 0.15, axis (0, 0, 1)
          dielectric constant epsilon diagonal = (1,1,1)
     cylinder, center = (1.798,1.611,0)
          radius 0.209, height 0.15, axis (0, 0, 1)
          dielectric constant epsilon diagonal = (1,1,1)
     cylinder, center = (3.99,3.186,0)
          radius 0.147, height 0.15, axis (0, 0, 1)
          dielectric constant epsilon diagonal = (1,1,1)
     cylinder, center = (3.713,0.483,0)
          radius 0.226, height 0.15, axis (0, 0, 1)
          dielectric constant epsilon diagonal = (1,1,1)
     cylinder, center = (0.493,0.051,0)
          radius 0.181, height 0.15, axis (0, 0, 1)
          dielectric constant epsilon diagonal = (1,1,1)
     cylinder, center = (1.718,3.881,0)
          radius 0.166, height 0.15, axis (0, 0, 1)
          dielectric constant epsilon diagonal = (1,1,1)
     cylinder, center = (3.589,1.605,0)
          radius 0.209, height 0.15, axis (0, 0, 1)
          dielectric constant epsilon diagonal = (1,1,1)
     cylinder, center = (0.302,1.859,0)
          radius 0.086, height 0.15, axis (0, 0, 1)
          dielectric constant epsilon diagonal = (1,1,1)
     cylinder, center = (1.969,3.224,0)
          radius 0.175, height 0.15, axis (0, 0, 1)
          dielectric constant epsilon diagonal = (1,1,1)
     cylinder, center = (0.412,3.226,0)
          radius 0.166, height 0.15, axis (0, 0, 1)
          dielectric constant epsilon diagonal = (1,1,1)
     cylinder, center = (1.189,2.707,0)
          radius 0.122, height 0.15, axis (0, 0, 1)
          dielectric constant epsilon diagonal = (1,1,1)
     cylinder, center = (2.806,0.571,0)
          radius 0.138, height 0.15, axis (0, 0, 1)
          dielectric constant epsilon diagonal = (1,1,1)
     cylinder, center = (3.85,2.192,0)
          radius 0.195, height 0.15, axis (0, 0, 1)
          dielectric constant epsilon diagonal = (1,1,1)
     cylinder, center = (2.656,1.701,0)
          radius 0.132, height 0.15, axis (0, 0, 1)
          dielectric constant epsilon diagonal = (1,1,1)
     cylinder, center = (3.816,2.563,0)
          radius 0.144, height 0.15, axis (0, 0, 1)
          dielectric constant epsilon diagonal = (1,1,1)
     cylinder, center = (3.454,3.797,0)
          radius 0.134, height 0.15, axis (0, 0, 1)
          dielectric constant epsilon diagonal = (1,1,1)
     cylinder, center = (0.75,3.214,0)
          radius 0.16, height 0.15, axis (0, 0, 1)
          dielectric constant epsilon diagonal = (1,1,1)
time for set_epsilon = 16.4409 s
time for set_conductivity = 0.177213 s
time for set_conductivity = 0.178467 s
time for set_conductivity = 0.178985 s
-----------
Meep progress: 0.16666666666666666/150.0 = 0.1% done in 4.2s, 3773.3s to go
on time step 10 (time=0.166667), 0.419738 s/step
Meep progress: 0.4666666666666667/150.0 = 0.3% done in 8.2s, 2641.2s to go
on time step 28 (time=0.466667), 0.224739 s/step
Meep progress: 0.7666666666666666/150.0 = 0.5% done in 12.3s, 2390.8s to go
on time step 46 (time=0.766667), 0.224429 s/step
Meep progress: 1.0666666666666667/150.0 = 0.7% done in 16.3s, 2277.9s to go
on time step 64 (time=1.06667), 0.223998 s/step
Meep progress: 1.3666666666666667/150.0 = 0.9% done in 20.4s, 2215.5s to go
on time step 82 (time=1.36667), 0.225393 s/step
Meep progress: 1.6666666666666667/150.0 = 1.1% done in 24.4s, 2174.0s to go
on time step 100 (time=1.66667), 0.225325 s/step
Meep progress: 1.9666666666666666/150.0 = 1.3% done in 28.5s, 2143.0s to go
on time step 118 (time=1.96667), 0.224603 s/step
Meep progress: 2.2666666666666666/150.0 = 1.5% done in 32.5s, 2119.5s to go
on time step 136 (time=2.26667), 0.224992 s/step
Meep progress: 2.5666666666666664/150.0 = 1.7% done in 36.6s, 2100.4s to go
on time step 154 (time=2.56667), 0.224785 s/step
Meep progress: 2.8666666666666667/150.0 = 1.9% done in 40.6s, 2084.5s to go
on time step 172 (time=2.86667), 0.22484 s/step
Meep progress: 3.1666666666666665/150.0 = 2.1% done in 44.7s, 2072.0s to go
on time step 190 (time=3.16667), 0.22624 s/step
Meep progress: 3.466666666666667/150.0 = 2.3% done in 48.7s, 2060.6s to go
on time step 208 (time=3.46667), 0.225752 s/step
Meep progress: 3.7666666666666666/150.0 = 2.5% done in 52.8s, 2050.0s to go
on time step 226 (time=3.76667), 0.22526 s/step
Meep progress: 4.066666666666666/150.0 = 2.7% done in 56.9s, 2041.3s to go
on time step 244 (time=4.06667), 0.226659 s/step
Meep progress: 4.366666666666666/150.0 = 2.9% done in 60.9s, 2032.7s to go
on time step 262 (time=4.36667), 0.225772 s/step
Meep progress: 4.666666666666667/150.0 = 3.1% done in 65.0s, 2023.9s to go
on time step 280 (time=4.66667), 0.224461 s/step
Meep progress: 4.966666666666667/150.0 = 3.3% done in 69.1s, 2016.5s to go
on time step 298 (time=4.96667), 0.22587 s/step
Meep progress: 5.266666666666667/150.0 = 3.5% done in 73.1s, 2009.6s to go
on time step 316 (time=5.26667), 0.226203 s/step
Meep progress: 5.566666666666666/150.0 = 3.7% done in 77.2s, 2002.4s to go
on time step 334 (time=5.56667), 0.225084 s/step
Meep progress: 5.866666666666666/150.0 = 3.9% done in 81.3s, 1996.3s to go
on time step 352 (time=5.86667), 0.226656 s/step
Meep progress: 6.166666666666667/150.0 = 4.1% done in 85.4s, 1991.3s to go
on time step 370 (time=6.16667), 0.22871 s/step
Meep progress: 6.466666666666667/150.0 = 4.3% done in 89.5s, 1985.6s to go
on time step 388 (time=6.46667), 0.226847 s/step
Meep progress: 6.766666666666667/150.0 = 4.5% done in 93.5s, 1980.0s to go
on time step 406 (time=6.76667), 0.2269 s/step
Meep progress: 7.066666666666666/150.0 = 4.7% done in 97.7s, 1975.2s to go
on time step 424 (time=7.06667), 0.228621 s/step
Meep progress: 7.366666666666666/150.0 = 4.9% done in 101.7s, 1969.9s to go
on time step 442 (time=7.36667), 0.226899 s/step
Meep progress: 7.666666666666667/150.0 = 5.1% done in 105.8s, 1964.8s to go
on time step 460 (time=7.66667), 0.227197 s/step
Meep progress: 7.966666666666667/150.0 = 5.3% done in 109.9s, 1959.6s to go
on time step 478 (time=7.96667), 0.226914 s/step
Meep progress: 8.266666666666666/150.0 = 5.5% done in 114.0s, 1954.2s to go
on time step 496 (time=8.26667), 0.22571 s/step
Meep progress: 8.566666666666666/150.0 = 5.7% done in 118.0s, 1949.0s to go
on time step 514 (time=8.56667), 0.226213 s/step
Meep progress: 8.866666666666667/150.0 = 5.9% done in 122.1s, 1944.3s to go
on time step 532 (time=8.86667), 0.227833 s/step
Meep progress: 9.166666666666666/150.0 = 6.1% done in 126.2s, 1939.2s to go
on time step 550 (time=9.16667), 0.225964 s/step
Meep progress: 9.466666666666667/150.0 = 6.3% done in 130.3s, 1934.0s to go
on time step 568 (time=9.46667), 0.225588 s/step
Meep progress: 9.766666666666666/150.0 = 6.5% done in 134.3s, 1929.0s to go
on time step 586 (time=9.76667), 0.226148 s/step
Meep progress: 10.066666666666666/150.0 = 6.7% done in 138.4s, 1924.0s to go
on time step 604 (time=10.0667), 0.225862 s/step
Meep progress: 10.366666666666667/150.0 = 6.9% done in 142.5s, 1919.1s to go
on time step 622 (time=10.3667), 0.225834 s/step
Meep progress: 10.666666666666666/150.0 = 7.1% done in 146.6s, 1914.5s to go
on time step 640 (time=10.6667), 0.226807 s/step
Meep progress: 10.966666666666667/150.0 = 7.3% done in 150.6s, 1909.7s to go
on time step 658 (time=10.9667), 0.226218 s/step
Meep progress: 11.266666666666666/150.0 = 7.5% done in 154.7s, 1904.9s to go
on time step 676 (time=11.2667), 0.225705 s/step
Meep progress: 11.566666666666666/150.0 = 7.7% done in 158.8s, 1900.2s to go
on time step 694 (time=11.5667), 0.226289 s/step
Meep progress: 11.866666666666667/150.0 = 7.9% done in 162.8s, 1895.4s to go
on time step 712 (time=11.8667), 0.225648 s/step
Meep progress: 12.166666666666666/150.0 = 8.1% done in 166.9s, 1890.7s to go
on time step 730 (time=12.1667), 0.225639 s/step
Meep progress: 12.416666666666666/150.0 = 8.3% done in 171.2s, 1896.5s to go
on time step 745 (time=12.4167), 0.284205 s/step
Meep progress: 12.683333333333334/150.0 = 8.5% done in 175.2s, 1896.7s to go
on time step 761 (time=12.6833), 0.251982 s/step
Meep progress: 12.966666666666667/150.0 = 8.6% done in 179.4s, 1895.8s to go
on time step 778 (time=12.9667), 0.247331 s/step
Meep progress: 13.25/150.0 = 8.8% done in 183.5s, 1894.4s to go
on time step 795 (time=13.25), 0.244522 s/step
Meep progress: 13.533333333333333/150.0 = 9.0% done in 187.7s, 1892.9s to go
on time step 812 (time=13.5333), 0.245084 s/step
Meep progress: 13.816666666666666/150.0 = 9.2% done in 191.9s, 1891.1s to go
on time step 829 (time=13.8167), 0.244102 s/step
Meep progress: 14.1/150.0 = 9.4% done in 196.0s, 1889.4s to go
on time step 846 (time=14.1), 0.244763 s/step
Meep progress: 14.383333333333333/150.0 = 9.6% done in 200.2s, 1887.5s to go
on time step 863 (time=14.3833), 0.244722 s/step
Meep progress: 14.666666666666666/150.0 = 9.8% done in 204.3s, 1885.5s to go
on time step 880 (time=14.6667), 0.24409 s/step
Meep progress: 14.95/150.0 = 10.0% done in 208.5s, 1883.4s to go
on time step 897 (time=14.95), 0.244261 s/step
Meep progress: 15.233333333333333/150.0 = 10.2% done in 212.6s, 1881.2s to go
on time step 914 (time=15.2333), 0.244328 s/step
Meep progress: 15.516666666666666/150.0 = 10.3% done in 216.8s, 1879.0s to go
on time step 931 (time=15.5167), 0.244681 s/step
Meep progress: 15.799999999999999/150.0 = 10.5% done in 220.9s, 1876.6s to go
on time step 948 (time=15.8), 0.243815 s/step
Meep progress: 16.083333333333332/150.0 = 10.7% done in 225.1s, 1874.3s to go
on time step 965 (time=16.0833), 0.244815 s/step
Meep progress: 16.35/150.0 = 10.9% done in 229.2s, 1873.6s to go
on time step 981 (time=16.35), 0.256122 s/step
Meep progress: 16.616666666666667/150.0 = 11.1% done in 233.4s, 1873.7s to go
on time step 997 (time=16.6167), 0.263274 s/step
Meep progress: 16.916666666666668/150.0 = 11.3% done in 237.5s, 1868.5s to go
on time step 1015 (time=16.9167), 0.227437 s/step
Meep progress: 17.216666666666665/150.0 = 11.5% done in 241.6s, 1863.3s to go
on time step 1033 (time=17.2167), 0.227049 s/step
Meep progress: 17.516666666666666/150.0 = 11.7% done in 245.7s, 1858.0s to go
on time step 1051 (time=17.5167), 0.225349 s/step
Meep progress: 17.816666666666666/150.0 = 11.9% done in 249.7s, 1852.8s to go
on time step 1069 (time=17.8167), 0.226413 s/step
Meep progress: 18.116666666666667/150.0 = 12.1% done in 253.8s, 1847.5s to go
on time step 1087 (time=18.1167), 0.225724 s/step
Meep progress: 18.416666666666668/150.0 = 12.3% done in 257.9s, 1842.4s to go
on time step 1105 (time=18.4167), 0.226517 s/step
Meep progress: 18.716666666666665/150.0 = 12.5% done in 261.9s, 1837.3s to go
on time step 1123 (time=18.7167), 0.225976 s/step
Meep progress: 18.95/150.0 = 12.6% done in 266.0s, 1839.8s to go
on time step 1137 (time=18.95), 0.292551 s/step
Meep progress: 19.2/150.0 = 12.8% done in 270.2s, 1840.9s to go
on time step 1152 (time=19.2), 0.279441 s/step
Meep progress: 19.5/150.0 = 13.0% done in 274.3s, 1835.8s to go
on time step 1170 (time=19.5), 0.227101 s/step
Meep progress: 19.8/150.0 = 13.2% done in 278.4s, 1830.8s to go
on time step 1188 (time=19.8), 0.227832 s/step
Meep progress: 20.1/150.0 = 13.4% done in 282.5s, 1825.6s to go
on time step 1206 (time=20.1), 0.226295 s/step
Meep progress: 20.4/150.0 = 13.6% done in 286.6s, 1820.5s to go
on time step 1224 (time=20.4), 0.226 s/step
Meep progress: 20.7/150.0 = 13.8% done in 290.7s, 1815.6s to go
on time step 1242 (time=20.7), 0.227955 s/step
Meep progress: 21.0/150.0 = 14.0% done in 294.7s, 1810.6s to go
on time step 1260 (time=21), 0.226829 s/step
Meep progress: 21.3/150.0 = 14.2% done in 298.8s, 1805.6s to go
on time step 1278 (time=21.3), 0.226765 s/step
Meep progress: 21.6/150.0 = 14.4% done in 302.9s, 1800.8s to go
on time step 1296 (time=21.6), 0.228278 s/step
Meep progress: 21.9/150.0 = 14.6% done in 307.0s, 1795.8s to go
on time step 1314 (time=21.9), 0.226159 s/step
Meep progress: 22.2/150.0 = 14.8% done in 311.1s, 1790.8s to go
on time step 1332 (time=22.2), 0.22587 s/step
Meep progress: 22.5/150.0 = 15.0% done in 315.1s, 1785.8s to go
on time step 1350 (time=22.5), 0.226342 s/step
Meep progress: 22.8/150.0 = 15.2% done in 319.3s, 1781.1s to go
on time step 1368 (time=22.8), 0.228087 s/step
Meep progress: 23.03333333333333/150.0 = 15.4% done in 323.5s, 1783.0s to go
on time step 1382 (time=23.0333), 0.300972 s/step
Meep progress: 23.316666666666666/150.0 = 15.5% done in 327.6s, 1779.8s to go
on time step 1399 (time=23.3167), 0.241845 s/step
Meep progress: 23.616666666666667/150.0 = 15.7% done in 331.9s, 1776.4s to go
on time step 1417 (time=23.6167), 0.24269 s/step
Meep progress: 23.866666666666667/150.0 = 15.9% done in 336.0s, 1776.0s to go
on time step 1432 (time=23.8667), 0.273458 s/step
Meep progress: 24.15/150.0 = 16.1% done in 340.2s, 1773.0s to go
on time step 1449 (time=24.15), 0.24623 s/step
Meep progress: 24.433333333333334/150.0 = 16.3% done in 344.4s, 1769.9s to go
on time step 1466 (time=24.4333), 0.245059 s/step
Meep progress: 24.716666666666665/150.0 = 16.5% done in 348.6s, 1766.8s to go
on time step 1483 (time=24.7167), 0.245568 s/step
Meep progress: 25.0/150.0 = 16.7% done in 352.7s, 1763.7s to go
on time step 1500 (time=25), 0.245308 s/step
Meep progress: 25.28333333333333/150.0 = 16.9% done in 356.9s, 1760.5s to go
on time step 1517 (time=25.2833), 0.243945 s/step
Meep progress: 25.566666666666666/150.0 = 17.0% done in 361.0s, 1757.2s to go
on time step 1534 (time=25.5667), 0.244449 s/step
Meep progress: 25.849999999999998/150.0 = 17.2% done in 365.2s, 1754.0s to go
on time step 1551 (time=25.85), 0.244841 s/step
Meep progress: 26.133333333333333/150.0 = 17.4% done in 369.4s, 1750.7s to go
on time step 1568 (time=26.1333), 0.243852 s/step
Meep progress: 26.416666666666668/150.0 = 17.6% done in 373.5s, 1747.4s to go
on time step 1585 (time=26.4167), 0.24466 s/step
Meep progress: 26.7/150.0 = 17.8% done in 377.7s, 1744.1s to go
on time step 1602 (time=26.7), 0.244915 s/step
Meep progress: 26.933333333333334/150.0 = 18.0% done in 381.7s, 1744.1s to go
on time step 1616 (time=26.9333), 0.287446 s/step
Meep progress: 27.233333333333334/150.0 = 18.2% done in 385.8s, 1739.1s to go
on time step 1634 (time=27.2333), 0.226552 s/step
Meep progress: 27.483333333333334/150.0 = 18.3% done in 389.9s, 1738.3s to go
on time step 1649 (time=27.4833), 0.277579 s/step
Meep progress: 27.75/150.0 = 18.5% done in 394.0s, 1735.7s to go
on time step 1665 (time=27.75), 0.253226 s/step
Meep progress: 28.03333333333333/150.0 = 18.7% done in 398.1s, 1732.2s to go
on time step 1682 (time=28.0333), 0.244222 s/step
Meep progress: 28.316666666666666/150.0 = 18.9% done in 402.3s, 1728.8s to go
on time step 1699 (time=28.3167), 0.245038 s/step
Meep progress: 28.599999999999998/150.0 = 19.1% done in 406.5s, 1725.4s to go
on time step 1716 (time=28.6), 0.245108 s/step
Meep progress: 28.883333333333333/150.0 = 19.3% done in 410.7s, 1722.0s to go
on time step 1733 (time=28.8833), 0.245861 s/step
Meep progress: 29.166666666666668/150.0 = 19.4% done in 414.8s, 1718.6s to go
on time step 1750 (time=29.1667), 0.245492 s/step
Meep progress: 29.45/150.0 = 19.6% done in 419.0s, 1715.2s to go
on time step 1767 (time=29.45), 0.245723 s/step
Meep progress: 29.716666666666665/150.0 = 19.8% done in 423.3s, 1713.3s to go
on time step 1783 (time=29.7167), 0.267759 s/step
Meep progress: 29.95/150.0 = 20.0% done in 427.5s, 1713.6s to go
on time step 1797 (time=29.95), 0.301561 s/step
Meep progress: 30.233333333333334/150.0 = 20.2% done in 431.7s, 1710.1s to go
on time step 1814 (time=30.2333), 0.245148 s/step
Meep progress: 30.5/150.0 = 20.3% done in 435.8s, 1707.5s to go
on time step 1830 (time=30.5), 0.25818 s/step
Meep progress: 30.766666666666666/150.0 = 20.5% done in 440.0s, 1705.1s to go
on time step 1846 (time=30.7667), 0.260983 s/step
Meep progress: 31.066666666666666/150.0 = 20.7% done in 444.1s, 1700.1s to go
on time step 1864 (time=31.0667), 0.228083 s/step
Meep progress: 31.366666666666667/150.0 = 20.9% done in 448.2s, 1695.1s to go
on time step 1882 (time=31.3667), 0.22742 s/step
Meep progress: 31.666666666666668/150.0 = 21.1% done in 452.2s, 1690.0s to go
on time step 1900 (time=31.6667), 0.225662 s/step
Meep progress: 31.966666666666665/150.0 = 21.3% done in 456.3s, 1684.9s to go
on time step 1918 (time=31.9667), 0.225703 s/step
Meep progress: 32.266666666666666/150.0 = 21.5% done in 460.4s, 1679.8s to go
on time step 1936 (time=32.2667), 0.226017 s/step
Meep progress: 32.56666666666666/150.0 = 21.7% done in 464.4s, 1674.7s to go
on time step 1954 (time=32.5667), 0.225647 s/step
Meep progress: 32.86666666666667/150.0 = 21.9% done in 468.5s, 1669.8s to go
on time step 1972 (time=32.8667), 0.226648 s/step
Meep progress: 33.13333333333333/150.0 = 22.1% done in 472.8s, 1667.5s to go
on time step 1988 (time=33.1333), 0.265239 s/step
Meep progress: 33.4/150.0 = 22.3% done in 476.9s, 1664.7s to go
on time step 2004 (time=33.4), 0.255585 s/step
Meep progress: 33.68333333333333/150.0 = 22.5% done in 481.0s, 1661.0s to go
on time step 2021 (time=33.6833), 0.244424 s/step
Meep progress: 33.96666666666667/150.0 = 22.6% done in 485.2s, 1657.4s to go
on time step 2038 (time=33.9667), 0.245208 s/step
Meep progress: 34.25/150.0 = 22.8% done in 489.3s, 1653.7s to go
on time step 2055 (time=34.25), 0.244139 s/step
Meep progress: 34.53333333333333/150.0 = 23.0% done in 493.5s, 1650.0s to go
on time step 2072 (time=34.5333), 0.243647 s/step
Meep progress: 34.81666666666666/150.0 = 23.2% done in 497.6s, 1646.3s to go
on time step 2089 (time=34.8167), 0.244158 s/step
Meep progress: 35.06666666666666/150.0 = 23.4% done in 501.6s, 1644.1s to go
on time step 2104 (time=35.0667), 0.267382 s/step
Meep progress: 35.333333333333336/150.0 = 23.6% done in 505.7s, 1641.1s to go
on time step 2120 (time=35.3333), 0.253942 s/step
Meep progress: 35.63333333333333/150.0 = 23.8% done in 509.8s, 1636.2s to go
on time step 2138 (time=35.6333), 0.228246 s/step
Meep progress: 35.93333333333333/150.0 = 24.0% done in 513.9s, 1631.2s to go
on time step 2156 (time=35.9333), 0.226275 s/step
Meep progress: 36.233333333333334/150.0 = 24.2% done in 517.9s, 1626.2s to go
on time step 2174 (time=36.2333), 0.225229 s/step
Meep progress: 36.53333333333333/150.0 = 24.4% done in 522.0s, 1621.3s to go
on time step 2192 (time=36.5333), 0.226225 s/step
Meep progress: 36.833333333333336/150.0 = 24.6% done in 526.1s, 1616.3s to go
on time step 2210 (time=36.8333), 0.225928 s/step
Meep progress: 37.13333333333333/150.0 = 24.8% done in 530.2s, 1611.6s to go
on time step 2228 (time=37.1333), 0.230053 s/step
Meep progress: 37.43333333333333/150.0 = 25.0% done in 534.3s, 1606.7s to go
on time step 2246 (time=37.4333), 0.227694 s/step
Meep progress: 37.733333333333334/150.0 = 25.2% done in 538.4s, 1601.9s to go
on time step 2264 (time=37.7333), 0.227131 s/step
Meep progress: 38.03333333333333/150.0 = 25.4% done in 542.5s, 1597.0s to go
on time step 2282 (time=38.0333), 0.225905 s/step
Meep progress: 38.333333333333336/150.0 = 25.6% done in 546.5s, 1592.1s to go
on time step 2300 (time=38.3333), 0.225833 s/step
Meep progress: 38.63333333333333/150.0 = 25.8% done in 550.6s, 1587.3s to go
on time step 2318 (time=38.6333), 0.227353 s/step
Meep progress: 38.93333333333333/150.0 = 26.0% done in 554.7s, 1582.4s to go
on time step 2336 (time=38.9333), 0.225922 s/step
Meep progress: 39.233333333333334/150.0 = 26.2% done in 558.8s, 1577.6s to go
on time step 2354 (time=39.2333), 0.226624 s/step
Meep progress: 39.53333333333333/150.0 = 26.4% done in 562.9s, 1572.8s to go
on time step 2372 (time=39.5333), 0.228575 s/step
Meep progress: 39.833333333333336/150.0 = 26.6% done in 567.0s, 1568.1s to go
on time step 2390 (time=39.8333), 0.227302 s/step
Meep progress: 40.13333333333333/150.0 = 26.8% done in 571.0s, 1563.2s to go
on time step 2408 (time=40.1333), 0.226013 s/step
Meep progress: 40.43333333333333/150.0 = 27.0% done in 575.1s, 1558.5s to go
on time step 2426 (time=40.4333), 0.226427 s/step
Meep progress: 40.733333333333334/150.0 = 27.2% done in 579.2s, 1553.7s to go
on time step 2444 (time=40.7333), 0.227122 s/step
Meep progress: 41.03333333333333/150.0 = 27.4% done in 583.3s, 1548.9s to go
on time step 2462 (time=41.0333), 0.226371 s/step
Meep progress: 41.333333333333336/150.0 = 27.6% done in 587.4s, 1544.2s to go
on time step 2480 (time=41.3333), 0.226912 s/step
Meep progress: 41.63333333333333/150.0 = 27.8% done in 591.4s, 1539.4s to go
on time step 2498 (time=41.6333), 0.226452 s/step
Meep progress: 41.93333333333333/150.0 = 28.0% done in 595.5s, 1534.7s to go
on time step 2516 (time=41.9333), 0.225792 s/step
Meep progress: 42.233333333333334/150.0 = 28.2% done in 599.6s, 1529.9s to go
on time step 2534 (time=42.2333), 0.225957 s/step
Meep progress: 42.53333333333333/150.0 = 28.4% done in 603.7s, 1525.2s to go
on time step 2552 (time=42.5333), 0.226844 s/step
Meep progress: 42.833333333333336/150.0 = 28.6% done in 607.7s, 1520.5s to go
on time step 2570 (time=42.8333), 0.225583 s/step
Meep progress: 43.13333333333333/150.0 = 28.8% done in 611.8s, 1515.8s to go
on time step 2588 (time=43.1333), 0.226946 s/step
Meep progress: 43.43333333333333/150.0 = 29.0% done in 615.9s, 1511.1s to go
on time step 2606 (time=43.4333), 0.226864 s/step
Meep progress: 43.733333333333334/150.0 = 29.2% done in 619.9s, 1506.4s to go
on time step 2624 (time=43.7333), 0.225719 s/step
Meep progress: 44.03333333333333/150.0 = 29.4% done in 624.0s, 1501.7s to go
on time step 2642 (time=44.0333), 0.225863 s/step
Meep progress: 44.333333333333336/150.0 = 29.6% done in 628.1s, 1497.0s to go
on time step 2660 (time=44.3333), 0.226779 s/step
Meep progress: 44.63333333333333/150.0 = 29.8% done in 632.2s, 1492.4s to go
on time step 2678 (time=44.6333), 0.22596 s/step
Meep progress: 44.93333333333333/150.0 = 30.0% done in 636.2s, 1487.7s to go
on time step 2696 (time=44.9333), 0.226417 s/step
Meep progress: 45.233333333333334/150.0 = 30.2% done in 640.3s, 1483.1s to go
on time step 2714 (time=45.2333), 0.226642 s/step
Meep progress: 45.53333333333333/150.0 = 30.4% done in 644.4s, 1478.5s to go
on time step 2732 (time=45.5333), 0.227119 s/step
Meep progress: 45.833333333333336/150.0 = 30.6% done in 648.5s, 1473.8s to go
on time step 2750 (time=45.8333), 0.225683 s/step
Meep progress: 46.13333333333333/150.0 = 30.8% done in 652.6s, 1469.2s to go
on time step 2768 (time=46.1333), 0.227183 s/step
Meep progress: 46.43333333333333/150.0 = 31.0% done in 656.6s, 1464.6s to go
on time step 2786 (time=46.4333), 0.226896 s/step
Meep progress: 46.733333333333334/150.0 = 31.2% done in 660.7s, 1460.0s to go
on time step 2804 (time=46.7333), 0.22578 s/step
Meep progress: 47.03333333333333/150.0 = 31.4% done in 664.8s, 1455.4s to go
on time step 2822 (time=47.0333), 0.227105 s/step
Meep progress: 47.333333333333336/150.0 = 31.6% done in 668.9s, 1450.8s to go
on time step 2840 (time=47.3333), 0.226355 s/step
Meep progress: 47.63333333333333/150.0 = 31.8% done in 672.9s, 1446.2s to go
on time step 2858 (time=47.6333), 0.226102 s/step
Meep progress: 47.93333333333333/150.0 = 32.0% done in 677.0s, 1441.6s to go
on time step 2876 (time=47.9333), 0.227658 s/step
Meep progress: 48.233333333333334/150.0 = 32.2% done in 681.2s, 1437.2s to go
on time step 2894 (time=48.2333), 0.229235 s/step
Meep progress: 48.53333333333333/150.0 = 32.4% done in 685.2s, 1432.6s to go
on time step 2912 (time=48.5333), 0.226328 s/step
Meep progress: 48.833333333333336/150.0 = 32.6% done in 689.3s, 1428.1s to go
on time step 2930 (time=48.8333), 0.227371 s/step
Meep progress: 49.13333333333333/150.0 = 32.8% done in 693.4s, 1423.5s to go
on time step 2948 (time=49.1333), 0.226079 s/step
Meep progress: 49.43333333333333/150.0 = 33.0% done in 697.5s, 1418.9s to go
on time step 2966 (time=49.4333), 0.226556 s/step
Meep progress: 49.733333333333334/150.0 = 33.2% done in 701.6s, 1414.4s to go
on time step 2984 (time=49.7333), 0.226684 s/step
Meep progress: 50.03333333333333/150.0 = 33.4% done in 705.6s, 1409.9s to go
on time step 3002 (time=50.0333), 0.227243 s/step
Meep progress: 50.333333333333336/150.0 = 33.6% done in 709.7s, 1405.3s to go
on time step 3020 (time=50.3333), 0.226545 s/step
Meep progress: 50.55/150.0 = 33.7% done in 714.0s, 1404.6s to go
on time step 3033 (time=50.55), 0.325527 s/step
Meep progress: 50.766666666666666/150.0 = 33.8% done in 718.0s, 1403.5s to go
on time step 3046 (time=50.7667), 0.312816 s/step
Meep progress: 51.03333333333333/150.0 = 34.0% done in 722.1s, 1400.4s to go
on time step 3062 (time=51.0333), 0.256213 s/step
Meep progress: 51.333333333333336/150.0 = 34.2% done in 726.2s, 1395.8s to go
on time step 3080 (time=51.3333), 0.225984 s/step
Meep progress: 51.63333333333333/150.0 = 34.4% done in 730.3s, 1391.3s to go
on time step 3098 (time=51.6333), 0.227433 s/step
Meep progress: 51.93333333333333/150.0 = 34.6% done in 734.4s, 1386.7s to go
on time step 3116 (time=51.9333), 0.22698 s/step
Meep progress: 52.233333333333334/150.0 = 34.8% done in 738.4s, 1382.1s to go
on time step 3134 (time=52.2333), 0.225638 s/step
Meep progress: 52.53333333333333/150.0 = 35.0% done in 742.5s, 1377.6s to go
on time step 3152 (time=52.5333), 0.22723 s/step
Meep progress: 52.833333333333336/150.0 = 35.2% done in 746.6s, 1373.1s to go
on time step 3170 (time=52.8333), 0.227334 s/step
Meep progress: 53.13333333333333/150.0 = 35.4% done in 750.7s, 1368.5s to go
on time step 3188 (time=53.1333), 0.22529 s/step
Meep progress: 53.43333333333333/150.0 = 35.6% done in 754.8s, 1364.0s to go
on time step 3206 (time=53.4333), 0.226954 s/step
Meep progress: 53.733333333333334/150.0 = 35.8% done in 758.8s, 1359.5s to go
on time step 3224 (time=53.7333), 0.22704 s/step
Meep progress: 54.03333333333333/150.0 = 36.0% done in 762.9s, 1355.0s to go
on time step 3242 (time=54.0333), 0.225553 s/step
Meep progress: 54.333333333333336/150.0 = 36.2% done in 767.0s, 1350.5s to go
on time step 3260 (time=54.3333), 0.227122 s/step
Meep progress: 54.63333333333333/150.0 = 36.4% done in 771.1s, 1346.0s to go
on time step 3278 (time=54.6333), 0.228263 s/step
Meep progress: 54.93333333333333/150.0 = 36.6% done in 775.2s, 1341.5s to go
on time step 3296 (time=54.9333), 0.226902 s/step
Meep progress: 55.233333333333334/150.0 = 36.8% done in 779.3s, 1337.0s to go
on time step 3314 (time=55.2333), 0.227193 s/step
Meep progress: 55.53333333333333/150.0 = 37.0% done in 783.4s, 1332.6s to go
on time step 3332 (time=55.5333), 0.226934 s/step
Meep progress: 55.833333333333336/150.0 = 37.2% done in 787.4s, 1328.0s to go
on time step 3350 (time=55.8333), 0.225895 s/step
Meep progress: 56.13333333333333/150.0 = 37.4% done in 791.5s, 1323.5s to go
on time step 3368 (time=56.1333), 0.226167 s/step
Meep progress: 56.43333333333333/150.0 = 37.6% done in 795.6s, 1319.1s to go
on time step 3386 (time=56.4333), 0.22676 s/step
Meep progress: 56.733333333333334/150.0 = 37.8% done in 799.6s, 1314.6s to go
on time step 3404 (time=56.7333), 0.226231 s/step
Meep progress: 57.03333333333333/150.0 = 38.0% done in 803.7s, 1310.1s to go
on time step 3422 (time=57.0333), 0.225329 s/step
Meep progress: 57.333333333333336/150.0 = 38.2% done in 807.8s, 1305.6s to go
on time step 3440 (time=57.3333), 0.226292 s/step
Meep progress: 57.63333333333333/150.0 = 38.4% done in 811.9s, 1301.1s to go
on time step 3458 (time=57.6333), 0.226415 s/step
Meep progress: 57.93333333333333/150.0 = 38.6% done in 815.9s, 1296.6s to go
on time step 3476 (time=57.9333), 0.225716 s/step
Meep progress: 58.233333333333334/150.0 = 38.8% done in 820.0s, 1292.2s to go
on time step 3494 (time=58.2333), 0.2258 s/step
Meep progress: 58.53333333333333/150.0 = 39.0% done in 824.1s, 1287.7s to go
on time step 3512 (time=58.5333), 0.226814 s/step
Meep progress: 58.833333333333336/150.0 = 39.2% done in 828.1s, 1283.2s to go
on time step 3530 (time=58.8333), 0.225671 s/step
Meep progress: 59.13333333333333/150.0 = 39.4% done in 832.2s, 1278.8s to go
on time step 3548 (time=59.1333), 0.228046 s/step
Meep progress: 59.43333333333333/150.0 = 39.6% done in 836.3s, 1274.4s to go
on time step 3566 (time=59.4333), 0.227946 s/step
Meep progress: 59.733333333333334/150.0 = 39.8% done in 840.4s, 1270.0s to go
on time step 3584 (time=59.7333), 0.226052 s/step
Meep progress: 60.03333333333333/150.0 = 40.0% done in 844.5s, 1265.5s to go
on time step 3602 (time=60.0333), 0.22627 s/step
Meep progress: 60.333333333333336/150.0 = 40.2% done in 848.6s, 1261.1s to go
on time step 3620 (time=60.3333), 0.226656 s/step
Meep progress: 60.63333333333333/150.0 = 40.4% done in 852.6s, 1256.7s to go
on time step 3638 (time=60.6333), 0.22549 s/step
Meep progress: 60.93333333333333/150.0 = 40.6% done in 856.7s, 1252.2s to go
on time step 3656 (time=60.9333), 0.226812 s/step
Meep progress: 61.233333333333334/150.0 = 40.8% done in 860.8s, 1247.8s to go
on time step 3674 (time=61.2333), 0.225775 s/step
Meep progress: 61.53333333333333/150.0 = 41.0% done in 864.8s, 1243.3s to go
on time step 3692 (time=61.5333), 0.225252 s/step
Meep progress: 61.833333333333336/150.0 = 41.2% done in 868.9s, 1238.9s to go
on time step 3710 (time=61.8333), 0.225709 s/step
Meep progress: 62.13333333333333/150.0 = 41.4% done in 872.9s, 1234.5s to go
on time step 3728 (time=62.1333), 0.225504 s/step
Meep progress: 62.43333333333333/150.0 = 41.6% done in 877.0s, 1230.0s to go
on time step 3746 (time=62.4333), 0.22568 s/step
Meep progress: 62.733333333333334/150.0 = 41.8% done in 881.1s, 1225.6s to go
on time step 3764 (time=62.7333), 0.225364 s/step
Meep progress: 63.03333333333333/150.0 = 42.0% done in 885.1s, 1221.2s to go
on time step 3782 (time=63.0333), 0.226696 s/step
Meep progress: 63.333333333333336/150.0 = 42.2% done in 889.2s, 1216.8s to go
on time step 3800 (time=63.3333), 0.226738 s/step
Meep progress: 63.63333333333333/150.0 = 42.4% done in 893.3s, 1212.4s to go
on time step 3818 (time=63.6333), 0.225614 s/step
Meep progress: 63.93333333333333/150.0 = 42.6% done in 897.4s, 1208.0s to go
on time step 3836 (time=63.9333), 0.226578 s/step
Meep progress: 64.23333333333333/150.0 = 42.8% done in 901.4s, 1203.6s to go
on time step 3854 (time=64.2333), 0.225772 s/step
Meep progress: 64.53333333333333/150.0 = 43.0% done in 905.5s, 1199.2s to go
on time step 3872 (time=64.5333), 0.225988 s/step
Meep progress: 64.83333333333333/150.0 = 43.2% done in 909.6s, 1194.8s to go
on time step 3890 (time=64.8333), 0.226482 s/step
Meep progress: 65.13333333333333/150.0 = 43.4% done in 913.6s, 1190.4s to go
on time step 3908 (time=65.1333), 0.22577 s/step
Meep progress: 65.43333333333334/150.0 = 43.6% done in 917.7s, 1186.0s to go
on time step 3926 (time=65.4333), 0.226281 s/step
Meep progress: 65.73333333333333/150.0 = 43.8% done in 921.8s, 1181.7s to go
on time step 3944 (time=65.7333), 0.226597 s/step
Meep progress: 66.03333333333333/150.0 = 44.0% done in 925.8s, 1177.3s to go
on time step 3962 (time=66.0333), 0.225648 s/step
Meep progress: 66.33333333333333/150.0 = 44.2% done in 929.9s, 1172.9s to go
on time step 3980 (time=66.3333), 0.226019 s/step
Meep progress: 66.63333333333333/150.0 = 44.4% done in 934.0s, 1168.5s to go
on time step 3998 (time=66.6333), 0.226417 s/step
Meep progress: 66.93333333333334/150.0 = 44.6% done in 938.0s, 1164.2s to go
on time step 4016 (time=66.9333), 0.225811 s/step
Meep progress: 67.23333333333333/150.0 = 44.8% done in 942.1s, 1159.8s to go
on time step 4034 (time=67.2333), 0.226506 s/step
Meep progress: 67.53333333333333/150.0 = 45.0% done in 946.2s, 1155.4s to go
on time step 4052 (time=67.5333), 0.226176 s/step
Meep progress: 67.83333333333333/150.0 = 45.2% done in 950.3s, 1151.1s to go
on time step 4070 (time=67.8333), 0.226093 s/step
Meep progress: 68.13333333333333/150.0 = 45.4% done in 954.3s, 1146.7s to go
on time step 4088 (time=68.1333), 0.2263 s/step
Meep progress: 68.43333333333334/150.0 = 45.6% done in 958.4s, 1142.3s to go
on time step 4106 (time=68.4333), 0.225567 s/step
Meep progress: 68.73333333333333/150.0 = 45.8% done in 962.5s, 1138.0s to go
on time step 4124 (time=68.7333), 0.226335 s/step
Meep progress: 69.03333333333333/150.0 = 46.0% done in 966.5s, 1133.6s to go
on time step 4142 (time=69.0333), 0.226016 s/step
Meep progress: 69.33333333333333/150.0 = 46.2% done in 970.6s, 1129.3s to go
on time step 4160 (time=69.3333), 0.225871 s/step
Meep progress: 69.63333333333333/150.0 = 46.4% done in 974.7s, 1124.9s to go
on time step 4178 (time=69.6333), 0.226206 s/step
Meep progress: 69.93333333333334/150.0 = 46.6% done in 978.8s, 1120.6s to go
on time step 4196 (time=69.9333), 0.226603 s/step
Meep progress: 70.23333333333333/150.0 = 46.8% done in 983.0s, 1116.5s to go
on time step 4214 (time=70.2333), 0.237135 s/step
Meep progress: 70.46666666666667/150.0 = 47.0% done in 987.4s, 1114.4s to go
on time step 4228 (time=70.4667), 0.310503 s/step
Meep progress: 70.66666666666667/150.0 = 47.1% done in 991.4s, 1113.0s to go
on time step 4240 (time=70.6667), 0.338936 s/step
Meep progress: 70.95/150.0 = 47.3% done in 995.6s, 1109.3s to go
on time step 4257 (time=70.95), 0.247465 s/step
Meep progress: 71.18333333333334/150.0 = 47.5% done in 999.8s, 1107.0s to go
on time step 4271 (time=71.1833), 0.29625 s/step
Meep progress: 71.46666666666667/150.0 = 47.6% done in 1004.0s, 1103.3s to go
on time step 4288 (time=71.4667), 0.246726 s/step
Meep progress: 71.75/150.0 = 47.8% done in 1008.2s, 1099.5s to go
on time step 4305 (time=71.75), 0.245718 s/step
Meep progress: 72.03333333333333/150.0 = 48.0% done in 1012.3s, 1095.7s to go
on time step 4322 (time=72.0333), 0.244199 s/step
Meep progress: 72.31666666666666/150.0 = 48.2% done in 1016.5s, 1091.9s to go
on time step 4339 (time=72.3167), 0.244539 s/step
Meep progress: 72.6/150.0 = 48.4% done in 1020.6s, 1088.1s to go
on time step 4356 (time=72.6), 0.243966 s/step
Meep progress: 72.88333333333333/150.0 = 48.6% done in 1024.8s, 1084.3s to go
on time step 4373 (time=72.8833), 0.244555 s/step
Meep progress: 73.15/150.0 = 48.8% done in 1028.9s, 1080.9s to go
on time step 4389 (time=73.15), 0.255089 s/step
Meep progress: 73.41666666666667/150.0 = 48.9% done in 1032.9s, 1077.5s to go
on time step 4405 (time=73.4167), 0.252248 s/step
Meep progress: 73.68333333333334/150.0 = 49.1% done in 1037.0s, 1074.0s to go
on time step 4421 (time=73.6833), 0.25347 s/step
Meep progress: 73.95/150.0 = 49.3% done in 1041.0s, 1070.6s to go
on time step 4437 (time=73.95), 0.253457 s/step
Meep progress: 74.21666666666667/150.0 = 49.5% done in 1045.1s, 1067.2s to go
on time step 4453 (time=74.2167), 0.256716 s/step
Meep progress: 74.48333333333333/150.0 = 49.7% done in 1049.2s, 1063.8s to go
on time step 4469 (time=74.4833), 0.257 s/step
Meep progress: 74.75/150.0 = 49.8% done in 1053.4s, 1060.4s to go
on time step 4485 (time=74.75), 0.259478 s/step
Meep progress: 75.01666666666667/150.0 = 50.0% done in 1057.5s, 1057.0s to go
on time step 4501 (time=75.0167), 0.256117 s/step
Meep progress: 75.3/150.0 = 50.2% done in 1061.7s, 1053.2s to go
on time step 4518 (time=75.3), 0.247731 s/step
Meep progress: 75.58333333333333/150.0 = 50.4% done in 1065.9s, 1049.5s to go
on time step 4535 (time=75.5833), 0.248113 s/step
Meep progress: 75.85/150.0 = 50.6% done in 1069.9s, 1046.0s to go
on time step 4551 (time=75.85), 0.251428 s/step
Meep progress: 76.13333333333333/150.0 = 50.8% done in 1074.2s, 1042.2s to go
on time step 4568 (time=76.1333), 0.249809 s/step
Meep progress: 76.41666666666667/150.0 = 50.9% done in 1078.3s, 1038.4s to go
on time step 4585 (time=76.4167), 0.245082 s/step
Meep progress: 76.7/150.0 = 51.1% done in 1082.5s, 1034.5s to go
on time step 4602 (time=76.7), 0.244782 s/step
Meep progress: 76.93333333333334/150.0 = 51.3% done in 1086.6s, 1032.0s to go
on time step 4616 (time=76.9333), 0.290488 s/step
Meep progress: 77.23333333333333/150.0 = 51.5% done in 1090.7s, 1027.6s to go
on time step 4634 (time=77.2333), 0.227259 s/step
Meep progress: 77.53333333333333/150.0 = 51.7% done in 1094.7s, 1023.2s to go
on time step 4652 (time=77.5333), 0.226559 s/step
Meep progress: 77.83333333333333/150.0 = 51.9% done in 1098.8s, 1018.8s to go
on time step 4670 (time=77.8333), 0.225462 s/step
Meep progress: 78.13333333333333/150.0 = 52.1% done in 1102.9s, 1014.4s to go
on time step 4688 (time=78.1333), 0.22587 s/step
Meep progress: 78.43333333333334/150.0 = 52.3% done in 1106.9s, 1010.0s to go
on time step 4706 (time=78.4333), 0.226275 s/step
Meep progress: 78.73333333333333/150.0 = 52.5% done in 1111.0s, 1005.6s to go
on time step 4724 (time=78.7333), 0.225756 s/step
Meep progress: 79.03333333333333/150.0 = 52.7% done in 1115.1s, 1001.3s to go
on time step 4742 (time=79.0333), 0.225682 s/step
Meep progress: 79.33333333333333/150.0 = 52.9% done in 1119.1s, 996.9s to go
on time step 4760 (time=79.3333), 0.225936 s/step
Meep progress: 79.63333333333333/150.0 = 53.1% done in 1123.2s, 992.5s to go
on time step 4778 (time=79.6333), 0.225726 s/step
Meep progress: 79.93333333333334/150.0 = 53.3% done in 1127.3s, 988.1s to go
on time step 4796 (time=79.9333), 0.225572 s/step
Meep progress: 80.18333333333334/150.0 = 53.5% done in 1131.4s, 985.1s to go
on time step 4811 (time=80.1833), 0.277765 s/step
Meep progress: 80.41666666666667/150.0 = 53.6% done in 1135.5s, 982.5s to go
on time step 4825 (time=80.4167), 0.290701 s/step
Meep progress: 80.71666666666667/150.0 = 53.8% done in 1139.6s, 978.2s to go
on time step 4843 (time=80.7167), 0.228212 s/step
Meep progress: 81.01666666666667/150.0 = 54.0% done in 1143.7s, 973.8s to go
on time step 4861 (time=81.0167), 0.226499 s/step
Meep progress: 81.31666666666666/150.0 = 54.2% done in 1147.7s, 969.4s to go
on time step 4879 (time=81.3167), 0.226278 s/step
Meep progress: 81.61666666666666/150.0 = 54.4% done in 1151.8s, 965.1s to go
on time step 4897 (time=81.6167), 0.225939 s/step
Meep progress: 81.91666666666667/150.0 = 54.6% done in 1155.9s, 960.7s to go
on time step 4915 (time=81.9167), 0.225171 s/step
Meep progress: 82.21666666666667/150.0 = 54.8% done in 1159.9s, 956.3s to go
on time step 4933 (time=82.2167), 0.226711 s/step
Meep progress: 82.51666666666667/150.0 = 55.0% done in 1164.0s, 952.0s to go
on time step 4951 (time=82.5167), 0.227795 s/step
Meep progress: 82.75/150.0 = 55.2% done in 1168.1s, 949.3s to go
on time step 4965 (time=82.75), 0.292319 s/step
Meep progress: 83.03333333333333/150.0 = 55.4% done in 1172.3s, 945.5s to go
on time step 4982 (time=83.0333), 0.247445 s/step
Meep progress: 83.31666666666666/150.0 = 55.5% done in 1176.5s, 941.7s to go
on time step 4999 (time=83.3167), 0.246147 s/step
Meep progress: 83.6/150.0 = 55.7% done in 1180.7s, 937.8s to go
on time step 5016 (time=83.6), 0.244338 s/step
Meep progress: 83.88333333333333/150.0 = 55.9% done in 1184.8s, 933.9s to go
on time step 5033 (time=83.8833), 0.244487 s/step
Meep progress: 84.16666666666667/150.0 = 56.1% done in 1189.0s, 930.0s to go
on time step 5050 (time=84.1667), 0.246521 s/step
Meep progress: 84.45/150.0 = 56.3% done in 1193.2s, 926.2s to go
on time step 5067 (time=84.45), 0.245032 s/step
Meep progress: 84.73333333333333/150.0 = 56.5% done in 1197.4s, 922.3s to go
on time step 5084 (time=84.7333), 0.245162 s/step
Meep progress: 85.0/150.0 = 56.7% done in 1201.5s, 918.8s to go
on time step 5100 (time=85), 0.255806 s/step
Meep progress: 85.25/150.0 = 56.8% done in 1205.6s, 915.7s to go
on time step 5115 (time=85.25), 0.274467 s/step
Meep progress: 85.55/150.0 = 57.0% done in 1209.7s, 911.3s to go
on time step 5133 (time=85.55), 0.227243 s/step
Meep progress: 85.85/150.0 = 57.2% done in 1213.7s, 907.0s to go
on time step 5151 (time=85.85), 0.226753 s/step
Meep progress: 86.15/150.0 = 57.4% done in 1217.8s, 902.6s to go
on time step 5169 (time=86.15), 0.225993 s/step
Meep progress: 86.45/150.0 = 57.6% done in 1221.9s, 898.2s to go
on time step 5187 (time=86.45), 0.226991 s/step
Meep progress: 86.75/150.0 = 57.8% done in 1226.0s, 893.9s to go
on time step 5205 (time=86.75), 0.227923 s/step
Meep progress: 87.05/150.0 = 58.0% done in 1230.1s, 889.5s to go
on time step 5223 (time=87.05), 0.227575 s/step
Meep progress: 87.35/150.0 = 58.2% done in 1234.2s, 885.2s to go
on time step 5241 (time=87.35), 0.225771 s/step
Meep progress: 87.58333333333333/150.0 = 58.4% done in 1238.3s, 882.5s to go
on time step 5255 (time=87.5833), 0.296913 s/step
Meep progress: 87.76666666666667/150.0 = 58.5% done in 1242.4s, 881.0s to go
on time step 5266 (time=87.7667), 0.371239 s/step
Meep progress: 88.03333333333333/150.0 = 58.7% done in 1246.6s, 877.5s to go
on time step 5282 (time=88.0333), 0.263684 s/step
Meep progress: 88.31666666666666/150.0 = 58.9% done in 1250.8s, 873.6s to go
on time step 5299 (time=88.3167), 0.246048 s/step
Meep progress: 88.58333333333333/150.0 = 59.1% done in 1254.9s, 870.1s to go
on time step 5315 (time=88.5833), 0.256811 s/step
Meep progress: 88.81666666666666/150.0 = 59.2% done in 1259.1s, 867.4s to go
on time step 5329 (time=88.8167), 0.299277 s/step
Meep progress: 89.1/150.0 = 59.4% done in 1263.3s, 863.5s to go
on time step 5346 (time=89.1), 0.24543 s/step
Meep progress: 89.38333333333333/150.0 = 59.6% done in 1267.4s, 859.5s to go
on time step 5363 (time=89.3833), 0.244993 s/step
Meep progress: 89.66666666666667/150.0 = 59.8% done in 1271.6s, 855.6s to go
on time step 5380 (time=89.6667), 0.244264 s/step
Meep progress: 89.95/150.0 = 60.0% done in 1275.8s, 851.7s to go
on time step 5397 (time=89.95), 0.245401 s/step
Meep progress: 90.23333333333333/150.0 = 60.2% done in 1279.9s, 847.8s to go
on time step 5414 (time=90.2333), 0.245073 s/step
Meep progress: 90.46666666666667/150.0 = 60.3% done in 1284.2s, 845.1s to go
on time step 5428 (time=90.4667), 0.3062 s/step
Meep progress: 90.75/150.0 = 60.5% done in 1288.5s, 841.2s to go
on time step 5445 (time=90.75), 0.249667 s/step
Meep progress: 91.03333333333333/150.0 = 60.7% done in 1292.6s, 837.3s to go
on time step 5462 (time=91.0333), 0.24538 s/step
Meep progress: 91.28333333333333/150.0 = 60.9% done in 1296.8s, 834.2s to go
on time step 5477 (time=91.2833), 0.279327 s/step
Meep progress: 91.56666666666666/150.0 = 61.0% done in 1300.9s, 830.2s to go
on time step 5494 (time=91.5667), 0.241855 s/step
Meep progress: 91.86666666666666/150.0 = 61.2% done in 1305.0s, 825.8s to go
on time step 5512 (time=91.8667), 0.226144 s/step
Meep progress: 92.16666666666667/150.0 = 61.4% done in 1309.1s, 821.4s to go
on time step 5530 (time=92.1667), 0.226072 s/step
Meep progress: 92.46666666666667/150.0 = 61.6% done in 1313.1s, 817.0s to go
on time step 5548 (time=92.4667), 0.225616 s/step
Meep progress: 92.76666666666667/150.0 = 61.8% done in 1317.2s, 812.7s to go
on time step 5566 (time=92.7667), 0.226668 s/step
Meep progress: 93.06666666666666/150.0 = 62.0% done in 1321.3s, 808.3s to go
on time step 5584 (time=93.0667), 0.226176 s/step
Meep progress: 93.36666666666666/150.0 = 62.2% done in 1325.4s, 803.9s to go
on time step 5602 (time=93.3667), 0.225994 s/step
Meep progress: 93.66666666666667/150.0 = 62.4% done in 1329.4s, 799.6s to go
on time step 5620 (time=93.6667), 0.226571 s/step
Meep progress: 93.96666666666667/150.0 = 62.6% done in 1333.5s, 795.2s to go
on time step 5638 (time=93.9667), 0.226775 s/step
Meep progress: 94.26666666666667/150.0 = 62.8% done in 1337.6s, 790.8s to go
on time step 5656 (time=94.2667), 0.225392 s/step
Meep progress: 94.56666666666666/150.0 = 63.0% done in 1341.7s, 786.5s to go
on time step 5674 (time=94.5667), 0.228365 s/step
Meep progress: 94.86666666666666/150.0 = 63.2% done in 1345.8s, 782.1s to go
on time step 5692 (time=94.8667), 0.227961 s/step
Meep progress: 95.16666666666667/150.0 = 63.4% done in 1349.9s, 777.8s to go
on time step 5710 (time=95.1667), 0.227156 s/step
Meep progress: 95.46666666666667/150.0 = 63.6% done in 1354.0s, 773.4s to go
on time step 5728 (time=95.4667), 0.228367 s/step
Meep progress: 95.76666666666667/150.0 = 63.8% done in 1358.1s, 769.1s to go
on time step 5746 (time=95.7667), 0.226487 s/step
Meep progress: 96.06666666666666/150.0 = 64.0% done in 1362.1s, 764.7s to go
on time step 5764 (time=96.0667), 0.226016 s/step
Meep progress: 96.36666666666666/150.0 = 64.2% done in 1366.2s, 760.4s to go
on time step 5782 (time=96.3667), 0.22755 s/step
Meep progress: 96.65/150.0 = 64.4% done in 1370.5s, 756.5s to go
on time step 5799 (time=96.65), 0.24829 s/step
Meep progress: 96.9/150.0 = 64.6% done in 1374.5s, 753.2s to go
on time step 5814 (time=96.9), 0.271876 s/step
Meep progress: 97.18333333333334/150.0 = 64.8% done in 1378.7s, 749.3s to go
on time step 5831 (time=97.1833), 0.244351 s/step
Meep progress: 97.46666666666667/150.0 = 65.0% done in 1382.8s, 745.3s to go
on time step 5848 (time=97.4667), 0.243218 s/step
Meep progress: 97.75/150.0 = 65.2% done in 1386.9s, 741.4s to go
on time step 5865 (time=97.75), 0.242993 s/step
Meep progress: 98.03333333333333/150.0 = 65.4% done in 1391.1s, 737.4s to go
on time step 5882 (time=98.0333), 0.244194 s/step
Meep progress: 98.31666666666666/150.0 = 65.5% done in 1395.2s, 733.5s to go
on time step 5899 (time=98.3167), 0.243705 s/step
Meep progress: 98.6/150.0 = 65.7% done in 1399.4s, 729.5s to go
on time step 5916 (time=98.6), 0.243763 s/step
Meep progress: 98.85/150.0 = 65.9% done in 1403.4s, 726.2s to go
on time step 5931 (time=98.85), 0.267655 s/step
Meep progress: 99.11666666666666/150.0 = 66.1% done in 1407.5s, 722.6s to go
on time step 5947 (time=99.1167), 0.258097 s/step
Meep progress: 99.41666666666667/150.0 = 66.3% done in 1411.6s, 718.2s to go
on time step 5965 (time=99.4167), 0.228542 s/step
Meep progress: 99.71666666666667/150.0 = 66.5% done in 1415.7s, 713.9s to go
on time step 5983 (time=99.7167), 0.22606 s/step
Meep progress: 100.01666666666667/150.0 = 66.7% done in 1419.8s, 709.5s to go
on time step 6001 (time=100.017), 0.226951 s/step
Meep progress: 100.31666666666666/150.0 = 66.9% done in 1423.9s, 705.2s to go
on time step 6019 (time=100.317), 0.226475 s/step
Meep progress: 100.61666666666666/150.0 = 67.1% done in 1427.9s, 700.8s to go
on time step 6037 (time=100.617), 0.225436 s/step
Meep progress: 100.91666666666667/150.0 = 67.3% done in 1432.0s, 696.5s to go
on time step 6055 (time=100.917), 0.228195 s/step
Meep progress: 101.21666666666667/150.0 = 67.5% done in 1436.1s, 692.2s to go
on time step 6073 (time=101.217), 0.227659 s/step
Meep progress: 101.45/150.0 = 67.6% done in 1440.2s, 689.2s to go
on time step 6087 (time=101.45), 0.289944 s/step
Meep progress: 101.73333333333333/150.0 = 67.8% done in 1444.4s, 685.3s to go
on time step 6104 (time=101.733), 0.245045 s/step
Meep progress: 102.01666666666667/150.0 = 68.0% done in 1448.5s, 681.3s to go
on time step 6121 (time=102.017), 0.244723 s/step
Meep progress: 102.3/150.0 = 68.2% done in 1452.7s, 677.3s to go
on time step 6138 (time=102.3), 0.243562 s/step
Meep progress: 102.58333333333333/150.0 = 68.4% done in 1456.8s, 673.4s to go
on time step 6155 (time=102.583), 0.244763 s/step
Meep progress: 102.86666666666666/150.0 = 68.6% done in 1461.0s, 669.4s to go
on time step 6172 (time=102.867), 0.246351 s/step
Meep progress: 103.11666666666666/150.0 = 68.7% done in 1465.1s, 666.1s to go
on time step 6187 (time=103.117), 0.273037 s/step
Meep progress: 103.35/150.0 = 68.9% done in 1469.1s, 663.1s to go
on time step 6201 (time=103.35), 0.288526 s/step
Meep progress: 103.64999999999999/150.0 = 69.1% done in 1473.2s, 658.8s to go
on time step 6219 (time=103.65), 0.226283 s/step
Meep progress: 103.95/150.0 = 69.3% done in 1477.2s, 654.4s to go
on time step 6237 (time=103.95), 0.222641 s/step
Meep progress: 104.25/150.0 = 69.5% done in 1481.2s, 650.0s to go
on time step 6255 (time=104.25), 0.223151 s/step
Meep progress: 104.55/150.0 = 69.7% done in 1485.3s, 645.7s to go
on time step 6273 (time=104.55), 0.223473 s/step
Meep progress: 104.85/150.0 = 69.9% done in 1489.3s, 641.3s to go
on time step 6291 (time=104.85), 0.222519 s/step
Meep progress: 105.14999999999999/150.0 = 70.1% done in 1493.3s, 636.9s to go
on time step 6309 (time=105.15), 0.223122 s/step
Meep progress: 105.41666666666667/150.0 = 70.3% done in 1497.6s, 633.4s to go
on time step 6325 (time=105.417), 0.26819 s/step
Meep progress: 105.64999999999999/150.0 = 70.4% done in 1501.7s, 630.4s to go
on time step 6339 (time=105.65), 0.290644 s/step
Meep progress: 105.95/150.0 = 70.6% done in 1505.7s, 626.0s to go
on time step 6357 (time=105.95), 0.226427 s/step
Meep progress: 106.25/150.0 = 70.8% done in 1509.8s, 621.7s to go
on time step 6375 (time=106.25), 0.226524 s/step
Meep progress: 106.55/150.0 = 71.0% done in 1513.9s, 617.3s to go
on time step 6393 (time=106.55), 0.225614 s/step
Meep progress: 106.85/150.0 = 71.2% done in 1517.9s, 613.0s to go
on time step 6411 (time=106.85), 0.226265 s/step
Meep progress: 107.14999999999999/150.0 = 71.4% done in 1522.0s, 608.7s to go
on time step 6429 (time=107.15), 0.226025 s/step
Meep progress: 107.45/150.0 = 71.6% done in 1526.1s, 604.3s to go
on time step 6447 (time=107.45), 0.225401 s/step
Meep progress: 107.75/150.0 = 71.8% done in 1530.1s, 600.0s to go
on time step 6465 (time=107.75), 0.226275 s/step
Meep progress: 108.05/150.0 = 72.0% done in 1534.2s, 595.7s to go
on time step 6483 (time=108.05), 0.226164 s/step
Meep progress: 108.35/150.0 = 72.2% done in 1538.3s, 591.3s to go
on time step 6501 (time=108.35), 0.22543 s/step
Meep progress: 108.64999999999999/150.0 = 72.4% done in 1542.3s, 587.0s to go
on time step 6519 (time=108.65), 0.22581 s/step
Meep progress: 108.95/150.0 = 72.6% done in 1546.4s, 582.7s to go
on time step 6537 (time=108.95), 0.226676 s/step
Meep progress: 109.25/150.0 = 72.8% done in 1550.5s, 578.3s to go
on time step 6555 (time=109.25), 0.225806 s/step
Meep progress: 109.55/150.0 = 73.0% done in 1554.5s, 574.0s to go
on time step 6573 (time=109.55), 0.226377 s/step
Meep progress: 109.85/150.0 = 73.2% done in 1558.6s, 569.7s to go
on time step 6591 (time=109.85), 0.226555 s/step
Meep progress: 110.14999999999999/150.0 = 73.4% done in 1562.7s, 565.3s to go
on time step 6609 (time=110.15), 0.225457 s/step
Meep progress: 110.45/150.0 = 73.6% done in 1566.8s, 561.0s to go
on time step 6627 (time=110.45), 0.226536 s/step
Meep progress: 110.75/150.0 = 73.8% done in 1570.8s, 556.7s to go
on time step 6645 (time=110.75), 0.226594 s/step
Meep progress: 111.05/150.0 = 74.0% done in 1574.9s, 552.4s to go
on time step 6663 (time=111.05), 0.225447 s/step
Meep progress: 111.35/150.0 = 74.2% done in 1579.0s, 548.1s to go
on time step 6681 (time=111.35), 0.226411 s/step
Meep progress: 111.64999999999999/150.0 = 74.4% done in 1583.1s, 543.8s to go
on time step 6699 (time=111.65), 0.226792 s/step
Meep progress: 111.95/150.0 = 74.6% done in 1587.1s, 539.4s to go
on time step 6717 (time=111.95), 0.226045 s/step
Meep progress: 112.25/150.0 = 74.8% done in 1591.2s, 535.1s to go
on time step 6735 (time=112.25), 0.226088 s/step
Meep progress: 112.55/150.0 = 75.0% done in 1595.3s, 530.8s to go
on time step 6753 (time=112.55), 0.227447 s/step
Meep progress: 112.85/150.0 = 75.2% done in 1599.4s, 526.5s to go
on time step 6771 (time=112.85), 0.226528 s/step
Meep progress: 113.08333333333333/150.0 = 75.4% done in 1603.5s, 523.5s to go
on time step 6785 (time=113.083), 0.297605 s/step
Meep progress: 113.36666666666666/150.0 = 75.6% done in 1607.7s, 519.5s to go
on time step 6802 (time=113.367), 0.245287 s/step
Meep progress: 113.63333333333333/150.0 = 75.8% done in 1611.8s, 515.8s to go
on time step 6818 (time=113.633), 0.258578 s/step
Meep progress: 113.89999999999999/150.0 = 75.9% done in 1616.1s, 512.2s to go
on time step 6834 (time=113.9), 0.264449 s/step
Meep progress: 114.18333333333334/150.0 = 76.1% done in 1620.3s, 508.2s to go
on time step 6851 (time=114.183), 0.247704 s/step
Meep progress: 114.46666666666667/150.0 = 76.3% done in 1624.5s, 504.3s to go
on time step 6868 (time=114.467), 0.246862 s/step
Meep progress: 114.75/150.0 = 76.5% done in 1628.6s, 500.3s to go
on time step 6885 (time=114.75), 0.243603 s/step
Meep progress: 115.03333333333333/150.0 = 76.7% done in 1632.8s, 496.3s to go
on time step 6902 (time=115.033), 0.244099 s/step
Meep progress: 115.31666666666666/150.0 = 76.9% done in 1636.9s, 492.3s to go
on time step 6919 (time=115.317), 0.244403 s/step
Meep progress: 115.6/150.0 = 77.1% done in 1641.1s, 488.3s to go
on time step 6936 (time=115.6), 0.244415 s/step
Meep progress: 115.88333333333333/150.0 = 77.3% done in 1645.2s, 484.4s to go
on time step 6953 (time=115.883), 0.244189 s/step
Meep progress: 116.16666666666667/150.0 = 77.4% done in 1649.4s, 480.4s to go
on time step 6970 (time=116.167), 0.244481 s/step
Meep progress: 116.45/150.0 = 77.6% done in 1653.5s, 476.4s to go
on time step 6987 (time=116.45), 0.244133 s/step
Meep progress: 116.73333333333333/150.0 = 77.8% done in 1657.7s, 472.4s to go
on time step 7004 (time=116.733), 0.244027 s/step
Meep progress: 117.01666666666667/150.0 = 78.0% done in 1661.8s, 468.4s to go
on time step 7021 (time=117.017), 0.244693 s/step
Meep progress: 117.3/150.0 = 78.2% done in 1666.0s, 464.4s to go
on time step 7038 (time=117.3), 0.243966 s/step
Meep progress: 117.58333333333333/150.0 = 78.4% done in 1670.1s, 460.4s to go
on time step 7055 (time=117.583), 0.244056 s/step
Meep progress: 117.86666666666666/150.0 = 78.6% done in 1674.3s, 456.5s to go
on time step 7072 (time=117.867), 0.244654 s/step
Meep progress: 118.14999999999999/150.0 = 78.8% done in 1678.5s, 452.5s to go
on time step 7089 (time=118.15), 0.244069 s/step
Meep progress: 118.43333333333334/150.0 = 79.0% done in 1682.6s, 448.5s to go
on time step 7106 (time=118.433), 0.244462 s/step
Meep progress: 118.71666666666667/150.0 = 79.1% done in 1686.8s, 444.5s to go
on time step 7123 (time=118.717), 0.244439 s/step
Meep progress: 119.0/150.0 = 79.3% done in 1690.9s, 440.5s to go
on time step 7140 (time=119), 0.24472 s/step
Meep progress: 119.28333333333333/150.0 = 79.5% done in 1695.1s, 436.5s to go
on time step 7157 (time=119.283), 0.243617 s/step
Meep progress: 119.56666666666666/150.0 = 79.7% done in 1699.2s, 432.5s to go
on time step 7174 (time=119.567), 0.24506 s/step
Meep progress: 119.8/150.0 = 79.9% done in 1703.2s, 429.4s to go
on time step 7188 (time=119.8), 0.286366 s/step
Meep progress: 120.1/150.0 = 80.1% done in 1707.4s, 425.1s to go
on time step 7206 (time=120.1), 0.231714 s/step
Meep progress: 120.36666666666666/150.0 = 80.2% done in 1711.5s, 421.4s to go
on time step 7222 (time=120.367), 0.25705 s/step
Meep progress: 120.63333333333333/150.0 = 80.4% done in 1715.7s, 417.7s to go
on time step 7238 (time=120.633), 0.261657 s/step
Meep progress: 120.91666666666667/150.0 = 80.6% done in 1719.9s, 413.7s to go
on time step 7255 (time=120.917), 0.243821 s/step
Meep progress: 121.2/150.0 = 80.8% done in 1724.0s, 409.7s to go
on time step 7272 (time=121.2), 0.244183 s/step
Meep progress: 121.48333333333333/150.0 = 81.0% done in 1728.2s, 405.7s to go
on time step 7289 (time=121.483), 0.245013 s/step
Meep progress: 121.76666666666667/150.0 = 81.2% done in 1732.3s, 401.7s to go
on time step 7306 (time=121.767), 0.243846 s/step
Meep progress: 122.05/150.0 = 81.4% done in 1736.5s, 397.7s to go
on time step 7323 (time=122.05), 0.244435 s/step
Meep progress: 122.3/150.0 = 81.5% done in 1740.7s, 394.3s to go
on time step 7338 (time=122.3), 0.282447 s/step
Meep progress: 122.51666666666667/150.0 = 81.7% done in 1744.8s, 391.4s to go
on time step 7351 (time=122.517), 0.311995 s/step
Meep progress: 122.76666666666667/150.0 = 81.8% done in 1748.8s, 387.9s to go
on time step 7366 (time=122.767), 0.269275 s/step
Meep progress: 123.05/150.0 = 82.0% done in 1753.0s, 383.9s to go
on time step 7383 (time=123.05), 0.247857 s/step
Meep progress: 123.33333333333333/150.0 = 82.2% done in 1757.2s, 379.9s to go
on time step 7400 (time=123.333), 0.245779 s/step
Meep progress: 123.55/150.0 = 82.4% done in 1761.2s, 377.0s to go
on time step 7413 (time=123.55), 0.309398 s/step
Meep progress: 123.81666666666666/150.0 = 82.5% done in 1765.3s, 373.3s to go
on time step 7429 (time=123.817), 0.256197 s/step
Meep progress: 124.1/150.0 = 82.7% done in 1769.5s, 369.3s to go
on time step 7446 (time=124.1), 0.247517 s/step
Meep progress: 124.38333333333333/150.0 = 82.9% done in 1773.7s, 365.3s to go
on time step 7463 (time=124.383), 0.243984 s/step
Meep progress: 124.66666666666667/150.0 = 83.1% done in 1777.8s, 361.3s to go
on time step 7480 (time=124.667), 0.244696 s/step
Meep progress: 124.95/150.0 = 83.3% done in 1782.0s, 357.3s to go
on time step 7497 (time=124.95), 0.244754 s/step
Meep progress: 125.23333333333333/150.0 = 83.5% done in 1786.1s, 353.2s to go
on time step 7514 (time=125.233), 0.243951 s/step
Meep progress: 125.51666666666667/150.0 = 83.7% done in 1790.3s, 349.2s to go
on time step 7531 (time=125.517), 0.244499 s/step
Meep progress: 125.8/150.0 = 83.9% done in 1794.5s, 345.2s to go
on time step 7548 (time=125.8), 0.245698 s/step
Meep progress: 126.08333333333333/150.0 = 84.1% done in 1798.7s, 341.2s to go
on time step 7565 (time=126.083), 0.247855 s/step
Meep progress: 126.31666666666666/150.0 = 84.2% done in 1802.9s, 338.0s to go
on time step 7579 (time=126.317), 0.29763 s/step
Meep progress: 126.6/150.0 = 84.4% done in 1807.0s, 334.0s to go
on time step 7596 (time=126.6), 0.246708 s/step
Meep progress: 126.88333333333333/150.0 = 84.6% done in 1811.2s, 330.0s to go
on time step 7613 (time=126.883), 0.24391 s/step
Meep progress: 127.16666666666667/150.0 = 84.8% done in 1815.3s, 326.0s to go
on time step 7630 (time=127.167), 0.243739 s/step
Meep progress: 127.45/150.0 = 85.0% done in 1819.5s, 321.9s to go
on time step 7647 (time=127.45), 0.245109 s/step
Meep progress: 127.73333333333333/150.0 = 85.2% done in 1823.7s, 317.9s to go
on time step 7664 (time=127.733), 0.244176 s/step
Meep progress: 128.01666666666665/150.0 = 85.3% done in 1827.8s, 313.9s to go
on time step 7681 (time=128.017), 0.243946 s/step
Meep progress: 128.3/150.0 = 85.5% done in 1832.0s, 309.8s to go
on time step 7698 (time=128.3), 0.244503 s/step
Meep progress: 128.58333333333334/150.0 = 85.7% done in 1836.1s, 305.8s to go
on time step 7715 (time=128.583), 0.244566 s/step
Meep progress: 128.86666666666667/150.0 = 85.9% done in 1840.3s, 301.8s to go
on time step 7732 (time=128.867), 0.243459 s/step
Meep progress: 129.15/150.0 = 86.1% done in 1844.4s, 297.8s to go
on time step 7749 (time=129.15), 0.244441 s/step
Meep progress: 129.43333333333334/150.0 = 86.3% done in 1848.6s, 293.7s to go
on time step 7766 (time=129.433), 0.244354 s/step
Meep progress: 129.71666666666667/150.0 = 86.5% done in 1852.7s, 289.7s to go
on time step 7783 (time=129.717), 0.243862 s/step
Meep progress: 130.0/150.0 = 86.7% done in 1856.9s, 285.7s to go
on time step 7800 (time=130), 0.244332 s/step
Meep progress: 130.25/150.0 = 86.8% done in 1861.1s, 282.2s to go
on time step 7815 (time=130.25), 0.283274 s/step
Meep progress: 130.55/150.0 = 87.0% done in 1865.3s, 277.9s to go
on time step 7833 (time=130.55), 0.23336 s/step
Meep progress: 130.85/150.0 = 87.2% done in 1869.4s, 273.6s to go
on time step 7851 (time=130.85), 0.225752 s/step
Meep progress: 131.15/150.0 = 87.4% done in 1873.4s, 269.3s to go
on time step 7869 (time=131.15), 0.225769 s/step
Meep progress: 131.45/150.0 = 87.6% done in 1877.5s, 265.0s to go
on time step 7887 (time=131.45), 0.226978 s/step
Meep progress: 131.75/150.0 = 87.8% done in 1881.6s, 260.6s to go
on time step 7905 (time=131.75), 0.22574 s/step
Meep progress: 132.05/150.0 = 88.0% done in 1885.7s, 256.3s to go
on time step 7923 (time=132.05), 0.227615 s/step
Meep progress: 132.35/150.0 = 88.2% done in 1889.8s, 252.0s to go
on time step 7941 (time=132.35), 0.227599 s/step
Meep progress: 132.65/150.0 = 88.4% done in 1893.9s, 247.7s to go
on time step 7959 (time=132.65), 0.226222 s/step
Meep progress: 132.9/150.0 = 88.6% done in 1898.0s, 244.2s to go
on time step 7974 (time=132.9), 0.277232 s/step
Meep progress: 133.16666666666666/150.0 = 88.8% done in 1902.1s, 240.4s to go
on time step 7990 (time=133.167), 0.253136 s/step
Meep progress: 133.45/150.0 = 89.0% done in 1906.2s, 236.4s to go
on time step 8007 (time=133.45), 0.244647 s/step
Meep progress: 133.68333333333334/150.0 = 89.1% done in 1910.2s, 233.2s to go
on time step 8021 (time=133.683), 0.286801 s/step
Meep progress: 133.98333333333332/150.0 = 89.3% done in 1914.4s, 228.9s to go
on time step 8039 (time=133.983), 0.23202 s/step
Meep progress: 134.28333333333333/150.0 = 89.5% done in 1918.5s, 224.5s to go
on time step 8057 (time=134.283), 0.225422 s/step
Meep progress: 134.5/150.0 = 89.7% done in 1922.6s, 221.6s to go
on time step 8070 (time=134.5), 0.320891 s/step
Meep progress: 134.8/150.0 = 89.9% done in 1926.8s, 217.3s to go
on time step 8088 (time=134.8), 0.229447 s/step
Meep progress: 135.1/150.0 = 90.1% done in 1930.8s, 212.9s to go
on time step 8106 (time=135.1), 0.225254 s/step
Meep progress: 135.4/150.0 = 90.3% done in 1934.9s, 208.6s to go
on time step 8124 (time=135.4), 0.226658 s/step
Meep progress: 135.7/150.0 = 90.5% done in 1939.0s, 204.3s to go
on time step 8142 (time=135.7), 0.227253 s/step
Meep progress: 136.0/150.0 = 90.7% done in 1943.1s, 200.0s to go
on time step 8160 (time=136), 0.225538 s/step
Meep progress: 136.3/150.0 = 90.9% done in 1947.1s, 195.7s to go
on time step 8178 (time=136.3), 0.226458 s/step
Meep progress: 136.6/150.0 = 91.1% done in 1951.2s, 191.4s to go
on time step 8196 (time=136.6), 0.226459 s/step
Meep progress: 136.9/150.0 = 91.3% done in 1955.3s, 187.1s to go
on time step 8214 (time=136.9), 0.225505 s/step
Meep progress: 137.2/150.0 = 91.5% done in 1959.3s, 182.8s to go
on time step 8232 (time=137.2), 0.226371 s/step
Meep progress: 137.5/150.0 = 91.7% done in 1963.4s, 178.5s to go
on time step 8250 (time=137.5), 0.226877 s/step
Meep progress: 137.8/150.0 = 91.9% done in 1967.5s, 174.2s to go
on time step 8268 (time=137.8), 0.225781 s/step
Meep progress: 138.1/150.0 = 92.1% done in 1971.6s, 169.9s to go
on time step 8286 (time=138.1), 0.227938 s/step
Meep progress: 138.4/150.0 = 92.3% done in 1975.7s, 165.6s to go
on time step 8304 (time=138.4), 0.228038 s/step
Meep progress: 138.7/150.0 = 92.5% done in 1979.8s, 161.3s to go
on time step 8322 (time=138.7), 0.226496 s/step
Meep progress: 139.0/150.0 = 92.7% done in 1983.8s, 157.0s to go
on time step 8340 (time=139), 0.225849 s/step
Meep progress: 139.3/150.0 = 92.9% done in 1987.9s, 152.7s to go
on time step 8358 (time=139.3), 0.227321 s/step
Meep progress: 139.6/150.0 = 93.1% done in 1992.0s, 148.4s to go
on time step 8376 (time=139.6), 0.226233 s/step
Meep progress: 139.9/150.0 = 93.3% done in 1996.1s, 144.1s to go
on time step 8394 (time=139.9), 0.226516 s/step
Meep progress: 140.2/150.0 = 93.5% done in 2000.2s, 139.8s to go
on time step 8412 (time=140.2), 0.227027 s/step
Meep progress: 140.5/150.0 = 93.7% done in 2004.2s, 135.5s to go
on time step 8430 (time=140.5), 0.226427 s/step
Meep progress: 140.8/150.0 = 93.9% done in 2008.3s, 131.2s to go
on time step 8448 (time=140.8), 0.226302 s/step
Meep progress: 141.1/150.0 = 94.1% done in 2012.4s, 126.9s to go
on time step 8466 (time=141.1), 0.22714 s/step
Meep progress: 141.4/150.0 = 94.3% done in 2016.5s, 122.6s to go
on time step 8484 (time=141.4), 0.226482 s/step
Meep progress: 141.7/150.0 = 94.5% done in 2020.6s, 118.4s to go
on time step 8502 (time=141.7), 0.225964 s/step
Meep progress: 142.0/150.0 = 94.7% done in 2024.6s, 114.1s to go
on time step 8520 (time=142), 0.227116 s/step
Meep progress: 142.3/150.0 = 94.9% done in 2028.7s, 109.8s to go
on time step 8538 (time=142.3), 0.227936 s/step
Meep progress: 142.6/150.0 = 95.1% done in 2032.8s, 105.5s to go
on time step 8556 (time=142.6), 0.226706 s/step
Meep progress: 142.9/150.0 = 95.3% done in 2036.9s, 101.2s to go
on time step 8574 (time=142.9), 0.227375 s/step
Meep progress: 143.16666666666666/150.0 = 95.4% done in 2041.1s, 97.4s to go
on time step 8590 (time=143.167), 0.25881 s/step
Meep progress: 143.4/150.0 = 95.6% done in 2045.1s, 94.1s to go
on time step 8604 (time=143.4), 0.289987 s/step
Meep progress: 143.7/150.0 = 95.8% done in 2049.2s, 89.8s to go
on time step 8622 (time=143.7), 0.227964 s/step
Meep progress: 144.0/150.0 = 96.0% done in 2053.3s, 85.6s to go
on time step 8640 (time=144), 0.226361 s/step
Meep progress: 144.3/150.0 = 96.2% done in 2057.4s, 81.3s to go
on time step 8658 (time=144.3), 0.226337 s/step
Meep progress: 144.6/150.0 = 96.4% done in 2061.4s, 77.0s to go
on time step 8676 (time=144.6), 0.226252 s/step
Meep progress: 144.9/150.0 = 96.6% done in 2065.5s, 72.7s to go
on time step 8694 (time=144.9), 0.227781 s/step
Meep progress: 145.2/150.0 = 96.8% done in 2069.6s, 68.4s to go
on time step 8712 (time=145.2), 0.226775 s/step
Meep progress: 145.5/150.0 = 97.0% done in 2073.7s, 64.1s to go
on time step 8730 (time=145.5), 0.228404 s/step
Meep progress: 145.8/150.0 = 97.2% done in 2077.8s, 59.9s to go
on time step 8748 (time=145.8), 0.226752 s/step
Meep progress: 146.1/150.0 = 97.4% done in 2081.9s, 55.6s to go
on time step 8766 (time=146.1), 0.225424 s/step
Meep progress: 146.4/150.0 = 97.6% done in 2086.0s, 51.3s to go
on time step 8784 (time=146.4), 0.227261 s/step
Meep progress: 146.66666666666666/150.0 = 97.8% done in 2090.0s, 47.5s to go
on time step 8800 (time=146.667), 0.251199 s/step
Meep progress: 146.91666666666666/150.0 = 97.9% done in 2094.1s, 43.9s to go
on time step 8815 (time=146.917), 0.27424 s/step
Meep progress: 147.2/150.0 = 98.1% done in 2098.3s, 39.9s to go
on time step 8832 (time=147.2), 0.245621 s/step
Meep progress: 147.48333333333332/150.0 = 98.3% done in 2102.5s, 35.9s to go
on time step 8849 (time=147.483), 0.245748 s/step
Meep progress: 147.76666666666665/150.0 = 98.5% done in 2106.6s, 31.8s to go
on time step 8866 (time=147.767), 0.244206 s/step
Meep progress: 148.05/150.0 = 98.7% done in 2110.8s, 27.8s to go
on time step 8883 (time=148.05), 0.243999 s/step
Meep progress: 148.33333333333334/150.0 = 98.9% done in 2114.9s, 23.8s to go
on time step 8900 (time=148.333), 0.245115 s/step
Meep progress: 148.58333333333334/150.0 = 99.1% done in 2119.0s, 20.2s to go
on time step 8915 (time=148.583), 0.27503 s/step
Meep progress: 148.86666666666667/150.0 = 99.2% done in 2123.2s, 16.2s to go
on time step 8932 (time=148.867), 0.245792 s/step
Meep progress: 149.16666666666666/150.0 = 99.4% done in 2127.3s, 11.9s to go
on time step 8950 (time=149.167), 0.22791 s/step
Meep progress: 149.46666666666667/150.0 = 99.6% done in 2131.4s, 7.6s to go
on time step 8968 (time=149.467), 0.226887 s/step
Meep progress: 149.76666666666665/150.0 = 99.8% done in 2135.5s, 3.3s to go
on time step 8986 (time=149.767), 0.226677 s/step
run 0 finished at t = 150.0 (9000 timesteps)
flux1:, 0.5, 7.215405528213724e-7, -5.945040442430441e-7
flux1:, 0.5066889632107023, 9.090110221198234e-7, -6.441933835736708e-7
flux1:, 0.5133779264214047, 1.0164273031973491e-6, -7.148094147691706e-7
flux1:, 0.520066889632107, 1.162111845871073e-6, -9.306271510211862e-7
flux1:, 0.5267558528428093, 1.4499521723081417e-6, -1.076752315474897e-6
flux1:, 0.5334448160535117, 1.7461799511019048e-6, -1.1809796051821024e-6
flux1:, 0.540133779264214, 2.0116581767065954e-6, -1.3678176180877783e-6
flux1:, 0.5468227424749164, 2.3388589933990825e-6, -1.5557326417125598e-6
flux1:, 0.5535117056856187, 2.5953877101930526e-6, -1.84748046279692e-6
flux1:, 0.560200668896321, 3.163206615131118e-6, -2.1643543195863873e-6
flux1:, 0.5668896321070234, 3.697052105628271e-6, -2.40085851231399e-6
flux1:, 0.5735785953177257, 4.237218868944108e-6, -2.8909119485873134e-6
flux1:, 0.580267558528428, 4.9712983164049186e-6, -3.3373883181347144e-6
flux1:, 0.5869565217391304, 5.734247837995656e-6, -3.885720040964097e-6
flux1:, 0.5936454849498327, 6.684165380983749e-6, -4.507570627852793e-6
flux1:, 0.600334448160535, 7.817091803850485e-6, -5.0882004784695376e-6
flux1:, 0.6070234113712374, 9.07464497918274e-6, -5.774660484735267e-6
flux1:, 0.6137123745819397, 1.058003889922522e-5, -6.454256340436614e-6
flux1:, 0.6204013377926421, 1.2178076875232497e-5, -7.124021346753451e-6
flux1:, 0.6270903010033444, 1.3479642950637879e-5, -8.322554140776071e-6
flux1:, 0.6337792642140467, 1.597812513884914e-5, -9.43878372098754e-6
flux1:, 0.6404682274247491, 1.831941077819166e-5, -1.0340602595609966e-5
flux1:, 0.6471571906354514, 1.99143601535111e-5, -1.2074508556942846e-5
flux1:, 0.6538461538461537, 2.176451389524677e-5, -1.4684315059209457e-5
flux1:, 0.6605351170568561, 2.523722906099335e-5, -1.7018859516059128e-5
flux1:, 0.6672240802675584, 2.9126343738111338e-5, -1.8045312123147804e-5
flux1:, 0.6739130434782608, 3.1358004261002135e-5, -2.2049557618007048e-5
flux1:, 0.6806020066889631, 3.556849219912953e-5, -2.696951238083219e-5
flux1:, 0.6872909698996654, 4.14503700571309e-5, -3.087817181206613e-5
flux1:, 0.6939799331103678, 4.6937769104929085e-5, -3.488836120788816e-5
flux1:, 0.7006688963210701, 5.81686955932059e-5, -3.348945720953861e-5
flux1:, 0.7073578595317724, 6.672861357040514e-5, -3.882274633683305e-5
flux1:, 0.7140468227424748, 7.479102042581337e-5, -4.292006118353758e-5
flux1:, 0.7207357859531771, 8.054730811663622e-5, -4.815976470078987e-5
flux1:, 0.7274247491638794, 8.452642743885799e-5, -5.55516722561095e-5
flux1:, 0.7341137123745818, 9.665466479928279e-5, -5.763558373223758e-5
flux1:, 0.7408026755852841, 9.083164420383173e-5, -7.543414505995982e-5
flux1:, 0.7474916387959865, 9.476541426590995e-5, -1.0214362787425981e-4
flux1:, 0.7541806020066888, 1.1454301013750305e-4, -1.1843196333571951e-4
flux1:, 0.7608695652173911, 1.328826393533292e-4, -1.3341752147291808e-4
flux1:, 0.7675585284280935, 1.5159682232566878e-4, -1.5092099042096765e-4
flux1:, 0.7742474916387958, 1.704706598979315e-4, -1.7022200267019733e-4
flux1:, 0.7809364548494981, 1.8929846829054235e-4, -1.9070753562448812e-4
flux1:, 0.7876254180602005, 2.0835271679327293e-4, -2.05270120974339e-4
flux1:, 0.7943143812709028, 2.2803427081007137e-4, -2.1912538861787052e-4
flux1:, 0.8010033444816052, 2.6488083981746936e-4, -2.55702577020391e-4
flux1:, 0.8076923076923075, 2.951004863504688e-4, -2.9171332474927915e-4
flux1:, 0.8143812709030098, 3.212115936961489e-4, -3.266261729419811e-4
flux1:, 0.8210702341137122, 3.4458353109537734e-4, -3.6896338794391114e-4
flux1:, 0.8277591973244145, 3.7384778541775185e-4, -4.059228025831953e-4
flux1:, 0.8344481605351168, 3.7991745254131493e-4, -4.434937883256934e-4
flux1:, 0.8411371237458192, 3.9149766604858416e-4, -4.7361958382867664e-4
flux1:, 0.8478260869565215, 4.460045225621412e-4, -5.14989488206889e-4
flux1:, 0.8545150501672238, 5.379755532032223e-4, -5.726131221448125e-4
flux1:, 0.8612040133779262, 5.477456658740166e-4, -6.670210833081065e-4
flux1:, 0.8678929765886285, 6.117667509450021e-4, -7.571160008718651e-4
flux1:, 0.8745819397993309, 6.338716484471101e-4, -8.96864820606623e-4
flux1:, 0.8812709030100332, 6.537458874567326e-4, -0.0010166199167085748
flux1:, 0.8879598662207355, 6.854977112796496e-4, -0.0011339702937174848
flux1:, 0.8946488294314379, 6.71332704436828e-4, -0.0013001053247122063
flux1:, 0.9013377926421402, 6.553737425084066e-4, -0.0014871911843686145
flux1:, 0.9080267558528425, 6.53116879926078e-4, -0.0016353534669309798
flux1:, 0.9147157190635449, 6.834386211993542e-4, -0.0017181154593535655
flux1:, 0.9214046822742472, 7.506719461323558e-4, -0.0019144563185077136
flux1:, 0.9280936454849495, 8.01886426739444e-4, -0.002240874260926078
flux1:, 0.9347826086956519, 8.635468087706537e-4, -0.002520138890560454
flux1:, 0.9414715719063542, 9.221325932550937e-4, -0.0027199628116470276
flux1:, 0.9481605351170566, 9.491453515826958e-4, -0.002898318566104095
flux1:, 0.9548494983277589, 0.0010979255536676202, -0.0029543853629661106
flux1:, 0.9615384615384612, 0.0010579772240484138, -0.003401321343667051
flux1:, 0.9682274247491636, 0.0010141010106277087, -0.003991411200174474
flux1:, 0.9749163879598659, 0.0010909446413212259, -0.004319538708852856
flux1:, 0.9816053511705682, 0.001159350798261838, -0.004749889008212034
flux1:, 0.9882943143812706, 0.001095784541407531, -0.005430321510781968
flux1:, 0.9949832775919729, 0.001119716307167503, -0.00594406483721629
flux1:, 1.0016722408026753, 0.0013632319649504135, -0.006238671991691518
flux1:, 1.0083612040133776, 0.001493109357620568, -0.006776221080109214
flux1:, 1.01505016722408, 0.0017110165443441946, -0.007067357630230959
flux1:, 1.0217391304347823, 0.0019545056223180205, -0.007401163149557918
flux1:, 1.0284280936454846, 0.0020069268590484574, -0.008145231095949092
flux1:, 1.035117056856187, 0.002209110672456203, -0.00888118241746995
flux1:, 1.0418060200668893, 0.0026703320578969924, -0.0092780846275029
flux1:, 1.0484949832775916, 0.002977441900974335, -0.009878572581138643
flux1:, 1.055183946488294, 0.003210103745873518, -0.01056524081658081
flux1:, 1.0618729096989963, 0.0036471386801795284, -0.010938348862412886
flux1:, 1.0685618729096986, 0.004672773994897173, -0.010835914639364019
flux1:, 1.075250836120401, 0.005505739992704293, -0.010893401824790948
flux1:, 1.0819397993311033, 0.006291651500853105, -0.011465738111499531
flux1:, 1.0886287625418056, 0.00685910612379027, -0.012418123038389295
flux1:, 1.095317725752508, 0.007253620751297901, -0.013537998363684542
flux1:, 1.1020066889632103, 0.007865748470502426, -0.014225410067875796
flux1:, 1.1086956521739126, 0.008623726310714643, -0.01484087233792056
flux1:, 1.115384615384615, 0.009164796084646714, -0.015817786827478676
flux1:, 1.1220735785953173, 0.010151226743838967, -0.016827619670704615
flux1:, 1.1287625418060196, 0.01138330042857295, -0.01740208027238441
flux1:, 1.135451505016722, 0.012582802139960098, -0.01785602711811019
flux1:, 1.1421404682274243, 0.01424865876763875, -0.018042365734292926
flux1:, 1.1488294314381267, 0.01590805974986007, -0.018518335488609823
flux1:, 1.155518394648829, 0.016490626448331644, -0.019933684337793176
flux1:, 1.1622073578595313, 0.017722906160003677, -0.020966406694372875
flux1:, 1.1688963210702337, 0.019531828742625768, -0.02149401541279801
flux1:, 1.175585284280936, 0.021192760608014075, -0.022146696020539928
flux1:, 1.1822742474916383, 0.02258279934417294, -0.02239539790293411
flux1:, 1.1889632107023407, 0.02370539156394352, -0.02326903346117707
flux1:, 1.195652173913043, 0.02533201124266018, -0.023966471500799526
flux1:, 1.2023411371237454, 0.027442976461291825, -0.024033852379289258
flux1:, 1.2090301003344477, 0.030515221971129432, -0.023732775108308728
flux1:, 1.21571906354515, 0.032806619814501885, -0.02439286814375279
flux1:, 1.2224080267558524, 0.03386136255354761, -0.025485533851618603
flux1:, 1.2290969899665547, 0.03472710071472265, -0.02633865307742411
flux1:, 1.235785953177257, 0.036393863623958946, -0.02750120365969273
flux1:, 1.2424749163879594, 0.03893899772967652, -0.029003859060410607
flux1:, 1.2491638795986617, 0.04233594753181207, -0.029684595374534044
flux1:, 1.255852842809364, 0.045739107951560574, -0.030043711733373252
flux1:, 1.2625418060200664, 0.047219124622110864, -0.031246678948563405
flux1:, 1.2692307692307687, 0.04688822636071325, -0.03391993350677951
flux1:, 1.275919732441471, 0.04858043308615829, -0.03597645305308022
flux1:, 1.2826086956521734, 0.050395184275338685, -0.03701894364980551
flux1:, 1.2892976588628757, 0.050896018144405, -0.03921510300158726
flux1:, 1.295986622073578, 0.05341727875648854, -0.039888744920027884
flux1:, 1.3026755852842804, 0.056811172718057794, -0.040664736594200175
flux1:, 1.3093645484949827, 0.05972388101596815, -0.042878158348535554
flux1:, 1.316053511705685, 0.06235127227138477, -0.043314357076333465
flux1:, 1.3227424749163874, 0.06446759343043196, -0.04324092207306193
flux1:, 1.3294314381270897, 0.06715692323375738, -0.0441982122059572
flux1:, 1.336120401337792, 0.07195426546297254, -0.04580415580116712
flux1:, 1.3428093645484944, 0.07673344830111432, -0.0471368864717536
flux1:, 1.3494983277591968, 0.08018870175349636, -0.04926710712107029
flux1:, 1.356187290969899, 0.08169843685652592, -0.05228827092436406
flux1:, 1.3628762541806014, 0.0841280484207467, -0.05463734973763882
flux1:, 1.3695652173913038, 0.08785069676009825, -0.05583765760848582
flux1:, 1.376254180602006, 0.08827876733606144, -0.05899930170054577
flux1:, 1.3829431438127084, 0.08753206194883162, -0.06267766449221432
flux1:, 1.3896321070234108, 0.08697455966863872, -0.06477510133288393
flux1:, 1.3963210702341131, 0.08752876226557114, -0.06601894837694232
flux1:, 1.4030100334448155, 0.09250984279159291, -0.06585616005573934
flux1:, 1.4096989966555178, 0.09508103394270831, -0.06760477588075499
flux1:, 1.4163879598662201, 0.09530313641363533, -0.06942339640837998
flux1:, 1.4230769230769225, 0.09830238046760098, -0.06943323606530356
flux1:, 1.4297658862876248, 0.10234545117499033, -0.07042002742023053
flux1:, 1.4364548494983271, 0.10248969856588573, -0.0740388034891145
flux1:, 1.4431438127090295, 0.10118555941870182, -0.07650174982601249
flux1:, 1.4498327759197318, 0.10284975392169574, -0.07576023451960806
flux1:, 1.4565217391304341, 0.10362354301981944, -0.07679348920146174
flux1:, 1.4632107023411365, 0.10537660672834386, -0.07830364334104722
flux1:, 1.4698996655518388, 0.10632090221554012, -0.07694566559237566
flux1:, 1.4765886287625412, 0.10772525203517347, -0.07690302624596534
flux1:, 1.4832775919732435, 0.10744806798844647, -0.07807885004468985
flux1:, 1.4899665551839458, 0.10547208946278326, -0.0832358056071725
flux1:, 1.4966555183946482, 0.1053384008336963, -0.08631048440378167
flux1:, 1.5033444816053505, 0.10888384062348577, -0.08601787833587084
flux1:, 1.5100334448160528, 0.11097174104981809, -0.08593368521763577
flux1:, 1.5167224080267552, 0.11467485531587016, -0.08478140399806687
flux1:, 1.5234113712374575, 0.11845079111830603, -0.08584892052828683
flux1:, 1.5301003344481598, 0.11815115069760457, -0.08793645009085445
flux1:, 1.5367892976588622, 0.11550340446583708, -0.08852105888577033
flux1:, 1.5434782608695645, 0.11440399181401895, -0.08930391432415338
flux1:, 1.5501672240802669, 0.11228604860654004, -0.0918594510423438
flux1:, 1.5568561872909692, 0.11071525970233848, -0.09223614514372121
flux1:, 1.5635451505016715, 0.1121216710871031, -0.09113345098622942
flux1:, 1.5702341137123739, 0.1135601274759048, -0.09087986705881185
flux1:, 1.5769230769230762, 0.1146754584607037, -0.09350367513130309
flux1:, 1.5836120401337785, 0.11154435900060951, -0.09928958849449633
flux1:, 1.5903010033444809, 0.10499907405262078, -0.10583684384906729
flux1:, 1.5969899665551832, 0.10125356354999779, -0.10611617978007835
flux1:, 1.6036789297658856, 0.09891119574705326, -0.10490618171705317
flux1:, 1.610367892976588, 0.09590493255453014, -0.10694196244447404
flux1:, 1.6170568561872902, 0.09167764272497635, -0.10964023173051603
flux1:, 1.6237458193979926, 0.08925075661912812, -0.11066634788601427
flux1:, 1.630434782608695, 0.08621669448956579, -0.11131442262975441
flux1:, 1.6371237458193972, 0.08036585404389077, -0.11449663076471472
flux1:, 1.6438127090300996, 0.07492043367939644, -0.11776843359492428
flux1:, 1.650501672240802, 0.07310687075959094, -0.11826173313326158
flux1:, 1.6571906354515042, 0.069515121882503, -0.11947186282079937
flux1:, 1.6638795986622066, 0.06583482215058958, -0.12134632642687662
flux1:, 1.670568561872909, 0.0629383528593669, -0.1217879462700037
flux1:, 1.6772575250836113, 0.05930349558599702, -0.12323562275916607
flux1:, 1.6839464882943136, 0.05385507155438492, -0.12460003454628713
flux1:, 1.690635451505016, 0.05040864007727068, -0.12679148684750338
flux1:, 1.6973244147157183, 0.04831197898286322, -0.12758007907858482
flux1:, 1.7040133779264206, 0.044113741831484254, -0.1272064954587735
flux1:, 1.710702341137123, 0.039478853716480904, -0.12642535877990402
flux1:, 1.7173913043478253, 0.03427556517554645, -0.128172327553644
flux1:, 1.7240802675585276, 0.029185400403516054, -0.13091283107827326
flux1:, 1.73076923076923, 0.02727259361270907, -0.13018236183645018
flux1:, 1.7374581939799323, 0.026044911392665137, -0.12654736116640586
flux1:, 1.7441471571906346, 0.02362889339867655, -0.12329069359749772
flux1:, 1.750836120401337, 0.020752706462133088, -0.12178072557508333
flux1:, 1.7575250836120393, 0.020771031452536923, -0.1187107918368051
flux1:, 1.7642140468227416, 0.020222805853050654, -0.11642775497799322
flux1:, 1.770903010033444, 0.01877958621110502, -0.1156552161849691
flux1:, 1.7775919732441463, 0.01717442825887593, -0.11332314094523685
flux1:, 1.7842809364548486, 0.01624992029606113, -0.11016511235395564
flux1:, 1.790969899665551, 0.016395437444460714, -0.10617261976222518
flux1:, 1.7976588628762533, 0.016929509561675382, -0.10216238893368909
flux1:, 1.8043478260869557, 0.017445696345018493, -0.09713718365701916
flux1:, 1.811036789297658, 0.018332183417893253, -0.09229476857928869
flux1:, 1.8177257525083603, 0.02002689757638397, -0.08750990290023969
flux1:, 1.8244147157190627, 0.02094023706548953, -0.08380770733661358
flux1:, 1.831103678929765, 0.020832700035908053, -0.08178337366173205
flux1:, 1.8377926421404673, 0.020766059774166054, -0.07920738982117452
flux1:, 1.8444816053511697, 0.02126734633092429, -0.07477946114545861
flux1:, 1.851170568561872, 0.02193537655574307, -0.06975373606804333
flux1:, 1.8578595317725743, 0.022426840163051128, -0.06521130800672623
flux1:, 1.8645484949832767, 0.022939303034103686, -0.06207255780801322
flux1:, 1.871237458193979, 0.023207024538172003, -0.057680099507581385
flux1:, 1.8779264214046814, 0.023442281771393906, -0.053662833214129776
flux1:, 1.8846153846153837, 0.023670749424879737, -0.0504561660414551
flux1:, 1.891304347826086, 0.024017589082124136, -0.047552063347900915
flux1:, 1.8979933110367884, 0.023841881848277326, -0.04489920570568207
flux1:, 1.9046822742474907, 0.023524324056123994, -0.04220003332848661
flux1:, 1.911371237458193, 0.02297700908648893, -0.039288392674570315
flux1:, 1.9180602006688954, 0.022726535813598736, -0.036583925504769896
flux1:, 1.9247491638795977, 0.02243888629516904, -0.033944976686125554
flux1:, 1.9314381270903, 0.02171860152324286, -0.03194462718056904
flux1:, 1.9381270903010024, 0.02098994996807747, -0.03011310274967753
flux1:, 1.9448160535117047, 0.02026996598209795, -0.02872969936869196
flux1:, 1.951505016722407, 0.019805248565436685, -0.026369824835094282
flux1:, 1.9581939799331094, 0.019434530912498242, -0.024008602520195075
flux1:, 1.9648829431438117, 0.01877161641731333, -0.022418790728495123
flux1:, 1.971571906354514, 0.0179670945230811, -0.021163564680058686
flux1:, 1.9782608695652164, 0.017228616826829114, -0.019769947487986834
flux1:, 1.9849498327759187, 0.01646220879640289, -0.018257435574841323
flux1:, 1.991638795986621, 0.016105458007192104, -0.01686935923283885
flux1:, 1.9983277591973234, 0.01572304373036822, -0.015448261437724556
flux1:, 2.0050167224080258, 0.014883115669755125, -0.014679017189734142
flux1:, 2.011705685618728, 0.014176181150439329, -0.013605241772857646
flux1:, 2.0183946488294304, 0.013361212151201448, -0.012609723912128501
flux1:, 2.0250836120401328, 0.012500360386237142, -0.012000481228207197
flux1:, 2.031772575250835, 0.011847647487687046, -0.011446420762152288
flux1:, 2.0384615384615374, 0.01125072369809137, -0.010710102812741332
flux1:, 2.0451505016722398, 0.010573763184928775, -0.009991720728785096
flux1:, 2.051839464882942, 0.009911043018772913, -0.009315198633525595
flux1:, 2.0585284280936444, 0.009305661669047213, -0.008855695690951884
flux1:, 2.065217391304347, 0.008668985152529706, -0.008208370039097376
flux1:, 2.071906354515049, 0.008026479797448659, -0.0077772072226399425
flux1:, 2.0785953177257515, 0.007507797191301007, -0.007292952376549199
flux1:, 2.085284280936454, 0.00701106172998712, -0.006799335982179081
flux1:, 2.091973244147156, 0.006574119147650242, -0.006263382768333978
flux1:, 2.0986622073578585, 0.0061696279684113784, -0.005833048587671917
flux1:, 2.105351170568561, 0.005733667882185291, -0.005467534112247497
flux1:, 2.112040133779263, 0.0053029595540633, -0.005065404662816971
flux1:, 2.1187290969899655, 0.004898954250324006, -0.004734547610302307
flux1:, 2.125418060200668, 0.0045659073597661805, -0.004361890526748548
flux1:, 2.13210702341137, 0.004209076990831034, -0.004105790868217225
flux1:, 2.1387959866220725, 0.003854756723362593, -0.003793275390273316
flux1:, 2.145484949832775, 0.0035612620637677497, -0.003457973335577902
flux1:, 2.152173913043477, 0.003283002509646994, -0.0032130793016638738
flux1:, 2.1588628762541795, 0.003007894575230785, -0.002976737757361998
flux1:, 2.165551839464882, 0.002745643738773978, -0.002793462663231333
flux1:, 2.172240802675584, 0.002490548073584682, -0.0026144948315406195
flux1:, 2.1789297658862865, 0.0022668261588219677, -0.002459623901691877
flux1:, 2.185618729096989, 0.0020316348976484487, -0.0023325279193411913
flux1:, 2.192307692307691, 0.0018185952997701994, -0.0021741453426331846
flux1:, 2.1989966555183935, 0.0016317020076452617, -0.0020023811189259044
flux1:, 2.205685618729096, 0.0014600790917530175, -0.00186720846593758
flux1:, 2.212374581939798, 0.001306183630817849, -0.0017545726596583763
flux1:, 2.2190635451505005, 0.0011577413360959608, -0.0016367940640677648
flux1:, 2.225752508361203, 0.001018868809332728, -0.0015390219740349575
flux1:, 2.232441471571905, 9.069041174371857e-4, -0.0014350127715665366
flux1:, 2.2391304347826075, 7.92989642441601e-4, -0.0013648268868529864
flux1:, 2.24581939799331, 6.888878640450614e-4, -0.0012678769303327256
flux1:, 2.252508361204012, 5.917475232699871e-4, -0.001155658613080022
flux1:, 2.2591973244147145, 4.999807235324782e-4, -0.0010838167971101158
flux1:, 2.265886287625417, 4.240914861183535e-4, -0.0010128779368770108
flux1:, 2.272575250836119, 3.6203975581450336e-4, -9.374189255879382e-4
flux1:, 2.2792642140468216, 3.019177359996029e-4, -8.741821811382566e-4
flux1:, 2.285953177257524, 2.4713533274298735e-4, -8.224181638329409e-4
flux1:, 2.2926421404682262, 1.940517566739433e-4, -7.856673085575362e-4
flux1:, 2.2993311036789286, 1.5159113134802454e-4, -7.455264040526189e-4
flux1:, 2.306020066889631, 1.194206888001043e-4, -6.899193524035677e-4
flux1:, 2.3127090301003332, 9.316821300050257e-5, -6.340413925848366e-4
flux1:, 2.3193979933110356, 7.116587672853447e-5, -5.833919101856192e-4
flux1:, 2.326086956521738, 5.583293386451393e-5, -5.312411133710121e-4
flux1:, 2.3327759197324403, 4.388579751212957e-5, -4.8686198970029237e-4
flux1:, 2.3394648829431426, 3.610590225727744e-5, -4.3824367904243133e-4
flux1:, 2.346153846153845, 3.050809162989769e-5, -3.946307327400695e-4
flux1:, 2.3528428093645473, 2.8236870613233086e-5, -3.54034399725065e-4
flux1:, 2.3595317725752496, 2.8639884027004155e-5, -3.1890079639204877e-4
flux1:, 2.366220735785952, 2.9726122005830724e-5, -2.8586684689251604e-4
flux1:, 2.3729096989966543, 3.197965259726883e-5, -2.517772627868514e-4
flux1:, 2.3795986622073566, 3.4767061060325654e-5, -2.1916942998317896e-4
flux1:, 2.386287625418059, 3.592817788157923e-5, -1.91197150316948e-4
flux1:, 2.3929765886287613, 3.6998704628508137e-5, -1.6669483744757572e-4
flux1:, 2.3996655518394636, 3.810934610958357e-5, -1.4414950658728505e-4
flux1:, 2.406354515050166, 3.840164094943721e-5, -1.2501248537355255e-4
flux1:, 2.4130434782608683, 3.893041943673627e-5, -1.0732478680851895e-4
flux1:, 2.4197324414715706, 3.8318119573052484e-5, -9.274306066934049e-5
flux1:, 2.426421404682273, 3.6883394485392295e-5, -8.008199171902245e-5
flux1:, 2.4331103678929753, 3.515550775724056e-5, -6.910814231764992e-5
flux1:, 2.4397993311036776, 3.333347128364913e-5, -5.972715560250706e-5
flux1:, 2.44648829431438, 3.142805926507217e-5, -5.134390189170382e-5
flux1:, 2.4531772575250823, 2.9192681621674272e-5, -4.4311091729206645e-5
flux1:, 2.4598662207357846, 2.7025869808984258e-5, -3.803977733530601e-5
flux1:, 2.466555183946487, 2.5031781667140335e-5, -3.2450770895071285e-5
flux1:, 2.4732441471571893, 2.3109349078551406e-5, -2.7956824483940056e-5
flux1:, 2.4799331103678917, 2.0892245483208264e-5, -2.422298263995362e-5
flux1:, 2.486622073578594, 1.880971717521576e-5, -2.0967108811620725e-5
flux1:, 2.4933110367892963, 1.7076779359795088e-5, -1.8142890608418597e-5
flux1:, 2.4999999999999987, 1.5429023616170184e-5, -1.5809249757992798e-5

Elapsed run time = 2157.01 s
