command-line param: no-struct=false
command-line param: no-holes=false
command-line param: time=150
-----------
Initializing structure...
Working in 3D dimensions.
Computational cell is 4 x 4 x 5 with resolution 10
     block, center = (0,0,0)
          size (1e+20,1e+20,0.15)
          axes (1,0,0), (0,1,0), (0,0,1)
          dielectric constant epsilon diagonal = (12,12,12)
     cylinder, center = (0.942,0.25,0)
          radius 0.26, height 0.15, axis (0, 0, 1)
          dielectric constant epsilon diagonal = (1,1,1)
     cylinder, center = (0.073,0.259,0)
          radius 0.144, height 0.15, axis (0, 0, 1)
          dielectric constant epsilon diagonal = (1,1,1)
     cylinder, center = (3.909,3.747,0)
          radius 0.194, height 0.15, axis (0, 0, 1)
          dielectric constant epsilon diagonal = (1,1,1)
     cylinder, center = (1.13,3.685,0)
          radius 0.25, height 0.15, axis (0, 0, 1)
          dielectric constant epsilon diagonal = (1,1,1)
     cylinder, center = (1.533,2.332,0)
          radius 0.241, height 0.15, axis (0, 0, 1)
          dielectric constant epsilon diagonal = (1,1,1)
     cylinder, center = (3.734,1.164,0)
          radius 0.19, height 0.15, axis (0, 0, 1)
          dielectric constant epsilon diagonal = (1,1,1)
     cylinder, center = (0.287,2.548,0)
          radius 0.145, height 0.15, axis (0, 0, 1)
          dielectric constant epsilon diagonal = (1,1,1)
     cylinder, center = (2.764,3.691,0)
          radius 0.298, height 0.15, axis (0, 0, 1)
          dielectric constant epsilon diagonal = (1,1,1)
     cylinder, center = (2.493,1.289,0)
          radius 0.292, height 0.15, axis (0, 0, 1)
          dielectric constant epsilon diagonal = (1,1,1)
     cylinder, center = (0.827,1.934,0)
          radius 0.205, height 0.15, axis (0, 0, 1)
          dielectric constant epsilon diagonal = (1,1,1)
     cylinder, center = (0.666,1.518,0)
          radius 0.217, height 0.15, axis (0, 0, 1)
          dielectric constant epsilon diagonal = (1,1,1)
     cylinder, center = (2.371,3.221,0)
          radius 0.177, height 0.15, axis (0, 0, 1)
          dielectric constant epsilon diagonal = (1,1,1)
     cylinder, center = (0.213,3.951,0)
          radius 0.11, height 0.15, axis (0, 0, 1)
          dielectric constant epsilon diagonal = (1,1,1)
     cylinder, center = (0.641,2.303,0)
          radius 0.155, height 0.15, axis (0, 0, 1)
          dielectric constant epsilon diagonal = (1,1,1)
     cylinder, center = (1.928,0.331,0)
          radius 0.178, height 0.15, axis (0, 0, 1)
          dielectric constant epsilon diagonal = (1,1,1)
     cylinder, center = (2.218,2.394,0)
          radius 0.281, height 0.15, axis (0, 0, 1)
          dielectric constant epsilon diagonal = (1,1,1)
     cylinder, center = (1.944,1,0)
          radius 0.221, height 0.15, axis (0, 0, 1)
          dielectric constant epsilon diagonal = (1,1,1)
     cylinder, center = (3.409,3.271,0)
          radius 0.223, height 0.15, axis (0, 0, 1)
          dielectric constant epsilon diagonal = (1,1,1)
     cylinder, center = (0.957,1.11,0)
          radius 0.266, height 0.15, axis (0, 0, 1)
          dielectric constant epsilon diagonal = (1,1,1)
     cylinder, center = (3.356,0.939,0)
          radius 0.235, height 0.15, axis (0, 0, 1)
          dielectric constant epsilon diagonal = (1,1,1)
     cylinder, center = (3.187,2.634,0)
          radius 0.19, height 0.15, axis (0, 0, 1)
          dielectric constant epsilon diagonal = (1,1,1)
     cylinder, center = (3.044,1.196,0)
          radius 0.158, height 0.15, axis (0, 0, 1)
          dielectric constant epsilon diagonal = (1,1,1)
     cylinder, center = (2.272,1.846,0)
          radius 0.262, height 0.15, axis (0, 0, 1)
          dielectric constant epsilon diagonal = (1,1,1)
     cylinder, center = (1.798,1.611,0)
          radius 0.209, height 0.15, axis (0, 0, 1)
          dielectric constant epsilon diagonal = (1,1,1)
     cylinder, center = (3.99,3.186,0)
          radius 0.147, height 0.15, axis (0, 0, 1)
          dielectric constant epsilon diagonal = (1,1,1)
     cylinder, center = (3.713,0.483,0)
          radius 0.226, height 0.15, axis (0, 0, 1)
          dielectric constant epsilon diagonal = (1,1,1)
     cylinder, center = (0.493,0.051,0)
          radius 0.181, height 0.15, axis (0, 0, 1)
          dielectric constant epsilon diagonal = (1,1,1)
     cylinder, center = (1.718,3.881,0)
          radius 0.166, height 0.15, axis (0, 0, 1)
          dielectric constant epsilon diagonal = (1,1,1)
     cylinder, center = (3.589,1.605,0)
          radius 0.209, height 0.15, axis (0, 0, 1)
          dielectric constant epsilon diagonal = (1,1,1)
     cylinder, center = (0.302,1.859,0)
          radius 0.086, height 0.15, axis (0, 0, 1)
          dielectric constant epsilon diagonal = (1,1,1)
     cylinder, center = (1.969,3.224,0)
          radius 0.175, height 0.15, axis (0, 0, 1)
          dielectric constant epsilon diagonal = (1,1,1)
     cylinder, center = (0.412,3.226,0)
          radius 0.166, height 0.15, axis (0, 0, 1)
          dielectric constant epsilon diagonal = (1,1,1)
     cylinder, center = (1.189,2.707,0)
          radius 0.122, height 0.15, axis (0, 0, 1)
          dielectric constant epsilon diagonal = (1,1,1)
     cylinder, center = (2.806,0.571,0)
          radius 0.138, height 0.15, axis (0, 0, 1)
          dielectric constant epsilon diagonal = (1,1,1)
     cylinder, center = (3.85,2.192,0)
          radius 0.195, height 0.15, axis (0, 0, 1)
          dielectric constant epsilon diagonal = (1,1,1)
     cylinder, center = (2.656,1.701,0)
          radius 0.132, height 0.15, axis (0, 0, 1)
          dielectric constant epsilon diagonal = (1,1,1)
     cylinder, center = (3.816,2.563,0)
          radius 0.144, height 0.15, axis (0, 0, 1)
          dielectric constant epsilon diagonal = (1,1,1)
     cylinder, center = (3.454,3.797,0)
          radius 0.134, height 0.15, axis (0, 0, 1)
          dielectric constant epsilon diagonal = (1,1,1)
     cylinder, center = (0.75,3.214,0)
          radius 0.16, height 0.15, axis (0, 0, 1)
          dielectric constant epsilon diagonal = (1,1,1)
time for set_epsilon = 1.01028 s
time for set_conductivity = 0.0113919 s
time for set_conductivity = 0.0114009 s
time for set_conductivity = 0.011575 s
-----------
Meep progress: 68.2/150.0 = 45.5% done in 4.0s, 4.8s to go
on time step 1364 (time=68.2), 0.00293285 s/step
Meep progress: 143.95000000000002/150.0 = 96.0% done in 8.0s, 0.3s to go
on time step 2879 (time=143.95), 0.00264032 s/step
run 0 finished at t = 150.0 (3000 timesteps)
flux1:, 0.5, 7.333675602914099e-7, -6.226123451589191e-7
flux1:, 0.7857142857142857, 2.2742661860217266e-4, -1.779016991542641e-4
flux1:, 1.0714285714285714, 0.008494572761334819, -0.008807922633294746
flux1:, 1.3571428571428572, 0.1252485491799825, -0.02883289537703608
flux1:, 1.6428571428571428, 0.21146138400125314, -0.04064060090333584
flux1:, 1.9285714285714284, 0.06209146203629096, -0.012279249475345878
flux1:, 2.214285714285714, 0.003543063313175051, -7.27065184030115e-4
flux1:, 2.4999999999999996, 4.2232137077219386e-5, -7.296588075513192e-6

Elapsed run time = 10.0292 s
