--------------------------------------------------------------------------
[[9321,1],0]: A high-performance Open MPI point-to-point messaging module
was unable to find any relevant network interfaces:

Module: OpenFabrics (openib)
  Host: euca-128-84-11-54

Another transport will be used instead, although this may result in
lower performance.
--------------------------------------------------------------------------
Using MPI version 3.0, 2 processes
command-line param: no-struct=false
command-line param: no-holes=false
command-line param: rodpos=".1/rodpos.txt"
-----------
Initializing structure...
Working in 3D dimensions.
Computational cell is 4 x 4 x 5 with resolution 40
     block, center = (0,0,0)
          size (1e+20,1e+20,0.15)
          axes (1,0,0), (0,1,0), (0,0,1)
          dielectric constant epsilon diagonal = (12,12,12)
     cylinder, center = (0.611,2.021,0)
          radius 0.1, height 0.15, axis (0, 0, 1)
          dielectric constant epsilon diagonal = (1,1,1)
     cylinder, center = (1.134,3.776,0)
          radius 0.1, height 0.15, axis (0, 0, 1)
          dielectric constant epsilon diagonal = (1,1,1)
     cylinder, center = (2.6,3.483,0)
          radius 0.1, height 0.15, axis (0, 0, 1)
          dielectric constant epsilon diagonal = (1,1,1)
     cylinder, center = (3.318,0.128,0)
          radius 0.1, height 0.15, axis (0, 0, 1)
          dielectric constant epsilon diagonal = (1,1,1)
     cylinder, center = (1.23,0.254,0)
          radius 0.1, height 0.15, axis (0, 0, 1)
          dielectric constant epsilon diagonal = (1,1,1)
     cylinder, center = (3.259,3.218,0)
          radius 0.1, height 0.15, axis (0, 0, 1)
          dielectric constant epsilon diagonal = (1,1,1)
     cylinder, center = (3.511,0.706,0)
          radius 0.1, height 0.15, axis (0, 0, 1)
          dielectric constant epsilon diagonal = (1,1,1)
     cylinder, center = (2.09,0.076,0)
          radius 0.1, height 0.15, axis (0, 0, 1)
          dielectric constant epsilon diagonal = (1,1,1)
     cylinder, center = (3.258,0.78,0)
          radius 0.1, height 0.15, axis (0, 0, 1)
          dielectric constant epsilon diagonal = (1,1,1)
     cylinder, center = (0.254,3.927,0)
          radius 0.1, height 0.15, axis (0, 0, 1)
          dielectric constant epsilon diagonal = (1,1,1)
     cylinder, center = (1.653,2.293,0)
          radius 0.1, height 0.15, axis (0, 0, 1)
          dielectric constant epsilon diagonal = (1,1,1)
     cylinder, center = (3.511,0.368,0)
          radius 0.1, height 0.15, axis (0, 0, 1)
          dielectric constant epsilon diagonal = (1,1,1)
     cylinder, center = (3.719,3.584,0)
          radius 0.1, height 0.15, axis (0, 0, 1)
          dielectric constant epsilon diagonal = (1,1,1)
     cylinder, center = (1.459,1.926,0)
          radius 0.1, height 0.15, axis (0, 0, 1)
          dielectric constant epsilon diagonal = (1,1,1)
     cylinder, center = (0.86,2.322,0)
          radius 0.1, height 0.15, axis (0, 0, 1)
          dielectric constant epsilon diagonal = (1,1,1)
     cylinder, center = (2.008,2.303,0)
          radius 0.1, height 0.15, axis (0, 0, 1)
          dielectric constant epsilon diagonal = (1,1,1)
     cylinder, center = (2.103,1.298,0)
          radius 0.1, height 0.15, axis (0, 0, 1)
          dielectric constant epsilon diagonal = (1,1,1)
     cylinder, center = (1.435,3.919,0)
          radius 0.1, height 0.15, axis (0, 0, 1)
          dielectric constant epsilon diagonal = (1,1,1)
     cylinder, center = (2.306,3.023,0)
          radius 0.1, height 0.15, axis (0, 0, 1)
          dielectric constant epsilon diagonal = (1,1,1)
     cylinder, center = (1.141,0.074,0)
          radius 0.1, height 0.15, axis (0, 0, 1)
          dielectric constant epsilon diagonal = (1,1,1)
     cylinder, center = (0.317,1.752,0)
          radius 0.1, height 0.15, axis (0, 0, 1)
          dielectric constant epsilon diagonal = (1,1,1)
     cylinder, center = (1.394,3.134,0)
          radius 0.1, height 0.15, axis (0, 0, 1)
          dielectric constant epsilon diagonal = (1,1,1)
     cylinder, center = (1.516,1.682,0)
          radius 0.1, height 0.15, axis (0, 0, 1)
          dielectric constant epsilon diagonal = (1,1,1)
     cylinder, center = (2.805,1.925,0)
          radius 0.1, height 0.15, axis (0, 0, 1)
          dielectric constant epsilon diagonal = (1,1,1)
     cylinder, center = (0.905,1.001,0)
          radius 0.1, height 0.15, axis (0, 0, 1)
          dielectric constant epsilon diagonal = (1,1,1)
     cylinder, center = (2.525,0.949,0)
          radius 0.1, height 0.15, axis (0, 0, 1)
          dielectric constant epsilon diagonal = (1,1,1)
     cylinder, center = (2.287,3.647,0)
          radius 0.1, height 0.15, axis (0, 0, 1)
          dielectric constant epsilon diagonal = (1,1,1)
     cylinder, center = (1.885,1.732,0)
          radius 0.1, height 0.15, axis (0, 0, 1)
          dielectric constant epsilon diagonal = (1,1,1)
     cylinder, center = (2.262,0.303,0)
          radius 0.1, height 0.15, axis (0, 0, 1)
          dielectric constant epsilon diagonal = (1,1,1)
     cylinder, center = (0.949,0.804,0)
          radius 0.1, height 0.15, axis (0, 0, 1)
          dielectric constant epsilon diagonal = (1,1,1)
     cylinder, center = (2.898,1.213,0)
          radius 0.1, height 0.15, axis (0, 0, 1)
          dielectric constant epsilon diagonal = (1,1,1)
     cylinder, center = (0.603,0.012,0)
          radius 0.1, height 0.15, axis (0, 0, 1)
          dielectric constant epsilon diagonal = (1,1,1)
     cylinder, center = (2.594,0.084,0)
          radius 0.1, height 0.15, axis (0, 0, 1)
          dielectric constant epsilon diagonal = (1,1,1)
     cylinder, center = (0.147,0.273,0)
          radius 0.1, height 0.15, axis (0, 0, 1)
          dielectric constant epsilon diagonal = (1,1,1)
     cylinder, center = (0.388,0.361,0)
          radius 0.1, height 0.15, axis (0, 0, 1)
          dielectric constant epsilon diagonal = (1,1,1)
     cylinder, center = (1.779,0.578,0)
          radius 0.1, height 0.15, axis (0, 0, 1)
          dielectric constant epsilon diagonal = (1,1,1)
     cylinder, center = (2.447,1.831,0)
          radius 0.1, height 0.15, axis (0, 0, 1)
          dielectric constant epsilon diagonal = (1,1,1)
     cylinder, center = (2.879,3.261,0)
          radius 0.1, height 0.15, axis (0, 0, 1)
          dielectric constant epsilon diagonal = (1,1,1)
     cylinder, center = (2.781,3.843,0)
          radius 0.1, height 0.15, axis (0, 0, 1)
          dielectric constant epsilon diagonal = (1,1,1)
     cylinder, center = (0.904,3.703,0)
          radius 0.1, height 0.15, axis (0, 0, 1)
          dielectric constant epsilon diagonal = (1,1,1)
     cylinder, center = (1.663,1.103,0)
          radius 0.1, height 0.15, axis (0, 0, 1)
          dielectric constant epsilon diagonal = (1,1,1)
     cylinder, center = (2.672,0.376,0)
          radius 0.1, height 0.15, axis (0, 0, 1)
          dielectric constant epsilon diagonal = (1,1,1)
     cylinder, center = (0.544,2.349,0)
          radius 0.1, height 0.15, axis (0, 0, 1)
          dielectric constant epsilon diagonal = (1,1,1)
     cylinder, center = (2.166,2.433,0)
          radius 0.1, height 0.15, axis (0, 0, 1)
          dielectric constant epsilon diagonal = (1,1,1)
     cylinder, center = (3.884,0.069,0)
          radius 0.1, height 0.15, axis (0, 0, 1)
          dielectric constant epsilon diagonal = (1,1,1)
     cylinder, center = (3.93,3.466,0)
          radius 0.1, height 0.15, axis (0, 0, 1)
          dielectric constant epsilon diagonal = (1,1,1)
     cylinder, center = (1.629,2.742,0)
          radius 0.1, height 0.15, axis (0, 0, 1)
          dielectric constant epsilon diagonal = (1,1,1)
     cylinder, center = (0.375,1.482,0)
          radius 0.1, height 0.15, axis (0, 0, 1)
          dielectric constant epsilon diagonal = (1,1,1)
     cylinder, center = (0.151,1.529,0)
          radius 0.1, height 0.15, axis (0, 0, 1)
          dielectric constant epsilon diagonal = (1,1,1)
     cylinder, center = (0.194,3.123,0)
          radius 0.1, height 0.15, axis (0, 0, 1)
          dielectric constant epsilon diagonal = (1,1,1)
     cylinder, center = (2.987,2.491,0)
          radius 0.1, height 0.15, axis (0, 0, 1)
          dielectric constant epsilon diagonal = (1,1,1)
     cylinder, center = (1.788,0.342,0)
          radius 0.1, height 0.15, axis (0, 0, 1)
          dielectric constant epsilon diagonal = (1,1,1)
     cylinder, center = (3.682,0.861,0)
          radius 0.1, height 0.15, axis (0, 0, 1)
          dielectric constant epsilon diagonal = (1,1,1)
     cylinder, center = (0.645,1.124,0)
          radius 0.1, height 0.15, axis (0, 0, 1)
          dielectric constant epsilon diagonal = (1,1,1)
     cylinder, center = (3.076,0.288,0)
          radius 0.1, height 0.15, axis (0, 0, 1)
          dielectric constant epsilon diagonal = (1,1,1)
     cylinder, center = (2.906,0.051,0)
          radius 0.1, height 0.15, axis (0, 0, 1)
          dielectric constant epsilon diagonal = (1,1,1)
     cylinder, center = (1.058,1.195,0)
          radius 0.1, height 0.15, axis (0, 0, 1)
          dielectric constant epsilon diagonal = (1,1,1)
     cylinder, center = (2.835,1.521,0)
          radius 0.1, height 0.15, axis (0, 0, 1)
          dielectric constant epsilon diagonal = (1,1,1)
     cylinder, center = (3.092,1.728,0)
          radius 0.1, height 0.15, axis (0, 0, 1)
          dielectric constant epsilon diagonal = (1,1,1)
     cylinder, center = (3.399,2.742,0)
          radius 0.1, height 0.15, axis (0, 0, 1)
          dielectric constant epsilon diagonal = (1,1,1)
     cylinder, center = (0.21,1.201,0)
          radius 0.1, height 0.15, axis (0, 0, 1)
          dielectric constant epsilon diagonal = (1,1,1)
     cylinder, center = (0.341,0.89,0)
          radius 0.1, height 0.15, axis (0, 0, 1)
          dielectric constant epsilon diagonal = (1,1,1)
     cylinder, center = (1.572,0.833,0)
          radius 0.1, height 0.15, axis (0, 0, 1)
          dielectric constant epsilon diagonal = (1,1,1)
     cylinder, center = (2.645,0.633,0)
          radius 0.1, height 0.15, axis (0, 0, 1)
          dielectric constant epsilon diagonal = (1,1,1)
     cylinder, center = (1.907,1.519,0)
          radius 0.1, height 0.15, axis (0, 0, 1)
          dielectric constant epsilon diagonal = (1,1,1)
     cylinder, center = (1.972,3.548,0)
          radius 0.1, height 0.15, axis (0, 0, 1)
          dielectric constant epsilon diagonal = (1,1,1)
     cylinder, center = (1.633,3.737,0)
          radius 0.1, height 0.15, axis (0, 0, 1)
          dielectric constant epsilon diagonal = (1,1,1)
     cylinder, center = (2.539,3.164,0)
          radius 0.1, height 0.15, axis (0, 0, 1)
          dielectric constant epsilon diagonal = (1,1,1)
     cylinder, center = (0.991,0.501,0)
          radius 0.1, height 0.15, axis (0, 0, 1)
          dielectric constant epsilon diagonal = (1,1,1)
     cylinder, center = (1.216,2.984,0)
          radius 0.1, height 0.15, axis (0, 0, 1)
          dielectric constant epsilon diagonal = (1,1,1)
     cylinder, center = (2.625,1.734,0)
          radius 0.1, height 0.15, axis (0, 0, 1)
          dielectric constant epsilon diagonal = (1,1,1)
     cylinder, center = (2.72,2.382,0)
          radius 0.1, height 0.15, axis (0, 0, 1)
          dielectric constant epsilon diagonal = (1,1,1)
     cylinder, center = (0.835,2.658,0)
          radius 0.1, height 0.15, axis (0, 0, 1)
          dielectric constant epsilon diagonal = (1,1,1)
     cylinder, center = (2.186,2.639,0)
          radius 0.1, height 0.15, axis (0, 0, 1)
          dielectric constant epsilon diagonal = (1,1,1)
     cylinder, center = (2.921,0.976,0)
          radius 0.1, height 0.15, axis (0, 0, 1)
          dielectric constant epsilon diagonal = (1,1,1)
     cylinder, center = (0.467,3.318,0)
          radius 0.1, height 0.15, axis (0, 0, 1)
          dielectric constant epsilon diagonal = (1,1,1)
     cylinder, center = (1.462,1.341,0)
          radius 0.1, height 0.15, axis (0, 0, 1)
          dielectric constant epsilon diagonal = (1,1,1)
     cylinder, center = (0.411,1.997,0)
          radius 0.1, height 0.15, axis (0, 0, 1)
          dielectric constant epsilon diagonal = (1,1,1)
     cylinder, center = (1.293,2.173,0)
          radius 0.1, height 0.15, axis (0, 0, 1)
          dielectric constant epsilon diagonal = (1,1,1)
     cylinder, center = (3.734,3.377,0)
          radius 0.1, height 0.15, axis (0, 0, 1)
          dielectric constant epsilon diagonal = (1,1,1)
     cylinder, center = (3.613,2.56,0)
          radius 0.1, height 0.15, axis (0, 0, 1)
          dielectric constant epsilon diagonal = (1,1,1)
     cylinder, center = (1.496,2.558,0)
          radius 0.1, height 0.15, axis (0, 0, 1)
          dielectric constant epsilon diagonal = (1,1,1)
     cylinder, center = (0.757,3.917,0)
          radius 0.1, height 0.15, axis (0, 0, 1)
          dielectric constant epsilon diagonal = (1,1,1)
     cylinder, center = (1.752,2.496,0)
          radius 0.1, height 0.15, axis (0, 0, 1)
          dielectric constant epsilon diagonal = (1,1,1)
     cylinder, center = (3.332,2.023,0)
          radius 0.1, height 0.15, axis (0, 0, 1)
          dielectric constant epsilon diagonal = (1,1,1)
     cylinder, center = (0.188,2.28,0)
          radius 0.1, height 0.15, axis (0, 0, 1)
          dielectric constant epsilon diagonal = (1,1,1)
     cylinder, center = (1.878,3.272,0)
          radius 0.1, height 0.15, axis (0, 0, 1)
          dielectric constant epsilon diagonal = (1,1,1)
     cylinder, center = (3.278,0.56,0)
          radius 0.1, height 0.15, axis (0, 0, 1)
          dielectric constant epsilon diagonal = (1,1,1)
     cylinder, center = (0.941,3.006,0)
          radius 0.1, height 0.15, axis (0, 0, 1)
          dielectric constant epsilon diagonal = (1,1,1)
     cylinder, center = (1.501,3.31,0)
          radius 0.1, height 0.15, axis (0, 0, 1)
          dielectric constant epsilon diagonal = (1,1,1)
     cylinder, center = (3.658,2.326,0)
          radius 0.1, height 0.15, axis (0, 0, 1)
          dielectric constant epsilon diagonal = (1,1,1)
     cylinder, center = (0.592,0.744,0)
          radius 0.1, height 0.15, axis (0, 0, 1)
          dielectric constant epsilon diagonal = (1,1,1)
     cylinder, center = (0.465,3.713,0)
          radius 0.1, height 0.15, axis (0, 0, 1)
          dielectric constant epsilon diagonal = (1,1,1)
     cylinder, center = (3.7,1.203,0)
          radius 0.1, height 0.15, axis (0, 0, 1)
          dielectric constant epsilon diagonal = (1,1,1)
     cylinder, center = (0.876,3.225,0)
          radius 0.1, height 0.15, axis (0, 0, 1)
          dielectric constant epsilon diagonal = (1,1,1)
     cylinder, center = (2.213,1.951,0)
          radius 0.1, height 0.15, axis (0, 0, 1)
          dielectric constant epsilon diagonal = (1,1,1)
     cylinder, center = (0.515,2.857,0)
          radius 0.1, height 0.15, axis (0, 0, 1)
          dielectric constant epsilon diagonal = (1,1,1)
     cylinder, center = (0.061,0.004,0)
          radius 0.1, height 0.15, axis (0, 0, 1)
          dielectric constant epsilon diagonal = (1,1,1)
     cylinder, center = (0.102,3.381,0)
          radius 0.1, height 0.15, axis (0, 0, 1)
          dielectric constant epsilon diagonal = (1,1,1)
     cylinder, center = (2.628,1.344,0)
          radius 0.1, height 0.15, axis (0, 0, 1)
          dielectric constant epsilon diagonal = (1,1,1)
     cylinder, center = (3.682,2.027,0)
          radius 0.1, height 0.15, axis (0, 0, 1)
          dielectric constant epsilon diagonal = (1,1,1)
     cylinder, center = (0.608,0.395,0)
          radius 0.1, height 0.15, axis (0, 0, 1)
          dielectric constant epsilon diagonal = (1,1,1)
     cylinder, center = (3.147,3.954,0)
          radius 0.1, height 0.15, axis (0, 0, 1)
          dielectric constant epsilon diagonal = (1,1,1)
     cylinder, center = (1.444,1.099,0)
          radius 0.1, height 0.15, axis (0, 0, 1)
          dielectric constant epsilon diagonal = (1,1,1)
     cylinder, center = (1.169,2.714,0)
          radius 0.1, height 0.15, axis (0, 0, 1)
          dielectric constant epsilon diagonal = (1,1,1)
     cylinder, center = (0.93,3.473,0)
          radius 0.1, height 0.15, axis (0, 0, 1)
          dielectric constant epsilon diagonal = (1,1,1)
     cylinder, center = (3.227,2.227,0)
          radius 0.1, height 0.15, axis (0, 0, 1)
          dielectric constant epsilon diagonal = (1,1,1)
     cylinder, center = (0.831,1.854,0)
          radius 0.1, height 0.15, axis (0, 0, 1)
          dielectric constant epsilon diagonal = (1,1,1)
     cylinder, center = (3.359,1.336,0)
          radius 0.1, height 0.15, axis (0, 0, 1)
          dielectric constant epsilon diagonal = (1,1,1)
     cylinder, center = (3.995,0.812,0)
          radius 0.1, height 0.15, axis (0, 0, 1)
          dielectric constant epsilon diagonal = (1,1,1)
     cylinder, center = (2.54,3.995,0)
          radius 0.1, height 0.15, axis (0, 0, 1)
          dielectric constant epsilon diagonal = (1,1,1)
     cylinder, center = (2.501,1.148,0)
          radius 0.1, height 0.15, axis (0, 0, 1)
          dielectric constant epsilon diagonal = (1,1,1)
     cylinder, center = (2.333,3.328,0)
          radius 0.1, height 0.15, axis (0, 0, 1)
          dielectric constant epsilon diagonal = (1,1,1)
     cylinder, center = (3.258,2.551,0)
          radius 0.1, height 0.15, axis (0, 0, 1)
          dielectric constant epsilon diagonal = (1,1,1)
     cylinder, center = (3.895,3.024,0)
          radius 0.1, height 0.15, axis (0, 0, 1)
          dielectric constant epsilon diagonal = (1,1,1)
     cylinder, center = (1.668,1.408,0)
          radius 0.1, height 0.15, axis (0, 0, 1)
          dielectric constant epsilon diagonal = (1,1,1)
     cylinder, center = (3.861,1.446,0)
          radius 0.1, height 0.15, axis (0, 0, 1)
          dielectric constant epsilon diagonal = (1,1,1)
     cylinder, center = (2.315,1.257,0)
          radius 0.1, height 0.15, axis (0, 0, 1)
          dielectric constant epsilon diagonal = (1,1,1)
     cylinder, center = (0.06,2.066,0)
          radius 0.1, height 0.15, axis (0, 0, 1)
          dielectric constant epsilon diagonal = (1,1,1)
     cylinder, center = (2.877,3.488,0)
          radius 0.1, height 0.15, axis (0, 0, 1)
          dielectric constant epsilon diagonal = (1,1,1)
     cylinder, center = (3.352,3.751,0)
          radius 0.1, height 0.15, axis (0, 0, 1)
          dielectric constant epsilon diagonal = (1,1,1)
     cylinder, center = (2.219,0.591,0)
          radius 0.1, height 0.15, axis (0, 0, 1)
          dielectric constant epsilon diagonal = (1,1,1)
     cylinder, center = (2.399,2.338,0)
          radius 0.1, height 0.15, axis (0, 0, 1)
          dielectric constant epsilon diagonal = (1,1,1)
     cylinder, center = (3.905,2.512,0)
          radius 0.1, height 0.15, axis (0, 0, 1)
          dielectric constant epsilon diagonal = (1,1,1)
     cylinder, center = (3.584,3.026,0)
          radius 0.1, height 0.15, axis (0, 0, 1)
          dielectric constant epsilon diagonal = (1,1,1)
     cylinder, center = (0.851,0.303,0)
          radius 0.1, height 0.15, axis (0, 0, 1)
          dielectric constant epsilon diagonal = (1,1,1)
     cylinder, center = (2.073,1.026,0)
          radius 0.1, height 0.15, axis (0, 0, 1)
          dielectric constant epsilon diagonal = (1,1,1)
     cylinder, center = (1.966,2.098,0)
          radius 0.1, height 0.15, axis (0, 0, 1)
          dielectric constant epsilon diagonal = (1,1,1)
     cylinder, center = (2.719,0.857,0)
          radius 0.1, height 0.15, axis (0, 0, 1)
          dielectric constant epsilon diagonal = (1,1,1)
     cylinder, center = (1.427,0.348,0)
          radius 0.1, height 0.15, axis (0, 0, 1)
          dielectric constant epsilon diagonal = (1,1,1)
     cylinder, center = (2.497,2.683,0)
          radius 0.1, height 0.15, axis (0, 0, 1)
          dielectric constant epsilon diagonal = (1,1,1)
     cylinder, center = (3,0.481,0)
          radius 0.1, height 0.15, axis (0, 0, 1)
          dielectric constant epsilon diagonal = (1,1,1)
     cylinder, center = (1.289,0.79,0)
          radius 0.1, height 0.15, axis (0, 0, 1)
          dielectric constant epsilon diagonal = (1,1,1)
     cylinder, center = (0.147,2.825,0)
          radius 0.1, height 0.15, axis (0, 0, 1)
          dielectric constant epsilon diagonal = (1,1,1)
     cylinder, center = (0.304,3.519,0)
          radius 0.1, height 0.15, axis (0, 0, 1)
          dielectric constant epsilon diagonal = (1,1,1)
     cylinder, center = (0.085,3.694,0)
          radius 0.1, height 0.15, axis (0, 0, 1)
          dielectric constant epsilon diagonal = (1,1,1)
     cylinder, center = (3.853,2.712,0)
          radius 0.1, height 0.15, axis (0, 0, 1)
          dielectric constant epsilon diagonal = (1,1,1)
     cylinder, center = (3.434,1.709,0)
          radius 0.1, height 0.15, axis (0, 0, 1)
          dielectric constant epsilon diagonal = (1,1,1)
     cylinder, center = (2.975,2.243,0)
          radius 0.1, height 0.15, axis (0, 0, 1)
          dielectric constant epsilon diagonal = (1,1,1)
     cylinder, center = (3.251,3.561,0)
          radius 0.1, height 0.15, axis (0, 0, 1)
          dielectric constant epsilon diagonal = (1,1,1)
     cylinder, center = (0.373,2.195,0)
          radius 0.1, height 0.15, axis (0, 0, 1)
          dielectric constant epsilon diagonal = (1,1,1)
     cylinder, center = (1.863,1.257,0)
          radius 0.1, height 0.15, axis (0, 0, 1)
          dielectric constant epsilon diagonal = (1,1,1)
     cylinder, center = (3.133,3.015,0)
          radius 0.1, height 0.15, axis (0, 0, 1)
          dielectric constant epsilon diagonal = (1,1,1)
     cylinder, center = (0.172,2.598,0)
          radius 0.1, height 0.15, axis (0, 0, 1)
          dielectric constant epsilon diagonal = (1,1,1)
     cylinder, center = (0.063,0.962,0)
          radius 0.1, height 0.15, axis (0, 0, 1)
          dielectric constant epsilon diagonal = (1,1,1)
     cylinder, center = (2.809,2.672,0)
          radius 0.1, height 0.15, axis (0, 0, 1)
          dielectric constant epsilon diagonal = (1,1,1)
     cylinder, center = (0.884,1.61,0)
          radius 0.1, height 0.15, axis (0, 0, 1)
          dielectric constant epsilon diagonal = (1,1,1)
     cylinder, center = (2.745,2.974,0)
          radius 0.1, height 0.15, axis (0, 0, 1)
          dielectric constant epsilon diagonal = (1,1,1)
     cylinder, center = (3.914,3.819,0)
          radius 0.1, height 0.15, axis (0, 0, 1)
          dielectric constant epsilon diagonal = (1,1,1)
     cylinder, center = (2.227,1.465,0)
          radius 0.1, height 0.15, axis (0, 0, 1)
          dielectric constant epsilon diagonal = (1,1,1)
     cylinder, center = (3.931,1.728,0)
          radius 0.1, height 0.15, axis (0, 0, 1)
          dielectric constant epsilon diagonal = (1,1,1)
     cylinder, center = (2.941,0.762,0)
          radius 0.1, height 0.15, axis (0, 0, 1)
          dielectric constant epsilon diagonal = (1,1,1)
     cylinder, center = (1.955,3.919,0)
          radius 0.1, height 0.15, axis (0, 0, 1)
          dielectric constant epsilon diagonal = (1,1,1)
subpixel-averaging is 99.6617% done, 0.0135791 s remaining
subpixel-averaging is 64.8765% done, 2.16671 s remaining
subpixel-averaging is 65.198% done, 2.1354 s remaining
subpixel-averaging is 65.198% done, 2.1365 s remaining
time for set_epsilon = 30.3977 s
time for set_conductivity = 1.15859 s
time for set_conductivity = 1.15937 s
time for set_conductivity = 1.1617 s
-----------
Meep progress: 0.0125/50.0 = 0.0% done in 5.8s, 23292.6s to go
on time step 1 (time=0.0125), 5.82517 s/step
Meep progress: 0.17500000000000002/50.0 = 0.4% done in 10.0s, 2853.7s to go
on time step 14 (time=0.175), 0.322947 s/step
Meep progress: 0.3375/50.0 = 0.7% done in 14.2s, 2088.5s to go
on time step 27 (time=0.3375), 0.32076 s/step
Meep progress: 0.5/50.0 = 1.0% done in 18.4s, 1826.0s to go
on time step 40 (time=0.5), 0.32706 s/step
Meep progress: 0.65/50.0 = 1.3% done in 22.7s, 1726.2s to go
on time step 52 (time=0.65), 0.357579 s/step
Meep progress: 0.775/50.0 = 1.6% done in 27.1s, 1724.1s to go
on time step 62 (time=0.775), 0.440844 s/step
Meep progress: 0.9125000000000001/50.0 = 1.8% done in 31.2s, 1679.0s to go
on time step 73 (time=0.9125), 0.369656 s/step
Meep progress: 1.0625/50.0 = 2.1% done in 35.2s, 1622.3s to go
on time step 85 (time=1.0625), 0.334361 s/step
Meep progress: 1.2125000000000001/50.0 = 2.4% done in 39.4s, 1584.3s to go
on time step 97 (time=1.2125), 0.345999 s/step
Meep progress: 1.35/50.0 = 2.7% done in 43.4s, 1564.9s to go
on time step 108 (time=1.35), 0.368072 s/step
Meep progress: 1.5/50.0 = 3.0% done in 47.6s, 1540.3s to go
on time step 120 (time=1.5), 0.351265 s/step
Meep progress: 1.6500000000000001/50.0 = 3.3% done in 51.8s, 1518.8s to go
on time step 132 (time=1.65), 0.349241 s/step
Meep progress: 1.8/50.0 = 3.6% done in 56.0s, 1499.9s to go
on time step 144 (time=1.8), 0.348513 s/step
Meep progress: 1.9500000000000002/50.0 = 3.9% done in 60.2s, 1482.7s to go
on time step 156 (time=1.95), 0.346769 s/step
Meep progress: 2.1/50.0 = 4.2% done in 64.3s, 1466.9s to go
on time step 168 (time=2.1), 0.344748 s/step
Meep progress: 2.2375000000000003/50.0 = 4.5% done in 68.5s, 1462.0s to go
on time step 179 (time=2.2375), 0.379958 s/step
Meep progress: 2.375/50.0 = 4.8% done in 72.8s, 1460.4s to go
on time step 190 (time=2.375), 0.394271 s/step
Meep progress: 2.5250000000000004/50.0 = 5.1% done in 77.2s, 1450.9s to go
on time step 202 (time=2.525), 0.361572 s/step
Meep progress: 2.6500000000000004/50.0 = 5.3% done in 81.5s, 1455.8s to go
on time step 212 (time=2.65), 0.430735 s/step
Meep progress: 2.7625/50.0 = 5.5% done in 85.5s, 1461.8s to go
on time step 221 (time=2.7625), 0.445841 s/step
Meep progress: 2.8875/50.0 = 5.8% done in 89.7s, 1463.2s to go
on time step 231 (time=2.8875), 0.419136 s/step
Meep progress: 3.0500000000000003/50.0 = 6.1% done in 93.9s, 1445.3s to go
on time step 244 (time=3.05), 0.324332 s/step
Meep progress: 3.2125000000000004/50.0 = 6.4% done in 98.1s, 1428.6s to go
on time step 257 (time=3.2125), 0.322718 s/step
Meep progress: 3.375/50.0 = 6.8% done in 102.3s, 1413.9s to go
on time step 270 (time=3.375), 0.327321 s/step
Meep progress: 3.5375/50.0 = 7.1% done in 106.6s, 1399.9s to go
on time step 283 (time=3.5375), 0.325815 s/step
Meep progress: 3.6750000000000003/50.0 = 7.4% done in 110.9s, 1397.4s to go
on time step 294 (time=3.675), 0.388949 s/step
Meep progress: 3.8125/50.0 = 7.6% done in 115.0s, 1393.1s to go
on time step 305 (time=3.8125), 0.375925 s/step
Meep progress: 3.975/50.0 = 8.0% done in 119.2s, 1380.5s to go
on time step 318 (time=3.975), 0.325788 s/step
Meep progress: 4.125/50.0 = 8.2% done in 123.3s, 1371.4s to go
on time step 330 (time=4.125), 0.340619 s/step
Meep progress: 4.275/50.0 = 8.6% done in 127.4s, 1362.6s to go
on time step 342 (time=4.275), 0.339617 s/step
Meep progress: 4.4125000000000005/50.0 = 8.8% done in 131.7s, 1360.5s to go
on time step 353 (time=4.4125), 0.390372 s/step
Meep progress: 4.55/50.0 = 9.1% done in 136.0s, 1359.0s to go
on time step 364 (time=4.55), 0.396677 s/step
Meep progress: 4.6875/50.0 = 9.4% done in 140.4s, 1357.5s to go
on time step 375 (time=4.6875), 0.398188 s/step
Meep progress: 4.8125/50.0 = 9.6% done in 144.5s, 1357.2s to go
on time step 385 (time=4.8125), 0.411389 s/step
Meep progress: 4.95/50.0 = 9.9% done in 148.7s, 1353.3s to go
on time step 396 (time=4.95), 0.37812 s/step
Meep progress: 5.112500000000001/50.0 = 10.2% done in 152.9s, 1342.4s to go
on time step 409 (time=5.1125), 0.321983 s/step
Meep progress: 5.2625/50.0 = 10.5% done in 157.1s, 1335.5s to go
on time step 421 (time=5.2625), 0.350936 s/step
Meep progress: 5.4/50.0 = 10.8% done in 161.2s, 1331.7s to go
on time step 432 (time=5.4), 0.375742 s/step
Meep progress: 5.5375000000000005/50.0 = 11.1% done in 165.4s, 1327.7s to go
on time step 443 (time=5.5375), 0.3751 s/step
Meep progress: 5.6875/50.0 = 11.4% done in 169.5s, 1320.8s to go
on time step 455 (time=5.6875), 0.346685 s/step
Meep progress: 5.8375/50.0 = 11.7% done in 173.6s, 1313.4s to go
on time step 467 (time=5.8375), 0.340368 s/step
Meep progress: 5.987500000000001/50.0 = 12.0% done in 177.7s, 1306.1s to go
on time step 479 (time=5.9875), 0.339587 s/step
Meep progress: 6.1375/50.0 = 12.3% done in 181.8s, 1299.0s to go
on time step 491 (time=6.1375), 0.340188 s/step
Meep progress: 6.2875000000000005/50.0 = 12.6% done in 186.0s, 1292.8s to go
on time step 503 (time=6.2875), 0.349659 s/step
Meep progress: 6.4375/50.0 = 12.9% done in 190.1s, 1286.7s to go
on time step 515 (time=6.4375), 0.349236 s/step
Meep progress: 6.5875/50.0 = 13.2% done in 194.4s, 1280.9s to go
on time step 527 (time=6.5875), 0.350926 s/step
Meep progress: 6.737500000000001/50.0 = 13.5% done in 198.6s, 1275.0s to go
on time step 539 (time=6.7375), 0.35079 s/step
Meep progress: 6.8875/50.0 = 13.8% done in 202.7s, 1268.8s to go
on time step 551 (time=6.8875), 0.343551 s/step
Meep progress: 7.0375000000000005/50.0 = 14.1% done in 206.9s, 1262.9s to go
on time step 563 (time=7.0375), 0.348134 s/step
Meep progress: 7.1875/50.0 = 14.4% done in 211.1s, 1257.4s to go
on time step 575 (time=7.1875), 0.352072 s/step
Meep progress: 7.3375/50.0 = 14.7% done in 215.3s, 1251.9s to go
on time step 587 (time=7.3375), 0.351818 s/step
Meep progress: 7.487500000000001/50.0 = 15.0% done in 219.4s, 1246.0s to go
on time step 599 (time=7.4875), 0.344369 s/step
Meep progress: 7.6375/50.0 = 15.3% done in 223.5s, 1239.8s to go
on time step 611 (time=7.6375), 0.339139 s/step
Meep progress: 7.775/50.0 = 15.6% done in 227.5s, 1235.7s to go
on time step 622 (time=7.775), 0.364515 s/step
Meep progress: 7.925000000000001/50.0 = 15.8% done in 231.8s, 1230.4s to go
on time step 634 (time=7.925), 0.352018 s/step
Meep progress: 8.075000000000001/50.0 = 16.2% done in 235.9s, 1224.6s to go
on time step 646 (time=8.075), 0.343433 s/step
Meep progress: 8.225/50.0 = 16.4% done in 240.2s, 1219.8s to go
on time step 658 (time=8.225), 0.358152 s/step
Meep progress: 8.375/50.0 = 16.8% done in 244.4s, 1214.8s to go
on time step 670 (time=8.375), 0.354354 s/step
Meep progress: 8.525/50.0 = 17.0% done in 248.7s, 1209.8s to go
on time step 682 (time=8.525), 0.353119 s/step
Meep progress: 8.675/50.0 = 17.4% done in 252.8s, 1204.3s to go
on time step 694 (time=8.675), 0.346125 s/step
Meep progress: 8.825000000000001/50.0 = 17.7% done in 257.1s, 1199.4s to go
on time step 706 (time=8.825), 0.354151 s/step
Meep progress: 8.975/50.0 = 18.0% done in 261.2s, 1193.9s to go
on time step 718 (time=8.975), 0.344233 s/step
Meep progress: 9.125/50.0 = 18.2% done in 265.5s, 1189.2s to go
on time step 730 (time=9.125), 0.357084 s/step
Meep progress: 9.2875/50.0 = 18.6% done in 269.8s, 1182.7s to go
on time step 743 (time=9.2875), 0.332903 s/step
Meep progress: 9.4375/50.0 = 18.9% done in 273.9s, 1177.2s to go
on time step 755 (time=9.4375), 0.340279 s/step
Meep progress: 9.5875/50.0 = 19.2% done in 277.9s, 1171.5s to go
on time step 767 (time=9.5875), 0.336294 s/step
Meep progress: 9.7375/50.0 = 19.5% done in 282.0s, 1166.2s to go
on time step 779 (time=9.7375), 0.343261 s/step
Meep progress: 9.887500000000001/50.0 = 19.8% done in 286.1s, 1160.8s to go
on time step 791 (time=9.8875), 0.339597 s/step
Meep progress: 10.037500000000001/50.0 = 20.1% done in 290.4s, 1156.2s to go
on time step 803 (time=10.0375), 0.357314 s/step
Meep progress: 10.1875/50.0 = 20.4% done in 294.6s, 1151.4s to go
on time step 815 (time=10.1875), 0.352117 s/step
Meep progress: 10.325000000000001/50.0 = 20.7% done in 298.7s, 1147.8s to go
on time step 826 (time=10.325), 0.370755 s/step
Meep progress: 10.475000000000001/50.0 = 21.0% done in 302.9s, 1143.1s to go
on time step 838 (time=10.475), 0.352395 s/step
Meep progress: 10.625/50.0 = 21.2% done in 307.1s, 1138.2s to go
on time step 850 (time=10.625), 0.348912 s/step
Meep progress: 10.775/50.0 = 21.6% done in 311.3s, 1133.3s to go
on time step 862 (time=10.775), 0.34963 s/step
Meep progress: 10.925/50.0 = 21.8% done in 315.6s, 1128.7s to go
on time step 874 (time=10.925), 0.355222 s/step
Meep progress: 11.0875/50.0 = 22.2% done in 319.8s, 1122.3s to go
on time step 887 (time=11.0875), 0.322508 s/step
Meep progress: 11.25/50.0 = 22.5% done in 324.0s, 1116.0s to go
on time step 900 (time=11.25), 0.323622 s/step
Meep progress: 11.412500000000001/50.0 = 22.8% done in 328.3s, 1110.0s to go
on time step 913 (time=11.4125), 0.329881 s/step
Meep progress: 11.5625/50.0 = 23.1% done in 332.3s, 1104.7s to go
on time step 925 (time=11.5625), 0.336345 s/step
Meep progress: 11.725000000000001/50.0 = 23.5% done in 336.7s, 1099.0s to go
on time step 938 (time=11.725), 0.334475 s/step
Meep progress: 11.875/50.0 = 23.8% done in 340.8s, 1094.2s to go
on time step 950 (time=11.875), 0.346107 s/step
Meep progress: 12.025/50.0 = 24.0% done in 345.1s, 1089.8s to go
on time step 962 (time=12.025), 0.356862 s/step
Meep progress: 12.175/50.0 = 24.4% done in 349.2s, 1085.0s to go
on time step 974 (time=12.175), 0.345893 s/step
Meep progress: 12.325000000000001/50.0 = 24.7% done in 353.3s, 1079.8s to go
on time step 986 (time=12.325), 0.334078 s/step
Meep progress: 12.450000000000001/50.0 = 24.9% done in 357.5s, 1078.2s to go
on time step 996 (time=12.45), 0.423918 s/step
Meep progress: 12.575000000000001/50.0 = 25.2% done in 361.5s, 1075.9s to go
on time step 1006 (time=12.575), 0.401687 s/step
Meep progress: 12.7125/50.0 = 25.4% done in 365.6s, 1072.4s to go
on time step 1017 (time=12.7125), 0.372804 s/step
Meep progress: 12.850000000000001/50.0 = 25.7% done in 369.8s, 1069.2s to go
on time step 1028 (time=12.85), 0.383239 s/step
Meep progress: 12.9875/50.0 = 26.0% done in 374.1s, 1066.2s to go
on time step 1039 (time=12.9875), 0.38942 s/step
Meep progress: 13.137500000000001/50.0 = 26.3% done in 378.3s, 1061.5s to go
on time step 1051 (time=13.1375), 0.351203 s/step
Meep progress: 13.287500000000001/50.0 = 26.6% done in 382.6s, 1057.1s to go
on time step 1063 (time=13.2875), 0.356297 s/step
Meep progress: 13.450000000000001/50.0 = 26.9% done in 386.9s, 1051.4s to go
on time step 1076 (time=13.45), 0.331128 s/step
Meep progress: 13.600000000000001/50.0 = 27.2% done in 391.1s, 1046.9s to go
on time step 1088 (time=13.6), 0.352075 s/step
Meep progress: 13.75/50.0 = 27.5% done in 395.4s, 1042.5s to go
on time step 1100 (time=13.75), 0.356864 s/step
Meep progress: 13.887500000000001/50.0 = 27.8% done in 399.7s, 1039.2s to go
on time step 1111 (time=13.8875), 0.385592 s/step
Meep progress: 14.025/50.0 = 28.0% done in 403.9s, 1036.0s to go
on time step 1122 (time=14.025), 0.383571 s/step
Meep progress: 14.175/50.0 = 28.4% done in 408.0s, 1031.2s to go
on time step 1134 (time=14.175), 0.344769 s/step
Meep progress: 14.3125/50.0 = 28.6% done in 412.3s, 1028.0s to go
on time step 1145 (time=14.3125), 0.387107 s/step
Meep progress: 14.450000000000001/50.0 = 28.9% done in 416.6s, 1024.9s to go
on time step 1156 (time=14.45), 0.392531 s/step
Meep progress: 14.5875/50.0 = 29.2% done in 420.8s, 1021.5s to go
on time step 1167 (time=14.5875), 0.383272 s/step
Meep progress: 14.7375/50.0 = 29.5% done in 424.9s, 1016.7s to go
on time step 1179 (time=14.7375), 0.343945 s/step
Meep progress: 14.887500000000001/50.0 = 29.8% done in 429.1s, 1012.1s to go
on time step 1191 (time=14.8875), 0.349551 s/step
Meep progress: 15.037500000000001/50.0 = 30.1% done in 433.3s, 1007.3s to go
on time step 1203 (time=15.0375), 0.343886 s/step
Meep progress: 15.200000000000001/50.0 = 30.4% done in 437.5s, 1001.7s to go
on time step 1216 (time=15.2), 0.328491 s/step
Meep progress: 15.325000000000001/50.0 = 30.6% done in 441.7s, 999.4s to go
on time step 1226 (time=15.325), 0.416089 s/step
Meep progress: 15.450000000000001/50.0 = 30.9% done in 445.7s, 996.7s to go
on time step 1236 (time=15.45), 0.401023 s/step
Meep progress: 15.600000000000001/50.0 = 31.2% done in 450.0s, 992.3s to go
on time step 1248 (time=15.6), 0.35735 s/step
Meep progress: 15.762500000000001/50.0 = 31.5% done in 454.2s, 986.6s to go
on time step 1261 (time=15.7625), 0.325845 s/step
Meep progress: 15.925/50.0 = 31.8% done in 458.4s, 980.9s to go
on time step 1274 (time=15.925), 0.323751 s/step
Meep progress: 16.075/50.0 = 32.2% done in 462.7s, 976.4s to go
on time step 1286 (time=16.075), 0.354236 s/step
Meep progress: 16.225/50.0 = 32.4% done in 466.9s, 971.9s to go
on time step 1298 (time=16.225), 0.350639 s/step
Meep progress: 16.375/50.0 = 32.8% done in 471.1s, 967.4s to go
on time step 1310 (time=16.375), 0.351233 s/step
Meep progress: 16.525000000000002/50.0 = 33.1% done in 475.4s, 963.1s to go
on time step 1322 (time=16.525), 0.361054 s/step
Meep progress: 16.675/50.0 = 33.4% done in 479.7s, 958.7s to go
on time step 1334 (time=16.675), 0.357925 s/step
Meep progress: 16.8125/50.0 = 33.6% done in 483.9s, 955.1s to go
on time step 1345 (time=16.8125), 0.374969 s/step
Meep progress: 16.962500000000002/50.0 = 33.9% done in 488.2s, 950.8s to go
on time step 1357 (time=16.9625), 0.361122 s/step
Meep progress: 17.1125/50.0 = 34.2% done in 492.4s, 946.2s to go
on time step 1369 (time=17.1125), 0.348023 s/step
Meep progress: 17.2625/50.0 = 34.5% done in 496.7s, 942.0s to go
on time step 1381 (time=17.2625), 0.361175 s/step
Meep progress: 17.4125/50.0 = 34.8% done in 501.1s, 937.7s to go
on time step 1393 (time=17.4125), 0.363653 s/step
Meep progress: 17.5625/50.0 = 35.1% done in 505.1s, 933.0s to go
on time step 1405 (time=17.5625), 0.340402 s/step
Meep progress: 17.7/50.0 = 35.4% done in 509.5s, 929.7s to go
on time step 1416 (time=17.7), 0.393561 s/step
Meep progress: 17.837500000000002/50.0 = 35.7% done in 513.8s, 926.3s to go
on time step 1427 (time=17.8375), 0.388878 s/step
Meep progress: 17.9875/50.0 = 36.0% done in 517.9s, 921.7s to go
on time step 1439 (time=17.9875), 0.342955 s/step
Meep progress: 18.1375/50.0 = 36.3% done in 521.9s, 916.8s to go
on time step 1451 (time=18.1375), 0.334195 s/step
Meep progress: 18.3/50.0 = 36.6% done in 526.2s, 911.5s to go
on time step 1464 (time=18.3), 0.332861 s/step
Meep progress: 18.4375/50.0 = 36.9% done in 530.4s, 907.9s to go
on time step 1475 (time=18.4375), 0.379871 s/step
Meep progress: 18.575/50.0 = 37.2% done in 534.7s, 904.6s to go
on time step 1486 (time=18.575), 0.39416 s/step
Meep progress: 18.712500000000002/50.0 = 37.4% done in 539.0s, 901.2s to go
on time step 1497 (time=18.7125), 0.390658 s/step
Meep progress: 18.8625/50.0 = 37.7% done in 543.3s, 896.8s to go
on time step 1509 (time=18.8625), 0.353962 s/step
Meep progress: 19.0/50.0 = 38.0% done in 547.4s, 893.2s to go
on time step 1520 (time=19), 0.378566 s/step
Meep progress: 19.1375/50.0 = 38.3% done in 551.5s, 889.5s to go
on time step 1531 (time=19.1375), 0.37373 s/step
Meep progress: 19.275000000000002/50.0 = 38.6% done in 555.7s, 885.7s to go
on time step 1542 (time=19.275), 0.374511 s/step
Meep progress: 19.425/50.0 = 38.8% done in 560.0s, 881.5s to go
on time step 1554 (time=19.425), 0.363039 s/step
Meep progress: 19.55/50.0 = 39.1% done in 564.3s, 879.0s to go
on time step 1564 (time=19.55), 0.432809 s/step
Meep progress: 19.675/50.0 = 39.4% done in 568.8s, 876.6s to go
on time step 1574 (time=19.675), 0.44235 s/step
Meep progress: 19.8125/50.0 = 39.6% done in 573.0s, 873.0s to go
on time step 1585 (time=19.8125), 0.384099 s/step
Meep progress: 19.950000000000003/50.0 = 39.9% done in 577.3s, 869.6s to go
on time step 1596 (time=19.95), 0.390712 s/step
Meep progress: 20.1/50.0 = 40.2% done in 581.6s, 865.1s to go
on time step 1608 (time=20.1), 0.355491 s/step
Meep progress: 20.25/50.0 = 40.5% done in 585.7s, 860.5s to go
on time step 1620 (time=20.25), 0.344611 s/step
Meep progress: 20.400000000000002/50.0 = 40.8% done in 589.8s, 855.8s to go
on time step 1632 (time=20.4), 0.340125 s/step
Meep progress: 20.55/50.0 = 41.1% done in 593.9s, 851.1s to go
on time step 1644 (time=20.55), 0.345837 s/step
Meep progress: 20.700000000000003/50.0 = 41.4% done in 598.0s, 846.4s to go
on time step 1656 (time=20.7), 0.338812 s/step
Meep progress: 20.85/50.0 = 41.7% done in 602.1s, 841.8s to go
on time step 1668 (time=20.85), 0.344577 s/step
Meep progress: 20.975/50.0 = 42.0% done in 606.2s, 838.8s to go
on time step 1678 (time=20.975), 0.404551 s/step
Meep progress: 21.1125/50.0 = 42.2% done in 610.3s, 835.1s to go
on time step 1689 (time=21.1125), 0.375713 s/step
Meep progress: 21.262500000000003/50.0 = 42.5% done in 614.4s, 830.4s to go
on time step 1701 (time=21.2625), 0.34363 s/step
Meep progress: 21.4125/50.0 = 42.8% done in 618.5s, 825.7s to go
on time step 1713 (time=21.4125), 0.33681 s/step
Meep progress: 21.5375/50.0 = 43.1% done in 622.7s, 822.9s to go
on time step 1723 (time=21.5375), 0.420342 s/step
Meep progress: 21.6625/50.0 = 43.3% done in 627.0s, 820.3s to go
on time step 1733 (time=21.6625), 0.436658 s/step
Meep progress: 21.8125/50.0 = 43.6% done in 631.2s, 815.7s to go
on time step 1745 (time=21.8125), 0.346979 s/step
Meep progress: 21.962500000000002/50.0 = 43.9% done in 635.4s, 811.1s to go
on time step 1757 (time=21.9625), 0.345932 s/step
Meep progress: 22.125/50.0 = 44.2% done in 639.6s, 805.8s to go
on time step 1770 (time=22.125), 0.323559 s/step
Meep progress: 22.2875/50.0 = 44.6% done in 643.8s, 800.5s to go
on time step 1783 (time=22.2875), 0.327918 s/step
Meep progress: 22.450000000000003/50.0 = 44.9% done in 648.0s, 795.2s to go
on time step 1796 (time=22.45), 0.321515 s/step
Meep progress: 22.587500000000002/50.0 = 45.2% done in 652.3s, 791.6s to go
on time step 1807 (time=22.5875), 0.388114 s/step
Meep progress: 22.725/50.0 = 45.4% done in 656.5s, 787.9s to go
on time step 1818 (time=22.725), 0.382335 s/step
Meep progress: 22.887500000000003/50.0 = 45.8% done in 660.6s, 782.6s to go
on time step 1831 (time=22.8875), 0.319221 s/step
Meep progress: 23.05/50.0 = 46.1% done in 664.8s, 777.3s to go
on time step 1844 (time=23.05), 0.32075 s/step
Meep progress: 23.200000000000003/50.0 = 46.4% done in 668.9s, 772.7s to go
on time step 1856 (time=23.2), 0.342594 s/step
Meep progress: 23.35/50.0 = 46.7% done in 673.0s, 768.1s to go
on time step 1868 (time=23.35), 0.336853 s/step
Meep progress: 23.5/50.0 = 47.0% done in 677.0s, 763.4s to go
on time step 1880 (time=23.5), 0.335447 s/step
Meep progress: 23.637500000000003/50.0 = 47.3% done in 681.3s, 759.9s to go
on time step 1891 (time=23.6375), 0.39649 s/step
Meep progress: 23.762500000000003/50.0 = 47.5% done in 685.7s, 757.1s to go
on time step 1901 (time=23.7625), 0.43529 s/step
Meep progress: 23.9125/50.0 = 47.8% done in 689.9s, 752.6s to go
on time step 1913 (time=23.9125), 0.348465 s/step
Meep progress: 24.075000000000003/50.0 = 48.2% done in 694.1s, 747.4s to go
on time step 1926 (time=24.075), 0.325173 s/step
Meep progress: 24.2375/50.0 = 48.5% done in 698.4s, 742.3s to go
on time step 1939 (time=24.2375), 0.328643 s/step
Meep progress: 24.400000000000002/50.0 = 48.8% done in 702.5s, 737.1s to go
on time step 1952 (time=24.4), 0.318398 s/step
Meep progress: 24.5625/50.0 = 49.1% done in 706.8s, 732.0s to go
on time step 1965 (time=24.5625), 0.329315 s/step
Meep progress: 24.712500000000002/50.0 = 49.4% done in 710.8s, 727.4s to go
on time step 1977 (time=24.7125), 0.336121 s/step
Meep progress: 24.875/50.0 = 49.8% done in 715.2s, 722.3s to go
on time step 1990 (time=24.875), 0.33266 s/step
Meep progress: 25.0375/50.0 = 50.1% done in 719.5s, 717.3s to go
on time step 2003 (time=25.0375), 0.332697 s/step
Meep progress: 25.1875/50.0 = 50.4% done in 723.6s, 712.8s to go
on time step 2015 (time=25.1875), 0.34023 s/step
Meep progress: 25.35/50.0 = 50.7% done in 727.8s, 707.7s to go
on time step 2028 (time=25.35), 0.327013 s/step
Meep progress: 25.512500000000003/50.0 = 51.0% done in 732.1s, 702.7s to go
on time step 2041 (time=25.5125), 0.332023 s/step
Meep progress: 25.6625/50.0 = 51.3% done in 736.2s, 698.2s to go
on time step 2053 (time=25.6625), 0.339164 s/step
Meep progress: 25.8125/50.0 = 51.6% done in 740.3s, 693.7s to go
on time step 2065 (time=25.8125), 0.338829 s/step
Meep progress: 25.9375/50.0 = 51.9% done in 744.6s, 690.8s to go
on time step 2075 (time=25.9375), 0.436013 s/step
Meep progress: 26.0625/50.0 = 52.1% done in 748.7s, 687.7s to go
on time step 2085 (time=26.0625), 0.410861 s/step
Meep progress: 26.225/50.0 = 52.4% done in 752.8s, 682.5s to go
on time step 2098 (time=26.225), 0.316741 s/step
Meep progress: 26.375/50.0 = 52.8% done in 757.2s, 678.3s to go
on time step 2110 (time=26.375), 0.363216 s/step
Meep progress: 26.5375/50.0 = 53.1% done in 761.5s, 673.2s to go
on time step 2123 (time=26.5375), 0.326408 s/step
Meep progress: 26.6875/50.0 = 53.4% done in 765.5s, 668.7s to go
on time step 2135 (time=26.6875), 0.33891 s/step
Meep progress: 26.837500000000002/50.0 = 53.7% done in 769.9s, 664.4s to go
on time step 2147 (time=26.8375), 0.361785 s/step
Meep progress: 26.962500000000002/50.0 = 53.9% done in 774.2s, 661.5s to go
on time step 2157 (time=26.9625), 0.433162 s/step
Meep progress: 27.1/50.0 = 54.2% done in 778.5s, 657.8s to go
on time step 2168 (time=27.1), 0.391417 s/step
Meep progress: 27.25/50.0 = 54.5% done in 782.7s, 653.4s to go
on time step 2180 (time=27.25), 0.346141 s/step
Meep progress: 27.400000000000002/50.0 = 54.8% done in 786.8s, 649.0s to go
on time step 2192 (time=27.4), 0.348274 s/step
Meep progress: 27.5625/50.0 = 55.1% done in 791.1s, 644.0s to go
on time step 2205 (time=27.5625), 0.328535 s/step
Meep progress: 27.712500000000002/50.0 = 55.4% done in 795.3s, 639.6s to go
on time step 2217 (time=27.7125), 0.346091 s/step
Meep progress: 27.8625/50.0 = 55.7% done in 799.4s, 635.2s to go
on time step 2229 (time=27.8625), 0.346727 s/step
Meep progress: 27.9875/50.0 = 56.0% done in 803.8s, 632.2s to go
on time step 2239 (time=27.9875), 0.438807 s/step
Meep progress: 28.1125/50.0 = 56.2% done in 808.0s, 629.1s to go
on time step 2249 (time=28.1125), 0.416212 s/step
Meep progress: 28.275000000000002/50.0 = 56.6% done in 812.2s, 624.1s to go
on time step 2262 (time=28.275), 0.326326 s/step
Meep progress: 28.4375/50.0 = 56.9% done in 816.4s, 619.0s to go
on time step 2275 (time=28.4375), 0.319812 s/step
Meep progress: 28.6/50.0 = 57.2% done in 820.5s, 614.0s to go
on time step 2288 (time=28.6), 0.319999 s/step
Meep progress: 28.762500000000003/50.0 = 57.5% done in 824.7s, 608.9s to go
on time step 2301 (time=28.7625), 0.319693 s/step
Meep progress: 28.925/50.0 = 57.8% done in 828.8s, 603.9s to go
on time step 2314 (time=28.925), 0.320465 s/step
Meep progress: 29.0625/50.0 = 58.1% done in 833.1s, 600.2s to go
on time step 2325 (time=29.0625), 0.38312 s/step
Meep progress: 29.212500000000002/50.0 = 58.4% done in 837.1s, 595.7s to go
on time step 2337 (time=29.2125), 0.334423 s/step
Meep progress: 29.337500000000002/50.0 = 58.7% done in 841.1s, 592.4s to go
on time step 2347 (time=29.3375), 0.403964 s/step
Meep progress: 29.4875/50.0 = 59.0% done in 845.1s, 587.9s to go
on time step 2359 (time=29.4875), 0.335118 s/step
Meep progress: 29.637500000000003/50.0 = 59.3% done in 849.2s, 583.4s to go
on time step 2371 (time=29.6375), 0.339214 s/step
Meep progress: 29.7875/50.0 = 59.6% done in 853.2s, 579.0s to go
on time step 2383 (time=29.7875), 0.333745 s/step
Meep progress: 29.9375/50.0 = 59.9% done in 857.4s, 574.6s to go
on time step 2395 (time=29.9375), 0.345428 s/step
Meep progress: 30.087500000000002/50.0 = 60.2% done in 861.7s, 570.3s to go
on time step 2407 (time=30.0875), 0.360679 s/step
Meep progress: 30.212500000000002/50.0 = 60.4% done in 866.1s, 567.2s to go
on time step 2417 (time=30.2125), 0.437958 s/step
Meep progress: 30.35/50.0 = 60.7% done in 870.3s, 563.5s to go
on time step 2428 (time=30.35), 0.381884 s/step
Meep progress: 30.5/50.0 = 61.0% done in 874.5s, 559.1s to go
on time step 2440 (time=30.5), 0.350028 s/step
Meep progress: 30.650000000000002/50.0 = 61.3% done in 878.5s, 554.6s to go
on time step 2452 (time=30.65), 0.335113 s/step
Meep progress: 30.8/50.0 = 61.6% done in 882.5s, 550.1s to go
on time step 2464 (time=30.8), 0.334 s/step
Meep progress: 30.950000000000003/50.0 = 61.9% done in 886.5s, 545.7s to go
on time step 2476 (time=30.95), 0.337181 s/step
Meep progress: 31.075000000000003/50.0 = 62.2% done in 890.9s, 542.6s to go
on time step 2486 (time=31.075), 0.43393 s/step
Meep progress: 31.200000000000003/50.0 = 62.4% done in 895.2s, 539.4s to go
on time step 2496 (time=31.2), 0.429556 s/step
Meep progress: 31.337500000000002/50.0 = 62.7% done in 899.3s, 535.6s to go
on time step 2507 (time=31.3375), 0.375693 s/step
Meep progress: 31.5/50.0 = 63.0% done in 903.4s, 530.6s to go
on time step 2520 (time=31.5), 0.316463 s/step
Meep progress: 31.6625/50.0 = 63.3% done in 907.7s, 525.7s to go
on time step 2533 (time=31.6625), 0.327607 s/step
Meep progress: 31.825000000000003/50.0 = 63.6% done in 911.8s, 520.7s to go
on time step 2546 (time=31.825), 0.314719 s/step
Meep progress: 31.975/50.0 = 64.0% done in 916.0s, 516.4s to go
on time step 2558 (time=31.975), 0.353276 s/step
Meep progress: 32.125/50.0 = 64.2% done in 920.1s, 512.0s to go
on time step 2570 (time=32.125), 0.339641 s/step
Meep progress: 32.25/50.0 = 64.5% done in 924.5s, 508.8s to go
on time step 2580 (time=32.25), 0.439392 s/step
Meep progress: 32.375/50.0 = 64.8% done in 928.5s, 505.5s to go
on time step 2590 (time=32.375), 0.401449 s/step
Meep progress: 32.525/50.0 = 65.0% done in 932.6s, 501.1s to go
on time step 2602 (time=32.525), 0.339588 s/step
Meep progress: 32.675000000000004/50.0 = 65.4% done in 936.7s, 496.6s to go
on time step 2614 (time=32.675), 0.341814 s/step
Meep progress: 32.825/50.0 = 65.6% done in 940.7s, 492.2s to go
on time step 2626 (time=32.825), 0.337329 s/step
Meep progress: 32.987500000000004/50.0 = 66.0% done in 945.0s, 487.4s to go
on time step 2639 (time=32.9875), 0.33126 s/step
Meep progress: 33.1375/50.0 = 66.3% done in 949.1s, 482.9s to go
on time step 2651 (time=33.1375), 0.336298 s/step
Meep progress: 33.2875/50.0 = 66.6% done in 953.1s, 478.5s to go
on time step 2663 (time=33.2875), 0.335799 s/step
Meep progress: 33.4375/50.0 = 66.9% done in 957.1s, 474.1s to go
on time step 2675 (time=33.4375), 0.333727 s/step
Meep progress: 33.6/50.0 = 67.2% done in 961.4s, 469.2s to go
on time step 2688 (time=33.6), 0.329469 s/step
Meep progress: 33.75/50.0 = 67.5% done in 965.4s, 464.8s to go
on time step 2700 (time=33.75), 0.336307 s/step
Meep progress: 33.9125/50.0 = 67.8% done in 969.7s, 460.0s to go
on time step 2713 (time=33.9125), 0.332743 s/step
Meep progress: 34.0625/50.0 = 68.1% done in 973.8s, 455.6s to go
on time step 2725 (time=34.0625), 0.337204 s/step
Meep progress: 34.225/50.0 = 68.4% done in 978.1s, 450.8s to go
on time step 2738 (time=34.225), 0.331522 s/step
Meep progress: 34.3875/50.0 = 68.8% done in 982.4s, 446.0s to go
on time step 2751 (time=34.3875), 0.33057 s/step
Meep progress: 34.550000000000004/50.0 = 69.1% done in 986.7s, 441.2s to go
on time step 2764 (time=34.55), 0.33367 s/step
Meep progress: 34.7/50.0 = 69.4% done in 990.8s, 436.9s to go
on time step 2776 (time=34.7), 0.33755 s/step
Meep progress: 34.85/50.0 = 69.7% done in 995.0s, 432.5s to go
on time step 2788 (time=34.85), 0.347921 s/step
Meep progress: 35.0125/50.0 = 70.0% done in 999.1s, 427.7s to go
on time step 2801 (time=35.0125), 0.32094 s/step
Meep progress: 35.175000000000004/50.0 = 70.4% done in 1003.3s, 422.9s to go
on time step 2814 (time=35.175), 0.322282 s/step
Meep progress: 35.3375/50.0 = 70.7% done in 1007.5s, 418.1s to go
on time step 2827 (time=35.3375), 0.32438 s/step
Meep progress: 35.487500000000004/50.0 = 71.0% done in 1011.9s, 413.8s to go
on time step 2839 (time=35.4875), 0.364583 s/step
Meep progress: 35.612500000000004/50.0 = 71.2% done in 1016.3s, 410.6s to go
on time step 2849 (time=35.6125), 0.434155 s/step
Meep progress: 35.75/50.0 = 71.5% done in 1020.6s, 406.8s to go
on time step 2860 (time=35.75), 0.391626 s/step
Meep progress: 35.9125/50.0 = 71.8% done in 1024.7s, 402.0s to go
on time step 2873 (time=35.9125), 0.321023 s/step
Meep progress: 36.075/50.0 = 72.2% done in 1029.0s, 397.2s to go
on time step 2886 (time=36.075), 0.325928 s/step
Meep progress: 36.237500000000004/50.0 = 72.5% done in 1033.2s, 392.4s to go
on time step 2899 (time=36.2375), 0.324569 s/step
Meep progress: 36.3875/50.0 = 72.8% done in 1037.3s, 388.0s to go
on time step 2911 (time=36.3875), 0.341432 s/step
Meep progress: 36.5375/50.0 = 73.1% done in 1041.3s, 383.7s to go
on time step 2923 (time=36.5375), 0.333912 s/step
Meep progress: 36.6875/50.0 = 73.4% done in 1045.3s, 379.3s to go
on time step 2935 (time=36.6875), 0.333367 s/step
Meep progress: 36.85/50.0 = 73.7% done in 1049.6s, 374.5s to go
on time step 2948 (time=36.85), 0.329332 s/step
Meep progress: 37.0/50.0 = 74.0% done in 1053.6s, 370.2s to go
on time step 2960 (time=37), 0.33707 s/step
Meep progress: 37.1625/50.0 = 74.3% done in 1057.9s, 365.5s to go
on time step 2973 (time=37.1625), 0.332182 s/step
Meep progress: 37.3125/50.0 = 74.6% done in 1062.1s, 361.1s to go
on time step 2985 (time=37.3125), 0.343878 s/step
Meep progress: 37.475/50.0 = 75.0% done in 1066.4s, 356.4s to go
on time step 2998 (time=37.475), 0.335088 s/step
Meep progress: 37.625/50.0 = 75.2% done in 1070.5s, 352.1s to go
on time step 3010 (time=37.625), 0.343417 s/step
Meep progress: 37.7875/50.0 = 75.6% done in 1074.7s, 347.3s to go
on time step 3023 (time=37.7875), 0.31802 s/step
Meep progress: 37.95/50.0 = 75.9% done in 1078.9s, 342.6s to go
on time step 3036 (time=37.95), 0.322333 s/step
Meep progress: 38.112500000000004/50.0 = 76.2% done in 1083.1s, 337.8s to go
on time step 3049 (time=38.1125), 0.326647 s/step
Meep progress: 38.275/50.0 = 76.6% done in 1087.3s, 333.1s to go
on time step 3062 (time=38.275), 0.319113 s/step
Meep progress: 38.4375/50.0 = 76.9% done in 1091.6s, 328.4s to go
on time step 3075 (time=38.4375), 0.33071 s/step
Meep progress: 38.6/50.0 = 77.2% done in 1095.8s, 323.6s to go
on time step 3088 (time=38.6), 0.324396 s/step
Meep progress: 38.7625/50.0 = 77.5% done in 1100.0s, 318.9s to go
on time step 3101 (time=38.7625), 0.322668 s/step
Meep progress: 38.925000000000004/50.0 = 77.9% done in 1104.2s, 314.2s to go
on time step 3114 (time=38.925), 0.321309 s/step
Meep progress: 39.075/50.0 = 78.2% done in 1108.3s, 309.9s to go
on time step 3126 (time=39.075), 0.342629 s/step
Meep progress: 39.225/50.0 = 78.4% done in 1112.4s, 305.6s to go
on time step 3138 (time=39.225), 0.34535 s/step
Meep progress: 39.375/50.0 = 78.8% done in 1116.4s, 301.3s to go
on time step 3150 (time=39.375), 0.333689 s/step
Meep progress: 39.525000000000006/50.0 = 79.1% done in 1120.4s, 296.9s to go
on time step 3162 (time=39.525), 0.335039 s/step
Meep progress: 39.675000000000004/50.0 = 79.4% done in 1124.5s, 292.6s to go
on time step 3174 (time=39.675), 0.337625 s/step
Meep progress: 39.825/50.0 = 79.6% done in 1128.6s, 288.3s to go
on time step 3186 (time=39.825), 0.338827 s/step
Meep progress: 39.987500000000004/50.0 = 80.0% done in 1132.7s, 283.6s to go
on time step 3199 (time=39.9875), 0.322628 s/step
Meep progress: 40.150000000000006/50.0 = 80.3% done in 1136.9s, 278.9s to go
on time step 3212 (time=40.15), 0.316232 s/step
Meep progress: 40.3125/50.0 = 80.6% done in 1141.0s, 274.2s to go
on time step 3225 (time=40.3125), 0.321794 s/step
Meep progress: 40.475/50.0 = 81.0% done in 1145.3s, 269.5s to go
on time step 3238 (time=40.475), 0.324936 s/step
Meep progress: 40.6375/50.0 = 81.3% done in 1149.5s, 264.8s to go
on time step 3251 (time=40.6375), 0.323237 s/step
Meep progress: 40.800000000000004/50.0 = 81.6% done in 1153.8s, 260.2s to go
on time step 3264 (time=40.8), 0.330738 s/step
Meep progress: 40.95/50.0 = 81.9% done in 1157.8s, 255.9s to go
on time step 3276 (time=40.95), 0.340091 s/step
Meep progress: 41.112500000000004/50.0 = 82.2% done in 1162.1s, 251.2s to go
on time step 3289 (time=41.1125), 0.326171 s/step
Meep progress: 41.275000000000006/50.0 = 82.6% done in 1166.2s, 246.5s to go
on time step 3302 (time=41.275), 0.319317 s/step
Meep progress: 41.4375/50.0 = 82.9% done in 1170.4s, 241.8s to go
on time step 3315 (time=41.4375), 0.319685 s/step
Meep progress: 41.6/50.0 = 83.2% done in 1174.5s, 237.2s to go
on time step 3328 (time=41.6), 0.317863 s/step
Meep progress: 41.7625/50.0 = 83.5% done in 1178.8s, 232.5s to go
on time step 3341 (time=41.7625), 0.324751 s/step
Meep progress: 41.9125/50.0 = 83.8% done in 1182.8s, 228.2s to go
on time step 3353 (time=41.9125), 0.336317 s/step
Meep progress: 42.0625/50.0 = 84.1% done in 1186.8s, 224.0s to go
on time step 3365 (time=42.0625), 0.336326 s/step
Meep progress: 42.212500000000006/50.0 = 84.4% done in 1190.8s, 219.7s to go
on time step 3377 (time=42.2125), 0.33404 s/step
Meep progress: 42.375/50.0 = 84.8% done in 1195.2s, 215.1s to go
on time step 3390 (time=42.375), 0.334344 s/step
Meep progress: 42.525000000000006/50.0 = 85.1% done in 1199.2s, 210.8s to go
on time step 3402 (time=42.525), 0.33359 s/step
Meep progress: 42.675000000000004/50.0 = 85.4% done in 1203.2s, 206.5s to go
on time step 3414 (time=42.675), 0.335921 s/step
Meep progress: 42.825/50.0 = 85.6% done in 1207.3s, 202.3s to go
on time step 3426 (time=42.825), 0.342166 s/step
Meep progress: 42.975/50.0 = 86.0% done in 1211.4s, 198.0s to go
on time step 3438 (time=42.975), 0.341037 s/step
Meep progress: 43.125/50.0 = 86.2% done in 1215.5s, 193.8s to go
on time step 3450 (time=43.125), 0.337214 s/step
Meep progress: 43.2875/50.0 = 86.6% done in 1219.8s, 189.1s to go
on time step 3463 (time=43.2875), 0.331372 s/step
Meep progress: 43.4375/50.0 = 86.9% done in 1223.8s, 184.9s to go
on time step 3475 (time=43.4375), 0.339867 s/step
Meep progress: 43.6/50.0 = 87.2% done in 1228.2s, 180.3s to go
on time step 3488 (time=43.6), 0.331719 s/step
Meep progress: 43.75/50.0 = 87.5% done in 1232.2s, 176.0s to go
on time step 3500 (time=43.75), 0.335025 s/step
Meep progress: 43.9125/50.0 = 87.8% done in 1236.5s, 171.4s to go
on time step 3513 (time=43.9125), 0.333432 s/step
Meep progress: 44.075/50.0 = 88.2% done in 1240.8s, 166.8s to go
on time step 3526 (time=44.075), 0.330236 s/step
Meep progress: 44.225/50.0 = 88.4% done in 1244.9s, 162.6s to go
on time step 3538 (time=44.225), 0.340153 s/step
Meep progress: 44.375/50.0 = 88.8% done in 1248.9s, 158.3s to go
on time step 3550 (time=44.375), 0.335462 s/step
Meep progress: 44.525000000000006/50.0 = 89.1% done in 1253.1s, 154.1s to go
on time step 3562 (time=44.525), 0.345287 s/step
Meep progress: 44.6625/50.0 = 89.3% done in 1257.4s, 150.3s to go
on time step 3573 (time=44.6625), 0.39892 s/step
Meep progress: 44.7875/50.0 = 89.6% done in 1261.8s, 146.9s to go
on time step 3583 (time=44.7875), 0.435869 s/step
Meep progress: 44.9125/50.0 = 89.8% done in 1266.0s, 143.4s to go
on time step 3593 (time=44.9125), 0.417703 s/step
Meep progress: 45.025000000000006/50.0 = 90.1% done in 1270.0s, 140.3s to go
on time step 3602 (time=45.025), 0.446572 s/step
Meep progress: 45.150000000000006/50.0 = 90.3% done in 1274.0s, 136.9s to go
on time step 3612 (time=45.15), 0.40061 s/step
Meep progress: 45.300000000000004/50.0 = 90.6% done in 1278.0s, 132.6s to go
on time step 3624 (time=45.3), 0.335754 s/step
Meep progress: 45.45/50.0 = 90.9% done in 1282.2s, 128.4s to go
on time step 3636 (time=45.45), 0.344881 s/step
Meep progress: 45.6/50.0 = 91.2% done in 1286.3s, 124.1s to go
on time step 3648 (time=45.6), 0.343724 s/step
Meep progress: 45.737500000000004/50.0 = 91.5% done in 1290.4s, 120.3s to go
on time step 3659 (time=45.7375), 0.37612 s/step
Meep progress: 45.8875/50.0 = 91.8% done in 1294.7s, 116.0s to go
on time step 3671 (time=45.8875), 0.351728 s/step
Meep progress: 46.0375/50.0 = 92.1% done in 1298.9s, 111.8s to go
on time step 3683 (time=46.0375), 0.352661 s/step
Meep progress: 46.1875/50.0 = 92.4% done in 1303.2s, 107.6s to go
on time step 3695 (time=46.1875), 0.357507 s/step
Meep progress: 46.337500000000006/50.0 = 92.7% done in 1307.6s, 103.3s to go
on time step 3707 (time=46.3375), 0.365003 s/step
Meep progress: 46.475/50.0 = 93.0% done in 1311.9s, 99.5s to go
on time step 3718 (time=46.475), 0.396287 s/step
Meep progress: 46.612500000000004/50.0 = 93.2% done in 1316.3s, 95.7s to go
on time step 3729 (time=46.6125), 0.394887 s/step
Meep progress: 46.75/50.0 = 93.5% done in 1320.3s, 91.8s to go
on time step 3740 (time=46.75), 0.366616 s/step
Meep progress: 46.900000000000006/50.0 = 93.8% done in 1324.7s, 87.6s to go
on time step 3752 (time=46.9), 0.364584 s/step
Meep progress: 47.050000000000004/50.0 = 94.1% done in 1329.0s, 83.3s to go
on time step 3764 (time=47.05), 0.357671 s/step
Meep progress: 47.2/50.0 = 94.4% done in 1333.1s, 79.1s to go
on time step 3776 (time=47.2), 0.348282 s/step
Meep progress: 47.35/50.0 = 94.7% done in 1337.5s, 74.9s to go
on time step 3788 (time=47.35), 0.360755 s/step
Meep progress: 47.5/50.0 = 95.0% done in 1341.8s, 70.6s to go
on time step 3800 (time=47.5), 0.358325 s/step
Meep progress: 47.6625/50.0 = 95.3% done in 1346.1s, 66.0s to go
on time step 3813 (time=47.6625), 0.332939 s/step
Meep progress: 47.8125/50.0 = 95.6% done in 1350.3s, 61.8s to go
on time step 3825 (time=47.8125), 0.35186 s/step
Meep progress: 47.95/50.0 = 95.9% done in 1354.3s, 57.9s to go
on time step 3836 (time=47.95), 0.364297 s/step
Meep progress: 48.1/50.0 = 96.2% done in 1358.5s, 53.7s to go
on time step 3848 (time=48.1), 0.343814 s/step
Meep progress: 48.25/50.0 = 96.5% done in 1362.6s, 49.4s to go
on time step 3860 (time=48.25), 0.346761 s/step
Meep progress: 48.4125/50.0 = 96.8% done in 1366.8s, 44.8s to go
on time step 3873 (time=48.4125), 0.323664 s/step
Meep progress: 48.575/50.0 = 97.2% done in 1371.1s, 40.2s to go
on time step 3886 (time=48.575), 0.329663 s/step
Meep progress: 48.737500000000004/50.0 = 97.5% done in 1375.3s, 35.6s to go
on time step 3899 (time=48.7375), 0.322325 s/step
Meep progress: 48.900000000000006/50.0 = 97.8% done in 1379.4s, 31.0s to go
on time step 3912 (time=48.9), 0.318849 s/step
Meep progress: 49.0625/50.0 = 98.1% done in 1383.7s, 26.4s to go
on time step 3925 (time=49.0625), 0.324244 s/step
Meep progress: 49.225/50.0 = 98.4% done in 1387.9s, 21.9s to go
on time step 3938 (time=49.225), 0.330072 s/step
Meep progress: 49.3875/50.0 = 98.8% done in 1392.1s, 17.3s to go
on time step 3951 (time=49.3875), 0.321965 s/step
Meep progress: 49.550000000000004/50.0 = 99.1% done in 1396.5s, 12.7s to go
on time step 3964 (time=49.55), 0.336749 s/step
Meep progress: 49.7/50.0 = 99.4% done in 1400.6s, 8.5s to go
on time step 3976 (time=49.7), 0.340541 s/step
Meep progress: 49.85/50.0 = 99.7% done in 1404.8s, 4.2s to go
on time step 3988 (time=49.85), 0.35033 s/step
Meep progress: 49.987500000000004/50.0 = 100.0% done in 1409.1s, 0.4s to go
on time step 3999 (time=49.9875), 0.394053 s/step
run 0 finished at t = 50.0 (4000 timesteps)
flux1:, 0.5, 1.4127480945538583e-6, -1.1199401279198547e-6
flux1:, 0.5066889632107023, 1.5137954473922274e-6, -1.4055428953447276e-6
flux1:, 0.5133779264214047, 1.4405257887570683e-6, -1.3237567142563387e-6
flux1:, 0.520066889632107, 1.9153523414730172e-6, -1.3525937283293439e-6
flux1:, 0.5267558528428093, 2.241704538250765e-6, -1.7346634544022482e-6
flux1:, 0.5334448160535117, 2.0539489586943657e-6, -1.8324536328987028e-6
flux1:, 0.540133779264214, 2.510454234212741e-6, -1.8955150602774002e-6
flux1:, 0.5468227424749164, 3.287472751338582e-6, -2.4429484896082984e-6
flux1:, 0.5535117056856187, 3.2669466106219186e-6, -2.680920471037497e-6
flux1:, 0.560200668896321, 3.6016184431538708e-6, -2.5200814242858967e-6
flux1:, 0.5668896321070234, 4.731216927252134e-6, -3.0418602210430213e-6
flux1:, 0.5735785953177257, 4.93968419294189e-6, -3.7187758368558708e-6
flux1:, 0.580267558528428, 4.923446147212691e-6, -3.7493982427799236e-6
flux1:, 0.5869565217391304, 6.210927081662629e-6, -4.327440759082672e-6
flux1:, 0.5936454849498327, 6.956225287126667e-6, -5.587510248663979e-6
flux1:, 0.600334448160535, 6.878930193672061e-6, -6.2263322541190965e-6
flux1:, 0.6070234113712374, 8.630932058763236e-6, -7.0906593005459745e-6
flux1:, 0.6137123745819397, 1.083715804233914e-5, -8.826127359043742e-6
flux1:, 0.6204013377926421, 1.1341212797952282e-5, -9.703646815954298e-6
flux1:, 0.6270903010033444, 1.3159644775739511e-5, -1.0296039299954976e-5
flux1:, 0.6337792642140467, 1.6637523330457566e-5, -1.2414402332394665e-5
flux1:, 0.6404682274247491, 1.804317966229646e-5, -1.4115474604686412e-5
flux1:, 0.6471571906354514, 1.9560515982180518e-5, -1.4764021694497982e-5
flux1:, 0.6538461538461537, 2.393291408060272e-5, -1.7382323388219514e-5
flux1:, 0.6605351170568561, 2.6901546307035392e-5, -2.0709618135966442e-5
flux1:, 0.6672240802675584, 2.8672282295413712e-5, -2.1968127399834006e-5
flux1:, 0.6739130434782608, 3.4121484805308014e-5, -2.4540422379710796e-5
flux1:, 0.6806020066889631, 3.932843678755437e-5, -2.9667221839237785e-5
flux1:, 0.6872909698996654, 4.143539363120612e-5, -3.310619899478995e-5
flux1:, 0.6939799331103678, 4.757226610510015e-5, -3.630105698248684e-5
flux1:, 0.7006688963210701, 5.659894745135575e-5, -4.243617632642152e-5
flux1:, 0.7073578595317724, 6.104477878321925e-5, -4.786947693994286e-5
flux1:, 0.7140468227424748, 6.723250130990141e-5, -5.301404840779135e-5
flux1:, 0.7207357859531771, 7.962460059180037e-5, -6.203759629726101e-5
flux1:, 0.7274247491638794, 8.79061863027425e-5, -6.988340808611709e-5
flux1:, 0.7341137123745818, 9.29151019376504e-5, -7.547948513574778e-5
flux1:, 0.7408026755852841, 1.050164262257005e-4, -8.881321724380352e-5
flux1:, 0.7474916387959865, 1.1841920856657537e-4, -1.0640383350452894e-4
flux1:, 0.7541806020066888, 1.293048879317947e-4, -1.1771833019697724e-4
flux1:, 0.7608695652173911, 1.474204960057507e-4, -1.3158733634179668e-4
flux1:, 0.7675585284280935, 1.669845671811086e-4, -1.5295175814028297e-4
flux1:, 0.7742474916387958, 1.7861527462167314e-4, -1.699988211572937e-4
flux1:, 0.7809364548494981, 1.9554777523176294e-4, -1.9046119589867822e-4
flux1:, 0.7876254180602005, 2.1928003482265295e-4, -2.2576865748107308e-4
flux1:, 0.7943143812709028, 2.3534641748791953e-4, -2.531939506466203e-4
flux1:, 0.8010033444816052, 2.5853241914391154e-4, -2.6694735914837095e-4
flux1:, 0.8076923076923075, 3.0089088306866875e-4, -3.0195091490159805e-4
flux1:, 0.8143812709030098, 3.3473671968878863e-4, -3.5681637272601155e-4
flux1:, 0.8210702341137122, 3.58734252425584e-4, -3.969925556110197e-4
flux1:, 0.8277591973244145, 4.0204814939157134e-4, -4.311529371216451e-4
flux1:, 0.8344481605351168, 4.403071069588572e-4, -4.804508874472871e-4
flux1:, 0.8411371237458192, 4.430416581500635e-4, -5.42084302600345e-4
flux1:, 0.8478260869565215, 4.561438317996773e-4, -6.316225274460846e-4
flux1:, 0.8545150501672238, 5.100385354484719e-4, -7.39792605780243e-4
flux1:, 0.8612040133779262, 5.597439489172694e-4, -8.060781335818149e-4
flux1:, 0.8678929765886285, 5.874844114039525e-4, -8.596510660350128e-4
flux1:, 0.8745819397993309, 6.246318195345501e-4, -9.984822437777005e-4
flux1:, 0.8812709030100332, 6.788296125415939e-4, -0.0011715819564861645
flux1:, 0.8879598662207355, 7.3913354350912e-4, -0.0012734444309485053
flux1:, 0.8946488294314379, 7.829582455664903e-4, -0.0013802155598336952
flux1:, 0.9013377926421402, 7.854392494903271e-4, -0.0015760613824982188
flux1:, 0.9080267558528425, 8.036671310664798e-4, -0.0017801779394559887
flux1:, 0.9147157190635449, 9.057962828671972e-4, -0.001976937914712615
flux1:, 0.9214046822742472, 9.980273585715482e-4, -0.0022505116839460805
flux1:, 0.9280936454849495, 9.776675288457389e-4, -0.002541409462570553
flux1:, 0.9347826086956519, 9.472150937024642e-4, -0.0027681130606092845
flux1:, 0.9414715719063542, 9.986363316817537e-4, -0.0030119704079636907
flux1:, 0.9481605351170566, 0.0010495030284034406, -0.0032994515585130064
flux1:, 0.9548494983277589, 0.0010762946137789903, -0.003594682862579984
flux1:, 0.9615384615384612, 0.0011332269218988344, -0.004045747506492119
flux1:, 0.9682274247491636, 0.0011538619135857023, -0.004707286789317248
flux1:, 0.9749163879598659, 0.0011244096327347308, -0.005250791050582876
flux1:, 0.9816053511705682, 0.0011958385909021276, -0.005476494861069519
flux1:, 0.9882943143812706, 0.0013331661052778574, -0.005706545433533461
flux1:, 0.9949832775919729, 0.0013116880474475434, -0.006303000801129723
flux1:, 1.0016722408026753, 0.001178929207935209, -0.007185877415240808
flux1:, 1.0083612040133776, 0.0011956572860228518, -0.007951386546595884
flux1:, 1.01505016722408, 0.0013797844119282422, -0.00832381952776465
flux1:, 1.0217391304347823, 0.0015381155878692338, -0.008584546613152545
flux1:, 1.0284280936454846, 0.0015888257340966364, -0.009280568296564994
flux1:, 1.035117056856187, 0.00162598614373036, -0.010357871487264489
flux1:, 1.0418060200668893, 0.0017666304966360337, -0.01131341139760157
flux1:, 1.0484949832775916, 0.0019402200220087645, -0.012182823340473947
flux1:, 1.055183946488294, 0.001954930083419125, -0.013319312872903563
flux1:, 1.0618729096989963, 0.001901046781850719, -0.014551997981166624
flux1:, 1.0685618729096986, 0.0020570424861639895, -0.015610547942225342
flux1:, 1.075250836120401, 0.00232006154053969, -0.01662921363598014
flux1:, 1.0819397993311033, 0.0024422349144205724, -0.017599741460197525
flux1:, 1.0886287625418056, 0.002677655711517598, -0.018374179411177596
flux1:, 1.095317725752508, 0.003354012875621418, -0.01915765755212497
flux1:, 1.1020066889632103, 0.004256605780400974, -0.020002978557798996
flux1:, 1.1086956521739126, 0.005146963170938482, -0.020608505222849422
flux1:, 1.115384615384615, 0.006173047915888228, -0.021079267085670993
flux1:, 1.1220735785953173, 0.0073571483436153905, -0.021595174256291896
flux1:, 1.1287625418060196, 0.008391568867896472, -0.021906241272929946
flux1:, 1.135451505016722, 0.00895129808548163, -0.0225489918956871
flux1:, 1.1421404682274243, 0.008914800522013789, -0.02463546547515191
flux1:, 1.1488294314381267, 0.008760189274102345, -0.02733745791065131
flux1:, 1.155518394648829, 0.009445817413801998, -0.02864317031258381
flux1:, 1.1622073578595313, 0.011123679998005492, -0.028938308152546176
flux1:, 1.1688963210702337, 0.012847010530033755, -0.030131253972843584
flux1:, 1.175585284280936, 0.014135690407675532, -0.03196064288845157
flux1:, 1.1822742474916383, 0.015396986225839602, -0.032934181640569576
flux1:, 1.1889632107023407, 0.016721008025526538, -0.03331905267836074
flux1:, 1.195652173913043, 0.017946968947065576, -0.03416604812380612
flux1:, 1.2023411371237454, 0.019291337094282945, -0.03555647042817026
flux1:, 1.2090301003344477, 0.020487434729447532, -0.03757302678872984
flux1:, 1.21571906354515, 0.02082680244528224, -0.04048169631571594
flux1:, 1.2224080267558524, 0.020933818212926687, -0.04331156949309668
flux1:, 1.2290969899665547, 0.02231817417852903, -0.044577228438369254
flux1:, 1.235785953177257, 0.025075410933665818, -0.04427293100214388
flux1:, 1.2424749163879594, 0.028344050238687347, -0.04348889854947275
flux1:, 1.2491638795986617, 0.03197673569778053, -0.04281202757804499
flux1:, 1.255852842809364, 0.03555111199532757, -0.04244306539020996
flux1:, 1.2625418060200664, 0.03781014057036026, -0.04310507257811839
flux1:, 1.2692307692307687, 0.03878881482824636, -0.045522684108846724
flux1:, 1.275919732441471, 0.0398163739710428, -0.04928855541992851
flux1:, 1.2826086956521734, 0.04099316907383685, -0.05321175843726344
flux1:, 1.2892976588628757, 0.04199162252838474, -0.05633248071063533
flux1:, 1.295986622073578, 0.04422340193595595, -0.05780142071283931
flux1:, 1.3026755852842804, 0.04825548362696789, -0.057241035580570955
flux1:, 1.3093645484949827, 0.05143536946199329, -0.05634599374875409
flux1:, 1.316053511705685, 0.052031481142997986, -0.05774390179755526
flux1:, 1.3227424749163874, 0.05242367036841123, -0.061354333067237865
flux1:, 1.3294314381270897, 0.05504880910346656, -0.06476321020685587
flux1:, 1.336120401337792, 0.05919781216225945, -0.06669188982710264
flux1:, 1.3428093645484944, 0.06360414190388196, -0.06694518931788056
flux1:, 1.3494983277591968, 0.067994778491521, -0.06562909617081056
flux1:, 1.356187290969899, 0.07172638816347057, -0.06517706380400802
flux1:, 1.3628762541806014, 0.07410330582234843, -0.0682143087352609
flux1:, 1.3695652173913038, 0.07517464400489574, -0.07221388613617552
flux1:, 1.376254180602006, 0.07567956189280622, -0.07291367721509782
flux1:, 1.3829431438127084, 0.07816227965979781, -0.07161726529716747
flux1:, 1.3896321070234108, 0.08481605435577644, -0.07185681974810024
flux1:, 1.3963210702341131, 0.09178973696788138, -0.07324447330074971
flux1:, 1.4030100334448155, 0.09312287828720942, -0.07485027382354183
flux1:, 1.4096989966555178, 0.09179392352276236, -0.07757407289712905
flux1:, 1.4163879598662201, 0.09545489065301577, -0.07962480048797352
flux1:, 1.4230769230769225, 0.10216141159850639, -0.07832133533592317
flux1:, 1.4297658862876248, 0.1046208570395518, -0.07606857876825758
flux1:, 1.4364548494983271, 0.10450918666981898, -0.07581802162453524
flux1:, 1.4431438127090295, 0.10774879970144217, -0.075036333360709
flux1:, 1.4498327759197318, 0.11291565097763503, -0.0717506308989348
flux1:, 1.4565217391304341, 0.11649528212924397, -0.069504059492871
flux1:, 1.4632107023411365, 0.11914678744234772, -0.07127095825785275
flux1:, 1.4698996655518388, 0.11984552155017972, -0.07560629232143037
flux1:, 1.4765886287625412, 0.11684964633114725, -0.07965832568777428
flux1:, 1.4832775919732435, 0.11520480785057603, -0.08053298667261147
flux1:, 1.4899665551839458, 0.11950848231619185, -0.07741568866502255
flux1:, 1.4966555183946482, 0.12430690705945815, -0.07501429389528198
flux1:, 1.5033444816053505, 0.12380125669228784, -0.07784083627227299
flux1:, 1.5100334448160528, 0.12136571026634495, -0.08234402813976294
flux1:, 1.5167224080267552, 0.12072371530231786, -0.08368237852665246
flux1:, 1.5234113712374575, 0.12008360058188632, -0.08473648625631684
flux1:, 1.5301003344481598, 0.11969294338225225, -0.0885241514196681
flux1:, 1.5367892976588622, 0.12259929306562611, -0.09046112478523241
flux1:, 1.5434782608695645, 0.12700360044293782, -0.08771486104346624
flux1:, 1.5501672240802669, 0.12844853022881902, -0.08573164743868689
flux1:, 1.5568561872909692, 0.12750059277441916, -0.08744700039356096
flux1:, 1.5635451505016715, 0.12754368698020183, -0.08743527505024329
flux1:, 1.5702341137123739, 0.12860848799987706, -0.0831794464720498
flux1:, 1.5769230769230762, 0.12868687851686447, -0.08061122941371797
flux1:, 1.5836120401337785, 0.12789845649617546, -0.08319310401614334
flux1:, 1.5903010033444809, 0.12760913020507691, -0.08625270832120929
flux1:, 1.5969899665551832, 0.12690519645248086, -0.08646640767790087
flux1:, 1.6036789297658856, 0.12328440683129842, -0.0873150825870305
flux1:, 1.610367892976588, 0.11772960217831738, -0.09131494311662061
flux1:, 1.6170568561872902, 0.115178413495105, -0.09477716517213747
flux1:, 1.6237458193979926, 0.11702471643338805, -0.09375289615750083
flux1:, 1.630434782608695, 0.11828619228009425, -0.08989786852339371
flux1:, 1.6371237458193972, 0.11615467871720203, -0.08786755492954824
flux1:, 1.6438127090300996, 0.11436550930316391, -0.0892171481352569
flux1:, 1.650501672240802, 0.11465348119055892, -0.09056595077073669
flux1:, 1.6571906354515042, 0.11248656421969526, -0.08874453182245859
flux1:, 1.6638795986622066, 0.10603098532499958, -0.0864099711832274
flux1:, 1.670568561872909, 0.1004953454691532, -0.08783079130020365
flux1:, 1.6772575250836113, 0.09939679480335402, -0.09033290732193679
flux1:, 1.6839464882943136, 0.09969271643436839, -0.08801030484172574
flux1:, 1.690635451505016, 0.0983042676472502, -0.08252755955040862
flux1:, 1.6973244147157183, 0.09599307153279375, -0.08041378426912849
flux1:, 1.7040133779264206, 0.09340689220285818, -0.08201231362099777
flux1:, 1.710702341137123, 0.08979700098711828, -0.08289199020158439
flux1:, 1.7173913043478253, 0.08586612048569824, -0.08231452957943149
flux1:, 1.7240802675585276, 0.0828143522382225, -0.08210077858136228
flux1:, 1.73076923076923, 0.07974058757931718, -0.08209405785671699
flux1:, 1.7374581939799323, 0.0756452950299179, -0.08191812946693654
flux1:, 1.7441471571906346, 0.07146488694638882, -0.0820924652041387
flux1:, 1.750836120401337, 0.06770041842566116, -0.08206586186843752
flux1:, 1.7575250836120393, 0.06346121278295579, -0.08139883249769046
flux1:, 1.7642140468227416, 0.05902524601436924, -0.08086649636653634
flux1:, 1.770903010033444, 0.055709346368784905, -0.0801319544677899
flux1:, 1.7775919732441463, 0.05343837363160283, -0.07825799442678569
flux1:, 1.7842809364548486, 0.05158269136364994, -0.07601016989237815
flux1:, 1.790969899665551, 0.050347033857803904, -0.07388039202390628
flux1:, 1.7976588628762533, 0.0489536701556413, -0.07138161378468273
flux1:, 1.8043478260869557, 0.04560608247643804, -0.07011567002003417
flux1:, 1.811036789297658, 0.0407409727961701, -0.07154038890346422
flux1:, 1.8177257525083603, 0.03670714285551373, -0.07279005302569816
flux1:, 1.8244147157190627, 0.03401898935582127, -0.07143797786098506
flux1:, 1.831103678929765, 0.03151938463662957, -0.06995236841585317
flux1:, 1.8377926421404673, 0.02923637367044574, -0.06976458742446748
flux1:, 1.8444816053511697, 0.027769206715785057, -0.06831796644646164
flux1:, 1.851170568561872, 0.026417339519671765, -0.0654214250944211
flux1:, 1.8578595317725743, 0.024400983477004912, -0.063768431263667
flux1:, 1.8645484949832767, 0.02222171192156965, -0.06279434866651393
flux1:, 1.871237458193979, 0.0204062245491466, -0.06034185873061737
flux1:, 1.8779264214046814, 0.018642651143980008, -0.05765472200249548
flux1:, 1.8846153846153837, 0.01685790180098737, -0.05618867640339695
flux1:, 1.891304347826086, 0.015663558645651537, -0.05434822281957623
flux1:, 1.8979933110367884, 0.01532734329586076, -0.051221828916585076
flux1:, 1.9046822742474907, 0.015242832363448209, -0.048102004491398925
flux1:, 1.911371237458193, 0.014671641184446454, -0.045457725941155935
flux1:, 1.9180602006688954, 0.013569471679454739, -0.04301036679320065
flux1:, 1.9247491638795977, 0.012503527587221138, -0.04115207747028795
flux1:, 1.9314381270903, 0.011928853759181917, -0.0394870597082075
flux1:, 1.9381270903010024, 0.011758317393809559, -0.03705085076306016
flux1:, 1.9448160535117047, 0.011627063942724102, -0.034548170663514385
flux1:, 1.951505016722407, 0.011340490922591267, -0.03300719838207964
flux1:, 1.9581939799331094, 0.010943338174937834, -0.031585436461015116
flux1:, 1.9648829431438117, 0.01048014949274899, -0.029440275270787675
flux1:, 1.971571906354514, 0.009884103623841019, -0.02732571918325132
flux1:, 1.9782608695652164, 0.009169454204092757, -0.02583230809856716
flux1:, 1.9849498327759187, 0.008575334450264038, -0.024569151474913523
flux1:, 1.991638795986621, 0.008334975389594197, -0.023218553834346085
flux1:, 1.9983277591973234, 0.008371880856006845, -0.02159420154840161
flux1:, 2.0050167224080258, 0.008365059153524692, -0.019626152860308697
flux1:, 2.011705685618728, 0.008081829953897517, -0.01798938197990462
flux1:, 2.0183946488294304, 0.0075862091041728075, -0.017219348699857886
flux1:, 2.0250836120401328, 0.0071138305293473305, -0.016581598376798012
flux1:, 2.031772575250835, 0.006771979896842437, -0.01531548498250506
flux1:, 2.0384615384615374, 0.006490501745900852, -0.013864015418697305
flux1:, 2.0451505016722398, 0.006246525429585842, -0.012804375509378182
flux1:, 2.051839464882942, 0.006073070587056968, -0.011973988390617144
flux1:, 2.0585284280936444, 0.005892972919716972, -0.011145998509860092
flux1:, 2.065217391304347, 0.005660569231065872, -0.010328399273173505
flux1:, 2.071906354515049, 0.005511005086932908, -0.00941821562964314
flux1:, 2.0785953177257515, 0.005479528940653196, -0.008381215887204632
flux1:, 2.085284280936454, 0.0053616871260116685, -0.007463157925418967
flux1:, 2.091973244147156, 0.005046331253299685, -0.006849681523557265
flux1:, 2.0986622073578585, 0.004640267547627816, -0.006444145317621467
flux1:, 2.105351170568561, 0.004240996500499688, -0.00603796622012776
flux1:, 2.112040133779263, 0.0039047744174324044, -0.005540431014090354
flux1:, 2.1187290969899655, 0.003687753934403134, -0.005072894591552959
flux1:, 2.125418060200668, 0.0035229414283577303, -0.004749550894910825
flux1:, 2.13210702341137, 0.0033079543964982363, -0.004432582097052485
flux1:, 2.1387959866220725, 0.003099280286589004, -0.003997834023742191
flux1:, 2.145484949832775, 0.0029469186086930094, -0.003604909627658958
flux1:, 2.152173913043477, 0.0027596013104123126, -0.0033555562163111925
flux1:, 2.1588628762541795, 0.0025400954401685097, -0.0030827628725546862
flux1:, 2.165551839464882, 0.002407844117031561, -0.0027272496946813525
flux1:, 2.172240802675584, 0.002327544749262956, -0.002438428231326354
flux1:, 2.1789297658862865, 0.0021790572720678503, -0.0022344779358363116
flux1:, 2.185618729096989, 0.001992512341504918, -0.0020187472660879503
flux1:, 2.192307692307691, 0.0018310871686620471, -0.0018183545323122744
flux1:, 2.1989966555183935, 0.0016652834309423645, -0.0016772003064979256
flux1:, 2.205685618729096, 0.0015034778462149727, -0.001543275400858975
flux1:, 2.212374581939798, 0.0013869757326370235, -0.0014125924564230257
flux1:, 2.2190635451505005, 0.0012733896334680844, -0.0013284091564621813
flux1:, 2.225752508361203, 0.0011362640234482584, -0.0012519826719976502
flux1:, 2.232441471571905, 0.00103751788455503, -0.0011358644680708122
flux1:, 2.2391304347826075, 9.862461198832195e-4, -0.001011897384832569
flux1:, 2.24581939799331, 9.206719057653828e-4, -9.095553077943842e-4
flux1:, 2.252508361204012, 8.383983508394015e-4, -8.244132413992748e-4
flux1:, 2.2591973244147145, 7.732147214582259e-4, -7.6016700232898e-4
flux1:, 2.265886287625417, 7.16429043619824e-4, -7.032599627958409e-4
flux1:, 2.272575250836119, 6.606769680603415e-4, -6.284998433590792e-4
flux1:, 2.2792642140468216, 6.154969408011139e-4, -5.542808931987582e-4
flux1:, 2.285953177257524, 5.660445368599615e-4, -5.029708122480331e-4
flux1:, 2.2926421404682262, 5.065107731755608e-4, -4.5328874323832455e-4
flux1:, 2.2993311036789286, 4.6055872623252894e-4, -3.9733469321461397e-4
flux1:, 2.306020066889631, 4.251709340704976e-4, -3.586642640614145e-4
flux1:, 2.3127090301003332, 3.7747486882966765e-4, -3.3420695825271267e-4
flux1:, 2.3193979933110356, 3.279633776370978e-4, -3.041657583789259e-4
flux1:, 2.326086956521738, 2.9319111554125315e-4, -2.7388346501074095e-4
flux1:, 2.3327759197324403, 2.6282258052585846e-4, -2.494041097916725e-4
flux1:, 2.3394648829431426, 2.3289534988372393e-4, -2.230112293584271e-4
flux1:, 2.346153846153845, 2.1161798990203896e-4, -1.9891213452545334e-4
flux1:, 2.3528428093645473, 1.9207543272588423e-4, -1.8262973498216027e-4
flux1:, 2.3595317725752496, 1.6789917530872544e-4, -1.6449575498857387e-4
flux1:, 2.366220735785952, 1.4842334805246056e-4, -1.4349490693467615e-4
flux1:, 2.3729096989966543, 1.3521632662797642e-4, -1.292902878064569e-4
flux1:, 2.3795986622073566, 1.2044204928782242e-4, -1.185078424826838e-4
flux1:, 2.386287625418059, 1.0575520189843781e-4, -1.0551211770073448e-4
flux1:, 2.3929765886287613, 9.422600924305921e-5, -9.600487241826136e-5
flux1:, 2.3996655518394636, 8.262445304836645e-5, -8.96591380598602e-5
flux1:, 2.406354515050166, 7.24636139354839e-5, -8.000536481314888e-5
flux1:, 2.4130434782608683, 6.619392749333358e-5, -7.079654652999672e-5
flux1:, 2.4197324414715706, 5.918518501340263e-5, -6.566540377360514e-5
flux1:, 2.426421404682273, 5.054893030622024e-5, -5.9044527545361195e-5
flux1:, 2.4331103678929753, 4.4915165257792686e-5, -5.100226294897662e-5
flux1:, 2.4397993311036776, 4.073544647666014e-5, -4.677574322907595e-5
flux1:, 2.44648829431438, 3.471542144035249e-5, -4.3395856737014415e-5
flux1:, 2.4531772575250823, 2.9773353419182514e-5, -3.7472318623688194e-5
flux1:, 2.4598662207357846, 2.709451691334694e-5, -3.287146299386004e-5
flux1:, 2.466555183946487, 2.366130781998533e-5, -3.0281638824558282e-5
flux1:, 2.4732441471571893, 1.9979486515834797e-5, -2.6702237180153416e-5
flux1:, 2.4799331103678917, 1.7812001692407192e-5, -2.3954022271845526e-5
flux1:, 2.486622073578594, 1.5492054522025986e-5, -2.3263904969065862e-5
flux1:, 2.4933110367892963, 1.268679978372757e-5, -2.1223422161213065e-5
flux1:, 2.4999999999999987, 1.1163322837335112e-5, -1.791692499084838e-5

Elapsed run time = 1445.96 s
