--------------------------------------------------------------------------
[[10204,1],0]: A high-performance Open MPI point-to-point messaging module
was unable to find any relevant network interfaces:

Module: OpenFabrics (openib)
  Host: euca-128-84-11-54

Another transport will be used instead, although this may result in
lower performance.
--------------------------------------------------------------------------
Using MPI version 3.0, 2 processes
command-line param: no-struct=false
command-line param: no-holes=false
command-line param: rodpos=".15/rodpos.txt"
-----------
Initializing structure...
Working in 3D dimensions.
Computational cell is 4 x 4 x 5 with resolution 40
     block, center = (0,0,0)
          size (1e+20,1e+20,0.15)
          axes (1,0,0), (0,1,0), (0,0,1)
          dielectric constant epsilon diagonal = (12,12,12)
     cylinder, center = (1.74,2.572,0)
          radius 0.15, height 0.15, axis (0, 0, 1)
          dielectric constant epsilon diagonal = (1,1,1)
     cylinder, center = (2.807,0.42,0)
          radius 0.15, height 0.15, axis (0, 0, 1)
          dielectric constant epsilon diagonal = (1,1,1)
     cylinder, center = (1.488,2.406,0)
          radius 0.15, height 0.15, axis (0, 0, 1)
          dielectric constant epsilon diagonal = (1,1,1)
     cylinder, center = (1.801,0.381,0)
          radius 0.15, height 0.15, axis (0, 0, 1)
          dielectric constant epsilon diagonal = (1,1,1)
     cylinder, center = (1.301,3.724,0)
          radius 0.15, height 0.15, axis (0, 0, 1)
          dielectric constant epsilon diagonal = (1,1,1)
     cylinder, center = (2.653,3.198,0)
          radius 0.15, height 0.15, axis (0, 0, 1)
          dielectric constant epsilon diagonal = (1,1,1)
     cylinder, center = (0.588,3.548,0)
          radius 0.15, height 0.15, axis (0, 0, 1)
          dielectric constant epsilon diagonal = (1,1,1)
     cylinder, center = (1.315,1.417,0)
          radius 0.15, height 0.15, axis (0, 0, 1)
          dielectric constant epsilon diagonal = (1,1,1)
     cylinder, center = (0.241,1.348,0)
          radius 0.15, height 0.15, axis (0, 0, 1)
          dielectric constant epsilon diagonal = (1,1,1)
     cylinder, center = (0.056,3.136,0)
          radius 0.15, height 0.15, axis (0, 0, 1)
          dielectric constant epsilon diagonal = (1,1,1)
     cylinder, center = (2.868,2.867,0)
          radius 0.15, height 0.15, axis (0, 0, 1)
          dielectric constant epsilon diagonal = (1,1,1)
     cylinder, center = (2.934,0.71,0)
          radius 0.15, height 0.15, axis (0, 0, 1)
          dielectric constant epsilon diagonal = (1,1,1)
     cylinder, center = (3.683,3.121,0)
          radius 0.15, height 0.15, axis (0, 0, 1)
          dielectric constant epsilon diagonal = (1,1,1)
     cylinder, center = (3.101,2.29,0)
          radius 0.15, height 0.15, axis (0, 0, 1)
          dielectric constant epsilon diagonal = (1,1,1)
     cylinder, center = (1.334,1.029,0)
          radius 0.15, height 0.15, axis (0, 0, 1)
          dielectric constant epsilon diagonal = (1,1,1)
     cylinder, center = (0.565,2.035,0)
          radius 0.15, height 0.15, axis (0, 0, 1)
          dielectric constant epsilon diagonal = (1,1,1)
     cylinder, center = (3.847,3.73,0)
          radius 0.15, height 0.15, axis (0, 0, 1)
          dielectric constant epsilon diagonal = (1,1,1)
     cylinder, center = (0.843,2.186,0)
          radius 0.15, height 0.15, axis (0, 0, 1)
          dielectric constant epsilon diagonal = (1,1,1)
     cylinder, center = (1.103,1.824,0)
          radius 0.15, height 0.15, axis (0, 0, 1)
          dielectric constant epsilon diagonal = (1,1,1)
     cylinder, center = (1.117,0.796,0)
          radius 0.15, height 0.15, axis (0, 0, 1)
          dielectric constant epsilon diagonal = (1,1,1)
     cylinder, center = (1.935,1.303,0)
          radius 0.15, height 0.15, axis (0, 0, 1)
          dielectric constant epsilon diagonal = (1,1,1)
     cylinder, center = (0.182,2.821,0)
          radius 0.15, height 0.15, axis (0, 0, 1)
          dielectric constant epsilon diagonal = (1,1,1)
     cylinder, center = (3.932,2.757,0)
          radius 0.15, height 0.15, axis (0, 0, 1)
          dielectric constant epsilon diagonal = (1,1,1)
     cylinder, center = (3.973,1.469,0)
          radius 0.15, height 0.15, axis (0, 0, 1)
          dielectric constant epsilon diagonal = (1,1,1)
     cylinder, center = (3.323,3.888,0)
          radius 0.15, height 0.15, axis (0, 0, 1)
          dielectric constant epsilon diagonal = (1,1,1)
     cylinder, center = (1.384,3.235,0)
          radius 0.15, height 0.15, axis (0, 0, 1)
          dielectric constant epsilon diagonal = (1,1,1)
     cylinder, center = (0.321,0.066,0)
          radius 0.15, height 0.15, axis (0, 0, 1)
          dielectric constant epsilon diagonal = (1,1,1)
     cylinder, center = (0.511,1.63,0)
          radius 0.15, height 0.15, axis (0, 0, 1)
          dielectric constant epsilon diagonal = (1,1,1)
     cylinder, center = (1.814,2.281,0)
          radius 0.15, height 0.15, axis (0, 0, 1)
          dielectric constant epsilon diagonal = (1,1,1)
     cylinder, center = (2.564,1.901,0)
          radius 0.15, height 0.15, axis (0, 0, 1)
          dielectric constant epsilon diagonal = (1,1,1)
     cylinder, center = (3.077,0.133,0)
          radius 0.15, height 0.15, axis (0, 0, 1)
          dielectric constant epsilon diagonal = (1,1,1)
     cylinder, center = (2.443,1.239,0)
          radius 0.15, height 0.15, axis (0, 0, 1)
          dielectric constant epsilon diagonal = (1,1,1)
     cylinder, center = (3.256,3.288,0)
          radius 0.15, height 0.15, axis (0, 0, 1)
          dielectric constant epsilon diagonal = (1,1,1)
     cylinder, center = (3.602,2.681,0)
          radius 0.15, height 0.15, axis (0, 0, 1)
          dielectric constant epsilon diagonal = (1,1,1)
     cylinder, center = (2.174,2.19,0)
          radius 0.15, height 0.15, axis (0, 0, 1)
          dielectric constant epsilon diagonal = (1,1,1)
     cylinder, center = (2.398,3.565,0)
          radius 0.15, height 0.15, axis (0, 0, 1)
          dielectric constant epsilon diagonal = (1,1,1)
     cylinder, center = (0.932,1.039,0)
          radius 0.15, height 0.15, axis (0, 0, 1)
          dielectric constant epsilon diagonal = (1,1,1)
     cylinder, center = (1.227,2.972,0)
          radius 0.15, height 0.15, axis (0, 0, 1)
          dielectric constant epsilon diagonal = (1,1,1)
     cylinder, center = (0.831,1.647,0)
          radius 0.15, height 0.15, axis (0, 0, 1)
          dielectric constant epsilon diagonal = (1,1,1)
     cylinder, center = (3.366,0.928,0)
          radius 0.15, height 0.15, axis (0, 0, 1)
          dielectric constant epsilon diagonal = (1,1,1)
     cylinder, center = (1.66,1.641,0)
          radius 0.15, height 0.15, axis (0, 0, 1)
          dielectric constant epsilon diagonal = (1,1,1)
     cylinder, center = (3.21,2.733,0)
          radius 0.15, height 0.15, axis (0, 0, 1)
          dielectric constant epsilon diagonal = (1,1,1)
     cylinder, center = (2.068,1.692,0)
          radius 0.15, height 0.15, axis (0, 0, 1)
          dielectric constant epsilon diagonal = (1,1,1)
     cylinder, center = (1.768,3.062,0)
          radius 0.15, height 0.15, axis (0, 0, 1)
          dielectric constant epsilon diagonal = (1,1,1)
     cylinder, center = (2.096,0.819,0)
          radius 0.15, height 0.15, axis (0, 0, 1)
          dielectric constant epsilon diagonal = (1,1,1)
     cylinder, center = (3.738,1.123,0)
          radius 0.15, height 0.15, axis (0, 0, 1)
          dielectric constant epsilon diagonal = (1,1,1)
     cylinder, center = (1.705,3.729,0)
          radius 0.15, height 0.15, axis (0, 0, 1)
          dielectric constant epsilon diagonal = (1,1,1)
     cylinder, center = (2.48,2.37,0)
          radius 0.15, height 0.15, axis (0, 0, 1)
          dielectric constant epsilon diagonal = (1,1,1)
     cylinder, center = (3.805,1.751,0)
          radius 0.15, height 0.15, axis (0, 0, 1)
          dielectric constant epsilon diagonal = (1,1,1)
     cylinder, center = (0.675,1.255,0)
          radius 0.15, height 0.15, axis (0, 0, 1)
          dielectric constant epsilon diagonal = (1,1,1)
     cylinder, center = (3.228,1.776,0)
          radius 0.15, height 0.15, axis (0, 0, 1)
          dielectric constant epsilon diagonal = (1,1,1)
     cylinder, center = (1.053,3.385,0)
          radius 0.15, height 0.15, axis (0, 0, 1)
          dielectric constant epsilon diagonal = (1,1,1)
     cylinder, center = (3.546,2.342,0)
          radius 0.15, height 0.15, axis (0, 0, 1)
          dielectric constant epsilon diagonal = (1,1,1)
     cylinder, center = (0.121,2.343,0)
          radius 0.15, height 0.15, axis (0, 0, 1)
          dielectric constant epsilon diagonal = (1,1,1)
     cylinder, center = (3.531,1.881,0)
          radius 0.15, height 0.15, axis (0, 0, 1)
          dielectric constant epsilon diagonal = (1,1,1)
     cylinder, center = (2.877,1.614,0)
          radius 0.15, height 0.15, axis (0, 0, 1)
          dielectric constant epsilon diagonal = (1,1,1)
     cylinder, center = (0.288,0.365,0)
          radius 0.15, height 0.15, axis (0, 0, 1)
          dielectric constant epsilon diagonal = (1,1,1)
     cylinder, center = (1.084,0.49,0)
          radius 0.15, height 0.15, axis (0, 0, 1)
          dielectric constant epsilon diagonal = (1,1,1)
     cylinder, center = (3.441,3.599,0)
          radius 0.15, height 0.15, axis (0, 0, 1)
          dielectric constant epsilon diagonal = (1,1,1)
     cylinder, center = (0.259,3.425,0)
          radius 0.15, height 0.15, axis (0, 0, 1)
          dielectric constant epsilon diagonal = (1,1,1)
     cylinder, center = (2.063,3.559,0)
          radius 0.15, height 0.15, axis (0, 0, 1)
          dielectric constant epsilon diagonal = (1,1,1)
     cylinder, center = (0.683,2.456,0)
          radius 0.15, height 0.15, axis (0, 0, 1)
          dielectric constant epsilon diagonal = (1,1,1)
     cylinder, center = (3.537,0.671,0)
          radius 0.15, height 0.15, axis (0, 0, 1)
          dielectric constant epsilon diagonal = (1,1,1)
     cylinder, center = (2.385,0.547,0)
          radius 0.15, height 0.15, axis (0, 0, 1)
          dielectric constant epsilon diagonal = (1,1,1)
     cylinder, center = (0.851,0.027,0)
          radius 0.15, height 0.15, axis (0, 0, 1)
          dielectric constant epsilon diagonal = (1,1,1)
     cylinder, center = (3.811,0.444,0)
          radius 0.15, height 0.15, axis (0, 0, 1)
          dielectric constant epsilon diagonal = (1,1,1)
     cylinder, center = (3.941,0.048,0)
          radius 0.15, height 0.15, axis (0, 0, 1)
          dielectric constant epsilon diagonal = (1,1,1)
     cylinder, center = (1.051,2.613,0)
          radius 0.15, height 0.15, axis (0, 0, 1)
          dielectric constant epsilon diagonal = (1,1,1)
subpixel-averaging is 74.4569% done, 1.37344 s remaining
subpixel-averaging is 74.4569% done, 1.37226 s remaining
subpixel-averaging is 74.0069% done, 1.4059 s remaining
time for set_epsilon = 26.9445 s
time for set_conductivity = 1.13803 s
time for set_conductivity = 1.13818 s
time for set_conductivity = 1.13868 s
-----------
Meep progress: 0.0125/50.0 = 0.0% done in 5.6s, 22527.1s to go
on time step 1 (time=0.0125), 5.63381 s/step
Meep progress: 0.17500000000000002/50.0 = 0.4% done in 9.9s, 2832.0s to go
on time step 14 (time=0.175), 0.331812 s/step
Meep progress: 0.3375/50.0 = 0.7% done in 14.2s, 2086.9s to go
on time step 27 (time=0.3375), 0.325807 s/step
Meep progress: 0.5/50.0 = 1.0% done in 18.4s, 1822.2s to go
on time step 40 (time=0.5), 0.32486 s/step
Meep progress: 0.6625000000000001/50.0 = 1.3% done in 22.7s, 1689.4s to go
on time step 53 (time=0.6625), 0.329208 s/step
Meep progress: 0.8250000000000001/50.0 = 1.6% done in 26.9s, 1601.9s to go
on time step 66 (time=0.825), 0.322247 s/step
Meep progress: 0.9875/50.0 = 2.0% done in 31.1s, 1544.2s to go
on time step 79 (time=0.9875), 0.326019 s/step
Meep progress: 1.1500000000000001/50.0 = 2.3% done in 35.4s, 1504.7s to go
on time step 92 (time=1.15), 0.331615 s/step
Meep progress: 1.3125/50.0 = 2.6% done in 39.6s, 1470.7s to go
on time step 105 (time=1.3125), 0.324823 s/step
Meep progress: 1.475/50.0 = 3.0% done in 43.8s, 1441.6s to go
on time step 118 (time=1.475), 0.320903 s/step
Meep progress: 1.6375000000000002/50.0 = 3.3% done in 48.1s, 1420.2s to go
on time step 131 (time=1.6375), 0.328168 s/step
Meep progress: 1.8/50.0 = 3.6% done in 52.4s, 1401.9s to go
on time step 144 (time=1.8), 0.328194 s/step
Meep progress: 1.9625000000000001/50.0 = 3.9% done in 56.6s, 1386.5s to go
on time step 157 (time=1.9625), 0.330132 s/step
Meep progress: 2.125/50.0 = 4.2% done in 60.9s, 1372.3s to go
on time step 170 (time=2.125), 0.328448 s/step
Meep progress: 2.2875/50.0 = 4.6% done in 65.1s, 1358.8s to go
on time step 183 (time=2.2875), 0.325398 s/step
Meep progress: 2.4375/50.0 = 4.9% done in 69.3s, 1352.6s to go
on time step 195 (time=2.4375), 0.347716 s/step
Meep progress: 2.6/50.0 = 5.2% done in 73.6s, 1342.7s to go
on time step 208 (time=2.6), 0.333342 s/step
Meep progress: 2.75/50.0 = 5.5% done in 77.9s, 1338.3s to go
on time step 220 (time=2.75), 0.353528 s/step
Meep progress: 2.9125/50.0 = 5.8% done in 82.2s, 1328.6s to go
on time step 233 (time=2.9125), 0.329804 s/step
Meep progress: 3.0625/50.0 = 6.1% done in 86.3s, 1323.0s to go
on time step 245 (time=3.0625), 0.345255 s/step
Meep progress: 3.225/50.0 = 6.4% done in 90.6s, 1313.7s to go
on time step 258 (time=3.225), 0.327152 s/step
Meep progress: 3.375/50.0 = 6.8% done in 94.6s, 1307.2s to go
on time step 270 (time=3.375), 0.337415 s/step
Meep progress: 3.5250000000000004/50.0 = 7.0% done in 98.7s, 1300.8s to go
on time step 282 (time=3.525), 0.336713 s/step
Meep progress: 3.6875/50.0 = 7.4% done in 103.0s, 1293.4s to go
on time step 295 (time=3.6875), 0.332123 s/step
Meep progress: 3.85/50.0 = 7.7% done in 107.2s, 1285.5s to go
on time step 308 (time=3.85), 0.327356 s/step
Meep progress: 4.0125/50.0 = 8.0% done in 111.5s, 1277.9s to go
on time step 321 (time=4.0125), 0.327949 s/step
Meep progress: 4.175/50.0 = 8.4% done in 115.7s, 1269.7s to go
on time step 334 (time=4.175), 0.321643 s/step
Meep progress: 4.3375/50.0 = 8.7% done in 119.9s, 1262.5s to go
on time step 347 (time=4.3375), 0.326183 s/step
Meep progress: 4.5/50.0 = 9.0% done in 124.2s, 1255.6s to go
on time step 360 (time=4.5), 0.327558 s/step
Meep progress: 4.6625000000000005/50.0 = 9.3% done in 128.4s, 1248.7s to go
on time step 373 (time=4.6625), 0.326016 s/step
Meep progress: 4.825/50.0 = 9.6% done in 132.7s, 1242.5s to go
on time step 386 (time=4.825), 0.329768 s/step
Meep progress: 4.987500000000001/50.0 = 10.0% done in 137.0s, 1236.1s to go
on time step 399 (time=4.9875), 0.327616 s/step
Meep progress: 5.15/50.0 = 10.3% done in 141.2s, 1229.9s to go
on time step 412 (time=5.15), 0.327673 s/step
Meep progress: 5.2875000000000005/50.0 = 10.6% done in 145.2s, 1228.2s to go
on time step 423 (time=5.2875), 0.364641 s/step
Meep progress: 5.45/50.0 = 10.9% done in 149.6s, 1222.6s to go
on time step 436 (time=5.45), 0.333285 s/step
Meep progress: 5.6000000000000005/50.0 = 11.2% done in 153.7s, 1218.8s to go
on time step 448 (time=5.6), 0.346135 s/step
Meep progress: 5.75/50.0 = 11.5% done in 157.8s, 1214.2s to go
on time step 460 (time=5.75), 0.337902 s/step
Meep progress: 5.9125000000000005/50.0 = 11.8% done in 162.1s, 1208.5s to go
on time step 473 (time=5.9125), 0.329824 s/step
Meep progress: 6.050000000000001/50.0 = 12.1% done in 166.1s, 1206.5s to go
on time step 484 (time=6.05), 0.365667 s/step
Meep progress: 6.2/50.0 = 12.4% done in 170.2s, 1202.3s to go
on time step 496 (time=6.2), 0.34149 s/step
Meep progress: 6.362500000000001/50.0 = 12.7% done in 174.5s, 1196.9s to go
on time step 509 (time=6.3625), 0.333303 s/step
Meep progress: 6.525/50.0 = 13.0% done in 178.8s, 1191.5s to go
on time step 522 (time=6.525), 0.330936 s/step
Meep progress: 6.65/50.0 = 13.3% done in 183.2s, 1194.3s to go
on time step 532 (time=6.65), 0.438001 s/step
Meep progress: 6.775/50.0 = 13.6% done in 187.6s, 1196.6s to go
on time step 542 (time=6.775), 0.435119 s/step
Meep progress: 6.9/50.0 = 13.8% done in 191.9s, 1198.5s to go
on time step 552 (time=6.9), 0.431616 s/step
Meep progress: 7.025/50.0 = 14.0% done in 196.2s, 1200.5s to go
on time step 562 (time=7.025), 0.437665 s/step
Meep progress: 7.1625000000000005/50.0 = 14.3% done in 200.5s, 1199.0s to go
on time step 573 (time=7.1625), 0.384367 s/step
Meep progress: 7.3125/50.0 = 14.6% done in 204.8s, 1195.4s to go
on time step 585 (time=7.3125), 0.358123 s/step
Meep progress: 7.4625/50.0 = 14.9% done in 208.9s, 1190.6s to go
on time step 597 (time=7.4625), 0.341517 s/step
Meep progress: 7.612500000000001/50.0 = 15.2% done in 213.0s, 1186.0s to go
on time step 609 (time=7.6125), 0.343275 s/step
Meep progress: 7.7625/50.0 = 15.5% done in 217.1s, 1181.4s to go
on time step 621 (time=7.7625), 0.343795 s/step
Meep progress: 7.9125000000000005/50.0 = 15.8% done in 221.4s, 1177.8s to go
on time step 633 (time=7.9125), 0.359777 s/step
Meep progress: 8.075000000000001/50.0 = 16.2% done in 225.7s, 1171.7s to go
on time step 646 (time=8.075), 0.326662 s/step
Meep progress: 8.2375/50.0 = 16.5% done in 229.9s, 1165.6s to go
on time step 659 (time=8.2375), 0.325802 s/step
Meep progress: 8.387500000000001/50.0 = 16.8% done in 233.9s, 1160.6s to go
on time step 671 (time=8.3875), 0.33549 s/step
Meep progress: 8.5375/50.0 = 17.1% done in 238.1s, 1156.1s to go
on time step 683 (time=8.5375), 0.342792 s/step
Meep progress: 8.675/50.0 = 17.4% done in 242.1s, 1153.4s to go
on time step 694 (time=8.675), 0.370692 s/step
Meep progress: 8.8125/50.0 = 17.6% done in 246.1s, 1150.4s to go
on time step 705 (time=8.8125), 0.365016 s/step
Meep progress: 8.9625/50.0 = 17.9% done in 250.1s, 1145.4s to go
on time step 717 (time=8.9625), 0.333347 s/step
Meep progress: 9.125/50.0 = 18.2% done in 254.4s, 1139.6s to go
on time step 730 (time=9.125), 0.327792 s/step
Meep progress: 9.275/50.0 = 18.6% done in 258.4s, 1134.8s to go
on time step 742 (time=9.275), 0.33648 s/step
Meep progress: 9.4375/50.0 = 18.9% done in 262.8s, 1129.5s to go
on time step 755 (time=9.4375), 0.335219 s/step
Meep progress: 9.575000000000001/50.0 = 19.2% done in 267.1s, 1127.5s to go
on time step 766 (time=9.575), 0.387085 s/step
Meep progress: 9.7125/50.0 = 19.4% done in 271.3s, 1125.2s to go
on time step 777 (time=9.7125), 0.382601 s/step
Meep progress: 9.8625/50.0 = 19.7% done in 275.3s, 1120.5s to go
on time step 789 (time=9.8625), 0.337966 s/step
Meep progress: 10.012500000000001/50.0 = 20.0% done in 279.4s, 1116.0s to go
on time step 801 (time=10.0125), 0.342332 s/step
Meep progress: 10.175/50.0 = 20.4% done in 283.7s, 1110.4s to go
on time step 814 (time=10.175), 0.328014 s/step
Meep progress: 10.3375/50.0 = 20.7% done in 287.9s, 1104.7s to go
on time step 827 (time=10.3375), 0.324645 s/step
Meep progress: 10.4875/50.0 = 21.0% done in 292.0s, 1100.0s to go
on time step 839 (time=10.4875), 0.336402 s/step
Meep progress: 10.65/50.0 = 21.3% done in 296.2s, 1094.4s to go
on time step 852 (time=10.65), 0.326237 s/step
Meep progress: 10.8125/50.0 = 21.6% done in 300.5s, 1088.9s to go
on time step 865 (time=10.8125), 0.327429 s/step
Meep progress: 10.975000000000001/50.0 = 22.0% done in 304.7s, 1083.5s to go
on time step 878 (time=10.975), 0.327404 s/step
Meep progress: 11.125/50.0 = 22.2% done in 308.8s, 1078.9s to go
on time step 890 (time=11.125), 0.336901 s/step
Meep progress: 11.287500000000001/50.0 = 22.6% done in 313.1s, 1073.8s to go
on time step 903 (time=11.2875), 0.332658 s/step
Meep progress: 11.4375/50.0 = 22.9% done in 317.2s, 1069.4s to go
on time step 915 (time=11.4375), 0.341216 s/step
Meep progress: 11.600000000000001/50.0 = 23.2% done in 321.5s, 1064.2s to go
on time step 928 (time=11.6), 0.332256 s/step
Meep progress: 11.75/50.0 = 23.5% done in 325.7s, 1060.2s to go
on time step 940 (time=11.75), 0.348101 s/step
Meep progress: 11.9/50.0 = 23.8% done in 329.9s, 1056.1s to go
on time step 952 (time=11.9), 0.349311 s/step
Meep progress: 12.037500000000001/50.0 = 24.1% done in 334.1s, 1053.8s to go
on time step 963 (time=12.0375), 0.388829 s/step
Meep progress: 12.175/50.0 = 24.4% done in 338.3s, 1051.0s to go
on time step 974 (time=12.175), 0.37915 s/step
Meep progress: 12.325000000000001/50.0 = 24.7% done in 342.4s, 1046.6s to go
on time step 986 (time=12.325), 0.33891 s/step
Meep progress: 12.475000000000001/50.0 = 25.0% done in 346.5s, 1042.2s to go
on time step 998 (time=12.475), 0.340907 s/step
Meep progress: 12.625/50.0 = 25.2% done in 350.5s, 1037.5s to go
on time step 1010 (time=12.625), 0.333731 s/step
Meep progress: 12.775/50.0 = 25.6% done in 354.8s, 1033.7s to go
on time step 1022 (time=12.775), 0.357689 s/step
Meep progress: 12.9/50.0 = 25.8% done in 359.2s, 1033.0s to go
on time step 1032 (time=12.9), 0.440288 s/step
Meep progress: 13.025/50.0 = 26.0% done in 363.3s, 1031.4s to go
on time step 1042 (time=13.025), 0.41579 s/step
Meep progress: 13.175/50.0 = 26.4% done in 367.4s, 1026.8s to go
on time step 1054 (time=13.175), 0.336245 s/step
Meep progress: 13.325000000000001/50.0 = 26.6% done in 371.6s, 1022.8s to go
on time step 1066 (time=13.325), 0.353232 s/step
Meep progress: 13.4875/50.0 = 27.0% done in 375.9s, 1017.6s to go
on time step 1079 (time=13.4875), 0.330932 s/step
Meep progress: 13.65/50.0 = 27.3% done in 380.2s, 1012.4s to go
on time step 1092 (time=13.65), 0.327751 s/step
Meep progress: 13.8/50.0 = 27.6% done in 384.4s, 1008.2s to go
on time step 1104 (time=13.8), 0.349437 s/step
Meep progress: 13.9375/50.0 = 27.9% done in 388.7s, 1005.6s to go
on time step 1115 (time=13.9375), 0.391293 s/step
Meep progress: 14.075000000000001/50.0 = 28.2% done in 392.8s, 1002.6s to go
on time step 1126 (time=14.075), 0.377996 s/step
Meep progress: 14.2375/50.0 = 28.5% done in 397.1s, 997.5s to go
on time step 1139 (time=14.2375), 0.330665 s/step
Meep progress: 14.4/50.0 = 28.8% done in 401.5s, 992.5s to go
on time step 1152 (time=14.4), 0.335782 s/step
Meep progress: 14.55/50.0 = 29.1% done in 405.5s, 988.1s to go
on time step 1164 (time=14.55), 0.337696 s/step
Meep progress: 14.700000000000001/50.0 = 29.4% done in 409.7s, 983.8s to go
on time step 1176 (time=14.7), 0.344484 s/step
Meep progress: 14.850000000000001/50.0 = 29.7% done in 413.8s, 979.4s to go
on time step 1188 (time=14.85), 0.342803 s/step
Meep progress: 14.9875/50.0 = 30.0% done in 418.0s, 976.5s to go
on time step 1199 (time=14.9875), 0.382831 s/step
Meep progress: 15.125/50.0 = 30.2% done in 422.1s, 973.3s to go
on time step 1210 (time=15.125), 0.372989 s/step
Meep progress: 15.262500000000001/50.0 = 30.5% done in 426.1s, 969.9s to go
on time step 1221 (time=15.2625), 0.367751 s/step
Meep progress: 15.4/50.0 = 30.8% done in 430.4s, 966.9s to go
on time step 1232 (time=15.4), 0.383146 s/step
Meep progress: 15.55/50.0 = 31.1% done in 434.5s, 962.6s to go
on time step 1244 (time=15.55), 0.346527 s/step
Meep progress: 15.7125/50.0 = 31.4% done in 438.8s, 957.5s to go
on time step 1257 (time=15.7125), 0.327021 s/step
Meep progress: 15.8625/50.0 = 31.7% done in 442.8s, 952.9s to go
on time step 1269 (time=15.8625), 0.33635 s/step
Meep progress: 16.0/50.0 = 32.0% done in 447.0s, 949.9s to go
on time step 1280 (time=16), 0.383544 s/step
Meep progress: 16.125/50.0 = 32.2% done in 451.4s, 948.2s to go
on time step 1290 (time=16.125), 0.435549 s/step
Meep progress: 16.275000000000002/50.0 = 32.6% done in 455.4s, 943.7s to go
on time step 1302 (time=16.275), 0.33605 s/step
Meep progress: 16.4375/50.0 = 32.9% done in 459.7s, 938.6s to go
on time step 1315 (time=16.4375), 0.328986 s/step
Meep progress: 16.587500000000002/50.0 = 33.2% done in 463.7s, 934.0s to go
on time step 1327 (time=16.5875), 0.33355 s/step
Meep progress: 16.75/50.0 = 33.5% done in 468.0s, 929.0s to go
on time step 1340 (time=16.75), 0.329658 s/step
Meep progress: 16.9125/50.0 = 33.8% done in 472.3s, 923.9s to go
on time step 1353 (time=16.9125), 0.330696 s/step
Meep progress: 17.075/50.0 = 34.2% done in 476.6s, 919.0s to go
on time step 1366 (time=17.075), 0.33338 s/step
Meep progress: 17.2375/50.0 = 34.5% done in 480.9s, 914.0s to go
on time step 1379 (time=17.2375), 0.329704 s/step
Meep progress: 17.3875/50.0 = 34.8% done in 484.9s, 909.6s to go
on time step 1391 (time=17.3875), 0.336703 s/step
Meep progress: 17.5375/50.0 = 35.1% done in 489.0s, 905.2s to go
on time step 1403 (time=17.5375), 0.341019 s/step
Meep progress: 17.7/50.0 = 35.4% done in 493.3s, 900.2s to go
on time step 1416 (time=17.7), 0.328077 s/step
Meep progress: 17.8625/50.0 = 35.7% done in 497.6s, 895.2s to go
on time step 1429 (time=17.8625), 0.328929 s/step
Meep progress: 18.025000000000002/50.0 = 36.1% done in 501.8s, 890.2s to go
on time step 1442 (time=18.025), 0.328201 s/step
Meep progress: 18.175/50.0 = 36.4% done in 506.1s, 886.2s to go
on time step 1454 (time=18.175), 0.35678 s/step
Meep progress: 18.3/50.0 = 36.6% done in 510.5s, 884.2s to go
on time step 1464 (time=18.3), 0.433871 s/step
Meep progress: 18.4375/50.0 = 36.9% done in 514.6s, 880.9s to go
on time step 1475 (time=18.4375), 0.377871 s/step
Meep progress: 18.6/50.0 = 37.2% done in 518.9s, 875.9s to go
on time step 1488 (time=18.6), 0.326689 s/step
Meep progress: 18.7625/50.0 = 37.5% done in 523.1s, 870.9s to go
on time step 1501 (time=18.7625), 0.326308 s/step
Meep progress: 18.925/50.0 = 37.8% done in 527.3s, 865.9s to go
on time step 1514 (time=18.925), 0.32516 s/step
Meep progress: 19.087500000000002/50.0 = 38.2% done in 531.5s, 860.8s to go
on time step 1527 (time=19.0875), 0.323965 s/step
Meep progress: 19.25/50.0 = 38.5% done in 535.8s, 855.8s to go
on time step 1540 (time=19.25), 0.324787 s/step
Meep progress: 19.4125/50.0 = 38.8% done in 540.0s, 850.8s to go
on time step 1553 (time=19.4125), 0.325224 s/step
Meep progress: 19.575000000000003/50.0 = 39.2% done in 544.3s, 846.0s to go
on time step 1566 (time=19.575), 0.334274 s/step
Meep progress: 19.7375/50.0 = 39.5% done in 548.5s, 841.0s to go
on time step 1579 (time=19.7375), 0.323085 s/step
Meep progress: 19.900000000000002/50.0 = 39.8% done in 552.8s, 836.1s to go
on time step 1592 (time=19.9), 0.32592 s/step
Meep progress: 20.05/50.0 = 40.1% done in 556.8s, 831.7s to go
on time step 1604 (time=20.05), 0.33364 s/step
Meep progress: 20.212500000000002/50.0 = 40.4% done in 561.0s, 826.8s to go
on time step 1617 (time=20.2125), 0.325968 s/step
Meep progress: 20.3625/50.0 = 40.7% done in 565.2s, 822.6s to go
on time step 1629 (time=20.3625), 0.348 s/step
Meep progress: 20.5/50.0 = 41.0% done in 569.5s, 819.5s to go
on time step 1640 (time=20.5), 0.388596 s/step
Meep progress: 20.637500000000003/50.0 = 41.3% done in 573.6s, 816.2s to go
on time step 1651 (time=20.6375), 0.379992 s/step
Meep progress: 20.775000000000002/50.0 = 41.6% done in 577.7s, 812.6s to go
on time step 1662 (time=20.775), 0.366486 s/step
Meep progress: 20.9375/50.0 = 41.9% done in 582.0s, 807.8s to go
on time step 1675 (time=20.9375), 0.33078 s/step
Meep progress: 21.087500000000002/50.0 = 42.2% done in 586.1s, 803.5s to go
on time step 1687 (time=21.0875), 0.340866 s/step
Meep progress: 21.25/50.0 = 42.5% done in 590.4s, 798.7s to go
on time step 1700 (time=21.25), 0.33159 s/step
Meep progress: 21.400000000000002/50.0 = 42.8% done in 594.6s, 794.7s to go
on time step 1712 (time=21.4), 0.355999 s/step
Meep progress: 21.5375/50.0 = 43.1% done in 598.8s, 791.4s to go
on time step 1723 (time=21.5375), 0.380456 s/step
Meep progress: 21.675/50.0 = 43.4% done in 602.9s, 787.8s to go
on time step 1734 (time=21.675), 0.367117 s/step
Meep progress: 21.837500000000002/50.0 = 43.7% done in 607.2s, 783.0s to go
on time step 1747 (time=21.8375), 0.331315 s/step
Meep progress: 22.0/50.0 = 44.0% done in 611.5s, 778.2s to go
on time step 1760 (time=22), 0.329436 s/step
Meep progress: 22.1625/50.0 = 44.3% done in 615.6s, 773.3s to go
on time step 1773 (time=22.1625), 0.320333 s/step
Meep progress: 22.3125/50.0 = 44.6% done in 619.8s, 769.1s to go
on time step 1785 (time=22.3125), 0.34658 s/step
Meep progress: 22.462500000000002/50.0 = 44.9% done in 624.1s, 765.1s to go
on time step 1797 (time=22.4625), 0.358241 s/step
Meep progress: 22.587500000000002/50.0 = 45.2% done in 628.4s, 762.7s to go
on time step 1807 (time=22.5875), 0.435663 s/step
Meep progress: 22.712500000000002/50.0 = 45.4% done in 632.4s, 759.8s to go
on time step 1817 (time=22.7125), 0.400416 s/step
Meep progress: 22.875/50.0 = 45.8% done in 636.7s, 754.9s to go
on time step 1830 (time=22.875), 0.323892 s/step
Meep progress: 23.025000000000002/50.0 = 46.1% done in 640.8s, 750.8s to go
on time step 1842 (time=23.025), 0.347075 s/step
Meep progress: 23.1875/50.0 = 46.4% done in 645.1s, 745.9s to go
on time step 1855 (time=23.1875), 0.326395 s/step
Meep progress: 23.337500000000002/50.0 = 46.7% done in 649.3s, 741.8s to go
on time step 1867 (time=23.3375), 0.353469 s/step
Meep progress: 23.5/50.0 = 47.0% done in 653.7s, 737.1s to go
on time step 1880 (time=23.5), 0.335484 s/step
Meep progress: 23.637500000000003/50.0 = 47.3% done in 658.0s, 733.9s to go
on time step 1891 (time=23.6375), 0.394965 s/step
Meep progress: 23.762500000000003/50.0 = 47.5% done in 662.2s, 731.2s to go
on time step 1901 (time=23.7625), 0.41825 s/step
Meep progress: 23.925/50.0 = 47.8% done in 666.4s, 726.3s to go
on time step 1914 (time=23.925), 0.325272 s/step
Meep progress: 24.087500000000002/50.0 = 48.2% done in 670.7s, 721.6s to go
on time step 1927 (time=24.0875), 0.332397 s/step
Meep progress: 24.25/50.0 = 48.5% done in 675.0s, 716.7s to go
on time step 1940 (time=24.25), 0.327187 s/step
Meep progress: 24.400000000000002/50.0 = 48.8% done in 679.2s, 712.6s to go
on time step 1952 (time=24.4), 0.348084 s/step
Meep progress: 24.5625/50.0 = 49.1% done in 683.5s, 707.9s to go
on time step 1965 (time=24.5625), 0.334243 s/step
Meep progress: 24.700000000000003/50.0 = 49.4% done in 687.7s, 704.5s to go
on time step 1976 (time=24.7), 0.384581 s/step
Meep progress: 24.837500000000002/50.0 = 49.7% done in 691.8s, 700.9s to go
on time step 1987 (time=24.8375), 0.372092 s/step
Meep progress: 24.9875/50.0 = 50.0% done in 695.9s, 696.5s to go
on time step 1999 (time=24.9875), 0.334148 s/step
Meep progress: 25.150000000000002/50.0 = 50.3% done in 700.1s, 691.7s to go
on time step 2012 (time=25.15), 0.32327 s/step
Meep progress: 25.3125/50.0 = 50.6% done in 704.3s, 686.9s to go
on time step 2025 (time=25.3125), 0.325644 s/step
Meep progress: 25.462500000000002/50.0 = 50.9% done in 708.4s, 682.7s to go
on time step 2037 (time=25.4625), 0.341725 s/step
Meep progress: 25.625/50.0 = 51.2% done in 712.7s, 677.9s to go
on time step 2050 (time=25.625), 0.329203 s/step
Meep progress: 25.7875/50.0 = 51.6% done in 716.9s, 673.1s to go
on time step 2063 (time=25.7875), 0.32581 s/step
Meep progress: 25.950000000000003/50.0 = 51.9% done in 721.2s, 668.4s to go
on time step 2076 (time=25.95), 0.327504 s/step
Meep progress: 26.1125/50.0 = 52.2% done in 725.4s, 663.6s to go
on time step 2089 (time=26.1125), 0.32642 s/step
Meep progress: 26.262500000000003/50.0 = 52.5% done in 729.4s, 659.3s to go
on time step 2101 (time=26.2625), 0.336723 s/step
Meep progress: 26.425/50.0 = 52.8% done in 733.7s, 654.6s to go
on time step 2114 (time=26.425), 0.327809 s/step
Meep progress: 26.587500000000002/50.0 = 53.2% done in 738.0s, 649.9s to go
on time step 2127 (time=26.5875), 0.330873 s/step
Meep progress: 26.75/50.0 = 53.5% done in 742.3s, 645.2s to go
on time step 2140 (time=26.75), 0.329673 s/step
Meep progress: 26.875/50.0 = 53.8% done in 746.5s, 642.3s to go
on time step 2150 (time=26.875), 0.417687 s/step
Meep progress: 27.0/50.0 = 54.0% done in 750.8s, 639.6s to go
on time step 2160 (time=27), 0.432119 s/step
Meep progress: 27.150000000000002/50.0 = 54.3% done in 755.1s, 635.5s to go
on time step 2172 (time=27.15), 0.361167 s/step
Meep progress: 27.3/50.0 = 54.6% done in 759.2s, 631.3s to go
on time step 2184 (time=27.3), 0.342396 s/step
Meep progress: 27.462500000000002/50.0 = 54.9% done in 763.4s, 626.5s to go
on time step 2197 (time=27.4625), 0.318457 s/step
Meep progress: 27.625/50.0 = 55.2% done in 767.6s, 621.7s to go
on time step 2210 (time=27.625), 0.324335 s/step
Meep progress: 27.7875/50.0 = 55.6% done in 771.8s, 617.0s to go
on time step 2223 (time=27.7875), 0.324055 s/step
Meep progress: 27.950000000000003/50.0 = 55.9% done in 776.0s, 612.2s to go
on time step 2236 (time=27.95), 0.322318 s/step
Meep progress: 28.1/50.0 = 56.2% done in 780.1s, 607.9s to go
on time step 2248 (time=28.1), 0.338892 s/step
Meep progress: 28.2375/50.0 = 56.5% done in 784.2s, 604.4s to go
on time step 2259 (time=28.2375), 0.374209 s/step
Meep progress: 28.387500000000003/50.0 = 56.8% done in 788.4s, 600.2s to go
on time step 2271 (time=28.3875), 0.351332 s/step
Meep progress: 28.5375/50.0 = 57.1% done in 792.4s, 596.0s to go
on time step 2283 (time=28.5375), 0.334322 s/step
Meep progress: 28.700000000000003/50.0 = 57.4% done in 796.7s, 591.3s to go
on time step 2296 (time=28.7), 0.33164 s/step
Meep progress: 28.8625/50.0 = 57.7% done in 801.0s, 586.6s to go
on time step 2309 (time=28.8625), 0.330437 s/step
Meep progress: 29.012500000000003/50.0 = 58.0% done in 805.4s, 582.6s to go
on time step 2321 (time=29.0125), 0.361778 s/step
Meep progress: 29.137500000000003/50.0 = 58.3% done in 809.7s, 579.8s to go
on time step 2331 (time=29.1375), 0.43628 s/step
Meep progress: 29.275000000000002/50.0 = 58.6% done in 813.9s, 576.2s to go
on time step 2342 (time=29.275), 0.380261 s/step
Meep progress: 29.4375/50.0 = 58.9% done in 818.1s, 571.4s to go
on time step 2355 (time=29.4375), 0.322478 s/step
Meep progress: 29.587500000000002/50.0 = 59.2% done in 822.1s, 567.2s to go
on time step 2367 (time=29.5875), 0.337925 s/step
Meep progress: 29.75/50.0 = 59.5% done in 826.4s, 562.5s to go
on time step 2380 (time=29.75), 0.330478 s/step
Meep progress: 29.9125/50.0 = 59.8% done in 830.8s, 557.9s to go
on time step 2393 (time=29.9125), 0.335301 s/step
Meep progress: 30.05/50.0 = 60.1% done in 835.1s, 554.4s to go
on time step 2404 (time=30.05), 0.387368 s/step
Meep progress: 30.200000000000003/50.0 = 60.4% done in 839.3s, 550.3s to go
on time step 2416 (time=30.2), 0.356846 s/step
Meep progress: 30.35/50.0 = 60.7% done in 843.6s, 546.2s to go
on time step 2428 (time=30.35), 0.354063 s/step
Meep progress: 30.512500000000003/50.0 = 61.0% done in 847.8s, 541.5s to go
on time step 2441 (time=30.5125), 0.326001 s/step
Meep progress: 30.675/50.0 = 61.4% done in 852.1s, 536.8s to go
on time step 2454 (time=30.675), 0.327999 s/step
Meep progress: 30.837500000000002/50.0 = 61.7% done in 856.4s, 532.2s to go
on time step 2467 (time=30.8375), 0.333661 s/step
Meep progress: 31.0/50.0 = 62.0% done in 860.7s, 527.5s to go
on time step 2480 (time=31), 0.325691 s/step
Meep progress: 31.137500000000003/50.0 = 62.3% done in 865.0s, 524.0s to go
on time step 2491 (time=31.1375), 0.390317 s/step
Meep progress: 31.3/50.0 = 62.6% done in 869.1s, 519.3s to go
on time step 2504 (time=31.3), 0.320573 s/step
Meep progress: 31.450000000000003/50.0 = 62.9% done in 873.2s, 515.1s to go
on time step 2516 (time=31.45), 0.341895 s/step
Meep progress: 31.6125/50.0 = 63.2% done in 877.5s, 510.4s to go
on time step 2529 (time=31.6125), 0.329386 s/step
Meep progress: 31.775000000000002/50.0 = 63.6% done in 881.7s, 505.7s to go
on time step 2542 (time=31.775), 0.322452 s/step
Meep progress: 31.925/50.0 = 63.8% done in 885.8s, 501.5s to go
on time step 2554 (time=31.925), 0.344586 s/step
Meep progress: 32.075/50.0 = 64.2% done in 889.9s, 497.3s to go
on time step 2566 (time=32.075), 0.335514 s/step
Meep progress: 32.225/50.0 = 64.4% done in 894.0s, 493.1s to go
on time step 2578 (time=32.225), 0.34854 s/step
Meep progress: 32.35/50.0 = 64.7% done in 898.4s, 490.2s to go
on time step 2588 (time=32.35), 0.434603 s/step
Meep progress: 32.475/50.0 = 65.0% done in 902.4s, 487.0s to go
on time step 2598 (time=32.475), 0.405034 s/step
Meep progress: 32.6375/50.0 = 65.3% done in 906.6s, 482.3s to go
on time step 2611 (time=32.6375), 0.322198 s/step
Meep progress: 32.800000000000004/50.0 = 65.6% done in 910.9s, 477.7s to go
on time step 2624 (time=32.8), 0.326813 s/step
Meep progress: 32.9625/50.0 = 65.9% done in 915.2s, 473.0s to go
on time step 2637 (time=32.9625), 0.332113 s/step
Meep progress: 33.125/50.0 = 66.2% done in 919.5s, 468.4s to go
on time step 2650 (time=33.125), 0.330841 s/step
Meep progress: 33.2875/50.0 = 66.6% done in 923.7s, 463.8s to go
on time step 2663 (time=33.2875), 0.326508 s/step
Meep progress: 33.45/50.0 = 66.9% done in 927.9s, 459.1s to go
on time step 2676 (time=33.45), 0.320772 s/step
Meep progress: 33.612500000000004/50.0 = 67.2% done in 932.2s, 454.5s to go
on time step 2689 (time=33.6125), 0.32621 s/step
Meep progress: 33.775/50.0 = 67.6% done in 936.4s, 449.8s to go
on time step 2702 (time=33.775), 0.325602 s/step
Meep progress: 33.925000000000004/50.0 = 67.9% done in 940.4s, 445.6s to go
on time step 2714 (time=33.925), 0.335817 s/step
Meep progress: 34.0875/50.0 = 68.2% done in 944.6s, 441.0s to go
on time step 2727 (time=34.0875), 0.325061 s/step
Meep progress: 34.25/50.0 = 68.5% done in 948.9s, 436.4s to go
on time step 2740 (time=34.25), 0.328288 s/step
Meep progress: 34.4125/50.0 = 68.8% done in 953.1s, 431.7s to go
on time step 2753 (time=34.4125), 0.32556 s/step
Meep progress: 34.575/50.0 = 69.2% done in 957.4s, 427.1s to go
on time step 2766 (time=34.575), 0.326485 s/step
Meep progress: 34.737500000000004/50.0 = 69.5% done in 961.7s, 422.5s to go
on time step 2779 (time=34.7375), 0.330293 s/step
Meep progress: 34.9/50.0 = 69.8% done in 965.9s, 417.9s to go
on time step 2792 (time=34.9), 0.324986 s/step
Meep progress: 35.0625/50.0 = 70.1% done in 970.2s, 413.3s to go
on time step 2805 (time=35.0625), 0.329905 s/step
Meep progress: 35.225/50.0 = 70.4% done in 974.4s, 408.7s to go
on time step 2818 (time=35.225), 0.323945 s/step
Meep progress: 35.3875/50.0 = 70.8% done in 978.6s, 404.1s to go
on time step 2831 (time=35.3875), 0.324664 s/step
Meep progress: 35.5375/50.0 = 71.1% done in 982.7s, 399.9s to go
on time step 2843 (time=35.5375), 0.337523 s/step
Meep progress: 35.7/50.0 = 71.4% done in 987.0s, 395.3s to go
on time step 2856 (time=35.7), 0.330457 s/step
Meep progress: 35.85/50.0 = 71.7% done in 991.2s, 391.2s to go
on time step 2868 (time=35.85), 0.353071 s/step
Meep progress: 36.0/50.0 = 72.0% done in 995.4s, 387.1s to go
on time step 2880 (time=36), 0.345505 s/step
Meep progress: 36.15/50.0 = 72.3% done in 999.4s, 382.9s to go
on time step 2892 (time=36.15), 0.339679 s/step
Meep progress: 36.3125/50.0 = 72.6% done in 1003.6s, 378.3s to go
on time step 2905 (time=36.3125), 0.323777 s/step
Meep progress: 36.475/50.0 = 73.0% done in 1008.0s, 373.8s to go
on time step 2918 (time=36.475), 0.332415 s/step
Meep progress: 36.6375/50.0 = 73.3% done in 1012.2s, 369.2s to go
on time step 2931 (time=36.6375), 0.326922 s/step
Meep progress: 36.800000000000004/50.0 = 73.6% done in 1016.4s, 364.6s to go
on time step 2944 (time=36.8), 0.322872 s/step
Meep progress: 36.9625/50.0 = 73.9% done in 1020.7s, 360.0s to go
on time step 2957 (time=36.9625), 0.32702 s/step
Meep progress: 37.112500000000004/50.0 = 74.2% done in 1024.7s, 355.8s to go
on time step 2969 (time=37.1125), 0.339239 s/step
Meep progress: 37.275/50.0 = 74.6% done in 1029.0s, 351.3s to go
on time step 2982 (time=37.275), 0.325337 s/step
Meep progress: 37.4375/50.0 = 74.9% done in 1033.2s, 346.7s to go
on time step 2995 (time=37.4375), 0.326216 s/step
Meep progress: 37.6/50.0 = 75.2% done in 1037.4s, 342.1s to go
on time step 3008 (time=37.6), 0.326137 s/step
Meep progress: 37.7625/50.0 = 75.5% done in 1041.7s, 337.6s to go
on time step 3021 (time=37.7625), 0.328278 s/step
Meep progress: 37.925000000000004/50.0 = 75.9% done in 1046.0s, 333.0s to go
on time step 3034 (time=37.925), 0.331176 s/step
Meep progress: 38.0875/50.0 = 76.2% done in 1050.3s, 328.5s to go
on time step 3047 (time=38.0875), 0.32887 s/step
Meep progress: 38.25/50.0 = 76.5% done in 1054.5s, 323.9s to go
on time step 3060 (time=38.25), 0.326217 s/step
Meep progress: 38.3875/50.0 = 76.8% done in 1058.6s, 320.2s to go
on time step 3071 (time=38.3875), 0.370109 s/step
Meep progress: 38.550000000000004/50.0 = 77.1% done in 1062.9s, 315.7s to go
on time step 3084 (time=38.55), 0.331864 s/step
Meep progress: 38.712500000000006/50.0 = 77.4% done in 1067.1s, 311.2s to go
on time step 3097 (time=38.7125), 0.325077 s/step
Meep progress: 38.875/50.0 = 77.8% done in 1071.4s, 306.6s to go
on time step 3110 (time=38.875), 0.32868 s/step
Meep progress: 39.025000000000006/50.0 = 78.1% done in 1075.5s, 302.5s to go
on time step 3122 (time=39.025), 0.340792 s/step
Meep progress: 39.175000000000004/50.0 = 78.4% done in 1079.8s, 298.4s to go
on time step 3134 (time=39.175), 0.356057 s/step
Meep progress: 39.300000000000004/50.0 = 78.6% done in 1084.2s, 295.2s to go
on time step 3144 (time=39.3), 0.442116 s/step
Meep progress: 39.4375/50.0 = 78.9% done in 1088.5s, 291.5s to go
on time step 3155 (time=39.4375), 0.388044 s/step
Meep progress: 39.5625/50.0 = 79.1% done in 1092.8s, 288.3s to go
on time step 3165 (time=39.5625), 0.433054 s/step
Meep progress: 39.6875/50.0 = 79.4% done in 1096.9s, 285.0s to go
on time step 3175 (time=39.6875), 0.408627 s/step
Meep progress: 39.85/50.0 = 79.7% done in 1101.2s, 280.5s to go
on time step 3188 (time=39.85), 0.328735 s/step
Meep progress: 40.0125/50.0 = 80.0% done in 1105.4s, 275.9s to go
on time step 3201 (time=40.0125), 0.329517 s/step
Meep progress: 40.175000000000004/50.0 = 80.4% done in 1109.8s, 271.4s to go
on time step 3214 (time=40.175), 0.332033 s/step
Meep progress: 40.325/50.0 = 80.6% done in 1113.8s, 267.2s to go
on time step 3226 (time=40.325), 0.340009 s/step
Meep progress: 40.475/50.0 = 81.0% done in 1118.0s, 263.1s to go
on time step 3238 (time=40.475), 0.349936 s/step
Meep progress: 40.625/50.0 = 81.2% done in 1122.3s, 259.0s to go
on time step 3250 (time=40.625), 0.351547 s/step
Meep progress: 40.775000000000006/50.0 = 81.6% done in 1126.5s, 254.9s to go
on time step 3262 (time=40.775), 0.352473 s/step
Meep progress: 40.925000000000004/50.0 = 81.9% done in 1130.7s, 250.7s to go
on time step 3274 (time=40.925), 0.351584 s/step
Meep progress: 41.075/50.0 = 82.2% done in 1135.0s, 246.6s to go
on time step 3286 (time=41.075), 0.360008 s/step
Meep progress: 41.212500000000006/50.0 = 82.4% done in 1139.4s, 242.9s to go
on time step 3297 (time=41.2125), 0.394325 s/step
Meep progress: 41.35/50.0 = 82.7% done in 1143.7s, 239.2s to go
on time step 3308 (time=41.35), 0.391003 s/step
Meep progress: 41.5/50.0 = 83.0% done in 1147.8s, 235.1s to go
on time step 3320 (time=41.5), 0.347651 s/step
Meep progress: 41.650000000000006/50.0 = 83.3% done in 1151.9s, 230.9s to go
on time step 3332 (time=41.65), 0.336989 s/step
Meep progress: 41.800000000000004/50.0 = 83.6% done in 1155.9s, 226.8s to go
on time step 3344 (time=41.8), 0.33649 s/step
Meep progress: 41.95/50.0 = 83.9% done in 1160.1s, 222.6s to go
on time step 3356 (time=41.95), 0.344764 s/step
Meep progress: 42.1/50.0 = 84.2% done in 1164.2s, 218.5s to go
on time step 3368 (time=42.1), 0.347357 s/step
Meep progress: 42.237500000000004/50.0 = 84.5% done in 1168.6s, 214.8s to go
on time step 3379 (time=42.2375), 0.394841 s/step
Meep progress: 42.375/50.0 = 84.8% done in 1172.8s, 211.0s to go
on time step 3390 (time=42.375), 0.388229 s/step
Meep progress: 42.5375/50.0 = 85.1% done in 1177.2s, 206.5s to go
on time step 3403 (time=42.5375), 0.333603 s/step
Meep progress: 42.7/50.0 = 85.4% done in 1181.4s, 202.0s to go
on time step 3416 (time=42.7), 0.328069 s/step
Meep progress: 42.85/50.0 = 85.7% done in 1185.5s, 197.8s to go
on time step 3428 (time=42.85), 0.333938 s/step
Meep progress: 43.0125/50.0 = 86.0% done in 1189.8s, 193.3s to go
on time step 3441 (time=43.0125), 0.334178 s/step
Meep progress: 43.1625/50.0 = 86.3% done in 1193.8s, 189.1s to go
on time step 3453 (time=43.1625), 0.335562 s/step
Meep progress: 43.325/50.0 = 86.6% done in 1198.1s, 184.6s to go
on time step 3466 (time=43.325), 0.327888 s/step
Meep progress: 43.487500000000004/50.0 = 87.0% done in 1202.4s, 180.1s to go
on time step 3479 (time=43.4875), 0.328758 s/step
Meep progress: 43.6375/50.0 = 87.3% done in 1206.4s, 175.9s to go
on time step 3491 (time=43.6375), 0.339459 s/step
Meep progress: 43.800000000000004/50.0 = 87.6% done in 1210.7s, 171.4s to go
on time step 3504 (time=43.8), 0.329542 s/step
Meep progress: 43.962500000000006/50.0 = 87.9% done in 1215.0s, 166.9s to go
on time step 3517 (time=43.9625), 0.330616 s/step
Meep progress: 44.125/50.0 = 88.2% done in 1219.3s, 162.3s to go
on time step 3530 (time=44.125), 0.330259 s/step
Meep progress: 44.2625/50.0 = 88.5% done in 1223.3s, 158.6s to go
on time step 3541 (time=44.2625), 0.363792 s/step
Meep progress: 44.400000000000006/50.0 = 88.8% done in 1227.4s, 154.8s to go
on time step 3552 (time=44.4), 0.372615 s/step
Meep progress: 44.5375/50.0 = 89.1% done in 1231.5s, 151.0s to go
on time step 3563 (time=44.5375), 0.370457 s/step
Meep progress: 44.675000000000004/50.0 = 89.4% done in 1235.9s, 147.3s to go
on time step 3574 (time=44.675), 0.398556 s/step
Meep progress: 44.825/50.0 = 89.6% done in 1240.1s, 143.2s to go
on time step 3586 (time=44.825), 0.348816 s/step
Meep progress: 44.987500000000004/50.0 = 90.0% done in 1244.3s, 138.6s to go
on time step 3599 (time=44.9875), 0.32862 s/step
Meep progress: 45.150000000000006/50.0 = 90.3% done in 1248.5s, 134.1s to go
on time step 3612 (time=45.15), 0.323992 s/step
Meep progress: 45.300000000000004/50.0 = 90.6% done in 1252.6s, 130.0s to go
on time step 3624 (time=45.3), 0.334594 s/step
Meep progress: 45.425000000000004/50.0 = 90.9% done in 1256.8s, 126.6s to go
on time step 3634 (time=45.425), 0.423121 s/step
Meep progress: 45.550000000000004/50.0 = 91.1% done in 1261.1s, 123.2s to go
on time step 3644 (time=45.55), 0.433207 s/step
Meep progress: 45.7/50.0 = 91.4% done in 1265.1s, 119.0s to go
on time step 3656 (time=45.7), 0.334128 s/step
Meep progress: 45.862500000000004/50.0 = 91.7% done in 1269.4s, 114.5s to go
on time step 3669 (time=45.8625), 0.326942 s/step
Meep progress: 46.025000000000006/50.0 = 92.1% done in 1273.7s, 110.0s to go
on time step 3682 (time=46.025), 0.331795 s/step
Meep progress: 46.175000000000004/50.0 = 92.4% done in 1277.8s, 105.8s to go
on time step 3694 (time=46.175), 0.339351 s/step
Meep progress: 46.3125/50.0 = 92.6% done in 1282.0s, 102.1s to go
on time step 3705 (time=46.3125), 0.383879 s/step
Meep progress: 46.4375/50.0 = 92.9% done in 1286.4s, 98.7s to go
on time step 3715 (time=46.4375), 0.437113 s/step
Meep progress: 46.5625/50.0 = 93.1% done in 1290.7s, 95.3s to go
on time step 3725 (time=46.5625), 0.436362 s/step
Meep progress: 46.712500000000006/50.0 = 93.4% done in 1294.8s, 91.1s to go
on time step 3737 (time=46.7125), 0.34062 s/step
Meep progress: 46.875/50.0 = 93.8% done in 1299.0s, 86.6s to go
on time step 3750 (time=46.875), 0.324564 s/step
Meep progress: 47.0375/50.0 = 94.1% done in 1303.3s, 82.1s to go
on time step 3763 (time=47.0375), 0.32548 s/step
Meep progress: 47.2/50.0 = 94.4% done in 1307.5s, 77.6s to go
on time step 3776 (time=47.2), 0.322907 s/step
Meep progress: 47.362500000000004/50.0 = 94.7% done in 1311.8s, 73.1s to go
on time step 3789 (time=47.3625), 0.333571 s/step
Meep progress: 47.487500000000004/50.0 = 95.0% done in 1315.8s, 69.6s to go
on time step 3799 (time=47.4875), 0.400894 s/step
Meep progress: 47.612500000000004/50.0 = 95.2% done in 1320.1s, 66.2s to go
on time step 3809 (time=47.6125), 0.434661 s/step
Meep progress: 47.737500000000004/50.0 = 95.5% done in 1324.2s, 62.8s to go
on time step 3819 (time=47.7375), 0.407995 s/step
Meep progress: 47.862500000000004/50.0 = 95.7% done in 1328.6s, 59.3s to go
on time step 3829 (time=47.8625), 0.439173 s/step
Meep progress: 47.987500000000004/50.0 = 96.0% done in 1332.9s, 55.9s to go
on time step 3839 (time=47.9875), 0.424315 s/step
Meep progress: 48.150000000000006/50.0 = 96.3% done in 1337.1s, 51.4s to go
on time step 3852 (time=48.15), 0.327294 s/step
Meep progress: 48.3125/50.0 = 96.6% done in 1341.4s, 46.9s to go
on time step 3865 (time=48.3125), 0.326295 s/step
Meep progress: 48.45/50.0 = 96.9% done in 1345.4s, 43.0s to go
on time step 3876 (time=48.45), 0.371539 s/step
Meep progress: 48.587500000000006/50.0 = 97.2% done in 1349.7s, 39.2s to go
on time step 3887 (time=48.5875), 0.389957 s/step
Meep progress: 48.737500000000004/50.0 = 97.5% done in 1353.9s, 35.1s to go
on time step 3899 (time=48.7375), 0.350374 s/step
Meep progress: 48.8875/50.0 = 97.8% done in 1358.0s, 30.9s to go
on time step 3911 (time=48.8875), 0.335187 s/step
Meep progress: 49.0375/50.0 = 98.1% done in 1362.0s, 26.7s to go
on time step 3923 (time=49.0375), 0.337355 s/step
Meep progress: 49.2/50.0 = 98.4% done in 1366.3s, 22.2s to go
on time step 3936 (time=49.2), 0.332195 s/step
Meep progress: 49.362500000000004/50.0 = 98.7% done in 1370.6s, 17.7s to go
on time step 3949 (time=49.3625), 0.326946 s/step
Meep progress: 49.525000000000006/50.0 = 99.1% done in 1374.9s, 13.2s to go
on time step 3962 (time=49.525), 0.330464 s/step
Meep progress: 49.675000000000004/50.0 = 99.4% done in 1378.9s, 9.0s to go
on time step 3974 (time=49.675), 0.33525 s/step
Meep progress: 49.837500000000006/50.0 = 99.7% done in 1383.2s, 4.5s to go
on time step 3987 (time=49.8375), 0.331552 s/step
Meep progress: 50.0/50.0 = 100.0% done in 1387.5s, 0.0s to go
run 0 finished at t = 50.0 (4000 timesteps)
flux1:, 0.5, 1.4058399070665118e-6, -1.189740901907573e-6
flux1:, 0.5066889632107023, 1.5854495440760606e-6, -1.189042275059948e-6
flux1:, 0.5133779264214047, 1.7020201963429403e-6, -1.2480797850487285e-6
flux1:, 0.520066889632107, 1.91776206542314e-6, -1.467630781349257e-6
flux1:, 0.5267558528428093, 2.1659467442819777e-6, -1.5499656018020856e-6
flux1:, 0.5334448160535117, 2.3979036767535495e-6, -1.619615691901108e-6
flux1:, 0.540133779264214, 2.7941249518423942e-6, -1.898394306210668e-6
flux1:, 0.5468227424749164, 3.186320615106932e-6, -2.040564152261568e-6
flux1:, 0.5535117056856187, 3.3471103998689684e-6, -2.0914762347961087e-6
flux1:, 0.560200668896321, 3.6773122937704357e-6, -2.5472662911751808e-6
flux1:, 0.5668896321070234, 4.28358609178288e-6, -3.074897294217888e-6
flux1:, 0.5735785953177257, 4.65437188557734e-6, -3.348352762765904e-6
flux1:, 0.580267558528428, 5.111934587974841e-6, -3.990252806832288e-6
flux1:, 0.5869565217391304, 6.246133158871988e-6, -4.859401471717631e-6
flux1:, 0.5936454849498327, 7.3605450466862265e-6, -5.1528183315911466e-6
flux1:, 0.600334448160535, 8.208128373329895e-6, -5.493156352819664e-6
flux1:, 0.6070234113712374, 9.815930031527131e-6, -6.407989200111387e-6
flux1:, 0.6137123745819397, 1.1595086493076563e-5, -6.929739905419889e-6
flux1:, 0.6204013377926421, 1.2092304345698959e-5, -7.500060917985518e-6
flux1:, 0.6270903010033444, 1.2667836624937147e-5, -9.541047912898518e-6
flux1:, 0.6337792642140467, 1.4972409055124844e-5, -1.1689705289779075e-5
flux1:, 0.6404682274247491, 1.7470453596157024e-5, -1.2546096603146448e-5
flux1:, 0.6471571906354514, 1.9190487843230216e-5, -1.4149394065092787e-5
flux1:, 0.6538461538461537, 2.1711296041764615e-5, -1.7301483938302926e-5
flux1:, 0.6605351170568561, 2.5232391649519607e-5, -1.972915026294484e-5
flux1:, 0.6672240802675584, 2.8767382401954687e-5, -2.1537323260808852e-5
flux1:, 0.6739130434782608, 3.287680917074084e-5, -2.4735663890402962e-5
flux1:, 0.6806020066889631, 3.781586088980435e-5, -2.8632992368009737e-5
flux1:, 0.6872909698996654, 4.319065743026828e-5, -3.1952360202942135e-5
flux1:, 0.6939799331103678, 4.957241359133987e-5, -3.507615699464388e-5
flux1:, 0.7006688963210701, 5.591276745668316e-5, -3.850120175699079e-5
flux1:, 0.7073578595317724, 6.057786599058797e-5, -4.3981009051351693e-5
flux1:, 0.7140468227424748, 6.629953918710382e-5, -5.2826067088409825e-5
flux1:, 0.7207357859531771, 7.55390446437055e-5, -6.13561636707134e-5
flux1:, 0.7274247491638794, 8.597890514636504e-5, -6.697163229212769e-5
flux1:, 0.7341137123745818, 9.755850467381029e-5, -7.397901120987041e-5
flux1:, 0.7408026755852841, 1.1162593976128083e-4, -8.425458284435584e-5
flux1:, 0.7474916387959865, 1.2364157910337245e-4, -9.418760847179076e-5
flux1:, 0.7541806020066888, 1.3256067920032683e-4, -1.0484478726498126e-4
flux1:, 0.7608695652173911, 1.447862761712553e-4, -1.1982632138508086e-4
flux1:, 0.7675585284280935, 1.5783030301445679e-4, -1.393779475652276e-4
flux1:, 0.7742474916387958, 1.6591719850503903e-4, -1.66750547134442e-4
flux1:, 0.7809364548494981, 1.795511750187924e-4, -2.000477082812471e-4
flux1:, 0.7876254180602005, 2.0731506615666767e-4, -2.2147409540928544e-4
flux1:, 0.7943143812709028, 2.3857006877093883e-4, -2.282148131158136e-4
flux1:, 0.8010033444816052, 2.678103548025708e-4, -2.5088277909223437e-4
flux1:, 0.8076923076923075, 2.9909475906280807e-4, -3.010807473066748e-4
flux1:, 0.8143812709030098, 3.264484325155699e-4, -3.4594705409800964e-4
flux1:, 0.8210702341137122, 3.4953785457618973e-4, -3.752663297688998e-4
flux1:, 0.8277591973244145, 3.754883846357023e-4, -4.2805302347126905e-4
flux1:, 0.8344481605351168, 3.905596607401985e-4, -5.136918123023944e-4
flux1:, 0.8411371237458192, 3.961997892676223e-4, -5.876343667110022e-4
flux1:, 0.8478260869565215, 4.3244705457783246e-4, -6.435566664915361e-4
flux1:, 0.8545150501672238, 4.8498657316339876e-4, -7.31371470351341e-4
flux1:, 0.8612040133779262, 4.890615129021756e-4, -8.391192931879059e-4
flux1:, 0.8678929765886285, 4.857615257409724e-4, -8.882950017194055e-4
flux1:, 0.8745819397993309, 5.682188688427476e-4, -9.094695865556967e-4
flux1:, 0.8812709030100332, 6.721904163638642e-4, -0.0010342129960413896
flux1:, 0.8879598662207355, 6.90397102889178e-4, -0.001231485400287014
flux1:, 0.8946488294314379, 7.033681399785837e-4, -0.001329167749692305
flux1:, 0.9013377926421402, 8.077485112238016e-4, -0.001376279341828387
flux1:, 0.9080267558528425, 9.013921234013656e-4, -0.0015926909333045369
flux1:, 0.9147157190635449, 8.832445796396926e-4, -0.0019262188398227564
flux1:, 0.9214046822742472, 8.226784657909587e-4, -0.0021596181186497583
flux1:, 0.9280936454849495, 8.011548777388123e-4, -0.002374650183483434
flux1:, 0.9347826086956519, 8.311854017069143e-4, -0.0027428872463727905
flux1:, 0.9414715719063542, 9.105271812232408e-4, -0.003118520221037117
flux1:, 0.9481605351170566, 9.818242247516965e-4, -0.0033773611694929684
flux1:, 0.9548494983277589, 9.964997300493156e-4, -0.0036796701145486916
flux1:, 0.9615384615384612, 0.0010488921364546103, -0.0040207933517040885
flux1:, 0.9682274247491636, 0.0012002115795184593, -0.004205894278992701
flux1:, 0.9749163879598659, 0.0013126484939052668, -0.0043679923537243
flux1:, 0.9816053511705682, 0.0013118289834416741, -0.004751030725504872
flux1:, 0.9882943143812706, 0.0013203153547962697, -0.005263605788694496
flux1:, 0.9949832775919729, 0.001362990147643426, -0.005869741471442574
flux1:, 1.0016722408026753, 0.001338018539509374, -0.006684169539933538
flux1:, 1.0083612040133776, 0.0013273592982401604, -0.007382183985485385
flux1:, 1.01505016722408, 0.0015133722262196414, -0.007628362353944372
flux1:, 1.0217391304347823, 0.0018364566929811243, -0.007911317153545643
flux1:, 1.0284280936454846, 0.002097570244949725, -0.00869287529324312
flux1:, 1.035117056856187, 0.0022985818719194525, -0.00949065214736219
flux1:, 1.0418060200668893, 0.002591033661067255, -0.009947624228430351
flux1:, 1.0484949832775916, 0.0029716001452712486, -0.010526300416791562
flux1:, 1.055183946488294, 0.003301773135601273, -0.011381177795546054
flux1:, 1.0618729096989963, 0.0036148280001074913, -0.012117393230650234
flux1:, 1.0685618729096986, 0.0040582440372762905, -0.012812775464872337
flux1:, 1.075250836120401, 0.004507770143340785, -0.013706405543627204
flux1:, 1.0819397993311033, 0.004752839107019279, -0.014419565096444866
flux1:, 1.0886287625418056, 0.005023955423357356, -0.014787510443227922
flux1:, 1.095317725752508, 0.00562918536802763, -0.015377785360929857
flux1:, 1.1020066889632103, 0.00634721214103147, -0.016363271562210503
flux1:, 1.1086956521739126, 0.007007082742322452, -0.017219756878589964
flux1:, 1.115384615384615, 0.007964514166639288, -0.017850247405458926
flux1:, 1.1220735785953173, 0.00917326061901474, -0.018790287242503735
flux1:, 1.1287625418060196, 0.009941004027241133, -0.020314916655328728
flux1:, 1.135451505016722, 0.010255979981637102, -0.02199230674345654
flux1:, 1.1421404682274243, 0.010922422611564127, -0.022971980339506336
flux1:, 1.1488294314381267, 0.012105481450098722, -0.022967411920841646
flux1:, 1.155518394648829, 0.013133238826356383, -0.02319771530568924
flux1:, 1.1622073578595313, 0.01361113536112634, -0.025176689502945843
flux1:, 1.1688963210702337, 0.013867495538567885, -0.028117605050713264
flux1:, 1.175585284280936, 0.014741486260194338, -0.029380720860683076
flux1:, 1.1822742474916383, 0.016835479745942145, -0.028373615329667975
flux1:, 1.1889632107023407, 0.019410452376766568, -0.02784976106339635
flux1:, 1.195652173913043, 0.021188719595544598, -0.02972088205229554
flux1:, 1.2023411371237454, 0.022535251935088926, -0.03186106006981377
flux1:, 1.2090301003344477, 0.02473730883682936, -0.03182489599912034
flux1:, 1.21571906354515, 0.02745204900977375, -0.031385319401509244
flux1:, 1.2224080267558524, 0.029462992413238773, -0.03327925562416407
flux1:, 1.2290969899665547, 0.03093635513984748, -0.03601925929669507
flux1:, 1.235785953177257, 0.032602928043018294, -0.037061093489293734
flux1:, 1.2424749163879594, 0.03435117965663522, -0.03782205838105362
flux1:, 1.2491638795986617, 0.03603737359720119, -0.040077898274510027
flux1:, 1.255852842809364, 0.03786328896107884, -0.041908080153468495
flux1:, 1.2625418060200664, 0.03988852756511619, -0.04203751826130973
flux1:, 1.2692307692307687, 0.04250578848591536, -0.04231558963635766
flux1:, 1.275919732441471, 0.04594144025819552, -0.04308909216866129
flux1:, 1.2826086956521734, 0.04885401474813582, -0.04324132689684131
flux1:, 1.2892976588628757, 0.0499927695628864, -0.044571194907815415
flux1:, 1.295986622073578, 0.050659122717323805, -0.04840602522216571
flux1:, 1.3026755852842804, 0.052869258389450814, -0.051345635549801955
flux1:, 1.3093645484949827, 0.056750704381838636, -0.051148539632617965
flux1:, 1.316053511705685, 0.06153057140470751, -0.050439371084427566
flux1:, 1.3227424749163874, 0.06637281317156135, -0.050521135681942296
flux1:, 1.3294314381270897, 0.06958379633930731, -0.05020045734331893
flux1:, 1.336120401337792, 0.07009833858689364, -0.051173813815694476
flux1:, 1.3428093645484944, 0.0695002000297337, -0.05510468891906704
flux1:, 1.3494983277591968, 0.07032574574848349, -0.05849640543285018
flux1:, 1.356187290969899, 0.07366981401562606, -0.05842686139369832
flux1:, 1.3628762541806014, 0.07934545509537716, -0.057215466777177044
flux1:, 1.3695652173913038, 0.08604518923750812, -0.056849009531347305
flux1:, 1.376254180602006, 0.09122861067127294, -0.05677631992606557
flux1:, 1.3829431438127084, 0.09335733137528474, -0.057729900555093756
flux1:, 1.3896321070234108, 0.0939620823615093, -0.06010148508732766
flux1:, 1.3963210702341131, 0.095593108070322, -0.06190979739131129
flux1:, 1.4030100334448155, 0.09854973390095945, -0.06318069627403632
flux1:, 1.4096989966555178, 0.10152175648510625, -0.06560553870800677
flux1:, 1.4163879598662201, 0.10451706871528495, -0.0671154646913037
flux1:, 1.4230769230769225, 0.10835001759436304, -0.06551176351958952
flux1:, 1.4297658862876248, 0.1115016655290813, -0.06439227524128914
flux1:, 1.4364548494983271, 0.11149430813331276, -0.06693067401534983
flux1:, 1.4431438127090295, 0.11002624996823664, -0.06955683104130446
flux1:, 1.4498327759197318, 0.11184691321450363, -0.06831847258524978
flux1:, 1.4565217391304341, 0.11743792183316437, -0.06499147268294854
flux1:, 1.4632107023411365, 0.12200284598268749, -0.06357146489687143
flux1:, 1.4698996655518388, 0.12270168575627564, -0.06583694936505133
flux1:, 1.4765886287625412, 0.12214267873658845, -0.07037241447310592
flux1:, 1.4832775919732435, 0.12367316306292538, -0.07385045984922688
flux1:, 1.4899665551839458, 0.12623654748671598, -0.07541167985324072
flux1:, 1.4966555183946482, 0.12570735074492778, -0.07765967665713684
flux1:, 1.5033444816053505, 0.12162036086363766, -0.08044705698310464
flux1:, 1.5100334448160528, 0.11951323035150069, -0.08016736453182192
flux1:, 1.5167224080267552, 0.12243573175173611, -0.07789315817051326
flux1:, 1.5234113712374575, 0.1248360056724517, -0.07907395621825163
flux1:, 1.5301003344481598, 0.12175519095686461, -0.08384467902610329
flux1:, 1.5367892976588622, 0.1170310969483771, -0.08725478279386381
flux1:, 1.5434782608695645, 0.11482931406287701, -0.08816719270085732
flux1:, 1.5501672240802669, 0.11304881882084032, -0.08920960019604696
flux1:, 1.5568561872909692, 0.11138421456429488, -0.09050846010958703
flux1:, 1.5635451505016715, 0.11338764829735433, -0.09026321854799516
flux1:, 1.5702341137123739, 0.11692654309552816, -0.08886965581334594
flux1:, 1.5769230769230762, 0.11575272718293418, -0.0885390876649407
flux1:, 1.5836120401337785, 0.11056373884676281, -0.09035224722735076
flux1:, 1.5903010033444809, 0.10714221823462071, -0.09282014771517462
flux1:, 1.5969899665551832, 0.10715300871233781, -0.09356150057638568
flux1:, 1.6036789297658856, 0.10858450473799734, -0.09282670338585841
flux1:, 1.610367892976588, 0.10952422639614721, -0.0929457776986395
flux1:, 1.6170568561872902, 0.10832195125491349, -0.09363509961284015
flux1:, 1.6237458193979926, 0.10539976622797781, -0.09260962448962388
flux1:, 1.630434782608695, 0.10307336415688549, -0.09112343454559699
flux1:, 1.6371237458193972, 0.10086165821630841, -0.09254122887222664
flux1:, 1.6438127090300996, 0.09709871641035218, -0.09559850496605826
flux1:, 1.650501672240802, 0.09429225645629147, -0.0957621515198539
flux1:, 1.6571906354515042, 0.09475797014128799, -0.09271216991039441
flux1:, 1.6638795986622066, 0.09547095096256282, -0.09047409178732069
flux1:, 1.670568561872909, 0.09432649549240925, -0.0908383779441496
flux1:, 1.6772575250836113, 0.09360867393035056, -0.09174755331332517
flux1:, 1.6839464882943136, 0.09296047688396737, -0.09194173787948944
flux1:, 1.690635451505016, 0.08886661702094305, -0.092728574711365
flux1:, 1.6973244147157183, 0.08243790233945408, -0.09432112138460487
flux1:, 1.7040133779264206, 0.07817990735793677, -0.09449887731970964
flux1:, 1.710702341137123, 0.07636193057872094, -0.09277175098931247
flux1:, 1.7173913043478253, 0.07385160929434878, -0.09182694229134353
flux1:, 1.7240802675585276, 0.06960612560456074, -0.09261919342722084
flux1:, 1.73076923076923, 0.06498569744918915, -0.09261584321916272
flux1:, 1.7374581939799323, 0.061274661755452, -0.09091317078953531
flux1:, 1.7441471571906346, 0.05843954619800794, -0.08988379594968265
flux1:, 1.750836120401337, 0.05542620718732817, -0.09041850956151469
flux1:, 1.7575250836120393, 0.05211453688245975, -0.09074454119833941
flux1:, 1.7642140468227416, 0.04957832625038376, -0.09010146724043733
flux1:, 1.770903010033444, 0.047291039647069, -0.08906937491543318
flux1:, 1.7775919732441463, 0.043468880759602355, -0.08751244014727998
flux1:, 1.7842809364548486, 0.03881665756829748, -0.08556303704252828
flux1:, 1.790969899665551, 0.03561496770064697, -0.08434900391330954
flux1:, 1.7976588628762533, 0.0336961080206569, -0.08381893549290854
flux1:, 1.8043478260869557, 0.031364644057980125, -0.08256735761049232
flux1:, 1.811036789297658, 0.028519879467551704, -0.0803692190264327
flux1:, 1.8177257525083603, 0.026090141618656318, -0.07831347352479817
flux1:, 1.8244147157190627, 0.024545033211046684, -0.07673087092919355
flux1:, 1.831103678929765, 0.023801453355332264, -0.07499562029320717
flux1:, 1.8377926421404673, 0.022921904435254183, -0.07297433273229309
flux1:, 1.8444816053511697, 0.020998534850508076, -0.07140826188431024
flux1:, 1.851170568561872, 0.018889293566820252, -0.07064370668298287
flux1:, 1.8578595317725743, 0.01780308462661809, -0.06954476996159867
flux1:, 1.8645484949832767, 0.017128866576762054, -0.06679603576991289
flux1:, 1.871237458193979, 0.01620453132778555, -0.06304735741066123
flux1:, 1.8779264214046814, 0.01585785805976802, -0.0598728920053655
flux1:, 1.8846153846153837, 0.016146395110840775, -0.05720281830253145
flux1:, 1.891304347826086, 0.01572785344475353, -0.05423558105649957
flux1:, 1.8979933110367884, 0.014484396328187111, -0.05151868596647551
flux1:, 1.9046822742474907, 0.013581979197038074, -0.049481540053877816
flux1:, 1.911371237458193, 0.01311710838201155, -0.04703805216770368
flux1:, 1.9180602006688954, 0.012427931325969241, -0.04389811490737209
flux1:, 1.9247491638795977, 0.011731210408917996, -0.0415189993998445
flux1:, 1.9314381270903, 0.011520893967160281, -0.040254731477807754
flux1:, 1.9381270903010024, 0.011555431829736628, -0.038593463233515604
flux1:, 1.9448160535117047, 0.011421445009038252, -0.03596981939086451
flux1:, 1.951505016722407, 0.01110354612051655, -0.03351215768189519
flux1:, 1.9581939799331094, 0.010770777426253828, -0.03185082103053932
flux1:, 1.9648829431438117, 0.010562906629074824, -0.030381351955230302
flux1:, 1.971571906354514, 0.010454692561413605, -0.028536155232869235
flux1:, 1.9782608695652164, 0.010262486052883334, -0.026434873967572572
flux1:, 1.9849498327759187, 0.009952354259483565, -0.024485938098576635
flux1:, 1.991638795986621, 0.00965800291598214, -0.02290484656675358
flux1:, 1.9983277591973234, 0.009379632469257639, -0.02156054877420113
flux1:, 2.0050167224080258, 0.009053560222095835, -0.02025802299877584
flux1:, 2.011705685618728, 0.0087358909368079, -0.01898818513387166
flux1:, 2.0183946488294304, 0.008441849402984146, -0.017725593536188227
flux1:, 2.0250836120401328, 0.008114543737360319, -0.016374735008656965
flux1:, 2.031772575250835, 0.00780176383622906, -0.01504620795664941
flux1:, 2.0384615384615374, 0.007538583112593343, -0.013934581702158274
flux1:, 2.0451505016722398, 0.007213366197865853, -0.013007923578378681
flux1:, 2.051839464882942, 0.0067868600176547176, -0.01217254500929763
flux1:, 2.0585284280936444, 0.006386317580869219, -0.01140903408720368
flux1:, 2.065217391304347, 0.006091164690378387, -0.010572400432730241
flux1:, 2.071906354515049, 0.00586377294891765, -0.00954474275764685
flux1:, 2.0785953177257515, 0.005646333070300258, -0.008553950398429978
flux1:, 2.085284280936454, 0.005381063508138136, -0.007854801363375479
flux1:, 2.091973244147156, 0.005052536359769061, -0.007310315727402502
flux1:, 2.0986622073578585, 0.004737649261000637, -0.006680351042163041
flux1:, 2.105351170568561, 0.004499198200208952, -0.006008558493223078
flux1:, 2.112040133779263, 0.0043020191817685575, -0.005445856673596277
flux1:, 2.1187290969899655, 0.0041020799438726135, -0.0049823363106533064
flux1:, 2.125418060200668, 0.0038944712374367023, -0.004529797272549411
flux1:, 2.13210702341137, 0.003657853195632372, -0.004086639893450639
flux1:, 2.1387959866220725, 0.0033761707214403722, -0.003714293517346474
flux1:, 2.145484949832775, 0.0030964287046867604, -0.0034207156066772657
flux1:, 2.152173913043477, 0.0028708971271828626, -0.0031560363292496675
flux1:, 2.1588628762541795, 0.002676869980973477, -0.0029144153092137415
flux1:, 2.165551839464882, 0.00246350569025642, -0.002722841518856845
flux1:, 2.172240802675584, 0.0022454578463410725, -0.0025388032181013474
flux1:, 2.1789297658862865, 0.0020780713376157543, -0.0023142797099254295
flux1:, 2.185618729096989, 0.0019551704535498444, -0.002103957949443752
flux1:, 2.192307692307691, 0.0018174738929954155, -0.0019498688412131703
flux1:, 2.1989966555183935, 0.0016577283447449596, -0.0017893926086067352
flux1:, 2.205685618729096, 0.0015201854577841815, -0.0016012400444365684
flux1:, 2.212374581939798, 0.001409843584250513, -0.001450894278959783
flux1:, 2.2190635451505005, 0.0013001638282541647, -0.001337518280442001
flux1:, 2.225752508361203, 0.0011947797540420334, -0.0012058890629924363
flux1:, 2.232441471571905, 0.0011018694191746957, -0.0010791701850732395
flux1:, 2.2391304347826075, 0.0010055427890405175, -9.97853239328328e-4
flux1:, 2.24581939799331, 9.068845696682263e-4, -9.269553126987183e-4
flux1:, 2.252508361204012, 8.24720197294129e-4, -8.407647755508511e-4
flux1:, 2.2591973244147145, 7.534580823688385e-4, -7.665965439922094e-4
flux1:, 2.265886287625417, 6.81250492980371e-4, -7.065086664148945e-4
flux1:, 2.272575250836119, 6.171800667201921e-4, -6.407241677318595e-4
flux1:, 2.2792642140468216, 5.628474228001573e-4, -5.797833484081034e-4
flux1:, 2.285953177257524, 5.071877517120754e-4, -5.298302908712562e-4
flux1:, 2.2926421404682262, 4.5564582569980044e-4, -4.747107311989178e-4
flux1:, 2.2993311036789286, 4.165398114574784e-4, -4.2103939968472803e-4
flux1:, 2.306020066889631, 3.8003140968414617e-4, -3.854716550697279e-4
flux1:, 2.3127090301003332, 3.414090346133062e-4, -3.560301273910322e-4
flux1:, 2.3193979933110356, 3.087659463569027e-4, -3.211930132269789e-4
flux1:, 2.326086956521738, 2.8026790187160876e-4, -2.9108224806686736e-4
flux1:, 2.3327759197324403, 2.4978918233876306e-4, -2.674554127389148e-4
flux1:, 2.3394648829431426, 2.220787851315271e-4, -2.4250697353676124e-4
flux1:, 2.346153846153845, 1.990649545278239e-4, -2.1972657071171734e-4
flux1:, 2.3528428093645473, 1.754088912374126e-4, -2.017691580662672e-4
flux1:, 2.3595317725752496, 1.5347245893394825e-4, -1.8313968234203327e-4
flux1:, 2.366220735785952, 1.3795681002808845e-4, -1.653983958491862e-4
flux1:, 2.3729096989966543, 1.244712943116274e-4, -1.5188007346582198e-4
flux1:, 2.3795986622073566, 1.0985028278441959e-4, -1.3766760240381504e-4
flux1:, 2.386287625418059, 9.724596349849919e-5, -1.224947382408598e-4
flux1:, 2.3929765886287613, 8.620011776230217e-5, -1.1212818563419363e-4
flux1:, 2.3996655518394636, 7.435220011248598e-5, -1.0433049969980959e-4
flux1:, 2.406354515050166, 6.413943087582112e-5, -9.472643663538171e-5
flux1:, 2.4130434782608683, 5.684091975886665e-5, -8.628535217080712e-5
flux1:, 2.4197324414715706, 4.97992369270405e-5, -7.994218664718182e-5
flux1:, 2.426421404682273, 4.2776336280282976e-5, -7.216636821403074e-5
flux1:, 2.4331103678929753, 3.726323125743921e-5, -6.397168732784156e-5
flux1:, 2.4397993311036776, 3.2384290011150654e-5, -5.7731750522060875e-5
flux1:, 2.44648829431438, 2.767460577294356e-5, -5.174890453715802e-5
flux1:, 2.4531772575250823, 2.41870645107751e-5, -4.580396961442785e-5
flux1:, 2.4598662207357846, 2.1375255503090976e-5, -4.165070718288143e-5
flux1:, 2.466555183946487, 1.8255537386051593e-5, -3.798394818001157e-5
flux1:, 2.4732441471571893, 1.5547710544300137e-5, -3.364599420595939e-5
flux1:, 2.4799331103678917, 1.3604376845928166e-5, -3.019819537720305e-5
flux1:, 2.486622073578594, 1.1728679370419916e-5, -2.75750418609319e-5
flux1:, 2.4933110367892963, 9.941767627637548e-6, -2.455296619993438e-5
flux1:, 2.4999999999999987, 8.533876436883296e-6, -2.193678047307822e-5

Elapsed run time = 1420.19 s
