--------------------------------------------------------------------------
[[10131,1],0]: A high-performance Open MPI point-to-point messaging module
was unable to find any relevant network interfaces:

Module: OpenFabrics (openib)
  Host: euca-128-84-11-54

Another transport will be used instead, although this may result in
lower performance.
--------------------------------------------------------------------------
Using MPI version 3.0, 2 processes
command-line param: no-struct=false
command-line param: no-holes=false
command-line param: rodpos=".225/rodpos.txt"
-----------
Initializing structure...
Working in 3D dimensions.
Computational cell is 4 x 4 x 5 with resolution 40
     block, center = (0,0,0)
          size (1e+20,1e+20,0.15)
          axes (1,0,0), (0,1,0), (0,0,1)
          dielectric constant epsilon diagonal = (12,12,12)
     cylinder, center = (3.378,1.9,0)
          radius 0.225, height 0.15, axis (0, 0, 1)
          dielectric constant epsilon diagonal = (1,1,1)
     cylinder, center = (3.808,0.28,0)
          radius 0.225, height 0.15, axis (0, 0, 1)
          dielectric constant epsilon diagonal = (1,1,1)
     cylinder, center = (0.408,2.919,0)
          radius 0.225, height 0.15, axis (0, 0, 1)
          dielectric constant epsilon diagonal = (1,1,1)
     cylinder, center = (2.242,2.509,0)
          radius 0.225, height 0.15, axis (0, 0, 1)
          dielectric constant epsilon diagonal = (1,1,1)
     cylinder, center = (1.249,1.417,0)
          radius 0.225, height 0.15, axis (0, 0, 1)
          dielectric constant epsilon diagonal = (1,1,1)
     cylinder, center = (0.206,2.029,0)
          radius 0.225, height 0.15, axis (0, 0, 1)
          dielectric constant epsilon diagonal = (1,1,1)
     cylinder, center = (2.025,0.141,0)
          radius 0.225, height 0.15, axis (0, 0, 1)
          dielectric constant epsilon diagonal = (1,1,1)
     cylinder, center = (2.758,0.009,0)
          radius 0.225, height 0.15, axis (0, 0, 1)
          dielectric constant epsilon diagonal = (1,1,1)
     cylinder, center = (3.505,0.993,0)
          radius 0.225, height 0.15, axis (0, 0, 1)
          dielectric constant epsilon diagonal = (1,1,1)
     cylinder, center = (3.243,0.494,0)
          radius 0.225, height 0.15, axis (0, 0, 1)
          dielectric constant epsilon diagonal = (1,1,1)
     cylinder, center = (2.717,1.813,0)
          radius 0.225, height 0.15, axis (0, 0, 1)
          dielectric constant epsilon diagonal = (1,1,1)
     cylinder, center = (1.604,1.951,0)
          radius 0.225, height 0.15, axis (0, 0, 1)
          dielectric constant epsilon diagonal = (1,1,1)
     cylinder, center = (2.199,1.23,0)
          radius 0.225, height 0.15, axis (0, 0, 1)
          dielectric constant epsilon diagonal = (1,1,1)
     cylinder, center = (0.297,0.096,0)
          radius 0.225, height 0.15, axis (0, 0, 1)
          dielectric constant epsilon diagonal = (1,1,1)
     cylinder, center = (0.789,0.7,0)
          radius 0.225, height 0.15, axis (0, 0, 1)
          dielectric constant epsilon diagonal = (1,1,1)
     cylinder, center = (2.135,3.508,0)
          radius 0.225, height 0.15, axis (0, 0, 1)
          dielectric constant epsilon diagonal = (1,1,1)
     cylinder, center = (1.203,2.771,0)
          radius 0.225, height 0.15, axis (0, 0, 1)
          dielectric constant epsilon diagonal = (1,1,1)
     cylinder, center = (2.593,3.094,0)
          radius 0.225, height 0.15, axis (0, 0, 1)
          dielectric constant epsilon diagonal = (1,1,1)
     cylinder, center = (1.816,0.587,0)
          radius 0.225, height 0.15, axis (0, 0, 1)
          dielectric constant epsilon diagonal = (1,1,1)
     cylinder, center = (3.549,2.965,0)
          radius 0.225, height 0.15, axis (0, 0, 1)
          dielectric constant epsilon diagonal = (1,1,1)
     cylinder, center = (0.731,1.964,0)
          radius 0.225, height 0.15, axis (0, 0, 1)
          dielectric constant epsilon diagonal = (1,1,1)
     cylinder, center = (3.648,2.503,0)
          radius 0.225, height 0.15, axis (0, 0, 1)
          dielectric constant epsilon diagonal = (1,1,1)
     cylinder, center = (3.116,1.535,0)
          radius 0.225, height 0.15, axis (0, 0, 1)
          dielectric constant epsilon diagonal = (1,1,1)
     cylinder, center = (1.002,3.602,0)
          radius 0.225, height 0.15, axis (0, 0, 1)
          dielectric constant epsilon diagonal = (1,1,1)
     cylinder, center = (0.575,3.772,0)
          radius 0.225, height 0.15, axis (0, 0, 1)
          dielectric constant epsilon diagonal = (1,1,1)
     cylinder, center = (1.188,0.135,0)
          radius 0.225, height 0.15, axis (0, 0, 1)
          dielectric constant epsilon diagonal = (1,1,1)
     cylinder, center = (3.777,3.705,0)
          radius 0.225, height 0.15, axis (0, 0, 1)
          dielectric constant epsilon diagonal = (1,1,1)
     cylinder, center = (0.041,3.318,0)
          radius 0.225, height 0.15, axis (0, 0, 1)
          dielectric constant epsilon diagonal = (1,1,1)
     cylinder, center = (3.971,1.753,0)
          radius 0.225, height 0.15, axis (0, 0, 1)
          dielectric constant epsilon diagonal = (1,1,1)
     cylinder, center = (1.739,2.556,0)
          radius 0.225, height 0.15, axis (0, 0, 1)
          dielectric constant epsilon diagonal = (1,1,1)
     cylinder, center = (1.33,0.667,0)
          radius 0.225, height 0.15, axis (0, 0, 1)
          dielectric constant epsilon diagonal = (1,1,1)
subpixel-averaging is 81.9155% done, 0.883113 s remaining
subpixel-averaging is 82.3656% done, 0.856663 s remaining
subpixel-averaging is 82.0441% done, 0.875666 s remaining
time for set_epsilon = 24.4184 s
time for set_conductivity = 1.10879 s
time for set_conductivity = 1.11212 s
time for set_conductivity = 1.13382 s
-----------
Meep progress: 0.0125/50.0 = 0.0% done in 5.4s, 21706.6s to go
on time step 1 (time=0.0125), 5.42858 s/step
Meep progress: 0.15000000000000002/50.0 = 0.3% done in 9.6s, 3178.2s to go
on time step 12 (time=0.15), 0.375917 s/step
Meep progress: 0.3125/50.0 = 0.6% done in 13.9s, 2204.9s to go
on time step 25 (time=0.3125), 0.331065 s/step
Meep progress: 0.47500000000000003/50.0 = 1.0% done in 18.1s, 1890.8s to go
on time step 38 (time=0.475), 0.328291 s/step
Meep progress: 0.625/50.0 = 1.2% done in 22.2s, 1752.5s to go
on time step 50 (time=0.625), 0.337366 s/step
Meep progress: 0.7625000000000001/50.0 = 1.5% done in 26.3s, 1695.6s to go
on time step 61 (time=0.7625), 0.370483 s/step
Meep progress: 0.8875000000000001/50.0 = 1.8% done in 30.4s, 1683.1s to go
on time step 71 (time=0.8875), 0.415559 s/step
Meep progress: 1.0125/50.0 = 2.0% done in 34.6s, 1674.6s to go
on time step 81 (time=1.0125), 0.419718 s/step
Meep progress: 1.175/50.0 = 2.4% done in 38.9s, 1615.1s to go
on time step 94 (time=1.175), 0.327436 s/step
Meep progress: 1.3250000000000002/50.0 = 2.7% done in 42.9s, 1575.1s to go
on time step 106 (time=1.325), 0.334025 s/step
Meep progress: 1.475/50.0 = 3.0% done in 47.1s, 1548.1s to go
on time step 118 (time=1.475), 0.348353 s/step
Meep progress: 1.6375000000000002/50.0 = 3.3% done in 51.3s, 1514.1s to go
on time step 131 (time=1.6375), 0.323828 s/step
Meep progress: 1.8/50.0 = 3.6% done in 55.5s, 1487.2s to go
on time step 144 (time=1.8), 0.328569 s/step
Meep progress: 1.9500000000000002/50.0 = 3.9% done in 59.6s, 1469.8s to go
on time step 156 (time=1.95), 0.342478 s/step
Meep progress: 2.075/50.0 = 4.2% done in 63.8s, 1474.1s to go
on time step 166 (time=2.075), 0.417734 s/step
Meep progress: 2.225/50.0 = 4.4% done in 67.9s, 1458.7s to go
on time step 178 (time=2.225), 0.342481 s/step
Meep progress: 2.375/50.0 = 4.8% done in 72.0s, 1442.9s to go
on time step 190 (time=2.375), 0.335227 s/step
Meep progress: 2.5250000000000004/50.0 = 5.1% done in 76.2s, 1432.6s to go
on time step 202 (time=2.525), 0.353036 s/step
Meep progress: 2.6875/50.0 = 5.4% done in 80.4s, 1416.2s to go
on time step 215 (time=2.6875), 0.326879 s/step
Meep progress: 2.85/50.0 = 5.7% done in 84.6s, 1400.3s to go
on time step 228 (time=2.85), 0.322855 s/step
Meep progress: 2.975/50.0 = 6.0% done in 88.7s, 1402.3s to go
on time step 238 (time=2.975), 0.407163 s/step
Meep progress: 3.1/50.0 = 6.2% done in 93.0s, 1407.1s to go
on time step 248 (time=3.1), 0.429495 s/step
Meep progress: 3.2375000000000003/50.0 = 6.5% done in 97.1s, 1402.6s to go
on time step 259 (time=3.2375), 0.372462 s/step
Meep progress: 3.375/50.0 = 6.8% done in 101.2s, 1398.4s to go
on time step 270 (time=3.375), 0.374737 s/step
Meep progress: 3.5250000000000004/50.0 = 7.0% done in 105.3s, 1387.8s to go
on time step 282 (time=3.525), 0.3361 s/step
Meep progress: 3.6750000000000003/50.0 = 7.4% done in 109.3s, 1377.4s to go
on time step 294 (time=3.675), 0.333982 s/step
Meep progress: 3.8375000000000004/50.0 = 7.7% done in 113.5s, 1365.9s to go
on time step 307 (time=3.8375), 0.328956 s/step
Meep progress: 3.9875000000000003/50.0 = 8.0% done in 117.8s, 1359.5s to go
on time step 319 (time=3.9875), 0.355745 s/step
Meep progress: 4.125/50.0 = 8.2% done in 122.1s, 1357.6s to go
on time step 330 (time=4.125), 0.387384 s/step
Meep progress: 4.275/50.0 = 8.6% done in 126.3s, 1351.1s to go
on time step 342 (time=4.275), 0.353792 s/step
Meep progress: 4.4375/50.0 = 8.9% done in 130.6s, 1340.7s to go
on time step 355 (time=4.4375), 0.327059 s/step
Meep progress: 4.5875/50.0 = 9.2% done in 134.7s, 1333.1s to go
on time step 367 (time=4.5875), 0.340866 s/step
Meep progress: 4.7375/50.0 = 9.5% done in 138.7s, 1325.1s to go
on time step 379 (time=4.7375), 0.335761 s/step
Meep progress: 4.9/50.0 = 9.8% done in 143.0s, 1315.9s to go
on time step 392 (time=4.9), 0.328998 s/step
Meep progress: 5.0625/50.0 = 10.1% done in 147.3s, 1307.4s to go
on time step 405 (time=5.0625), 0.332352 s/step
Meep progress: 5.2250000000000005/50.0 = 10.5% done in 151.5s, 1298.6s to go
on time step 418 (time=5.225), 0.327216 s/step
Meep progress: 5.3875/50.0 = 10.8% done in 155.7s, 1289.7s to go
on time step 431 (time=5.3875), 0.323062 s/step
Meep progress: 5.5375000000000005/50.0 = 11.1% done in 159.8s, 1283.4s to go
on time step 443 (time=5.5375), 0.34131 s/step
Meep progress: 5.7/50.0 = 11.4% done in 164.1s, 1275.4s to go
on time step 456 (time=5.7), 0.328457 s/step
Meep progress: 5.862500000000001/50.0 = 11.7% done in 168.4s, 1267.5s to go
on time step 469 (time=5.8625), 0.326712 s/step
Meep progress: 6.025/50.0 = 12.0% done in 172.6s, 1259.7s to go
on time step 482 (time=6.025), 0.325507 s/step
Meep progress: 6.1875/50.0 = 12.4% done in 176.8s, 1251.8s to go
on time step 495 (time=6.1875), 0.322826 s/step
Meep progress: 6.3500000000000005/50.0 = 12.7% done in 181.0s, 1244.4s to go
on time step 508 (time=6.35), 0.326385 s/step
Meep progress: 6.5/50.0 = 13.0% done in 185.2s, 1239.4s to go
on time step 520 (time=6.5), 0.346869 s/step
Meep progress: 6.6625000000000005/50.0 = 13.3% done in 189.4s, 1232.3s to go
on time step 533 (time=6.6625), 0.327022 s/step
Meep progress: 6.825/50.0 = 13.6% done in 193.8s, 1225.7s to go
on time step 546 (time=6.825), 0.331956 s/step
Meep progress: 6.987500000000001/50.0 = 14.0% done in 198.0s, 1219.1s to go
on time step 559 (time=6.9875), 0.329958 s/step
Meep progress: 7.15/50.0 = 14.3% done in 202.4s, 1212.8s to go
on time step 572 (time=7.15), 0.331986 s/step
Meep progress: 7.300000000000001/50.0 = 14.6% done in 206.7s, 1208.8s to go
on time step 584 (time=7.3), 0.358498 s/step
Meep progress: 7.4375/50.0 = 14.9% done in 210.9s, 1206.8s to go
on time step 595 (time=7.4375), 0.382477 s/step
Meep progress: 7.575/50.0 = 15.2% done in 215.0s, 1203.9s to go
on time step 606 (time=7.575), 0.371279 s/step
Meep progress: 7.737500000000001/50.0 = 15.5% done in 219.2s, 1197.1s to go
on time step 619 (time=7.7375), 0.324129 s/step
Meep progress: 7.9/50.0 = 15.8% done in 223.5s, 1191.0s to go
on time step 632 (time=7.9), 0.331554 s/step
Meep progress: 8.0625/50.0 = 16.1% done in 227.6s, 1184.1s to go
on time step 645 (time=8.0625), 0.319948 s/step
Meep progress: 8.225/50.0 = 16.4% done in 231.9s, 1177.9s to go
on time step 658 (time=8.225), 0.328434 s/step
Meep progress: 8.375/50.0 = 16.8% done in 236.1s, 1173.5s to go
on time step 670 (time=8.375), 0.350594 s/step
Meep progress: 8.512500000000001/50.0 = 17.0% done in 240.4s, 1171.6s to go
on time step 681 (time=8.5125), 0.387943 s/step
Meep progress: 8.6625/50.0 = 17.3% done in 244.7s, 1167.8s to go
on time step 693 (time=8.6625), 0.361394 s/step
Meep progress: 8.8125/50.0 = 17.6% done in 249.0s, 1163.9s to go
on time step 705 (time=8.8125), 0.359485 s/step
Meep progress: 8.975/50.0 = 18.0% done in 253.2s, 1157.5s to go
on time step 718 (time=8.975), 0.323054 s/step
Meep progress: 9.137500000000001/50.0 = 18.3% done in 257.4s, 1151.1s to go
on time step 731 (time=9.1375), 0.320952 s/step
Meep progress: 9.3/50.0 = 18.6% done in 261.6s, 1144.7s to go
on time step 744 (time=9.3), 0.320598 s/step
Meep progress: 9.4625/50.0 = 18.9% done in 265.9s, 1138.9s to go
on time step 757 (time=9.4625), 0.329174 s/step
Meep progress: 9.5875/50.0 = 19.2% done in 270.2s, 1138.8s to go
on time step 767 (time=9.5875), 0.432051 s/step
Meep progress: 9.7125/50.0 = 19.4% done in 274.4s, 1138.0s to go
on time step 777 (time=9.7125), 0.417686 s/step
Meep progress: 9.8625/50.0 = 19.7% done in 278.4s, 1133.1s to go
on time step 789 (time=9.8625), 0.338621 s/step
Meep progress: 10.025/50.0 = 20.0% done in 282.5s, 1126.6s to go
on time step 802 (time=10.025), 0.317447 s/step
Meep progress: 10.1875/50.0 = 20.4% done in 286.8s, 1120.7s to go
on time step 815 (time=10.1875), 0.325408 s/step
Meep progress: 10.350000000000001/50.0 = 20.7% done in 291.0s, 1114.6s to go
on time step 828 (time=10.35), 0.322037 s/step
Meep progress: 10.512500000000001/50.0 = 21.0% done in 295.1s, 1108.5s to go
on time step 841 (time=10.5125), 0.319879 s/step
Meep progress: 10.675/50.0 = 21.4% done in 299.3s, 1102.4s to go
on time step 854 (time=10.675), 0.318087 s/step
Meep progress: 10.8375/50.0 = 21.7% done in 303.4s, 1096.3s to go
on time step 867 (time=10.8375), 0.317575 s/step
Meep progress: 10.9875/50.0 = 22.0% done in 307.5s, 1091.7s to go
on time step 879 (time=10.9875), 0.341589 s/step
Meep progress: 11.137500000000001/50.0 = 22.3% done in 311.6s, 1087.1s to go
on time step 891 (time=11.1375), 0.340187 s/step
Meep progress: 11.3/50.0 = 22.6% done in 315.8s, 1081.4s to go
on time step 904 (time=11.3), 0.323322 s/step
Meep progress: 11.4625/50.0 = 22.9% done in 320.0s, 1075.7s to go
on time step 917 (time=11.4625), 0.322746 s/step
Meep progress: 11.625/50.0 = 23.2% done in 324.2s, 1070.1s to go
on time step 930 (time=11.625), 0.324653 s/step
Meep progress: 11.787500000000001/50.0 = 23.6% done in 328.4s, 1064.6s to go
on time step 943 (time=11.7875), 0.325029 s/step
Meep progress: 11.9375/50.0 = 23.9% done in 332.4s, 1060.0s to go
on time step 955 (time=11.9375), 0.336586 s/step
Meep progress: 12.100000000000001/50.0 = 24.2% done in 336.6s, 1054.2s to go
on time step 968 (time=12.1), 0.316346 s/step
Meep progress: 12.262500000000001/50.0 = 24.5% done in 340.8s, 1048.7s to go
on time step 981 (time=12.2625), 0.32299 s/step
Meep progress: 12.425/50.0 = 24.8% done in 345.0s, 1043.2s to go
on time step 994 (time=12.425), 0.323596 s/step
Meep progress: 12.5875/50.0 = 25.2% done in 349.2s, 1037.8s to go
on time step 1007 (time=12.5875), 0.322197 s/step
Meep progress: 12.75/50.0 = 25.5% done in 353.3s, 1032.1s to go
on time step 1020 (time=12.75), 0.315532 s/step
Meep progress: 12.912500000000001/50.0 = 25.8% done in 357.5s, 1026.9s to go
on time step 1033 (time=12.9125), 0.329139 s/step
Meep progress: 13.075000000000001/50.0 = 26.2% done in 361.7s, 1021.5s to go
on time step 1046 (time=13.075), 0.321348 s/step
Meep progress: 13.2375/50.0 = 26.5% done in 365.9s, 1016.2s to go
on time step 1059 (time=13.2375), 0.322895 s/step
Meep progress: 13.4/50.0 = 26.8% done in 370.0s, 1010.7s to go
on time step 1072 (time=13.4), 0.316701 s/step
Meep progress: 13.5625/50.0 = 27.1% done in 374.2s, 1005.4s to go
on time step 1085 (time=13.5625), 0.321487 s/step
Meep progress: 13.725000000000001/50.0 = 27.4% done in 378.4s, 1000.0s to go
on time step 1098 (time=13.725), 0.319797 s/step
Meep progress: 13.887500000000001/50.0 = 27.8% done in 382.5s, 994.7s to go
on time step 1111 (time=13.8875), 0.320126 s/step
Meep progress: 14.05/50.0 = 28.1% done in 386.7s, 989.5s to go
on time step 1124 (time=14.05), 0.323336 s/step
Meep progress: 14.2125/50.0 = 28.4% done in 390.9s, 984.2s to go
on time step 1137 (time=14.2125), 0.319171 s/step
Meep progress: 14.375/50.0 = 28.8% done in 395.1s, 979.2s to go
on time step 1150 (time=14.375), 0.326765 s/step
Meep progress: 14.525/50.0 = 29.0% done in 399.2s, 975.0s to go
on time step 1162 (time=14.525), 0.339742 s/step
Meep progress: 14.6875/50.0 = 29.4% done in 403.4s, 969.9s to go
on time step 1175 (time=14.6875), 0.324613 s/step
Meep progress: 14.850000000000001/50.0 = 29.7% done in 407.7s, 965.0s to go
on time step 1188 (time=14.85), 0.328093 s/step
Meep progress: 15.012500000000001/50.0 = 30.0% done in 412.0s, 960.3s to go
on time step 1201 (time=15.0125), 0.334008 s/step
Meep progress: 15.175/50.0 = 30.4% done in 416.3s, 955.3s to go
on time step 1214 (time=15.175), 0.327707 s/step
Meep progress: 15.325000000000001/50.0 = 30.6% done in 420.6s, 951.6s to go
on time step 1226 (time=15.325), 0.356387 s/step
Meep progress: 15.450000000000001/50.0 = 30.9% done in 424.8s, 950.1s to go
on time step 1236 (time=15.45), 0.428248 s/step
Meep progress: 15.575000000000001/50.0 = 31.2% done in 429.1s, 948.4s to go
on time step 1246 (time=15.575), 0.422866 s/step
Meep progress: 15.700000000000001/50.0 = 31.4% done in 433.4s, 946.8s to go
on time step 1256 (time=15.7), 0.431337 s/step
Meep progress: 15.825000000000001/50.0 = 31.6% done in 437.8s, 945.5s to go
on time step 1266 (time=15.825), 0.440984 s/step
Meep progress: 15.950000000000001/50.0 = 31.9% done in 441.8s, 943.2s to go
on time step 1276 (time=15.95), 0.403444 s/step
Meep progress: 16.1/50.0 = 32.2% done in 446.0s, 939.0s to go
on time step 1288 (time=16.1), 0.344133 s/step
Meep progress: 16.25/50.0 = 32.5% done in 450.1s, 934.7s to go
on time step 1300 (time=16.25), 0.340837 s/step
Meep progress: 16.400000000000002/50.0 = 32.8% done in 454.2s, 930.5s to go
on time step 1312 (time=16.4), 0.342791 s/step
Meep progress: 16.5375/50.0 = 33.1% done in 458.2s, 927.2s to go
on time step 1323 (time=16.5375), 0.370155 s/step
Meep progress: 16.6875/50.0 = 33.4% done in 462.4s, 923.0s to go
on time step 1335 (time=16.6875), 0.343718 s/step
Meep progress: 16.837500000000002/50.0 = 33.7% done in 466.5s, 918.8s to go
on time step 1347 (time=16.8375), 0.345617 s/step
Meep progress: 16.9875/50.0 = 34.0% done in 470.9s, 915.1s to go
on time step 1359 (time=16.9875), 0.363172 s/step
Meep progress: 17.1375/50.0 = 34.3% done in 475.2s, 911.3s to go
on time step 1371 (time=17.1375), 0.363247 s/step
Meep progress: 17.275000000000002/50.0 = 34.6% done in 479.6s, 908.5s to go
on time step 1382 (time=17.275), 0.397048 s/step
Meep progress: 17.400000000000002/50.0 = 34.8% done in 483.6s, 906.1s to go
on time step 1392 (time=17.4), 0.400053 s/step
Meep progress: 17.55/50.0 = 35.1% done in 487.7s, 901.7s to go
on time step 1404 (time=17.55), 0.338796 s/step
Meep progress: 17.712500000000002/50.0 = 35.4% done in 491.9s, 896.7s to go
on time step 1417 (time=17.7125), 0.328403 s/step
Meep progress: 17.875/50.0 = 35.8% done in 496.2s, 891.8s to go
on time step 1430 (time=17.875), 0.327962 s/step
Meep progress: 18.0375/50.0 = 36.1% done in 500.5s, 886.8s to go
on time step 1443 (time=18.0375), 0.327901 s/step
Meep progress: 18.2/50.0 = 36.4% done in 504.8s, 881.9s to go
on time step 1456 (time=18.2), 0.330168 s/step
Meep progress: 18.325/50.0 = 36.6% done in 509.1s, 880.0s to go
on time step 1466 (time=18.325), 0.437676 s/step
Meep progress: 18.45/50.0 = 36.9% done in 513.4s, 877.9s to go
on time step 1476 (time=18.45), 0.42834 s/step
Meep progress: 18.587500000000002/50.0 = 37.2% done in 517.4s, 874.5s to go
on time step 1487 (time=18.5875), 0.365825 s/step
Meep progress: 18.7375/50.0 = 37.5% done in 521.5s, 870.0s to go
on time step 1499 (time=18.7375), 0.334537 s/step
Meep progress: 18.900000000000002/50.0 = 37.8% done in 525.8s, 865.2s to go
on time step 1512 (time=18.9), 0.333237 s/step
Meep progress: 19.0625/50.0 = 38.1% done in 530.0s, 860.2s to go
on time step 1525 (time=19.0625), 0.327771 s/step
Meep progress: 19.200000000000003/50.0 = 38.4% done in 534.1s, 856.8s to go
on time step 1536 (time=19.2), 0.370294 s/step
Meep progress: 19.3625/50.0 = 38.7% done in 538.4s, 852.0s to go
on time step 1549 (time=19.3625), 0.331495 s/step
Meep progress: 19.525000000000002/50.0 = 39.1% done in 542.6s, 847.0s to go
on time step 1562 (time=19.525), 0.32477 s/step
Meep progress: 19.6875/50.0 = 39.4% done in 546.8s, 841.9s to go
on time step 1575 (time=19.6875), 0.320193 s/step
Meep progress: 19.837500000000002/50.0 = 39.7% done in 550.9s, 837.6s to go
on time step 1587 (time=19.8375), 0.337278 s/step
Meep progress: 20.0/50.0 = 40.0% done in 555.1s, 832.7s to go
on time step 1600 (time=20), 0.3264 s/step
Meep progress: 20.1625/50.0 = 40.3% done in 559.3s, 827.7s to go
on time step 1613 (time=20.1625), 0.326483 s/step
Meep progress: 20.325000000000003/50.0 = 40.7% done in 563.7s, 822.9s to go
on time step 1626 (time=20.325), 0.331357 s/step
Meep progress: 20.450000000000003/50.0 = 40.9% done in 567.7s, 820.4s to go
on time step 1636 (time=20.45), 0.407595 s/step
Meep progress: 20.575000000000003/50.0 = 41.2% done in 572.1s, 818.2s to go
on time step 1646 (time=20.575), 0.435199 s/step
Meep progress: 20.712500000000002/50.0 = 41.4% done in 576.2s, 814.7s to go
on time step 1657 (time=20.7125), 0.372841 s/step
Meep progress: 20.85/50.0 = 41.7% done in 580.4s, 811.5s to go
on time step 1668 (time=20.85), 0.384096 s/step
Meep progress: 20.9875/50.0 = 42.0% done in 584.7s, 808.2s to go
on time step 1679 (time=20.9875), 0.387198 s/step
Meep progress: 21.137500000000003/50.0 = 42.3% done in 588.8s, 804.0s to go
on time step 1691 (time=21.1375), 0.342772 s/step
Meep progress: 21.2875/50.0 = 42.6% done in 592.8s, 799.6s to go
on time step 1703 (time=21.2875), 0.337443 s/step
Meep progress: 21.425/50.0 = 42.8% done in 597.3s, 796.6s to go
on time step 1714 (time=21.425), 0.402905 s/step
Meep progress: 21.55/50.0 = 43.1% done in 601.6s, 794.3s to go
on time step 1724 (time=21.55), 0.437822 s/step
Meep progress: 21.6875/50.0 = 43.4% done in 605.8s, 790.9s to go
on time step 1735 (time=21.6875), 0.382693 s/step
Meep progress: 21.85/50.0 = 43.7% done in 610.1s, 786.0s to go
on time step 1748 (time=21.85), 0.32895 s/step
Meep progress: 22.012500000000003/50.0 = 44.0% done in 614.4s, 781.1s to go
on time step 1761 (time=22.0125), 0.32663 s/step
Meep progress: 22.175/50.0 = 44.4% done in 618.7s, 776.3s to go
on time step 1774 (time=22.175), 0.330102 s/step
Meep progress: 22.325000000000003/50.0 = 44.7% done in 622.7s, 771.9s to go
on time step 1786 (time=22.325), 0.334519 s/step
Meep progress: 22.475/50.0 = 45.0% done in 627.1s, 768.0s to go
on time step 1798 (time=22.475), 0.365807 s/step
Meep progress: 22.6125/50.0 = 45.2% done in 631.4s, 764.7s to go
on time step 1809 (time=22.6125), 0.391283 s/step
Meep progress: 22.75/50.0 = 45.5% done in 635.4s, 761.1s to go
on time step 1820 (time=22.75), 0.370398 s/step
Meep progress: 22.9125/50.0 = 45.8% done in 639.7s, 756.3s to go
on time step 1833 (time=22.9125), 0.327569 s/step
Meep progress: 23.0625/50.0 = 46.1% done in 643.7s, 751.9s to go
on time step 1845 (time=23.0625), 0.336837 s/step
Meep progress: 23.212500000000002/50.0 = 46.4% done in 647.9s, 747.6s to go
on time step 1857 (time=23.2125), 0.342306 s/step
Meep progress: 23.375/50.0 = 46.8% done in 652.1s, 742.8s to go
on time step 1870 (time=23.375), 0.328529 s/step
Meep progress: 23.525000000000002/50.0 = 47.1% done in 656.2s, 738.5s to go
on time step 1882 (time=23.525), 0.339303 s/step
Meep progress: 23.650000000000002/50.0 = 47.3% done in 660.6s, 736.0s to go
on time step 1892 (time=23.65), 0.43953 s/step
Meep progress: 23.775000000000002/50.0 = 47.6% done in 664.9s, 733.5s to go
on time step 1902 (time=23.775), 0.434118 s/step
Meep progress: 23.9125/50.0 = 47.8% done in 669.2s, 730.1s to go
on time step 1913 (time=23.9125), 0.392265 s/step
Meep progress: 24.0375/50.0 = 48.1% done in 673.6s, 727.5s to go
on time step 1923 (time=24.0375), 0.434427 s/step
Meep progress: 24.175/50.0 = 48.4% done in 677.8s, 724.1s to go
on time step 1934 (time=24.175), 0.383928 s/step
Meep progress: 24.325000000000003/50.0 = 48.7% done in 682.1s, 720.0s to go
on time step 1946 (time=24.325), 0.357553 s/step
Meep progress: 24.462500000000002/50.0 = 48.9% done in 686.2s, 716.3s to go
on time step 1957 (time=24.4625), 0.368047 s/step
Meep progress: 24.6/50.0 = 49.2% done in 690.2s, 712.7s to go
on time step 1968 (time=24.6), 0.369321 s/step
Meep progress: 24.7375/50.0 = 49.5% done in 694.5s, 709.3s to go
on time step 1979 (time=24.7375), 0.390738 s/step
Meep progress: 24.887500000000003/50.0 = 49.8% done in 698.8s, 705.1s to go
on time step 1991 (time=24.8875), 0.353611 s/step
Meep progress: 25.05/50.0 = 50.1% done in 702.9s, 700.1s to go
on time step 2004 (time=25.05), 0.319938 s/step
Meep progress: 25.212500000000002/50.0 = 50.4% done in 707.1s, 695.2s to go
on time step 2017 (time=25.2125), 0.323796 s/step
Meep progress: 25.375/50.0 = 50.8% done in 711.4s, 690.4s to go
on time step 2030 (time=25.375), 0.32785 s/step
Meep progress: 25.5375/50.0 = 51.1% done in 715.7s, 685.6s to go
on time step 2043 (time=25.5375), 0.329749 s/step
Meep progress: 25.700000000000003/50.0 = 51.4% done in 719.9s, 680.6s to go
on time step 2056 (time=25.7), 0.321031 s/step
Meep progress: 25.8625/50.0 = 51.7% done in 724.1s, 675.8s to go
on time step 2069 (time=25.8625), 0.325362 s/step
Meep progress: 26.025000000000002/50.0 = 52.0% done in 728.3s, 670.9s to go
on time step 2082 (time=26.025), 0.324532 s/step
Meep progress: 26.1875/50.0 = 52.4% done in 732.5s, 666.1s to go
on time step 2095 (time=26.1875), 0.323967 s/step
Meep progress: 26.35/50.0 = 52.7% done in 736.8s, 661.3s to go
on time step 2108 (time=26.35), 0.326972 s/step
Meep progress: 26.5/50.0 = 53.0% done in 740.8s, 656.9s to go
on time step 2120 (time=26.5), 0.334789 s/step
Meep progress: 26.650000000000002/50.0 = 53.3% done in 745.1s, 652.8s to go
on time step 2132 (time=26.65), 0.356115 s/step
Meep progress: 26.7875/50.0 = 53.6% done in 749.4s, 649.3s to go
on time step 2143 (time=26.7875), 0.390689 s/step
Meep progress: 26.925/50.0 = 53.8% done in 753.6s, 645.9s to go
on time step 2154 (time=26.925), 0.38915 s/step
Meep progress: 27.087500000000002/50.0 = 54.2% done in 757.9s, 641.1s to go
on time step 2167 (time=27.0875), 0.328369 s/step
Meep progress: 27.2375/50.0 = 54.5% done in 762.0s, 636.8s to go
on time step 2179 (time=27.2375), 0.340617 s/step
Meep progress: 27.387500000000003/50.0 = 54.8% done in 766.1s, 632.6s to go
on time step 2191 (time=27.3875), 0.345935 s/step
Meep progress: 27.5375/50.0 = 55.1% done in 770.2s, 628.2s to go
on time step 2203 (time=27.5375), 0.334484 s/step
Meep progress: 27.6875/50.0 = 55.4% done in 774.2s, 623.9s to go
on time step 2215 (time=27.6875), 0.335044 s/step
Meep progress: 27.837500000000002/50.0 = 55.7% done in 778.2s, 619.6s to go
on time step 2227 (time=27.8375), 0.335564 s/step
Meep progress: 28.0/50.0 = 56.0% done in 782.5s, 614.8s to go
on time step 2240 (time=28), 0.330524 s/step
Meep progress: 28.1625/50.0 = 56.3% done in 786.8s, 610.1s to go
on time step 2253 (time=28.1625), 0.334695 s/step
Meep progress: 28.3125/50.0 = 56.6% done in 790.9s, 605.8s to go
on time step 2265 (time=28.3125), 0.334894 s/step
Meep progress: 28.462500000000002/50.0 = 56.9% done in 795.1s, 601.7s to go
on time step 2277 (time=28.4625), 0.353592 s/step
Meep progress: 28.6125/50.0 = 57.2% done in 799.4s, 597.5s to go
on time step 2289 (time=28.6125), 0.354994 s/step
Meep progress: 28.775000000000002/50.0 = 57.6% done in 803.6s, 592.8s to go
on time step 2302 (time=28.775), 0.327497 s/step
Meep progress: 28.9125/50.0 = 57.8% done in 807.6s, 589.1s to go
on time step 2313 (time=28.9125), 0.365483 s/step
Meep progress: 29.05/50.0 = 58.1% done in 811.9s, 585.5s to go
on time step 2324 (time=29.05), 0.389068 s/step
Meep progress: 29.200000000000003/50.0 = 58.4% done in 816.2s, 581.4s to go
on time step 2336 (time=29.2), 0.35987 s/step
Meep progress: 29.35/50.0 = 58.7% done in 820.5s, 577.3s to go
on time step 2348 (time=29.35), 0.353771 s/step
Meep progress: 29.512500000000003/50.0 = 59.0% done in 824.8s, 572.6s to go
on time step 2361 (time=29.5125), 0.330082 s/step
Meep progress: 29.6625/50.0 = 59.3% done in 828.9s, 568.3s to go
on time step 2373 (time=29.6625), 0.340077 s/step
Meep progress: 29.8125/50.0 = 59.6% done in 832.9s, 564.0s to go
on time step 2385 (time=29.8125), 0.339416 s/step
Meep progress: 29.975/50.0 = 60.0% done in 837.2s, 559.3s to go
on time step 2398 (time=29.975), 0.329173 s/step
Meep progress: 30.137500000000003/50.0 = 60.3% done in 841.5s, 554.6s to go
on time step 2411 (time=30.1375), 0.329158 s/step
Meep progress: 30.3/50.0 = 60.6% done in 845.8s, 549.9s to go
on time step 2424 (time=30.3), 0.327863 s/step
Meep progress: 30.450000000000003/50.0 = 60.9% done in 849.8s, 545.6s to go
on time step 2436 (time=30.45), 0.336298 s/step
Meep progress: 30.6125/50.0 = 61.2% done in 854.1s, 540.9s to go
on time step 2449 (time=30.6125), 0.332116 s/step
Meep progress: 30.775000000000002/50.0 = 61.6% done in 858.4s, 536.2s to go
on time step 2462 (time=30.775), 0.32862 s/step
Meep progress: 30.925/50.0 = 61.8% done in 862.4s, 532.0s to go
on time step 2474 (time=30.925), 0.336553 s/step
Meep progress: 31.0625/50.0 = 62.1% done in 866.5s, 528.3s to go
on time step 2485 (time=31.0625), 0.373622 s/step
Meep progress: 31.200000000000003/50.0 = 62.4% done in 870.8s, 524.7s to go
on time step 2496 (time=31.2), 0.389699 s/step
Meep progress: 31.337500000000002/50.0 = 62.7% done in 875.0s, 521.1s to go
on time step 2507 (time=31.3375), 0.376106 s/step
Meep progress: 31.5/50.0 = 63.0% done in 879.2s, 516.3s to go
on time step 2520 (time=31.5), 0.325274 s/step
Meep progress: 31.6625/50.0 = 63.3% done in 883.4s, 511.6s to go
on time step 2533 (time=31.6625), 0.327078 s/step
Meep progress: 31.825000000000003/50.0 = 63.6% done in 887.7s, 506.9s to go
on time step 2546 (time=31.825), 0.324689 s/step
Meep progress: 31.9875/50.0 = 64.0% done in 892.0s, 502.3s to go
on time step 2559 (time=31.9875), 0.336251 s/step
Meep progress: 32.1375/50.0 = 64.3% done in 896.3s, 498.2s to go
on time step 2571 (time=32.1375), 0.359532 s/step
Meep progress: 32.275/50.0 = 64.6% done in 900.6s, 494.6s to go
on time step 2582 (time=32.275), 0.390628 s/step
Meep progress: 32.4125/50.0 = 64.8% done in 904.9s, 491.0s to go
on time step 2593 (time=32.4125), 0.384278 s/step
Meep progress: 32.5625/50.0 = 65.1% done in 909.1s, 486.8s to go
on time step 2605 (time=32.5625), 0.351158 s/step
Meep progress: 32.725/50.0 = 65.4% done in 913.3s, 482.1s to go
on time step 2618 (time=32.725), 0.327862 s/step
Meep progress: 32.8875/50.0 = 65.8% done in 917.7s, 477.5s to go
on time step 2631 (time=32.8875), 0.332157 s/step
Meep progress: 33.050000000000004/50.0 = 66.1% done in 922.0s, 472.8s to go
on time step 2644 (time=33.05), 0.331826 s/step
Meep progress: 33.2/50.0 = 66.4% done in 926.1s, 468.6s to go
on time step 2656 (time=33.2), 0.346515 s/step
Meep progress: 33.325/50.0 = 66.6% done in 930.4s, 465.5s to go
on time step 2666 (time=33.325), 0.423693 s/step
Meep progress: 33.45/50.0 = 66.9% done in 934.4s, 462.3s to go
on time step 2676 (time=33.45), 0.401815 s/step
Meep progress: 33.6/50.0 = 67.2% done in 938.5s, 458.1s to go
on time step 2688 (time=33.6), 0.34337 s/step
Meep progress: 33.75/50.0 = 67.5% done in 942.7s, 453.9s to go
on time step 2700 (time=33.75), 0.350856 s/step
Meep progress: 33.9/50.0 = 67.8% done in 946.8s, 449.6s to go
on time step 2712 (time=33.9), 0.336256 s/step
Meep progress: 34.0625/50.0 = 68.1% done in 951.1s, 445.0s to go
on time step 2725 (time=34.0625), 0.332234 s/step
Meep progress: 34.2125/50.0 = 68.4% done in 955.1s, 440.7s to go
on time step 2737 (time=34.2125), 0.333364 s/step
Meep progress: 34.375/50.0 = 68.8% done in 959.4s, 436.1s to go
on time step 2750 (time=34.375), 0.329883 s/step
Meep progress: 34.525/50.0 = 69.0% done in 963.5s, 431.9s to go
on time step 2762 (time=34.525), 0.342199 s/step
Meep progress: 34.6875/50.0 = 69.4% done in 967.7s, 427.2s to go
on time step 2775 (time=34.6875), 0.321825 s/step
Meep progress: 34.8375/50.0 = 69.7% done in 971.7s, 422.9s to go
on time step 2787 (time=34.8375), 0.340073 s/step
Meep progress: 35.0/50.0 = 70.0% done in 976.0s, 418.3s to go
on time step 2800 (time=35), 0.330887 s/step
Meep progress: 35.1625/50.0 = 70.3% done in 980.4s, 413.7s to go
on time step 2813 (time=35.1625), 0.335278 s/step
Meep progress: 35.3125/50.0 = 70.6% done in 984.6s, 409.5s to go
on time step 2825 (time=35.3125), 0.347887 s/step
Meep progress: 35.45/50.0 = 70.9% done in 988.8s, 405.8s to go
on time step 2836 (time=35.45), 0.386322 s/step
Meep progress: 35.5875/50.0 = 71.2% done in 993.1s, 402.2s to go
on time step 2847 (time=35.5875), 0.388303 s/step
Meep progress: 35.737500000000004/50.0 = 71.5% done in 997.3s, 398.0s to go
on time step 2859 (time=35.7375), 0.349668 s/step
Meep progress: 35.8875/50.0 = 71.8% done in 1001.3s, 393.8s to go
on time step 2871 (time=35.8875), 0.334574 s/step
Meep progress: 36.050000000000004/50.0 = 72.1% done in 1005.6s, 389.1s to go
on time step 2884 (time=36.05), 0.327928 s/step
Meep progress: 36.2/50.0 = 72.4% done in 1009.7s, 384.9s to go
on time step 2896 (time=36.2), 0.342127 s/step
Meep progress: 36.35/50.0 = 72.7% done in 1013.8s, 380.7s to go
on time step 2908 (time=36.35), 0.341078 s/step
Meep progress: 36.487500000000004/50.0 = 73.0% done in 1017.9s, 377.0s to go
on time step 2919 (time=36.4875), 0.375823 s/step
Meep progress: 36.625/50.0 = 73.2% done in 1022.2s, 373.3s to go
on time step 2930 (time=36.625), 0.387031 s/step
Meep progress: 36.775/50.0 = 73.6% done in 1026.4s, 369.1s to go
on time step 2942 (time=36.775), 0.350949 s/step
Meep progress: 36.9375/50.0 = 73.9% done in 1030.7s, 364.5s to go
on time step 2955 (time=36.9375), 0.332785 s/step
Meep progress: 37.1/50.0 = 74.2% done in 1035.0s, 359.9s to go
on time step 2968 (time=37.1), 0.33233 s/step
Meep progress: 37.25/50.0 = 74.5% done in 1039.0s, 355.6s to go
on time step 2980 (time=37.25), 0.33574 s/step
Meep progress: 37.4125/50.0 = 74.8% done in 1043.3s, 351.0s to go
on time step 2993 (time=37.4125), 0.33067 s/step
Meep progress: 37.5625/50.0 = 75.1% done in 1047.6s, 346.9s to go
on time step 3005 (time=37.5625), 0.354861 s/step
Meep progress: 37.7/50.0 = 75.4% done in 1051.9s, 343.2s to go
on time step 3016 (time=37.7), 0.386831 s/step
Meep progress: 37.8375/50.0 = 75.7% done in 1056.1s, 339.5s to go
on time step 3027 (time=37.8375), 0.383947 s/step
Meep progress: 37.975/50.0 = 76.0% done in 1060.1s, 335.7s to go
on time step 3038 (time=37.975), 0.36509 s/step
Meep progress: 38.112500000000004/50.0 = 76.2% done in 1064.1s, 331.9s to go
on time step 3049 (time=38.1125), 0.368069 s/step
Meep progress: 38.2625/50.0 = 76.5% done in 1068.2s, 327.7s to go
on time step 3061 (time=38.2625), 0.336015 s/step
Meep progress: 38.4125/50.0 = 76.8% done in 1072.3s, 323.5s to go
on time step 3073 (time=38.4125), 0.344453 s/step
Meep progress: 38.5625/50.0 = 77.1% done in 1076.3s, 319.2s to go
on time step 3085 (time=38.5625), 0.336507 s/step
Meep progress: 38.725/50.0 = 77.4% done in 1080.5s, 314.6s to go
on time step 3098 (time=38.725), 0.320582 s/step
Meep progress: 38.8875/50.0 = 77.8% done in 1084.6s, 309.9s to go
on time step 3111 (time=38.8875), 0.318218 s/step
Meep progress: 39.050000000000004/50.0 = 78.1% done in 1088.8s, 305.3s to go
on time step 3124 (time=39.05), 0.321413 s/step
Meep progress: 39.212500000000006/50.0 = 78.4% done in 1093.0s, 300.7s to go
on time step 3137 (time=39.2125), 0.324553 s/step
Meep progress: 39.362500000000004/50.0 = 78.7% done in 1097.2s, 296.5s to go
on time step 3149 (time=39.3625), 0.343297 s/step
Meep progress: 39.525000000000006/50.0 = 79.1% done in 1101.5s, 291.9s to go
on time step 3162 (time=39.525), 0.331389 s/step
Meep progress: 39.675000000000004/50.0 = 79.4% done in 1105.7s, 287.7s to go
on time step 3174 (time=39.675), 0.350671 s/step
Meep progress: 39.8125/50.0 = 79.6% done in 1110.0s, 284.0s to go
on time step 3185 (time=39.8125), 0.38964 s/step
Meep progress: 39.95/50.0 = 79.9% done in 1114.1s, 280.3s to go
on time step 3196 (time=39.95), 0.378319 s/step
Meep progress: 40.1/50.0 = 80.2% done in 1118.1s, 276.1s to go
on time step 3208 (time=40.1), 0.334874 s/step
Meep progress: 40.25/50.0 = 80.5% done in 1122.2s, 271.8s to go
on time step 3220 (time=40.25), 0.337613 s/step
Meep progress: 40.4125/50.0 = 80.8% done in 1126.5s, 267.2s to go
on time step 3233 (time=40.4125), 0.328802 s/step
Meep progress: 40.575/50.0 = 81.2% done in 1130.7s, 262.6s to go
on time step 3246 (time=40.575), 0.321981 s/step
Meep progress: 40.737500000000004/50.0 = 81.5% done in 1134.9s, 258.0s to go
on time step 3259 (time=40.7375), 0.323506 s/step
Meep progress: 40.900000000000006/50.0 = 81.8% done in 1139.1s, 253.4s to go
on time step 3272 (time=40.9), 0.324392 s/step
Meep progress: 41.050000000000004/50.0 = 82.1% done in 1143.2s, 249.3s to go
on time step 3284 (time=41.05), 0.343866 s/step
Meep progress: 41.2/50.0 = 82.4% done in 1147.2s, 245.0s to go
on time step 3296 (time=41.2), 0.335463 s/step
Meep progress: 41.362500000000004/50.0 = 82.7% done in 1151.5s, 240.5s to go
on time step 3309 (time=41.3625), 0.3298 s/step
Meep progress: 41.5125/50.0 = 83.0% done in 1155.6s, 236.3s to go
on time step 3321 (time=41.5125), 0.337012 s/step
Meep progress: 41.675000000000004/50.0 = 83.4% done in 1159.8s, 231.7s to go
on time step 3334 (time=41.675), 0.326232 s/step
Meep progress: 41.837500000000006/50.0 = 83.7% done in 1164.1s, 227.1s to go
on time step 3347 (time=41.8375), 0.328427 s/step
Meep progress: 41.962500000000006/50.0 = 83.9% done in 1168.2s, 223.8s to go
on time step 3357 (time=41.9625), 0.411722 s/step
Meep progress: 42.087500000000006/50.0 = 84.2% done in 1172.6s, 220.4s to go
on time step 3367 (time=42.0875), 0.436854 s/step
Meep progress: 42.237500000000004/50.0 = 84.5% done in 1176.7s, 216.2s to go
on time step 3379 (time=42.2375), 0.34098 s/step
Meep progress: 42.3875/50.0 = 84.8% done in 1180.7s, 212.0s to go
on time step 3391 (time=42.3875), 0.333456 s/step
Meep progress: 42.5375/50.0 = 85.1% done in 1184.7s, 207.8s to go
on time step 3403 (time=42.5375), 0.340708 s/step
Meep progress: 42.6875/50.0 = 85.4% done in 1188.8s, 203.6s to go
on time step 3415 (time=42.6875), 0.337281 s/step
Meep progress: 42.85/50.0 = 85.7% done in 1193.0s, 199.1s to go
on time step 3428 (time=42.85), 0.324608 s/step
Meep progress: 42.987500000000004/50.0 = 86.0% done in 1197.2s, 195.3s to go
on time step 3439 (time=42.9875), 0.382375 s/step
Meep progress: 43.112500000000004/50.0 = 86.2% done in 1201.5s, 192.0s to go
on time step 3449 (time=43.1125), 0.432771 s/step
Meep progress: 43.25/50.0 = 86.5% done in 1205.8s, 188.2s to go
on time step 3460 (time=43.25), 0.386243 s/step
Meep progress: 43.4125/50.0 = 86.8% done in 1210.1s, 183.6s to go
on time step 3473 (time=43.4125), 0.327446 s/step
Meep progress: 43.5625/50.0 = 87.1% done in 1214.2s, 179.4s to go
on time step 3485 (time=43.5625), 0.346514 s/step
Meep progress: 43.712500000000006/50.0 = 87.4% done in 1218.4s, 175.3s to go
on time step 3497 (time=43.7125), 0.351765 s/step
Meep progress: 43.862500000000004/50.0 = 87.7% done in 1222.6s, 171.1s to go
on time step 3509 (time=43.8625), 0.344062 s/step
Meep progress: 44.0125/50.0 = 88.0% done in 1226.7s, 166.9s to go
on time step 3521 (time=44.0125), 0.341085 s/step
Meep progress: 44.1625/50.0 = 88.3% done in 1230.7s, 162.7s to go
on time step 3533 (time=44.1625), 0.339783 s/step
Meep progress: 44.3125/50.0 = 88.6% done in 1234.8s, 158.5s to go
on time step 3545 (time=44.3125), 0.335049 s/step
Meep progress: 44.475/50.0 = 89.0% done in 1239.1s, 153.9s to go
on time step 3558 (time=44.475), 0.332078 s/step
Meep progress: 44.6375/50.0 = 89.3% done in 1243.3s, 149.4s to go
on time step 3571 (time=44.6375), 0.323681 s/step
Meep progress: 44.800000000000004/50.0 = 89.6% done in 1247.5s, 144.8s to go
on time step 3584 (time=44.8), 0.327241 s/step
Meep progress: 44.962500000000006/50.0 = 89.9% done in 1251.8s, 140.3s to go
on time step 3597 (time=44.9625), 0.330971 s/step
Meep progress: 45.112500000000004/50.0 = 90.2% done in 1255.9s, 136.1s to go
on time step 3609 (time=45.1125), 0.34024 s/step
Meep progress: 45.2625/50.0 = 90.5% done in 1260.0s, 131.9s to go
on time step 3621 (time=45.2625), 0.337137 s/step
Meep progress: 45.4125/50.0 = 90.8% done in 1264.0s, 127.7s to go
on time step 3633 (time=45.4125), 0.334485 s/step
Meep progress: 45.575/50.0 = 91.2% done in 1268.3s, 123.1s to go
on time step 3646 (time=45.575), 0.333762 s/step
Meep progress: 45.725/50.0 = 91.4% done in 1272.3s, 119.0s to go
on time step 3658 (time=45.725), 0.33353 s/step
Meep progress: 45.8875/50.0 = 91.8% done in 1276.6s, 114.4s to go
on time step 3671 (time=45.8875), 0.330332 s/step
Meep progress: 46.0375/50.0 = 92.1% done in 1280.8s, 110.2s to go
on time step 3683 (time=46.0375), 0.346058 s/step
Meep progress: 46.1875/50.0 = 92.4% done in 1284.8s, 106.1s to go
on time step 3695 (time=46.1875), 0.334021 s/step
Meep progress: 46.35/50.0 = 92.7% done in 1289.0s, 101.5s to go
on time step 3708 (time=46.35), 0.325773 s/step
Meep progress: 46.5125/50.0 = 93.0% done in 1293.3s, 97.0s to go
on time step 3721 (time=46.5125), 0.327149 s/step
Meep progress: 46.675000000000004/50.0 = 93.4% done in 1297.5s, 92.4s to go
on time step 3734 (time=46.675), 0.327791 s/step
Meep progress: 46.825/50.0 = 93.6% done in 1301.7s, 88.3s to go
on time step 3746 (time=46.825), 0.348865 s/step
Meep progress: 46.987500000000004/50.0 = 94.0% done in 1305.9s, 83.7s to go
on time step 3759 (time=46.9875), 0.325716 s/step
Meep progress: 47.150000000000006/50.0 = 94.3% done in 1310.2s, 79.2s to go
on time step 3772 (time=47.15), 0.326444 s/step
Meep progress: 47.3125/50.0 = 94.6% done in 1314.4s, 74.7s to go
on time step 3785 (time=47.3125), 0.327324 s/step
Meep progress: 47.475/50.0 = 95.0% done in 1318.7s, 70.1s to go
on time step 3798 (time=47.475), 0.326584 s/step
Meep progress: 47.612500000000004/50.0 = 95.2% done in 1323.0s, 66.3s to go
on time step 3809 (time=47.6125), 0.389459 s/step
Meep progress: 47.75/50.0 = 95.5% done in 1327.2s, 62.5s to go
on time step 3820 (time=47.75), 0.387364 s/step
Meep progress: 47.8875/50.0 = 95.8% done in 1331.3s, 58.7s to go
on time step 3831 (time=47.8875), 0.37088 s/step
Meep progress: 48.0125/50.0 = 96.0% done in 1335.7s, 55.3s to go
on time step 3841 (time=48.0125), 0.435936 s/step
Meep progress: 48.1375/50.0 = 96.3% done in 1339.8s, 51.8s to go
on time step 3851 (time=48.1375), 0.414929 s/step
Meep progress: 48.300000000000004/50.0 = 96.6% done in 1344.1s, 47.3s to go
on time step 3864 (time=48.3), 0.330039 s/step
Meep progress: 48.45/50.0 = 96.9% done in 1348.4s, 43.1s to go
on time step 3876 (time=48.45), 0.35485 s/step
Meep progress: 48.612500000000004/50.0 = 97.2% done in 1352.6s, 38.6s to go
on time step 3889 (time=48.6125), 0.32732 s/step
Meep progress: 48.775000000000006/50.0 = 97.6% done in 1356.8s, 34.1s to go
on time step 3902 (time=48.775), 0.321279 s/step
Meep progress: 48.925000000000004/50.0 = 97.9% done in 1360.9s, 29.9s to go
on time step 3914 (time=48.925), 0.345671 s/step
Meep progress: 49.075/50.0 = 98.2% done in 1365.0s, 25.7s to go
on time step 3926 (time=49.075), 0.340731 s/step
Meep progress: 49.237500000000004/50.0 = 98.5% done in 1369.2s, 21.2s to go
on time step 3939 (time=49.2375), 0.321268 s/step
Meep progress: 49.400000000000006/50.0 = 98.8% done in 1373.4s, 16.7s to go
on time step 3952 (time=49.4), 0.324606 s/step
Meep progress: 49.5625/50.0 = 99.1% done in 1377.6s, 12.2s to go
on time step 3965 (time=49.5625), 0.323458 s/step
Meep progress: 49.712500000000006/50.0 = 99.4% done in 1381.7s, 8.0s to go
on time step 3977 (time=49.7125), 0.335968 s/step
Meep progress: 49.875/50.0 = 99.8% done in 1385.9s, 3.5s to go
on time step 3990 (time=49.875), 0.322932 s/step
run 0 finished at t = 50.0 (4000 timesteps)
flux1:, 0.5, 1.53201995592172e-6, -1.047430719921168e-6
flux1:, 0.5066889632107023, 1.5379271637621898e-6, -1.204215722281047e-6
flux1:, 0.5133779264214047, 1.587410718848453e-6, -1.2160093604340438e-6
flux1:, 0.520066889632107, 2.1274961174897356e-6, -1.236895286350184e-6
flux1:, 0.5267558528428093, 2.3381116580534857e-6, -1.4106546791643677e-6
flux1:, 0.5334448160535117, 2.2553360306486763e-6, -1.5259798403979274e-6
flux1:, 0.540133779264214, 2.805671588100054e-6, -1.5696281700869563e-6
flux1:, 0.5468227424749164, 3.254256380176259e-6, -1.778217102712386e-6
flux1:, 0.5535117056856187, 2.987135855180736e-6, -2.1505147500368747e-6
flux1:, 0.560200668896321, 3.4310515741825114e-6, -2.6030068964857445e-6
flux1:, 0.5668896321070234, 4.633043088060233e-6, -3.044122603731861e-6
flux1:, 0.5735785953177257, 5.048756004244474e-6, -3.2702860840091376e-6
flux1:, 0.580267558528428, 5.457925572592953e-6, -3.501970870295399e-6
flux1:, 0.5869565217391304, 6.819393744498569e-6, -4.1172755258953464e-6
flux1:, 0.5936454849498327, 7.531257509055853e-6, -4.769867819261364e-6
flux1:, 0.600334448160535, 7.658392184008391e-6, -5.3440024625894306e-6
flux1:, 0.6070234113712374, 9.22746851643534e-6, -6.4181046104827605e-6
flux1:, 0.6137123745819397, 1.146905401364929e-5, -7.402067982216817e-6
flux1:, 0.6204013377926421, 1.3048876185707134e-5, -7.391306662689222e-6
flux1:, 0.6270903010033444, 1.4831041062617901e-5, -7.826652996382186e-6
flux1:, 0.6337792642140467, 1.639132117920109e-5, -9.904201937621803e-6
flux1:, 0.6404682274247491, 1.748445132905057e-5, -1.1925860661289556e-5
flux1:, 0.6471571906354514, 2.0643736086775817e-5, -1.3210993693948537e-5
flux1:, 0.6538461538461537, 2.5318884941503533e-5, -1.5102673370516688e-5
flux1:, 0.6605351170568561, 2.8463768843090452e-5, -1.6687120091587073e-5
flux1:, 0.6672240802675584, 3.197987134053876e-5, -1.7134037835550267e-5
flux1:, 0.6739130434782608, 3.7311111637374484e-5, -1.9276025951845748e-5
flux1:, 0.6806020066889631, 4.092511199936946e-5, -2.3492626887935688e-5
flux1:, 0.6872909698996654, 4.4018602013473304e-5, -2.6191381203965347e-5
flux1:, 0.6939799331103678, 5.063857839256464e-5, -2.849988423712058e-5
flux1:, 0.7006688963210701, 5.791601014913385e-5, -3.411769553261967e-5
flux1:, 0.7073578595317724, 6.45835715459329e-5, -3.986919500152716e-5
flux1:, 0.7140468227424748, 7.286114709563373e-5, -4.244196689490929e-5
flux1:, 0.7207357859531771, 7.627523034834918e-5, -4.76686254810154e-5
flux1:, 0.7274247491638794, 7.398964954721194e-5, -6.045217655057137e-5
flux1:, 0.7341137123745818, 8.288088539437447e-5, -7.489153314536738e-5
flux1:, 0.7408026755852841, 1.0584258936092356e-4, -8.323156525392222e-5
flux1:, 0.7474916387959865, 1.2433098873957732e-4, -8.70872329584599e-5
flux1:, 0.7541806020066888, 1.3687220701925904e-4, -9.443464869062957e-5
flux1:, 0.7608695652173911, 1.5425975291248807e-4, -1.0754267002533457e-4
flux1:, 0.7675585284280935, 1.6845685425100507e-4, -1.2108862065200667e-4
flux1:, 0.7742474916387958, 1.7307618085307192e-4, -1.3744517078642584e-4
flux1:, 0.7809364548494981, 1.7784055809469588e-4, -1.6729425751064127e-4
flux1:, 0.7876254180602005, 1.8537159855226438e-4, -2.050423199003558e-4
flux1:, 0.7943143812709028, 2.0105564071328956e-4, -2.3409910514568408e-4
flux1:, 0.8010033444816052, 2.3599308078468264e-4, -2.6109478880453055e-4
flux1:, 0.8076923076923075, 2.684498282126205e-4, -3.0094208852520036e-4
flux1:, 0.8143812709030098, 2.7749320284517606e-4, -3.4434236261105466e-4
flux1:, 0.8210702341137122, 2.999034979807826e-4, -3.885285262733772e-4
flux1:, 0.8277591973244145, 3.5566487678731864e-4, -4.4839325271678766e-4
flux1:, 0.8344481605351168, 3.932902516090439e-4, -5.048824361210342e-4
flux1:, 0.8411371237458192, 3.887712150091407e-4, -5.394419772189044e-4
flux1:, 0.8478260869565215, 3.762951339506279e-4, -6.08809348300194e-4
flux1:, 0.8545150501672238, 3.702062559706561e-4, -7.453530025243069e-4
flux1:, 0.8612040133779262, 3.8796809603942065e-4, -8.606423100152618e-4
flux1:, 0.8678929765886285, 4.649137704069005e-4, -9.076413901793643e-4
flux1:, 0.8745819397993309, 5.596156025605565e-4, -9.758663186482692e-4
flux1:, 0.8812709030100332, 6.077259373892479e-4, -0.0010853690656737938
flux1:, 0.8879598662207355, 6.518775939046743e-4, -0.0011438720444928363
flux1:, 0.8946488294314379, 7.300415662223311e-4, -0.001198442324460948
flux1:, 0.9013377926421402, 7.792865159253533e-4, -0.0014033575278770904
flux1:, 0.9080267558528425, 7.844295255220679e-4, -0.0017216706937318617
flux1:, 0.9147157190635449, 7.92128387804954e-4, -0.0019862552186670356
flux1:, 0.9214046822742472, 7.904260497792043e-4, -0.0021711295016925507
flux1:, 0.9280936454849495, 8.111552706722929e-4, -0.002344295028765553
flux1:, 0.9347826086956519, 9.402082103406021e-4, -0.0025461531182684846
flux1:, 0.9414715719063542, 0.0010795997804329484, -0.002842804953771607
flux1:, 0.9481605351170566, 0.001080395934041234, -0.0032285587016249863
flux1:, 0.9548494983277589, 0.0010725970424919683, -0.0035265517975149215
flux1:, 0.9615384615384612, 0.0012097127388614771, -0.0036800871343046306
flux1:, 0.9682274247491636, 0.0013600504858759664, -0.0038942119424614104
flux1:, 0.9749163879598659, 0.0014448778812636255, -0.00423417515229061
flux1:, 0.9816053511705682, 0.0016022470278581392, -0.004503524372178202
flux1:, 0.9882943143812706, 0.0018045432947519462, -0.004683380999932742
flux1:, 0.9949832775919729, 0.0018943800646017217, -0.004990923707193612
flux1:, 1.0016722408026753, 0.001951016435610906, -0.0054873003267332035
flux1:, 1.0083612040133776, 0.002081975850546124, -0.006086718339937147
flux1:, 1.01505016722408, 0.002171116426273139, -0.006756506819931019
flux1:, 1.0217391304347823, 0.00222540766985584, -0.007379054165436258
flux1:, 1.0284280936454846, 0.0024563648466806288, -0.007824661981883146
flux1:, 1.035117056856187, 0.002826849146992592, -0.008278913537519996
flux1:, 1.0418060200668893, 0.0031222527352717556, -0.008923456238075106
flux1:, 1.0484949832775916, 0.003473958119161115, -0.00945293072361459
flux1:, 1.055183946488294, 0.004181131326190673, -0.009607188300549055
flux1:, 1.0618729096989963, 0.005096160608807367, -0.009774931808484759
flux1:, 1.0685618729096986, 0.005797612812546446, -0.010339860120247265
flux1:, 1.075250836120401, 0.0062914987303717106, -0.010988303578250428
flux1:, 1.0819397993311033, 0.006947945164135905, -0.011291219688866101
flux1:, 1.0886287625418056, 0.007798404338505711, -0.011381058401852807
flux1:, 1.095317725752508, 0.008505923291212013, -0.01167877490197857
flux1:, 1.1020066889632103, 0.008979184637962096, -0.012478376600027105
flux1:, 1.1086956521739126, 0.009439205491457587, -0.013811042211143381
flux1:, 1.115384615384615, 0.010055389307007096, -0.01526769250829711
flux1:, 1.1220735785953173, 0.010959308137355496, -0.016257905512546175
flux1:, 1.1287625418060196, 0.012176777930744594, -0.016777057471363405
flux1:, 1.135451505016722, 0.01335146602076409, -0.017416410416782407
flux1:, 1.1421404682274243, 0.01425568496216552, -0.01842916596068234
flux1:, 1.1488294314381267, 0.015374850042596767, -0.019384667152752125
flux1:, 1.155518394648829, 0.017085717009480784, -0.019906375806882787
flux1:, 1.1622073578595313, 0.01889003187551864, -0.020272214436157596
flux1:, 1.1688963210702337, 0.020303005311437514, -0.02103250329135744
flux1:, 1.175585284280936, 0.02152931643823949, -0.022205339554803444
flux1:, 1.1822742474916383, 0.022775109468196338, -0.02328813410056567
flux1:, 1.1889632107023407, 0.024018579253042092, -0.024222660786677102
flux1:, 1.195652173913043, 0.025475510254512383, -0.02553160406564623
flux1:, 1.2023411371237454, 0.027346330149838043, -0.027038000648754886
flux1:, 1.2090301003344477, 0.02948805523835615, -0.027783521482068613
flux1:, 1.21571906354515, 0.03172210005168485, -0.02785319250628691
flux1:, 1.2224080267558524, 0.03385113679444223, -0.02841754558249046
flux1:, 1.2290969899665547, 0.03567673237652524, -0.029499835104642363
flux1:, 1.235785953177257, 0.03750425998846724, -0.030181492994574066
flux1:, 1.2424749163879594, 0.03971358364968127, -0.031026741595739885
flux1:, 1.2491638795986617, 0.041769065488940486, -0.03316459811063926
flux1:, 1.255852842809364, 0.04297801444732785, -0.03550713927014785
flux1:, 1.2625418060200664, 0.043821122654109514, -0.03643171923679203
flux1:, 1.2692307692307687, 0.04523740427644738, -0.0370043091681992
flux1:, 1.275919732441471, 0.04739504799478951, -0.038836063906893474
flux1:, 1.2826086956521734, 0.050141212587070154, -0.040693891463417266
flux1:, 1.2892976588628757, 0.05358212927156029, -0.04089160858466048
flux1:, 1.295986622073578, 0.05733667296495911, -0.040574827684876566
flux1:, 1.3026755852842804, 0.06017569734993069, -0.04136493001038157
flux1:, 1.3093645484949827, 0.061559264944580354, -0.04255452531873474
flux1:, 1.316053511705685, 0.06301206317468475, -0.043267674567723666
flux1:, 1.3227424749163874, 0.06624086165751075, -0.044396197436774656
flux1:, 1.3294314381270897, 0.07013155657191514, -0.04645841031579713
flux1:, 1.336120401337792, 0.07225783767369394, -0.048451415338019534
flux1:, 1.3428093645484944, 0.07306558327440538, -0.049940093516911484
flux1:, 1.3494983277591968, 0.07496664023805291, -0.05160637907859988
flux1:, 1.356187290969899, 0.07790620514444743, -0.05352489405306286
flux1:, 1.3628762541806014, 0.07991363036417204, -0.055327430777270904
flux1:, 1.3695652173913038, 0.08109296179294767, -0.05734922828310813
flux1:, 1.376254180602006, 0.0832981893233087, -0.059443702347894006
flux1:, 1.3829431438127084, 0.0866952997301294, -0.060485767696246216
flux1:, 1.3896321070234108, 0.08920630993741967, -0.06104261546323915
flux1:, 1.3963210702341131, 0.08941030592732499, -0.06333413222697132
flux1:, 1.4030100334448155, 0.08917040510159695, -0.06649881846888053
flux1:, 1.4096989966555178, 0.09168290564430913, -0.0666869435263734
flux1:, 1.4163879598662201, 0.09637780615499295, -0.06415060863757195
flux1:, 1.4230769230769225, 0.0996151995255795, -0.06390775105037032
flux1:, 1.4297658862876248, 0.10102233433681361, -0.06705303707251266
flux1:, 1.4364548494983271, 0.10294599804172128, -0.06931577006378674
flux1:, 1.4431438127090295, 0.10453853403622757, -0.07005949201614159
flux1:, 1.4498327759197318, 0.1043509004841835, -0.07305171365889952
flux1:, 1.4565217391304341, 0.10544252498392215, -0.07720748441714015
flux1:, 1.4632107023411365, 0.10990726767012521, -0.07755350997205254
flux1:, 1.4698996655518388, 0.11429276512088682, -0.07541748845977067
flux1:, 1.4765886287625412, 0.11617418275927338, -0.07643624329935315
flux1:, 1.4832775919732435, 0.11725848975826503, -0.08028825937863338
flux1:, 1.4899665551839458, 0.11822753572187002, -0.08293034425172464
flux1:, 1.4966555183946482, 0.11888669667831141, -0.08471756486793572
flux1:, 1.5033444816053505, 0.12068104470900606, -0.087167286100537
flux1:, 1.5100334448160528, 0.12286695780469434, -0.08821912983418059
flux1:, 1.5167224080267552, 0.12285720779066599, -0.08758733816165236
flux1:, 1.5234113712374575, 0.12210828398013822, -0.0887247636599546
flux1:, 1.5301003344481598, 0.12269387439215824, -0.09169136514829415
flux1:, 1.5367892976588622, 0.12178708234324898, -0.09293707545412082
flux1:, 1.5434782608695645, 0.11850564493351855, -0.09267790498541947
flux1:, 1.5501672240802669, 0.11758049029295525, -0.09380519531220187
flux1:, 1.5568561872909692, 0.11964906985695255, -0.09564306127422802
flux1:, 1.5635451505016715, 0.11957555177274712, -0.09612585028911605
flux1:, 1.5702341137123739, 0.11702835262710332, -0.09624328104585592
flux1:, 1.5769230769230762, 0.1164326189265918, -0.0972922752631986
flux1:, 1.5836120401337785, 0.117655239457944, -0.09846670374447082
flux1:, 1.5903010033444809, 0.117093039880206, -0.0995744903070451
flux1:, 1.5969899665551832, 0.11425005587727383, -0.10139061931355445
flux1:, 1.6036789297658856, 0.11069042515500127, -0.10314765401097517
flux1:, 1.610367892976588, 0.10708043477543751, -0.10378058788726227
flux1:, 1.6170568561872902, 0.10392274460238421, -0.10429084788312963
flux1:, 1.6237458193979926, 0.1016989105906475, -0.10556637065928333
flux1:, 1.630434782608695, 0.10037589261472889, -0.10601054310606578
flux1:, 1.6371237458193972, 0.09974792534337876, -0.10432520652667115
flux1:, 1.6438127090300996, 0.098858856157812, -0.10245674642052956
flux1:, 1.650501672240802, 0.09649891794497031, -0.10255512350069715
flux1:, 1.6571906354515042, 0.09321264086534528, -0.10313190244448138
flux1:, 1.6638795986622066, 0.09011793478969246, -0.10235299604941468
flux1:, 1.670568561872909, 0.08664223165011802, -0.10260751769163871
flux1:, 1.6772575250836113, 0.08225960640396231, -0.10614088046290251
flux1:, 1.6839464882943136, 0.07788154349823175, -0.10945371990455963
flux1:, 1.690635451505016, 0.07394314719232441, -0.10893154408289954
flux1:, 1.6973244147157183, 0.0703332059886292, -0.10735769365998579
flux1:, 1.7040133779264206, 0.06754646341133282, -0.10770456765647582
flux1:, 1.710702341137123, 0.06514305335052854, -0.10724595008164149
flux1:, 1.7173913043478253, 0.061785409537316184, -0.10444812538229457
flux1:, 1.7240802675585276, 0.05799165025653462, -0.10319223191421752
flux1:, 1.73076923076923, 0.05503337919084801, -0.10512154991730656
flux1:, 1.7374581939799323, 0.05203944855639665, -0.10689498477942488
flux1:, 1.7441471571906346, 0.04792554359197003, -0.10723748659580451
flux1:, 1.750836120401337, 0.04353857135771422, -0.10794550126291694
flux1:, 1.7575250836120393, 0.039518955203819005, -0.10867675882604522
flux1:, 1.7642140468227416, 0.035649511086900225, -0.10805362016783919
flux1:, 1.770903010033444, 0.032701561376830356, -0.10689982422102028
flux1:, 1.7775919732441463, 0.031222863988546127, -0.10573466435933337
flux1:, 1.7842809364548486, 0.029770843648999134, -0.1035186155484598
flux1:, 1.790969899665551, 0.027174291275956657, -0.10064844325126836
flux1:, 1.7976588628762533, 0.024288335961030062, -0.09858145637176957
flux1:, 1.8043478260869557, 0.021996243306434106, -0.09716394708748777
flux1:, 1.811036789297658, 0.019933106289076758, -0.09581846638586347
flux1:, 1.8177257525083603, 0.017684702344290957, -0.09493566388460262
flux1:, 1.8244147157190627, 0.015475294322890541, -0.09415024299408235
flux1:, 1.831103678929765, 0.013738649084322709, -0.0922285083647746
flux1:, 1.8377926421404673, 0.01266448582042858, -0.08911517875823398
flux1:, 1.8444816053511697, 0.011968606301025295, -0.08574542289298667
flux1:, 1.851170568561872, 0.01135463019401323, -0.08254466398166425
flux1:, 1.8578595317725743, 0.011030360258239785, -0.07935935427768409
flux1:, 1.8645484949832767, 0.011010535459083556, -0.07587110094646551
flux1:, 1.871237458193979, 0.010665712326196349, -0.07202055173136633
flux1:, 1.8779264214046814, 0.009864089295786376, -0.06844442705614846
flux1:, 1.8846153846153837, 0.009426218627894577, -0.06553723598713518
flux1:, 1.891304347826086, 0.00977846118884813, -0.06253956852403883
flux1:, 1.8979933110367884, 0.010364505936490276, -0.058927627761271556
flux1:, 1.9046822742474907, 0.010642029022100786, -0.055433368267348786
flux1:, 1.911371237458193, 0.010610439469423917, -0.05253650645026274
flux1:, 1.9180602006688954, 0.010442757290604957, -0.049681189991536215
flux1:, 1.9247491638795977, 0.010329148201650155, -0.046560410630559504
flux1:, 1.9314381270903, 0.010421682524666005, -0.04352731140052612
flux1:, 1.9381270903010024, 0.0105812871230048, -0.040803229619007425
flux1:, 1.9448160535117047, 0.010534600717440641, -0.038369589493581525
flux1:, 1.951505016722407, 0.010350313638823973, -0.0361329001010928
flux1:, 1.9581939799331094, 0.010320798347313306, -0.03386890680028098
flux1:, 1.9648829431438117, 0.010405554130159167, -0.03158702236513902
flux1:, 1.971571906354514, 0.010295853709351273, -0.02957665974624915
flux1:, 1.9782608695652164, 0.009988474047802955, -0.027767735500080125
flux1:, 1.9849498327759187, 0.009748059304145035, -0.02585520744343534
flux1:, 1.991638795986621, 0.009582195768338696, -0.023989057262583928
flux1:, 1.9983277591973234, 0.009333722662468402, -0.022457124790832075
flux1:, 2.0050167224080258, 0.009109694992096797, -0.021070238316515458
flux1:, 2.011705685618728, 0.009050836580191015, -0.019521452919531973
flux1:, 2.0183946488294304, 0.008980029353384027, -0.017877054837015974
flux1:, 2.0250836120401328, 0.008727448999421166, -0.016404534167224535
flux1:, 2.031772575250835, 0.008401072182445825, -0.015227892135700175
flux1:, 2.0384615384615374, 0.008099985154408303, -0.014183326064674847
flux1:, 2.0451505016722398, 0.0077890954305702385, -0.013054197540750049
flux1:, 2.051839464882942, 0.007470069836987111, -0.011991157201746051
flux1:, 2.0585284280936444, 0.007148868605080589, -0.011251944603720344
flux1:, 2.065217391304347, 0.006792599200384511, -0.01060507316891535
flux1:, 2.071906354515049, 0.006442879077267099, -0.009726655398487608
flux1:, 2.0785953177257515, 0.006139927086245968, -0.008860736962059024
flux1:, 2.085284280936454, 0.005819743360549797, -0.008292112926675154
flux1:, 2.091973244147156, 0.005464624623727642, -0.0077609729200232925
flux1:, 2.0986622073578585, 0.005136543228171373, -0.007047459115011695
flux1:, 2.105351170568561, 0.004834533744051653, -0.00638432581053994
flux1:, 2.112040133779263, 0.004549988314175532, -0.005917387137557498
flux1:, 2.1187290969899655, 0.004318228865725973, -0.005481484238257802
flux1:, 2.125418060200668, 0.004089098463450875, -0.004991433381252481
flux1:, 2.13210702341137, 0.003799457483447733, -0.004523925467806999
flux1:, 2.1387959866220725, 0.003526085502433946, -0.00413753324157833
flux1:, 2.145484949832775, 0.003317326559684617, -0.003857104486311619
flux1:, 2.152173913043477, 0.0030921961288558363, -0.003636788290724845
flux1:, 2.1588628762541795, 0.002850589728586293, -0.0033593855960774048
flux1:, 2.165551839464882, 0.002669461505395987, -0.003019810830632137
flux1:, 2.172240802675584, 0.0025051637925805562, -0.002727209281079856
flux1:, 2.1789297658862865, 0.002296877193089818, -0.0025083379457534033
flux1:, 2.185618729096989, 0.0021034540125206267, -0.0023233985858201723
flux1:, 2.192307692307691, 0.0019524808613185696, -0.0021656805116811225
flux1:, 2.1989966555183935, 0.001796281634295896, -0.0020061124140616955
flux1:, 2.205685618729096, 0.001647707010871835, -0.0018123431548457897
flux1:, 2.212374581939798, 0.0015304426762577648, -0.0016316613724973053
flux1:, 2.2190635451505005, 0.0014014276697172433, -0.0015015376358542964
flux1:, 2.225752508361203, 0.0012600017931192228, -0.0013857327241456512
flux1:, 2.232441471571905, 0.0011544618489376078, -0.0012704757471179039
flux1:, 2.2391304347826075, 0.0010673263413633447, -0.001166152075721207
flux1:, 2.24581939799331, 9.668548620439147e-4, -0.0010481314686568587
flux1:, 2.252508361204012, 8.803973998695385e-4, -9.257126298135641e-4
flux1:, 2.2591973244147145, 8.135199755625849e-4, -8.493446372940392e-4
flux1:, 2.265886287625417, 7.375279529751015e-4, -8.006061756724131e-4
flux1:, 2.272575250836119, 6.651125821108294e-4, -7.288117130955314e-4
flux1:, 2.2792642140468216, 6.116359786497244e-4, -6.531324560536564e-4
flux1:, 2.285953177257524, 5.532699692886655e-4, -6.002124695842162e-4
flux1:, 2.2926421404682262, 4.90809776079884e-4, -5.486600944828074e-4
flux1:, 2.2993311036789286, 4.4724185151404593e-4, -4.963836854102445e-4
flux1:, 2.306020066889631, 4.0803191416474086e-4, -4.594104099041705e-4
flux1:, 2.3127090301003332, 3.58632169968411e-4, -4.207888486637591e-4
flux1:, 2.3193979933110356, 3.188543006616908e-4, -3.7318677851755144e-4
flux1:, 2.326086956521738, 2.915192771027679e-4, -3.386800086791931e-4
flux1:, 2.3327759197324403, 2.601550020953751e-4, -3.122973782188198e-4
flux1:, 2.3394648829431426, 2.3130028366554937e-4, -2.768944428733627e-4
flux1:, 2.346153846153845, 2.1112372563629765e-4, -2.4776254749912026e-4
flux1:, 2.3528428093645473, 1.8658259302430883e-4, -2.3223759094002897e-4
flux1:, 2.3595317725752496, 1.6027494140244416e-4, -2.1093514030223466e-4
flux1:, 2.366220735785952, 1.4453670353776078e-4, -1.8545395331029705e-4
flux1:, 2.3729096989966543, 1.3110475214212337e-4, -1.7004180116851373e-4
flux1:, 2.3795986622073566, 1.1313864191071474e-4, -1.5527068452468454e-4
flux1:, 2.386287625418059, 9.98106516267297e-5, -1.356737969820839e-4
flux1:, 2.3929765886287613, 9.02017405785389e-5, -1.2434020415305827e-4
flux1:, 2.3996655518394636, 7.674016180187859e-5, -1.186944262024964e-4
flux1:, 2.406354515050166, 6.517280538447346e-5, -1.0680316530694202e-4
flux1:, 2.4130434782608683, 5.9044885736076686e-5, -9.487023508689562e-5
flux1:, 2.4197324414715706, 5.150242056521697e-5, -8.816941864562074e-5
flux1:, 2.426421404682273, 4.3427064597341395e-5, -7.899640714652682e-5
flux1:, 2.4331103678929753, 3.95384279356315e-5, -6.868702833907535e-5
flux1:, 2.4397993311036776, 3.532181619281202e-5, -6.365675325398226e-5
flux1:, 2.44648829431438, 2.868746865994001e-5, -5.867501479322929e-5
flux1:, 2.4531772575250823, 2.4622486433410657e-5, -5.07581182692465e-5
flux1:, 2.4598662207357846, 2.229983244493372e-5, -4.584394399941189e-5
flux1:, 2.466555183946487, 1.8222166822065133e-5, -4.301906481049964e-5
flux1:, 2.4732441471571893, 1.5025318021639355e-5, -3.779569131461478e-5
flux1:, 2.4799331103678917, 1.3787512302675986e-5, -3.3261710493706524e-5
flux1:, 2.486622073578594, 1.144093248635031e-5, -3.0868286718896756e-5
flux1:, 2.4933110367892963, 8.88806039724699e-6, -2.710045559681993e-5
flux1:, 2.4999999999999987, 8.241781410551687e-6, -2.339599107284454e-5

Elapsed run time = 1419.54 s
