--------------------------------------------------------------------------
[[10157,1],0]: A high-performance Open MPI point-to-point messaging module
was unable to find any relevant network interfaces:

Module: OpenFabrics (openib)
  Host: euca-128-84-11-54

Another transport will be used instead, although this may result in
lower performance.
--------------------------------------------------------------------------
Using MPI version 3.0, 2 processes
command-line param: no-struct=false
command-line param: no-holes=false
command-line param: rodpos=".25/rodpos.txt"
-----------
Initializing structure...
Working in 3D dimensions.
Computational cell is 4 x 4 x 5 with resolution 40
     block, center = (0,0,0)
          size (1e+20,1e+20,0.15)
          axes (1,0,0), (0,1,0), (0,0,1)
          dielectric constant epsilon diagonal = (12,12,12)
     cylinder, center = (0.864,2.014,0)
          radius 0.25, height 0.15, axis (0, 0, 1)
          dielectric constant epsilon diagonal = (1,1,1)
     cylinder, center = (3.875,3.679,0)
          radius 0.25, height 0.15, axis (0, 0, 1)
          dielectric constant epsilon diagonal = (1,1,1)
     cylinder, center = (0.572,1.345,0)
          radius 0.25, height 0.15, axis (0, 0, 1)
          dielectric constant epsilon diagonal = (1,1,1)
     cylinder, center = (1.727,0.539,0)
          radius 0.25, height 0.15, axis (0, 0, 1)
          dielectric constant epsilon diagonal = (1,1,1)
     cylinder, center = (2.711,0.338,0)
          radius 0.25, height 0.15, axis (0, 0, 1)
          dielectric constant epsilon diagonal = (1,1,1)
     cylinder, center = (0.838,2.958,0)
          radius 0.25, height 0.15, axis (0, 0, 1)
          dielectric constant epsilon diagonal = (1,1,1)
     cylinder, center = (2.536,2.304,0)
          radius 0.25, height 0.15, axis (0, 0, 1)
          dielectric constant epsilon diagonal = (1,1,1)
     cylinder, center = (2.76,1.578,0)
          radius 0.25, height 0.15, axis (0, 0, 1)
          dielectric constant epsilon diagonal = (1,1,1)
     cylinder, center = (2.044,2.189,0)
          radius 0.25, height 0.15, axis (0, 0, 1)
          dielectric constant epsilon diagonal = (1,1,1)
     cylinder, center = (1.642,3.339,0)
          radius 0.25, height 0.15, axis (0, 0, 1)
          dielectric constant epsilon diagonal = (1,1,1)
     cylinder, center = (3.676,0.773,0)
          radius 0.25, height 0.15, axis (0, 0, 1)
          dielectric constant epsilon diagonal = (1,1,1)
     cylinder, center = (1.913,3.962,0)
          radius 0.25, height 0.15, axis (0, 0, 1)
          dielectric constant epsilon diagonal = (1,1,1)
     cylinder, center = (0.134,3.984,0)
          radius 0.25, height 0.15, axis (0, 0, 1)
          dielectric constant epsilon diagonal = (1,1,1)
     cylinder, center = (0.258,0.731,0)
          radius 0.25, height 0.15, axis (0, 0, 1)
          dielectric constant epsilon diagonal = (1,1,1)
     cylinder, center = (2.694,1.029,0)
          radius 0.25, height 0.15, axis (0, 0, 1)
          dielectric constant epsilon diagonal = (1,1,1)
     cylinder, center = (0.165,2.807,0)
          radius 0.25, height 0.15, axis (0, 0, 1)
          dielectric constant epsilon diagonal = (1,1,1)
     cylinder, center = (2.186,0.088,0)
          radius 0.25, height 0.15, axis (0, 0, 1)
          dielectric constant epsilon diagonal = (1,1,1)
     cylinder, center = (2.682,3.823,0)
          radius 0.25, height 0.15, axis (0, 0, 1)
          dielectric constant epsilon diagonal = (1,1,1)
     cylinder, center = (1.66,1.287,0)
          radius 0.25, height 0.15, axis (0, 0, 1)
          dielectric constant epsilon diagonal = (1,1,1)
     cylinder, center = (3.612,1.271,0)
          radius 0.25, height 0.15, axis (0, 0, 1)
          dielectric constant epsilon diagonal = (1,1,1)
     cylinder, center = (3.147,0.005,0)
          radius 0.25, height 0.15, axis (0, 0, 1)
          dielectric constant epsilon diagonal = (1,1,1)
     cylinder, center = (0.458,0.019,0)
          radius 0.25, height 0.15, axis (0, 0, 1)
          dielectric constant epsilon diagonal = (1,1,1)
     cylinder, center = (1.297,2.392,0)
          radius 0.25, height 0.15, axis (0, 0, 1)
          dielectric constant epsilon diagonal = (1,1,1)
     cylinder, center = (3.779,2.385,0)
          radius 0.25, height 0.15, axis (0, 0, 1)
          dielectric constant epsilon diagonal = (1,1,1)
     cylinder, center = (1.127,0.593,0)
          radius 0.25, height 0.15, axis (0, 0, 1)
          dielectric constant epsilon diagonal = (1,1,1)
subpixel-averaging is 82.237% done, 0.864306 s remaining
subpixel-averaging is 82.1084% done, 0.871675 s remaining
subpixel-averaging is 81.6583% done, 0.899023 s remaining
time for set_epsilon = 24.2805 s
time for set_conductivity = 1.10156 s
time for set_conductivity = 1.09371 s
time for set_conductivity = 1.10059 s
-----------
Meep progress: 0.0125/50.0 = 0.0% done in 5.4s, 21789.9s to go
on time step 1 (time=0.0125), 5.44943 s/step
Meep progress: 0.1625/50.0 = 0.3% done in 9.7s, 2966.4s to go
on time step 13 (time=0.1625), 0.351945 s/step
Meep progress: 0.30000000000000004/50.0 = 0.6% done in 13.7s, 2269.9s to go
on time step 24 (time=0.3), 0.366287 s/step
Meep progress: 0.4375/50.0 = 0.9% done in 17.8s, 2013.6s to go
on time step 35 (time=0.4375), 0.370292 s/step
Meep progress: 0.5750000000000001/50.0 = 1.2% done in 21.8s, 1876.6s to go
on time step 46 (time=0.575), 0.368831 s/step
Meep progress: 0.7375/50.0 = 1.5% done in 26.3s, 1753.8s to go
on time step 59 (time=0.7375), 0.340253 s/step
Meep progress: 0.8875000000000001/50.0 = 1.8% done in 30.5s, 1687.9s to go
on time step 71 (time=0.8875), 0.353805 s/step
Meep progress: 1.05/50.0 = 2.1% done in 34.8s, 1622.0s to go
on time step 84 (time=1.05), 0.330098 s/step
Meep progress: 1.2000000000000002/50.0 = 2.4% done in 38.8s, 1577.6s to go
on time step 96 (time=1.2), 0.333398 s/step
Meep progress: 1.35/50.0 = 2.7% done in 43.2s, 1556.8s to go
on time step 108 (time=1.35), 0.367133 s/step
Meep progress: 1.475/50.0 = 3.0% done in 47.5s, 1561.3s to go
on time step 118 (time=1.475), 0.426013 s/step
Meep progress: 1.6/50.0 = 3.2% done in 51.9s, 1569.0s to go
on time step 128 (time=1.6), 0.440845 s/step
Meep progress: 1.725/50.0 = 3.4% done in 56.2s, 1574.1s to go
on time step 138 (time=1.725), 0.437924 s/step
Meep progress: 1.8625/50.0 = 3.7% done in 60.4s, 1560.4s to go
on time step 149 (time=1.8625), 0.375286 s/step
Meep progress: 2.0/50.0 = 4.0% done in 64.6s, 1550.5s to go
on time step 160 (time=2), 0.3846 s/step
Meep progress: 2.1375/50.0 = 4.3% done in 68.7s, 1538.6s to go
on time step 171 (time=2.1375), 0.373386 s/step
Meep progress: 2.2875/50.0 = 4.6% done in 72.7s, 1517.2s to go
on time step 183 (time=2.2875), 0.335731 s/step
Meep progress: 2.45/50.0 = 4.9% done in 77.1s, 1496.4s to go
on time step 196 (time=2.45), 0.335408 s/step
Meep progress: 2.5875000000000004/50.0 = 5.2% done in 81.3s, 1489.9s to go
on time step 207 (time=2.5875), 0.382366 s/step
Meep progress: 2.725/50.0 = 5.4% done in 85.6s, 1484.5s to go
on time step 218 (time=2.725), 0.387199 s/step
Meep progress: 2.875/50.0 = 5.8% done in 89.7s, 1470.9s to go
on time step 230 (time=2.875), 0.347525 s/step
Meep progress: 3.0250000000000004/50.0 = 6.1% done in 93.8s, 1456.6s to go
on time step 242 (time=3.025), 0.338546 s/step
Meep progress: 3.1875/50.0 = 6.4% done in 98.1s, 1440.8s to go
on time step 255 (time=3.1875), 0.331303 s/step
Meep progress: 3.35/50.0 = 6.7% done in 102.3s, 1425.2s to go
on time step 268 (time=3.35), 0.32599 s/step
Meep progress: 3.5/50.0 = 7.0% done in 106.5s, 1414.3s to go
on time step 280 (time=3.5), 0.342474 s/step
Meep progress: 3.625/50.0 = 7.2% done in 110.8s, 1418.1s to go
on time step 290 (time=3.625), 0.43904 s/step
Meep progress: 3.75/50.0 = 7.5% done in 115.2s, 1420.3s to go
on time step 300 (time=3.75), 0.431099 s/step
Meep progress: 3.9000000000000004/50.0 = 7.8% done in 119.3s, 1410.0s to go
on time step 312 (time=3.9), 0.343697 s/step
Meep progress: 4.0625/50.0 = 8.1% done in 123.5s, 1396.9s to go
on time step 325 (time=4.0625), 0.327226 s/step
Meep progress: 4.2125/50.0 = 8.4% done in 127.6s, 1387.4s to go
on time step 337 (time=4.2125), 0.34248 s/step
Meep progress: 4.3625/50.0 = 8.7% done in 131.7s, 1378.0s to go
on time step 349 (time=4.3625), 0.339559 s/step
Meep progress: 4.5/50.0 = 9.0% done in 136.0s, 1374.9s to go
on time step 360 (time=4.5), 0.38679 s/step
Meep progress: 4.6375/50.0 = 9.3% done in 140.2s, 1371.5s to go
on time step 371 (time=4.6375), 0.385352 s/step
Meep progress: 4.775/50.0 = 9.6% done in 144.4s, 1367.8s to go
on time step 382 (time=4.775), 0.382292 s/step
Meep progress: 4.9125000000000005/50.0 = 9.8% done in 148.6s, 1364.0s to go
on time step 393 (time=4.9125), 0.381003 s/step
Meep progress: 5.050000000000001/50.0 = 10.1% done in 152.9s, 1360.6s to go
on time step 404 (time=5.05), 0.38655 s/step
Meep progress: 5.2/50.0 = 10.4% done in 157.0s, 1352.6s to go
on time step 416 (time=5.2), 0.344599 s/step
Meep progress: 5.362500000000001/50.0 = 10.7% done in 161.2s, 1342.0s to go
on time step 429 (time=5.3625), 0.324971 s/step
Meep progress: 5.5125/50.0 = 11.0% done in 165.3s, 1334.2s to go
on time step 441 (time=5.5125), 0.341808 s/step
Meep progress: 5.65/50.0 = 11.3% done in 169.3s, 1329.2s to go
on time step 452 (time=5.65), 0.364589 s/step
Meep progress: 5.7875000000000005/50.0 = 11.6% done in 173.6s, 1326.0s to go
on time step 463 (time=5.7875), 0.385195 s/step
Meep progress: 5.9375/50.0 = 11.9% done in 177.7s, 1318.8s to go
on time step 475 (time=5.9375), 0.345083 s/step
Meep progress: 6.0875/50.0 = 12.2% done in 181.8s, 1311.3s to go
on time step 487 (time=6.0875), 0.33907 s/step
Meep progress: 6.237500000000001/50.0 = 12.5% done in 186.0s, 1304.8s to go
on time step 499 (time=6.2375), 0.349962 s/step
Meep progress: 6.4/50.0 = 12.8% done in 190.2s, 1295.9s to go
on time step 512 (time=6.4), 0.326417 s/step
Meep progress: 6.550000000000001/50.0 = 13.1% done in 194.3s, 1289.2s to go
on time step 524 (time=6.55), 0.342996 s/step
Meep progress: 6.7125/50.0 = 13.4% done in 198.5s, 1280.1s to go
on time step 537 (time=6.7125), 0.320248 s/step
Meep progress: 6.875/50.0 = 13.8% done in 202.7s, 1271.6s to go
on time step 550 (time=6.875), 0.324664 s/step
Meep progress: 7.0375000000000005/50.0 = 14.1% done in 206.9s, 1263.2s to go
on time step 563 (time=7.0375), 0.323253 s/step
Meep progress: 7.2/50.0 = 14.4% done in 211.2s, 1255.5s to go
on time step 576 (time=7.2), 0.329557 s/step
Meep progress: 7.3375/50.0 = 14.7% done in 215.2s, 1251.4s to go
on time step 587 (time=7.3375), 0.364986 s/step
Meep progress: 7.4750000000000005/50.0 = 15.0% done in 219.6s, 1249.2s to go
on time step 598 (time=7.475), 0.396063 s/step
Meep progress: 7.625/50.0 = 15.2% done in 223.7s, 1243.1s to go
on time step 610 (time=7.625), 0.342399 s/step
Meep progress: 7.7875000000000005/50.0 = 15.6% done in 228.0s, 1235.8s to go
on time step 623 (time=7.7875), 0.329867 s/step
Meep progress: 7.95/50.0 = 15.9% done in 232.3s, 1228.6s to go
on time step 636 (time=7.95), 0.330513 s/step
Meep progress: 8.1125/50.0 = 16.2% done in 236.6s, 1221.6s to go
on time step 649 (time=8.1125), 0.332116 s/step
Meep progress: 8.275/50.0 = 16.6% done in 240.9s, 1214.6s to go
on time step 662 (time=8.275), 0.330014 s/step
Meep progress: 8.4375/50.0 = 16.9% done in 245.1s, 1207.5s to go
on time step 675 (time=8.4375), 0.326858 s/step
Meep progress: 8.6/50.0 = 17.2% done in 249.4s, 1200.5s to go
on time step 688 (time=8.6), 0.326668 s/step
Meep progress: 8.762500000000001/50.0 = 17.5% done in 253.5s, 1193.1s to go
on time step 701 (time=8.7625), 0.319039 s/step
Meep progress: 8.9125/50.0 = 17.8% done in 257.8s, 1188.4s to go
on time step 713 (time=8.9125), 0.354776 s/step
Meep progress: 9.05/50.0 = 18.1% done in 262.0s, 1185.6s to go
on time step 724 (time=9.05), 0.385287 s/step
Meep progress: 9.1875/50.0 = 18.4% done in 266.1s, 1181.9s to go
on time step 735 (time=9.1875), 0.366647 s/step
Meep progress: 9.35/50.0 = 18.7% done in 270.3s, 1175.1s to go
on time step 748 (time=9.35), 0.325738 s/step
Meep progress: 9.512500000000001/50.0 = 19.0% done in 274.5s, 1168.5s to go
on time step 761 (time=9.5125), 0.325909 s/step
Meep progress: 9.675/50.0 = 19.4% done in 278.8s, 1161.8s to go
on time step 774 (time=9.675), 0.32512 s/step
Meep progress: 9.8375/50.0 = 19.7% done in 283.1s, 1155.7s to go
on time step 787 (time=9.8375), 0.332068 s/step
Meep progress: 9.9875/50.0 = 20.0% done in 287.3s, 1151.1s to go
on time step 799 (time=9.9875), 0.354424 s/step
Meep progress: 10.125/50.0 = 20.2% done in 291.5s, 1148.1s to go
on time step 810 (time=10.125), 0.38275 s/step
Meep progress: 10.262500000000001/50.0 = 20.5% done in 295.6s, 1144.6s to go
on time step 821 (time=10.2625), 0.370185 s/step
Meep progress: 10.412500000000001/50.0 = 20.8% done in 299.6s, 1139.1s to go
on time step 833 (time=10.4125), 0.333605 s/step
Meep progress: 10.5625/50.0 = 21.1% done in 303.6s, 1133.6s to go
on time step 845 (time=10.5625), 0.333446 s/step
Meep progress: 10.725000000000001/50.0 = 21.5% done in 307.9s, 1127.6s to go
on time step 858 (time=10.725), 0.331139 s/step
Meep progress: 10.887500000000001/50.0 = 21.8% done in 312.2s, 1121.5s to go
on time step 871 (time=10.8875), 0.328205 s/step
Meep progress: 11.05/50.0 = 22.1% done in 316.4s, 1115.4s to go
on time step 884 (time=11.05), 0.327852 s/step
Meep progress: 11.2125/50.0 = 22.4% done in 320.6s, 1109.2s to go
on time step 897 (time=11.2125), 0.323262 s/step
Meep progress: 11.3625/50.0 = 22.7% done in 324.7s, 1104.0s to go
on time step 909 (time=11.3625), 0.334625 s/step
Meep progress: 11.525/50.0 = 23.0% done in 328.9s, 1098.1s to go
on time step 922 (time=11.525), 0.329012 s/step
Meep progress: 11.6875/50.0 = 23.4% done in 333.2s, 1092.3s to go
on time step 935 (time=11.6875), 0.328459 s/step
Meep progress: 11.8375/50.0 = 23.7% done in 337.3s, 1087.4s to go
on time step 947 (time=11.8375), 0.341267 s/step
Meep progress: 11.9875/50.0 = 24.0% done in 341.5s, 1083.0s to go
on time step 959 (time=11.9875), 0.351291 s/step
Meep progress: 12.137500000000001/50.0 = 24.3% done in 345.6s, 1078.1s to go
on time step 971 (time=12.1375), 0.340113 s/step
Meep progress: 12.275/50.0 = 24.6% done in 349.8s, 1075.1s to go
on time step 982 (time=12.275), 0.383644 s/step
Meep progress: 12.412500000000001/50.0 = 24.8% done in 354.1s, 1072.2s to go
on time step 993 (time=12.4125), 0.384825 s/step
Meep progress: 12.5625/50.0 = 25.1% done in 358.3s, 1067.7s to go
on time step 1005 (time=12.5625), 0.350826 s/step
Meep progress: 12.725000000000001/50.0 = 25.5% done in 362.6s, 1062.0s to go
on time step 1018 (time=12.725), 0.330332 s/step
Meep progress: 12.887500000000001/50.0 = 25.8% done in 366.9s, 1056.4s to go
on time step 1031 (time=12.8875), 0.330162 s/step
Meep progress: 13.05/50.0 = 26.1% done in 371.2s, 1050.9s to go
on time step 1044 (time=13.05), 0.330608 s/step
Meep progress: 13.2125/50.0 = 26.4% done in 375.4s, 1045.2s to go
on time step 1057 (time=13.2125), 0.325938 s/step
Meep progress: 13.350000000000001/50.0 = 26.7% done in 379.5s, 1042.0s to go
on time step 1068 (time=13.35), 0.37841 s/step
Meep progress: 13.4875/50.0 = 27.0% done in 383.8s, 1039.0s to go
on time step 1079 (time=13.4875), 0.385158 s/step
Meep progress: 13.637500000000001/50.0 = 27.3% done in 387.9s, 1034.2s to go
on time step 1091 (time=13.6375), 0.341007 s/step
Meep progress: 13.787500000000001/50.0 = 27.6% done in 392.0s, 1029.6s to go
on time step 1103 (time=13.7875), 0.345054 s/step
Meep progress: 13.950000000000001/50.0 = 27.9% done in 396.3s, 1024.1s to go
on time step 1116 (time=13.95), 0.329333 s/step
Meep progress: 14.1125/50.0 = 28.2% done in 400.6s, 1018.7s to go
on time step 1129 (time=14.1125), 0.331062 s/step
Meep progress: 14.275/50.0 = 28.6% done in 404.9s, 1013.3s to go
on time step 1142 (time=14.275), 0.329778 s/step
Meep progress: 14.425/50.0 = 28.8% done in 409.2s, 1009.3s to go
on time step 1154 (time=14.425), 0.361936 s/step
Meep progress: 14.5625/50.0 = 29.1% done in 413.4s, 1006.1s to go
on time step 1165 (time=14.5625), 0.381934 s/step
Meep progress: 14.725000000000001/50.0 = 29.4% done in 417.8s, 1000.8s to go
on time step 1178 (time=14.725), 0.332511 s/step
Meep progress: 14.887500000000001/50.0 = 29.8% done in 421.9s, 995.2s to go
on time step 1191 (time=14.8875), 0.321931 s/step
Meep progress: 15.05/50.0 = 30.1% done in 426.1s, 989.5s to go
on time step 1204 (time=15.05), 0.320134 s/step
Meep progress: 15.200000000000001/50.0 = 30.4% done in 430.3s, 985.3s to go
on time step 1216 (time=15.2), 0.353515 s/step
Meep progress: 15.3625/50.0 = 30.7% done in 434.5s, 979.7s to go
on time step 1229 (time=15.3625), 0.321787 s/step
Meep progress: 15.525/50.0 = 31.0% done in 438.8s, 974.3s to go
on time step 1242 (time=15.525), 0.324855 s/step
Meep progress: 15.6875/50.0 = 31.4% done in 443.0s, 968.9s to go
on time step 1255 (time=15.6875), 0.325952 s/step
Meep progress: 15.850000000000001/50.0 = 31.7% done in 447.1s, 963.3s to go
on time step 1268 (time=15.85), 0.31501 s/step
Meep progress: 16.0/50.0 = 32.0% done in 451.2s, 958.9s to go
on time step 1280 (time=16), 0.346582 s/step
Meep progress: 16.1625/50.0 = 32.3% done in 455.5s, 953.6s to go
on time step 1293 (time=16.1625), 0.324685 s/step
Meep progress: 16.325/50.0 = 32.6% done in 459.7s, 948.3s to go
on time step 1306 (time=16.325), 0.325734 s/step
Meep progress: 16.4875/50.0 = 33.0% done in 463.8s, 942.8s to go
on time step 1319 (time=16.4875), 0.316695 s/step
Meep progress: 16.6375/50.0 = 33.3% done in 467.9s, 938.3s to go
on time step 1331 (time=16.6375), 0.342763 s/step
Meep progress: 16.8/50.0 = 33.6% done in 472.2s, 933.2s to go
on time step 1344 (time=16.8), 0.329738 s/step
Meep progress: 16.962500000000002/50.0 = 33.9% done in 476.4s, 927.8s to go
on time step 1357 (time=16.9625), 0.319166 s/step
Meep progress: 17.125/50.0 = 34.2% done in 480.6s, 922.6s to go
on time step 1370 (time=17.125), 0.323369 s/step
Meep progress: 17.2875/50.0 = 34.6% done in 484.7s, 917.1s to go
on time step 1383 (time=17.2875), 0.316034 s/step
Meep progress: 17.45/50.0 = 34.9% done in 488.8s, 911.8s to go
on time step 1396 (time=17.45), 0.319335 s/step
Meep progress: 17.6125/50.0 = 35.2% done in 493.0s, 906.5s to go
on time step 1409 (time=17.6125), 0.318741 s/step
Meep progress: 17.7625/50.0 = 35.5% done in 497.1s, 902.1s to go
on time step 1421 (time=17.7625), 0.340475 s/step
Meep progress: 17.900000000000002/50.0 = 35.8% done in 501.3s, 898.9s to go
on time step 1432 (time=17.9), 0.381982 s/step
Meep progress: 18.0375/50.0 = 36.1% done in 505.3s, 895.4s to go
on time step 1443 (time=18.0375), 0.366447 s/step
Meep progress: 18.1875/50.0 = 36.4% done in 509.4s, 891.0s to go
on time step 1455 (time=18.1875), 0.341285 s/step
Meep progress: 18.35/50.0 = 36.7% done in 513.7s, 886.1s to go
on time step 1468 (time=18.35), 0.334455 s/step
Meep progress: 18.5125/50.0 = 37.0% done in 518.1s, 881.1s to go
on time step 1481 (time=18.5125), 0.332069 s/step
Meep progress: 18.675/50.0 = 37.4% done in 522.4s, 876.2s to go
on time step 1494 (time=18.675), 0.330539 s/step
Meep progress: 18.837500000000002/50.0 = 37.7% done in 526.7s, 871.3s to go
on time step 1507 (time=18.8375), 0.333045 s/step
Meep progress: 18.975/50.0 = 38.0% done in 530.8s, 867.9s to go
on time step 1518 (time=18.975), 0.376645 s/step
Meep progress: 19.1125/50.0 = 38.2% done in 535.0s, 864.6s to go
on time step 1529 (time=19.1125), 0.378736 s/step
Meep progress: 19.262500000000003/50.0 = 38.5% done in 539.1s, 860.3s to go
on time step 1541 (time=19.2625), 0.344636 s/step
Meep progress: 19.4125/50.0 = 38.8% done in 543.3s, 856.0s to go
on time step 1553 (time=19.4125), 0.346536 s/step
Meep progress: 19.575000000000003/50.0 = 39.2% done in 547.6s, 851.1s to go
on time step 1566 (time=19.575), 0.330038 s/step
Meep progress: 19.7375/50.0 = 39.5% done in 551.8s, 846.1s to go
on time step 1579 (time=19.7375), 0.326559 s/step
Meep progress: 19.900000000000002/50.0 = 39.8% done in 555.9s, 840.9s to go
on time step 1592 (time=19.9), 0.316523 s/step
Meep progress: 20.0625/50.0 = 40.1% done in 560.2s, 835.9s to go
on time step 1605 (time=20.0625), 0.326065 s/step
Meep progress: 20.225/50.0 = 40.4% done in 564.4s, 830.9s to go
on time step 1618 (time=20.225), 0.324228 s/step
Meep progress: 20.387500000000003/50.0 = 40.8% done in 568.6s, 825.9s to go
on time step 1631 (time=20.3875), 0.322356 s/step
Meep progress: 20.55/50.0 = 41.1% done in 572.8s, 820.8s to go
on time step 1644 (time=20.55), 0.322243 s/step
Meep progress: 20.712500000000002/50.0 = 41.4% done in 576.9s, 815.8s to go
on time step 1657 (time=20.7125), 0.320689 s/step
Meep progress: 20.875/50.0 = 41.8% done in 581.1s, 810.8s to go
on time step 1670 (time=20.875), 0.321178 s/step
Meep progress: 21.025000000000002/50.0 = 42.1% done in 585.2s, 806.5s to go
on time step 1682 (time=21.025), 0.340786 s/step
Meep progress: 21.1875/50.0 = 42.4% done in 589.5s, 801.6s to go
on time step 1695 (time=21.1875), 0.328032 s/step
Meep progress: 21.35/50.0 = 42.7% done in 593.6s, 796.6s to go
on time step 1708 (time=21.35), 0.320093 s/step
Meep progress: 21.512500000000003/50.0 = 43.0% done in 597.9s, 791.7s to go
on time step 1721 (time=21.5125), 0.325738 s/step
Meep progress: 21.6625/50.0 = 43.3% done in 601.9s, 787.4s to go
on time step 1733 (time=21.6625), 0.336365 s/step
Meep progress: 21.825000000000003/50.0 = 43.7% done in 606.2s, 782.5s to go
on time step 1746 (time=21.825), 0.327008 s/step
Meep progress: 21.975/50.0 = 44.0% done in 610.2s, 778.2s to go
on time step 1758 (time=21.975), 0.339561 s/step
Meep progress: 22.125/50.0 = 44.2% done in 614.4s, 774.0s to go
on time step 1770 (time=22.125), 0.343749 s/step
Meep progress: 22.275000000000002/50.0 = 44.6% done in 618.6s, 769.9s to go
on time step 1782 (time=22.275), 0.352446 s/step
Meep progress: 22.4125/50.0 = 44.8% done in 622.8s, 766.6s to go
on time step 1793 (time=22.4125), 0.380858 s/step
Meep progress: 22.55/50.0 = 45.1% done in 626.9s, 763.2s to go
on time step 1804 (time=22.55), 0.379361 s/step
Meep progress: 22.6875/50.0 = 45.4% done in 631.0s, 759.6s to go
on time step 1815 (time=22.6875), 0.365103 s/step
Meep progress: 22.85/50.0 = 45.7% done in 635.1s, 754.6s to go
on time step 1828 (time=22.85), 0.318887 s/step
Meep progress: 23.0/50.0 = 46.0% done in 639.3s, 750.4s to go
on time step 1840 (time=23), 0.345817 s/step
Meep progress: 23.1625/50.0 = 46.3% done in 643.4s, 745.5s to go
on time step 1853 (time=23.1625), 0.322477 s/step
Meep progress: 23.325000000000003/50.0 = 46.7% done in 647.8s, 740.8s to go
on time step 1866 (time=23.325), 0.331564 s/step
Meep progress: 23.462500000000002/50.0 = 46.9% done in 652.0s, 737.5s to go
on time step 1877 (time=23.4625), 0.385803 s/step
Meep progress: 23.6/50.0 = 47.2% done in 656.1s, 733.9s to go
on time step 1888 (time=23.6), 0.371444 s/step
Meep progress: 23.762500000000003/50.0 = 47.5% done in 660.3s, 729.1s to go
on time step 1901 (time=23.7625), 0.325849 s/step
Meep progress: 23.925/50.0 = 47.8% done in 664.6s, 724.3s to go
on time step 1914 (time=23.925), 0.32633 s/step
Meep progress: 24.087500000000002/50.0 = 48.2% done in 668.8s, 719.5s to go
on time step 1927 (time=24.0875), 0.327912 s/step
Meep progress: 24.25/50.0 = 48.5% done in 673.1s, 714.7s to go
on time step 1940 (time=24.25), 0.325551 s/step
Meep progress: 24.4125/50.0 = 48.8% done in 677.2s, 709.8s to go
on time step 1953 (time=24.4125), 0.317111 s/step
Meep progress: 24.575000000000003/50.0 = 49.2% done in 681.4s, 705.0s to go
on time step 1966 (time=24.575), 0.325853 s/step
Meep progress: 24.7375/50.0 = 49.5% done in 685.7s, 700.2s to go
on time step 1979 (time=24.7375), 0.32718 s/step
Meep progress: 24.900000000000002/50.0 = 49.8% done in 690.0s, 695.5s to go
on time step 1992 (time=24.9), 0.331084 s/step
Meep progress: 25.0625/50.0 = 50.1% done in 694.2s, 690.8s to go
on time step 2005 (time=25.0625), 0.328248 s/step
Meep progress: 25.200000000000003/50.0 = 50.4% done in 698.2s, 687.2s to go
on time step 2016 (time=25.2), 0.364005 s/step
Meep progress: 25.35/50.0 = 50.7% done in 702.5s, 683.1s to go
on time step 2028 (time=25.35), 0.350306 s/step
Meep progress: 25.5/50.0 = 51.0% done in 706.5s, 678.8s to go
on time step 2040 (time=25.5), 0.338398 s/step
Meep progress: 25.625/50.0 = 51.2% done in 710.8s, 676.2s to go
on time step 2050 (time=25.625), 0.4318 s/step
Meep progress: 25.762500000000003/50.0 = 51.5% done in 715.2s, 672.9s to go
on time step 2061 (time=25.7625), 0.399452 s/step
Meep progress: 25.925/50.0 = 51.8% done in 719.5s, 668.1s to go
on time step 2074 (time=25.925), 0.328309 s/step
Meep progress: 26.087500000000002/50.0 = 52.2% done in 723.7s, 663.3s to go
on time step 2087 (time=26.0875), 0.319969 s/step
Meep progress: 26.225/50.0 = 52.4% done in 727.9s, 659.9s to go
on time step 2098 (time=26.225), 0.383899 s/step
Meep progress: 26.3625/50.0 = 52.7% done in 732.2s, 656.5s to go
on time step 2109 (time=26.3625), 0.392989 s/step
Meep progress: 26.512500000000003/50.0 = 53.0% done in 736.3s, 652.3s to go
on time step 2121 (time=26.5125), 0.342484 s/step
Meep progress: 26.675/50.0 = 53.4% done in 740.5s, 647.5s to go
on time step 2134 (time=26.675), 0.325916 s/step
Meep progress: 26.837500000000002/50.0 = 53.7% done in 744.8s, 642.8s to go
on time step 2147 (time=26.8375), 0.328161 s/step
Meep progress: 27.0/50.0 = 54.0% done in 749.1s, 638.1s to go
on time step 2160 (time=27), 0.32825 s/step
Meep progress: 27.1625/50.0 = 54.3% done in 753.4s, 633.4s to go
on time step 2173 (time=27.1625), 0.331546 s/step
Meep progress: 27.3125/50.0 = 54.6% done in 757.5s, 629.3s to go
on time step 2185 (time=27.3125), 0.346715 s/step
Meep progress: 27.475/50.0 = 55.0% done in 761.8s, 624.6s to go
on time step 2198 (time=27.475), 0.330672 s/step
Meep progress: 27.625/50.0 = 55.2% done in 765.9s, 620.3s to go
on time step 2210 (time=27.625), 0.334013 s/step
Meep progress: 27.775000000000002/50.0 = 55.6% done in 769.9s, 616.1s to go
on time step 2222 (time=27.775), 0.338527 s/step
Meep progress: 27.9375/50.0 = 55.9% done in 774.2s, 611.4s to go
on time step 2235 (time=27.9375), 0.330383 s/step
Meep progress: 28.1/50.0 = 56.2% done in 778.5s, 606.7s to go
on time step 2248 (time=28.1), 0.330736 s/step
Meep progress: 28.2375/50.0 = 56.5% done in 782.6s, 603.1s to go
on time step 2259 (time=28.2375), 0.369959 s/step
Meep progress: 28.400000000000002/50.0 = 56.8% done in 786.8s, 598.4s to go
on time step 2272 (time=28.4), 0.322305 s/step
Meep progress: 28.5625/50.0 = 57.1% done in 791.0s, 593.7s to go
on time step 2285 (time=28.5625), 0.326448 s/step
Meep progress: 28.712500000000002/50.0 = 57.4% done in 795.3s, 589.6s to go
on time step 2297 (time=28.7125), 0.356749 s/step
Meep progress: 28.875/50.0 = 57.8% done in 799.6s, 585.0s to go
on time step 2310 (time=28.875), 0.328347 s/step
Meep progress: 29.025000000000002/50.0 = 58.0% done in 803.9s, 581.0s to go
on time step 2322 (time=29.025), 0.365229 s/step
Meep progress: 29.150000000000002/50.0 = 58.3% done in 808.3s, 578.2s to go
on time step 2332 (time=29.15), 0.436471 s/step
Meep progress: 29.275000000000002/50.0 = 58.6% done in 812.6s, 575.2s to go
on time step 2342 (time=29.275), 0.424504 s/step
Meep progress: 29.400000000000002/50.0 = 58.8% done in 817.0s, 572.4s to go
on time step 2352 (time=29.4), 0.44255 s/step
Meep progress: 29.5375/50.0 = 59.1% done in 821.2s, 568.9s to go
on time step 2363 (time=29.5375), 0.382321 s/step
Meep progress: 29.700000000000003/50.0 = 59.4% done in 825.4s, 564.2s to go
on time step 2376 (time=29.7), 0.322788 s/step
Meep progress: 29.85/50.0 = 59.7% done in 829.6s, 560.0s to go
on time step 2388 (time=29.85), 0.349906 s/step
Meep progress: 30.012500000000003/50.0 = 60.0% done in 833.9s, 555.3s to go
on time step 2401 (time=30.0125), 0.330312 s/step
Meep progress: 30.1625/50.0 = 60.3% done in 838.2s, 551.3s to go
on time step 2413 (time=30.1625), 0.361482 s/step
Meep progress: 30.3125/50.0 = 60.6% done in 842.2s, 547.0s to go
on time step 2425 (time=30.3125), 0.335349 s/step
Meep progress: 30.462500000000002/50.0 = 60.9% done in 846.5s, 542.9s to go
on time step 2437 (time=30.4625), 0.353167 s/step
Meep progress: 30.6125/50.0 = 61.2% done in 850.6s, 538.7s to go
on time step 2449 (time=30.6125), 0.345096 s/step
Meep progress: 30.7375/50.0 = 61.5% done in 855.0s, 535.8s to go
on time step 2459 (time=30.7375), 0.437017 s/step
Meep progress: 30.85/50.0 = 61.7% done in 859.1s, 533.3s to go
on time step 2468 (time=30.85), 0.458673 s/step
Meep progress: 30.975/50.0 = 62.0% done in 863.5s, 530.4s to go
on time step 2478 (time=30.975), 0.441479 s/step
Meep progress: 31.1/50.0 = 62.2% done in 867.7s, 527.3s to go
on time step 2488 (time=31.1), 0.417646 s/step
Meep progress: 31.25/50.0 = 62.5% done in 871.7s, 523.0s to go
on time step 2500 (time=31.25), 0.335409 s/step
Meep progress: 31.400000000000002/50.0 = 62.8% done in 875.7s, 518.8s to go
on time step 2512 (time=31.4), 0.334019 s/step
Meep progress: 31.5625/50.0 = 63.1% done in 880.0s, 514.1s to go
on time step 2525 (time=31.5625), 0.327962 s/step
Meep progress: 31.712500000000002/50.0 = 63.4% done in 884.0s, 509.8s to go
on time step 2537 (time=31.7125), 0.335221 s/step
Meep progress: 31.8625/50.0 = 63.7% done in 888.0s, 505.5s to go
on time step 2549 (time=31.8625), 0.334835 s/step
Meep progress: 32.0/50.0 = 64.0% done in 892.0s, 501.8s to go
on time step 2560 (time=32), 0.363704 s/step
Meep progress: 32.1625/50.0 = 64.3% done in 896.4s, 497.2s to go
on time step 2573 (time=32.1625), 0.335021 s/step
Meep progress: 32.3125/50.0 = 64.6% done in 900.5s, 492.9s to go
on time step 2585 (time=32.3125), 0.337523 s/step
Meep progress: 32.475/50.0 = 65.0% done in 904.7s, 488.2s to go
on time step 2598 (time=32.475), 0.325645 s/step
Meep progress: 32.6375/50.0 = 65.3% done in 908.9s, 483.5s to go
on time step 2611 (time=32.6375), 0.320252 s/step
Meep progress: 32.800000000000004/50.0 = 65.6% done in 913.1s, 478.8s to go
on time step 2624 (time=32.8), 0.326731 s/step
Meep progress: 32.9625/50.0 = 65.9% done in 917.4s, 474.2s to go
on time step 2637 (time=32.9625), 0.32829 s/step
Meep progress: 33.125/50.0 = 66.2% done in 921.6s, 469.5s to go
on time step 2650 (time=33.125), 0.327171 s/step
Meep progress: 33.2875/50.0 = 66.6% done in 925.9s, 464.9s to go
on time step 2663 (time=33.2875), 0.328292 s/step
Meep progress: 33.45/50.0 = 66.9% done in 930.2s, 460.2s to go
on time step 2676 (time=33.45), 0.329358 s/step
Meep progress: 33.612500000000004/50.0 = 67.2% done in 934.5s, 455.6s to go
on time step 2689 (time=33.6125), 0.329629 s/step
Meep progress: 33.75/50.0 = 67.5% done in 938.5s, 451.8s to go
on time step 2700 (time=33.75), 0.363912 s/step
Meep progress: 33.8875/50.0 = 67.8% done in 942.5s, 448.1s to go
on time step 2711 (time=33.8875), 0.370227 s/step
Meep progress: 34.025/50.0 = 68.0% done in 946.7s, 444.5s to go
on time step 2722 (time=34.025), 0.377769 s/step
Meep progress: 34.1625/50.0 = 68.3% done in 950.8s, 440.8s to go
on time step 2733 (time=34.1625), 0.37074 s/step
Meep progress: 34.300000000000004/50.0 = 68.6% done in 955.1s, 437.2s to go
on time step 2744 (time=34.3), 0.390261 s/step
Meep progress: 34.45/50.0 = 68.9% done in 959.4s, 433.1s to go
on time step 2756 (time=34.45), 0.36311 s/step
Meep progress: 34.5875/50.0 = 69.2% done in 963.6s, 429.4s to go
on time step 2767 (time=34.5875), 0.382339 s/step
Meep progress: 34.725/50.0 = 69.4% done in 968.0s, 425.8s to go
on time step 2778 (time=34.725), 0.393668 s/step
Meep progress: 34.862500000000004/50.0 = 69.7% done in 972.1s, 422.1s to go
on time step 2789 (time=34.8625), 0.374014 s/step
Meep progress: 35.0125/50.0 = 70.0% done in 976.3s, 417.9s to go
on time step 2801 (time=35.0125), 0.35104 s/step
Meep progress: 35.1375/50.0 = 70.3% done in 980.6s, 414.8s to go
on time step 2811 (time=35.1375), 0.431868 s/step
Meep progress: 35.2625/50.0 = 70.5% done in 984.9s, 411.6s to go
on time step 2821 (time=35.2625), 0.433144 s/step
Meep progress: 35.4125/50.0 = 70.8% done in 989.1s, 407.4s to go
on time step 2833 (time=35.4125), 0.348343 s/step
Meep progress: 35.575/50.0 = 71.2% done in 993.4s, 402.8s to go
on time step 2846 (time=35.575), 0.327127 s/step
Meep progress: 35.737500000000004/50.0 = 71.5% done in 997.6s, 398.1s to go
on time step 2859 (time=35.7375), 0.32778 s/step
Meep progress: 35.9/50.0 = 71.8% done in 1001.9s, 393.5s to go
on time step 2872 (time=35.9), 0.330277 s/step
Meep progress: 36.050000000000004/50.0 = 72.1% done in 1006.0s, 389.3s to go
on time step 2884 (time=36.05), 0.342957 s/step
Meep progress: 36.1875/50.0 = 72.4% done in 1010.2s, 385.6s to go
on time step 2895 (time=36.1875), 0.380849 s/step
Meep progress: 36.325/50.0 = 72.6% done in 1014.4s, 381.9s to go
on time step 2906 (time=36.325), 0.384256 s/step
Meep progress: 36.475/50.0 = 73.0% done in 1018.5s, 377.7s to go
on time step 2918 (time=36.475), 0.336065 s/step
Meep progress: 36.625/50.0 = 73.2% done in 1022.5s, 373.4s to go
on time step 2930 (time=36.625), 0.33717 s/step
Meep progress: 36.7875/50.0 = 73.6% done in 1026.8s, 368.8s to go
on time step 2943 (time=36.7875), 0.325975 s/step
Meep progress: 36.95/50.0 = 73.9% done in 1031.1s, 364.2s to go
on time step 2956 (time=36.95), 0.332449 s/step
Meep progress: 37.1/50.0 = 74.2% done in 1035.2s, 359.9s to go
on time step 2968 (time=37.1), 0.339578 s/step
Meep progress: 37.237500000000004/50.0 = 74.5% done in 1039.4s, 356.2s to go
on time step 2979 (time=37.2375), 0.38519 s/step
Meep progress: 37.375/50.0 = 74.8% done in 1043.6s, 352.5s to go
on time step 2990 (time=37.375), 0.3855 s/step
Meep progress: 37.5125/50.0 = 75.0% done in 1047.8s, 348.8s to go
on time step 3001 (time=37.5125), 0.37487 s/step
Meep progress: 37.65/50.0 = 75.3% done in 1052.0s, 345.1s to go
on time step 3012 (time=37.65), 0.383444 s/step
Meep progress: 37.7875/50.0 = 75.6% done in 1056.2s, 341.3s to go
on time step 3023 (time=37.7875), 0.381615 s/step
Meep progress: 37.9375/50.0 = 75.9% done in 1060.3s, 337.1s to go
on time step 3035 (time=37.9375), 0.339567 s/step
Meep progress: 38.0875/50.0 = 76.2% done in 1064.3s, 332.9s to go
on time step 3047 (time=38.0875), 0.333445 s/step
Meep progress: 38.225/50.0 = 76.4% done in 1068.5s, 329.1s to go
on time step 3058 (time=38.225), 0.38534 s/step
Meep progress: 38.35/50.0 = 76.7% done in 1072.8s, 325.9s to go
on time step 3068 (time=38.35), 0.434101 s/step
Meep progress: 38.475/50.0 = 77.0% done in 1076.9s, 322.6s to go
on time step 3078 (time=38.475), 0.411288 s/step
Meep progress: 38.6375/50.0 = 77.3% done in 1081.2s, 318.0s to go
on time step 3091 (time=38.6375), 0.330459 s/step
Meep progress: 38.800000000000004/50.0 = 77.6% done in 1085.5s, 313.3s to go
on time step 3104 (time=38.8), 0.325084 s/step
Meep progress: 38.962500000000006/50.0 = 77.9% done in 1089.8s, 308.7s to go
on time step 3117 (time=38.9625), 0.332374 s/step
Meep progress: 39.125/50.0 = 78.2% done in 1094.1s, 304.1s to go
on time step 3130 (time=39.125), 0.331588 s/step
Meep progress: 39.2875/50.0 = 78.6% done in 1098.4s, 299.5s to go
on time step 3143 (time=39.2875), 0.330676 s/step
Meep progress: 39.425000000000004/50.0 = 78.9% done in 1102.4s, 295.7s to go
on time step 3154 (time=39.425), 0.364457 s/step
Meep progress: 39.575/50.0 = 79.2% done in 1106.4s, 291.5s to go
on time step 3166 (time=39.575), 0.334865 s/step
Meep progress: 39.737500000000004/50.0 = 79.5% done in 1110.7s, 286.9s to go
on time step 3179 (time=39.7375), 0.330639 s/step
Meep progress: 39.900000000000006/50.0 = 79.8% done in 1115.0s, 282.2s to go
on time step 3192 (time=39.9), 0.330208 s/step
Meep progress: 40.0625/50.0 = 80.1% done in 1119.3s, 277.6s to go
on time step 3205 (time=40.0625), 0.328842 s/step
Meep progress: 40.212500000000006/50.0 = 80.4% done in 1123.5s, 273.5s to go
on time step 3217 (time=40.2125), 0.350605 s/step
Meep progress: 40.375/50.0 = 80.8% done in 1127.7s, 268.8s to go
on time step 3230 (time=40.375), 0.325526 s/step
Meep progress: 40.5375/50.0 = 81.1% done in 1132.0s, 264.2s to go
on time step 3243 (time=40.5375), 0.324845 s/step
Meep progress: 40.7/50.0 = 81.4% done in 1136.3s, 259.6s to go
on time step 3256 (time=40.7), 0.33195 s/step
Meep progress: 40.862500000000004/50.0 = 81.7% done in 1140.5s, 255.0s to go
on time step 3269 (time=40.8625), 0.322352 s/step
Meep progress: 41.025000000000006/50.0 = 82.1% done in 1144.7s, 250.4s to go
on time step 3282 (time=41.025), 0.323245 s/step
Meep progress: 41.1875/50.0 = 82.4% done in 1148.9s, 245.8s to go
on time step 3295 (time=41.1875), 0.327168 s/step
Meep progress: 41.35/50.0 = 82.7% done in 1153.1s, 241.2s to go
on time step 3308 (time=41.35), 0.325127 s/step
Meep progress: 41.5/50.0 = 83.0% done in 1157.3s, 237.0s to go
on time step 3320 (time=41.5), 0.3484 s/step
Meep progress: 41.625/50.0 = 83.2% done in 1161.4s, 233.7s to go
on time step 3330 (time=41.625), 0.412157 s/step
Meep progress: 41.75/50.0 = 83.5% done in 1165.8s, 230.4s to go
on time step 3340 (time=41.75), 0.432873 s/step
Meep progress: 41.8875/50.0 = 83.8% done in 1169.9s, 226.6s to go
on time step 3351 (time=41.8875), 0.376322 s/step
Meep progress: 42.0375/50.0 = 84.1% done in 1174.1s, 222.4s to go
on time step 3363 (time=42.0375), 0.348076 s/step
Meep progress: 42.1875/50.0 = 84.4% done in 1178.4s, 218.2s to go
on time step 3375 (time=42.1875), 0.359242 s/step
Meep progress: 42.35/50.0 = 84.7% done in 1182.7s, 213.6s to go
on time step 3388 (time=42.35), 0.327938 s/step
Meep progress: 42.5/50.0 = 85.0% done in 1186.9s, 209.4s to go
on time step 3400 (time=42.5), 0.350637 s/step
Meep progress: 42.625/50.0 = 85.2% done in 1191.2s, 206.1s to go
on time step 3410 (time=42.625), 0.432196 s/step
Meep progress: 42.75/50.0 = 85.5% done in 1195.5s, 202.7s to go
on time step 3420 (time=42.75), 0.432044 s/step
Meep progress: 42.900000000000006/50.0 = 85.8% done in 1199.6s, 198.5s to go
on time step 3432 (time=42.9), 0.337376 s/step
Meep progress: 43.0625/50.0 = 86.1% done in 1203.8s, 193.9s to go
on time step 3445 (time=43.0625), 0.32263 s/step
Meep progress: 43.212500000000006/50.0 = 86.4% done in 1207.8s, 189.7s to go
on time step 3457 (time=43.2125), 0.337327 s/step
Meep progress: 43.375/50.0 = 86.8% done in 1212.0s, 185.1s to go
on time step 3470 (time=43.375), 0.325039 s/step
Meep progress: 43.525000000000006/50.0 = 87.1% done in 1216.1s, 180.9s to go
on time step 3482 (time=43.525), 0.336317 s/step
Meep progress: 43.6625/50.0 = 87.3% done in 1220.3s, 177.1s to go
on time step 3493 (time=43.6625), 0.383911 s/step
Meep progress: 43.7875/50.0 = 87.6% done in 1224.5s, 173.7s to go
on time step 3503 (time=43.7875), 0.424115 s/step
Meep progress: 43.9375/50.0 = 87.9% done in 1228.7s, 169.5s to go
on time step 3515 (time=43.9375), 0.35002 s/step
Meep progress: 44.087500000000006/50.0 = 88.2% done in 1232.8s, 165.3s to go
on time step 3527 (time=44.0875), 0.339936 s/step
Meep progress: 44.25/50.0 = 88.5% done in 1237.0s, 160.7s to go
on time step 3540 (time=44.25), 0.325751 s/step
Meep progress: 44.4125/50.0 = 88.8% done in 1241.3s, 156.2s to go
on time step 3553 (time=44.4125), 0.326248 s/step
Meep progress: 44.5625/50.0 = 89.1% done in 1245.3s, 151.9s to go
on time step 3565 (time=44.5625), 0.333356 s/step
Meep progress: 44.6875/50.0 = 89.4% done in 1249.5s, 148.5s to go
on time step 3575 (time=44.6875), 0.419988 s/step
Meep progress: 44.8125/50.0 = 89.6% done in 1253.6s, 145.1s to go
on time step 3585 (time=44.8125), 0.411085 s/step
Meep progress: 44.962500000000006/50.0 = 89.9% done in 1257.7s, 140.9s to go
on time step 3597 (time=44.9625), 0.343755 s/step
Meep progress: 45.125/50.0 = 90.2% done in 1261.9s, 136.3s to go
on time step 3610 (time=45.125), 0.323129 s/step
Meep progress: 45.2875/50.0 = 90.6% done in 1266.1s, 131.8s to go
on time step 3623 (time=45.2875), 0.32391 s/step
Meep progress: 45.45/50.0 = 90.9% done in 1270.3s, 127.2s to go
on time step 3636 (time=45.45), 0.324114 s/step
Meep progress: 45.612500000000004/50.0 = 91.2% done in 1274.5s, 122.6s to go
on time step 3649 (time=45.6125), 0.322241 s/step
Meep progress: 45.775000000000006/50.0 = 91.6% done in 1278.7s, 118.0s to go
on time step 3662 (time=45.775), 0.323683 s/step
Meep progress: 45.9375/50.0 = 91.9% done in 1282.9s, 113.5s to go
on time step 3675 (time=45.9375), 0.319054 s/step
Meep progress: 46.1/50.0 = 92.2% done in 1287.1s, 108.9s to go
on time step 3688 (time=46.1), 0.322497 s/step
Meep progress: 46.2625/50.0 = 92.5% done in 1291.2s, 104.3s to go
on time step 3701 (time=46.2625), 0.318985 s/step
Meep progress: 46.4125/50.0 = 92.8% done in 1295.3s, 100.1s to go
on time step 3713 (time=46.4125), 0.337372 s/step
Meep progress: 46.550000000000004/50.0 = 93.1% done in 1299.4s, 96.3s to go
on time step 3724 (time=46.55), 0.375067 s/step
Meep progress: 46.6875/50.0 = 93.4% done in 1303.5s, 92.5s to go
on time step 3735 (time=46.6875), 0.371792 s/step
Meep progress: 46.837500000000006/50.0 = 93.7% done in 1307.7s, 88.3s to go
on time step 3747 (time=46.8375), 0.348911 s/step
Meep progress: 46.975/50.0 = 94.0% done in 1312.0s, 84.5s to go
on time step 3758 (time=46.975), 0.389427 s/step
Meep progress: 47.112500000000004/50.0 = 94.2% done in 1316.2s, 80.7s to go
on time step 3769 (time=47.1125), 0.381922 s/step
Meep progress: 47.2625/50.0 = 94.5% done in 1320.4s, 76.5s to go
on time step 3781 (time=47.2625), 0.355561 s/step
Meep progress: 47.4125/50.0 = 94.8% done in 1324.6s, 72.3s to go
on time step 3793 (time=47.4125), 0.349701 s/step
Meep progress: 47.575/50.0 = 95.2% done in 1328.9s, 67.7s to go
on time step 3806 (time=47.575), 0.326695 s/step
Meep progress: 47.737500000000004/50.0 = 95.5% done in 1333.2s, 63.2s to go
on time step 3819 (time=47.7375), 0.330223 s/step
Meep progress: 47.8875/50.0 = 95.8% done in 1337.2s, 59.0s to go
on time step 3831 (time=47.8875), 0.339162 s/step
Meep progress: 48.0125/50.0 = 96.0% done in 1341.6s, 55.5s to go
on time step 3841 (time=48.0125), 0.432048 s/step
Meep progress: 48.1375/50.0 = 96.3% done in 1345.9s, 52.1s to go
on time step 3851 (time=48.1375), 0.434578 s/step
Meep progress: 48.275000000000006/50.0 = 96.6% done in 1350.2s, 48.2s to go
on time step 3862 (time=48.275), 0.387479 s/step
Meep progress: 48.4375/50.0 = 96.9% done in 1354.3s, 43.7s to go
on time step 3875 (time=48.4375), 0.319544 s/step
Meep progress: 48.6/50.0 = 97.2% done in 1358.5s, 39.1s to go
on time step 3888 (time=48.6), 0.32227 s/step
Meep progress: 48.7625/50.0 = 97.5% done in 1362.7s, 34.6s to go
on time step 3901 (time=48.7625), 0.322883 s/step
Meep progress: 48.925000000000004/50.0 = 97.9% done in 1367.0s, 30.0s to go
on time step 3914 (time=48.925), 0.326186 s/step
Meep progress: 49.075/50.0 = 98.2% done in 1371.1s, 25.8s to go
on time step 3926 (time=49.075), 0.346821 s/step
Meep progress: 49.225/50.0 = 98.4% done in 1375.2s, 21.7s to go
on time step 3938 (time=49.225), 0.343764 s/step
Meep progress: 49.3875/50.0 = 98.8% done in 1379.5s, 17.1s to go
on time step 3951 (time=49.3875), 0.329765 s/step
Meep progress: 49.5375/50.0 = 99.1% done in 1383.6s, 12.9s to go
on time step 3963 (time=49.5375), 0.341197 s/step
Meep progress: 49.7/50.0 = 99.4% done in 1387.9s, 8.4s to go
on time step 3976 (time=49.7), 0.326298 s/step
Meep progress: 49.837500000000006/50.0 = 99.7% done in 1392.0s, 4.5s to go
on time step 3987 (time=49.8375), 0.380089 s/step
Meep progress: 49.987500000000004/50.0 = 100.0% done in 1396.2s, 0.3s to go
on time step 3999 (time=49.9875), 0.342824 s/step
run 0 finished at t = 50.0 (4000 timesteps)
flux1:, 0.5, 1.344296223024875e-6, -9.801072526826046e-7
flux1:, 0.5066889632107023, 1.3385837530012352e-6, -1.224798420438818e-6
flux1:, 0.5133779264214047, 1.721304768149063e-6, -1.2072792838575298e-6
flux1:, 0.520066889632107, 2.0669124602389407e-6, -1.1270967096635067e-6
flux1:, 0.5267558528428093, 2.05364191313171e-6, -1.368520498904884e-6
flux1:, 0.5334448160535117, 2.268845246303271e-6, -1.5980312143840317e-6
flux1:, 0.540133779264214, 2.7530467085092406e-6, -1.6232415268867934e-6
flux1:, 0.5468227424749164, 2.9635689404873005e-6, -1.782762703069858e-6
flux1:, 0.5535117056856187, 3.2164811378909547e-6, -2.0063650612092618e-6
flux1:, 0.560200668896321, 3.74484461077073e-6, -2.228635726413822e-6
flux1:, 0.5668896321070234, 4.001961467477654e-6, -2.8729724956784384e-6
flux1:, 0.5735785953177257, 4.3898727285599306e-6, -3.5908128178743275e-6
flux1:, 0.580267558528428, 5.531558306522143e-6, -3.665529074547098e-6
flux1:, 0.5869565217391304, 6.361309346485394e-6, -3.7949075577871355e-6
flux1:, 0.5936454849498327, 6.524861925868635e-6, -4.7531503650915566e-6
flux1:, 0.600334448160535, 7.602742255237623e-6, -5.748250240233325e-6
flux1:, 0.6070234113712374, 9.510420223902058e-6, -6.232914562027874e-6
flux1:, 0.6137123745819397, 1.0768550540297427e-5, -6.657221223973678e-6
flux1:, 0.6204013377926421, 1.2040209648461938e-5, -7.05489802722091e-6
flux1:, 0.6270903010033444, 1.3870888260143574e-5, -7.743815979823407e-6
flux1:, 0.6337792642140467, 1.4739524378967364e-5, -9.632642449629256e-6
flux1:, 0.6404682274247491, 1.5126976115490862e-5, -1.224484982186747e-5
flux1:, 0.6471571906354514, 1.6992236783352605e-5, -1.466145031189245e-5
flux1:, 0.6538461538461537, 1.9408364701755643e-5, -1.7491644969038903e-5
flux1:, 0.6605351170568561, 2.1681294360068538e-5, -2.0799641607760108e-5
flux1:, 0.6672240802675584, 2.557848656120535e-5, -2.356253347046889e-5
flux1:, 0.6739130434782608, 3.0289806498673147e-5, -2.630653372593168e-5
flux1:, 0.6806020066889631, 3.4463370341769735e-5, -2.9552758804404426e-5
flux1:, 0.6872909698996654, 4.124345254684328e-5, -3.159526310280549e-5
flux1:, 0.6939799331103678, 5.0362639571896444e-5, -3.1954369362087166e-5
flux1:, 0.7006688963210701, 5.4869878403585546e-5, -3.355460245901484e-5
flux1:, 0.7073578595317724, 5.471610334977483e-5, -4.0092749787998915e-5
flux1:, 0.7140468227424748, 5.80853450265268e-5, -5.24150595149826e-5
flux1:, 0.7207357859531771, 6.667529974611455e-5, -6.475593630245493e-5
flux1:, 0.7274247491638794, 7.758800121399352e-5, -6.95059511518201e-5
flux1:, 0.7341137123745818, 9.307447512759879e-5, -7.058005788011611e-5
flux1:, 0.7408026755852841, 1.1189785423085485e-4, -7.859362775018327e-5
flux1:, 0.7474916387959865, 1.2571353774964688e-4, -9.151240649399131e-5
flux1:, 0.7541806020066888, 1.3432914439972463e-4, -1.021589314304301e-4
flux1:, 0.7608695652173911, 1.4565183236305078e-4, -1.1661724146028545e-4
flux1:, 0.7675585284280935, 1.5963603270410424e-4, -1.3913005367365065e-4
flux1:, 0.7742474916387958, 1.718514314515856e-4, -1.5908728116768877e-4
flux1:, 0.7809364548494981, 1.867283102692841e-4, -1.7271296197992253e-4
flux1:, 0.7876254180602005, 2.118043311325016e-4, -1.8797102111267435e-4
flux1:, 0.7943143812709028, 2.459932419806184e-4, -2.0703894757479255e-4
flux1:, 0.8010033444816052, 2.793061919954242e-4, -2.3439777609042048e-4
flux1:, 0.8076923076923075, 3.006316751478361e-4, -2.76970629740684e-4
flux1:, 0.8143812709030098, 3.102712524821401e-4, -3.196979751114454e-4
flux1:, 0.8210702341137122, 3.20584024088826e-4, -3.5000950645439787e-4
flux1:, 0.8277591973244145, 3.340406350028744e-4, -3.912244328265293e-4
flux1:, 0.8344481605351168, 3.395115053619961e-4, -4.5201874049396345e-4
flux1:, 0.8411371237458192, 3.456742500979229e-4, -5.037596373999973e-4
flux1:, 0.8478260869565215, 3.822145293778466e-4, -5.59333387860323e-4
flux1:, 0.8545150501672238, 4.442694063133345e-4, -6.67868820680237e-4
flux1:, 0.8612040133779262, 4.834081249689098e-4, -8.058911512204011e-4
flux1:, 0.8678929765886285, 4.861280602855324e-4, -9.034848532321258e-4
flux1:, 0.8745819397993309, 5.064640438122199e-4, -9.6345160018358e-4
flux1:, 0.8812709030100332, 5.791248067876681e-4, -0.0010385436657432774
flux1:, 0.8879598662207355, 6.594829691032597e-4, -0.001151453564404721
flux1:, 0.8946488294314379, 6.999646543231707e-4, -0.0013087395254759845
flux1:, 0.9013377926421402, 7.229160590762172e-4, -0.001505405302980357
flux1:, 0.9080267558528425, 7.625563823359957e-4, -0.0017049315556284961
flux1:, 0.9147157190635449, 8.028486247975425e-4, -0.0018906684422231018
flux1:, 0.9214046822742472, 8.265224463698987e-4, -0.0020877023276195212
flux1:, 0.9280936454849495, 8.570888405044697e-4, -0.0023045984008350836
flux1:, 0.9347826086956519, 9.221435505979631e-4, -0.0025260888669249625
flux1:, 0.9414715719063542, 0.001045120571409159, -0.002731255075018411
flux1:, 0.9481605351170566, 0.0012449877615251241, -0.002899242097448078
flux1:, 0.9548494983277589, 0.0014478218014736853, -0.0030956881632701375
flux1:, 0.9615384615384612, 0.0015005666779685468, -0.0034549602319719004
flux1:, 0.9682274247491636, 0.0014146281972932976, -0.003941282643088725
flux1:, 0.9749163879598659, 0.0014183778609587142, -0.004364280683217319
flux1:, 0.9816053511705682, 0.0015827083683299928, -0.004715867417658456
flux1:, 0.9882943143812706, 0.0016650466734865555, -0.005132891207996501
flux1:, 0.9949832775919729, 0.0015509635940094868, -0.0055987295742215525
flux1:, 1.0016722408026753, 0.0014776512699927033, -0.006102528502162186
flux1:, 1.0083612040133776, 0.0015825340656335778, -0.006781009108482855
flux1:, 1.01505016722408, 0.0017187665088872017, -0.007518180211124467
flux1:, 1.0217391304347823, 0.0019084079519569542, -0.007972840137520877
flux1:, 1.0284280936454846, 0.0023604715377432387, -0.008218626901792437
flux1:, 1.035117056856187, 0.0029560908671409786, -0.008586441532271893
flux1:, 1.0418060200668893, 0.0034152634855934183, -0.008960031285653109
flux1:, 1.0484949832775916, 0.0038422178639135776, -0.009133161161165733
flux1:, 1.055183946488294, 0.004396986441173585, -0.009462756924239648
flux1:, 1.0618729096989963, 0.00487426210463615, -0.010276830014834685
flux1:, 1.0685618729096986, 0.005233630959182975, -0.011267735394990227
flux1:, 1.075250836120401, 0.005786044636666971, -0.012119662037510321
flux1:, 1.0819397993311033, 0.006490222758665836, -0.01291753531320445
flux1:, 1.0886287625418056, 0.007066975725349356, -0.013629567712442173
flux1:, 1.095317725752508, 0.0077278260545277705, -0.014103054940455911
flux1:, 1.1020066889632103, 0.008700051225142834, -0.014585501506585169
flux1:, 1.1086956521739126, 0.00964426819969788, -0.015416906192002115
flux1:, 1.115384615384615, 0.010433150520217083, -0.016429824706319825
flux1:, 1.1220735785953173, 0.011386253715547745, -0.01729169190247776
flux1:, 1.1287625418060196, 0.012373843538926118, -0.0180532612510085
flux1:, 1.135451505016722, 0.013151558173566317, -0.018870966391405678
flux1:, 1.1421404682274243, 0.014180294763953428, -0.019582667988276865
flux1:, 1.1488294314381267, 0.015657669464104983, -0.019988322230224138
flux1:, 1.155518394648829, 0.01696427516896781, -0.020309677861493187
flux1:, 1.1622073578595313, 0.018071973868032814, -0.02096507268424271
flux1:, 1.1688963210702337, 0.019625305245195224, -0.021953522043397105
flux1:, 1.175585284280936, 0.02148204455702568, -0.022842186366354066
flux1:, 1.1822742474916383, 0.02325587096954857, -0.02331867031061468
flux1:, 1.1889632107023407, 0.02534597024796717, -0.023365005128681043
flux1:, 1.195652173913043, 0.02769857483183068, -0.023102766241766323
flux1:, 1.2023411371237454, 0.02951907356093638, -0.022943139045468585
flux1:, 1.2090301003344477, 0.03100664776639385, -0.023488615517107014
flux1:, 1.21571906354515, 0.03280578230150354, -0.024802306946412896
flux1:, 1.2224080267558524, 0.03431139815372946, -0.026281084044322497
flux1:, 1.2290969899665547, 0.03517515116732973, -0.027538432449692174
flux1:, 1.235785953177257, 0.03666318208961317, -0.028782179114012627
flux1:, 1.2424749163879594, 0.03944078168437341, -0.030180959934047367
flux1:, 1.2491638795986617, 0.04253808866483799, -0.031498295738399615
flux1:, 1.255852842809364, 0.04536347765909163, -0.03259974386909072
flux1:, 1.2625418060200664, 0.048136099327734355, -0.03394786050334036
flux1:, 1.2692307692307687, 0.05074922189015344, -0.036016039598370846
flux1:, 1.275919732441471, 0.05313012706053244, -0.0382012905952467
flux1:, 1.2826086956521734, 0.055564934167517524, -0.039417451238398876
flux1:, 1.2892976588628757, 0.058213827231560586, -0.03992431054750287
flux1:, 1.295986622073578, 0.06150065580380533, -0.04075096799184754
flux1:, 1.3026755852842804, 0.06568013007886409, -0.0415503880202793
flux1:, 1.3093645484949827, 0.06944764630491725, -0.041761597904387285
flux1:, 1.316053511705685, 0.07147390728168787, -0.04274577321791559
flux1:, 1.3227424749163874, 0.07261146714356756, -0.045291046360792106
flux1:, 1.3294314381270897, 0.07399923193283738, -0.047460794739657385
flux1:, 1.336120401337792, 0.07545966486647795, -0.04844918681510305
flux1:, 1.3428093645484944, 0.07751294750788536, -0.05042594204544836
flux1:, 1.3494983277591968, 0.08103741394534666, -0.053699814238824785
flux1:, 1.356187290969899, 0.0846970937249969, -0.055706367823722694
flux1:, 1.3628762541806014, 0.0869007442624482, -0.056239284766688546
flux1:, 1.3695652173913038, 0.0884159857851928, -0.057391469952689164
flux1:, 1.376254180602006, 0.08978552959936455, -0.05904187996107651
flux1:, 1.3829431438127084, 0.09027472918422286, -0.06027375821460267
flux1:, 1.3896321070234108, 0.09107296146839217, -0.06216579461861828
flux1:, 1.3963210702341131, 0.09415257823652105, -0.06488644320845294
flux1:, 1.4030100334448155, 0.09820772144074652, -0.06685828335094923
flux1:, 1.4096989966555178, 0.10091487478865159, -0.06832534940798825
flux1:, 1.4163879598662201, 0.10278007864589259, -0.07027970494611603
flux1:, 1.4230769230769225, 0.10467896733082632, -0.07174410772423943
flux1:, 1.4297658862876248, 0.10575185055009177, -0.07283180469721999
flux1:, 1.4364548494983271, 0.10637753736220934, -0.07538606269488976
flux1:, 1.4431438127090295, 0.10846143979905991, -0.07802960493465938
flux1:, 1.4498327759197318, 0.1116156364802622, -0.07797496062809149
flux1:, 1.4565217391304341, 0.1135169017374294, -0.07724987534669804
flux1:, 1.4632107023411365, 0.11409799186803149, -0.0789979268546255
flux1:, 1.4698996655518388, 0.11551817891508276, -0.08128570980835667
flux1:, 1.4765886287625412, 0.11818869726023681, -0.08176461766568474
flux1:, 1.4832775919732435, 0.12018957465762574, -0.08237369224712501
flux1:, 1.4899665551839458, 0.12094889912953713, -0.0845058479568933
flux1:, 1.4966555183946482, 0.12229999852153754, -0.08640917920781353
flux1:, 1.5033444816053505, 0.1247946310704065, -0.08713198012976908
flux1:, 1.5100334448160528, 0.12646323368944917, -0.08705398657585915
flux1:, 1.5167224080267552, 0.1266528560847154, -0.08603956443949569
flux1:, 1.5234113712374575, 0.12687067909728428, -0.08512828546334365
flux1:, 1.5301003344481598, 0.12691288614687848, -0.08643674957628959
flux1:, 1.5367892976588622, 0.12528817297769848, -0.0898723474720928
flux1:, 1.5434782608695645, 0.12317147370067053, -0.09385642031203995
flux1:, 1.5501672240802669, 0.12234469849301621, -0.09795987826451778
flux1:, 1.5568561872909692, 0.12122820008212051, -0.10166295731142007
flux1:, 1.5635451505016715, 0.11825400491949135, -0.10370386907817819
flux1:, 1.5702341137123739, 0.11549732625258909, -0.10434708794770917
flux1:, 1.5769230769230762, 0.11469981873025795, -0.10488744937800189
flux1:, 1.5836120401337785, 0.11430882371581658, -0.1052409209731862
flux1:, 1.5903010033444809, 0.11302049932430411, -0.10485155230921016
flux1:, 1.5969899665551832, 0.11157122418201987, -0.10443196836964512
flux1:, 1.6036789297658856, 0.11017598975799359, -0.10508833659505848
flux1:, 1.610367892976588, 0.10800299610915802, -0.1070332725730396
flux1:, 1.6170568561872902, 0.10488513920104757, -0.10935737392461374
flux1:, 1.6237458193979926, 0.10149600520445957, -0.11071670057038052
flux1:, 1.630434782608695, 0.09872098093125935, -0.11094466748006493
flux1:, 1.6371237458193972, 0.0970659564494424, -0.11118184493299059
flux1:, 1.6438127090300996, 0.09579802510651052, -0.11202922092727728
flux1:, 1.650501672240802, 0.09361697441151828, -0.11329723899489876
flux1:, 1.6571906354515042, 0.09041182167761876, -0.11478973105950765
flux1:, 1.6638795986622066, 0.08703117323061539, -0.1157397985738137
flux1:, 1.670568561872909, 0.08389782518594273, -0.11588089461075435
flux1:, 1.6772575250836113, 0.08082093792322155, -0.11717770740462649
flux1:, 1.6839464882943136, 0.07719557185646711, -0.12045671758107827
flux1:, 1.690635451505016, 0.0724404641183022, -0.1224585105885024
flux1:, 1.6973244147157183, 0.06719230539641327, -0.12107677587509355
flux1:, 1.7040133779264206, 0.06288579650122753, -0.11921964076219115
flux1:, 1.710702341137123, 0.05960374033247773, -0.11927827513497068
flux1:, 1.7173913043478253, 0.05618478949664073, -0.11958358510642705
flux1:, 1.7240802675585276, 0.052302449798146175, -0.11872035638861445
flux1:, 1.73076923076923, 0.048541323034980384, -0.11737878916110527
flux1:, 1.7374581939799323, 0.045202760293315714, -0.11598341608519078
flux1:, 1.7441471571906346, 0.042380255263269016, -0.11496347198649674
flux1:, 1.750836120401337, 0.04010374306331414, -0.11491665408932332
flux1:, 1.7575250836120393, 0.03789267870498079, -0.11464698555217276
flux1:, 1.7642140468227416, 0.03515572723788817, -0.11296420625269615
flux1:, 1.770903010033444, 0.03185808955086232, -0.11125803497974018
flux1:, 1.7775919732441463, 0.028406534509721096, -0.11034979561784262
flux1:, 1.7842809364548486, 0.02542215010236743, -0.1086385734367816
flux1:, 1.790969899665551, 0.023292586602466005, -0.10602436195020373
flux1:, 1.7976588628762533, 0.021568192805734604, -0.1042744125868542
flux1:, 1.8043478260869557, 0.019693554708024055, -0.1029397760720804
flux1:, 1.811036789297658, 0.017990675991540157, -0.10041788931651532
flux1:, 1.8177257525083603, 0.01668143894981321, -0.09747543112950922
flux1:, 1.8244147157190627, 0.015145819121079648, -0.09531012365977007
flux1:, 1.831103678929765, 0.013337461546363541, -0.09311132975061967
flux1:, 1.8377926421404673, 0.012074675573640264, -0.09017728809827773
flux1:, 1.8444816053511697, 0.011266758315285102, -0.08728655428565708
flux1:, 1.851170568561872, 0.010086840588943304, -0.08510632786575381
flux1:, 1.8578595317725743, 0.008847736553995822, -0.08333698115080222
flux1:, 1.8645484949832767, 0.008461687924304767, -0.08103979253857932
flux1:, 1.871237458193979, 0.00868661416800301, -0.07745104117628832
flux1:, 1.8779264214046814, 0.008732454891542297, -0.07322133956064203
flux1:, 1.8846153846153837, 0.008586091170123693, -0.06955373497105992
flux1:, 1.891304347826086, 0.008573096702875298, -0.06605015262926252
flux1:, 1.8979933110367884, 0.008715479962710873, -0.06185410854948345
flux1:, 1.9046822742474907, 0.008989116036506357, -0.05776362384570601
flux1:, 1.911371237458193, 0.009299568837587894, -0.05452750086717716
flux1:, 1.9180602006688954, 0.009369227766868767, -0.051384078956924685
flux1:, 1.9247491638795977, 0.009265258922177421, -0.04817537191163284
flux1:, 1.9314381270903, 0.009425700400548737, -0.04576557309039738
flux1:, 1.9381270903010024, 0.009834734468956179, -0.043806456073137996
flux1:, 1.9448160535117047, 0.010013542858268193, -0.04128213498373394
flux1:, 1.951505016722407, 0.009927271850221301, -0.038450860847201965
flux1:, 1.9581939799331094, 0.009985836553644736, -0.035822728718311964
flux1:, 1.9648829431438117, 0.010191810454590779, -0.03312046632522777
flux1:, 1.971571906354514, 0.010189447191419551, -0.03051703778444711
flux1:, 1.9782608695652164, 0.010023597885190406, -0.028590552541093377
flux1:, 1.9849498327759187, 0.00999659622853903, -0.026973776972218567
flux1:, 1.991638795986621, 0.009986392920896045, -0.025022586890896703
flux1:, 1.9983277591973234, 0.009703788980947693, -0.022981948087298375
flux1:, 2.0050167224080258, 0.009322595605779582, -0.02128731669850568
flux1:, 2.011705685618728, 0.009134088923552719, -0.01991660744595046
flux1:, 2.0183946488294304, 0.00898069112420455, -0.018740793659038982
flux1:, 2.0250836120401328, 0.008639505766704171, -0.017523392311544667
flux1:, 2.031772575250835, 0.00827589500933187, -0.016012251999965803
flux1:, 2.0384615384615374, 0.008060879485354581, -0.014466130079044544
flux1:, 2.0451505016722398, 0.00785902418678858, -0.013283319694187546
flux1:, 2.051839464882942, 0.007561229695106743, -0.012318439521681098
flux1:, 2.0585284280936444, 0.007243986498707419, -0.01134507361314313
flux1:, 2.065217391304347, 0.006923537734303924, -0.010518025649497718
flux1:, 2.071906354515049, 0.006542604625461103, -0.009894532063162422
flux1:, 2.0785953177257515, 0.0061421532450407195, -0.009279240634776639
flux1:, 2.085284280936454, 0.0057982304334587365, -0.008599819688991584
flux1:, 2.091973244147156, 0.0055119053506771975, -0.007868559974221949
flux1:, 2.0986622073578585, 0.005256710461393436, -0.007091239469659624
flux1:, 2.105351170568561, 0.005006818753957485, -0.006423367544693667
flux1:, 2.112040133779263, 0.00473244345125269, -0.005957600773012107
flux1:, 2.1187290969899655, 0.004443357288093789, -0.005525850485838713
flux1:, 2.125418060200668, 0.004168591397590699, -0.0050646127703181795
flux1:, 2.13210702341137, 0.0038964228062457335, -0.004718296147462635
flux1:, 2.1387959866220725, 0.003616084149097411, -0.0044531620358267705
flux1:, 2.145484949832775, 0.0033581813596510945, -0.004109187619750995
flux1:, 2.152173913043477, 0.0031346767319188457, -0.0037221867964306156
flux1:, 2.1588628762541795, 0.0029175744882829245, -0.0033830729375723327
flux1:, 2.165551839464882, 0.002695146853769899, -0.003071495153192309
flux1:, 2.172240802675584, 0.002482773801933476, -0.0028089908251893616
flux1:, 2.1789297658862865, 0.0022909600879144525, -0.0026315805944559577
flux1:, 2.185618729096989, 0.0021179685490167856, -0.0024581341122359586
flux1:, 2.192307692307691, 0.00195387332194188, -0.002241685083912314
flux1:, 2.1989966555183935, 0.0017920521367834467, -0.0020435491766886815
flux1:, 2.205685618729096, 0.0016449179511863192, -0.001866391270439132
flux1:, 2.212374581939798, 0.001523935917866727, -0.0016747486890032
flux1:, 2.2190635451505005, 0.0014155973692085184, -0.001514432554571809
flux1:, 2.225752508361203, 0.0013055829164266113, -0.0014077042801204692
flux1:, 2.232441471571905, 0.0011976823188413993, -0.0012975199901889911
flux1:, 2.2391304347826075, 0.0010928518263930707, -0.0011772059700089878
flux1:, 2.24581939799331, 9.87089928878706e-4, -0.0010819000522185346
flux1:, 2.252508361204012, 8.891463937137517e-4, -9.918370648456245e-4
flux1:, 2.2591973244147145, 8.079883278207735e-4, -8.932514026096458e-4
flux1:, 2.265886287625417, 7.370387661227749e-4, -8.181990476237227e-4
flux1:, 2.272575250836119, 6.686581083378826e-4, -7.610860955159859e-4
flux1:, 2.2792642140468216, 6.041607712334044e-4, -6.909631785055191e-4
flux1:, 2.285953177257524, 5.456524311180584e-4, -6.235012340873848e-4
flux1:, 2.2926421404682262, 4.933610679614356e-4, -5.760079865119645e-4
flux1:, 2.2993311036789286, 4.4643886240922694e-4, -5.274239732845255e-4
flux1:, 2.306020066889631, 4.0236208003068035e-4, -4.7160065567539806e-4
flux1:, 2.3127090301003332, 3.618835233115772e-4, -4.2415743491716764e-4
flux1:, 2.3193979933110356, 3.277583768444014e-4, -3.8289168402010234e-4
flux1:, 2.326086956521738, 2.9640125359231664e-4, -3.431890521099795e-4
flux1:, 2.3327759197324403, 2.6320214685587797e-4, -3.1279017159835235e-4
flux1:, 2.3394648829431426, 2.3160819284971765e-4, -2.883527309794676e-4
flux1:, 2.346153846153845, 2.056890505713853e-4, -2.6179550030826796e-4
flux1:, 2.3528428093645473, 1.8357085072774862e-4, -2.3776426705914767e-4
flux1:, 2.3595317725752496, 1.6367219905953902e-4, -2.1755390599220958e-4
flux1:, 2.366220735785952, 1.4613181726548676e-4, -1.9618028133499367e-4
flux1:, 2.3729096989966543, 1.293628379604048e-4, -1.775690509660821e-4
flux1:, 2.3795986622073566, 1.1329892570223458e-4, -1.6384753816430048e-4
flux1:, 2.386287625418059, 9.986130735753067e-5, -1.4802746811702378e-4
flux1:, 2.3929765886287613, 8.802619025827272e-5, -1.3092531884045962e-4
flux1:, 2.3996655518394636, 7.618894106757059e-5, -1.1856110176101661e-4
flux1:, 2.406354515050166, 6.604557643435714e-5, -1.0768928295100704e-4
flux1:, 2.4130434782608683, 5.8291948643405733e-5, -9.57783438365907e-5
flux1:, 2.4197324414715706, 5.0988600550945386e-5, -8.717311677042455e-5
flux1:, 2.426421404682273, 4.402821000507733e-5, -8.054134893848003e-5
flux1:, 2.4331103678929753, 3.8466312727356625e-5, -7.182217564201225e-5
flux1:, 2.4397993311036776, 3.342076250749422e-5, -6.430113592224109e-5
flux1:, 2.44648829431438, 2.8315741928771904e-5, -5.972012697224504e-5
flux1:, 2.4531772575250823, 2.4145212836945568e-5, -5.398051220704974e-5
flux1:, 2.4598662207357846, 2.0947006850170165e-5, -4.7403779629036724e-5
flux1:, 2.466555183946487, 1.7997843596534886e-5, -4.3029704615034536e-5
flux1:, 2.4732441471571893, 1.540666437608215e-5, -3.904553276176208e-5
flux1:, 2.4799331103678917, 1.3163471399683017e-5, -3.4302529570372815e-5
flux1:, 2.486622073578594, 1.0967599916228665e-5, -3.105935796657593e-5
flux1:, 2.4933110367892963, 9.212893186591108e-6, -2.8677167638631055e-5
flux1:, 2.4999999999999987, 8.034116712460658e-6, -2.5364301993705897e-5

Elapsed run time = 1425.78 s
