--------------------------------------------------------------------------
[[10174,1],0]: A high-performance Open MPI point-to-point messaging module
was unable to find any relevant network interfaces:

Module: OpenFabrics (openib)
  Host: euca-128-84-11-54

Another transport will be used instead, although this may result in
lower performance.
--------------------------------------------------------------------------
Using MPI version 3.0, 2 processes
command-line param: no-struct=false
command-line param: no-holes=false
command-line param: rodpos=".275/rodpos.txt"
-----------
Initializing structure...
Working in 3D dimensions.
Computational cell is 4 x 4 x 5 with resolution 40
     block, center = (0,0,0)
          size (1e+20,1e+20,0.15)
          axes (1,0,0), (0,1,0), (0,0,1)
          dielectric constant epsilon diagonal = (12,12,12)
     cylinder, center = (3.959,2.35,0)
          radius 0.275, height 0.15, axis (0, 0, 1)
          dielectric constant epsilon diagonal = (1,1,1)
     cylinder, center = (0.801,0.448,0)
          radius 0.275, height 0.15, axis (0, 0, 1)
          dielectric constant epsilon diagonal = (1,1,1)
     cylinder, center = (2.507,0.5,0)
          radius 0.275, height 0.15, axis (0, 0, 1)
          dielectric constant epsilon diagonal = (1,1,1)
     cylinder, center = (3.469,3.117,0)
          radius 0.275, height 0.15, axis (0, 0, 1)
          dielectric constant epsilon diagonal = (1,1,1)
     cylinder, center = (2.014,3.678,0)
          radius 0.275, height 0.15, axis (0, 0, 1)
          dielectric constant epsilon diagonal = (1,1,1)
     cylinder, center = (0.95,2.352,0)
          radius 0.275, height 0.15, axis (0, 0, 1)
          dielectric constant epsilon diagonal = (1,1,1)
     cylinder, center = (0.986,3.535,0)
          radius 0.275, height 0.15, axis (0, 0, 1)
          dielectric constant epsilon diagonal = (1,1,1)
     cylinder, center = (1.931,3.014,0)
          radius 0.275, height 0.15, axis (0, 0, 1)
          dielectric constant epsilon diagonal = (1,1,1)
     cylinder, center = (3.301,0.681,0)
          radius 0.275, height 0.15, axis (0, 0, 1)
          dielectric constant epsilon diagonal = (1,1,1)
     cylinder, center = (0.076,0.679,0)
          radius 0.275, height 0.15, axis (0, 0, 1)
          dielectric constant epsilon diagonal = (1,1,1)
     cylinder, center = (3,1.773,0)
          radius 0.275, height 0.15, axis (0, 0, 1)
          dielectric constant epsilon diagonal = (1,1,1)
     cylinder, center = (1.84,0.902,0)
          radius 0.275, height 0.15, axis (0, 0, 1)
          dielectric constant epsilon diagonal = (1,1,1)
     cylinder, center = (2.966,3.858,0)
          radius 0.275, height 0.15, axis (0, 0, 1)
          dielectric constant epsilon diagonal = (1,1,1)
     cylinder, center = (2.936,2.756,0)
          radius 0.275, height 0.15, axis (0, 0, 1)
          dielectric constant epsilon diagonal = (1,1,1)
     cylinder, center = (1.316,0.231,0)
          radius 0.275, height 0.15, axis (0, 0, 1)
          dielectric constant epsilon diagonal = (1,1,1)
     cylinder, center = (0.461,2.034,0)
          radius 0.275, height 0.15, axis (0, 0, 1)
          dielectric constant epsilon diagonal = (1,1,1)
     cylinder, center = (2.029,0.017,0)
          radius 0.275, height 0.15, axis (0, 0, 1)
          dielectric constant epsilon diagonal = (1,1,1)
     cylinder, center = (1.303,1.024,0)
          radius 0.275, height 0.15, axis (0, 0, 1)
          dielectric constant epsilon diagonal = (1,1,1)
     cylinder, center = (2.119,1.401,0)
          radius 0.275, height 0.15, axis (0, 0, 1)
          dielectric constant epsilon diagonal = (1,1,1)
     cylinder, center = (3.61,1.639,0)
          radius 0.275, height 0.15, axis (0, 0, 1)
          dielectric constant epsilon diagonal = (1,1,1)
     cylinder, center = (3.699,0.117,0)
          radius 0.275, height 0.15, axis (0, 0, 1)
          dielectric constant epsilon diagonal = (1,1,1)
subpixel-averaging is 85.1947% done, 0.695364 s remaining
subpixel-averaging is 86.4807% done, 0.625503 s remaining
subpixel-averaging is 86.3521% done, 0.632538 s remaining
time for set_epsilon = 23.3349 s
time for set_conductivity = 1.09305 s
time for set_conductivity = 1.09432 s
time for set_conductivity = 1.10503 s
-----------
Meep progress: 0.0125/50.0 = 0.0% done in 5.6s, 22298.3s to go
on time step 1 (time=0.0125), 5.5766 s/step
Meep progress: 0.15000000000000002/50.0 = 0.3% done in 9.9s, 3276.9s to go
on time step 12 (time=0.15), 0.389459 s/step
Meep progress: 0.30000000000000004/50.0 = 0.6% done in 13.9s, 2304.3s to go
on time step 24 (time=0.3), 0.337418 s/step
Meep progress: 0.45/50.0 = 0.9% done in 18.1s, 1988.7s to go
on time step 36 (time=0.45), 0.345987 s/step
Meep progress: 0.6000000000000001/50.0 = 1.2% done in 22.3s, 1836.1s to go
on time step 48 (time=0.6), 0.353322 s/step
Meep progress: 0.75/50.0 = 1.5% done in 26.3s, 1728.9s to go
on time step 60 (time=0.75), 0.335561 s/step
Meep progress: 0.9125000000000001/50.0 = 1.8% done in 30.6s, 1648.5s to go
on time step 73 (time=0.9125), 0.332021 s/step
Meep progress: 1.0625/50.0 = 2.1% done in 34.7s, 1598.0s to go
on time step 85 (time=1.0625), 0.337493 s/step
Meep progress: 1.2000000000000002/50.0 = 2.4% done in 38.8s, 1578.5s to go
on time step 96 (time=1.2), 0.374614 s/step
Meep progress: 1.35/50.0 = 2.7% done in 43.0s, 1549.2s to go
on time step 108 (time=1.35), 0.347891 s/step
Meep progress: 1.5/50.0 = 3.0% done in 47.0s, 1519.5s to go
on time step 120 (time=1.5), 0.333646 s/step
Meep progress: 1.6500000000000001/50.0 = 3.3% done in 51.0s, 1495.5s to go
on time step 132 (time=1.65), 0.336747 s/step
Meep progress: 1.8/50.0 = 3.6% done in 55.0s, 1473.9s to go
on time step 144 (time=1.8), 0.333988 s/step
Meep progress: 1.9500000000000002/50.0 = 3.9% done in 59.1s, 1456.1s to go
on time step 156 (time=1.95), 0.337517 s/step
Meep progress: 2.1/50.0 = 4.2% done in 63.3s, 1443.8s to go
on time step 168 (time=2.1), 0.350596 s/step
Meep progress: 2.25/50.0 = 4.5% done in 67.3s, 1429.0s to go
on time step 180 (time=2.25), 0.336178 s/step
Meep progress: 2.4000000000000004/50.0 = 4.8% done in 71.4s, 1416.1s to go
on time step 192 (time=2.4), 0.338765 s/step
Meep progress: 2.5500000000000003/50.0 = 5.1% done in 75.4s, 1403.9s to go
on time step 204 (time=2.55), 0.337195 s/step
Meep progress: 2.7/50.0 = 5.4% done in 79.5s, 1392.3s to go
on time step 216 (time=2.7), 0.33577 s/step
Meep progress: 2.85/50.0 = 5.7% done in 83.5s, 1381.7s to go
on time step 228 (time=2.85), 0.336849 s/step
Meep progress: 3.0/50.0 = 6.0% done in 87.6s, 1373.0s to go
on time step 240 (time=3), 0.343517 s/step
Meep progress: 3.1500000000000004/50.0 = 6.3% done in 92.0s, 1368.5s to go
on time step 252 (time=3.15), 0.364537 s/step
Meep progress: 3.2875/50.0 = 6.6% done in 96.3s, 1368.5s to go
on time step 263 (time=3.2875), 0.390663 s/step
Meep progress: 3.4250000000000003/50.0 = 6.8% done in 100.6s, 1368.6s to go
on time step 274 (time=3.425), 0.393582 s/step
Meep progress: 3.575/50.0 = 7.2% done in 104.8s, 1360.5s to go
on time step 286 (time=3.575), 0.343759 s/step
Meep progress: 3.7375000000000003/50.0 = 7.5% done in 108.9s, 1347.4s to go
on time step 299 (time=3.7375), 0.314789 s/step
Meep progress: 3.9000000000000004/50.0 = 7.8% done in 112.9s, 1334.5s to go
on time step 312 (time=3.9), 0.310404 s/step
Meep progress: 4.0625/50.0 = 8.1% done in 117.0s, 1322.9s to go
on time step 325 (time=4.0625), 0.315406 s/step
Meep progress: 4.2125/50.0 = 8.4% done in 121.2s, 1317.9s to go
on time step 337 (time=4.2125), 0.354551 s/step
Meep progress: 4.3500000000000005/50.0 = 8.7% done in 125.5s, 1317.5s to go
on time step 348 (time=4.35), 0.390515 s/step
Meep progress: 4.4875/50.0 = 9.0% done in 129.8s, 1316.6s to go
on time step 359 (time=4.4875), 0.388181 s/step
Meep progress: 4.6375/50.0 = 9.3% done in 133.9s, 1309.7s to go
on time step 371 (time=4.6375), 0.340323 s/step
Meep progress: 4.7875000000000005/50.0 = 9.6% done in 138.0s, 1303.2s to go
on time step 383 (time=4.7875), 0.341175 s/step
Meep progress: 4.9375/50.0 = 9.9% done in 142.1s, 1297.0s to go
on time step 395 (time=4.9375), 0.343169 s/step
Meep progress: 5.0875/50.0 = 10.2% done in 146.2s, 1290.7s to go
on time step 407 (time=5.0875), 0.341582 s/step
Meep progress: 5.237500000000001/50.0 = 10.5% done in 150.3s, 1284.9s to go
on time step 419 (time=5.2375), 0.343912 s/step
Meep progress: 5.375/50.0 = 10.8% done in 154.7s, 1284.2s to go
on time step 430 (time=5.375), 0.3953 s/step
Meep progress: 5.5125/50.0 = 11.0% done in 159.0s, 1283.1s to go
on time step 441 (time=5.5125), 0.391053 s/step
Meep progress: 5.675000000000001/50.0 = 11.4% done in 163.1s, 1274.0s to go
on time step 454 (time=5.675), 0.317515 s/step
Meep progress: 5.8375/50.0 = 11.7% done in 167.3s, 1265.9s to go
on time step 467 (time=5.8375), 0.32467 s/step
Meep progress: 6.0/50.0 = 12.0% done in 171.5s, 1257.6s to go
on time step 480 (time=6), 0.319961 s/step
Meep progress: 6.1625000000000005/50.0 = 12.3% done in 175.7s, 1249.9s to go
on time step 493 (time=6.1625), 0.323935 s/step
Meep progress: 6.325/50.0 = 12.6% done in 179.9s, 1242.3s to go
on time step 506 (time=6.325), 0.322869 s/step
Meep progress: 6.4625/50.0 = 12.9% done in 184.2s, 1240.9s to go
on time step 517 (time=6.4625), 0.390109 s/step
Meep progress: 6.6000000000000005/50.0 = 13.2% done in 188.5s, 1239.5s to go
on time step 528 (time=6.6), 0.391213 s/step
Meep progress: 6.75/50.0 = 13.5% done in 192.7s, 1234.9s to go
on time step 540 (time=6.75), 0.352259 s/step
Meep progress: 6.9/50.0 = 13.8% done in 196.7s, 1228.9s to go
on time step 552 (time=6.9), 0.333925 s/step
Meep progress: 7.050000000000001/50.0 = 14.1% done in 200.8s, 1223.2s to go
on time step 564 (time=7.05), 0.33776 s/step
Meep progress: 7.2/50.0 = 14.4% done in 204.9s, 1218.1s to go
on time step 576 (time=7.2), 0.344641 s/step
Meep progress: 7.3500000000000005/50.0 = 14.7% done in 209.0s, 1212.6s to go
on time step 588 (time=7.35), 0.33748 s/step
Meep progress: 7.5/50.0 = 15.0% done in 213.0s, 1206.9s to go
on time step 600 (time=7.5), 0.333818 s/step
Meep progress: 7.65/50.0 = 15.3% done in 217.0s, 1201.5s to go
on time step 612 (time=7.65), 0.337864 s/step
Meep progress: 7.800000000000001/50.0 = 15.6% done in 221.1s, 1196.3s to go
on time step 624 (time=7.8), 0.340681 s/step
Meep progress: 7.9625/50.0 = 15.9% done in 225.4s, 1189.8s to go
on time step 637 (time=7.9625), 0.326886 s/step
Meep progress: 8.125/50.0 = 16.2% done in 229.6s, 1183.2s to go
on time step 650 (time=8.125), 0.323187 s/step
Meep progress: 8.2875/50.0 = 16.6% done in 233.8s, 1176.6s to go
on time step 663 (time=8.2875), 0.322913 s/step
Meep progress: 8.450000000000001/50.0 = 16.9% done in 237.9s, 1169.9s to go
on time step 676 (time=8.45), 0.320277 s/step
Meep progress: 8.6125/50.0 = 17.2% done in 242.1s, 1163.3s to go
on time step 689 (time=8.6125), 0.318587 s/step
Meep progress: 8.775/50.0 = 17.6% done in 246.2s, 1156.5s to go
on time step 702 (time=8.775), 0.315113 s/step
Meep progress: 8.9375/50.0 = 17.9% done in 250.3s, 1150.1s to go
on time step 715 (time=8.9375), 0.319174 s/step
Meep progress: 9.1/50.0 = 18.2% done in 254.5s, 1143.7s to go
on time step 728 (time=9.1), 0.319048 s/step
Meep progress: 9.262500000000001/50.0 = 18.5% done in 258.6s, 1137.5s to go
on time step 741 (time=9.2625), 0.320608 s/step
Meep progress: 9.425/50.0 = 18.8% done in 262.8s, 1131.4s to go
on time step 754 (time=9.425), 0.321122 s/step
Meep progress: 9.575000000000001/50.0 = 19.2% done in 266.9s, 1126.6s to go
on time step 766 (time=9.575), 0.336926 s/step
Meep progress: 9.725000000000001/50.0 = 19.5% done in 270.9s, 1122.0s to go
on time step 778 (time=9.725), 0.338753 s/step
Meep progress: 9.875/50.0 = 19.8% done in 274.9s, 1117.1s to go
on time step 790 (time=9.875), 0.334608 s/step
Meep progress: 10.012500000000001/50.0 = 20.0% done in 279.2s, 1115.0s to go
on time step 801 (time=10.0125), 0.386027 s/step
Meep progress: 10.15/50.0 = 20.3% done in 283.5s, 1113.0s to go
on time step 812 (time=10.15), 0.392643 s/step
Meep progress: 10.287500000000001/50.0 = 20.6% done in 287.8s, 1111.0s to go
on time step 823 (time=10.2875), 0.39048 s/step
Meep progress: 10.412500000000001/50.0 = 20.8% done in 292.1s, 1110.7s to go
on time step 833 (time=10.4125), 0.435326 s/step
Meep progress: 10.537500000000001/50.0 = 21.1% done in 296.3s, 1109.5s to go
on time step 843 (time=10.5375), 0.412855 s/step
Meep progress: 10.6875/50.0 = 21.4% done in 300.3s, 1104.7s to go
on time step 855 (time=10.6875), 0.337292 s/step
Meep progress: 10.8375/50.0 = 21.7% done in 304.4s, 1100.1s to go
on time step 867 (time=10.8375), 0.341686 s/step
Meep progress: 11.0/50.0 = 22.0% done in 308.6s, 1094.3s to go
on time step 880 (time=11), 0.324891 s/step
Meep progress: 11.137500000000001/50.0 = 22.3% done in 312.7s, 1091.2s to go
on time step 891 (time=11.1375), 0.370974 s/step
Meep progress: 11.287500000000001/50.0 = 22.6% done in 316.9s, 1086.9s to go
on time step 903 (time=11.2875), 0.349526 s/step
Meep progress: 11.4375/50.0 = 22.9% done in 321.2s, 1083.0s to go
on time step 915 (time=11.4375), 0.357628 s/step
Meep progress: 11.5875/50.0 = 23.2% done in 325.4s, 1078.5s to go
on time step 927 (time=11.5875), 0.34474 s/step
Meep progress: 11.75/50.0 = 23.5% done in 329.5s, 1072.8s to go
on time step 940 (time=11.75), 0.322716 s/step
Meep progress: 11.9/50.0 = 23.8% done in 333.6s, 1068.0s to go
on time step 952 (time=11.9), 0.336295 s/step
Meep progress: 12.0625/50.0 = 24.1% done in 337.8s, 1062.4s to go
on time step 965 (time=12.0625), 0.32325 s/step
Meep progress: 12.225000000000001/50.0 = 24.5% done in 341.9s, 1056.3s to go
on time step 978 (time=12.225), 0.313547 s/step
Meep progress: 12.387500000000001/50.0 = 24.8% done in 345.9s, 1050.4s to go
on time step 991 (time=12.3875), 0.314585 s/step
Meep progress: 12.55/50.0 = 25.1% done in 350.1s, 1044.6s to go
on time step 1004 (time=12.55), 0.316077 s/step
Meep progress: 12.7125/50.0 = 25.4% done in 354.2s, 1039.0s to go
on time step 1017 (time=12.7125), 0.319906 s/step
Meep progress: 12.8625/50.0 = 25.7% done in 358.4s, 1034.7s to go
on time step 1029 (time=12.8625), 0.346949 s/step
Meep progress: 12.9875/50.0 = 26.0% done in 362.4s, 1032.8s to go
on time step 1039 (time=12.9875), 0.403805 s/step
Meep progress: 13.1125/50.0 = 26.2% done in 366.8s, 1031.8s to go
on time step 1049 (time=13.1125), 0.435758 s/step
Meep progress: 13.25/50.0 = 26.5% done in 371.0s, 1029.1s to go
on time step 1060 (time=13.25), 0.386488 s/step
Meep progress: 13.4/50.0 = 26.8% done in 375.1s, 1024.5s to go
on time step 1072 (time=13.4), 0.339797 s/step
Meep progress: 13.5625/50.0 = 27.1% done in 379.3s, 1019.1s to go
on time step 1085 (time=13.5625), 0.324855 s/step
Meep progress: 13.725000000000001/50.0 = 27.4% done in 383.5s, 1013.5s to go
on time step 1098 (time=13.725), 0.318752 s/step
Meep progress: 13.887500000000001/50.0 = 27.8% done in 387.7s, 1008.1s to go
on time step 1111 (time=13.8875), 0.322659 s/step
Meep progress: 14.05/50.0 = 28.1% done in 391.7s, 1002.3s to go
on time step 1124 (time=14.05), 0.312666 s/step
Meep progress: 14.200000000000001/50.0 = 28.4% done in 395.9s, 998.0s to go
on time step 1136 (time=14.2), 0.343805 s/step
Meep progress: 14.3625/50.0 = 28.7% done in 400.0s, 992.5s to go
on time step 1149 (time=14.3625), 0.317982 s/step
Meep progress: 14.525/50.0 = 29.0% done in 404.2s, 987.1s to go
on time step 1162 (time=14.525), 0.320722 s/step
Meep progress: 14.6875/50.0 = 29.4% done in 408.2s, 981.5s to go
on time step 1175 (time=14.6875), 0.313937 s/step
Meep progress: 14.8375/50.0 = 29.7% done in 412.3s, 977.1s to go
on time step 1187 (time=14.8375), 0.338704 s/step
Meep progress: 14.9875/50.0 = 30.0% done in 416.4s, 972.8s to go
on time step 1199 (time=14.9875), 0.343763 s/step
Meep progress: 15.137500000000001/50.0 = 30.3% done in 420.5s, 968.5s to go
on time step 1211 (time=15.1375), 0.342628 s/step
Meep progress: 15.3/50.0 = 30.6% done in 424.7s, 963.2s to go
on time step 1224 (time=15.3), 0.320925 s/step
Meep progress: 15.4375/50.0 = 30.9% done in 428.7s, 959.9s to go
on time step 1235 (time=15.4375), 0.366638 s/step
Meep progress: 15.5625/50.0 = 31.1% done in 433.1s, 958.4s to go
on time step 1245 (time=15.5625), 0.437271 s/step
Meep progress: 15.700000000000001/50.0 = 31.4% done in 437.3s, 955.4s to go
on time step 1256 (time=15.7), 0.379493 s/step
Meep progress: 15.850000000000001/50.0 = 31.7% done in 441.3s, 950.8s to go
on time step 1268 (time=15.85), 0.334123 s/step
Meep progress: 16.0/50.0 = 32.0% done in 445.5s, 946.6s to go
on time step 1280 (time=16), 0.347447 s/step
Meep progress: 16.1625/50.0 = 32.3% done in 449.7s, 941.5s to go
on time step 1293 (time=16.1625), 0.324331 s/step
Meep progress: 16.3/50.0 = 32.6% done in 454.0s, 938.7s to go
on time step 1304 (time=16.3), 0.395586 s/step
Meep progress: 16.4375/50.0 = 32.9% done in 458.3s, 935.8s to go
on time step 1315 (time=16.4375), 0.389173 s/step
Meep progress: 16.587500000000002/50.0 = 33.2% done in 462.6s, 931.8s to go
on time step 1327 (time=16.5875), 0.353813 s/step
Meep progress: 16.7375/50.0 = 33.5% done in 466.6s, 927.3s to go
on time step 1339 (time=16.7375), 0.336092 s/step
Meep progress: 16.8875/50.0 = 33.8% done in 470.7s, 922.9s to go
on time step 1351 (time=16.8875), 0.339413 s/step
Meep progress: 17.05/50.0 = 34.1% done in 475.0s, 917.9s to go
on time step 1364 (time=17.05), 0.330615 s/step
Meep progress: 17.1875/50.0 = 34.4% done in 479.1s, 914.6s to go
on time step 1375 (time=17.1875), 0.374459 s/step
Meep progress: 17.325/50.0 = 34.6% done in 483.1s, 911.2s to go
on time step 1386 (time=17.325), 0.36763 s/step
Meep progress: 17.462500000000002/50.0 = 34.9% done in 487.5s, 908.3s to go
on time step 1397 (time=17.4625), 0.393268 s/step
Meep progress: 17.6/50.0 = 35.2% done in 491.5s, 904.8s to go
on time step 1408 (time=17.6), 0.36868 s/step
Meep progress: 17.75/50.0 = 35.5% done in 495.6s, 900.4s to go
on time step 1420 (time=17.75), 0.338085 s/step
Meep progress: 17.900000000000002/50.0 = 35.8% done in 499.6s, 895.9s to go
on time step 1433 (time=17.9125), 0.336025 s/step
Meep progress: 18.05/50.0 = 36.1% done in 503.6s, 891.5s to go
on time step 1445 (time=18.0625), 0.335783 s/step
Meep progress: 18.2/50.0 = 36.4% done in 507.7s, 887.0s to go
on time step 1457 (time=18.2125), 0.335225 s/step
Meep progress: 18.35/50.0 = 36.7% done in 511.8s, 882.8s to go
on time step 1469 (time=18.3625), 0.35167 s/step
Meep progress: 18.4875/50.0 = 37.0% done in 516.1s, 879.7s to go
on time step 1480 (time=18.5), 0.388985 s/step
Meep progress: 18.625/50.0 = 37.2% done in 520.3s, 876.5s to go
on time step 1491 (time=18.6375), 0.37506 s/step
Meep progress: 18.7625/50.0 = 37.5% done in 524.4s, 873.1s to go
on time step 1502 (time=18.775), 0.382729 s/step
Meep progress: 18.8875/50.0 = 37.8% done in 528.7s, 871.0s to go
on time step 1512 (time=18.9), 0.433543 s/step
Meep progress: 19.025000000000002/50.0 = 38.1% done in 532.8s, 867.4s to go
on time step 1523 (time=19.0375), 0.366993 s/step
Meep progress: 19.175/50.0 = 38.4% done in 536.9s, 863.1s to go
on time step 1535 (time=19.1875), 0.337401 s/step
Meep progress: 19.325000000000003/50.0 = 38.7% done in 541.3s, 859.2s to go
on time step 1546 (time=19.325), 0.366995 s/step
Meep progress: 19.450000000000003/50.0 = 38.9% done in 545.6s, 857.0s to go
on time step 1556 (time=19.45), 0.431172 s/step
Meep progress: 19.575000000000003/50.0 = 39.2% done in 549.8s, 854.6s to go
on time step 1566 (time=19.575), 0.424641 s/step
Meep progress: 19.725/50.0 = 39.4% done in 554.0s, 850.4s to go
on time step 1578 (time=19.725), 0.349568 s/step
Meep progress: 19.875/50.0 = 39.8% done in 558.1s, 845.9s to go
on time step 1590 (time=19.875), 0.337179 s/step
Meep progress: 20.025000000000002/50.0 = 40.1% done in 562.2s, 841.5s to go
on time step 1602 (time=20.025), 0.339124 s/step
Meep progress: 20.175/50.0 = 40.4% done in 566.4s, 837.3s to go
on time step 1614 (time=20.175), 0.350138 s/step
Meep progress: 20.3125/50.0 = 40.6% done in 570.5s, 833.8s to go
on time step 1625 (time=20.3125), 0.373437 s/step
Meep progress: 20.450000000000003/50.0 = 40.9% done in 574.8s, 830.6s to go
on time step 1636 (time=20.45), 0.394015 s/step
Meep progress: 20.6/50.0 = 41.2% done in 579.0s, 826.3s to go
on time step 1648 (time=20.6), 0.347344 s/step
Meep progress: 20.762500000000003/50.0 = 41.5% done in 583.1s, 821.1s to go
on time step 1661 (time=20.7625), 0.316167 s/step
Meep progress: 20.925/50.0 = 41.8% done in 587.1s, 815.8s to go
on time step 1674 (time=20.925), 0.312277 s/step
Meep progress: 21.087500000000002/50.0 = 42.2% done in 591.3s, 810.7s to go
on time step 1687 (time=21.0875), 0.320399 s/step
Meep progress: 21.25/50.0 = 42.5% done in 595.6s, 805.8s to go
on time step 1700 (time=21.25), 0.327561 s/step
Meep progress: 21.4125/50.0 = 42.8% done in 599.9s, 800.9s to go
on time step 1713 (time=21.4125), 0.330735 s/step
Meep progress: 21.5625/50.0 = 43.1% done in 604.0s, 796.6s to go
on time step 1725 (time=21.5625), 0.346151 s/step
Meep progress: 21.712500000000002/50.0 = 43.4% done in 608.3s, 792.5s to go
on time step 1737 (time=21.7125), 0.358178 s/step
Meep progress: 21.875/50.0 = 43.8% done in 612.6s, 787.7s to go
on time step 1750 (time=21.875), 0.33096 s/step
Meep progress: 22.0375/50.0 = 44.1% done in 616.8s, 782.7s to go
on time step 1763 (time=22.0375), 0.322817 s/step
Meep progress: 22.1875/50.0 = 44.4% done in 620.9s, 778.3s to go
on time step 1775 (time=22.1875), 0.341998 s/step
Meep progress: 22.337500000000002/50.0 = 44.7% done in 625.1s, 774.1s to go
on time step 1787 (time=22.3375), 0.34982 s/step
Meep progress: 22.5/50.0 = 45.0% done in 629.3s, 769.1s to go
on time step 1800 (time=22.5), 0.319672 s/step
Meep progress: 22.650000000000002/50.0 = 45.3% done in 633.5s, 764.9s to go
on time step 1812 (time=22.65), 0.35153 s/step
Meep progress: 22.7875/50.0 = 45.6% done in 637.7s, 761.6s to go
on time step 1823 (time=22.7875), 0.386445 s/step
Meep progress: 22.9375/50.0 = 45.9% done in 642.1s, 757.5s to go
on time step 1835 (time=22.9375), 0.359256 s/step
Meep progress: 23.1/50.0 = 46.2% done in 646.2s, 752.5s to go
on time step 1848 (time=23.1), 0.320902 s/step
Meep progress: 23.262500000000003/50.0 = 46.5% done in 650.4s, 747.5s to go
on time step 1861 (time=23.2625), 0.319239 s/step
Meep progress: 23.425/50.0 = 46.8% done in 654.6s, 742.6s to go
on time step 1874 (time=23.425), 0.326182 s/step
Meep progress: 23.587500000000002/50.0 = 47.2% done in 658.8s, 737.7s to go
on time step 1887 (time=23.5875), 0.322344 s/step
Meep progress: 23.7375/50.0 = 47.5% done in 663.1s, 733.6s to go
on time step 1899 (time=23.7375), 0.356724 s/step
Meep progress: 23.8625/50.0 = 47.7% done in 667.4s, 731.0s to go
on time step 1909 (time=23.8625), 0.4315 s/step
Meep progress: 23.9875/50.0 = 48.0% done in 671.4s, 728.1s to go
on time step 1919 (time=23.9875), 0.404661 s/step
Meep progress: 24.137500000000003/50.0 = 48.3% done in 675.5s, 723.8s to go
on time step 1931 (time=24.1375), 0.337614 s/step
Meep progress: 24.3/50.0 = 48.6% done in 679.8s, 718.9s to go
on time step 1944 (time=24.3), 0.327183 s/step
Meep progress: 24.462500000000002/50.0 = 48.9% done in 683.9s, 713.9s to go
on time step 1957 (time=24.4625), 0.317269 s/step
Meep progress: 24.625/50.0 = 49.2% done in 688.0s, 708.9s to go
on time step 1970 (time=24.625), 0.316358 s/step
Meep progress: 24.7875/50.0 = 49.6% done in 692.3s, 704.2s to go
on time step 1983 (time=24.7875), 0.334916 s/step
Meep progress: 24.925/50.0 = 49.8% done in 696.6s, 700.8s to go
on time step 1994 (time=24.925), 0.384852 s/step
Meep progress: 25.0625/50.0 = 50.1% done in 700.6s, 697.1s to go
on time step 2005 (time=25.0625), 0.365738 s/step
Meep progress: 25.225/50.0 = 50.4% done in 705.0s, 692.4s to go
on time step 2018 (time=25.225), 0.335572 s/step
Meep progress: 25.387500000000003/50.0 = 50.8% done in 709.2s, 687.6s to go
on time step 2031 (time=25.3875), 0.326022 s/step
Meep progress: 25.55/50.0 = 51.1% done in 713.4s, 682.7s to go
on time step 2044 (time=25.55), 0.320141 s/step
Meep progress: 25.712500000000002/50.0 = 51.4% done in 717.5s, 677.7s to go
on time step 2057 (time=25.7125), 0.316423 s/step
Meep progress: 25.875/50.0 = 51.8% done in 721.7s, 672.9s to go
on time step 2070 (time=25.875), 0.327329 s/step
Meep progress: 26.0375/50.0 = 52.1% done in 725.9s, 668.1s to go
on time step 2083 (time=26.0375), 0.322842 s/step
Meep progress: 26.200000000000003/50.0 = 52.4% done in 730.1s, 663.2s to go
on time step 2096 (time=26.2), 0.320861 s/step
Meep progress: 26.35/50.0 = 52.7% done in 734.1s, 658.9s to go
on time step 2108 (time=26.35), 0.336226 s/step
Meep progress: 26.5/50.0 = 53.0% done in 738.2s, 654.6s to go
on time step 2120 (time=26.5), 0.340059 s/step
Meep progress: 26.650000000000002/50.0 = 53.3% done in 742.4s, 650.5s to go
on time step 2132 (time=26.65), 0.352234 s/step
Meep progress: 26.8/50.0 = 53.6% done in 746.4s, 646.2s to go
on time step 2144 (time=26.8), 0.333865 s/step
Meep progress: 26.950000000000003/50.0 = 53.9% done in 750.5s, 641.9s to go
on time step 2156 (time=26.95), 0.338584 s/step
Meep progress: 27.075000000000003/50.0 = 54.2% done in 754.8s, 639.1s to go
on time step 2166 (time=27.075), 0.432851 s/step
Meep progress: 27.200000000000003/50.0 = 54.4% done in 759.2s, 636.4s to go
on time step 2176 (time=27.2), 0.43132 s/step
Meep progress: 27.35/50.0 = 54.7% done in 763.3s, 632.1s to go
on time step 2188 (time=27.35), 0.343815 s/step
Meep progress: 27.512500000000003/50.0 = 55.0% done in 767.4s, 627.2s to go
on time step 2201 (time=27.5125), 0.315618 s/step
Meep progress: 27.675/50.0 = 55.4% done in 771.5s, 622.4s to go
on time step 2214 (time=27.675), 0.316484 s/step
Meep progress: 27.837500000000002/50.0 = 55.7% done in 775.7s, 617.5s to go
on time step 2227 (time=27.8375), 0.321512 s/step
Meep progress: 28.0/50.0 = 56.0% done in 779.8s, 612.7s to go
on time step 2240 (time=28), 0.313775 s/step
Meep progress: 28.150000000000002/50.0 = 56.3% done in 784.1s, 608.6s to go
on time step 2252 (time=28.15), 0.358832 s/step
Meep progress: 28.2875/50.0 = 56.6% done in 788.3s, 605.1s to go
on time step 2263 (time=28.2875), 0.389459 s/step
Meep progress: 28.4375/50.0 = 56.9% done in 792.6s, 601.0s to go
on time step 2275 (time=28.4375), 0.352703 s/step
Meep progress: 28.6/50.0 = 57.2% done in 796.8s, 596.2s to go
on time step 2288 (time=28.6), 0.327596 s/step
Meep progress: 28.762500000000003/50.0 = 57.5% done in 800.9s, 591.4s to go
on time step 2301 (time=28.7625), 0.312986 s/step
Meep progress: 28.925/50.0 = 57.8% done in 805.0s, 586.5s to go
on time step 2314 (time=28.925), 0.316948 s/step
Meep progress: 29.087500000000002/50.0 = 58.2% done in 809.2s, 581.7s to go
on time step 2327 (time=29.0875), 0.318017 s/step
Meep progress: 29.25/50.0 = 58.5% done in 813.4s, 577.0s to go
on time step 2340 (time=29.25), 0.327833 s/step
Meep progress: 29.400000000000002/50.0 = 58.8% done in 817.4s, 572.8s to go
on time step 2352 (time=29.4), 0.334851 s/step
Meep progress: 29.55/50.0 = 59.1% done in 821.5s, 568.5s to go
on time step 2364 (time=29.55), 0.334431 s/step
Meep progress: 29.700000000000003/50.0 = 59.4% done in 825.5s, 564.2s to go
on time step 2376 (time=29.7), 0.334371 s/step
Meep progress: 29.85/50.0 = 59.7% done in 829.5s, 560.0s to go
on time step 2388 (time=29.85), 0.338444 s/step
Meep progress: 30.0/50.0 = 60.0% done in 833.6s, 555.7s to go
on time step 2400 (time=30), 0.339375 s/step
Meep progress: 30.150000000000002/50.0 = 60.3% done in 837.6s, 551.5s to go
on time step 2412 (time=30.15), 0.333864 s/step
Meep progress: 30.3/50.0 = 60.6% done in 841.7s, 547.2s to go
on time step 2424 (time=30.3), 0.341161 s/step
Meep progress: 30.4375/50.0 = 60.9% done in 845.9s, 543.7s to go
on time step 2435 (time=30.4375), 0.384886 s/step
Meep progress: 30.575000000000003/50.0 = 61.2% done in 850.2s, 540.1s to go
on time step 2446 (time=30.575), 0.38517 s/step
Meep progress: 30.7375/50.0 = 61.5% done in 854.4s, 535.4s to go
on time step 2459 (time=30.7375), 0.322883 s/step
Meep progress: 30.900000000000002/50.0 = 61.8% done in 858.5s, 530.6s to go
on time step 2472 (time=30.9), 0.316517 s/step
Meep progress: 31.0625/50.0 = 62.1% done in 862.6s, 525.9s to go
on time step 2485 (time=31.0625), 0.316449 s/step
Meep progress: 31.225/50.0 = 62.4% done in 866.8s, 521.2s to go
on time step 2498 (time=31.225), 0.321904 s/step
Meep progress: 31.387500000000003/50.0 = 62.8% done in 871.1s, 516.5s to go
on time step 2511 (time=31.3875), 0.329441 s/step
Meep progress: 31.512500000000003/50.0 = 63.0% done in 875.2s, 513.5s to go
on time step 2521 (time=31.5125), 0.414819 s/step
Meep progress: 31.637500000000003/50.0 = 63.3% done in 879.5s, 510.5s to go
on time step 2531 (time=31.6375), 0.431241 s/step
Meep progress: 31.7875/50.0 = 63.6% done in 883.6s, 506.2s to go
on time step 2543 (time=31.7875), 0.335941 s/step
Meep progress: 31.950000000000003/50.0 = 63.9% done in 887.7s, 501.5s to go
on time step 2556 (time=31.95), 0.319796 s/step
Meep progress: 32.112500000000004/50.0 = 64.2% done in 891.9s, 496.8s to go
on time step 2569 (time=32.1125), 0.319828 s/step
Meep progress: 32.275/50.0 = 64.6% done in 896.1s, 492.1s to go
on time step 2582 (time=32.275), 0.32127 s/step
Meep progress: 32.4375/50.0 = 64.9% done in 900.1s, 487.3s to go
on time step 2595 (time=32.4375), 0.311567 s/step
Meep progress: 32.575/50.0 = 65.2% done in 904.3s, 483.7s to go
on time step 2606 (time=32.575), 0.383459 s/step
Meep progress: 32.7/50.0 = 65.4% done in 908.6s, 480.7s to go
on time step 2616 (time=32.7), 0.431848 s/step
Meep progress: 32.862500000000004/50.0 = 65.7% done in 912.9s, 476.0s to go
on time step 2629 (time=32.8625), 0.324108 s/step
Meep progress: 33.025/50.0 = 66.0% done in 916.9s, 471.3s to go
on time step 2642 (time=33.025), 0.313982 s/step
Meep progress: 33.1875/50.0 = 66.4% done in 921.1s, 466.6s to go
on time step 2655 (time=33.1875), 0.316751 s/step
Meep progress: 33.35/50.0 = 66.7% done in 925.2s, 461.9s to go
on time step 2668 (time=33.35), 0.319086 s/step
Meep progress: 33.5125/50.0 = 67.0% done in 929.3s, 457.2s to go
on time step 2681 (time=33.5125), 0.315222 s/step
Meep progress: 33.6625/50.0 = 67.3% done in 933.4s, 453.0s to go
on time step 2693 (time=33.6625), 0.342193 s/step
Meep progress: 33.8125/50.0 = 67.6% done in 937.7s, 448.9s to go
on time step 2705 (time=33.8125), 0.357596 s/step
Meep progress: 33.9625/50.0 = 67.9% done in 942.0s, 444.8s to go
on time step 2717 (time=33.9625), 0.355278 s/step
Meep progress: 34.0875/50.0 = 68.2% done in 946.0s, 441.6s to go
on time step 2727 (time=34.0875), 0.401666 s/step
Meep progress: 34.237500000000004/50.0 = 68.5% done in 950.0s, 437.4s to go
on time step 2739 (time=34.2375), 0.335506 s/step
Meep progress: 34.375/50.0 = 68.8% done in 954.1s, 433.7s to go
on time step 2750 (time=34.375), 0.375509 s/step
Meep progress: 34.525/50.0 = 69.0% done in 958.1s, 429.5s to go
on time step 2762 (time=34.525), 0.333857 s/step
Meep progress: 34.6625/50.0 = 69.3% done in 962.2s, 425.8s to go
on time step 2773 (time=34.6625), 0.369091 s/step
Meep progress: 34.825/50.0 = 69.6% done in 966.2s, 421.0s to go
on time step 2786 (time=34.825), 0.310029 s/step
Meep progress: 34.987500000000004/50.0 = 70.0% done in 970.5s, 416.4s to go
on time step 2799 (time=34.9875), 0.33202 s/step
Meep progress: 35.1375/50.0 = 70.3% done in 974.6s, 412.3s to go
on time step 2811 (time=35.1375), 0.341208 s/step
Meep progress: 35.2875/50.0 = 70.6% done in 978.6s, 408.0s to go
on time step 2823 (time=35.2875), 0.333619 s/step
Meep progress: 35.45/50.0 = 70.9% done in 982.9s, 403.4s to go
on time step 2836 (time=35.45), 0.329253 s/step
Meep progress: 35.6/50.0 = 71.2% done in 987.1s, 399.3s to go
on time step 2848 (time=35.6), 0.345547 s/step
Meep progress: 35.7625/50.0 = 71.5% done in 991.2s, 394.6s to go
on time step 2861 (time=35.7625), 0.315457 s/step
Meep progress: 35.925000000000004/50.0 = 71.9% done in 995.3s, 389.9s to go
on time step 2874 (time=35.925), 0.31588 s/step
Meep progress: 36.0875/50.0 = 72.2% done in 999.3s, 385.3s to go
on time step 2887 (time=36.0875), 0.310316 s/step
Meep progress: 36.25/50.0 = 72.5% done in 1003.4s, 380.6s to go
on time step 2900 (time=36.25), 0.316916 s/step
Meep progress: 36.4125/50.0 = 72.8% done in 1007.6s, 376.0s to go
on time step 2913 (time=36.4125), 0.317851 s/step
Meep progress: 36.5625/50.0 = 73.1% done in 1011.8s, 371.9s to go
on time step 2925 (time=36.5625), 0.354776 s/step
Meep progress: 36.7125/50.0 = 73.4% done in 1015.8s, 367.7s to go
on time step 2937 (time=36.7125), 0.334911 s/step
Meep progress: 36.875/50.0 = 73.8% done in 1019.9s, 363.0s to go
on time step 2950 (time=36.875), 0.316144 s/step
Meep progress: 37.0125/50.0 = 74.0% done in 1024.3s, 359.4s to go
on time step 2961 (time=37.0125), 0.395951 s/step
Meep progress: 37.1375/50.0 = 74.3% done in 1028.6s, 356.3s to go
on time step 2971 (time=37.1375), 0.431174 s/step
Meep progress: 37.275/50.0 = 74.6% done in 1032.9s, 352.6s to go
on time step 2982 (time=37.275), 0.392253 s/step
Meep progress: 37.4375/50.0 = 74.9% done in 1037.1s, 348.0s to go
on time step 2995 (time=37.4375), 0.320414 s/step
Meep progress: 37.6/50.0 = 75.2% done in 1041.2s, 343.4s to go
on time step 3008 (time=37.6), 0.317512 s/step
Meep progress: 37.7625/50.0 = 75.5% done in 1045.4s, 338.8s to go
on time step 3021 (time=37.7625), 0.31764 s/step
Meep progress: 37.925000000000004/50.0 = 75.9% done in 1049.5s, 334.1s to go
on time step 3034 (time=37.925), 0.316214 s/step
Meep progress: 38.0875/50.0 = 76.2% done in 1053.7s, 329.6s to go
on time step 3047 (time=38.0875), 0.323102 s/step
Meep progress: 38.25/50.0 = 76.5% done in 1057.8s, 324.9s to go
on time step 3060 (time=38.25), 0.31433 s/step
Meep progress: 38.4125/50.0 = 76.8% done in 1061.9s, 320.3s to go
on time step 3073 (time=38.4125), 0.32249 s/step
Meep progress: 38.575/50.0 = 77.2% done in 1066.3s, 315.8s to go
on time step 3086 (time=38.575), 0.33648 s/step
Meep progress: 38.725/50.0 = 77.4% done in 1070.6s, 311.7s to go
on time step 3098 (time=38.725), 0.36041 s/step
Meep progress: 38.8875/50.0 = 77.8% done in 1074.9s, 307.2s to go
on time step 3111 (time=38.8875), 0.329165 s/step
Meep progress: 39.050000000000004/50.0 = 78.1% done in 1079.2s, 302.6s to go
on time step 3124 (time=39.05), 0.329763 s/step
Meep progress: 39.1875/50.0 = 78.4% done in 1083.4s, 298.9s to go
on time step 3135 (time=39.1875), 0.385347 s/step
Meep progress: 39.3125/50.0 = 78.6% done in 1087.8s, 295.7s to go
on time step 3145 (time=39.3125), 0.43093 s/step
Meep progress: 39.462500000000006/50.0 = 78.9% done in 1092.0s, 291.6s to go
on time step 3157 (time=39.4625), 0.350457 s/step
Meep progress: 39.612500000000004/50.0 = 79.2% done in 1096.1s, 287.4s to go
on time step 3169 (time=39.6125), 0.343232 s/step
Meep progress: 39.7625/50.0 = 79.5% done in 1100.1s, 283.2s to go
on time step 3181 (time=39.7625), 0.334659 s/step
Meep progress: 39.925000000000004/50.0 = 79.9% done in 1104.4s, 278.7s to go
on time step 3194 (time=39.925), 0.331716 s/step
Meep progress: 40.087500000000006/50.0 = 80.2% done in 1108.7s, 274.2s to go
on time step 3207 (time=40.0875), 0.33046 s/step
Meep progress: 40.237500000000004/50.0 = 80.5% done in 1113.0s, 270.0s to go
on time step 3219 (time=40.2375), 0.359817 s/step
Meep progress: 40.375/50.0 = 80.8% done in 1117.3s, 266.4s to go
on time step 3230 (time=40.375), 0.387832 s/step
Meep progress: 40.525000000000006/50.0 = 81.1% done in 1121.5s, 262.2s to go
on time step 3242 (time=40.525), 0.352932 s/step
Meep progress: 40.675000000000004/50.0 = 81.4% done in 1125.6s, 258.0s to go
on time step 3254 (time=40.675), 0.3369 s/step
Meep progress: 40.825/50.0 = 81.6% done in 1129.9s, 253.9s to go
on time step 3266 (time=40.825), 0.358715 s/step
Meep progress: 40.987500000000004/50.0 = 82.0% done in 1134.0s, 249.4s to go
on time step 3279 (time=40.9875), 0.318623 s/step
Meep progress: 41.150000000000006/50.0 = 82.3% done in 1138.2s, 244.8s to go
on time step 3292 (time=41.15), 0.319412 s/step
Meep progress: 41.3125/50.0 = 82.6% done in 1142.2s, 240.2s to go
on time step 3305 (time=41.3125), 0.313406 s/step
Meep progress: 41.475/50.0 = 83.0% done in 1146.4s, 235.6s to go
on time step 3318 (time=41.475), 0.316719 s/step
Meep progress: 41.6375/50.0 = 83.3% done in 1150.5s, 231.1s to go
on time step 3331 (time=41.6375), 0.315185 s/step
Meep progress: 41.800000000000004/50.0 = 83.6% done in 1154.6s, 226.5s to go
on time step 3344 (time=41.8), 0.316883 s/step
Meep progress: 41.962500000000006/50.0 = 83.9% done in 1158.8s, 222.0s to go
on time step 3357 (time=41.9625), 0.322565 s/step
Meep progress: 42.125/50.0 = 84.2% done in 1162.9s, 217.4s to go
on time step 3370 (time=42.125), 0.316512 s/step
Meep progress: 42.2875/50.0 = 84.6% done in 1167.1s, 212.9s to go
on time step 3383 (time=42.2875), 0.321627 s/step
Meep progress: 42.45/50.0 = 84.9% done in 1171.2s, 208.3s to go
on time step 3396 (time=42.45), 0.321515 s/step
Meep progress: 42.612500000000004/50.0 = 85.2% done in 1175.4s, 203.8s to go
on time step 3409 (time=42.6125), 0.316975 s/step
Meep progress: 42.75/50.0 = 85.5% done in 1179.7s, 200.1s to go
on time step 3420 (time=42.75), 0.393912 s/step
Meep progress: 42.8875/50.0 = 85.8% done in 1184.0s, 196.4s to go
on time step 3431 (time=42.8875), 0.390695 s/step
Meep progress: 43.0375/50.0 = 86.1% done in 1188.3s, 192.2s to go
on time step 3443 (time=43.0375), 0.362241 s/step
Meep progress: 43.1625/50.0 = 86.3% done in 1192.4s, 188.9s to go
on time step 3453 (time=43.1625), 0.402175 s/step
Meep progress: 43.300000000000004/50.0 = 86.6% done in 1196.6s, 185.2s to go
on time step 3464 (time=43.3), 0.382069 s/step
Meep progress: 43.45/50.0 = 86.9% done in 1200.7s, 181.0s to go
on time step 3476 (time=43.45), 0.343047 s/step
Meep progress: 43.6/50.0 = 87.2% done in 1204.8s, 176.8s to go
on time step 3488 (time=43.6), 0.341475 s/step
Meep progress: 43.737500000000004/50.0 = 87.5% done in 1208.9s, 173.1s to go
on time step 3499 (time=43.7375), 0.371489 s/step
Meep progress: 43.8875/50.0 = 87.8% done in 1213.0s, 168.9s to go
on time step 3511 (time=43.8875), 0.343892 s/step
Meep progress: 44.0375/50.0 = 88.1% done in 1217.2s, 164.8s to go
on time step 3523 (time=44.0375), 0.35071 s/step
Meep progress: 44.2/50.0 = 88.4% done in 1221.3s, 160.3s to go
on time step 3536 (time=44.2), 0.318877 s/step
Meep progress: 44.362500000000004/50.0 = 88.7% done in 1225.5s, 155.7s to go
on time step 3549 (time=44.3625), 0.321311 s/step
Meep progress: 44.525000000000006/50.0 = 89.1% done in 1229.7s, 151.2s to go
on time step 3562 (time=44.525), 0.319008 s/step
Meep progress: 44.6625/50.0 = 89.3% done in 1233.7s, 147.4s to go
on time step 3573 (time=44.6625), 0.364312 s/step
Meep progress: 44.800000000000004/50.0 = 89.6% done in 1238.0s, 143.7s to go
on time step 3584 (time=44.8), 0.396011 s/step
Meep progress: 44.9375/50.0 = 89.9% done in 1242.3s, 140.0s to go
on time step 3595 (time=44.9375), 0.387047 s/step
Meep progress: 45.075/50.0 = 90.2% done in 1246.3s, 136.2s to go
on time step 3606 (time=45.075), 0.365142 s/step
Meep progress: 45.225/50.0 = 90.4% done in 1250.5s, 132.0s to go
on time step 3618 (time=45.225), 0.351666 s/step
Meep progress: 45.375/50.0 = 90.8% done in 1254.8s, 127.9s to go
on time step 3630 (time=45.375), 0.358348 s/step
Meep progress: 45.5375/50.0 = 91.1% done in 1258.9s, 123.4s to go
on time step 3643 (time=45.5375), 0.316137 s/step
Meep progress: 45.675000000000004/50.0 = 91.4% done in 1263.1s, 119.6s to go
on time step 3654 (time=45.675), 0.374774 s/step
Meep progress: 45.800000000000004/50.0 = 91.6% done in 1267.4s, 116.2s to go
on time step 3664 (time=45.8), 0.434178 s/step
Meep progress: 45.925000000000004/50.0 = 91.9% done in 1271.4s, 112.8s to go
on time step 3674 (time=45.925), 0.403572 s/step
Meep progress: 46.075/50.0 = 92.2% done in 1275.5s, 108.7s to go
on time step 3686 (time=46.075), 0.338008 s/step
Meep progress: 46.237500000000004/50.0 = 92.5% done in 1279.6s, 104.1s to go
on time step 3699 (time=46.2375), 0.315742 s/step
Meep progress: 46.400000000000006/50.0 = 92.8% done in 1283.7s, 99.6s to go
on time step 3712 (time=46.4), 0.317549 s/step
Meep progress: 46.5625/50.0 = 93.1% done in 1288.0s, 95.1s to go
on time step 3725 (time=46.5625), 0.332077 s/step
Meep progress: 46.712500000000006/50.0 = 93.4% done in 1292.1s, 90.9s to go
on time step 3737 (time=46.7125), 0.337012 s/step
Meep progress: 46.862500000000004/50.0 = 93.7% done in 1296.1s, 86.8s to go
on time step 3749 (time=46.8625), 0.338018 s/step
Meep progress: 47.0125/50.0 = 94.0% done in 1300.4s, 82.6s to go
on time step 3761 (time=47.0125), 0.358239 s/step
Meep progress: 47.175000000000004/50.0 = 94.4% done in 1304.6s, 78.1s to go
on time step 3774 (time=47.175), 0.317447 s/step
Meep progress: 47.337500000000006/50.0 = 94.7% done in 1308.8s, 73.6s to go
on time step 3787 (time=47.3375), 0.321432 s/step
Meep progress: 47.5/50.0 = 95.0% done in 1312.8s, 69.1s to go
on time step 3800 (time=47.5), 0.314265 s/step
Meep progress: 47.650000000000006/50.0 = 95.3% done in 1316.8s, 64.9s to go
on time step 3812 (time=47.65), 0.334094 s/step
Meep progress: 47.8125/50.0 = 95.6% done in 1321.0s, 60.4s to go
on time step 3825 (time=47.8125), 0.321158 s/step
Meep progress: 47.962500000000006/50.0 = 95.9% done in 1325.4s, 56.3s to go
on time step 3837 (time=47.9625), 0.362079 s/step
Meep progress: 48.1/50.0 = 96.2% done in 1329.8s, 52.5s to go
on time step 3848 (time=48.1), 0.398764 s/step
Meep progress: 48.225/50.0 = 96.4% done in 1334.1s, 49.1s to go
on time step 3858 (time=48.225), 0.433381 s/step
Meep progress: 48.375/50.0 = 96.8% done in 1338.3s, 45.0s to go
on time step 3870 (time=48.375), 0.353686 s/step
Meep progress: 48.5375/50.0 = 97.1% done in 1342.6s, 40.5s to go
on time step 3883 (time=48.5375), 0.32919 s/step
Meep progress: 48.6875/50.0 = 97.4% done in 1346.6s, 36.3s to go
on time step 3895 (time=48.6875), 0.334167 s/step
Meep progress: 48.85/50.0 = 97.7% done in 1350.9s, 31.8s to go
on time step 3908 (time=48.85), 0.331465 s/step
Meep progress: 48.975/50.0 = 98.0% done in 1355.3s, 28.4s to go
on time step 3918 (time=48.975), 0.432559 s/step
Meep progress: 49.1/50.0 = 98.2% done in 1359.6s, 24.9s to go
on time step 3928 (time=49.1), 0.431605 s/step
Meep progress: 49.25/50.0 = 98.5% done in 1363.6s, 20.8s to go
on time step 3940 (time=49.25), 0.336872 s/step
Meep progress: 49.3875/50.0 = 98.8% done in 1367.9s, 17.0s to go
on time step 3951 (time=49.3875), 0.389161 s/step
Meep progress: 49.550000000000004/50.0 = 99.1% done in 1372.2s, 12.5s to go
on time step 3964 (time=49.55), 0.333757 s/step
Meep progress: 49.7/50.0 = 99.4% done in 1376.2s, 8.3s to go
on time step 3976 (time=49.7), 0.334387 s/step
Meep progress: 49.862500000000004/50.0 = 99.7% done in 1380.3s, 3.8s to go
on time step 3989 (time=49.8625), 0.314606 s/step
Meep progress: 49.987500000000004/50.0 = 100.0% done in 1384.6s, 0.3s to go
on time step 3999 (time=49.9875), 0.430121 s/step
run 0 finished at t = 50.0 (4000 timesteps)
flux1:, 0.5, 1.293479819741375e-6, -9.853828219967866e-7
flux1:, 0.5066889632107023, 1.4215484844383105e-6, -8.310740202797024e-7
flux1:, 0.5133779264214047, 1.4769682229385027e-6, -1.127566349065279e-6
flux1:, 0.520066889632107, 1.6780308995127722e-6, -1.4189595680383907e-6
flux1:, 0.5267558528428093, 1.96327410751861e-6, -1.2971382112128302e-6
flux1:, 0.5334448160535117, 2.239590820020894e-6, -1.4997262167255104e-6
flux1:, 0.540133779264214, 2.640642712292776e-6, -1.8575815953464162e-6
flux1:, 0.5468227424749164, 3.0182128684065265e-6, -1.6796458427068698e-6
flux1:, 0.5535117056856187, 3.2409417560732815e-6, -1.84892540393931e-6
flux1:, 0.560200668896321, 3.7315153063755126e-6, -2.639385217010754e-6
flux1:, 0.5668896321070234, 4.5032271808760034e-6, -2.7563051915045717e-6
flux1:, 0.5735785953177257, 5.029352357853572e-6, -2.7170362536812276e-6
flux1:, 0.580267558528428, 5.677452081105492e-6, -3.638181073380636e-6
flux1:, 0.5869565217391304, 6.953902148746602e-6, -4.06231354020246e-6
flux1:, 0.5936454849498327, 8.021711715780266e-6, -3.603120306027176e-6
flux1:, 0.600334448160535, 8.491684138750715e-6, -4.323652891312239e-6
flux1:, 0.6070234113712374, 9.419580278695575e-6, -5.7257292369194245e-6
flux1:, 0.6137123745819397, 1.1000687156016161e-5, -6.189670663955574e-6
flux1:, 0.6204013377926421, 1.2633012364194017e-5, -7.061927813432848e-6
flux1:, 0.6270903010033444, 1.4705828098831275e-5, -8.541129580972327e-6
flux1:, 0.6337792642140467, 1.7161479217717657e-5, -8.995265015086471e-6
flux1:, 0.6404682274247491, 1.9236184164275793e-5, -1.007375295903303e-5
flux1:, 0.6471571906354514, 2.1860686170148655e-5, -1.2659209804934277e-5
flux1:, 0.6538461538461537, 2.5830373811702538e-5, -1.3626264990269648e-5
flux1:, 0.6605351170568561, 2.9535671038096106e-5, -1.3820580415669936e-5
flux1:, 0.6672240802675584, 3.2542702598720124e-5, -1.670468605397211e-5
flux1:, 0.6739130434782608, 3.6542794913341e-5, -1.9627637197830145e-5
flux1:, 0.6806020066889631, 4.152865845637605e-5, -2.0672473898283636e-5
flux1:, 0.6872909698996654, 4.664868085109276e-5, -2.3505855967127913e-5
flux1:, 0.6939799331103678, 5.203711212194392e-5, -2.7198269669194042e-5
flux1:, 0.7006688963210701, 5.749258622593086e-5, -2.934461643750053e-5
flux1:, 0.7073578595317724, 6.51095416975819e-5, -3.419800652969291e-5
flux1:, 0.7140468227424748, 7.765888182754253e-5, -3.994071699999997e-5
flux1:, 0.7207357859531771, 8.902616613396143e-5, -3.94866375304137e-5
flux1:, 0.7274247491638794, 9.166918534814359e-5, -4.1391811295930404e-5
flux1:, 0.7341137123745818, 9.308659712206646e-5, -5.6186886682116335e-5
flux1:, 0.7408026755852841, 1.0225558005003492e-4, -7.295584021613547e-5
flux1:, 0.7474916387959865, 1.1146489029204702e-4, -8.424186832151198e-5
flux1:, 0.7541806020066888, 1.1477513742248066e-4, -1.02540370930385e-4
flux1:, 0.7608695652173911, 1.2112260913636882e-4, -1.2875201705260308e-4
flux1:, 0.7675585284280935, 1.3603429865450102e-4, -1.4824300998032402e-4
flux1:, 0.7742474916387958, 1.584045682277603e-4, -1.6132278807079716e-4
flux1:, 0.7809364548494981, 1.8704063057632827e-4, -1.7774489799850064e-4
flux1:, 0.7876254180602005, 2.105204844630742e-4, -1.9810420471096292e-4
flux1:, 0.7943143812709028, 2.2442893421843017e-4, -2.2136171854636482e-4
flux1:, 0.8010033444816052, 2.518311442190255e-4, -2.480778975967851e-4
flux1:, 0.8076923076923075, 2.9290230486623105e-4, -2.818491070653453e-4
flux1:, 0.8143812709030098, 3.0541548546079885e-4, -3.296061204478551e-4
flux1:, 0.8210702341137122, 2.944869196441987e-4, -3.7358343771128186e-4
flux1:, 0.8277591973244145, 3.2100875555348334e-4, -3.867180715262201e-4
flux1:, 0.8344481605351168, 3.800400188684466e-4, -4.038324066780401e-4
flux1:, 0.8411371237458192, 4.1165496030751825e-4, -4.774093096532821e-4
flux1:, 0.8478260869565215, 4.306946341029476e-4, -5.658447623649296e-4
flux1:, 0.8545150501672238, 4.846151605329231e-4, -6.135798981838438e-4
flux1:, 0.8612040133779262, 5.33954261845959e-4, -6.804477045030954e-4
flux1:, 0.8678929765886285, 5.250561280658195e-4, -8.248061043449516e-4
flux1:, 0.8745819397993309, 4.972529696186869e-4, -9.83414369643827e-4
flux1:, 0.8812709030100332, 5.13960766952073e-4, -0.0011054142636094807
flux1:, 0.8879598662207355, 5.735602043522366e-4, -0.0012354807657509693
flux1:, 0.8946488294314379, 6.276357300739248e-4, -0.00139666054966251
flux1:, 0.9013377926421402, 6.378805725723184e-4, -0.0015648955280787428
flux1:, 0.9080267558528425, 6.290590231562433e-4, -0.0017393082007586078
flux1:, 0.9147157190635449, 6.629101945540084e-4, -0.001909785725514193
flux1:, 0.9214046822742472, 7.2944054146093e-4, -0.0020460785206126986
flux1:, 0.9280936454849495, 7.760484319247375e-4, -0.002165994019542929
flux1:, 0.9347826086956519, 8.438253206540175e-4, -0.0023087025920753286
flux1:, 0.9414715719063542, 9.8592038798806e-4, -0.0024907691479648638
flux1:, 0.9481605351170566, 0.0011084823669260603, -0.0027526091070723523
flux1:, 0.9548494983277589, 0.0011068541149696185, -0.0031238750397693444
flux1:, 0.9615384615384612, 0.001053039116581218, -0.003542788366055843
flux1:, 0.9682274247491636, 0.001092276168674112, -0.003924919752086367
flux1:, 0.9749163879598659, 0.0012819125727805449, -0.004236273017734754
flux1:, 0.9816053511705682, 0.0015727557302285867, -0.004471222906531694
flux1:, 0.9882943143812706, 0.0018508711928296347, -0.004690009628891772
flux1:, 0.9949832775919729, 0.0020582350884287095, -0.0049996791730589464
flux1:, 1.0016722408026753, 0.0022480830365816276, -0.005400926725663485
flux1:, 1.0083612040133776, 0.002415103963005322, -0.005828701049428299
flux1:, 1.01505016722408, 0.0025002852800502873, -0.006308610636385904
flux1:, 1.0217391304347823, 0.0026489307190601607, -0.006842211786098379
flux1:, 1.0284280936454846, 0.0030343009122409553, -0.007348826038957955
flux1:, 1.035117056856187, 0.0034515607051239824, -0.00790718900775212
flux1:, 1.0418060200668893, 0.003641903338844289, -0.008647372883369898
flux1:, 1.0484949832775916, 0.003825513125627417, -0.009342037346827163
flux1:, 1.055183946488294, 0.004354726429244533, -0.009683663445887272
flux1:, 1.0618729096989963, 0.005161679269876929, -0.009896146930093929
flux1:, 1.0685618729096986, 0.005934167755755869, -0.010433514676508064
flux1:, 1.075250836120401, 0.006470157655458471, -0.011269938881671474
flux1:, 1.0819397993311033, 0.006784562852219493, -0.012058591221500528
flux1:, 1.0886287625418056, 0.0071848922643884434, -0.012666244701386921
flux1:, 1.095317725752508, 0.008001049819677185, -0.01311571138884778
flux1:, 1.1020066889632103, 0.009082664596000578, -0.01344002214981119
flux1:, 1.1086956521739126, 0.010022729923975654, -0.013857144551125048
flux1:, 1.115384615384615, 0.01082946502438956, -0.014546810535099092
flux1:, 1.1220735785953173, 0.011864958860717041, -0.015203469390099133
flux1:, 1.1287625418060196, 0.013283597017324057, -0.015487833855105722
flux1:, 1.135451505016722, 0.01485736303972553, -0.01575021535602498
flux1:, 1.1421404682274243, 0.016196470718514024, -0.016503573492486795
flux1:, 1.1488294314381267, 0.017143208734209974, -0.017588222759105755
flux1:, 1.155518394648829, 0.01799324218395043, -0.018651801625760706
flux1:, 1.1622073578595313, 0.019112298425503393, -0.019698169598844253
flux1:, 1.1688963210702337, 0.020596785844790348, -0.020519622423321643
flux1:, 1.175585284280936, 0.022531762958184674, -0.020753432386132833
flux1:, 1.1822742474916383, 0.024864256921293307, -0.02086631076527005
flux1:, 1.1889632107023407, 0.026975450302967892, -0.021667984663414627
flux1:, 1.195652173913043, 0.02846715998192138, -0.02294248932312922
flux1:, 1.2023411371237454, 0.030058457498292782, -0.023946180308453968
flux1:, 1.2090301003344477, 0.032464717024759636, -0.02463331931374725
flux1:, 1.21571906354515, 0.03513376838910402, -0.025307132258786145
flux1:, 1.2224080267558524, 0.037225563987786287, -0.025929025065114762
flux1:, 1.2290969899665547, 0.038803829530248496, -0.026256906069285345
flux1:, 1.235785953177257, 0.04028892822202813, -0.02620798595553625
flux1:, 1.2424749163879594, 0.04184302668940615, -0.026500689587855338
flux1:, 1.2491638795986617, 0.043626864162371735, -0.028367168081041706
flux1:, 1.255852842809364, 0.045765317201928446, -0.03141619694094997
flux1:, 1.2625418060200664, 0.048066303029921105, -0.033763935310554986
flux1:, 1.2692307692307687, 0.05024222056407606, -0.035494248126812025
flux1:, 1.275919732441471, 0.05224511697826577, -0.03828033531834507
flux1:, 1.2826086956521734, 0.05430993423079778, -0.04125001380787152
flux1:, 1.2892976588628757, 0.05673028773618747, -0.04234732257717983
flux1:, 1.295986622073578, 0.059466349821731254, -0.042537285020776805
flux1:, 1.3026755852842804, 0.06213522533387785, -0.04342463216004879
flux1:, 1.3093645484949827, 0.06442622228705937, -0.04422065503983274
flux1:, 1.316053511705685, 0.06629556999863405, -0.04494735463386363
flux1:, 1.3227424749163874, 0.06810057655215304, -0.0469714130455961
flux1:, 1.3294314381270897, 0.07047371459300986, -0.04920830239104834
flux1:, 1.336120401337792, 0.07320913181776315, -0.05050525629165388
flux1:, 1.3428093645484944, 0.07511826327514488, -0.05316722528900982
flux1:, 1.3494983277591968, 0.07622597527155069, -0.057906748418095226
flux1:, 1.356187290969899, 0.0781554211471348, -0.06151812294879639
flux1:, 1.3628762541806014, 0.08109256082978808, -0.06342207118939591
flux1:, 1.3695652173913038, 0.0834005926036301, -0.06599101574789491
flux1:, 1.376254180602006, 0.08494944377627464, -0.06842073297762978
flux1:, 1.3829431438127084, 0.08716478205080268, -0.06919414940401432
flux1:, 1.3896321070234108, 0.09007415962085369, -0.07042603953523457
flux1:, 1.3963210702341131, 0.09281194743464245, -0.07283567247143483
flux1:, 1.4030100334448155, 0.0956273555510781, -0.07377059148293627
flux1:, 1.4096989966555178, 0.0989765750767065, -0.07314738300663946
flux1:, 1.4163879598662201, 0.10277774861565663, -0.0727966182687707
flux1:, 1.4230769230769225, 0.10694600815032014, -0.07187856499727993
flux1:, 1.4297658862876248, 0.11042732739878093, -0.07044741241864277
flux1:, 1.4364548494983271, 0.11178085773086878, -0.07152373400042877
flux1:, 1.4431438127090295, 0.11225532547355639, -0.07523663513010742
flux1:, 1.4498327759197318, 0.11412618532539141, -0.07875639664392987
flux1:, 1.4565217391304341, 0.1161153371960718, -0.08187585460372283
flux1:, 1.4632107023411365, 0.11600411490521961, -0.0853453707859214
flux1:, 1.4698996655518388, 0.11555925715538477, -0.08798910585452752
flux1:, 1.4765886287625412, 0.11697119614529584, -0.09005522691846057
flux1:, 1.4832775919732435, 0.11836976307230591, -0.09292766444031049
flux1:, 1.4899665551839458, 0.11774501464910798, -0.09533541611518213
flux1:, 1.4966555183946482, 0.11630948694467165, -0.09637257661627374
flux1:, 1.5033444816053505, 0.11522467255496407, -0.09820509843370959
flux1:, 1.5100334448160528, 0.11430537033513304, -0.10132768520715023
flux1:, 1.5167224080267552, 0.11437308679533142, -0.10367599754312341
flux1:, 1.5234113712374575, 0.11613675231514178, -0.10516099380944247
flux1:, 1.5301003344481598, 0.11807535679849146, -0.10633420385781017
flux1:, 1.5367892976588622, 0.11866118493629016, -0.10598440226259508
flux1:, 1.5434782608695645, 0.11833586390007257, -0.10508965344576648
flux1:, 1.5501672240802669, 0.11792867346563643, -0.10668157954274514
flux1:, 1.5568561872909692, 0.11762599381889174, -0.10978880996969986
flux1:, 1.5635451505016715, 0.11733816859590082, -0.11124905562837693
flux1:, 1.5702341137123739, 0.11641641904449918, -0.11220745098754915
flux1:, 1.5769230769230762, 0.11431082391093837, -0.1152096337831468
flux1:, 1.5836120401337785, 0.11194970419830709, -0.11822391658484686
flux1:, 1.5903010033444809, 0.11056238186441884, -0.11797478208254354
flux1:, 1.5969899665551832, 0.10963751254427866, -0.11568762762419176
flux1:, 1.6036789297658856, 0.10782886474663946, -0.11485570588835993
flux1:, 1.610367892976588, 0.10495427275985494, -0.11585378125911064
flux1:, 1.6170568561872902, 0.10198013793062909, -0.11645027865165361
flux1:, 1.6237458193979926, 0.09983745072520515, -0.11657162764656258
flux1:, 1.630434782608695, 0.09847541294442012, -0.11834696678148662
flux1:, 1.6371237458193972, 0.09675577824154578, -0.12096602000109596
flux1:, 1.6438127090300996, 0.09385631479859474, -0.12106443017503847
flux1:, 1.650501672240802, 0.09052897211690857, -0.11932214419090599
flux1:, 1.6571906354515042, 0.0879273005058914, -0.11966914508219198
flux1:, 1.6638795986622066, 0.08590562841941317, -0.12172366990348721
flux1:, 1.670568561872909, 0.08360228626720725, -0.12215342775184924
flux1:, 1.6772575250836113, 0.08068694814760974, -0.12186014575837288
flux1:, 1.6839464882943136, 0.0770340055194746, -0.12346540155835378
flux1:, 1.690635451505016, 0.07232903293337407, -0.12532879348277123
flux1:, 1.6973244147157183, 0.06697745921785107, -0.12516574848282927
flux1:, 1.7040133779264206, 0.06239400222561406, -0.12432546215110711
flux1:, 1.710702341137123, 0.05939128937613171, -0.1237146439050239
flux1:, 1.7173913043478253, 0.05699249652035178, -0.12176116785971634
flux1:, 1.7240802675585276, 0.053810634596190905, -0.11885650511984627
flux1:, 1.73076923076923, 0.049965620628342824, -0.1176475341167343
flux1:, 1.7374581939799323, 0.046505852623323664, -0.1182928864255825
flux1:, 1.7441471571906346, 0.043577398485106396, -0.11849495771276058
flux1:, 1.750836120401337, 0.0405355674977195, -0.11761099003875222
flux1:, 1.7575250836120393, 0.03729534423338656, -0.11683552243541542
flux1:, 1.7642140468227416, 0.0341738817820036, -0.11637121479351238
flux1:, 1.770903010033444, 0.030929877023565148, -0.11556207455940987
flux1:, 1.7775919732441463, 0.027209727583844767, -0.11494292731985568
flux1:, 1.7842809364548486, 0.023474131695835343, -0.11523912056025243
flux1:, 1.790969899665551, 0.020514637078782663, -0.11499420631760313
flux1:, 1.7976588628762533, 0.018419943215436, -0.11239034731660764
flux1:, 1.8043478260869557, 0.01665059187967876, -0.1087269665743392
flux1:, 1.811036789297658, 0.014854752456787482, -0.10651621138222168
flux1:, 1.8177257525083603, 0.013163090235811286, -0.10530331761514936
flux1:, 1.8244147157190627, 0.01175518741969015, -0.10305661230092795
flux1:, 1.831103678929765, 0.0104956937147643, -0.09981249422753817
flux1:, 1.8377926421404673, 0.00923163343154971, -0.09670818838444441
flux1:, 1.8444816053511697, 0.008225718622596658, -0.0937652868361773
flux1:, 1.851170568561872, 0.007856158470812176, -0.09063446062009975
flux1:, 1.8578595317725743, 0.007988689098192185, -0.08709576435237537
flux1:, 1.8645484949832767, 0.00813644284715764, -0.08256511131251743
flux1:, 1.871237458193979, 0.00815080825984493, -0.07727814388792018
flux1:, 1.8779264214046814, 0.008221534848665635, -0.07271034969016131
flux1:, 1.8846153846153837, 0.008295054328230857, -0.06939801663473533
flux1:, 1.891304347826086, 0.008103893916775358, -0.06645504023693379
flux1:, 1.8979933110367884, 0.0077480751615452755, -0.06354746491047741
flux1:, 1.9046822742474907, 0.007656205429142677, -0.06094224072912447
flux1:, 1.911371237458193, 0.007963583222571187, -0.058141851131650366
flux1:, 1.9180602006688954, 0.00843461443417433, -0.05448548946659584
flux1:, 1.9247491638795977, 0.00890330132455347, -0.050324994307202255
flux1:, 1.9314381270903, 0.009309901986822359, -0.046585603665359056
flux1:, 1.9381270903010024, 0.009514508404186507, -0.04378459619161777
flux1:, 1.9448160535117047, 0.00951831909081558, -0.041556872589046
flux1:, 1.951505016722407, 0.009579281677715056, -0.03903023614856267
flux1:, 1.9581939799331094, 0.009803415553212782, -0.036044620800290264
flux1:, 1.9648829431438117, 0.010000447170540197, -0.03332506895405437
flux1:, 1.971571906354514, 0.010060406322783965, -0.03107569610845279
flux1:, 1.9782608695652164, 0.0100201200559, -0.02879651772101779
flux1:, 1.9849498327759187, 0.009814395355032667, -0.02657953945856282
flux1:, 1.991638795986621, 0.009419614066082774, -0.024930486936142037
flux1:, 1.9983277591973234, 0.009059493681821306, -0.023652920514884688
flux1:, 2.0050167224080258, 0.008901848212811541, -0.022283576010230014
flux1:, 2.011705685618728, 0.008822028540071624, -0.02085811849425774
flux1:, 2.0183946488294304, 0.008680115189977348, -0.019466873660961413
flux1:, 2.0250836120401328, 0.008501893434225817, -0.018028615481103325
flux1:, 2.031772575250835, 0.00829790572828173, -0.016653603316623352
flux1:, 2.0384615384615374, 0.008023743371457318, -0.015421776396457159
flux1:, 2.0451505016722398, 0.007721139754408672, -0.014161413176467392
flux1:, 2.051839464882942, 0.007453661730594055, -0.012853153384055602
flux1:, 2.0585284280936444, 0.007169812769964465, -0.011659663385414035
flux1:, 2.065217391304347, 0.006802906736827592, -0.01059666936244952
flux1:, 2.071906354515049, 0.006411370400643819, -0.009677584467081302
flux1:, 2.0785953177257515, 0.0060911020039996705, -0.008991357426344786
flux1:, 2.085284280936454, 0.005828252250688712, -0.008418172341585473
flux1:, 2.091973244147156, 0.005540712117676707, -0.007784628213358225
flux1:, 2.0986622073578585, 0.005212092368073829, -0.007179445740202951
flux1:, 2.105351170568561, 0.004893297305636006, -0.006694294719916836
flux1:, 2.112040133779263, 0.004606698045438476, -0.006225127416950255
flux1:, 2.1187290969899655, 0.004335527288532566, -0.005734513167684759
flux1:, 2.125418060200668, 0.004077219953833806, -0.005280688875301541
flux1:, 2.13210702341137, 0.003834418736981199, -0.00483587724870231
flux1:, 2.1387959866220725, 0.0035931700333408857, -0.004398740514665803
flux1:, 2.145484949832775, 0.0033543296613822715, -0.004053195919500469
flux1:, 2.152173913043477, 0.0031325347432387737, -0.0037770116569881347
flux1:, 2.1588628762541795, 0.0029172258663262922, -0.0034743772007331986
flux1:, 2.165551839464882, 0.002695315924052886, -0.003158078032652652
flux1:, 2.172240802675584, 0.0024844451141067757, -0.002885128016290077
flux1:, 2.1789297658862865, 0.0022950422665978226, -0.0026516526087199048
flux1:, 2.185618729096989, 0.0021134744787174612, -0.0024393739585364576
flux1:, 2.192307692307691, 0.001943619119392937, -0.00223224763140929
flux1:, 2.1989966555183935, 0.001798388058954692, -0.002020302550819334
flux1:, 2.205685618729096, 0.0016610208012283578, -0.001839978652154196
flux1:, 2.212374581939798, 0.0015169173132191394, -0.0017122409288373142
flux1:, 2.2190635451505005, 0.001386496196128448, -0.0015877254891848206
flux1:, 2.225752508361203, 0.001282041135533512, -0.0014428498105880946
flux1:, 2.232441471571905, 0.001183542301397575, -0.0013129220838640815
flux1:, 2.2391304347826075, 0.0010798249677791488, -0.0012012799732759852
flux1:, 2.24581939799331, 9.826142568981114e-4, -0.0010877344388908455
flux1:, 2.252508361204012, 8.961738340923194e-4, -9.86225442394156e-4
flux1:, 2.2591973244147145, 8.128620918870804e-4, -9.031968481166789e-4
flux1:, 2.265886287625417, 7.322833535386157e-4, -8.224215496177327e-4
flux1:, 2.272575250836119, 6.606413154191074e-4, -7.506286980734751e-4
flux1:, 2.2792642140468216, 5.989153602281459e-4, -6.938851465530071e-4
flux1:, 2.285953177257524, 5.425215331980277e-4, -6.333257102329731e-4
flux1:, 2.2926421404682262, 4.889822567675787e-4, -5.709003308017642e-4
flux1:, 2.2993311036789286, 4.410518361600651e-4, -5.23343123372846e-4
flux1:, 2.306020066889631, 3.9971713941619024e-4, -4.792092989728399e-4
flux1:, 2.3127090301003332, 3.598875457068422e-4, -4.3034239093426896e-4
flux1:, 2.3193979933110356, 3.200491400156673e-4, -3.9257853116076775e-4
flux1:, 2.326086956521738, 2.861460544293764e-4, -3.6273047539909e-4
flux1:, 2.3327759197324403, 2.589479628717085e-4, -3.253257890843418e-4
flux1:, 2.3394648829431426, 2.3193327215474243e-4, -2.9020216239358755e-4
flux1:, 2.346153846153845, 2.044740412320149e-4, -2.6650395728535295e-4
flux1:, 2.3528428093645473, 1.8110693607295195e-4, -2.4332657355359652e-4
flux1:, 2.3595317725752496, 1.6075617950102536e-4, -2.1996862392911098e-4
flux1:, 2.366220735785952, 1.4055524719235865e-4, -2.0279529781057587e-4
flux1:, 2.3729096989966543, 1.226656324009018e-4, -1.8397557967274073e-4
flux1:, 2.3795986622073566, 1.0865972732548992e-4, -1.6177682818328373e-4
flux1:, 2.386287625418059, 9.656930298449301e-5, -1.46791329947518e-4
flux1:, 2.3929765886287613, 8.569725612813989e-5, -1.3642337169807268e-4
flux1:, 2.3996655518394636, 7.614205302937645e-5, -1.2245337961172098e-4
flux1:, 2.406354515050166, 6.653595813554112e-5, -1.0972886014821766e-4
flux1:, 2.4130434782608683, 5.708454735391767e-5, -1.0080823475681422e-4
flux1:, 2.4197324414715706, 4.9439048161140026e-5, -9.034349832579126e-5
flux1:, 2.426421404682273, 4.301337689190229e-5, -8.041558855922473e-5
flux1:, 2.4331103678929753, 3.6724689936259324e-5, -7.414330740698237e-5
flux1:, 2.4397993311036776, 3.150023784618897e-5, -6.687220307589629e-5
flux1:, 2.44648829431438, 2.7607656457147672e-5, -5.857088387142176e-5
flux1:, 2.4531772575250823, 2.387470930315106e-5, -5.3404473805082766e-5
flux1:, 2.4598662207357846, 2.037954834422103e-5, -4.848687190165892e-5
flux1:, 2.466555183946487, 1.7798635113900434e-5, -4.193275567848965e-5
flux1:, 2.4732441471571893, 1.5488259374289612e-5, -3.794244619284399e-5
flux1:, 2.4799331103678917, 1.2980862328827942e-5, -3.5614688843914426e-5
flux1:, 2.486622073578594, 1.0892829390823234e-5, -3.12132396680303e-5
flux1:, 2.4933110367892963, 9.301291783173955e-6, -2.741684227598458e-5
flux1:, 2.4999999999999987, 7.704136037854446e-6, -2.587056512602549e-5

Elapsed run time = 1414.03 s
