--------------------------------------------------------------------------
[[10059,1],0]: A high-performance Open MPI point-to-point messaging module
was unable to find any relevant network interfaces:

Module: OpenFabrics (openib)
  Host: euca-128-84-11-54

Another transport will be used instead, although this may result in
lower performance.
--------------------------------------------------------------------------
Using MPI version 3.0, 2 processes
command-line param: no-struct=false
command-line param: no-holes=false
command-line param: rodpos=".3/rodpos.txt"
-----------
Initializing structure...
Working in 3D dimensions.
Computational cell is 4 x 4 x 5 with resolution 40
     block, center = (0,0,0)
          size (1e+20,1e+20,0.15)
          axes (1,0,0), (0,1,0), (0,0,1)
          dielectric constant epsilon diagonal = (12,12,12)
     cylinder, center = (0.285,3.996,0)
          radius 0.3, height 0.15, axis (0, 0, 1)
          dielectric constant epsilon diagonal = (1,1,1)
     cylinder, center = (2.123,2.769,0)
          radius 0.3, height 0.15, axis (0, 0, 1)
          dielectric constant epsilon diagonal = (1,1,1)
     cylinder, center = (1.498,2.403,0)
          radius 0.3, height 0.15, axis (0, 0, 1)
          dielectric constant epsilon diagonal = (1,1,1)
     cylinder, center = (1.325,3.105,0)
          radius 0.3, height 0.15, axis (0, 0, 1)
          dielectric constant epsilon diagonal = (1,1,1)
     cylinder, center = (3.07,0.434,0)
          radius 0.3, height 0.15, axis (0, 0, 1)
          dielectric constant epsilon diagonal = (1,1,1)
     cylinder, center = (3.752,1.133,0)
          radius 0.3, height 0.15, axis (0, 0, 1)
          dielectric constant epsilon diagonal = (1,1,1)
     cylinder, center = (3.591,1.781,0)
          radius 0.3, height 0.15, axis (0, 0, 1)
          dielectric constant epsilon diagonal = (1,1,1)
     cylinder, center = (0.573,1.738,0)
          radius 0.3, height 0.15, axis (0, 0, 1)
          dielectric constant epsilon diagonal = (1,1,1)
     cylinder, center = (0.392,3.345,0)
          radius 0.3, height 0.15, axis (0, 0, 1)
          dielectric constant epsilon diagonal = (1,1,1)
     cylinder, center = (2.339,0.273,0)
          radius 0.3, height 0.15, axis (0, 0, 1)
          dielectric constant epsilon diagonal = (1,1,1)
     cylinder, center = (2.43,3.613,0)
          radius 0.3, height 0.15, axis (0, 0, 1)
          dielectric constant epsilon diagonal = (1,1,1)
     cylinder, center = (2.578,2.352,0)
          radius 0.3, height 0.15, axis (0, 0, 1)
          dielectric constant epsilon diagonal = (1,1,1)
     cylinder, center = (1.681,3.927,0)
          radius 0.3, height 0.15, axis (0, 0, 1)
          dielectric constant epsilon diagonal = (1,1,1)
     cylinder, center = (3.752,0.437,0)
          radius 0.3, height 0.15, axis (0, 0, 1)
          dielectric constant epsilon diagonal = (1,1,1)
     cylinder, center = (1.686,0.874,0)
          radius 0.3, height 0.15, axis (0, 0, 1)
          dielectric constant epsilon diagonal = (1,1,1)
     cylinder, center = (3.706,3.895,0)
          radius 0.3, height 0.15, axis (0, 0, 1)
          dielectric constant epsilon diagonal = (1,1,1)
     cylinder, center = (0.958,1.147,0)
          radius 0.3, height 0.15, axis (0, 0, 1)
          dielectric constant epsilon diagonal = (1,1,1)
subpixel-averaging is 87.8952% done, 0.551189 s remaining
subpixel-averaging is 87.7023% done, 0.561003 s remaining
subpixel-averaging is 87.8952% done, 0.551015 s remaining
time for set_epsilon = 22.7062 s
time for set_conductivity = 1.11145 s
time for set_conductivity = 1.10797 s
time for set_conductivity = 1.11156 s
-----------
Meep progress: 0.0125/50.0 = 0.0% done in 5.6s, 22267.6s to go
on time step 1 (time=0.0125), 5.56894 s/step
Meep progress: 0.15000000000000002/50.0 = 0.3% done in 9.7s, 3214.3s to go
on time step 12 (time=0.15), 0.373039 s/step
Meep progress: 0.28750000000000003/50.0 = 0.6% done in 14.0s, 2421.6s to go
on time step 23 (time=0.2875), 0.393886 s/step
Meep progress: 0.4375/50.0 = 0.9% done in 18.3s, 2072.4s to go
on time step 35 (time=0.4375), 0.357397 s/step
Meep progress: 0.5875/50.0 = 1.2% done in 22.4s, 1885.3s to go
on time step 47 (time=0.5875), 0.343506 s/step
Meep progress: 0.7375/50.0 = 1.5% done in 26.7s, 1782.8s to go
on time step 59 (time=0.7375), 0.356198 s/step
Meep progress: 0.8625/50.0 = 1.7% done in 31.0s, 1766.6s to go
on time step 69 (time=0.8625), 0.431841 s/step
Meep progress: 0.9875/50.0 = 2.0% done in 35.3s, 1753.9s to go
on time step 79 (time=0.9875), 0.432915 s/step
Meep progress: 1.1375/50.0 = 2.3% done in 39.4s, 1694.2s to go
on time step 91 (time=1.1375), 0.341871 s/step
Meep progress: 1.3/50.0 = 2.6% done in 43.7s, 1636.8s to go
on time step 104 (time=1.3), 0.327076 s/step
Meep progress: 1.4625000000000001/50.0 = 2.9% done in 48.0s, 1592.9s to go
on time step 117 (time=1.4625), 0.331104 s/step
Meep progress: 1.6125/50.0 = 3.2% done in 52.1s, 1563.1s to go
on time step 129 (time=1.6125), 0.341056 s/step
Meep progress: 1.7625000000000002/50.0 = 3.5% done in 56.1s, 1535.5s to go
on time step 141 (time=1.7625), 0.33469 s/step
Meep progress: 1.925/50.0 = 3.8% done in 60.4s, 1508.5s to go
on time step 154 (time=1.925), 0.330533 s/step
Meep progress: 2.0875/50.0 = 4.2% done in 64.7s, 1485.0s to go
on time step 167 (time=2.0875), 0.330647 s/step
Meep progress: 2.25/50.0 = 4.5% done in 69.0s, 1464.1s to go
on time step 180 (time=2.25), 0.329655 s/step
Meep progress: 2.4125/50.0 = 4.8% done in 73.3s, 1445.2s to go
on time step 193 (time=2.4125), 0.329256 s/step
Meep progress: 2.575/50.0 = 5.2% done in 77.5s, 1427.7s to go
on time step 206 (time=2.575), 0.326844 s/step
Meep progress: 2.7375000000000003/50.0 = 5.5% done in 81.8s, 1412.1s to go
on time step 219 (time=2.7375), 0.329007 s/step
Meep progress: 2.8875/50.0 = 5.8% done in 85.8s, 1399.9s to go
on time step 231 (time=2.8875), 0.333669 s/step
Meep progress: 3.0500000000000003/50.0 = 6.1% done in 90.1s, 1387.0s to go
on time step 244 (time=3.05), 0.331375 s/step
Meep progress: 3.2125000000000004/50.0 = 6.4% done in 94.4s, 1374.9s to go
on time step 257 (time=3.2125), 0.330484 s/step
Meep progress: 3.375/50.0 = 6.8% done in 98.7s, 1363.2s to go
on time step 270 (time=3.375), 0.32863 s/step
Meep progress: 3.5375/50.0 = 7.1% done in 103.0s, 1352.6s to go
on time step 283 (time=3.5375), 0.331222 s/step
Meep progress: 3.6875/50.0 = 7.4% done in 107.2s, 1346.4s to go
on time step 295 (time=3.6875), 0.352052 s/step
Meep progress: 3.8375000000000004/50.0 = 7.7% done in 111.5s, 1341.7s to go
on time step 307 (time=3.8375), 0.360653 s/step
Meep progress: 3.975/50.0 = 8.0% done in 115.6s, 1338.1s to go
on time step 318 (time=3.975), 0.366633 s/step
Meep progress: 4.1375/50.0 = 8.3% done in 119.9s, 1328.9s to go
on time step 331 (time=4.1375), 0.332141 s/step
Meep progress: 4.3/50.0 = 8.6% done in 124.2s, 1319.8s to go
on time step 344 (time=4.3), 0.330645 s/step
Meep progress: 4.45/50.0 = 8.9% done in 128.2s, 1312.3s to go
on time step 356 (time=4.45), 0.335523 s/step
Meep progress: 4.6125/50.0 = 9.2% done in 132.5s, 1303.5s to go
on time step 369 (time=4.6125), 0.327345 s/step
Meep progress: 4.775/50.0 = 9.6% done in 136.7s, 1294.4s to go
on time step 382 (time=4.775), 0.32313 s/step
Meep progress: 4.925000000000001/50.0 = 9.9% done in 140.7s, 1288.0s to go
on time step 394 (time=4.925), 0.339092 s/step
Meep progress: 5.075/50.0 = 10.2% done in 144.8s, 1282.0s to go
on time step 406 (time=5.075), 0.341097 s/step
Meep progress: 5.2250000000000005/50.0 = 10.5% done in 149.0s, 1277.1s to go
on time step 418 (time=5.225), 0.350374 s/step
Meep progress: 5.362500000000001/50.0 = 10.7% done in 153.4s, 1276.5s to go
on time step 429 (time=5.3625), 0.393302 s/step
Meep progress: 5.5/50.0 = 11.0% done in 157.6s, 1274.9s to go
on time step 440 (time=5.5), 0.38363 s/step
Meep progress: 5.65/50.0 = 11.3% done in 161.6s, 1268.3s to go
on time step 452 (time=5.65), 0.333552 s/step
Meep progress: 5.8125/50.0 = 11.6% done in 165.8s, 1260.6s to go
on time step 465 (time=5.8125), 0.326181 s/step
Meep progress: 5.9625/50.0 = 11.9% done in 169.8s, 1254.4s to go
on time step 477 (time=5.9625), 0.334597 s/step
Meep progress: 6.125/50.0 = 12.2% done in 174.1s, 1246.9s to go
on time step 490 (time=6.125), 0.325087 s/step
Meep progress: 6.275/50.0 = 12.6% done in 178.2s, 1241.4s to go
on time step 502 (time=6.275), 0.34146 s/step
Meep progress: 6.4125000000000005/50.0 = 12.8% done in 182.4s, 1239.9s to go
on time step 513 (time=6.4125), 0.38649 s/step
Meep progress: 6.550000000000001/50.0 = 13.1% done in 186.6s, 1238.1s to go
on time step 524 (time=6.55), 0.384454 s/step
Meep progress: 6.7125/50.0 = 13.4% done in 191.0s, 1231.5s to go
on time step 537 (time=6.7125), 0.332736 s/step
Meep progress: 6.862500000000001/50.0 = 13.7% done in 195.0s, 1225.8s to go
on time step 549 (time=6.8625), 0.337085 s/step
Meep progress: 7.025/50.0 = 14.0% done in 199.2s, 1218.7s to go
on time step 562 (time=7.025), 0.324016 s/step
Meep progress: 7.175000000000001/50.0 = 14.4% done in 203.4s, 1213.9s to go
on time step 574 (time=7.175), 0.346298 s/step
Meep progress: 7.325/50.0 = 14.6% done in 207.5s, 1208.6s to go
on time step 586 (time=7.325), 0.339843 s/step
Meep progress: 7.4750000000000005/50.0 = 15.0% done in 211.5s, 1203.0s to go
on time step 598 (time=7.475), 0.334137 s/step
Meep progress: 7.6375/50.0 = 15.3% done in 215.8s, 1196.8s to go
on time step 611 (time=7.6375), 0.330534 s/step
Meep progress: 7.7875000000000005/50.0 = 15.6% done in 219.8s, 1191.7s to go
on time step 623 (time=7.7875), 0.340353 s/step
Meep progress: 7.95/50.0 = 15.9% done in 224.1s, 1185.5s to go
on time step 636 (time=7.95), 0.330062 s/step
Meep progress: 8.1/50.0 = 16.2% done in 228.1s, 1180.1s to go
on time step 648 (time=8.1), 0.333571 s/step
Meep progress: 8.262500000000001/50.0 = 16.5% done in 232.4s, 1174.0s to go
on time step 661 (time=8.2625), 0.328614 s/step
Meep progress: 8.4125/50.0 = 16.8% done in 236.6s, 1169.7s to go
on time step 673 (time=8.4125), 0.350374 s/step
Meep progress: 8.55/50.0 = 17.1% done in 241.0s, 1168.1s to go
on time step 684 (time=8.55), 0.39448 s/step
Meep progress: 8.6875/50.0 = 17.4% done in 245.3s, 1166.3s to go
on time step 695 (time=8.6875), 0.390556 s/step
Meep progress: 8.85/50.0 = 17.7% done in 249.5s, 1160.2s to go
on time step 708 (time=8.85), 0.328389 s/step
Meep progress: 9.0/50.0 = 18.0% done in 253.7s, 1155.8s to go
on time step 720 (time=9), 0.349242 s/step
Meep progress: 9.1625/50.0 = 18.3% done in 257.9s, 1149.6s to go
on time step 733 (time=9.1625), 0.3245 s/step
Meep progress: 9.3125/50.0 = 18.6% done in 262.0s, 1144.5s to go
on time step 745 (time=9.3125), 0.33494 s/step
Meep progress: 9.4625/50.0 = 18.9% done in 266.1s, 1139.8s to go
on time step 757 (time=9.4625), 0.343216 s/step
Meep progress: 9.600000000000001/50.0 = 19.2% done in 270.3s, 1137.7s to go
on time step 768 (time=9.6), 0.387939 s/step
Meep progress: 9.7375/50.0 = 19.5% done in 274.6s, 1135.5s to go
on time step 779 (time=9.7375), 0.389671 s/step
Meep progress: 9.875/50.0 = 19.8% done in 278.7s, 1132.5s to go
on time step 790 (time=9.875), 0.370993 s/step
Meep progress: 10.037500000000001/50.0 = 20.1% done in 283.0s, 1126.9s to go
on time step 803 (time=10.0375), 0.333593 s/step
Meep progress: 10.200000000000001/50.0 = 20.4% done in 287.3s, 1121.1s to go
on time step 816 (time=10.2), 0.328468 s/step
Meep progress: 10.350000000000001/50.0 = 20.7% done in 291.4s, 1116.2s to go
on time step 828 (time=10.35), 0.338643 s/step
Meep progress: 10.512500000000001/50.0 = 21.0% done in 295.7s, 1110.7s to go
on time step 841 (time=10.5125), 0.331493 s/step
Meep progress: 10.662500000000001/50.0 = 21.3% done in 299.8s, 1105.9s to go
on time step 853 (time=10.6625), 0.339717 s/step
Meep progress: 10.825000000000001/50.0 = 21.7% done in 304.0s, 1100.3s to go
on time step 866 (time=10.825), 0.329044 s/step
Meep progress: 10.9875/50.0 = 22.0% done in 308.3s, 1094.6s to go
on time step 879 (time=10.9875), 0.32563 s/step
Meep progress: 11.137500000000001/50.0 = 22.3% done in 312.3s, 1089.7s to go
on time step 891 (time=11.1375), 0.33611 s/step
Meep progress: 11.3/50.0 = 22.6% done in 316.6s, 1084.2s to go
on time step 904 (time=11.3), 0.327583 s/step
Meep progress: 11.4625/50.0 = 22.9% done in 320.8s, 1078.6s to go
on time step 917 (time=11.4625), 0.327138 s/step
Meep progress: 11.6125/50.0 = 23.2% done in 325.0s, 1074.4s to go
on time step 929 (time=11.6125), 0.348901 s/step
Meep progress: 11.762500000000001/50.0 = 23.5% done in 329.4s, 1070.9s to go
on time step 941 (time=11.7625), 0.367672 s/step
Meep progress: 11.887500000000001/50.0 = 23.8% done in 333.7s, 1069.9s to go
on time step 951 (time=11.8875), 0.430634 s/step
Meep progress: 12.025/50.0 = 24.0% done in 338.1s, 1067.8s to go
on time step 962 (time=12.025), 0.401617 s/step
Meep progress: 12.175/50.0 = 24.4% done in 342.2s, 1063.1s to go
on time step 974 (time=12.175), 0.338276 s/step
Meep progress: 12.3375/50.0 = 24.7% done in 346.4s, 1057.6s to go
on time step 987 (time=12.3375), 0.325963 s/step
Meep progress: 12.4875/50.0 = 25.0% done in 350.8s, 1053.8s to go
on time step 999 (time=12.4875), 0.363467 s/step
Meep progress: 12.625/50.0 = 25.2% done in 355.1s, 1051.2s to go
on time step 1010 (time=12.625), 0.391081 s/step
Meep progress: 12.775/50.0 = 25.6% done in 359.2s, 1046.7s to go
on time step 1022 (time=12.775), 0.342097 s/step
Meep progress: 12.9375/50.0 = 25.9% done in 363.4s, 1041.2s to go
on time step 1035 (time=12.9375), 0.325649 s/step
Meep progress: 13.100000000000001/50.0 = 26.2% done in 367.7s, 1035.6s to go
on time step 1048 (time=13.1), 0.324469 s/step
Meep progress: 13.262500000000001/50.0 = 26.5% done in 371.8s, 1030.0s to go
on time step 1061 (time=13.2625), 0.321871 s/step
Meep progress: 13.412500000000001/50.0 = 26.8% done in 375.9s, 1025.5s to go
on time step 1073 (time=13.4125), 0.339938 s/step
Meep progress: 13.575000000000001/50.0 = 27.2% done in 380.2s, 1020.3s to go
on time step 1086 (time=13.575), 0.331543 s/step
Meep progress: 13.7375/50.0 = 27.5% done in 384.5s, 1015.0s to go
on time step 1099 (time=13.7375), 0.329639 s/step
Meep progress: 13.875/50.0 = 27.8% done in 388.6s, 1011.7s to go
on time step 1110 (time=13.875), 0.36759 s/step
Meep progress: 14.0/50.0 = 28.0% done in 392.8s, 1010.1s to go
on time step 1120 (time=14), 0.425888 s/step
Meep progress: 14.125/50.0 = 28.2% done in 396.9s, 1008.0s to go
on time step 1130 (time=14.125), 0.406909 s/step
Meep progress: 14.287500000000001/50.0 = 28.6% done in 401.1s, 1002.5s to go
on time step 1143 (time=14.2875), 0.321867 s/step
Meep progress: 14.4375/50.0 = 28.9% done in 405.3s, 998.3s to go
on time step 1155 (time=14.4375), 0.351578 s/step
Meep progress: 14.600000000000001/50.0 = 29.2% done in 409.5s, 992.8s to go
on time step 1168 (time=14.6), 0.320079 s/step
Meep progress: 14.762500000000001/50.0 = 29.5% done in 413.8s, 987.8s to go
on time step 1181 (time=14.7625), 0.335333 s/step
Meep progress: 14.912500000000001/50.0 = 29.8% done in 418.1s, 983.7s to go
on time step 1193 (time=14.9125), 0.355282 s/step
Meep progress: 15.05/50.0 = 30.1% done in 422.4s, 980.8s to go
on time step 1204 (time=15.05), 0.389537 s/step
Meep progress: 15.1875/50.0 = 30.4% done in 426.5s, 977.6s to go
on time step 1215 (time=15.1875), 0.37525 s/step
Meep progress: 15.350000000000001/50.0 = 30.7% done in 430.8s, 972.5s to go
on time step 1228 (time=15.35), 0.332362 s/step
Meep progress: 15.512500000000001/50.0 = 31.0% done in 435.1s, 967.4s to go
on time step 1241 (time=15.5125), 0.331333 s/step
Meep progress: 15.662500000000001/50.0 = 31.3% done in 439.1s, 962.7s to go
on time step 1253 (time=15.6625), 0.333832 s/step
Meep progress: 15.825000000000001/50.0 = 31.6% done in 443.3s, 957.4s to go
on time step 1266 (time=15.825), 0.323447 s/step
Meep progress: 15.9875/50.0 = 32.0% done in 447.5s, 952.1s to go
on time step 1279 (time=15.9875), 0.322184 s/step
Meep progress: 16.150000000000002/50.0 = 32.3% done in 451.7s, 946.7s to go
on time step 1292 (time=16.15), 0.321442 s/step
Meep progress: 16.3125/50.0 = 32.6% done in 455.9s, 941.5s to go
on time step 1305 (time=16.3125), 0.325065 s/step
Meep progress: 16.475/50.0 = 33.0% done in 460.1s, 936.2s to go
on time step 1318 (time=16.475), 0.320344 s/step
Meep progress: 16.6375/50.0 = 33.3% done in 464.3s, 931.0s to go
on time step 1331 (time=16.6375), 0.323321 s/step
Meep progress: 16.8/50.0 = 33.6% done in 468.5s, 925.9s to go
on time step 1344 (time=16.8), 0.324454 s/step
Meep progress: 16.962500000000002/50.0 = 33.9% done in 472.8s, 920.9s to go
on time step 1357 (time=16.9625), 0.332334 s/step
Meep progress: 17.125/50.0 = 34.2% done in 477.1s, 916.0s to go
on time step 1370 (time=17.125), 0.331644 s/step
Meep progress: 17.2875/50.0 = 34.6% done in 481.4s, 910.9s to go
on time step 1383 (time=17.2875), 0.327544 s/step
Meep progress: 17.4375/50.0 = 34.9% done in 485.4s, 906.5s to go
on time step 1395 (time=17.4375), 0.334675 s/step
Meep progress: 17.587500000000002/50.0 = 35.2% done in 489.6s, 902.2s to go
on time step 1407 (time=17.5875), 0.346548 s/step
Meep progress: 17.725/50.0 = 35.4% done in 493.6s, 898.8s to go
on time step 1418 (time=17.725), 0.364891 s/step
Meep progress: 17.8875/50.0 = 35.8% done in 497.8s, 893.7s to go
on time step 1431 (time=17.8875), 0.326929 s/step
Meep progress: 18.0375/50.0 = 36.1% done in 501.9s, 889.4s to go
on time step 1443 (time=18.0375), 0.339 s/step
Meep progress: 18.1875/50.0 = 36.4% done in 506.0s, 885.1s to go
on time step 1455 (time=18.1875), 0.342486 s/step
Meep progress: 18.325/50.0 = 36.6% done in 510.5s, 882.4s to go
on time step 1466 (time=18.325), 0.405466 s/step
Meep progress: 18.45/50.0 = 36.9% done in 514.7s, 880.2s to go
on time step 1476 (time=18.45), 0.42417 s/step
Meep progress: 18.6125/50.0 = 37.2% done in 519.0s, 875.3s to go
on time step 1489 (time=18.6125), 0.331539 s/step
Meep progress: 18.775000000000002/50.0 = 37.6% done in 523.2s, 870.1s to go
on time step 1502 (time=18.775), 0.31958 s/step
Meep progress: 18.9375/50.0 = 37.9% done in 527.4s, 865.0s to go
on time step 1515 (time=18.9375), 0.32131 s/step
Meep progress: 19.1/50.0 = 38.2% done in 531.5s, 859.8s to go
on time step 1528 (time=19.1), 0.316798 s/step
Meep progress: 19.262500000000003/50.0 = 38.5% done in 535.7s, 854.8s to go
on time step 1541 (time=19.2625), 0.323476 s/step
Meep progress: 19.400000000000002/50.0 = 38.8% done in 539.9s, 851.5s to go
on time step 1552 (time=19.4), 0.380997 s/step
Meep progress: 19.5375/50.0 = 39.1% done in 544.1s, 848.4s to go
on time step 1563 (time=19.5375), 0.388428 s/step
Meep progress: 19.6875/50.0 = 39.4% done in 548.4s, 844.4s to go
on time step 1575 (time=19.6875), 0.356389 s/step
Meep progress: 19.85/50.0 = 39.7% done in 552.7s, 839.5s to go
on time step 1588 (time=19.85), 0.328886 s/step
Meep progress: 20.012500000000003/50.0 = 40.0% done in 557.0s, 834.6s to go
on time step 1601 (time=20.0125), 0.329741 s/step
Meep progress: 20.175/50.0 = 40.4% done in 561.3s, 829.7s to go
on time step 1614 (time=20.175), 0.329609 s/step
Meep progress: 20.337500000000002/50.0 = 40.7% done in 565.5s, 824.8s to go
on time step 1627 (time=20.3375), 0.326836 s/step
Meep progress: 20.475/50.0 = 41.0% done in 569.9s, 821.8s to go
on time step 1638 (time=20.475), 0.397188 s/step
Meep progress: 20.6/50.0 = 41.2% done in 574.2s, 819.5s to go
on time step 1648 (time=20.6), 0.430811 s/step
Meep progress: 20.7375/50.0 = 41.5% done in 578.3s, 816.0s to go
on time step 1659 (time=20.7375), 0.369166 s/step
Meep progress: 20.900000000000002/50.0 = 41.8% done in 582.5s, 811.1s to go
on time step 1672 (time=20.9), 0.328685 s/step
Meep progress: 21.0625/50.0 = 42.1% done in 586.8s, 806.2s to go
on time step 1685 (time=21.0625), 0.328653 s/step
Meep progress: 21.212500000000002/50.0 = 42.4% done in 590.8s, 801.8s to go
on time step 1697 (time=21.2125), 0.335825 s/step
Meep progress: 21.375/50.0 = 42.8% done in 595.1s, 796.9s to go
on time step 1710 (time=21.375), 0.324908 s/step
Meep progress: 21.525000000000002/50.0 = 43.1% done in 599.2s, 792.7s to go
on time step 1722 (time=21.525), 0.347321 s/step
Meep progress: 21.6875/50.0 = 43.4% done in 603.4s, 787.7s to go
on time step 1735 (time=21.6875), 0.318837 s/step
Meep progress: 21.85/50.0 = 43.7% done in 607.6s, 782.7s to go
on time step 1748 (time=21.85), 0.322932 s/step
Meep progress: 22.012500000000003/50.0 = 44.0% done in 611.8s, 777.9s to go
on time step 1761 (time=22.0125), 0.327529 s/step
Meep progress: 22.175/50.0 = 44.4% done in 615.9s, 772.9s to go
on time step 1774 (time=22.175), 0.316464 s/step
Meep progress: 22.337500000000002/50.0 = 44.7% done in 620.1s, 768.0s to go
on time step 1787 (time=22.3375), 0.323737 s/step
Meep progress: 22.4875/50.0 = 45.0% done in 624.2s, 763.7s to go
on time step 1799 (time=22.4875), 0.338058 s/step
Meep progress: 22.637500000000003/50.0 = 45.3% done in 628.4s, 759.6s to go
on time step 1811 (time=22.6375), 0.349713 s/step
Meep progress: 22.762500000000003/50.0 = 45.5% done in 632.7s, 757.1s to go
on time step 1821 (time=22.7625), 0.43148 s/step
Meep progress: 22.887500000000003/50.0 = 45.8% done in 636.8s, 754.3s to go
on time step 1831 (time=22.8875), 0.40535 s/step
Meep progress: 23.0375/50.0 = 46.1% done in 640.8s, 750.0s to go
on time step 1843 (time=23.0375), 0.339019 s/step
Meep progress: 23.1875/50.0 = 46.4% done in 644.9s, 745.8s to go
on time step 1855 (time=23.1875), 0.342253 s/step
Meep progress: 23.35/50.0 = 46.7% done in 649.2s, 741.0s to go
on time step 1868 (time=23.35), 0.328766 s/step
Meep progress: 23.5/50.0 = 47.0% done in 653.3s, 736.7s to go
on time step 1880 (time=23.5), 0.34305 s/step
Meep progress: 23.6625/50.0 = 47.3% done in 657.5s, 731.9s to go
on time step 1893 (time=23.6625), 0.323162 s/step
Meep progress: 23.825000000000003/50.0 = 47.7% done in 661.8s, 727.1s to go
on time step 1906 (time=23.825), 0.331903 s/step
Meep progress: 23.962500000000002/50.0 = 47.9% done in 666.1s, 723.7s to go
on time step 1917 (time=23.9625), 0.382983 s/step
Meep progress: 24.1/50.0 = 48.2% done in 670.3s, 720.4s to go
on time step 1928 (time=24.1), 0.384904 s/step
Meep progress: 24.2375/50.0 = 48.5% done in 674.6s, 717.1s to go
on time step 1939 (time=24.2375), 0.393391 s/step
Meep progress: 24.3625/50.0 = 48.7% done in 678.9s, 714.4s to go
on time step 1949 (time=24.3625), 0.429129 s/step
Meep progress: 24.5/50.0 = 49.0% done in 683.2s, 711.1s to go
on time step 1960 (time=24.5), 0.388528 s/step
Meep progress: 24.6625/50.0 = 49.3% done in 687.4s, 706.2s to go
on time step 1973 (time=24.6625), 0.323617 s/step
Meep progress: 24.8125/50.0 = 49.6% done in 691.4s, 701.9s to go
on time step 1985 (time=24.8125), 0.336127 s/step
Meep progress: 24.962500000000002/50.0 = 49.9% done in 695.5s, 697.6s to go
on time step 1997 (time=24.9625), 0.337555 s/step
Meep progress: 25.1125/50.0 = 50.2% done in 699.7s, 693.4s to go
on time step 2009 (time=25.1125), 0.348569 s/step
Meep progress: 25.275000000000002/50.0 = 50.6% done in 703.8s, 688.5s to go
on time step 2022 (time=25.275), 0.321462 s/step
Meep progress: 25.4375/50.0 = 50.9% done in 708.2s, 683.8s to go
on time step 2035 (time=25.4375), 0.331696 s/step
Meep progress: 25.6/50.0 = 51.2% done in 712.4s, 679.0s to go
on time step 2048 (time=25.6), 0.326176 s/step
Meep progress: 25.75/50.0 = 51.5% done in 716.6s, 674.8s to go
on time step 2060 (time=25.75), 0.348456 s/step
Meep progress: 25.9125/50.0 = 51.8% done in 720.8s, 670.0s to go
on time step 2073 (time=25.9125), 0.322809 s/step
Meep progress: 26.075000000000003/50.0 = 52.2% done in 725.1s, 665.3s to go
on time step 2086 (time=26.075), 0.331421 s/step
Meep progress: 26.225/50.0 = 52.4% done in 729.2s, 661.0s to go
on time step 2098 (time=26.225), 0.340705 s/step
Meep progress: 26.35/50.0 = 52.7% done in 733.3s, 658.2s to go
on time step 2108 (time=26.35), 0.416584 s/step
Meep progress: 26.512500000000003/50.0 = 53.0% done in 737.5s, 653.3s to go
on time step 2121 (time=26.5125), 0.318193 s/step
Meep progress: 26.675/50.0 = 53.4% done in 741.6s, 648.5s to go
on time step 2134 (time=26.675), 0.319089 s/step
Meep progress: 26.837500000000002/50.0 = 53.7% done in 745.8s, 643.7s to go
on time step 2147 (time=26.8375), 0.324607 s/step
Meep progress: 26.975/50.0 = 54.0% done in 749.9s, 640.1s to go
on time step 2158 (time=26.975), 0.367632 s/step
Meep progress: 27.1/50.0 = 54.2% done in 754.1s, 637.2s to go
on time step 2168 (time=27.1), 0.42302 s/step
Meep progress: 27.25/50.0 = 54.5% done in 758.3s, 633.1s to go
on time step 2180 (time=27.25), 0.349401 s/step
Meep progress: 27.4125/50.0 = 54.8% done in 762.5s, 628.3s to go
on time step 2193 (time=27.4125), 0.320456 s/step
Meep progress: 27.575000000000003/50.0 = 55.2% done in 766.7s, 623.5s to go
on time step 2206 (time=27.575), 0.323795 s/step
Meep progress: 27.7375/50.0 = 55.5% done in 771.0s, 618.8s to go
on time step 2219 (time=27.7375), 0.329077 s/step
Meep progress: 27.900000000000002/50.0 = 55.8% done in 775.2s, 614.0s to go
on time step 2232 (time=27.9), 0.322857 s/step
Meep progress: 28.0625/50.0 = 56.1% done in 779.4s, 609.3s to go
on time step 2245 (time=28.0625), 0.324321 s/step
Meep progress: 28.212500000000002/50.0 = 56.4% done in 783.5s, 605.0s to go
on time step 2257 (time=28.2125), 0.340769 s/step
Meep progress: 28.3625/50.0 = 56.7% done in 787.8s, 601.0s to go
on time step 2269 (time=28.3625), 0.357246 s/step
Meep progress: 28.525000000000002/50.0 = 57.0% done in 792.0s, 596.3s to go
on time step 2282 (time=28.525), 0.32857 s/step
Meep progress: 28.675/50.0 = 57.4% done in 796.1s, 592.1s to go
on time step 2294 (time=28.675), 0.341169 s/step
Meep progress: 28.837500000000002/50.0 = 57.7% done in 800.4s, 587.4s to go
on time step 2307 (time=28.8375), 0.327032 s/step
Meep progress: 29.0/50.0 = 58.0% done in 804.6s, 582.6s to go
on time step 2320 (time=29), 0.325971 s/step
Meep progress: 29.1625/50.0 = 58.3% done in 808.9s, 578.0s to go
on time step 2333 (time=29.1625), 0.329527 s/step
Meep progress: 29.3125/50.0 = 58.6% done in 812.9s, 573.7s to go
on time step 2345 (time=29.3125), 0.333396 s/step
Meep progress: 29.450000000000003/50.0 = 58.9% done in 817.2s, 570.2s to go
on time step 2356 (time=29.45), 0.38783 s/step
Meep progress: 29.587500000000002/50.0 = 59.2% done in 821.4s, 566.7s to go
on time step 2367 (time=29.5875), 0.388926 s/step
Meep progress: 29.75/50.0 = 59.5% done in 825.6s, 562.0s to go
on time step 2380 (time=29.75), 0.319053 s/step
Meep progress: 29.900000000000002/50.0 = 59.8% done in 829.8s, 557.8s to go
on time step 2392 (time=29.9), 0.350271 s/step
Meep progress: 30.0625/50.0 = 60.1% done in 834.0s, 553.1s to go
on time step 2405 (time=30.0625), 0.322531 s/step
Meep progress: 30.212500000000002/50.0 = 60.4% done in 838.0s, 548.8s to go
on time step 2417 (time=30.2125), 0.334474 s/step
Meep progress: 30.35/50.0 = 60.7% done in 842.3s, 545.3s to go
on time step 2428 (time=30.35), 0.38806 s/step
Meep progress: 30.4875/50.0 = 61.0% done in 846.5s, 541.8s to go
on time step 2439 (time=30.4875), 0.382769 s/step
Meep progress: 30.650000000000002/50.0 = 61.3% done in 850.7s, 537.1s to go
on time step 2452 (time=30.65), 0.32758 s/step
Meep progress: 30.8/50.0 = 61.6% done in 854.9s, 532.9s to go
on time step 2464 (time=30.8), 0.345512 s/step
Meep progress: 30.962500000000002/50.0 = 61.9% done in 859.1s, 528.2s to go
on time step 2477 (time=30.9625), 0.321635 s/step
Meep progress: 31.125/50.0 = 62.2% done in 863.3s, 523.5s to go
on time step 2490 (time=31.125), 0.326566 s/step
Meep progress: 31.275000000000002/50.0 = 62.6% done in 867.5s, 519.4s to go
on time step 2502 (time=31.275), 0.35117 s/step
Meep progress: 31.4125/50.0 = 62.8% done in 871.8s, 515.9s to go
on time step 2513 (time=31.4125), 0.392976 s/step
Meep progress: 31.55/50.0 = 63.1% done in 876.1s, 512.3s to go
on time step 2524 (time=31.55), 0.386602 s/step
Meep progress: 31.6875/50.0 = 63.4% done in 880.3s, 508.7s to go
on time step 2535 (time=31.6875), 0.38182 s/step
Meep progress: 31.8125/50.0 = 63.6% done in 884.6s, 505.7s to go
on time step 2545 (time=31.8125), 0.428998 s/step
Meep progress: 31.962500000000002/50.0 = 63.9% done in 888.8s, 501.6s to go
on time step 2557 (time=31.9625), 0.355251 s/step
Meep progress: 32.125/50.0 = 64.2% done in 893.2s, 497.0s to go
on time step 2570 (time=32.125), 0.332464 s/step
Meep progress: 32.2625/50.0 = 64.5% done in 897.2s, 493.3s to go
on time step 2581 (time=32.2625), 0.369641 s/step
Meep progress: 32.4125/50.0 = 64.8% done in 901.4s, 489.1s to go
on time step 2593 (time=32.4125), 0.345116 s/step
Meep progress: 32.575/50.0 = 65.2% done in 905.7s, 484.5s to go
on time step 2606 (time=32.575), 0.330779 s/step
Meep progress: 32.737500000000004/50.0 = 65.5% done in 909.8s, 479.8s to go
on time step 2619 (time=32.7375), 0.319822 s/step
Meep progress: 32.9/50.0 = 65.8% done in 914.0s, 475.0s to go
on time step 2632 (time=32.9), 0.319047 s/step
Meep progress: 33.0625/50.0 = 66.1% done in 918.1s, 470.3s to go
on time step 2645 (time=33.0625), 0.317729 s/step
Meep progress: 33.225/50.0 = 66.4% done in 922.4s, 465.7s to go
on time step 2658 (time=33.225), 0.330577 s/step
Meep progress: 33.3875/50.0 = 66.8% done in 926.7s, 461.1s to go
on time step 2671 (time=33.3875), 0.326281 s/step
Meep progress: 33.5125/50.0 = 67.0% done in 930.7s, 457.9s to go
on time step 2681 (time=33.5125), 0.402834 s/step
Meep progress: 33.6375/50.0 = 67.3% done in 935.0s, 454.8s to go
on time step 2691 (time=33.6375), 0.429419 s/step
Meep progress: 33.800000000000004/50.0 = 67.6% done in 939.1s, 450.1s to go
on time step 2704 (time=33.8), 0.315751 s/step
Meep progress: 33.9625/50.0 = 67.9% done in 943.2s, 445.4s to go
on time step 2717 (time=33.9625), 0.3163 s/step
Meep progress: 34.125/50.0 = 68.2% done in 947.4s, 440.7s to go
on time step 2730 (time=34.125), 0.321838 s/step
Meep progress: 34.275/50.0 = 68.6% done in 951.4s, 436.5s to go
on time step 2742 (time=34.275), 0.33857 s/step
Meep progress: 34.4375/50.0 = 68.9% done in 955.5s, 431.8s to go
on time step 2755 (time=34.4375), 0.316163 s/step
Meep progress: 34.6/50.0 = 69.2% done in 959.8s, 427.2s to go
on time step 2768 (time=34.6), 0.32435 s/step
Meep progress: 34.7625/50.0 = 69.5% done in 964.0s, 422.5s to go
on time step 2781 (time=34.7625), 0.325081 s/step
Meep progress: 34.925000000000004/50.0 = 69.9% done in 968.2s, 417.9s to go
on time step 2794 (time=34.925), 0.324875 s/step
Meep progress: 35.0875/50.0 = 70.2% done in 972.4s, 413.3s to go
on time step 2807 (time=35.0875), 0.325048 s/step
Meep progress: 35.25/50.0 = 70.5% done in 976.6s, 408.7s to go
on time step 2820 (time=35.25), 0.320696 s/step
Meep progress: 35.4/50.0 = 70.8% done in 980.8s, 404.5s to go
on time step 2832 (time=35.4), 0.345185 s/step
Meep progress: 35.5625/50.0 = 71.1% done in 984.9s, 399.8s to go
on time step 2845 (time=35.5625), 0.317745 s/step
Meep progress: 35.7125/50.0 = 71.4% done in 988.9s, 395.6s to go
on time step 2857 (time=35.7125), 0.335879 s/step
Meep progress: 35.875/50.0 = 71.8% done in 993.0s, 391.0s to go
on time step 2870 (time=35.875), 0.315924 s/step
Meep progress: 36.0375/50.0 = 72.1% done in 997.1s, 386.3s to go
on time step 2883 (time=36.0375), 0.316341 s/step
Meep progress: 36.2/50.0 = 72.4% done in 1001.4s, 381.8s to go
on time step 2896 (time=36.2), 0.328886 s/step
Meep progress: 36.35/50.0 = 72.7% done in 1005.4s, 377.5s to go
on time step 2908 (time=36.35), 0.333679 s/step
Meep progress: 36.5125/50.0 = 73.0% done in 1009.6s, 372.9s to go
on time step 2921 (time=36.5125), 0.321713 s/step
Meep progress: 36.675000000000004/50.0 = 73.4% done in 1013.8s, 368.4s to go
on time step 2934 (time=36.675), 0.32674 s/step
Meep progress: 36.8375/50.0 = 73.7% done in 1018.1s, 363.8s to go
on time step 2947 (time=36.8375), 0.330491 s/step
Meep progress: 37.0/50.0 = 74.0% done in 1022.4s, 359.2s to go
on time step 2960 (time=37), 0.324833 s/step
Meep progress: 37.1625/50.0 = 74.3% done in 1026.6s, 354.6s to go
on time step 2973 (time=37.1625), 0.322768 s/step
Meep progress: 37.3125/50.0 = 74.6% done in 1030.8s, 350.5s to go
on time step 2985 (time=37.3125), 0.351813 s/step
Meep progress: 37.475/50.0 = 75.0% done in 1035.0s, 345.9s to go
on time step 2998 (time=37.475), 0.328426 s/step
Meep progress: 37.6375/50.0 = 75.3% done in 1039.3s, 341.4s to go
on time step 3011 (time=37.6375), 0.328426 s/step
Meep progress: 37.800000000000004/50.0 = 75.6% done in 1043.6s, 336.8s to go
on time step 3024 (time=37.8), 0.328936 s/step
Meep progress: 37.95/50.0 = 75.9% done in 1047.7s, 332.7s to go
on time step 3036 (time=37.95), 0.340923 s/step
Meep progress: 38.0875/50.0 = 76.2% done in 1051.9s, 329.0s to go
on time step 3047 (time=38.0875), 0.384314 s/step
Meep progress: 38.225/50.0 = 76.4% done in 1055.9s, 325.3s to go
on time step 3058 (time=38.225), 0.364605 s/step
Meep progress: 38.3875/50.0 = 76.8% done in 1060.0s, 320.7s to go
on time step 3071 (time=38.3875), 0.314564 s/step
Meep progress: 38.550000000000004/50.0 = 77.1% done in 1064.3s, 316.1s to go
on time step 3084 (time=38.55), 0.330331 s/step
Meep progress: 38.7/50.0 = 77.4% done in 1068.4s, 312.0s to go
on time step 3096 (time=38.7), 0.337772 s/step
Meep progress: 38.862500000000004/50.0 = 77.7% done in 1072.6s, 307.4s to go
on time step 3109 (time=38.8625), 0.325282 s/step
Meep progress: 39.025000000000006/50.0 = 78.1% done in 1076.8s, 302.8s to go
on time step 3122 (time=39.025), 0.327489 s/step
Meep progress: 39.1875/50.0 = 78.4% done in 1081.1s, 298.3s to go
on time step 3135 (time=39.1875), 0.323628 s/step
Meep progress: 39.35/50.0 = 78.7% done in 1085.3s, 293.7s to go
on time step 3148 (time=39.35), 0.328063 s/step
Meep progress: 39.5125/50.0 = 79.0% done in 1089.5s, 289.2s to go
on time step 3161 (time=39.5125), 0.32435 s/step
Meep progress: 39.675000000000004/50.0 = 79.4% done in 1093.7s, 284.6s to go
on time step 3174 (time=39.675), 0.317662 s/step
Meep progress: 39.837500000000006/50.0 = 79.7% done in 1097.8s, 280.1s to go
on time step 3187 (time=39.8375), 0.320591 s/step
Meep progress: 40.0/50.0 = 80.0% done in 1102.1s, 275.5s to go
on time step 3200 (time=40), 0.327914 s/step
Meep progress: 40.1625/50.0 = 80.3% done in 1106.4s, 271.0s to go
on time step 3213 (time=40.1625), 0.327542 s/step
Meep progress: 40.3125/50.0 = 80.6% done in 1110.7s, 266.9s to go
on time step 3225 (time=40.3125), 0.364588 s/step
Meep progress: 40.45/50.0 = 80.9% done in 1114.9s, 263.2s to go
on time step 3236 (time=40.45), 0.380588 s/step
Meep progress: 40.6/50.0 = 81.2% done in 1119.0s, 259.1s to go
on time step 3248 (time=40.6), 0.341019 s/step
Meep progress: 40.7625/50.0 = 81.5% done in 1123.3s, 254.6s to go
on time step 3261 (time=40.7625), 0.327684 s/step
Meep progress: 40.925000000000004/50.0 = 81.9% done in 1127.6s, 250.0s to go
on time step 3274 (time=40.925), 0.330709 s/step
Meep progress: 41.087500000000006/50.0 = 82.2% done in 1131.9s, 245.5s to go
on time step 3287 (time=41.0875), 0.330084 s/step
Meep progress: 41.237500000000004/50.0 = 82.5% done in 1135.9s, 241.4s to go
on time step 3299 (time=41.2375), 0.335225 s/step
Meep progress: 41.375/50.0 = 82.8% done in 1140.1s, 237.7s to go
on time step 3310 (time=41.375), 0.384852 s/step
Meep progress: 41.5125/50.0 = 83.0% done in 1144.3s, 234.0s to go
on time step 3321 (time=41.5125), 0.380488 s/step
Meep progress: 41.675000000000004/50.0 = 83.4% done in 1148.5s, 229.4s to go
on time step 3334 (time=41.675), 0.320475 s/step
Meep progress: 41.837500000000006/50.0 = 83.7% done in 1152.6s, 224.9s to go
on time step 3347 (time=41.8375), 0.316166 s/step
Meep progress: 42.0/50.0 = 84.0% done in 1156.9s, 220.4s to go
on time step 3360 (time=42), 0.331662 s/step
Meep progress: 42.1625/50.0 = 84.3% done in 1161.2s, 215.9s to go
on time step 3373 (time=42.1625), 0.330876 s/step
Meep progress: 42.3125/50.0 = 84.6% done in 1165.2s, 211.7s to go
on time step 3385 (time=42.3125), 0.337232 s/step
Meep progress: 42.45/50.0 = 84.9% done in 1169.5s, 208.0s to go
on time step 3396 (time=42.45), 0.384797 s/step
Meep progress: 42.575/50.0 = 85.2% done in 1173.8s, 204.7s to go
on time step 3406 (time=42.575), 0.42932 s/step
Meep progress: 42.725/50.0 = 85.4% done in 1178.0s, 200.6s to go
on time step 3418 (time=42.725), 0.349796 s/step
Meep progress: 42.8875/50.0 = 85.8% done in 1182.2s, 196.1s to go
on time step 3431 (time=42.8875), 0.327537 s/step
Meep progress: 43.025000000000006/50.0 = 86.1% done in 1186.3s, 192.3s to go
on time step 3442 (time=43.025), 0.3738 s/step
Meep progress: 43.175000000000004/50.0 = 86.4% done in 1190.7s, 188.2s to go
on time step 3454 (time=43.175), 0.362252 s/step
Meep progress: 43.3125/50.0 = 86.6% done in 1194.7s, 184.5s to go
on time step 3465 (time=43.3125), 0.365458 s/step
Meep progress: 43.475/50.0 = 87.0% done in 1199.0s, 180.0s to go
on time step 3478 (time=43.475), 0.330592 s/step
Meep progress: 43.6375/50.0 = 87.3% done in 1203.2s, 175.4s to go
on time step 3491 (time=43.6375), 0.326246 s/step
Meep progress: 43.800000000000004/50.0 = 87.6% done in 1207.4s, 170.9s to go
on time step 3504 (time=43.8), 0.321396 s/step
Meep progress: 43.95/50.0 = 87.9% done in 1211.7s, 166.8s to go
on time step 3516 (time=43.95), 0.359522 s/step
Meep progress: 44.112500000000004/50.0 = 88.2% done in 1215.9s, 162.3s to go
on time step 3529 (time=44.1125), 0.323981 s/step
Meep progress: 44.275000000000006/50.0 = 88.6% done in 1220.2s, 157.8s to go
on time step 3542 (time=44.275), 0.328269 s/step
Meep progress: 44.4375/50.0 = 88.9% done in 1224.4s, 153.3s to go
on time step 3555 (time=44.4375), 0.3198 s/step
Meep progress: 44.587500000000006/50.0 = 89.2% done in 1228.6s, 149.1s to go
on time step 3567 (time=44.5875), 0.349524 s/step
Meep progress: 44.725/50.0 = 89.4% done in 1232.8s, 145.4s to go
on time step 3578 (time=44.725), 0.382954 s/step
Meep progress: 44.862500000000004/50.0 = 89.7% done in 1236.9s, 141.6s to go
on time step 3589 (time=44.8625), 0.378188 s/step
Meep progress: 45.025000000000006/50.0 = 90.1% done in 1241.2s, 137.1s to go
on time step 3602 (time=45.025), 0.329817 s/step
Meep progress: 45.1875/50.0 = 90.4% done in 1245.4s, 132.6s to go
on time step 3615 (time=45.1875), 0.324271 s/step
Meep progress: 45.35/50.0 = 90.7% done in 1249.6s, 128.1s to go
on time step 3628 (time=45.35), 0.317494 s/step
Meep progress: 45.5125/50.0 = 91.0% done in 1253.8s, 123.6s to go
on time step 3641 (time=45.5125), 0.323446 s/step
Meep progress: 45.675000000000004/50.0 = 91.4% done in 1257.9s, 119.1s to go
on time step 3654 (time=45.675), 0.31445 s/step
Meep progress: 45.837500000000006/50.0 = 91.7% done in 1262.0s, 114.6s to go
on time step 3667 (time=45.8375), 0.31602 s/step
Meep progress: 46.0/50.0 = 92.0% done in 1266.1s, 110.1s to go
on time step 3680 (time=46), 0.318147 s/step
Meep progress: 46.1625/50.0 = 92.3% done in 1270.2s, 105.6s to go
on time step 3693 (time=46.1625), 0.31855 s/step
Meep progress: 46.300000000000004/50.0 = 92.6% done in 1274.3s, 101.8s to go
on time step 3704 (time=46.3), 0.369992 s/step
Meep progress: 46.45/50.0 = 92.9% done in 1278.4s, 97.7s to go
on time step 3716 (time=46.45), 0.3436 s/step
Meep progress: 46.6/50.0 = 93.2% done in 1282.5s, 93.6s to go
on time step 3728 (time=46.6), 0.334915 s/step
Meep progress: 46.75/50.0 = 93.5% done in 1286.5s, 89.4s to go
on time step 3740 (time=46.75), 0.33554 s/step
Meep progress: 46.8875/50.0 = 93.8% done in 1290.6s, 85.7s to go
on time step 3751 (time=46.8875), 0.375785 s/step
Meep progress: 47.025000000000006/50.0 = 94.1% done in 1294.8s, 81.9s to go
on time step 3762 (time=47.025), 0.383746 s/step
Meep progress: 47.175000000000004/50.0 = 94.4% done in 1298.9s, 77.8s to go
on time step 3774 (time=47.175), 0.340816 s/step
Meep progress: 47.337500000000006/50.0 = 94.7% done in 1303.2s, 73.3s to go
on time step 3787 (time=47.3375), 0.330893 s/step
Meep progress: 47.5/50.0 = 95.0% done in 1307.4s, 68.8s to go
on time step 3800 (time=47.5), 0.324752 s/step
Meep progress: 47.6625/50.0 = 95.3% done in 1311.8s, 64.3s to go
on time step 3813 (time=47.6625), 0.335574 s/step
Meep progress: 47.825/50.0 = 95.6% done in 1316.1s, 59.9s to go
on time step 3826 (time=47.825), 0.328967 s/step
Meep progress: 47.987500000000004/50.0 = 96.0% done in 1320.3s, 55.4s to go
on time step 3839 (time=47.9875), 0.327796 s/step
Meep progress: 48.1375/50.0 = 96.3% done in 1324.4s, 51.2s to go
on time step 3851 (time=48.1375), 0.333642 s/step
Meep progress: 48.300000000000004/50.0 = 96.6% done in 1328.6s, 46.8s to go
on time step 3864 (time=48.3), 0.323784 s/step
Meep progress: 48.462500000000006/50.0 = 96.9% done in 1332.8s, 42.3s to go
on time step 3877 (time=48.4625), 0.328169 s/step
Meep progress: 48.625/50.0 = 97.2% done in 1337.1s, 37.8s to go
on time step 3890 (time=48.625), 0.32624 s/step
Meep progress: 48.7875/50.0 = 97.6% done in 1341.4s, 33.3s to go
on time step 3903 (time=48.7875), 0.330256 s/step
Meep progress: 48.95/50.0 = 97.9% done in 1345.5s, 28.9s to go
on time step 3916 (time=48.95), 0.320282 s/step
Meep progress: 49.075/50.0 = 98.2% done in 1349.6s, 25.4s to go
on time step 3926 (time=49.075), 0.407079 s/step
Meep progress: 49.2/50.0 = 98.4% done in 1353.8s, 22.0s to go
on time step 3936 (time=49.2), 0.425275 s/step
Meep progress: 49.337500000000006/50.0 = 98.7% done in 1358.0s, 18.2s to go
on time step 3947 (time=49.3375), 0.373086 s/step
Meep progress: 49.487500000000004/50.0 = 99.0% done in 1362.1s, 14.1s to go
on time step 3959 (time=49.4875), 0.348067 s/step
Meep progress: 49.650000000000006/50.0 = 99.3% done in 1366.4s, 9.6s to go
on time step 3972 (time=49.65), 0.328489 s/step
Meep progress: 49.8125/50.0 = 99.6% done in 1370.7s, 5.2s to go
on time step 3985 (time=49.8125), 0.327611 s/step
Meep progress: 49.975/50.0 = 100.0% done in 1374.8s, 0.7s to go
on time step 3998 (time=49.975), 0.321833 s/step
run 0 finished at t = 50.0 (4000 timesteps)
flux1:, 0.5, 1.1771109364917257e-6, -1.0025584471015197e-6
flux1:, 0.5066889632107023, 1.3605475245559545e-6, -1.173274757317831e-6
flux1:, 0.5133779264214047, 1.4335405925839333e-6, -1.2466213829629942e-6
flux1:, 0.520066889632107, 1.7559886774581208e-6, -1.3437323655784548e-6
flux1:, 0.5267558528428093, 2.1570583471147898e-6, -1.5175729297047346e-6
flux1:, 0.5334448160535117, 2.271562444136164e-6, -1.6262046512434218e-6
flux1:, 0.540133779264214, 2.630436781635589e-6, -1.641469245033333e-6
flux1:, 0.5468227424749164, 3.307362409728045e-6, -1.7368675736254322e-6
flux1:, 0.5535117056856187, 3.42013442783885e-6, -2.005977000190991e-6
flux1:, 0.560200668896321, 3.2897602927549505e-6, -2.413737210385866e-6
flux1:, 0.5668896321070234, 3.884071240079019e-6, -2.9330379466317806e-6
flux1:, 0.5735785953177257, 4.632806281262813e-6, -3.5065356142634497e-6
flux1:, 0.580267558528428, 5.115793427738251e-6, -4.0500181898274495e-6
flux1:, 0.5869565217391304, 6.134791867835036e-6, -4.548353874954925e-6
flux1:, 0.5936454849498327, 7.283087965942795e-6, -5.045659167462968e-6
flux1:, 0.600334448160535, 7.829556644146207e-6, -5.657895829491004e-6
flux1:, 0.6070234113712374, 8.925258777591905e-6, -6.473540345117547e-6
flux1:, 0.6137123745819397, 1.0761454954456799e-5, -7.337855012595717e-6
flux1:, 0.6204013377926421, 1.194093367597165e-5, -8.205536115134471e-6
flux1:, 0.6270903010033444, 1.3303532436904507e-5, -9.471996138458998e-6
flux1:, 0.6337792642140467, 1.5951851915164674e-5, -1.1134675704508597e-5
flux1:, 0.6404682274247491, 1.8243301455578403e-5, -1.2519570742013212e-5
flux1:, 0.6471571906354514, 2.0311548817655156e-5, -1.3727769911088251e-5
flux1:, 0.6538461538461537, 2.424410060841489e-5, -1.5546169362447155e-5
flux1:, 0.6605351170568561, 2.8538940696293688e-5, -1.7477164780799058e-5
flux1:, 0.6672240802675584, 3.191838084161106e-5, -1.8647268577202795e-5
flux1:, 0.6739130434782608, 3.698960818320122e-5, -2.0145476657320457e-5
flux1:, 0.6806020066889631, 4.2949778870750784e-5, -2.2968611124920625e-5
flux1:, 0.6872909698996654, 4.69942611163387e-5, -2.5584009417256828e-5
flux1:, 0.6939799331103678, 5.235489097795901e-5, -2.7320685284434853e-5
flux1:, 0.7006688963210701, 5.981982545281028e-5, -3.089899074677398e-5
flux1:, 0.7073578595317724, 6.365284225401823e-5, -3.793558636321363e-5
flux1:, 0.7140468227424748, 6.697768709048318e-5, -4.578088724236022e-5
flux1:, 0.7207357859531771, 7.715634095455064e-5, -5.189564936202921e-5
flux1:, 0.7274247491638794, 8.666435403659134e-5, -5.803005598239845e-5
flux1:, 0.7341137123745818, 8.89036502999778e-5, -6.76708932965532e-5
flux1:, 0.7408026755852841, 9.539680095140793e-5, -8.119876100470544e-5
flux1:, 0.7474916387959865, 1.1117811569624745e-4, -9.544388893195355e-5
flux1:, 0.7541806020066888, 1.2731803685108966e-4, -1.0755809091873856e-4
flux1:, 0.7608695652173911, 1.4706543425939333e-4, -1.171853795079519e-4
flux1:, 0.7675585284280935, 1.742367453165913e-4, -1.2559251995485223e-4
flux1:, 0.7742474916387958, 1.9106974528288736e-4, -1.3735390638151522e-4
flux1:, 0.7809364548494981, 1.914851340420134e-4, -1.6067491852567398e-4
flux1:, 0.7876254180602005, 1.9732032242462282e-4, -1.9733862710167774e-4
flux1:, 0.7943143812709028, 2.1588059113245738e-4, -2.3635955836745276e-4
flux1:, 0.8010033444816052, 2.358390446446581e-4, -2.6919763910274093e-4
flux1:, 0.8076923076923075, 2.597380699645789e-4, -3.042562889902798e-4
flux1:, 0.8143812709030098, 2.8529745491760267e-4, -3.5221955114462936e-4
flux1:, 0.8210702341137122, 2.9444949956704324e-4, -4.0430146678732795e-4
flux1:, 0.8277591973244145, 2.996214153640771e-4, -4.3975831095780833e-4
flux1:, 0.8344481605351168, 3.3376912081868257e-4, -4.5535914190331637e-4
flux1:, 0.8411371237458192, 3.8487000640095246e-4, -4.799449374303799e-4
flux1:, 0.8478260869565215, 4.1941577441295474e-4, -5.467868247427174e-4
flux1:, 0.8545150501672238, 4.5025984742595954e-4, -6.443841627021998e-4
flux1:, 0.8612040133779262, 5.057673217629362e-4, -7.214928057337239e-4
flux1:, 0.8678929765886285, 5.667926352259437e-4, -7.664654117412433e-4
flux1:, 0.8745819397993309, 5.921762359489302e-4, -8.434557312358953e-4
flux1:, 0.8812709030100332, 5.819630337373982e-4, -0.0010047807518906817
flux1:, 0.8879598662207355, 5.823714759665374e-4, -0.0012056978695044222
flux1:, 0.8946488294314379, 6.270737115109877e-4, -0.0013620339987397113
flux1:, 0.9013377926421402, 6.946984981086636e-4, -0.0014634740664650192
flux1:, 0.9080267558528425, 7.545610099060759e-4, -0.001576169554595307
flux1:, 0.9147157190635449, 8.124915326371724e-4, -0.001753346638703095
flux1:, 0.9214046822742472, 8.542185897825479e-4, -0.0019948825724121423
flux1:, 0.9280936454849495, 8.314220770704357e-4, -0.002285354670604037
flux1:, 0.9347826086956519, 7.735171338415519e-4, -0.0026132872562955965
flux1:, 0.9414715719063542, 7.826778578790193e-4, -0.002940219203121105
flux1:, 0.9481605351170566, 8.757238018782875e-4, -0.0032107288020140584
flux1:, 0.9548494983277589, 9.808172379226561e-4, -0.0034270491842412236
flux1:, 0.9615384615384612, 0.0010603367605995875, -0.0036656839222456022
flux1:, 0.9682274247491636, 0.001103489641810758, -0.003984441798330847
flux1:, 0.9749163879598659, 0.0011222414434097089, -0.004349113189348287
flux1:, 0.9816053511705682, 0.0012201114998403283, -0.00468523218918631
flux1:, 0.9882943143812706, 0.0014530928516080647, -0.00498782134204196
flux1:, 0.9949832775919729, 0.00167720704081111, -0.005336579166470635
flux1:, 1.0016722408026753, 0.0017984040927081432, -0.005764960364816459
flux1:, 1.0083612040133776, 0.0019692933218028383, -0.00617930517420867
flux1:, 1.01505016722408, 0.0022748089831856025, -0.006529800937985875
flux1:, 1.0217391304347823, 0.0025611504670961563, -0.006980859957231305
flux1:, 1.0284280936454846, 0.0027670590525149612, -0.007714656113372682
flux1:, 1.035117056856187, 0.0030048479518788055, -0.008649968463204469
flux1:, 1.0418060200668893, 0.0032709245477640907, -0.009540711855641868
flux1:, 1.0484949832775916, 0.0035241412039172908, -0.010221669818338766
flux1:, 1.055183946488294, 0.00391808049038871, -0.010668597719804197
flux1:, 1.0618729096989963, 0.004541640183669694, -0.011042682404445864
flux1:, 1.0685618729096986, 0.005208973971049121, -0.01162992696030021
flux1:, 1.075250836120401, 0.005821580186925357, -0.01244801109512478
flux1:, 1.0819397993311033, 0.0065728023539020465, -0.01313699579365165
flux1:, 1.0886287625418056, 0.007597447271294993, -0.013509839002507993
flux1:, 1.095317725752508, 0.008748186437451852, -0.013784423693998602
flux1:, 1.1020066889632103, 0.009784831331720317, -0.014109939474817602
flux1:, 1.1086956521739126, 0.010625782168057991, -0.014472696937807143
flux1:, 1.115384615384615, 0.011476188586289602, -0.015057825436922608
flux1:, 1.1220735785953173, 0.012603327288601234, -0.01600159274143867
flux1:, 1.1287625418060196, 0.013842778253390356, -0.01698323764417417
flux1:, 1.135451505016722, 0.014762912448272549, -0.017699599662837632
flux1:, 1.1421404682274243, 0.015466823858763126, -0.018369965203375804
flux1:, 1.1488294314381267, 0.016448536457177823, -0.019306504961303907
flux1:, 1.155518394648829, 0.017600010862388746, -0.020432965173782052
flux1:, 1.1622073578595313, 0.018477137212192754, -0.021470568131808018
flux1:, 1.1688963210702337, 0.01944553576040904, -0.02225773738014302
flux1:, 1.175585284280936, 0.021186608031514176, -0.02288623942028509
flux1:, 1.1822742474916383, 0.023331618419817166, -0.02363304068831974
flux1:, 1.1889632107023407, 0.025025009605227626, -0.02456353771486413
flux1:, 1.195652173913043, 0.026382682045088004, -0.025312781963283647
flux1:, 1.2023411371237454, 0.0280585268308676, -0.025553116549105786
flux1:, 1.2090301003344477, 0.030005697573244592, -0.025571434544641142
flux1:, 1.21571906354515, 0.03181865464534979, -0.026155136506944048
flux1:, 1.2224080267558524, 0.033685972575577205, -0.02767383704219402
flux1:, 1.2290969899665547, 0.03615284802349596, -0.02932795879143321
flux1:, 1.235785953177257, 0.039257071203814005, -0.030207186729877395
flux1:, 1.2424749163879594, 0.0422717886829247, -0.031092492311211306
flux1:, 1.2491638795986617, 0.04438350216665355, -0.033328256080280366
flux1:, 1.255852842809364, 0.04569767950067085, -0.03611529088731667
flux1:, 1.2625418060200664, 0.047090027148691684, -0.03784262406533898
flux1:, 1.2692307692307687, 0.04887904415982435, -0.03927163888248913
flux1:, 1.275919732441471, 0.05068830605212572, -0.041694479630363
flux1:, 1.2826086956521734, 0.05268033334328587, -0.04383873150774055
flux1:, 1.2892976588628757, 0.055329338342888994, -0.04454701448061702
flux1:, 1.295986622073578, 0.05820171865305081, -0.045338912060733386
flux1:, 1.3026755852842804, 0.06081186913610014, -0.04701814674614477
flux1:, 1.3093645484949827, 0.06385389293973621, -0.048249485373724
flux1:, 1.316053511705685, 0.06768446396172864, -0.04928432323158604
flux1:, 1.3227424749163874, 0.07110250772832451, -0.05152385338462646
flux1:, 1.3294314381270897, 0.07335266893060093, -0.053577698913778726
flux1:, 1.336120401337792, 0.07533851985538788, -0.05364416386094229
flux1:, 1.3428093645484944, 0.07773382755815596, -0.05357800236481506
flux1:, 1.3494983277591968, 0.08023605486579719, -0.055408642299835865
flux1:, 1.356187290969899, 0.08296434398759653, -0.057761343750471705
flux1:, 1.3628762541806014, 0.08613034905564657, -0.05938065580276916
flux1:, 1.3695652173913038, 0.0889483590904219, -0.0612433476446226
flux1:, 1.376254180602006, 0.0910872906919064, -0.06337991398494587
flux1:, 1.3829431438127084, 0.09357130584414998, -0.06455778313240072
flux1:, 1.3896321070234108, 0.09645770858177674, -0.06532740531448167
flux1:, 1.3963210702341131, 0.09820399642646355, -0.06751827279391352
flux1:, 1.4030100334448155, 0.09865577679542106, -0.07142869154309682
flux1:, 1.4096989966555178, 0.09948965060768072, -0.07557891269127508
flux1:, 1.4163879598662201, 0.10110582969684281, -0.07840976900669148
flux1:, 1.4230769230769225, 0.10266342562313989, -0.0798132512290851
flux1:, 1.4297658862876248, 0.1048566934942708, -0.08098226508178034
flux1:, 1.4364548494983271, 0.10867006538381153, -0.08228041758220914
flux1:, 1.4431438127090295, 0.11245771864080183, -0.082929273204725
flux1:, 1.4498327759197318, 0.11426354408860287, -0.08334044672737392
flux1:, 1.4565217391304341, 0.11525295770182982, -0.08452386920311061
flux1:, 1.4632107023411365, 0.117275000569881, -0.08550910387118728
flux1:, 1.4698996655518388, 0.11967811771022409, -0.08521343826945163
flux1:, 1.4765886287625412, 0.12152998002063287, -0.08489609236494093
flux1:, 1.4832775919732435, 0.12360455033309298, -0.0856148310022701
flux1:, 1.4899665551839458, 0.12587145591567275, -0.08707384458335392
flux1:, 1.4966555183946482, 0.12665876370497373, -0.09008158683138093
flux1:, 1.5033444816053505, 0.12560604416020066, -0.09495844125603638
flux1:, 1.5100334448160528, 0.1240381628049586, -0.09918919130232697
flux1:, 1.5167224080267552, 0.12247999423049985, -0.10173452182428304
flux1:, 1.5234113712374575, 0.1208294111364264, -0.10491218604127507
flux1:, 1.5301003344481598, 0.11970334676046386, -0.1087006299562514
flux1:, 1.5367892976588622, 0.11921703159251108, -0.11070251949900792
flux1:, 1.5434782608695645, 0.11850131596893937, -0.11225548669127644
flux1:, 1.5501672240802669, 0.11770648188557113, -0.11568659980458773
flux1:, 1.5568561872909692, 0.1177277690121723, -0.11836463705379754
flux1:, 1.5635451505016715, 0.11771245907104876, -0.11797952232135638
flux1:, 1.5702341137123739, 0.11601986528910599, -0.1177713316736649
flux1:, 1.5769230769230762, 0.11329937495868225, -0.11993995625003027
flux1:, 1.5836120401337785, 0.11163125768973527, -0.12164296953205944
flux1:, 1.5903010033444809, 0.11134070362374926, -0.12109518133428142
flux1:, 1.5969899665551832, 0.11107106888465623, -0.1198952065847179
flux1:, 1.6036789297658856, 0.10999682345819377, -0.11922032820623688
flux1:, 1.610367892976588, 0.10807103055867315, -0.1196478905566344
flux1:, 1.6170568561872902, 0.10516299165315621, -0.12171059632998957
flux1:, 1.6237458193979926, 0.10150196681269805, -0.12368379921814082
flux1:, 1.630434782608695, 0.09807755248411458, -0.12377409235301973
flux1:, 1.6371237458193972, 0.09536202417996956, -0.12395429035579167
flux1:, 1.6438127090300996, 0.09242930592964718, -0.12627996225310367
flux1:, 1.650501672240802, 0.0884164489118515, -0.12903146237265298
flux1:, 1.6571906354515042, 0.08400275012607719, -0.13066743327881633
flux1:, 1.6638795986622066, 0.08030855772817115, -0.13190173470580677
flux1:, 1.670568561872909, 0.07724891329905598, -0.13215492488215133
flux1:, 1.6772575250836113, 0.0741556504181214, -0.13063232524429916
flux1:, 1.6839464882943136, 0.07101465098454335, -0.12983123559941057
flux1:, 1.690635451505016, 0.06791751640052902, -0.1315850810114211
flux1:, 1.6973244147157183, 0.06434968999453773, -0.13326408628734113
flux1:, 1.7040133779264206, 0.06010917863427368, -0.13292753067636146
flux1:, 1.710702341137123, 0.05596459566125143, -0.13257100905575814
flux1:, 1.7173913043478253, 0.052537024879883897, -0.13292796244527488
flux1:, 1.7240802675585276, 0.049373992198517604, -0.13180711870216938
flux1:, 1.73076923076923, 0.04579400724813608, -0.12937874505395672
flux1:, 1.7374581939799323, 0.041930983886559095, -0.12846517525820245
flux1:, 1.7441471571906346, 0.03834165240204891, -0.12913911310570989
flux1:, 1.750836120401337, 0.03513516920863478, -0.12867535688902848
flux1:, 1.7575250836120393, 0.03213143087843912, -0.1262159456223388
flux1:, 1.7642140468227416, 0.029447322467107784, -0.12325016827252824
flux1:, 1.770903010033444, 0.027168187066948873, -0.12084620405567838
flux1:, 1.7775919732441463, 0.024795407549622003, -0.11919728424256108
flux1:, 1.7842809364548486, 0.021877783277013115, -0.11823487803150859
flux1:, 1.790969899665551, 0.01885900905435485, -0.11720332110179815
flux1:, 1.7976588628762533, 0.016460822858115065, -0.11517987696981254
flux1:, 1.8043478260869557, 0.014651794857632239, -0.11232469454614535
flux1:, 1.811036789297658, 0.013024531478786018, -0.10937268305098692
flux1:, 1.8177257525083603, 0.011666567642307689, -0.10649388123813414
flux1:, 1.8244147157190627, 0.010841210961254816, -0.10354129673434523
flux1:, 1.831103678929765, 0.010239476239495964, -0.1004065658092358
flux1:, 1.8377926421404673, 0.009321176721110934, -0.09683993455449781
flux1:, 1.8444816053511697, 0.008185439225438613, -0.09300051187813095
flux1:, 1.851170568561872, 0.007446534205172523, -0.08968350372777421
flux1:, 1.8578595317725743, 0.007293830561711884, -0.08699598287833749
flux1:, 1.8645484949832767, 0.007309062302378835, -0.08398974128296162
flux1:, 1.871237458193979, 0.007262266515603771, -0.08034241177446474
flux1:, 1.8779264214046814, 0.007344342249113562, -0.07675427640262261
flux1:, 1.8846153846153837, 0.00751253328766181, -0.07335041698109233
flux1:, 1.891304347826086, 0.0074836299565785224, -0.06952438472716775
flux1:, 1.8979933110367884, 0.007442064796483867, -0.0653075787938265
flux1:, 1.9046822742474907, 0.007809886549266952, -0.061295758978247405
flux1:, 1.911371237458193, 0.008385799342691479, -0.05767858491374886
flux1:, 1.9180602006688954, 0.008630503140729434, -0.05441725189997578
flux1:, 1.9247491638795977, 0.008557462784638523, -0.051557182973950934
flux1:, 1.9314381270903, 0.008555680807431146, -0.048837454366489584
flux1:, 1.9381270903010024, 0.008707584341375519, -0.045945715725420236
flux1:, 1.9448160535117047, 0.008847578096589637, -0.04316048469606205
flux1:, 1.951505016722407, 0.008916304393730513, -0.040840360065400136
flux1:, 1.9581939799331094, 0.008974724177999499, -0.03865015621422949
flux1:, 1.9648829431438117, 0.009114187258441394, -0.03606197186554898
flux1:, 1.971571906354514, 0.009336434517930226, -0.03319663228255554
flux1:, 1.9782608695652164, 0.00946487201413948, -0.03063839758513255
flux1:, 1.9849498327759187, 0.009389246810410425, -0.02866700308143575
flux1:, 1.991638795986621, 0.009253565413869208, -0.026946062033736933
flux1:, 1.9983277591973234, 0.009150323320512441, -0.024982529144273964
flux1:, 2.0050167224080258, 0.008971110449112045, -0.02277908377289115
flux1:, 2.011705685618728, 0.008733777465527235, -0.02076541374917978
flux1:, 2.0183946488294304, 0.008587875048610673, -0.019155252223076156
flux1:, 2.0250836120401328, 0.008462693341065215, -0.01778387975536987
flux1:, 2.031772575250835, 0.008193617108793927, -0.01647218822762022
flux1:, 2.0384615384615374, 0.007864133012591687, -0.01516312891848694
flux1:, 2.0451505016722398, 0.0076075829395591136, -0.013874105376343664
flux1:, 2.051839464882942, 0.007331504915494195, -0.01271197023106907
flux1:, 2.0585284280936444, 0.006942827496557459, -0.011714215972093349
flux1:, 2.065217391304347, 0.006543648647675258, -0.01076691131400018
flux1:, 2.071906354515049, 0.006230606746060388, -0.009893981221966757
flux1:, 2.0785953177257515, 0.0059680011594956716, -0.00926244288262187
flux1:, 2.085284280936454, 0.005712468375203541, -0.008769254686592308
flux1:, 2.091973244147156, 0.005462991636360151, -0.008152356227211135
flux1:, 2.0986622073578585, 0.005201853049673198, -0.007474576610359577
flux1:, 2.105351170568561, 0.004905940525671807, -0.00692938397996386
flux1:, 2.112040133779263, 0.004587803210291213, -0.006412087494102046
flux1:, 2.1187290969899655, 0.004281309585899139, -0.005799902914147346
flux1:, 2.125418060200668, 0.004008133937029216, -0.0052619890430645015
flux1:, 2.13210702341137, 0.003762494440987491, -0.004911071553886283
flux1:, 2.1387959866220725, 0.003524230946506916, -0.004594162451626416
flux1:, 2.145484949832775, 0.003286435148261039, -0.004217047064354248
flux1:, 2.152173913043477, 0.003056735028742032, -0.003856630430008379
flux1:, 2.1588628762541795, 0.0028416312329184825, -0.003541198585068993
flux1:, 2.165551839464882, 0.002645672572461128, -0.003246789303414709
flux1:, 2.172240802675584, 0.002465011370290625, -0.003000266952094775
flux1:, 2.1789297658862865, 0.0022814570228512935, -0.002791371915761289
flux1:, 2.185618729096989, 0.002091867952000377, -0.002553872504759168
flux1:, 2.192307692307691, 0.0019224440816769188, -0.0022974973871584727
flux1:, 2.1989966555183935, 0.0017847341521618886, -0.00208293010258962
flux1:, 2.205685618729096, 0.0016539698608257058, -0.0019019741551603564
flux1:, 2.212374581939798, 0.0015129664125507899, -0.001724095337105912
flux1:, 2.2190635451505005, 0.001376406954729358, -0.0015698052532333196
flux1:, 2.225752508361203, 0.0012590605372351834, -0.0014472523100574983
flux1:, 2.232441471571905, 0.0011549166924090383, -0.0013232511949485912
flux1:, 2.2391304347826075, 0.0010540926279295334, -0.0011952754073039156
flux1:, 2.24581939799331, 9.580104260129234e-4, -0.001093510936675522
flux1:, 2.252508361204012, 8.726331446778779e-4, -0.0010140431971235257
flux1:, 2.2591973244147145, 7.964014688998995e-4, -9.309770089845969e-4
flux1:, 2.265886287625417, 7.229738753121736e-4, -8.490807414731127e-4
flux1:, 2.272575250836119, 6.533743739994968e-4, -7.828939200950487e-4
flux1:, 2.2792642140468216, 5.927974206958986e-4, -7.194985775055954e-4
flux1:, 2.285953177257524, 5.377667280875327e-4, -6.467881542395579e-4
flux1:, 2.2926421404682262, 4.826162350507237e-4, -5.803347557515958e-4
flux1:, 2.2993311036789286, 4.320861967146479e-4, -5.316051598608195e-4
flux1:, 2.306020066889631, 3.912881482086247e-4, -4.8733097881899484e-4
flux1:, 2.3127090301003332, 3.5464860754451247e-4, -4.3823217739082934e-4
flux1:, 2.3193979933110356, 3.170846517949671e-4, -3.921421903333827e-4
flux1:, 2.326086956521738, 2.8215347415733714e-4, -3.526553384426375e-4
flux1:, 2.3327759197324403, 2.52941062538297e-4, -3.1652246009663203e-4
flux1:, 2.3394648829431426, 2.2750301944976674e-4, -2.8694736418993837e-4
flux1:, 2.346153846153845, 2.037302199178949e-4, -2.6513417827310904e-4
flux1:, 2.3528428093645473, 1.8084252884291847e-4, -2.431118990063746e-4
flux1:, 2.3595317725752496, 1.59223549262014e-4, -2.1896299398083675e-4
flux1:, 2.366220735785952, 1.4066430817847922e-4, -1.9930245434086725e-4
flux1:, 2.3729096989966543, 1.2512358629981324e-4, -1.8380523294610877e-4
flux1:, 2.3795986622073566, 1.1030987215348747e-4, -1.6747303171011607e-4
flux1:, 2.386287625418059, 9.610460616668876e-5, -1.5183800616601592e-4
flux1:, 2.3929765886287613, 8.399259757067594e-5, -1.3874071561625824e-4
flux1:, 2.3996655518394636, 7.3480470195617e-5, -1.2523936359969356e-4
flux1:, 2.406354515050166, 6.387291786835794e-5, -1.117155063875043e-4
flux1:, 2.4130434782608683, 5.577541610998718e-5, -1.0121509001153688e-4
flux1:, 2.4197324414715706, 4.870245526234833e-5, -9.192569582396295e-5
flux1:, 2.426421404682273, 4.1855909867435306e-5, -8.166300456419908e-5
flux1:, 2.4331103678929753, 3.615619238357281e-5, -7.281602721148875e-5
flux1:, 2.4397993311036776, 3.178284207141669e-5, -6.637694660350327e-5
flux1:, 2.44648829431438, 2.7310430997469953e-5, -6.014990667500701e-5
flux1:, 2.4531772575250823, 2.2910050514811243e-5, -5.3925437300638446e-5
flux1:, 2.4598662207357846, 1.985607350474961e-5, -4.868805778303163e-5
flux1:, 2.466555183946487, 1.7522344312980504e-5, -4.37732355534199e-5
flux1:, 2.4732441471571893, 1.4804690840922282e-5, -3.9149907643859927e-5
flux1:, 2.4799331103678917, 1.2223885881487377e-5, -3.5673907998786296e-5
flux1:, 2.486622073578594, 1.0279344878302204e-5, -3.258607280570204e-5
flux1:, 2.4933110367892963, 8.564453854158358e-6, -2.909118698702726e-5
flux1:, 2.4999999999999987, 7.069767949943792e-6, -2.602158714866215e-5

Elapsed run time = 1403.84 s
