--------------------------------------------------------------------------
[[9302,1],0]: A high-performance Open MPI point-to-point messaging module
was unable to find any relevant network interfaces:

Module: OpenFabrics (openib)
  Host: euca-128-84-11-54

Another transport will be used instead, although this may result in
lower performance.
--------------------------------------------------------------------------
Using MPI version 3.0, 2 processes
command-line param: no-struct=true
command-line param: no-holes=true
-----------
Initializing structure...
Working in 3D dimensions.
Computational cell is 4 x 4 x 5 with resolution 40
     block, center = (0,0,0)
          size (1e+20,1e+20,0.15)
          axes (1,0,0), (0,1,0), (0,0,1)
time for set_epsilon = 12.8232 s
-----------
Meep progress: 0.0125/50.0 = 0.0% done in 4.8s, 19393.2s to go
on time step 1 (time=0.0125), 4.84973 s/step
Meep progress: 0.17500000000000002/50.0 = 0.4% done in 9.1s, 2601.5s to go
on time step 14 (time=0.175), 0.329829 s/step
Meep progress: 0.3375/50.0 = 0.7% done in 13.4s, 1966.3s to go
on time step 27 (time=0.3375), 0.325022 s/step
Meep progress: 0.5/50.0 = 1.0% done in 17.5s, 1733.6s to go
on time step 40 (time=0.5), 0.319115 s/step
Meep progress: 0.6625000000000001/50.0 = 1.3% done in 21.7s, 1614.7s to go
on time step 53 (time=0.6625), 0.32083 s/step
Meep progress: 0.8250000000000001/50.0 = 1.6% done in 25.9s, 1545.2s to go
on time step 66 (time=0.825), 0.326259 s/step
Meep progress: 0.9875/50.0 = 2.0% done in 30.2s, 1500.1s to go
on time step 79 (time=0.9875), 0.330774 s/step
Meep progress: 1.1500000000000001/50.0 = 2.3% done in 34.4s, 1461.7s to go
on time step 92 (time=1.15), 0.322135 s/step
Meep progress: 1.3125/50.0 = 2.6% done in 38.5s, 1429.3s to go
on time step 105 (time=1.3125), 0.316765 s/step
Meep progress: 1.475/50.0 = 3.0% done in 42.8s, 1406.4s to go
on time step 118 (time=1.475), 0.324789 s/step
Meep progress: 1.6375000000000002/50.0 = 3.3% done in 46.9s, 1386.1s to go
on time step 131 (time=1.6375), 0.321602 s/step
Meep progress: 1.8/50.0 = 3.6% done in 51.1s, 1367.4s to go
on time step 144 (time=1.8), 0.317885 s/step
Meep progress: 1.9625000000000001/50.0 = 3.9% done in 55.3s, 1353.4s to go
on time step 157 (time=1.9625), 0.325156 s/step
Meep progress: 2.125/50.0 = 4.2% done in 59.5s, 1339.5s to go
on time step 170 (time=2.125), 0.320316 s/step
Meep progress: 2.2875/50.0 = 4.6% done in 63.8s, 1330.4s to go
on time step 183 (time=2.2875), 0.33282 s/step
Meep progress: 2.4375/50.0 = 4.9% done in 67.8s, 1322.9s to go
on time step 195 (time=2.4375), 0.334489 s/step
Meep progress: 2.6/50.0 = 5.2% done in 71.9s, 1311.5s to go
on time step 208 (time=2.6), 0.318613 s/step
Meep progress: 2.7625/50.0 = 5.5% done in 76.1s, 1301.2s to go
on time step 221 (time=2.7625), 0.319726 s/step
Meep progress: 2.9250000000000003/50.0 = 5.9% done in 80.2s, 1291.4s to go
on time step 234 (time=2.925), 0.318728 s/step
Meep progress: 3.0875000000000004/50.0 = 6.2% done in 84.4s, 1282.0s to go
on time step 247 (time=3.0875), 0.317949 s/step
Meep progress: 3.2375000000000003/50.0 = 6.5% done in 88.6s, 1279.2s to go
on time step 259 (time=3.2375), 0.348949 s/step
Meep progress: 3.3875/50.0 = 6.8% done in 92.8s, 1276.3s to go
on time step 271 (time=3.3875), 0.349673 s/step
Meep progress: 3.5375/50.0 = 7.1% done in 96.8s, 1272.0s to go
on time step 283 (time=3.5375), 0.341088 s/step
Meep progress: 3.6875/50.0 = 7.4% done in 101.0s, 1269.1s to go
on time step 295 (time=3.6875), 0.349639 s/step
Meep progress: 3.8375000000000004/50.0 = 7.7% done in 105.2s, 1265.0s to go
on time step 307 (time=3.8375), 0.343112 s/step
Meep progress: 4.0/50.0 = 8.0% done in 109.3s, 1257.5s to go
on time step 320 (time=4), 0.321989 s/step
Meep progress: 4.1625000000000005/50.0 = 8.3% done in 113.6s, 1251.4s to go
on time step 333 (time=4.1625), 0.330233 s/step
Meep progress: 4.325/50.0 = 8.6% done in 118.0s, 1245.7s to go
on time step 346 (time=4.325), 0.332123 s/step
Meep progress: 4.4750000000000005/50.0 = 9.0% done in 122.2s, 1242.9s to go
on time step 358 (time=4.475), 0.35092 s/step
Meep progress: 4.625/50.0 = 9.2% done in 126.3s, 1239.6s to go
on time step 370 (time=4.625), 0.348177 s/step
Meep progress: 4.7875000000000005/50.0 = 9.6% done in 130.6s, 1233.7s to go
on time step 383 (time=4.7875), 0.330047 s/step
Meep progress: 4.9375/50.0 = 9.9% done in 134.8s, 1230.4s to go
on time step 395 (time=4.9375), 0.348101 s/step
Meep progress: 5.1000000000000005/50.0 = 10.2% done in 139.1s, 1224.5s to go
on time step 408 (time=5.1), 0.328416 s/step
Meep progress: 5.2625/50.0 = 10.5% done in 143.3s, 1217.9s to go
on time step 421 (time=5.2625), 0.321239 s/step
Meep progress: 5.4/50.0 = 10.8% done in 147.3s, 1216.7s to go
on time step 432 (time=5.4), 0.368814 s/step
Meep progress: 5.525/50.0 = 11.0% done in 151.6s, 1220.7s to go
on time step 442 (time=5.525), 0.432808 s/step
Meep progress: 5.65/50.0 = 11.3% done in 155.8s, 1223.0s to go
on time step 452 (time=5.65), 0.415881 s/step
Meep progress: 5.8125/50.0 = 11.6% done in 160.1s, 1216.9s to go
on time step 465 (time=5.8125), 0.328339 s/step
Meep progress: 5.9750000000000005/50.0 = 12.0% done in 164.3s, 1210.3s to go
on time step 478 (time=5.975), 0.32246 s/step
Meep progress: 6.1375/50.0 = 12.3% done in 168.4s, 1203.5s to go
on time step 491 (time=6.1375), 0.318161 s/step
Meep progress: 6.300000000000001/50.0 = 12.6% done in 172.6s, 1197.1s to go
on time step 504 (time=6.3), 0.320877 s/step
Meep progress: 6.4625/50.0 = 12.9% done in 176.8s, 1191.3s to go
on time step 517 (time=6.4625), 0.327227 s/step
Meep progress: 6.612500000000001/50.0 = 13.2% done in 181.0s, 1187.5s to go
on time step 529 (time=6.6125), 0.346102 s/step
Meep progress: 6.7625/50.0 = 13.5% done in 185.1s, 1183.5s to go
on time step 541 (time=6.7625), 0.343259 s/step
Meep progress: 6.9/50.0 = 13.8% done in 189.5s, 1183.6s to go
on time step 552 (time=6.9), 0.399177 s/step
Meep progress: 7.025/50.0 = 14.0% done in 193.8s, 1185.4s to go
on time step 562 (time=7.025), 0.427749 s/step
Meep progress: 7.175000000000001/50.0 = 14.4% done in 198.2s, 1182.8s to go
on time step 574 (time=7.175), 0.367063 s/step
Meep progress: 7.3125/50.0 = 14.6% done in 202.2s, 1180.3s to go
on time step 585 (time=7.3125), 0.365268 s/step
Meep progress: 7.4750000000000005/50.0 = 15.0% done in 206.6s, 1175.1s to go
on time step 598 (time=7.475), 0.335384 s/step
Meep progress: 7.6000000000000005/50.0 = 15.2% done in 210.9s, 1176.4s to go
on time step 608 (time=7.6), 0.43156 s/step
Meep progress: 7.7250000000000005/50.0 = 15.4% done in 215.0s, 1176.5s to go
on time step 618 (time=7.725), 0.410964 s/step
Meep progress: 7.8875/50.0 = 15.8% done in 219.2s, 1170.6s to go
on time step 631 (time=7.8875), 0.328712 s/step
Meep progress: 8.025/50.0 = 16.0% done in 223.5s, 1168.8s to go
on time step 642 (time=8.025), 0.382447 s/step
Meep progress: 8.175/50.0 = 16.4% done in 227.8s, 1165.2s to go
on time step 654 (time=8.175), 0.358178 s/step
Meep progress: 8.3375/50.0 = 16.7% done in 232.0s, 1159.3s to go
on time step 667 (time=8.3375), 0.326965 s/step
Meep progress: 8.4875/50.0 = 17.0% done in 236.3s, 1155.7s to go
on time step 679 (time=8.4875), 0.357785 s/step
Meep progress: 8.637500000000001/50.0 = 17.3% done in 240.5s, 1151.5s to go
on time step 691 (time=8.6375), 0.346249 s/step
Meep progress: 8.7875/50.0 = 17.6% done in 244.5s, 1146.8s to go
on time step 703 (time=8.7875), 0.338445 s/step
Meep progress: 8.950000000000001/50.0 = 17.9% done in 248.7s, 1140.5s to go
on time step 716 (time=8.95), 0.31948 s/step
Meep progress: 9.1125/50.0 = 18.2% done in 253.0s, 1135.2s to go
on time step 729 (time=9.1125), 0.333421 s/step
Meep progress: 9.275/50.0 = 18.6% done in 257.2s, 1129.4s to go
on time step 742 (time=9.275), 0.324705 s/step
Meep progress: 9.4375/50.0 = 18.9% done in 261.3s, 1123.1s to go
on time step 755 (time=9.4375), 0.31429 s/step
Meep progress: 9.600000000000001/50.0 = 19.2% done in 265.5s, 1117.2s to go
on time step 768 (time=9.6), 0.319763 s/step
Meep progress: 9.75/50.0 = 19.5% done in 269.6s, 1113.1s to go
on time step 780 (time=9.75), 0.346459 s/step
Meep progress: 9.9/50.0 = 19.8% done in 273.7s, 1108.8s to go
on time step 792 (time=9.9), 0.343724 s/step
Meep progress: 10.0625/50.0 = 20.1% done in 278.0s, 1103.3s to go
on time step 805 (time=10.0625), 0.325631 s/step
Meep progress: 10.225000000000001/50.0 = 20.5% done in 282.1s, 1097.5s to go
on time step 818 (time=10.225), 0.319283 s/step
Meep progress: 10.387500000000001/50.0 = 20.8% done in 286.3s, 1091.8s to go
on time step 831 (time=10.3875), 0.3202 s/step
Meep progress: 10.55/50.0 = 21.1% done in 290.5s, 1086.2s to go
on time step 844 (time=10.55), 0.32086 s/step
Meep progress: 10.7125/50.0 = 21.4% done in 294.7s, 1080.9s to go
on time step 857 (time=10.7125), 0.327438 s/step
Meep progress: 10.875/50.0 = 21.8% done in 298.9s, 1075.5s to go
on time step 870 (time=10.875), 0.323677 s/step
Meep progress: 11.037500000000001/50.0 = 22.1% done in 303.1s, 1070.1s to go
on time step 883 (time=11.0375), 0.324208 s/step
Meep progress: 11.200000000000001/50.0 = 22.4% done in 307.4s, 1064.8s to go
on time step 896 (time=11.2), 0.324572 s/step
Meep progress: 11.3625/50.0 = 22.7% done in 311.5s, 1059.3s to go
on time step 909 (time=11.3625), 0.31943 s/step
Meep progress: 11.525/50.0 = 23.0% done in 315.7s, 1054.0s to go
on time step 922 (time=11.525), 0.322974 s/step
Meep progress: 11.6875/50.0 = 23.4% done in 319.9s, 1048.6s to go
on time step 935 (time=11.6875), 0.319535 s/step
Meep progress: 11.850000000000001/50.0 = 23.7% done in 324.1s, 1043.3s to go
on time step 948 (time=11.85), 0.321881 s/step
Meep progress: 11.9875/50.0 = 24.0% done in 328.1s, 1040.3s to go
on time step 959 (time=11.9875), 0.364051 s/step
Meep progress: 12.1125/50.0 = 24.2% done in 332.3s, 1039.5s to go
on time step 969 (time=12.1125), 0.427495 s/step
Meep progress: 12.25/50.0 = 24.5% done in 336.4s, 1036.6s to go
on time step 980 (time=12.25), 0.369057 s/step
Meep progress: 12.412500000000001/50.0 = 24.8% done in 340.6s, 1031.3s to go
on time step 993 (time=12.4125), 0.319912 s/step
Meep progress: 12.575000000000001/50.0 = 25.2% done in 344.7s, 1026.0s to go
on time step 1006 (time=12.575), 0.321823 s/step
Meep progress: 12.7375/50.0 = 25.5% done in 348.9s, 1020.6s to go
on time step 1019 (time=12.7375), 0.317264 s/step
Meep progress: 12.887500000000001/50.0 = 25.8% done in 353.0s, 1016.6s to go
on time step 1031 (time=12.8875), 0.345374 s/step
Meep progress: 13.037500000000001/50.0 = 26.1% done in 357.1s, 1012.3s to go
on time step 1043 (time=13.0375), 0.337256 s/step
Meep progress: 13.1875/50.0 = 26.4% done in 361.3s, 1008.5s to go
on time step 1055 (time=13.1875), 0.350643 s/step
Meep progress: 13.350000000000001/50.0 = 26.7% done in 365.4s, 1003.2s to go
on time step 1068 (time=13.35), 0.320431 s/step
Meep progress: 13.512500000000001/50.0 = 27.0% done in 369.6s, 998.1s to go
on time step 1081 (time=13.5125), 0.321807 s/step
Meep progress: 13.675/50.0 = 27.4% done in 373.9s, 993.1s to go
on time step 1094 (time=13.675), 0.327759 s/step
Meep progress: 13.8375/50.0 = 27.7% done in 378.0s, 987.9s to go
on time step 1107 (time=13.8375), 0.319805 s/step
Meep progress: 14.0/50.0 = 28.0% done in 382.2s, 982.8s to go
on time step 1120 (time=14), 0.321848 s/step
Meep progress: 14.162500000000001/50.0 = 28.3% done in 386.4s, 977.9s to go
on time step 1133 (time=14.1625), 0.325571 s/step
Meep progress: 14.3125/50.0 = 28.6% done in 390.6s, 974.0s to go
on time step 1145 (time=14.3125), 0.348554 s/step
Meep progress: 14.4625/50.0 = 28.9% done in 394.8s, 970.1s to go
on time step 1157 (time=14.4625), 0.346128 s/step
Meep progress: 14.625/50.0 = 29.2% done in 398.9s, 964.9s to go
on time step 1170 (time=14.625), 0.317417 s/step
Meep progress: 14.787500000000001/50.0 = 29.6% done in 403.1s, 959.8s to go
on time step 1183 (time=14.7875), 0.319411 s/step
Meep progress: 14.950000000000001/50.0 = 29.9% done in 407.2s, 954.7s to go
on time step 1196 (time=14.95), 0.318246 s/step
Meep progress: 15.1125/50.0 = 30.2% done in 411.3s, 949.6s to go
on time step 1209 (time=15.1125), 0.318778 s/step
Meep progress: 15.275/50.0 = 30.6% done in 415.5s, 944.5s to go
on time step 1222 (time=15.275), 0.316959 s/step
Meep progress: 15.4375/50.0 = 30.9% done in 419.6s, 939.4s to go
on time step 1235 (time=15.4375), 0.317467 s/step
Meep progress: 15.5875/50.0 = 31.2% done in 423.6s, 935.2s to go
on time step 1247 (time=15.5875), 0.335145 s/step
Meep progress: 15.75/50.0 = 31.5% done in 427.8s, 930.3s to go
on time step 1260 (time=15.75), 0.320633 s/step
Meep progress: 15.912500000000001/50.0 = 31.8% done in 431.9s, 925.2s to go
on time step 1273 (time=15.9125), 0.316384 s/step
Meep progress: 16.075/50.0 = 32.2% done in 436.2s, 920.5s to go
on time step 1286 (time=16.075), 0.329906 s/step
Meep progress: 16.2375/50.0 = 32.5% done in 440.4s, 915.6s to go
on time step 1299 (time=16.2375), 0.320745 s/step
Meep progress: 16.400000000000002/50.0 = 32.8% done in 444.6s, 910.8s to go
on time step 1312 (time=16.4), 0.324817 s/step
Meep progress: 16.55/50.0 = 33.1% done in 448.7s, 906.9s to go
on time step 1324 (time=16.55), 0.343522 s/step
Meep progress: 16.7/50.0 = 33.4% done in 452.9s, 903.0s to go
on time step 1336 (time=16.7), 0.347579 s/step
Meep progress: 16.8625/50.0 = 33.7% done in 457.1s, 898.3s to go
on time step 1349 (time=16.8625), 0.32681 s/step
Meep progress: 17.025000000000002/50.0 = 34.1% done in 461.3s, 893.4s to go
on time step 1362 (time=17.025), 0.319558 s/step
Meep progress: 17.1875/50.0 = 34.4% done in 465.4s, 888.5s to go
on time step 1375 (time=17.1875), 0.317576 s/step
Meep progress: 17.35/50.0 = 34.7% done in 469.5s, 883.6s to go
on time step 1388 (time=17.35), 0.319274 s/step
Meep progress: 17.5125/50.0 = 35.0% done in 473.8s, 878.9s to go
on time step 1401 (time=17.5125), 0.326407 s/step
Meep progress: 17.650000000000002/50.0 = 35.3% done in 478.0s, 876.1s to go
on time step 1412 (time=17.65), 0.383971 s/step
Meep progress: 17.775000000000002/50.0 = 35.6% done in 482.3s, 874.3s to go
on time step 1422 (time=17.775), 0.426616 s/step
Meep progress: 17.925/50.0 = 35.8% done in 486.5s, 870.6s to go
on time step 1434 (time=17.925), 0.353731 s/step
Meep progress: 18.087500000000002/50.0 = 36.2% done in 490.9s, 866.1s to go
on time step 1447 (time=18.0875), 0.33613 s/step
Meep progress: 18.25/50.0 = 36.5% done in 495.2s, 861.5s to go
on time step 1460 (time=18.25), 0.331171 s/step
Meep progress: 18.4125/50.0 = 36.8% done in 499.4s, 856.7s to go
on time step 1473 (time=18.4125), 0.319838 s/step
Meep progress: 18.575/50.0 = 37.2% done in 503.5s, 851.8s to go
on time step 1486 (time=18.575), 0.318917 s/step
Meep progress: 18.7375/50.0 = 37.5% done in 507.7s, 847.0s to go
on time step 1499 (time=18.7375), 0.320345 s/step
Meep progress: 18.900000000000002/50.0 = 37.8% done in 512.0s, 842.5s to go
on time step 1512 (time=18.9), 0.331098 s/step
Meep progress: 19.0625/50.0 = 38.1% done in 516.2s, 837.8s to go
on time step 1525 (time=19.0625), 0.325575 s/step
Meep progress: 19.225/50.0 = 38.4% done in 520.3s, 832.9s to go
on time step 1538 (time=19.225), 0.317295 s/step
Meep progress: 19.387500000000003/50.0 = 38.8% done in 524.5s, 828.2s to go
on time step 1551 (time=19.3875), 0.322066 s/step
Meep progress: 19.55/50.0 = 39.1% done in 528.7s, 823.5s to go
on time step 1564 (time=19.55), 0.321074 s/step
Meep progress: 19.712500000000002/50.0 = 39.4% done in 533.0s, 819.0s to go
on time step 1577 (time=19.7125), 0.333529 s/step
Meep progress: 19.85/50.0 = 39.7% done in 537.1s, 815.8s to go
on time step 1588 (time=19.85), 0.367658 s/step
Meep progress: 20.0/50.0 = 40.0% done in 541.3s, 812.0s to go
on time step 1600 (time=20), 0.353144 s/step
Meep progress: 20.150000000000002/50.0 = 40.3% done in 545.7s, 808.4s to go
on time step 1612 (time=20.15), 0.36407 s/step
Meep progress: 20.3/50.0 = 40.6% done in 549.9s, 804.5s to go
on time step 1624 (time=20.3), 0.351547 s/step
Meep progress: 20.462500000000002/50.0 = 40.9% done in 554.0s, 799.7s to go
on time step 1637 (time=20.4625), 0.318242 s/step
Meep progress: 20.6125/50.0 = 41.2% done in 558.2s, 795.8s to go
on time step 1649 (time=20.6125), 0.343139 s/step
Meep progress: 20.775000000000002/50.0 = 41.6% done in 562.3s, 791.0s to go
on time step 1662 (time=20.775), 0.317283 s/step
Meep progress: 20.9375/50.0 = 41.9% done in 566.7s, 786.5s to go
on time step 1675 (time=20.9375), 0.336518 s/step
Meep progress: 21.0625/50.0 = 42.1% done in 570.9s, 784.4s to go
on time step 1685 (time=21.0625), 0.429083 s/step
Meep progress: 21.1875/50.0 = 42.4% done in 575.1s, 782.1s to go
on time step 1695 (time=21.1875), 0.41862 s/step
Meep progress: 21.35/50.0 = 42.7% done in 579.3s, 777.3s to go
on time step 1708 (time=21.35), 0.316994 s/step
Meep progress: 21.512500000000003/50.0 = 43.0% done in 583.4s, 772.5s to go
on time step 1721 (time=21.5125), 0.316429 s/step
Meep progress: 21.675/50.0 = 43.4% done in 587.5s, 767.8s to go
on time step 1734 (time=21.675), 0.320766 s/step
Meep progress: 21.837500000000002/50.0 = 43.7% done in 591.6s, 763.0s to go
on time step 1747 (time=21.8375), 0.314306 s/step
Meep progress: 22.0/50.0 = 44.0% done in 595.8s, 758.3s to go
on time step 1760 (time=22), 0.321095 s/step
Meep progress: 22.1625/50.0 = 44.3% done in 600.0s, 753.7s to go
on time step 1773 (time=22.1625), 0.327114 s/step
Meep progress: 22.325000000000003/50.0 = 44.7% done in 604.3s, 749.1s to go
on time step 1786 (time=22.325), 0.327587 s/step
Meep progress: 22.4875/50.0 = 45.0% done in 608.5s, 744.5s to go
on time step 1799 (time=22.4875), 0.322173 s/step
Meep progress: 22.650000000000002/50.0 = 45.3% done in 612.7s, 739.8s to go
on time step 1812 (time=22.65), 0.321012 s/step
Meep progress: 22.8125/50.0 = 45.6% done in 616.9s, 735.2s to go
on time step 1825 (time=22.8125), 0.323264 s/step
Meep progress: 22.975/50.0 = 46.0% done in 621.0s, 730.5s to go
on time step 1838 (time=22.975), 0.319995 s/step
Meep progress: 23.137500000000003/50.0 = 46.3% done in 625.2s, 725.9s to go
on time step 1851 (time=23.1375), 0.321538 s/step
Meep progress: 23.3/50.0 = 46.6% done in 629.4s, 721.2s to go
on time step 1864 (time=23.3), 0.322412 s/step
Meep progress: 23.462500000000002/50.0 = 46.9% done in 633.6s, 716.6s to go
on time step 1877 (time=23.4625), 0.323263 s/step
Meep progress: 23.625/50.0 = 47.2% done in 637.8s, 712.0s to go
on time step 1890 (time=23.625), 0.322855 s/step
Meep progress: 23.7875/50.0 = 47.6% done in 641.9s, 707.3s to go
on time step 1903 (time=23.7875), 0.315758 s/step
Meep progress: 23.950000000000003/50.0 = 47.9% done in 646.0s, 702.7s to go
on time step 1916 (time=23.95), 0.315495 s/step
Meep progress: 24.1125/50.0 = 48.2% done in 650.2s, 698.0s to go
on time step 1929 (time=24.1125), 0.319785 s/step
Meep progress: 24.275000000000002/50.0 = 48.6% done in 654.3s, 693.4s to go
on time step 1942 (time=24.275), 0.31784 s/step
Meep progress: 24.4375/50.0 = 48.9% done in 658.4s, 688.7s to go
on time step 1955 (time=24.4375), 0.318321 s/step
Meep progress: 24.6/50.0 = 49.2% done in 662.5s, 684.1s to go
on time step 1968 (time=24.6), 0.315692 s/step
Meep progress: 24.762500000000003/50.0 = 49.5% done in 666.7s, 679.5s to go
on time step 1981 (time=24.7625), 0.320322 s/step
Meep progress: 24.925/50.0 = 49.8% done in 670.9s, 674.9s to go
on time step 1994 (time=24.925), 0.319441 s/step
Meep progress: 25.087500000000002/50.0 = 50.2% done in 675.0s, 670.3s to go
on time step 2007 (time=25.0875), 0.320221 s/step
Meep progress: 25.25/50.0 = 50.5% done in 679.2s, 665.7s to go
on time step 2020 (time=25.25), 0.317909 s/step
Meep progress: 25.4125/50.0 = 50.8% done in 683.4s, 661.2s to go
on time step 2033 (time=25.4125), 0.322918 s/step
Meep progress: 25.575000000000003/50.0 = 51.2% done in 687.5s, 656.6s to go
on time step 2046 (time=25.575), 0.32265 s/step
Meep progress: 25.7375/50.0 = 51.5% done in 691.7s, 652.1s to go
on time step 2059 (time=25.7375), 0.322709 s/step
Meep progress: 25.900000000000002/50.0 = 51.8% done in 695.9s, 647.5s to go
on time step 2072 (time=25.9), 0.319055 s/step
Meep progress: 26.0625/50.0 = 52.1% done in 700.1s, 643.0s to go
on time step 2085 (time=26.0625), 0.324416 s/step
Meep progress: 26.225/50.0 = 52.4% done in 704.3s, 638.5s to go
on time step 2098 (time=26.225), 0.321608 s/step
Meep progress: 26.387500000000003/50.0 = 52.8% done in 708.6s, 634.0s to go
on time step 2111 (time=26.3875), 0.328486 s/step
Meep progress: 26.55/50.0 = 53.1% done in 712.8s, 629.6s to go
on time step 2124 (time=26.55), 0.325133 s/step
Meep progress: 26.712500000000002/50.0 = 53.4% done in 717.1s, 625.1s to go
on time step 2137 (time=26.7125), 0.329597 s/step
Meep progress: 26.875/50.0 = 53.8% done in 721.3s, 620.7s to go
on time step 2150 (time=26.875), 0.325953 s/step
Meep progress: 27.0375/50.0 = 54.1% done in 725.5s, 616.1s to go
on time step 2163 (time=27.0375), 0.321724 s/step
Meep progress: 27.1875/50.0 = 54.4% done in 729.8s, 612.3s to go
on time step 2175 (time=27.1875), 0.355971 s/step
Meep progress: 27.35/50.0 = 54.7% done in 734.0s, 607.9s to go
on time step 2188 (time=27.35), 0.329979 s/step
Meep progress: 27.512500000000003/50.0 = 55.0% done in 738.3s, 603.4s to go
on time step 2201 (time=27.5125), 0.323383 s/step
Meep progress: 27.675/50.0 = 55.4% done in 742.5s, 598.9s to go
on time step 2214 (time=27.675), 0.324369 s/step
Meep progress: 27.837500000000002/50.0 = 55.7% done in 746.6s, 594.4s to go
on time step 2227 (time=27.8375), 0.315135 s/step
Meep progress: 28.0/50.0 = 56.0% done in 750.7s, 589.8s to go
on time step 2240 (time=28), 0.316261 s/step
Meep progress: 28.1625/50.0 = 56.3% done in 754.8s, 585.3s to go
on time step 2253 (time=28.1625), 0.319534 s/step
Meep progress: 28.325000000000003/50.0 = 56.6% done in 759.0s, 580.8s to go
on time step 2266 (time=28.325), 0.320838 s/step
Meep progress: 28.4875/50.0 = 57.0% done in 763.1s, 576.3s to go
on time step 2279 (time=28.4875), 0.316586 s/step
Meep progress: 28.650000000000002/50.0 = 57.3% done in 767.3s, 571.8s to go
on time step 2292 (time=28.65), 0.324395 s/step
Meep progress: 28.8125/50.0 = 57.6% done in 771.6s, 567.4s to go
on time step 2305 (time=28.8125), 0.326789 s/step
Meep progress: 28.975/50.0 = 58.0% done in 775.8s, 562.9s to go
on time step 2318 (time=28.975), 0.320695 s/step
Meep progress: 29.137500000000003/50.0 = 58.3% done in 779.9s, 558.4s to go
on time step 2331 (time=29.1375), 0.319862 s/step
Meep progress: 29.3/50.0 = 58.6% done in 784.1s, 553.9s to go
on time step 2344 (time=29.3), 0.31974 s/step
Meep progress: 29.462500000000002/50.0 = 58.9% done in 788.2s, 549.5s to go
on time step 2357 (time=29.4625), 0.320391 s/step
Meep progress: 29.625/50.0 = 59.2% done in 792.4s, 545.0s to go
on time step 2370 (time=29.625), 0.320516 s/step
Meep progress: 29.7875/50.0 = 59.6% done in 796.6s, 540.6s to go
on time step 2383 (time=29.7875), 0.325816 s/step
Meep progress: 29.950000000000003/50.0 = 59.9% done in 800.8s, 536.1s to go
on time step 2396 (time=29.95), 0.317298 s/step
Meep progress: 30.1125/50.0 = 60.2% done in 804.9s, 531.6s to go
on time step 2409 (time=30.1125), 0.316935 s/step
Meep progress: 30.275000000000002/50.0 = 60.6% done in 809.0s, 527.1s to go
on time step 2422 (time=30.275), 0.317266 s/step
Meep progress: 30.4375/50.0 = 60.9% done in 813.1s, 522.6s to go
on time step 2435 (time=30.4375), 0.31841 s/step
Meep progress: 30.6/50.0 = 61.2% done in 817.3s, 518.2s to go
on time step 2448 (time=30.6), 0.319811 s/step
Meep progress: 30.762500000000003/50.0 = 61.5% done in 821.5s, 513.7s to go
on time step 2461 (time=30.7625), 0.319495 s/step
Meep progress: 30.9125/50.0 = 61.8% done in 825.5s, 509.7s to go
on time step 2473 (time=30.9125), 0.33784 s/step
Meep progress: 31.075000000000003/50.0 = 62.2% done in 829.6s, 505.2s to go
on time step 2486 (time=31.075), 0.316 s/step
Meep progress: 31.2375/50.0 = 62.5% done in 833.8s, 500.8s to go
on time step 2499 (time=31.2375), 0.323557 s/step
Meep progress: 31.400000000000002/50.0 = 62.8% done in 837.9s, 496.4s to go
on time step 2512 (time=31.4), 0.316685 s/step
Meep progress: 31.5625/50.0 = 63.1% done in 842.1s, 491.9s to go
on time step 2525 (time=31.5625), 0.321039 s/step
Meep progress: 31.712500000000002/50.0 = 63.4% done in 846.3s, 488.1s to go
on time step 2537 (time=31.7125), 0.352454 s/step
Meep progress: 31.8625/50.0 = 63.7% done in 850.5s, 484.1s to go
on time step 2549 (time=31.8625), 0.343257 s/step
Meep progress: 32.0125/50.0 = 64.0% done in 854.6s, 480.2s to go
on time step 2561 (time=32.0125), 0.342313 s/step
Meep progress: 32.15/50.0 = 64.3% done in 858.9s, 476.9s to go
on time step 2572 (time=32.15), 0.394434 s/step
Meep progress: 32.2875/50.0 = 64.6% done in 863.0s, 473.4s to go
on time step 2583 (time=32.2875), 0.370875 s/step
Meep progress: 32.425000000000004/50.0 = 64.9% done in 867.0s, 469.9s to go
on time step 2594 (time=32.425), 0.366335 s/step
Meep progress: 32.550000000000004/50.0 = 65.1% done in 871.3s, 467.1s to go
on time step 2604 (time=32.55), 0.432273 s/step
Meep progress: 32.675000000000004/50.0 = 65.4% done in 875.5s, 464.2s to go
on time step 2614 (time=32.675), 0.413859 s/step
Meep progress: 32.825/50.0 = 65.6% done in 879.6s, 460.2s to go
on time step 2626 (time=32.825), 0.34497 s/step
Meep progress: 32.975/50.0 = 66.0% done in 883.9s, 456.4s to go
on time step 2638 (time=32.975), 0.357857 s/step
Meep progress: 33.125/50.0 = 66.2% done in 888.2s, 452.5s to go
on time step 2650 (time=33.125), 0.354768 s/step
Meep progress: 33.275/50.0 = 66.6% done in 892.4s, 448.5s to go
on time step 2662 (time=33.275), 0.351828 s/step
Meep progress: 33.425000000000004/50.0 = 66.9% done in 896.5s, 444.6s to go
on time step 2674 (time=33.425), 0.345012 s/step
Meep progress: 33.575/50.0 = 67.2% done in 900.6s, 440.6s to go
on time step 2686 (time=33.575), 0.339706 s/step
Meep progress: 33.737500000000004/50.0 = 67.5% done in 904.9s, 436.2s to go
on time step 2699 (time=33.7375), 0.327474 s/step
Meep progress: 33.8875/50.0 = 67.8% done in 909.0s, 432.2s to go
on time step 2711 (time=33.8875), 0.345455 s/step
Meep progress: 34.025/50.0 = 68.0% done in 913.3s, 428.8s to go
on time step 2722 (time=34.025), 0.388904 s/step
Meep progress: 34.15/50.0 = 68.3% done in 917.4s, 425.8s to go
on time step 2732 (time=34.15), 0.409138 s/step
Meep progress: 34.275/50.0 = 68.6% done in 921.4s, 422.7s to go
on time step 2742 (time=34.275), 0.400308 s/step
Meep progress: 34.4375/50.0 = 68.9% done in 925.5s, 418.3s to go
on time step 2755 (time=34.4375), 0.319148 s/step
Meep progress: 34.5875/50.0 = 69.2% done in 929.8s, 414.3s to go
on time step 2767 (time=34.5875), 0.352829 s/step
Meep progress: 34.737500000000004/50.0 = 69.5% done in 933.9s, 410.3s to go
on time step 2779 (time=34.7375), 0.346971 s/step
Meep progress: 34.9/50.0 = 69.8% done in 938.2s, 405.9s to go
on time step 2792 (time=34.9), 0.331387 s/step
Meep progress: 35.0625/50.0 = 70.1% done in 942.4s, 401.5s to go
on time step 2805 (time=35.0625), 0.318073 s/step
Meep progress: 35.225/50.0 = 70.4% done in 946.5s, 397.0s to go
on time step 2818 (time=35.225), 0.319602 s/step
Meep progress: 35.3875/50.0 = 70.8% done in 950.7s, 392.6s to go
on time step 2831 (time=35.3875), 0.318395 s/step
Meep progress: 35.550000000000004/50.0 = 71.1% done in 954.7s, 388.1s to go
on time step 2844 (time=35.55), 0.313167 s/step
Meep progress: 35.7125/50.0 = 71.4% done in 958.9s, 383.6s to go
on time step 2857 (time=35.7125), 0.318768 s/step
Meep progress: 35.875/50.0 = 71.8% done in 963.0s, 379.2s to go
on time step 2870 (time=35.875), 0.31745 s/step
Meep progress: 36.0375/50.0 = 72.1% done in 967.1s, 374.7s to go
on time step 2883 (time=36.0375), 0.318144 s/step
Meep progress: 36.2/50.0 = 72.4% done in 971.2s, 370.2s to go
on time step 2896 (time=36.2), 0.312371 s/step
Meep progress: 36.362500000000004/50.0 = 72.7% done in 975.4s, 365.8s to go
on time step 2909 (time=36.3625), 0.320665 s/step
Meep progress: 36.5125/50.0 = 73.0% done in 979.5s, 361.8s to go
on time step 2921 (time=36.5125), 0.346299 s/step
Meep progress: 36.675000000000004/50.0 = 73.4% done in 983.8s, 357.4s to go
on time step 2934 (time=36.675), 0.325135 s/step
Meep progress: 36.825/50.0 = 73.6% done in 987.8s, 353.4s to go
on time step 2946 (time=36.825), 0.335044 s/step
Meep progress: 36.975/50.0 = 74.0% done in 992.0s, 349.4s to go
on time step 2958 (time=36.975), 0.347974 s/step
Meep progress: 37.125/50.0 = 74.2% done in 996.0s, 345.4s to go
on time step 2970 (time=37.125), 0.33849 s/step
Meep progress: 37.275/50.0 = 74.6% done in 1000.2s, 341.5s to go
on time step 2982 (time=37.275), 0.348993 s/step
Meep progress: 37.425000000000004/50.0 = 74.9% done in 1004.3s, 337.5s to go
on time step 2994 (time=37.425), 0.34305 s/step
Meep progress: 37.5875/50.0 = 75.2% done in 1008.5s, 333.0s to go
on time step 3007 (time=37.5875), 0.321778 s/step
Meep progress: 37.75/50.0 = 75.5% done in 1012.7s, 328.6s to go
on time step 3020 (time=37.75), 0.320168 s/step
Meep progress: 37.9125/50.0 = 75.8% done in 1016.9s, 324.2s to go
on time step 3033 (time=37.9125), 0.328557 s/step
Meep progress: 38.0625/50.0 = 76.1% done in 1021.2s, 320.3s to go
on time step 3045 (time=38.0625), 0.352832 s/step
Meep progress: 38.2125/50.0 = 76.4% done in 1025.3s, 316.3s to go
on time step 3057 (time=38.2125), 0.346388 s/step
Meep progress: 38.375/50.0 = 76.8% done in 1029.5s, 311.9s to go
on time step 3070 (time=38.375), 0.322527 s/step
Meep progress: 38.5375/50.0 = 77.1% done in 1033.7s, 307.5s to go
on time step 3083 (time=38.5375), 0.322001 s/step
Meep progress: 38.7/50.0 = 77.4% done in 1037.9s, 303.1s to go
on time step 3096 (time=38.7), 0.321982 s/step
Meep progress: 38.862500000000004/50.0 = 77.7% done in 1042.1s, 298.7s to go
on time step 3109 (time=38.8625), 0.323342 s/step
Meep progress: 39.025000000000006/50.0 = 78.1% done in 1046.3s, 294.2s to go
on time step 3122 (time=39.025), 0.320543 s/step
Meep progress: 39.175000000000004/50.0 = 78.4% done in 1050.5s, 290.3s to go
on time step 3134 (time=39.175), 0.352231 s/step
Meep progress: 39.325/50.0 = 78.6% done in 1054.6s, 286.3s to go
on time step 3146 (time=39.325), 0.345979 s/step
Meep progress: 39.487500000000004/50.0 = 79.0% done in 1058.9s, 281.9s to go
on time step 3159 (time=39.4875), 0.329742 s/step
Meep progress: 39.650000000000006/50.0 = 79.3% done in 1063.1s, 277.5s to go
on time step 3172 (time=39.65), 0.3199 s/step
Meep progress: 39.8125/50.0 = 79.6% done in 1067.2s, 273.1s to go
on time step 3185 (time=39.8125), 0.318875 s/step
Meep progress: 39.975/50.0 = 80.0% done in 1071.4s, 268.7s to go
on time step 3198 (time=39.975), 0.321658 s/step
Meep progress: 40.1375/50.0 = 80.3% done in 1075.5s, 264.3s to go
on time step 3211 (time=40.1375), 0.317765 s/step
Meep progress: 40.2625/50.0 = 80.5% done in 1079.6s, 261.1s to go
on time step 3221 (time=40.2625), 0.410111 s/step
Meep progress: 40.3875/50.0 = 80.8% done in 1083.9s, 258.0s to go
on time step 3231 (time=40.3875), 0.425738 s/step
Meep progress: 40.525000000000006/50.0 = 81.1% done in 1088.1s, 254.4s to go
on time step 3242 (time=40.525), 0.383809 s/step
Meep progress: 40.675000000000004/50.0 = 81.4% done in 1092.2s, 250.4s to go
on time step 3254 (time=40.675), 0.343204 s/step
Meep progress: 40.825/50.0 = 81.6% done in 1096.4s, 246.4s to go
on time step 3266 (time=40.825), 0.344596 s/step
Meep progress: 40.987500000000004/50.0 = 82.0% done in 1100.5s, 242.0s to go
on time step 3279 (time=40.9875), 0.320368 s/step
Meep progress: 41.150000000000006/50.0 = 82.3% done in 1104.7s, 237.6s to go
on time step 3292 (time=41.15), 0.322212 s/step
Meep progress: 41.2875/50.0 = 82.6% done in 1109.0s, 234.0s to go
on time step 3303 (time=41.2875), 0.389541 s/step
Meep progress: 41.4125/50.0 = 82.8% done in 1113.3s, 230.9s to go
on time step 3313 (time=41.4125), 0.427493 s/step
Meep progress: 41.550000000000004/50.0 = 83.1% done in 1117.6s, 227.3s to go
on time step 3324 (time=41.55), 0.392272 s/step
Meep progress: 41.6875/50.0 = 83.4% done in 1121.7s, 223.7s to go
on time step 3335 (time=41.6875), 0.368612 s/step
Meep progress: 41.825/50.0 = 83.6% done in 1125.8s, 220.0s to go
on time step 3346 (time=41.825), 0.374023 s/step
Meep progress: 41.987500000000004/50.0 = 84.0% done in 1129.9s, 215.6s to go
on time step 3359 (time=41.9875), 0.319183 s/step
Meep progress: 42.150000000000006/50.0 = 84.3% done in 1134.1s, 211.2s to go
on time step 3372 (time=42.15), 0.323405 s/step
Meep progress: 42.3125/50.0 = 84.6% done in 1138.3s, 206.8s to go
on time step 3385 (time=42.3125), 0.322221 s/step
Meep progress: 42.475/50.0 = 85.0% done in 1142.6s, 202.4s to go
on time step 3398 (time=42.475), 0.325639 s/step
Meep progress: 42.6375/50.0 = 85.3% done in 1146.7s, 198.0s to go
on time step 3411 (time=42.6375), 0.320375 s/step
Meep progress: 42.7875/50.0 = 85.6% done in 1151.1s, 194.0s to go
on time step 3423 (time=42.7875), 0.36342 s/step
Meep progress: 42.95/50.0 = 85.9% done in 1155.3s, 189.6s to go
on time step 3436 (time=42.95), 0.324045 s/step
Meep progress: 43.112500000000004/50.0 = 86.2% done in 1159.3s, 185.2s to go
on time step 3449 (time=43.1125), 0.311713 s/step
Meep progress: 43.275000000000006/50.0 = 86.6% done in 1163.6s, 180.8s to go
on time step 3462 (time=43.275), 0.328664 s/step
Meep progress: 43.4375/50.0 = 86.9% done in 1167.8s, 176.4s to go
on time step 3475 (time=43.4375), 0.323978 s/step
Meep progress: 43.5625/50.0 = 87.1% done in 1172.1s, 173.2s to go
on time step 3485 (time=43.5625), 0.42799 s/step
Meep progress: 43.6875/50.0 = 87.4% done in 1176.3s, 170.0s to go
on time step 3495 (time=43.6875), 0.42322 s/step
Meep progress: 43.825/50.0 = 87.6% done in 1180.4s, 166.3s to go
on time step 3506 (time=43.825), 0.365864 s/step
Meep progress: 43.987500000000004/50.0 = 88.0% done in 1184.7s, 161.9s to go
on time step 3519 (time=43.9875), 0.331115 s/step
Meep progress: 44.150000000000006/50.0 = 88.3% done in 1188.8s, 157.5s to go
on time step 3532 (time=44.15), 0.319722 s/step
Meep progress: 44.3125/50.0 = 88.6% done in 1193.0s, 153.1s to go
on time step 3545 (time=44.3125), 0.318037 s/step
Meep progress: 44.475/50.0 = 89.0% done in 1197.3s, 148.7s to go
on time step 3558 (time=44.475), 0.330851 s/step
Meep progress: 44.625/50.0 = 89.2% done in 1201.4s, 144.7s to go
on time step 3570 (time=44.625), 0.34791 s/step
Meep progress: 44.775000000000006/50.0 = 89.6% done in 1205.5s, 140.7s to go
on time step 3582 (time=44.775), 0.341763 s/step
Meep progress: 44.9375/50.0 = 89.9% done in 1209.8s, 136.3s to go
on time step 3595 (time=44.9375), 0.326181 s/step
Meep progress: 45.1/50.0 = 90.2% done in 1213.9s, 131.9s to go
on time step 3608 (time=45.1), 0.318377 s/step
Meep progress: 45.2625/50.0 = 90.5% done in 1218.1s, 127.5s to go
on time step 3621 (time=45.2625), 0.320612 s/step
Meep progress: 45.425000000000004/50.0 = 90.9% done in 1222.2s, 123.1s to go
on time step 3634 (time=45.425), 0.320114 s/step
Meep progress: 45.587500000000006/50.0 = 91.2% done in 1226.4s, 118.7s to go
on time step 3647 (time=45.5875), 0.322746 s/step
Meep progress: 45.737500000000004/50.0 = 91.5% done in 1230.6s, 114.7s to go
on time step 3659 (time=45.7375), 0.345133 s/step
Meep progress: 45.8875/50.0 = 91.8% done in 1234.8s, 110.7s to go
on time step 3671 (time=45.8875), 0.347727 s/step
Meep progress: 46.050000000000004/50.0 = 92.1% done in 1239.0s, 106.3s to go
on time step 3684 (time=46.05), 0.327283 s/step
Meep progress: 46.212500000000006/50.0 = 92.4% done in 1243.2s, 101.9s to go
on time step 3697 (time=46.2125), 0.319563 s/step
Meep progress: 46.375/50.0 = 92.8% done in 1247.4s, 97.5s to go
on time step 3710 (time=46.375), 0.321824 s/step
Meep progress: 46.5375/50.0 = 93.1% done in 1251.5s, 93.1s to go
on time step 3723 (time=46.5375), 0.319861 s/step
Meep progress: 46.7/50.0 = 93.4% done in 1255.7s, 88.7s to go
on time step 3736 (time=46.7), 0.318899 s/step
Meep progress: 46.85/50.0 = 93.7% done in 1259.7s, 84.7s to go
on time step 3748 (time=46.85), 0.340821 s/step
Meep progress: 47.0/50.0 = 94.0% done in 1263.9s, 80.7s to go
on time step 3760 (time=47), 0.34472 s/step
Meep progress: 47.150000000000006/50.0 = 94.3% done in 1267.9s, 76.6s to go
on time step 3772 (time=47.15), 0.33558 s/step
Meep progress: 47.3125/50.0 = 94.6% done in 1272.1s, 72.3s to go
on time step 3785 (time=47.3125), 0.319125 s/step
Meep progress: 47.475/50.0 = 95.0% done in 1276.2s, 67.9s to go
on time step 3798 (time=47.475), 0.315871 s/step
Meep progress: 47.6375/50.0 = 95.3% done in 1280.3s, 63.5s to go
on time step 3811 (time=47.6375), 0.317181 s/step
Meep progress: 47.800000000000004/50.0 = 95.6% done in 1284.4s, 59.1s to go
on time step 3824 (time=47.8), 0.317442 s/step
Meep progress: 47.962500000000006/50.0 = 95.9% done in 1288.8s, 54.7s to go
on time step 3837 (time=47.9625), 0.334058 s/step
Meep progress: 48.087500000000006/50.0 = 96.2% done in 1293.0s, 51.4s to go
on time step 3847 (time=48.0875), 0.423989 s/step
Meep progress: 48.212500000000006/50.0 = 96.4% done in 1297.1s, 48.1s to go
on time step 3857 (time=48.2125), 0.408959 s/step
Meep progress: 48.375/50.0 = 96.8% done in 1301.3s, 43.7s to go
on time step 3870 (time=48.375), 0.321996 s/step
Meep progress: 48.5375/50.0 = 97.1% done in 1305.6s, 39.3s to go
on time step 3883 (time=48.5375), 0.331648 s/step
Meep progress: 48.6875/50.0 = 97.4% done in 1309.8s, 35.3s to go
on time step 3895 (time=48.6875), 0.352272 s/step
Meep progress: 48.85/50.0 = 97.7% done in 1313.9s, 30.9s to go
on time step 3908 (time=48.85), 0.316009 s/step
Meep progress: 49.0125/50.0 = 98.0% done in 1318.2s, 26.6s to go
on time step 3921 (time=49.0125), 0.330537 s/step
Meep progress: 49.1625/50.0 = 98.3% done in 1322.4s, 22.5s to go
on time step 3933 (time=49.1625), 0.346637 s/step
Meep progress: 49.3125/50.0 = 98.6% done in 1326.5s, 18.5s to go
on time step 3945 (time=49.3125), 0.342672 s/step
Meep progress: 49.475/50.0 = 99.0% done in 1330.6s, 14.1s to go
on time step 3958 (time=49.475), 0.319968 s/step
Meep progress: 49.6375/50.0 = 99.3% done in 1334.8s, 9.7s to go
on time step 3971 (time=49.6375), 0.322361 s/step
Meep progress: 49.800000000000004/50.0 = 99.6% done in 1339.0s, 5.4s to go
on time step 3984 (time=49.8), 0.322977 s/step
Meep progress: 49.962500000000006/50.0 = 99.9% done in 1343.2s, 1.0s to go
on time step 3997 (time=49.9625), 0.317182 s/step
run 0 finished at t = 50.0 (4000 timesteps)
creating output file "./findAbsorption-refl-flux.h5"...
flux1:, 0.5, -1.4379427460732106e-6, -1.437942785999493e-6
flux1:, 0.5066889632107023, -1.6844574893457444e-6, -1.684457808413857e-6
flux1:, 0.5133779264214047, -1.9707859774022573e-6, -1.970785706884753e-6
flux1:, 0.520066889632107, -2.3029480065085157e-6, -2.302947842430875e-6
flux1:, 0.5267558528428093, -2.6878091819500767e-6, -2.68780959672919e-6
flux1:, 0.5334448160535117, -3.1331864516612113e-6, -3.133186343442251e-6
flux1:, 0.540133779264214, -3.647970629532146e-6, -3.6479702484248778e-6
flux1:, 0.5468227424749164, -4.242263195303485e-6, -4.242263576473537e-6
flux1:, 0.5535117056856187, -4.927522223353546e-6, -4.927522378578368e-6
flux1:, 0.560200668896321, -5.7167288793035504e-6, -5.716728359319168e-6
flux1:, 0.5668896321070234, -6.624575526614005e-6, -6.624575708557038e-6
flux1:, 0.5735785953177257, -7.667665533035074e-6, -7.667665973227496e-6
flux1:, 0.580267558528428, -8.864736525350322e-6, -8.864736038645992e-6
flux1:, 0.5869565217391304, -1.0236914464488806e-5, -1.0236914310112443e-5
flux1:, 0.5936454849498327, -1.1807984109024977e-5, -1.1807984729810417e-5
flux1:, 0.600334448160535, -1.3604684767579375e-5, -1.3604684536614135e-5
flux1:, 0.6070234113712374, -1.5657047333639615e-5, -1.5657046816431356e-5
flux1:, 0.6137123745819397, -1.799875556444541e-5, -1.799875613147767e-5
flux1:, 0.6204013377926421, -2.0667533448126875e-5, -2.0667533654311276e-5
flux1:, 0.6270903010033444, -2.370558437361599e-5, -2.3705583642766123e-5
flux1:, 0.6337792642140467, -2.7160066465303795e-5, -2.716006667606805e-5
flux1:, 0.6404682274247491, -3.1083594317666587e-5, -3.1083594985420084e-5
flux1:, 0.6471571906354514, -3.553480140132512e-5, -3.553480078718391e-5
flux1:, 0.6538461538461537, -4.057895498625536e-5, -4.057895459998636e-5
flux1:, 0.6605351170568561, -4.628859853149144e-5, -4.628859943573969e-5
flux1:, 0.6672240802675584, -5.2744259967628853e-5, -5.274425989347493e-5
flux1:, 0.6739130434782608, -6.0035232679476845e-5, -6.003523168244908e-5
flux1:, 0.6806020066889631, -6.826038766152654e-5, -6.826038832017677e-5
flux1:, 0.6872909698996654, -7.752905129564565e-5, -7.752905209211034e-5
flux1:, 0.6939799331103678, -8.796197786067047e-5, -8.796197659881212e-5
flux1:, 0.7006688963210701, -9.96923618091128e-5, -9.969236160782519e-5
flux1:, 0.7073578595317724, -1.1286690876580642e-4, -1.128669104334162e-4
flux1:, 0.7140468227424748, -1.2764702158236065e-4, -1.2764702077569813e-4
flux1:, 0.7207357859531771, -1.4421004163249032e-4, -1.4421004009010783e-4
flux1:, 0.7274247491638794, -1.627505354923506e-4, -1.6275053750717391e-4
flux1:, 0.7341137123745818, -1.8348171027386998e-4, -1.8348171084148804e-4
flux1:, 0.7408026755852841, -2.0663690742655667e-4, -2.066369045382767e-4
flux1:, 0.7474916387959865, -2.3247112412395828e-4, -2.3247112540726554e-4
flux1:, 0.7541806020066888, -2.612626642814122e-4, -2.6126266696582464e-4
flux1:, 0.7608695652173911, -2.9331489777793487e-4, -2.933148943053179e-4
flux1:, 0.7675585284280935, -3.2895802882837753e-4, -3.2895802798268e-4
flux1:, 0.7742474916387958, -3.685509766759709e-4, -3.685509815467951e-4
flux1:, 0.7809364548494981, -4.124833964589142e-4, -4.1248339399401173e-4
flux1:, 0.7876254180602005, -4.611776953725071e-4, -4.611776912088138e-4
flux1:, 0.7943143812709028, -5.150911215737854e-4, -5.150911275938162e-4
flux1:, 0.8010033444816052, -5.747180196953413e-4, -5.747180203560701e-4
flux1:, 0.8076923076923075, -6.405920778309541e-4, -6.405920700770653e-4
flux1:, 0.8143812709030098, -7.132885847380834e-4, -7.132885896260381e-4
flux1:, 0.8210702341137122, -7.93426863600309e-4, -7.934268693085346e-4
flux1:, 0.8277591973244145, -8.816727073870429e-4, -8.816726973422058e-4
flux1:, 0.8344481605351168, -9.787407429152314e-4, -9.787407435221888e-4
flux1:, 0.8411371237458192, -0.0010853969521312729, -0.0010853969636121703
flux1:, 0.8478260869565215, -0.0012024612193861702, -0.0012024612101813892
flux1:, 0.8545150501672238, -0.0013308097160169793, -0.0013308097092787075
flux1:, 0.8612040133779262, -0.0014713773813860608, -0.001471377397200211
flux1:, 0.8678929765886285, -0.0016251604632812246, -0.0016251604594672293
flux1:, 0.8745819397993309, -0.0017932188080502125, -0.0017932187923881925
flux1:, 0.8812709030100332, -0.001976678136735174, -0.001976678152797471
flux1:, 0.8879598662207355, -0.0021767324110128186, -0.002176732417316494
flux1:, 0.8946488294314379, -0.0023946458812463536, -0.002394645857953288
flux1:, 0.9013377926421402, -0.0026317549595669576, -0.0026317549695539237
flux1:, 0.9080267558528425, -0.0028894701922510297, -0.002889470211709494
flux1:, 0.9147157190635449, -0.0031692778814648914, -0.003169277855552541
flux1:, 0.9214046822742472, -0.0034727413303679514, -0.003472741327256451
flux1:, 0.9280936454849495, -0.003801502154109215, -0.003801502186062248
flux1:, 0.9347826086956519, -0.0041572812518505635, -0.0041572812317299855
flux1:, 0.9414715719063542, -0.004541879181598258, -0.004541879160114928
flux1:, 0.9481605351170566, -0.004957176503229089, -0.0049571765419853895
flux1:, 0.9548494983277589, -0.0054051338386282895, -0.005405133834283676
flux1:, 0.9615384615384612, -0.005887791127548926, -0.005887791086946614
flux1:, 0.9682274247491636, -0.006407266675574912, -0.006407266710494383
flux1:, 0.9749163879598659, -0.006965756006627002, -0.006965756026506384
flux1:, 0.9816053511705682, -0.007565529756997125, -0.007565529703102237
flux1:, 0.9882943143812706, -0.008208931106100414, -0.008208931123615098
flux1:, 0.9949832775919729, -0.008898373104849772, -0.008898373152182748
flux1:, 1.0016722408026753, -0.009636334983164607, -0.009636334928733288
flux1:, 1.0083612040133776, -0.010425357677989223, -0.010425357665426658
flux1:, 1.01505016722408, -0.011268039321752113, -0.011268039391435926
flux1:, 1.0217391304347823, -0.012167029769827305, -0.01216702973243767
flux1:, 1.0284280936454846, -0.013125024010979583, -0.01312502396141601
flux1:, 1.035117056856187, -0.014144755533118576, -0.014144755610824388
flux1:, 1.0418060200668893, -0.015228988921232459, -0.015228988918758835
flux1:, 1.0484949832775916, -0.016380511039949013, -0.016380510956395783
flux1:, 1.055183946488294, -0.01760212206694211, -0.01760212213097797
flux1:, 1.0618729096989963, -0.01889662607231455, -0.01889662611683801
flux1:, 1.0685618729096986, -0.020266819994560394, -0.02026681989200228
flux1:, 1.075250836120401, -0.02171548225262434, -0.021715482279172273
flux1:, 1.0819397993311033, -0.023245361296068953, -0.0232453613882441
flux1:, 1.0886287625418056, -0.024859162547240975, -0.024859162451034703
flux1:, 1.095317725752508, -0.02655953466927641, -0.026559534639700018
flux1:, 1.1020066889632103, -0.02834905617942543, -0.02834905630502307
flux1:, 1.1086956521739126, -0.03023022068678231, -0.030230220627091228
flux1:, 1.115384615384615, -0.03220542110226991, -0.03220542101044099
flux1:, 1.1220735785953173, -0.0342769345349986, -0.03427693466605739
flux1:, 1.1287625418060196, -0.036446906308186325, -0.03644690631136123
flux1:, 1.135451505016722, -0.038717332628067744, -0.03871733248544503
flux1:, 1.1421404682274243, -0.041090044142144, -0.04109004424238712
flux1:, 1.1488294314381267, -0.04356668934845875, -0.04356668942780153
flux1:, 1.155518394648829, -0.04614871647774938, -0.04614871631349393
flux1:, 1.1622073578595313, -0.048837356273335505, -0.048837356308137576
flux1:, 1.1688963210702337, -0.051633605517951674, -0.05163360566695369
flux1:, 1.175585284280936, -0.05453820909374523, -0.05453820894918153
flux1:, 1.1822742474916383, -0.05755164274164371, -0.057551642688848284
flux1:, 1.1889632107023407, -0.06067409750724677, -0.060674097697797205
flux1:, 1.195652173913043, -0.0639054631010677, -0.06390546301912786
flux1:, 1.2023411371237454, -0.0672453115900403, -0.06724531144914088
flux1:, 1.2090301003344477, -0.07069288360976085, -0.07069288379710487
flux1:, 1.21571906354515, -0.07424707422730056, -0.07424707423968935
flux1:, 1.2224080267558524, -0.07790641868402833, -0.07790641847962161
flux1:, 1.2290969899665547, -0.08166908123832743, -0.08166908137223318
flux1:, 1.235785953177257, -0.08553284471449657, -0.08553284483085963
flux1:, 1.2424749163879594, -0.08949509952803333, -0.08949509930578
flux1:, 1.2491638795986617, -0.09355283600893734, -0.09355283604782137
flux1:, 1.255852842809364, -0.09770263870028742, -0.09770263890187503
flux1:, 1.2625418060200664, -0.10194067991803706, -0.10194067973398281
flux1:, 1.2692307692307687, -0.10626271636500519, -0.10626271628942806
flux1:, 1.275919732441471, -0.11066408902280703, -0.1106640892655545
flux1:, 1.2826086956521734, -0.11513972240607419, -0.11513972231049328
flux1:, 1.2892976588628757, -0.1196841262009923, -0.11968412602109983
flux1:, 1.295986622073578, -0.12429140129625836, -0.12429140152149475
flux1:, 1.3026755852842804, -0.12895524566987837, -0.1289552456927914
flux1:, 1.3093645484949827, -0.13366896166250913, -0.13366896141808235
flux1:, 1.316053511705685, -0.13842546834843333, -0.1384254684985812
flux1:, 1.3227424749163874, -0.14321731463411172, -0.14321731477442962
flux1:, 1.3294314381270897, -0.14803669260050134, -0.1480366923501028
flux1:, 1.336120401337792, -0.15287545604940783, -0.1528754560852804
flux1:, 1.3428093645484944, -0.15772514092617546, -0.157725141151398
flux1:, 1.3494983277591968, -0.1625769849151232, -0.1625769847206857
flux1:, 1.356187290969899, -0.16742195164766302, -0.16742195156023199
flux1:, 1.3628762541806014, -0.17225075801780312, -0.1722507582720529
flux1:, 1.3695652173913038, -0.17705389989635445, -0.17705389980450328
flux1:, 1.376254180602006, -0.18182168117414022, -0.1818216809873206
flux1:, 1.3829431438127084, -0.18654424698175645, -0.18654424720242524
flux1:, 1.3896321070234108, -0.1912116149928157, -0.1912116150220386
flux1:, 1.3963210702341131, -0.19581370822905372, -0.19581370799315864
flux1:, 1.4030100334448155, -0.20034039267573808, -0.2003403928117495
flux1:, 1.4096989966555178, -0.20478151320823054, -0.2047815133427595
flux1:, 1.4163879598662201, -0.20912692889643786, -0.20912692867204846
flux1:, 1.4230769230769225, -0.21336655309991057, -0.21336655312552924
flux1:, 1.4297658862876248, -0.2174903925998891, -0.21749039279762472
flux1:, 1.4364548494983271, -0.2214885840158793, -0.22148858385567527
flux1:, 1.4431438127090295, -0.22535143421160655, -0.2253514341339666
flux1:, 1.4498327759197318, -0.22906946079932666, -0.22906946100391387
flux1:, 1.4565217391304341, -0.23263342821113048, -0.2326334281449213
flux1:, 1.4632107023411365, -0.23603438617781528, -0.23603438603172047
flux1:, 1.4698996655518388, -0.23926370945452888, -0.23926370961505564
flux1:, 1.4765886287625412, -0.24231313205737506, -0.2423131320833831
flux1:, 1.4832775919732435, -0.24517478169827703, -0.2451747815335741
flux1:, 1.4899665551839458, -0.247841216420471, -0.2478412165067015
flux1:, 1.4966555183946482, -0.2503054554984357, -0.25030545558950323
flux1:, 1.5033444816053505, -0.25256100802635917, -0.2525610078896663
flux1:, 1.5100334448160528, -0.2546019041519178, -0.2546019041616424
flux1:, 1.5167224080267552, -0.25642272119948045, -0.2564227213120703
flux1:, 1.5234113712374575, -0.2580186050174355, -0.2580186049368238
flux1:, 1.5301003344481598, -0.25938529374725383, -0.259385293703797
flux1:, 1.5367892976588622, -0.26051913781192304, -0.2605191379057644
flux1:, 1.5434782608695645, -0.2614171131343267, -0.26141711311143545
flux1:, 1.5501672240802669, -0.2620768358129023, -0.262076835753671
flux1:, 1.5568561872909692, -0.26249657478920857, -0.26249657484100314
flux1:, 1.5635451505016715, -0.2626752565615914, -0.2626752565747183
flux1:, 1.5702341137123739, -0.2626124697517077, -0.2626124697108673
flux1:, 1.5769230769230762, -0.2623084695283597, -0.2623084695388644
flux1:, 1.5836120401337785, -0.26176417391212886, -0.26176417392827045
flux1:, 1.5903010033444809, -0.26098115795476695, -0.2609811579501388
flux1:, 1.5969899665551832, -0.2599616493442878, -0.2599616493371887
flux1:, 1.6036789297658856, -0.25870851681768475, -0.2587085168061849
flux1:, 1.610367892976588, -0.2572252544200246, -0.25722525444463606
flux1:, 1.6170568561872902, -0.25551596819164096, -0.25551596819965283
flux1:, 1.6237458193979926, -0.2535853575066935, -0.2535853574564631
flux1:, 1.630434782608695, -0.25143869060444646, -0.25143869063128077
flux1:, 1.6371237458193972, -0.2490817827713328, -0.2490817828223052
flux1:, 1.6438127090300996, -0.24652097167242717, -0.24652097159642478
flux1:, 1.650501672240802, -0.24376308589976975, -0.2437630858927347
flux1:, 1.6571906354515042, -0.24081541564379128, -0.24081541574535983
flux1:, 1.6638795986622066, -0.23768568322286251, -0.23768568315442576
flux1:, 1.670568561872909, -0.2343820067855407, -0.2343820067162581
flux1:, 1.6772575250836113, -0.23091286499387878, -0.2309128651264506
flux1:, 1.6839464882943136, -0.22728706404999638, -0.2272870640304247
flux1:, 1.690635451505016, -0.22351369885810177, -0.22351369872089089
flux1:, 1.6973244147157183, -0.2196021136759178, -0.2196021138005714
flux1:, 1.7040133779264206, -0.21556186700736166, -0.2155618670686056
flux1:, 1.710702341137123, -0.2114026924570812, -0.2114026922731345
flux1:, 1.7173913043478253, -0.20713445761395005, -0.2071344576820073
flux1:, 1.7240802675585276, -0.2027671282061718, -0.2027671283572147
flux1:, 1.73076923076923, -0.19831073064493465, -0.19831073046057737
flux1:, 1.7374581939799323, -0.1937753115006696, -0.1937753114726433
flux1:, 1.7441471571906346, -0.18917090232738926, -0.18917090254533375
flux1:, 1.750836120401337, -0.1845074855298884, -0.18450748540131534
flux1:, 1.7575250836120393, -0.17979495667694737, -0.17979495653933833
flux1:, 1.7642140468227416, -0.1750430913895686, -0.1750430916253629
flux1:, 1.770903010033444, -0.1702615157228047, -0.17026151569696876
flux1:, 1.7775919732441463, -0.16545967325396205, -0.16545967302593315
flux1:, 1.7842809364548486, -0.16064679536369533, -0.16064679555466765
flux1:, 1.790969899665551, -0.15583187687815758, -0.15583187697728282
flux1:, 1.7976588628762533, -0.15102364940808477, -0.15102364913913596
flux1:, 1.8043478260869557, -0.14623055620407352, -0.14623055629440934
flux1:, 1.811036789297658, -0.14146073341659654, -0.14146073362827558
flux1:, 1.8177257525083603, -0.13672199058129236, -0.13672199033747584
flux1:, 1.8244147157190627, -0.13202179101636471, -0.13202179097437208
flux1:, 1.831103678929765, -0.1273672387316871, -0.12736723900957786
flux1:, 1.8377926421404673, -0.12276506635020201, -0.12276506619511024
flux1:, 1.8444816053511697, -0.11822162171542779, -0.11822162154452798
flux1:, 1.851170568561872, -0.11374286023596684, -0.11374286051399307
flux1:, 1.8578595317725743, -0.1093343399717907, -0.10933433994680195
flux1:, 1.8645484949832767, -0.10500121474280694, -0.10500121448154372
flux1:, 1.871237458193979, -0.10074823153783675, -0.10074823174764529
flux1:, 1.8779264214046814, -0.09657973201972533, -0.09657973213241171
flux1:, 1.8846153846153837, -0.09249965202283619, -0.09249965173426883
flux1:, 1.891304347826086, -0.08851152354693782, -0.08851152363836494
flux1:, 1.8979933110367884, -0.08461848160429775, -0.08461848182610168
flux1:, 1.9046822742474907, -0.08082326959222033, -0.08082326934584899
flux1:, 1.911371237458193, -0.07712824531961478, -0.0771282452739671
flux1:, 1.9180602006688954, -0.07353539194436641, -0.07353539221907603
flux1:, 1.9247491638795977, -0.07004632835239537, -0.07004632820468526
flux1:, 1.9314381270903, -0.0666623186095478, -0.06666231844359165
flux1:, 1.9381270903010024, -0.0633842857092434, -0.0633842859698028
flux1:, 1.9448160535117047, -0.06021282582388035, -0.06021282580377324
flux1:, 1.951505016722407, -0.057148220522398055, -0.057148220282459736
flux1:, 1.9581939799331094, -0.05419045214111833, -0.05419045232800434
flux1:, 1.9648829431438117, -0.051339220622746276, -0.051339220725348814
flux1:, 1.971571906354514, -0.048593957791498645, -0.04859395753909943
flux1:, 1.9782608695652164, -0.04595384333332456, -0.045953843409736926
flux1:, 1.9849498327759187, -0.04341782291366253, -0.04341782310401138
flux1:, 1.991638795986621, -0.04098462376135747, -0.0409846235556801
flux1:, 1.9983277591973234, -0.038652770458938696, -0.038652770418783844
flux1:, 2.0050167224080258, -0.036420603123942706, -0.03642060334904281
flux1:, 2.011705685618728, -0.03428629353451698, -0.03428629341711482
flux1:, 2.0183946488294304, -0.03224786014383401, -0.03224786001003562
flux1:, 2.0250836120401328, -0.030303185303349297, -0.03030318550774087
flux1:, 2.031772575250835, -0.02845003117546863, -0.028450031161726095
flux1:, 2.0384615384615374, -0.026686053577364782, -0.026686053392753435
flux1:, 2.0451505016722398, -0.0250088174770839, -0.025008817617409845
flux1:, 2.051839464882942, -0.023415811997890154, -0.023415812075984418
flux1:, 2.0585284280936444, -0.021904462844924307, -0.02190446265867029
flux1:, 2.065217391304347, -0.02047214558493081, -0.02047214563930892
flux1:, 2.071906354515049, -0.01911619915040205, -0.019116199288285313
flux1:, 2.0785953177257515, -0.01783393670920451, -0.017833936563525634
flux1:, 2.085284280936454, -0.016622656506509847, -0.016622656477126595
flux1:, 2.091973244147156, -0.015479653420858514, -0.015479653577299454
flux1:, 2.0986622073578585, -0.0144022282080343, -0.014402228128453421
flux1:, 2.105351170568561, -0.01338769591128179, -0.01338769581985761
flux1:, 2.112040133779263, -0.012433395193490411, -0.01243339532997653
flux1:, 2.1187290969899655, -0.011536695932169319, -0.011536695923937208
flux1:, 2.125418060200668, -0.01069500537526818, -0.010695005254380541
flux1:, 2.13210702341137, -0.009905775153189984, -0.009905775243153133
flux1:, 2.1387959866220725, -0.009166507236853541, -0.009166507287242661
flux1:, 2.145484949832775, -0.008474758123052888, -0.008474758005874368
flux1:, 2.152173913043477, -0.00782814359905108, -0.007828143632298482
flux1:, 2.1588628762541795, -0.007224343108872512, -0.007224343193894889
flux1:, 2.165551839464882, -0.006661102299558175, -0.006661102211425919
flux1:, 2.172240802675584, -0.006136235750972957, -0.006136235732928313
flux1:, 2.1789297658862865, -0.005647629833366088, -0.00564762992602157
flux1:, 2.185618729096989, -0.005193243944621104, -0.005193243898413626
flux1:, 2.192307692307691, -0.004771111518287187, -0.004771111465275219
flux1:, 2.1989966555183935, -0.004379341495927665, -0.004379341573635024
flux1:, 2.205685618729096, -0.004016118554095875, -0.004016118549693591
flux1:, 2.212374581939798, -0.003679702756111529, -0.003679702688854641
flux1:, 2.2190635451505005, -0.003368429805627842, -0.0033684298548580195
flux1:, 2.225752508361203, -0.003080710513084103, -0.0030807105405034315
flux1:, 2.232441471571905, -0.0028150294664316135, -0.0028150294038045555
flux1:, 2.2391304347826075, -0.0025699442685977346, -0.0025699442860574835
flux1:, 2.24581939799331, -0.002344084442873197, -0.0023440844871603418
flux1:, 2.252508361204012, -0.0021361494698877346, -0.0021361494246495845
flux1:, 2.2591973244147145, -0.0019449072369766977, -0.0019449072278189168
flux1:, 2.265886287625417, -0.0017691925379674607, -0.0017691925842555885
flux1:, 2.272575250836119, -0.0016079047705005653, -0.0016079047477066516
flux1:, 2.2792642140468216, -0.0014600058345025202, -0.0014600058087885478
flux1:, 2.285953177257524, -0.0013245183490718003, -0.0013245183863010719
flux1:, 2.2926421404682262, -0.0012005232376752844, -0.001200523235516766
flux1:, 2.2993311036789286, -0.0010871573046295476, -0.0010871572734024292
flux1:, 2.306020066889631, -9.836112701666643e-4, -9.836112927905632e-4
flux1:, 2.3127090301003332, -8.891274028095436e-4, -8.891274150569957e-4
flux1:, 2.3193979933110356, -8.029969781296052e-4, -8.029969503248337e-4
flux1:, 2.326086956521738, -7.245582199703284e-4, -7.245582277397741e-4
flux1:, 2.3327759197324403, -6.531940782791797e-4, -6.531940972079407e-4
flux1:, 2.3394648829431426, -5.883297372812692e-4, -5.883297180849787e-4
flux1:, 2.346153846153845, -5.29430542415145e-4, -5.29430538788623e-4
flux1:, 2.3528428093645473, -4.759999734204229e-4, -4.759999922657856e-4
flux1:, 2.3595317725752496, -4.275773249911472e-4, -4.275773157002242e-4
flux1:, 2.366220735785952, -3.837356913615112e-4, -3.837356814132876e-4
flux1:, 2.3729096989966543, -3.440801505430841e-4, -3.440801649495035e-4
flux1:, 2.3795986622073566, -3.082456953414161e-4, -3.08245694318374e-4
flux1:, 2.386287625418059, -2.7589533802139106e-4, -2.758953265610965e-4
flux1:, 2.3929765886287613, -2.4671850139080094e-4, -2.467185097287897e-4
flux1:, 2.3996655518394636, -2.2042923691638266e-4, -2.2042924104892056e-4
flux1:, 2.406354515050166, -1.967644994029404e-4, -1.9676448978797842e-4
flux1:, 2.4130434782608683, -1.7548273124143603e-4, -1.7548273407028763e-4
flux1:, 2.4197324414715706, -1.563623710856904e-4, -1.563623771574908e-4
flux1:, 2.426421404682273, -1.3920033315903982e-4, -1.392003269168627e-4
flux1:, 2.4331103678929753, -1.238107689560899e-4, -1.238107680549857e-4
flux1:, 2.4397993311036776, -1.1002384629289171e-4, -1.1002385191150614e-4
flux1:, 2.44648829431438, -9.76844511805103e-5, -9.768444828754799e-5
flux1:, 2.4531772575250823, -8.6651112981647e-5, -8.665111037356029e-5
flux1:, 2.4598662207357846, -7.679501979895337e-5, -7.67950237488425e-5
flux1:, 2.466555183946487, -6.799894466167729e-5, -6.799894417040714e-5
flux1:, 2.4732441471571893, -6.015632280156859e-5, -6.015632006845966e-5
flux1:, 2.4799331103678917, -5.3170464017775234e-5, -5.317046613206238e-5
flux1:, 2.486622073578594, -4.695369098030719e-5, -4.695369168820884e-5
flux1:, 2.4933110367892963, -4.1426559181764246e-5, -4.1426557172186805e-5
flux1:, 2.4999999999999987, -3.651722793340432e-5, -3.6517228695226754e-5

Elapsed run time = 1366.74 s
