--------------------------------------------------------------------------
[[10941,1],1]: A high-performance Open MPI point-to-point messaging module
was unable to find any relevant network interfaces:

Module: OpenFabrics (openib)
  Host: euca-128-84-11-54

Another transport will be used instead, although this may result in
lower performance.
--------------------------------------------------------------------------
Using MPI version 3.0, 2 processes
command-line param: no-struct=false
command-line param: no-holes=false
command-line param: rodpos="rad.3ff.5/rodpos.txt"
-----------
Initializing structure...
Working in 3D dimensions.
Computational cell is 4 x 4 x 5 with resolution 40
     block, center = (0,0,0)
          size (1e+20,1e+20,0.15)
          axes (1,0,0), (0,1,0), (0,0,1)
          dielectric constant epsilon diagonal = (12,12,12)
     cylinder, center = (0.147,3.53,0)
          radius 0.3, height 0.15, axis (0, 0, 1)
          dielectric constant epsilon diagonal = (1,1,1)
     cylinder, center = (1.873,3.831,0)
          radius 0.3, height 0.15, axis (0, 0, 1)
          dielectric constant epsilon diagonal = (1,1,1)
     cylinder, center = (3.849,0.746,0)
          radius 0.3, height 0.15, axis (0, 0, 1)
          dielectric constant epsilon diagonal = (1,1,1)
     cylinder, center = (1.253,2.914,0)
          radius 0.3, height 0.15, axis (0, 0, 1)
          dielectric constant epsilon diagonal = (1,1,1)
     cylinder, center = (3.9,3.88,0)
          radius 0.3, height 0.15, axis (0, 0, 1)
          dielectric constant epsilon diagonal = (1,1,1)
     cylinder, center = (2.194,1.859,0)
          radius 0.3, height 0.15, axis (0, 0, 1)
          dielectric constant epsilon diagonal = (1,1,1)
     cylinder, center = (1.034,1.285,0)
          radius 0.3, height 0.15, axis (0, 0, 1)
          dielectric constant epsilon diagonal = (1,1,1)
     cylinder, center = (3.482,2.985,0)
          radius 0.3, height 0.15, axis (0, 0, 1)
          dielectric constant epsilon diagonal = (1,1,1)
     cylinder, center = (2.77,3.022,0)
          radius 0.3, height 0.15, axis (0, 0, 1)
          dielectric constant epsilon diagonal = (1,1,1)
     cylinder, center = (3.058,3.878,0)
          radius 0.3, height 0.15, axis (0, 0, 1)
          dielectric constant epsilon diagonal = (1,1,1)
     cylinder, center = (3.077,2.349,0)
          radius 0.3, height 0.15, axis (0, 0, 1)
          dielectric constant epsilon diagonal = (1,1,1)
     cylinder, center = (1.248,2.033,0)
          radius 0.3, height 0.15, axis (0, 0, 1)
          dielectric constant epsilon diagonal = (1,1,1)
     cylinder, center = (1.715,0.094,0)
          radius 0.3, height 0.15, axis (0, 0, 1)
          dielectric constant epsilon diagonal = (1,1,1)
     cylinder, center = (2.033,3.003,0)
          radius 0.3, height 0.15, axis (0, 0, 1)
          dielectric constant epsilon diagonal = (1,1,1)
     cylinder, center = (0.277,0.035,0)
          radius 0.3, height 0.15, axis (0, 0, 1)
          dielectric constant epsilon diagonal = (1,1,1)
     cylinder, center = (0.31,1.648,0)
          radius 0.3, height 0.15, axis (0, 0, 1)
          dielectric constant epsilon diagonal = (1,1,1)
     cylinder, center = (0.996,3.839,0)
          radius 0.3, height 0.15, axis (0, 0, 1)
          dielectric constant epsilon diagonal = (1,1,1)
     cylinder, center = (0.281,0.824,0)
          radius 0.3, height 0.15, axis (0, 0, 1)
          dielectric constant epsilon diagonal = (1,1,1)
     cylinder, center = (2.944,1.403,0)
          radius 0.3, height 0.15, axis (0, 0, 1)
          dielectric constant epsilon diagonal = (1,1,1)
     cylinder, center = (1.906,0.905,0)
          radius 0.3, height 0.15, axis (0, 0, 1)
          dielectric constant epsilon diagonal = (1,1,1)
     cylinder, center = (3.029,0.798,0)
          radius 0.3, height 0.15, axis (0, 0, 1)
          dielectric constant epsilon diagonal = (1,1,1)
     cylinder, center = (0.028,2.715,0)
          radius 0.3, height 0.15, axis (0, 0, 1)
          dielectric constant epsilon diagonal = (1,1,1)
     cylinder, center = (3.352,0.06,0)
          radius 0.3, height 0.15, axis (0, 0, 1)
          dielectric constant epsilon diagonal = (1,1,1)
     cylinder, center = (1.015,0.134,0)
          radius 0.3, height 0.15, axis (0, 0, 1)
          dielectric constant epsilon diagonal = (1,1,1)
     cylinder, center = (1.732,2.433,0)
          radius 0.3, height 0.15, axis (0, 0, 1)
          dielectric constant epsilon diagonal = (1,1,1)
     cylinder, center = (3.665,2.073,0)
          radius 0.3, height 0.15, axis (0, 0, 1)
          dielectric constant epsilon diagonal = (1,1,1)
     cylinder, center = (2.44,3.568,0)
          radius 0.3, height 0.15, axis (0, 0, 1)
          dielectric constant epsilon diagonal = (1,1,1)
     cylinder, center = (2.581,0.239,0)
          radius 0.3, height 0.15, axis (0, 0, 1)
          dielectric constant epsilon diagonal = (1,1,1)
     cylinder, center = (0.529,2.251,0)
          radius 0.3, height 0.15, axis (0, 0, 1)
          dielectric constant epsilon diagonal = (1,1,1)
subpixel-averaging is 99.9832% done, 0.00067147 s remaining
subpixel-averaging is 79.215% done, 1.0502 s remaining
subpixel-averaging is 80.7581% done, 0.953757 s remaining
time for set_epsilon = 22.8584 s
time for set_conductivity = 0.302232 s
time for set_conductivity = 0.302023 s
time for set_conductivity = 0.300581 s
-----------
Meep progress: 0.0125/50.0 = 0.0% done in 4.0s, 16185.5s to go
on time step 1 (time=0.0125), 4.04785 s/step
Meep progress: 0.1875/50.0 = 0.4% done in 8.3s, 2208.9s to go
on time step 15 (time=0.1875), 0.304799 s/step
Meep progress: 0.36250000000000004/50.0 = 0.7% done in 12.5s, 1717.3s to go
on time step 29 (time=0.3625), 0.301927 s/step
Meep progress: 0.525/50.0 = 1.0% done in 16.7s, 1570.6s to go
on time step 42 (time=0.525), 0.317268 s/step
Meep progress: 0.6875/50.0 = 1.4% done in 20.7s, 1488.2s to go
on time step 55 (time=0.6875), 0.313999 s/step
Meep progress: 0.875/50.0 = 1.8% done in 24.8s, 1390.1s to go
on time step 70 (time=0.875), 0.26749 s/step
Meep progress: 1.075/50.0 = 2.2% done in 28.9s, 1315.6s to go
on time step 86 (time=1.075), 0.259127 s/step
Meep progress: 1.25/50.0 = 2.5% done in 33.2s, 1292.9s to go
on time step 100 (time=1.25), 0.30314 s/step
Meep progress: 1.425/50.0 = 2.8% done in 37.4s, 1273.6s to go
on time step 114 (time=1.425), 0.300807 s/step
Meep progress: 1.5875000000000001/50.0 = 3.2% done in 41.4s, 1262.3s to go
on time step 127 (time=1.5875), 0.310077 s/step
Meep progress: 1.7375/50.0 = 3.5% done in 45.4s, 1261.2s to go
on time step 139 (time=1.7375), 0.334316 s/step
Meep progress: 1.9000000000000001/50.0 = 3.8% done in 49.6s, 1255.0s to go
on time step 152 (time=1.9), 0.3208 s/step
Meep progress: 2.0500000000000003/50.0 = 4.1% done in 53.8s, 1259.3s to go
on time step 164 (time=2.05), 0.355329 s/step
Meep progress: 2.225/50.0 = 4.4% done in 57.9s, 1243.7s to go
on time step 178 (time=2.225), 0.29157 s/step
Meep progress: 2.4125/50.0 = 4.8% done in 62.0s, 1223.3s to go
on time step 193 (time=2.4125), 0.273108 s/step
Meep progress: 2.6125000000000003/50.0 = 5.2% done in 66.2s, 1200.1s to go
on time step 209 (time=2.6125), 0.258889 s/step
Meep progress: 2.8000000000000003/50.0 = 5.6% done in 70.4s, 1186.1s to go
on time step 224 (time=2.8), 0.280101 s/step
Meep progress: 2.9875000000000003/50.0 = 6.0% done in 74.6s, 1173.9s to go
on time step 239 (time=2.9875), 0.282573 s/step
Meep progress: 3.1875/50.0 = 6.4% done in 78.8s, 1157.0s to go
on time step 255 (time=3.1875), 0.26121 s/step
Meep progress: 3.35/50.0 = 6.7% done in 82.8s, 1153.7s to go
on time step 268 (time=3.35), 0.312902 s/step
Meep progress: 3.5250000000000004/50.0 = 7.0% done in 87.1s, 1148.9s to go
on time step 282 (time=3.525), 0.306842 s/step
Meep progress: 3.7/50.0 = 7.4% done in 91.5s, 1144.4s to go
on time step 296 (time=3.7), 0.308014 s/step
Meep progress: 3.85/50.0 = 7.7% done in 95.6s, 1146.3s to go
on time step 308 (time=3.85), 0.347976 s/step
Meep progress: 4.05/50.0 = 8.1% done in 99.9s, 1133.0s to go
on time step 324 (time=4.05), 0.264138 s/step
Meep progress: 4.2375/50.0 = 8.5% done in 103.9s, 1121.9s to go
on time step 339 (time=4.2375), 0.268198 s/step
Meep progress: 4.4/50.0 = 8.8% done in 108.0s, 1119.0s to go
on time step 352 (time=4.4), 0.314689 s/step
Meep progress: 4.575/50.0 = 9.2% done in 112.1s, 1113.4s to go
on time step 366 (time=4.575), 0.29715 s/step
Meep progress: 4.75/50.0 = 9.5% done in 116.2s, 1107.3s to go
on time step 380 (time=4.75), 0.293312 s/step
Meep progress: 4.9375/50.0 = 9.9% done in 120.3s, 1098.2s to go
on time step 395 (time=4.9375), 0.272783 s/step
Meep progress: 5.125/50.0 = 10.2% done in 124.4s, 1089.6s to go
on time step 410 (time=5.125), 0.274227 s/step
Meep progress: 5.325/50.0 = 10.6% done in 128.6s, 1078.9s to go
on time step 426 (time=5.325), 0.259324 s/step
Meep progress: 5.525/50.0 = 11.0% done in 132.8s, 1068.7s to go
on time step 442 (time=5.525), 0.260187 s/step
Meep progress: 5.7250000000000005/50.0 = 11.5% done in 136.9s, 1058.6s to go
on time step 458 (time=5.725), 0.257697 s/step
Meep progress: 5.9125000000000005/50.0 = 11.8% done in 140.9s, 1050.9s to go
on time step 473 (time=5.9125), 0.270322 s/step
Meep progress: 6.0625/50.0 = 12.1% done in 145.0s, 1051.1s to go
on time step 485 (time=6.0625), 0.341471 s/step
Meep progress: 6.237500000000001/50.0 = 12.5% done in 149.1s, 1046.2s to go
on time step 499 (time=6.2375), 0.292097 s/step
Meep progress: 6.4125000000000005/50.0 = 12.8% done in 153.2s, 1041.0s to go
on time step 513 (time=6.4125), 0.287903 s/step
Meep progress: 6.6000000000000005/50.0 = 13.2% done in 157.6s, 1036.5s to go
on time step 528 (time=6.6), 0.29828 s/step
Meep progress: 6.7625/50.0 = 13.5% done in 161.8s, 1034.7s to go
on time step 541 (time=6.7625), 0.323807 s/step
Meep progress: 6.9375/50.0 = 13.9% done in 166.0s, 1030.3s to go
on time step 555 (time=6.9375), 0.296136 s/step
Meep progress: 7.112500000000001/50.0 = 14.2% done in 170.0s, 1025.2s to go
on time step 569 (time=7.1125), 0.288778 s/step
Meep progress: 7.275/50.0 = 14.6% done in 174.1s, 1022.4s to go
on time step 582 (time=7.275), 0.312482 s/step
Meep progress: 7.4375/50.0 = 14.9% done in 178.2s, 1019.8s to go
on time step 595 (time=7.4375), 0.31652 s/step
Meep progress: 7.6000000000000005/50.0 = 15.2% done in 182.5s, 1018.0s to go
on time step 608 (time=7.6), 0.329184 s/step
Meep progress: 7.7625/50.0 = 15.5% done in 186.7s, 1016.0s to go
on time step 621 (time=7.7625), 0.32626 s/step
Meep progress: 7.95/50.0 = 15.9% done in 191.0s, 1010.0s to go
on time step 636 (time=7.95), 0.282555 s/step
Meep progress: 8.1/50.0 = 16.2% done in 195.0s, 1008.8s to go
on time step 648 (time=8.1), 0.338888 s/step
Meep progress: 8.262500000000001/50.0 = 16.5% done in 199.2s, 1006.3s to go
on time step 661 (time=8.2625), 0.322534 s/step
Meep progress: 8.450000000000001/50.0 = 16.9% done in 203.4s, 1000.1s to go
on time step 676 (time=8.45), 0.277569 s/step
Meep progress: 8.6/50.0 = 17.2% done in 207.4s, 998.6s to go
on time step 688 (time=8.6), 0.337914 s/step
Meep progress: 8.75/50.0 = 17.5% done in 211.7s, 997.9s to go
on time step 700 (time=8.75), 0.352386 s/step
Meep progress: 8.9125/50.0 = 17.8% done in 215.9s, 995.2s to go
on time step 713 (time=8.9125), 0.324134 s/step
Meep progress: 9.0625/50.0 = 18.1% done in 220.1s, 994.3s to go
on time step 725 (time=9.0625), 0.352268 s/step
Meep progress: 9.225/50.0 = 18.4% done in 224.2s, 990.9s to go
on time step 738 (time=9.225), 0.313914 s/step
Meep progress: 9.4/50.0 = 18.8% done in 228.5s, 986.8s to go
on time step 752 (time=9.4), 0.30524 s/step
Meep progress: 9.55/50.0 = 19.1% done in 232.5s, 984.9s to go
on time step 764 (time=9.55), 0.339463 s/step
Meep progress: 9.725000000000001/50.0 = 19.5% done in 236.9s, 981.2s to go
on time step 778 (time=9.725), 0.313213 s/step
Meep progress: 9.912500000000001/50.0 = 19.8% done in 241.0s, 974.5s to go
on time step 793 (time=9.9125), 0.270032 s/step
Meep progress: 10.1125/50.0 = 20.2% done in 245.1s, 967.0s to go
on time step 809 (time=10.1125), 0.260981 s/step
Meep progress: 10.3125/50.0 = 20.6% done in 249.3s, 959.6s to go
on time step 825 (time=10.3125), 0.26197 s/step
Meep progress: 10.5/50.0 = 21.0% done in 253.4s, 953.2s to go
on time step 840 (time=10.5), 0.269031 s/step
Meep progress: 10.675/50.0 = 21.4% done in 257.5s, 948.5s to go
on time step 854 (time=10.675), 0.292388 s/step
Meep progress: 10.8375/50.0 = 21.7% done in 261.6s, 945.2s to go
on time step 867 (time=10.8375), 0.314979 s/step
Meep progress: 10.9875/50.0 = 22.0% done in 265.6s, 943.1s to go
on time step 879 (time=10.9875), 0.337216 s/step
Meep progress: 11.162500000000001/50.0 = 22.3% done in 269.9s, 938.9s to go
on time step 893 (time=11.1625), 0.30343 s/step
Meep progress: 11.3375/50.0 = 22.7% done in 274.1s, 934.7s to go
on time step 907 (time=11.3375), 0.301992 s/step
Meep progress: 11.5/50.0 = 23.0% done in 278.1s, 931.1s to go
on time step 920 (time=11.5), 0.311198 s/step
Meep progress: 11.675/50.0 = 23.4% done in 282.4s, 927.0s to go
on time step 934 (time=11.675), 0.30487 s/step
Meep progress: 11.850000000000001/50.0 = 23.7% done in 286.6s, 922.8s to go
on time step 948 (time=11.85), 0.301693 s/step
Meep progress: 12.012500000000001/50.0 = 24.0% done in 290.8s, 919.6s to go
on time step 961 (time=12.0125), 0.31998 s/step
Meep progress: 12.200000000000001/50.0 = 24.4% done in 295.0s, 914.0s to go
on time step 976 (time=12.2), 0.280768 s/step
Meep progress: 12.4/50.0 = 24.8% done in 299.2s, 907.3s to go
on time step 992 (time=12.4), 0.264865 s/step
Meep progress: 12.600000000000001/50.0 = 25.2% done in 303.4s, 900.5s to go
on time step 1008 (time=12.6), 0.259243 s/step
Meep progress: 12.8/50.0 = 25.6% done in 307.6s, 893.9s to go
on time step 1024 (time=12.8), 0.262345 s/step
Meep progress: 13.0/50.0 = 26.0% done in 311.8s, 887.3s to go
on time step 1040 (time=13), 0.260824 s/step
Meep progress: 13.15/50.0 = 26.3% done in 315.8s, 884.9s to go
on time step 1052 (time=13.15), 0.334953 s/step
Meep progress: 13.3125/50.0 = 26.6% done in 319.9s, 881.7s to go
on time step 1065 (time=13.3125), 0.320276 s/step
Meep progress: 13.4875/50.0 = 27.0% done in 324.2s, 877.5s to go
on time step 1079 (time=13.4875), 0.301693 s/step
Meep progress: 13.65/50.0 = 27.3% done in 328.2s, 874.0s to go
on time step 1092 (time=13.65), 0.310644 s/step
Meep progress: 13.8125/50.0 = 27.6% done in 332.2s, 870.4s to go
on time step 1105 (time=13.8125), 0.309354 s/step
Meep progress: 14.012500000000001/50.0 = 28.0% done in 336.6s, 864.5s to go
on time step 1121 (time=14.0125), 0.273495 s/step
Meep progress: 14.175/50.0 = 28.4% done in 340.7s, 861.0s to go
on time step 1134 (time=14.175), 0.31283 s/step
Meep progress: 14.3375/50.0 = 28.7% done in 344.7s, 857.3s to go
on time step 1147 (time=14.3375), 0.307907 s/step
Meep progress: 14.512500000000001/50.0 = 29.0% done in 348.8s, 852.9s to go
on time step 1161 (time=14.5125), 0.295474 s/step
Meep progress: 14.662500000000001/50.0 = 29.3% done in 353.0s, 850.8s to go
on time step 1173 (time=14.6625), 0.352172 s/step
Meep progress: 14.8375/50.0 = 29.7% done in 357.3s, 846.8s to go
on time step 1187 (time=14.8375), 0.306635 s/step
Meep progress: 15.012500000000001/50.0 = 30.0% done in 361.6s, 842.6s to go
on time step 1201 (time=15.0125), 0.303255 s/step
Meep progress: 15.1875/50.0 = 30.4% done in 365.8s, 838.4s to go
on time step 1215 (time=15.1875), 0.301009 s/step
Meep progress: 15.3625/50.0 = 30.7% done in 370.0s, 834.3s to go
on time step 1229 (time=15.3625), 0.303042 s/step
Meep progress: 15.525/50.0 = 31.0% done in 374.1s, 830.7s to go
on time step 1242 (time=15.525), 0.312181 s/step
Meep progress: 15.7125/50.0 = 31.4% done in 378.3s, 825.5s to go
on time step 1257 (time=15.7125), 0.279618 s/step
Meep progress: 15.875/50.0 = 31.8% done in 382.3s, 821.8s to go
on time step 1270 (time=15.875), 0.308893 s/step
Meep progress: 16.0375/50.0 = 32.1% done in 386.3s, 818.1s to go
on time step 1283 (time=16.0375), 0.311062 s/step
Meep progress: 16.212500000000002/50.0 = 32.4% done in 390.4s, 813.7s to go
on time step 1297 (time=16.2125), 0.29215 s/step
Meep progress: 16.35/50.0 = 32.7% done in 394.6s, 812.1s to go
on time step 1308 (time=16.35), 0.377595 s/step
Meep progress: 16.525000000000002/50.0 = 33.1% done in 398.7s, 807.7s to go
on time step 1322 (time=16.525), 0.295926 s/step
Meep progress: 16.7/50.0 = 33.4% done in 402.8s, 803.3s to go
on time step 1336 (time=16.7), 0.29491 s/step
Meep progress: 16.875/50.0 = 33.8% done in 406.9s, 798.6s to go
on time step 1350 (time=16.875), 0.285795 s/step
Meep progress: 17.0375/50.0 = 34.1% done in 410.9s, 795.0s to go
on time step 1363 (time=17.0375), 0.313797 s/step
Meep progress: 17.2/50.0 = 34.4% done in 415.0s, 791.4s to go
on time step 1376 (time=17.2), 0.313172 s/step
Meep progress: 17.375/50.0 = 34.8% done in 419.3s, 787.3s to go
on time step 1390 (time=17.375), 0.304882 s/step
Meep progress: 17.55/50.0 = 35.1% done in 423.5s, 783.1s to go
on time step 1404 (time=17.55), 0.3031 s/step
Meep progress: 17.725/50.0 = 35.4% done in 427.7s, 778.9s to go
on time step 1418 (time=17.725), 0.301767 s/step
Meep progress: 17.900000000000002/50.0 = 35.8% done in 432.1s, 774.9s to go
on time step 1432 (time=17.9), 0.312102 s/step
Meep progress: 18.05/50.0 = 36.1% done in 436.1s, 772.0s to go
on time step 1444 (time=18.05), 0.334066 s/step
Meep progress: 18.225/50.0 = 36.4% done in 440.3s, 767.6s to go
on time step 1458 (time=18.225), 0.296985 s/step
Meep progress: 18.3875/50.0 = 36.8% done in 444.3s, 763.9s to go
on time step 1471 (time=18.3875), 0.310007 s/step
Meep progress: 18.5625/50.0 = 37.1% done in 448.3s, 759.3s to go
on time step 1485 (time=18.5625), 0.287348 s/step
Meep progress: 18.7375/50.0 = 37.5% done in 452.6s, 755.1s to go
on time step 1499 (time=18.7375), 0.304651 s/step
Meep progress: 18.9125/50.0 = 37.8% done in 456.6s, 750.6s to go
on time step 1513 (time=18.9125), 0.286926 s/step
Meep progress: 19.1/50.0 = 38.2% done in 460.8s, 745.5s to go
on time step 1528 (time=19.1), 0.280568 s/step
Meep progress: 19.25/50.0 = 38.5% done in 464.9s, 742.6s to go
on time step 1540 (time=19.25), 0.336426 s/step
Meep progress: 19.450000000000003/50.0 = 38.9% done in 469.1s, 736.8s to go
on time step 1556 (time=19.45), 0.263225 s/step
Meep progress: 19.6125/50.0 = 39.2% done in 473.3s, 733.3s to go
on time step 1569 (time=19.6125), 0.323148 s/step
Meep progress: 19.762500000000003/50.0 = 39.5% done in 477.4s, 730.4s to go
on time step 1581 (time=19.7625), 0.340697 s/step
Meep progress: 19.9375/50.0 = 39.9% done in 481.6s, 726.2s to go
on time step 1595 (time=19.9375), 0.30211 s/step
Meep progress: 20.137500000000003/50.0 = 40.3% done in 485.8s, 720.4s to go
on time step 1611 (time=20.1375), 0.261725 s/step
Meep progress: 20.337500000000002/50.0 = 40.7% done in 489.9s, 714.6s to go
on time step 1627 (time=20.3375), 0.260299 s/step
Meep progress: 20.5375/50.0 = 41.1% done in 494.1s, 708.8s to go
on time step 1643 (time=20.5375), 0.259976 s/step
Meep progress: 20.725/50.0 = 41.4% done in 498.3s, 703.8s to go
on time step 1658 (time=20.725), 0.277717 s/step
Meep progress: 20.900000000000002/50.0 = 41.8% done in 502.3s, 699.4s to go
on time step 1672 (time=20.9), 0.290938 s/step
Meep progress: 21.087500000000002/50.0 = 42.2% done in 506.4s, 694.3s to go
on time step 1687 (time=21.0875), 0.26808 s/step
Meep progress: 21.275000000000002/50.0 = 42.6% done in 510.7s, 689.5s to go
on time step 1702 (time=21.275), 0.286669 s/step
Meep progress: 21.462500000000002/50.0 = 42.9% done in 515.0s, 684.8s to go
on time step 1717 (time=21.4625), 0.292063 s/step
Meep progress: 21.650000000000002/50.0 = 43.3% done in 519.2s, 679.9s to go
on time step 1732 (time=21.65), 0.278581 s/step
Meep progress: 21.825000000000003/50.0 = 43.7% done in 523.4s, 675.7s to go
on time step 1746 (time=21.825), 0.302087 s/step
Meep progress: 22.0/50.0 = 44.0% done in 527.5s, 671.4s to go
on time step 1760 (time=22), 0.289421 s/step
Meep progress: 22.175/50.0 = 44.4% done in 531.6s, 667.0s to go
on time step 1774 (time=22.175), 0.289412 s/step
Meep progress: 22.3625/50.0 = 44.7% done in 535.6s, 662.0s to go
on time step 1789 (time=22.3625), 0.271407 s/step
Meep progress: 22.55/50.0 = 45.1% done in 539.7s, 657.0s to go
on time step 1804 (time=22.55), 0.273755 s/step
Meep progress: 22.75/50.0 = 45.5% done in 543.9s, 651.5s to go
on time step 1820 (time=22.75), 0.263019 s/step
Meep progress: 22.9125/50.0 = 45.8% done in 548.0s, 647.9s to go
on time step 1833 (time=22.9125), 0.315458 s/step
Meep progress: 23.087500000000002/50.0 = 46.2% done in 552.2s, 643.7s to go
on time step 1847 (time=23.0875), 0.295937 s/step
Meep progress: 23.25/50.0 = 46.5% done in 556.3s, 640.0s to go
on time step 1860 (time=23.25), 0.314191 s/step
Meep progress: 23.4125/50.0 = 46.8% done in 560.3s, 636.3s to go
on time step 1873 (time=23.4125), 0.311029 s/step
Meep progress: 23.6125/50.0 = 47.2% done in 564.5s, 630.8s to go
on time step 1889 (time=23.6125), 0.261527 s/step
Meep progress: 23.8125/50.0 = 47.6% done in 568.6s, 625.4s to go
on time step 1905 (time=23.8125), 0.258933 s/step
Meep progress: 23.9875/50.0 = 48.0% done in 572.7s, 621.0s to go
on time step 1919 (time=23.9875), 0.29048 s/step
Meep progress: 24.175/50.0 = 48.4% done in 576.7s, 616.1s to go
on time step 1934 (time=24.175), 0.268045 s/step
Meep progress: 24.337500000000002/50.0 = 48.7% done in 580.8s, 612.4s to go
on time step 1947 (time=24.3375), 0.311294 s/step
Meep progress: 24.512500000000003/50.0 = 49.0% done in 585.0s, 608.3s to go
on time step 1961 (time=24.5125), 0.302915 s/step
Meep progress: 24.6875/50.0 = 49.4% done in 589.2s, 604.1s to go
on time step 1975 (time=24.6875), 0.300876 s/step
Meep progress: 24.85/50.0 = 49.7% done in 593.4s, 600.6s to go
on time step 1988 (time=24.85), 0.324591 s/step
Meep progress: 25.025000000000002/50.0 = 50.1% done in 597.5s, 596.3s to go
on time step 2002 (time=25.025), 0.287445 s/step
Meep progress: 25.200000000000003/50.0 = 50.4% done in 601.7s, 592.1s to go
on time step 2016 (time=25.2), 0.300649 s/step
Meep progress: 25.375/50.0 = 50.8% done in 605.9s, 588.0s to go
on time step 2030 (time=25.375), 0.30523 s/step
Meep progress: 25.55/50.0 = 51.1% done in 610.2s, 583.9s to go
on time step 2044 (time=25.55), 0.302487 s/step
Meep progress: 25.700000000000003/50.0 = 51.4% done in 614.3s, 580.8s to go
on time step 2056 (time=25.7), 0.342499 s/step
Meep progress: 25.8625/50.0 = 51.7% done in 618.5s, 577.3s to go
on time step 2069 (time=25.8625), 0.324218 s/step
Meep progress: 26.0375/50.0 = 52.1% done in 622.7s, 573.1s to go
on time step 2083 (time=26.0375), 0.30123 s/step
Meep progress: 26.212500000000002/50.0 = 52.4% done in 627.0s, 569.0s to go
on time step 2097 (time=26.2125), 0.302522 s/step
Meep progress: 26.387500000000003/50.0 = 52.8% done in 631.2s, 564.8s to go
on time step 2111 (time=26.3875), 0.301527 s/step
Meep progress: 26.5625/50.0 = 53.1% done in 635.4s, 560.7s to go
on time step 2125 (time=26.5625), 0.303744 s/step
Meep progress: 26.7375/50.0 = 53.5% done in 639.7s, 556.5s to go
on time step 2139 (time=26.7375), 0.302135 s/step
Meep progress: 26.887500000000003/50.0 = 53.8% done in 644.0s, 553.5s to go
on time step 2151 (time=26.8875), 0.357896 s/step
Meep progress: 27.0625/50.0 = 54.1% done in 648.0s, 549.2s to go
on time step 2165 (time=27.0625), 0.290062 s/step
Meep progress: 27.2375/50.0 = 54.5% done in 652.2s, 545.0s to go
on time step 2179 (time=27.2375), 0.295321 s/step
Meep progress: 27.4125/50.0 = 54.8% done in 656.3s, 540.8s to go
on time step 2193 (time=27.4125), 0.299539 s/step
Meep progress: 27.575000000000003/50.0 = 55.2% done in 660.4s, 537.1s to go
on time step 2206 (time=27.575), 0.312462 s/step
Meep progress: 27.7375/50.0 = 55.5% done in 664.7s, 533.5s to go
on time step 2219 (time=27.7375), 0.331281 s/step
Meep progress: 27.9125/50.0 = 55.8% done in 668.8s, 529.2s to go
on time step 2233 (time=27.9125), 0.290342 s/step
Meep progress: 28.075000000000003/50.0 = 56.2% done in 672.9s, 525.5s to go
on time step 2246 (time=28.075), 0.319845 s/step
Meep progress: 28.262500000000003/50.0 = 56.5% done in 677.2s, 520.8s to go
on time step 2261 (time=28.2625), 0.282838 s/step
Meep progress: 28.462500000000002/50.0 = 56.9% done in 681.4s, 515.6s to go
on time step 2277 (time=28.4625), 0.261563 s/step
Meep progress: 28.625/50.0 = 57.2% done in 685.5s, 511.9s to go
on time step 2290 (time=28.625), 0.316133 s/step
Meep progress: 28.8/50.0 = 57.6% done in 689.6s, 507.6s to go
on time step 2304 (time=28.8), 0.29568 s/step
Meep progress: 28.9875/50.0 = 58.0% done in 693.8s, 502.9s to go
on time step 2319 (time=28.9875), 0.276945 s/step
Meep progress: 29.1875/50.0 = 58.4% done in 698.0s, 497.7s to go
on time step 2335 (time=29.1875), 0.263258 s/step
Meep progress: 29.375/50.0 = 58.8% done in 702.2s, 493.1s to go
on time step 2350 (time=29.375), 0.282697 s/step
Meep progress: 29.575000000000003/50.0 = 59.2% done in 706.3s, 487.8s to go
on time step 2366 (time=29.575), 0.257565 s/step
Meep progress: 29.75/50.0 = 59.5% done in 710.5s, 483.6s to go
on time step 2380 (time=29.75), 0.294684 s/step
Meep progress: 29.925/50.0 = 59.8% done in 714.7s, 479.4s to go
on time step 2394 (time=29.925), 0.300786 s/step
Meep progress: 30.125/50.0 = 60.2% done in 718.9s, 474.3s to go
on time step 2410 (time=30.125), 0.263893 s/step
Meep progress: 30.325000000000003/50.0 = 60.6% done in 723.1s, 469.1s to go
on time step 2426 (time=30.325), 0.261723 s/step
Meep progress: 30.5/50.0 = 61.0% done in 727.4s, 465.0s to go
on time step 2440 (time=30.5), 0.305103 s/step
Meep progress: 30.6625/50.0 = 61.3% done in 731.4s, 461.3s to go
on time step 2453 (time=30.6625), 0.314195 s/step
Meep progress: 30.837500000000002/50.0 = 61.7% done in 735.7s, 457.2s to go
on time step 2467 (time=30.8375), 0.302347 s/step
Meep progress: 31.012500000000003/50.0 = 62.0% done in 740.0s, 453.1s to go
on time step 2481 (time=31.0125), 0.308455 s/step
Meep progress: 31.175/50.0 = 62.4% done in 744.0s, 449.3s to go
on time step 2494 (time=31.175), 0.307721 s/step
Meep progress: 31.3625/50.0 = 62.7% done in 748.2s, 444.6s to go
on time step 2509 (time=31.3625), 0.278706 s/step
Meep progress: 31.5625/50.0 = 63.1% done in 752.4s, 439.5s to go
on time step 2525 (time=31.5625), 0.264329 s/step
Meep progress: 31.75/50.0 = 63.5% done in 756.5s, 434.9s to go
on time step 2540 (time=31.75), 0.275422 s/step
Meep progress: 31.950000000000003/50.0 = 63.9% done in 760.7s, 429.7s to go
on time step 2556 (time=31.95), 0.256919 s/step
Meep progress: 32.15/50.0 = 64.3% done in 764.8s, 424.6s to go
on time step 2572 (time=32.15), 0.260682 s/step
Meep progress: 32.3125/50.0 = 64.6% done in 768.8s, 420.8s to go
on time step 2585 (time=32.3125), 0.308222 s/step
Meep progress: 32.475/50.0 = 65.0% done in 773.0s, 417.2s to go
on time step 2598 (time=32.475), 0.323377 s/step
Meep progress: 32.65/50.0 = 65.3% done in 777.3s, 413.0s to go
on time step 2612 (time=32.65), 0.303637 s/step
Meep progress: 32.825/50.0 = 65.6% done in 781.5s, 408.9s to go
on time step 2626 (time=32.825), 0.302787 s/step
Meep progress: 32.987500000000004/50.0 = 66.0% done in 785.7s, 405.2s to go
on time step 2639 (time=32.9875), 0.323369 s/step
Meep progress: 33.1375/50.0 = 66.3% done in 789.8s, 401.9s to go
on time step 2651 (time=33.1375), 0.337954 s/step
Meep progress: 33.275/50.0 = 66.6% done in 794.0s, 399.1s to go
on time step 2662 (time=33.275), 0.382287 s/step
Meep progress: 33.4375/50.0 = 66.9% done in 798.3s, 395.4s to go
on time step 2675 (time=33.4375), 0.330981 s/step
Meep progress: 33.612500000000004/50.0 = 67.2% done in 802.5s, 391.3s to go
on time step 2689 (time=33.6125), 0.303362 s/step
Meep progress: 33.7875/50.0 = 67.6% done in 806.8s, 387.1s to go
on time step 2703 (time=33.7875), 0.30266 s/step
Meep progress: 33.9625/50.0 = 67.9% done in 811.0s, 383.0s to go
on time step 2717 (time=33.9625), 0.302726 s/step
Meep progress: 34.1375/50.0 = 68.3% done in 815.3s, 378.8s to go
on time step 2731 (time=34.1375), 0.303533 s/step
Meep progress: 34.300000000000004/50.0 = 68.6% done in 819.3s, 375.0s to go
on time step 2744 (time=34.3), 0.310859 s/step
Meep progress: 34.45/50.0 = 68.9% done in 823.3s, 371.6s to go
on time step 2756 (time=34.45), 0.334662 s/step
Meep progress: 34.6/50.0 = 69.2% done in 827.5s, 368.3s to go
on time step 2768 (time=34.6), 0.346069 s/step
Meep progress: 34.7875/50.0 = 69.6% done in 831.7s, 363.7s to go
on time step 2783 (time=34.7875), 0.283067 s/step
Meep progress: 34.95/50.0 = 69.9% done in 835.7s, 359.9s to go
on time step 2796 (time=34.95), 0.309133 s/step
Meep progress: 35.112500000000004/50.0 = 70.2% done in 839.8s, 356.1s to go
on time step 2809 (time=35.1125), 0.311739 s/step
Meep progress: 35.275/50.0 = 70.6% done in 844.2s, 352.4s to go
on time step 2822 (time=35.275), 0.337204 s/step
Meep progress: 35.4125/50.0 = 70.8% done in 848.4s, 349.5s to go
on time step 2833 (time=35.4125), 0.385037 s/step
Meep progress: 35.575/50.0 = 71.2% done in 852.7s, 345.7s to go
on time step 2846 (time=35.575), 0.32741 s/step
Meep progress: 35.737500000000004/50.0 = 71.5% done in 856.9s, 342.0s to go
on time step 2859 (time=35.7375), 0.324746 s/step
Meep progress: 35.8875/50.0 = 71.8% done in 860.9s, 338.5s to go
on time step 2871 (time=35.8875), 0.334738 s/step
Meep progress: 36.075/50.0 = 72.2% done in 865.0s, 333.9s to go
on time step 2886 (time=36.075), 0.275791 s/step
Meep progress: 36.2125/50.0 = 72.4% done in 869.1s, 330.9s to go
on time step 2897 (time=36.2125), 0.372574 s/step
Meep progress: 36.3875/50.0 = 72.8% done in 873.3s, 326.7s to go
on time step 2911 (time=36.3875), 0.297534 s/step
Meep progress: 36.550000000000004/50.0 = 73.1% done in 877.3s, 322.8s to go
on time step 2924 (time=36.55), 0.309679 s/step
Meep progress: 36.7125/50.0 = 73.4% done in 881.3s, 319.0s to go
on time step 2937 (time=36.7125), 0.30808 s/step
Meep progress: 36.9/50.0 = 73.8% done in 885.5s, 314.4s to go
on time step 2952 (time=36.9), 0.275055 s/step
Meep progress: 37.0875/50.0 = 74.2% done in 889.6s, 309.7s to go
on time step 2967 (time=37.0875), 0.278332 s/step
Meep progress: 37.2625/50.0 = 74.5% done in 893.9s, 305.6s to go
on time step 2981 (time=37.2625), 0.301882 s/step
Meep progress: 37.4375/50.0 = 74.9% done in 898.1s, 301.4s to go
on time step 2995 (time=37.4375), 0.303014 s/step
Meep progress: 37.612500000000004/50.0 = 75.2% done in 902.1s, 297.1s to go
on time step 3009 (time=37.6125), 0.287939 s/step
Meep progress: 37.7875/50.0 = 75.6% done in 906.3s, 292.9s to go
on time step 3023 (time=37.7875), 0.297418 s/step
Meep progress: 37.9625/50.0 = 75.9% done in 910.4s, 288.7s to go
on time step 3037 (time=37.9625), 0.293787 s/step
Meep progress: 38.1625/50.0 = 76.3% done in 914.7s, 283.7s to go
on time step 3053 (time=38.1625), 0.265285 s/step
Meep progress: 38.35/50.0 = 76.7% done in 918.7s, 279.1s to go
on time step 3068 (time=38.35), 0.266996 s/step
Meep progress: 38.550000000000004/50.0 = 77.1% done in 922.9s, 274.1s to go
on time step 3084 (time=38.55), 0.263703 s/step
Meep progress: 38.712500000000006/50.0 = 77.4% done in 927.1s, 270.3s to go
on time step 3097 (time=38.7125), 0.322032 s/step
Meep progress: 38.8875/50.0 = 77.8% done in 931.3s, 266.1s to go
on time step 3111 (time=38.8875), 0.300194 s/step
Meep progress: 39.0625/50.0 = 78.1% done in 935.5s, 261.9s to go
on time step 3125 (time=39.0625), 0.301713 s/step
Meep progress: 39.237500000000004/50.0 = 78.5% done in 939.7s, 257.8s to go
on time step 3139 (time=39.2375), 0.301125 s/step
Meep progress: 39.400000000000006/50.0 = 78.8% done in 944.0s, 254.0s to go
on time step 3152 (time=39.4), 0.333208 s/step
Meep progress: 39.550000000000004/50.0 = 79.1% done in 948.2s, 250.5s to go
on time step 3164 (time=39.55), 0.347119 s/step
Meep progress: 39.7/50.0 = 79.4% done in 952.2s, 247.1s to go
on time step 3176 (time=39.7), 0.336177 s/step
Meep progress: 39.862500000000004/50.0 = 79.7% done in 956.3s, 243.2s to go
on time step 3189 (time=39.8625), 0.312749 s/step
Meep progress: 40.0125/50.0 = 80.0% done in 960.5s, 239.7s to go
on time step 3201 (time=40.0125), 0.346527 s/step
Meep progress: 40.1625/50.0 = 80.3% done in 964.5s, 236.2s to go
on time step 3213 (time=40.1625), 0.33387 s/step
Meep progress: 40.35/50.0 = 80.7% done in 968.5s, 231.6s to go
on time step 3228 (time=40.35), 0.268089 s/step
Meep progress: 40.525000000000006/50.0 = 81.1% done in 972.6s, 227.4s to go
on time step 3242 (time=40.525), 0.294892 s/step
Meep progress: 40.6875/50.0 = 81.4% done in 976.7s, 223.5s to go
on time step 3255 (time=40.6875), 0.310142 s/step
Meep progress: 40.85/50.0 = 81.7% done in 980.8s, 219.7s to go
on time step 3268 (time=40.85), 0.317556 s/step
Meep progress: 41.0125/50.0 = 82.0% done in 985.0s, 215.8s to go
on time step 3281 (time=41.0125), 0.322964 s/step
Meep progress: 41.2/50.0 = 82.4% done in 989.2s, 211.3s to go
on time step 3296 (time=41.2), 0.280992 s/step
Meep progress: 41.375/50.0 = 82.8% done in 993.3s, 207.1s to go
on time step 3310 (time=41.375), 0.294876 s/step
Meep progress: 41.550000000000004/50.0 = 83.1% done in 997.6s, 202.9s to go
on time step 3324 (time=41.55), 0.306457 s/step
Meep progress: 41.712500000000006/50.0 = 83.4% done in 1001.6s, 199.0s to go
on time step 3337 (time=41.7125), 0.308007 s/step
Meep progress: 41.9125/50.0 = 83.8% done in 1005.7s, 194.1s to go
on time step 3353 (time=41.9125), 0.25697 s/step
Meep progress: 42.112500000000004/50.0 = 84.2% done in 1009.7s, 189.1s to go
on time step 3369 (time=42.1125), 0.250666 s/step
Meep progress: 42.3125/50.0 = 84.6% done in 1014.0s, 184.2s to go
on time step 3385 (time=42.3125), 0.265393 s/step
Meep progress: 42.462500000000006/50.0 = 84.9% done in 1018.1s, 180.7s to go
on time step 3397 (time=42.4625), 0.340856 s/step
Meep progress: 42.612500000000004/50.0 = 85.2% done in 1022.1s, 177.2s to go
on time step 3409 (time=42.6125), 0.33815 s/step
Meep progress: 42.8125/50.0 = 85.6% done in 1026.2s, 172.3s to go
on time step 3425 (time=42.8125), 0.254265 s/step
Meep progress: 42.975/50.0 = 86.0% done in 1030.5s, 168.4s to go
on time step 3438 (time=42.975), 0.327902 s/step
Meep progress: 43.1375/50.0 = 86.3% done in 1034.8s, 164.6s to go
on time step 3451 (time=43.1375), 0.331826 s/step
Meep progress: 43.300000000000004/50.0 = 86.6% done in 1039.0s, 160.8s to go
on time step 3464 (time=43.3), 0.324815 s/step
Meep progress: 43.487500000000004/50.0 = 87.0% done in 1043.1s, 156.2s to go
on time step 3479 (time=43.4875), 0.274519 s/step
Meep progress: 43.6875/50.0 = 87.4% done in 1047.4s, 151.3s to go
on time step 3495 (time=43.6875), 0.264272 s/step
Meep progress: 43.8875/50.0 = 87.8% done in 1051.5s, 146.5s to go
on time step 3511 (time=43.8875), 0.260394 s/step
Meep progress: 44.087500000000006/50.0 = 88.2% done in 1055.7s, 141.6s to go
on time step 3527 (time=44.0875), 0.261462 s/step
Meep progress: 44.2875/50.0 = 88.6% done in 1059.9s, 136.7s to go
on time step 3543 (time=44.2875), 0.260024 s/step
Meep progress: 44.425000000000004/50.0 = 88.9% done in 1064.1s, 133.5s to go
on time step 3554 (time=44.425), 0.380753 s/step
Meep progress: 44.587500000000006/50.0 = 89.2% done in 1068.3s, 129.7s to go
on time step 3567 (time=44.5875), 0.328968 s/step
Meep progress: 44.75/50.0 = 89.5% done in 1072.4s, 125.8s to go
on time step 3580 (time=44.75), 0.313926 s/step
Meep progress: 44.925000000000004/50.0 = 89.9% done in 1076.6s, 121.6s to go
on time step 3594 (time=44.925), 0.297303 s/step
Meep progress: 45.1/50.0 = 90.2% done in 1080.8s, 117.4s to go
on time step 3608 (time=45.1), 0.298656 s/step
Meep progress: 45.2625/50.0 = 90.5% done in 1084.8s, 113.5s to go
on time step 3621 (time=45.2625), 0.311982 s/step
Meep progress: 45.45/50.0 = 90.9% done in 1088.9s, 109.0s to go
on time step 3636 (time=45.45), 0.271874 s/step
Meep progress: 45.612500000000004/50.0 = 91.2% done in 1093.0s, 105.1s to go
on time step 3649 (time=45.6125), 0.312782 s/step
Meep progress: 45.8125/50.0 = 91.6% done in 1097.2s, 100.3s to go
on time step 3665 (time=45.8125), 0.264054 s/step
Meep progress: 45.975/50.0 = 92.0% done in 1101.2s, 96.4s to go
on time step 3678 (time=45.975), 0.309919 s/step
Meep progress: 46.150000000000006/50.0 = 92.3% done in 1105.3s, 92.2s to go
on time step 3692 (time=46.15), 0.290646 s/step
Meep progress: 46.3125/50.0 = 92.6% done in 1109.5s, 88.3s to go
on time step 3705 (time=46.3125), 0.328745 s/step
Meep progress: 46.462500000000006/50.0 = 92.9% done in 1113.6s, 84.8s to go
on time step 3717 (time=46.4625), 0.341023 s/step
Meep progress: 46.625/50.0 = 93.2% done in 1117.8s, 80.9s to go
on time step 3730 (time=46.625), 0.320381 s/step
Meep progress: 46.7625/50.0 = 93.5% done in 1122.0s, 77.7s to go
on time step 3741 (time=46.7625), 0.379375 s/step
Meep progress: 46.9125/50.0 = 93.8% done in 1126.1s, 74.1s to go
on time step 3753 (time=46.9125), 0.343983 s/step
Meep progress: 47.075/50.0 = 94.2% done in 1130.1s, 70.2s to go
on time step 3766 (time=47.075), 0.309677 s/step
Meep progress: 47.237500000000004/50.0 = 94.5% done in 1134.3s, 66.3s to go
on time step 3779 (time=47.2375), 0.318657 s/step
Meep progress: 47.400000000000006/50.0 = 94.8% done in 1138.4s, 62.4s to go
on time step 3792 (time=47.4), 0.315643 s/step
Meep progress: 47.575/50.0 = 95.2% done in 1142.6s, 58.2s to go
on time step 3806 (time=47.575), 0.301558 s/step
Meep progress: 47.75/50.0 = 95.5% done in 1146.8s, 54.0s to go
on time step 3820 (time=47.75), 0.30102 s/step
Meep progress: 47.925000000000004/50.0 = 95.9% done in 1151.1s, 49.8s to go
on time step 3834 (time=47.925), 0.309088 s/step
Meep progress: 48.075/50.0 = 96.2% done in 1155.2s, 46.3s to go
on time step 3846 (time=48.075), 0.339908 s/step
Meep progress: 48.25/50.0 = 96.5% done in 1159.3s, 42.0s to go
on time step 3860 (time=48.25), 0.288706 s/step
Meep progress: 48.4125/50.0 = 96.8% done in 1163.4s, 38.2s to go
on time step 3873 (time=48.4125), 0.320497 s/step
Meep progress: 48.6/50.0 = 97.2% done in 1167.6s, 33.6s to go
on time step 3888 (time=48.6), 0.280344 s/step
Meep progress: 48.7625/50.0 = 97.5% done in 1171.7s, 29.7s to go
on time step 3901 (time=48.7625), 0.309929 s/step
Meep progress: 48.9375/50.0 = 97.9% done in 1175.9s, 25.5s to go
on time step 3915 (time=48.9375), 0.300225 s/step
Meep progress: 49.112500000000004/50.0 = 98.2% done in 1180.1s, 21.3s to go
on time step 3929 (time=49.1125), 0.303302 s/step
Meep progress: 49.275000000000006/50.0 = 98.6% done in 1184.3s, 17.4s to go
on time step 3942 (time=49.275), 0.321116 s/step
Meep progress: 49.45/50.0 = 98.9% done in 1188.4s, 13.2s to go
on time step 3956 (time=49.45), 0.291661 s/step
Meep progress: 49.625/50.0 = 99.2% done in 1192.6s, 9.0s to go
on time step 3970 (time=49.625), 0.300029 s/step
Meep progress: 49.800000000000004/50.0 = 99.6% done in 1196.8s, 4.8s to go
on time step 3984 (time=49.8), 0.301241 s/step
Meep progress: 49.975/50.0 = 100.0% done in 1201.1s, 0.6s to go
on time step 3998 (time=49.975), 0.304963 s/step
run 0 finished at t = 50.0 (4000 timesteps)
flux1:, 0.5, 9.848235593371283e-7, -8.787455122772017e-7
flux1:, 0.5066889632107023, 1.0634762554002515e-6, -9.328671577270528e-7
flux1:, 0.5133779264214047, 1.127865253607498e-6, -1.149855508826568e-6
flux1:, 0.520066889632107, 1.4335522772134905e-6, -1.32865249034894e-6
flux1:, 0.5267558528428093, 1.7655378496323821e-6, -1.3273468457343405e-6
flux1:, 0.5334448160535117, 1.909414394266401e-6, -1.4858575217465024e-6
flux1:, 0.540133779264214, 2.225518260672583e-6, -1.8007108391073087e-6
flux1:, 0.5468227424749164, 2.7639508322840102e-6, -1.915849830386677e-6
flux1:, 0.5535117056856187, 3.1223569716411305e-6, -2.0506116682108048e-6
flux1:, 0.560200668896321, 3.5229451091616467e-6, -2.410618111034229e-6
flux1:, 0.5668896321070234, 4.281028460315817e-6, -2.62985047827569e-6
flux1:, 0.5735785953177257, 4.958150504395866e-6, -2.8257385465767902e-6
flux1:, 0.580267558528428, 5.516099043976996e-6, -3.338988531083602e-6
flux1:, 0.5869565217391304, 6.444166377343324e-6, -3.7014264298951045e-6
flux1:, 0.5936454849498327, 7.378802254970694e-6, -3.882976727969365e-6
flux1:, 0.600334448160535, 7.93161704451817e-6, -4.670315023803554e-6
flux1:, 0.6070234113712374, 8.570364000141344e-6, -5.841801043599876e-6
flux1:, 0.6137123745819397, 9.18688971764936e-6, -6.93097398189207e-6
flux1:, 0.6204013377926421, 9.80031667578509e-6, -8.53319297098686e-6
flux1:, 0.6270903010033444, 1.1899789201250541e-5, -1.0139546150228479e-5
flux1:, 0.6337792642140467, 1.5265019595588163e-5, -1.0520324310897022e-5
flux1:, 0.6404682274247491, 1.7387602323871143e-5, -1.0967861701090384e-5
flux1:, 0.6471571906354514, 1.8834574170306467e-5, -1.27735101502218e-5
flux1:, 0.6538461538461537, 2.2135197009842465e-5, -1.4397734321997914e-5
flux1:, 0.6605351170568561, 2.577003200155239e-5, -1.5895520988159182e-5
flux1:, 0.6672240802675584, 2.8278514134024423e-5, -1.9064485944258007e-5
flux1:, 0.6739130434782608, 3.316463604788031e-5, -2.165623157919827e-5
flux1:, 0.6806020066889631, 4.0804065591485135e-5, -2.1650193063111438e-5
flux1:, 0.6872909698996654, 4.5336552573243246e-5, -2.3805250544563744e-5
flux1:, 0.6939799331103678, 4.605334635729903e-5, -3.118801312432551e-5
flux1:, 0.7006688963210701, 4.941661291379066e-5, -3.8668882823685354e-5
flux1:, 0.7073578595317724, 5.7993638443646487e-5, -4.279975476743972e-5
flux1:, 0.7140468227424748, 6.943213964533078e-5, -4.625449702662334e-5
flux1:, 0.7207357859531771, 8.26210712317228e-5, -4.953753999730756e-5
flux1:, 0.7274247491638794, 9.565977560322122e-5, -5.114702003968761e-5
flux1:, 0.7341137123745818, 1.0535015247005768e-4, -5.479007604791298e-5
flux1:, 0.7408026755852841, 1.1338431643139626e-4, -6.57094047095936e-5
flux1:, 0.7474916387959865, 1.2497276196947503e-4, -8.182575486051232e-5
flux1:, 0.7541806020066888, 1.418850577342473e-4, -9.497981211878711e-5
flux1:, 0.7608695652173911, 1.6249458034067008e-4, -1.0134321488131547e-4
flux1:, 0.7675585284280935, 1.8374927754743036e-4, -1.0724010173498801e-4
flux1:, 0.7742474916387958, 2.007356187900612e-4, -1.2105305360888337e-4
flux1:, 0.7809364548494981, 2.1174757061960604e-4, -1.4454651270280296e-4
flux1:, 0.7876254180602005, 2.237891638559777e-4, -1.7629720579463555e-4
flux1:, 0.7943143812709028, 2.4454885723784454e-4, -2.1078579165422246e-4
flux1:, 0.8010033444816052, 2.701486764955721e-4, -2.366531952663706e-4
flux1:, 0.8076923076923075, 2.916053423126676e-4, -2.5959775407106387e-4
flux1:, 0.8143812709030098, 3.1108166544712253e-4, -3.0697528962239667e-4
flux1:, 0.8210702341137122, 3.3577836857885636e-4, -3.7716052145977415e-4
flux1:, 0.8277591973244145, 3.6290762520901465e-4, -4.313490452679109e-4
flux1:, 0.8344481605351168, 3.9416274809097815e-4, -4.6727026396159194e-4
flux1:, 0.8411371237458192, 4.427778471585125e-4, -5.220558844905169e-4
flux1:, 0.8478260869565215, 4.945044074575628e-4, -5.853284086799062e-4
flux1:, 0.8545150501672238, 5.125122470730048e-4, -6.177813578439269e-4
flux1:, 0.8612040133779262, 5.176319059458223e-4, -6.474915881787917e-4
flux1:, 0.8678929765886285, 5.745807350455544e-4, -7.282351085005662e-4
flux1:, 0.8745819397993309, 6.687203060081408e-4, -8.446701168027553e-4
flux1:, 0.8812709030100332, 7.251053196452867e-4, -9.641445952515048e-4
flux1:, 0.8879598662207355, 7.553385491667287e-4, -0.0010996523720933906
flux1:, 0.8946488294314379, 8.278354821483406e-4, -0.001246304014207236
flux1:, 0.9013377926421402, 9.25483352167245e-4, -0.0013703128075032137
flux1:, 0.9080267558528425, 9.940020599260649e-4, -0.0014982851780716581
flux1:, 0.9147157190635449, 0.0010553350912803352, -0.0016898860242520347
flux1:, 0.9214046822742472, 0.0011426757998044986, -0.0019241281023754755
flux1:, 0.9280936454849495, 0.0012305549713918416, -0.0021335905022793885
flux1:, 0.9347826086956519, 0.0013009580910652147, -0.0023111194620186325
flux1:, 0.9414715719063542, 0.0013772685447298275, -0.002477612113506509
flux1:, 0.9481605351170566, 0.0014989773139546623, -0.0026215304961278653
flux1:, 0.9548494983277589, 0.001712145405661893, -0.0027630755927399667
flux1:, 0.9615384615384612, 0.002004084646621067, -0.0029630962253940608
flux1:, 0.9682274247491636, 0.002280826592608194, -0.00318696455902915
flux1:, 0.9749163879598659, 0.0025140417313204745, -0.0033270956849685875
flux1:, 0.9816053511705682, 0.0027649449511040506, -0.0034276634738200536
flux1:, 0.9882943143812706, 0.002991028371630525, -0.003653102587995982
flux1:, 0.9949832775919729, 0.0030860557502212184, -0.004004374625382906
flux1:, 1.0016722408026753, 0.0031232986619538386, -0.004368396067079891
flux1:, 1.0083612040133776, 0.003267976263621788, -0.004786194438596556
flux1:, 1.01505016722408, 0.003525292289139182, -0.005310959605169496
flux1:, 1.0217391304347823, 0.0038088149936991063, -0.005800505317584224
flux1:, 1.0284280936454846, 0.004109439758427748, -0.0062053356438136215
flux1:, 1.035117056856187, 0.004496147209624477, -0.006675252289813558
flux1:, 1.0418060200668893, 0.005075241074913613, -0.007131654548464951
flux1:, 1.0484949832775916, 0.005838629345086452, -0.007352651149369532
flux1:, 1.055183946488294, 0.006544261305400141, -0.007571718757286852
flux1:, 1.0618729096989963, 0.007057361455021348, -0.00819981701189819
flux1:, 1.0685618729096986, 0.007601718092996742, -0.009055940353009403
flux1:, 1.075250836120401, 0.00826240808134756, -0.009695952585857997
flux1:, 1.0819397993311033, 0.008755957296455237, -0.010193438540874112
flux1:, 1.0886287625418056, 0.00910116910710262, -0.010864676415205245
flux1:, 1.095317725752508, 0.009738144413117805, -0.011651882857052816
flux1:, 1.1020066889632103, 0.01071410739000402, -0.012333139575028303
flux1:, 1.1086956521739126, 0.011620975283124061, -0.013004815190751856
flux1:, 1.115384615384615, 0.012316745420662736, -0.014049672647597907
flux1:, 1.1220735785953173, 0.012959249871029905, -0.01564350817482136
flux1:, 1.1287625418060196, 0.01369028155198951, -0.017311418169689195
flux1:, 1.135451505016722, 0.014701712158782257, -0.018340758806035157
flux1:, 1.1421404682274243, 0.016020940984673847, -0.018752289575568792
flux1:, 1.1488294314381267, 0.017349360398071674, -0.019161121132071572
flux1:, 1.155518394648829, 0.01869351459805122, -0.019745539414261378
flux1:, 1.1622073578595313, 0.020367262428764108, -0.020374733965196293
flux1:, 1.1688963210702337, 0.02206073309031943, -0.02132865507779036
flux1:, 1.175585284280936, 0.023307517727431885, -0.022711015504779202
flux1:, 1.1822742474916383, 0.02463299681200393, -0.023941006575717468
flux1:, 1.1889632107023407, 0.026460750890344255, -0.024802528235596612
flux1:, 1.195652173913043, 0.027932493592571796, -0.02580325667924315
flux1:, 1.2023411371237454, 0.02870790003149623, -0.026961742057599453
flux1:, 1.2090301003344477, 0.030006205233517443, -0.027815553947933884
flux1:, 1.21571906354515, 0.032150814343295094, -0.028745001456161424
flux1:, 1.2224080267558524, 0.03376779582584254, -0.030523978597234554
flux1:, 1.2290969899665547, 0.03468333165278982, -0.03272160664807514
flux1:, 1.235785953177257, 0.036407571905385676, -0.034262427121480234
flux1:, 1.2424749163879594, 0.03902784137873823, -0.03525674386446948
flux1:, 1.2491638795986617, 0.04098106877279765, -0.036688426166438734
flux1:, 1.255852842809364, 0.042101651417868806, -0.038666833130933734
flux1:, 1.2625418060200664, 0.04377023678228759, -0.04060804220751573
flux1:, 1.2692307692307687, 0.04625253093655918, -0.042798643720122084
flux1:, 1.275919732441471, 0.04850789383630748, -0.045900578758530756
flux1:, 1.2826086956521734, 0.050227417375799464, -0.049138307795490395
flux1:, 1.2892976588628757, 0.052104864111832065, -0.051087263055768994
flux1:, 1.295986622073578, 0.054459265384279865, -0.05200091676254222
flux1:, 1.3026755852842804, 0.05680568626163326, -0.05330137720201937
flux1:, 1.3093645484949827, 0.058562747591208365, -0.05546129615225468
flux1:, 1.316053511705685, 0.05967177536422504, -0.05811641236616984
flux1:, 1.3227424749163874, 0.060657557882567915, -0.06092776825256965
flux1:, 1.3294314381270897, 0.06212798096607682, -0.0633106900902555
flux1:, 1.336120401337792, 0.06418335538346154, -0.06513400854988206
flux1:, 1.3428093645484944, 0.06654913803772144, -0.06743223440360178
flux1:, 1.3494983277591968, 0.06912151134157107, -0.07040649151038145
flux1:, 1.356187290969899, 0.07184984692096075, -0.07254296451544705
flux1:, 1.3628762541806014, 0.07440685208274776, -0.07348048988543779
flux1:, 1.3695652173913038, 0.07671957455012583, -0.07461920697496517
flux1:, 1.376254180602006, 0.07918968129979534, -0.07614921972823167
flux1:, 1.3829431438127084, 0.08146276739670556, -0.07753858540723062
flux1:, 1.3896321070234108, 0.08226239099148187, -0.08013027519825702
flux1:, 1.3963210702341131, 0.08180974162635363, -0.0846640889190263
flux1:, 1.4030100334448155, 0.08258665456385088, -0.08839556954482611
flux1:, 1.4096989966555178, 0.08602359791471934, -0.08903978551118381
flux1:, 1.4163879598662201, 0.09052564039914898, -0.08868991059935451
flux1:, 1.4230769230769225, 0.09409990805560685, -0.09037787533341013
flux1:, 1.4297658862876248, 0.09648229020452039, -0.09358897734732569
flux1:, 1.4364548494983271, 0.09810968868404076, -0.09555615347098946
flux1:, 1.4431438127090295, 0.0995989227695575, -0.09519907123707574
flux1:, 1.4498327759197318, 0.10169644454649833, -0.09449431859215289
flux1:, 1.4565217391304341, 0.10359463375550802, -0.09615652760695054
flux1:, 1.4632107023411365, 0.10357488819323317, -0.1003199334414826
flux1:, 1.4698996655518388, 0.10274384068898405, -0.10449896576944465
flux1:, 1.4765886287625412, 0.10392481001896613, -0.10671477010003043
flux1:, 1.4832775919732435, 0.10620248217315639, -0.10722680686573567
flux1:, 1.4899665551839458, 0.10622369751839546, -0.10775281166221967
flux1:, 1.4966555183946482, 0.1045592613026054, -0.1100985583887622
flux1:, 1.5033444816053505, 0.10441899455316295, -0.11430927351276049
flux1:, 1.5100334448160528, 0.1056082651753324, -0.1180591798780478
flux1:, 1.5167224080267552, 0.10605949384665012, -0.11955388196298308
flux1:, 1.5234113712374575, 0.10654206868721237, -0.11982824038268769
flux1:, 1.5301003344481598, 0.10814839046456594, -0.12052978638304702
flux1:, 1.5367892976588622, 0.10891057367600568, -0.12167482003475415
flux1:, 1.5434782608695645, 0.10760305485449133, -0.12269895183671953
flux1:, 1.5501672240802669, 0.10652020852893697, -0.1233095429077353
flux1:, 1.5568561872909692, 0.1070386131822382, -0.12318441525021455
flux1:, 1.5635451505016715, 0.1071255738331485, -0.12258596455340835
flux1:, 1.5702341137123739, 0.10564728747352892, -0.1224928668355109
flux1:, 1.5769230769230762, 0.10439390417052967, -0.12359013464140302
flux1:, 1.5836120401337785, 0.10405293023457601, -0.12610506799536708
flux1:, 1.5903010033444809, 0.1027093164136709, -0.12963067648632887
flux1:, 1.5969899665551832, 0.09982446122934233, -0.13251839101859933
flux1:, 1.6036789297658856, 0.0974748057545067, -0.13343534072522079
flux1:, 1.610367892976588, 0.09629660246017685, -0.13320276092157607
flux1:, 1.6170568561872902, 0.0942636876277479, -0.13327900474699633
flux1:, 1.6237458193979926, 0.09078594208423718, -0.13398513100800152
flux1:, 1.630434782608695, 0.08801563967583495, -0.1349115928689902
flux1:, 1.6371237458193972, 0.08691535547322377, -0.13484054101910964
flux1:, 1.6438127090300996, 0.08593275034550818, -0.1325784873844294
flux1:, 1.650501672240802, 0.08426287341663925, -0.1297883924587785
flux1:, 1.6571906354515042, 0.0826009731384053, -0.12936251049253766
flux1:, 1.6638795986622066, 0.08072221425858862, -0.13033602715003456
flux1:, 1.670568561872909, 0.07795731178799327, -0.12979217840366847
flux1:, 1.6772575250836113, 0.07514013844629436, -0.12848760361225758
flux1:, 1.6839464882943136, 0.0729165046874413, -0.12863511179208478
flux1:, 1.690635451505016, 0.0700680137335419, -0.12934823677173607
flux1:, 1.6973244147157183, 0.06612439748254663, -0.1291666581581638
flux1:, 1.7040133779264206, 0.06281364735993737, -0.12856522930086997
flux1:, 1.710702341137123, 0.0608446754227315, -0.1275905370458586
flux1:, 1.7173913043478253, 0.05851747694798479, -0.1258771684371822
flux1:, 1.7240802675585276, 0.054992732528059654, -0.12440183921536212
flux1:, 1.73076923076923, 0.051613448868499244, -0.12341843002424194
flux1:, 1.7374581939799323, 0.04911613863211679, -0.1218327299078433
flux1:, 1.7441471571906346, 0.04664228826130399, -0.12003393456029048
flux1:, 1.750836120401337, 0.04390784479317679, -0.1186452292670455
flux1:, 1.7575250836120393, 0.041659018109944816, -0.11616760283967249
flux1:, 1.7642140468227416, 0.03989886147541322, -0.1126089835578057
flux1:, 1.770903010033444, 0.037804106645963856, -0.11069055084771749
flux1:, 1.7775919732441463, 0.03526966406879965, -0.11009151652527858
flux1:, 1.7842809364548486, 0.032978803510703536, -0.1075070014935324
flux1:, 1.790969899665551, 0.031222205341025495, -0.10341023080478905
flux1:, 1.7976588628762533, 0.029660894202643465, -0.10084149235040243
flux1:, 1.8043478260869557, 0.02788579045475001, -0.09919585471586295
flux1:, 1.811036789297658, 0.025701567824430466, -0.09655299739631702
flux1:, 1.8177257525083603, 0.02330305404025751, -0.09409519961030244
flux1:, 1.8244147157190627, 0.021252465956014113, -0.09267011286136032
flux1:, 1.831103678929765, 0.01980580578182909, -0.09053254405945321
flux1:, 1.8377926421404673, 0.01851336392452436, -0.08750293697761999
flux1:, 1.8444816053511697, 0.016918563961317225, -0.08542084556012934
flux1:, 1.851170568561872, 0.01518748957344017, -0.08409150668587764
flux1:, 1.8578595317725743, 0.0137458224543214, -0.08198565154473078
flux1:, 1.8645484949832767, 0.012803892540991433, -0.07916506967959175
flux1:, 1.871237458193979, 0.012293222254788209, -0.07600603447611202
flux1:, 1.8779264214046814, 0.011843013832554266, -0.07230111244090472
flux1:, 1.8846153846153837, 0.011069679739086785, -0.06894774720640119
flux1:, 1.891304347826086, 0.01015257640339509, -0.06662949848251748
flux1:, 1.8979933110367884, 0.009622451096351478, -0.06378734571195495
flux1:, 1.9046822742474907, 0.009543950744865703, -0.0596040350242463
flux1:, 1.911371237458193, 0.009542182265560747, -0.056001084910409636
flux1:, 1.9180602006688954, 0.009453152638416505, -0.05373464548755404
flux1:, 1.9247491638795977, 0.009344049148163138, -0.050913875172971024
flux1:, 1.9314381270903, 0.009233449356604709, -0.04716215947170169
flux1:, 1.9381270903010024, 0.009181386413382273, -0.04426131617887489
flux1:, 1.9448160535117047, 0.009209169625632577, -0.0423185667059394
flux1:, 1.951505016722407, 0.009064295162594837, -0.0400540243235025
flux1:, 1.9581939799331094, 0.008598632746166866, -0.03774755459490551
flux1:, 1.9648829431438117, 0.008182709996347804, -0.03596672706724687
flux1:, 1.971571906354514, 0.008192243644629643, -0.033774971435355336
flux1:, 1.9782608695652164, 0.008398740924344833, -0.030933659087448533
flux1:, 1.9849498327759187, 0.008333445365119506, -0.028755675603498187
flux1:, 1.991638795986621, 0.0079299401147019, -0.027483113906964726
flux1:, 1.9983277591973234, 0.0074741646027192314, -0.026063445392183013
flux1:, 2.0050167224080258, 0.007180846608805929, -0.024381037458920007
flux1:, 2.011705685618728, 0.007049850426162154, -0.02287326375845413
flux1:, 2.0183946488294304, 0.006996812561193395, -0.021191571450663856
flux1:, 2.0250836120401328, 0.006951218489264617, -0.019237325450101234
flux1:, 2.031772575250835, 0.006837281026455531, -0.01767893264236618
flux1:, 2.0384615384615374, 0.006592656907249833, -0.016576724240938156
flux1:, 2.0451505016722398, 0.0062612764000557685, -0.015425487101262679
flux1:, 2.051839464882942, 0.005950002236138737, -0.014315514136153616
flux1:, 2.0585284280936444, 0.005668843859877552, -0.013444705208138587
flux1:, 2.065217391304347, 0.0053636966337387544, -0.012490126915539109
flux1:, 2.071906354515049, 0.005067273988932748, -0.011418803428201767
flux1:, 2.0785953177257515, 0.004829704584432251, -0.010598031420383631
flux1:, 2.085284280936454, 0.004590788327649603, -0.00993291676131348
flux1:, 2.091973244147156, 0.004300925492987224, -0.009129590095764396
flux1:, 2.0986622073578585, 0.004034381245834699, -0.008332022867155547
flux1:, 2.105351170568561, 0.00384246887646557, -0.007667934847244495
flux1:, 2.112040133779263, 0.0036518338198160225, -0.007001381380030907
flux1:, 2.1187290969899655, 0.0034035373548615975, -0.0064051291706324655
flux1:, 2.125418060200668, 0.00314592832093466, -0.006008339393706043
flux1:, 2.13210702341137, 0.002933323333041769, -0.0056210379189943266
flux1:, 2.1387959866220725, 0.0027470565152326147, -0.005136633195724581
flux1:, 2.145484949832775, 0.0025525717987257184, -0.004727680239439991
flux1:, 2.152173913043477, 0.002361353592768886, -0.004398678235110286
flux1:, 2.1588628762541795, 0.0022023881743759633, -0.004017758521930047
flux1:, 2.165551839464882, 0.0020682002410940476, -0.003668504791051471
flux1:, 2.172240802675584, 0.001928143353269377, -0.0034290853658336894
flux1:, 2.1789297658862865, 0.001780277048640459, -0.0031725622882769833
flux1:, 2.185618729096989, 0.0016476797429145185, -0.0028641201834294903
flux1:, 2.192307692307691, 0.0015350324004418546, -0.0026070989333968906
flux1:, 2.1989966555183935, 0.0014287120038381487, -0.0023912269286993967
flux1:, 2.205685618729096, 0.0013232707497320142, -0.002167093609642501
flux1:, 2.212374581939798, 0.0012196800998857376, -0.0019798806938013647
flux1:, 2.2190635451505005, 0.0011178801086582488, -0.0018310242883230684
flux1:, 2.225752508361203, 0.0010211360103166889, -0.0016679502823188975
flux1:, 2.232441471571905, 9.305620756639258e-4, -0.0015183035885160613
flux1:, 2.2391304347826075, 8.439477523464583e-4, -0.0014130290482862596
flux1:, 2.24581939799331, 7.669536122077374e-4, -0.0013054211200930793
flux1:, 2.252508361204012, 7.045498415657541e-4, -0.0011826647542316627
flux1:, 2.2591973244147145, 6.470168878159329e-4, -0.0010810635595213181
flux1:, 2.265886287625417, 5.859208563528088e-4, -9.91708348732426e-4
flux1:, 2.272575250836119, 5.270523503546795e-4, -8.962582484126448e-4
flux1:, 2.2792642140468216, 4.751217721612945e-4, -8.141300288978328e-4
flux1:, 2.285953177257524, 4.2830849388709124e-4, -7.458154190245856e-4
flux1:, 2.2926421404682262, 3.878857384122126e-4, -6.745648048795581e-4
flux1:, 2.2993311036789286, 3.5340295500071013e-4, -6.111006999673078e-4
flux1:, 2.306020066889631, 3.191491144212767e-4, -5.591747997901861e-4
flux1:, 2.3127090301003332, 2.853106135998774e-4, -5.025145951581356e-4
flux1:, 2.3193979933110356, 2.5636847061061367e-4, -4.486693615968962e-4
flux1:, 2.326086956521738, 2.306073209366038e-4, -4.0980710867593255e-4
flux1:, 2.3327759197324403, 2.0612715298344418e-4, -3.7083495133249087e-4
flux1:, 2.3394648829431426, 1.8574739346114113e-4, -3.2772796707681174e-4
flux1:, 2.346153846153845, 1.6808073858437726e-4, -2.95898997809198e-4
flux1:, 2.3528428093645473, 1.492381337147143e-4, -2.7036694363569765e-4
flux1:, 2.3595317725752496, 1.3209085225197422e-4, -2.3966378434752897e-4
flux1:, 2.366220735785952, 1.1988532913561588e-4, -2.1273682594160186e-4
flux1:, 2.3729096989966543, 1.0910189257830002e-4, -1.933647935551535e-4
flux1:, 2.3795986622073566, 9.697351586737484e-5, -1.72994066880584e-4
flux1:, 2.386287625418059, 8.488206472459068e-5, -1.550001366057752e-4
flux1:, 2.3929765886287613, 7.310840095817394e-5, -1.438381676498997e-4
flux1:, 2.3996655518394636, 6.19752868660275e-5, -1.311271901661239e-4
flux1:, 2.406354515050166, 5.3800191029870795e-5, -1.1610791017643135e-4
flux1:, 2.4130434782608683, 4.828116631703243e-5, -1.063612675928477e-4
flux1:, 2.4197324414715706, 4.2714673336856315e-5, -9.80458069583352e-5
flux1:, 2.426421404682273, 3.701602374014306e-5, -8.588709642911187e-5
flux1:, 2.4331103678929753, 3.23225301203182e-5, -7.529038470197524e-5
flux1:, 2.4397993311036776, 2.8109750757453754e-5, -6.80597020361472e-5
flux1:, 2.44648829431438, 2.425414937368795e-5, -6.020060525653584e-5
flux1:, 2.4531772575250823, 2.1289882134484615e-5, -5.359617480777843e-5
flux1:, 2.4598662207357846, 1.8485809199372006e-5, -4.9843754594505164e-5
flux1:, 2.466555183946487, 1.5463416291348965e-5, -4.484827677020102e-5
flux1:, 2.4732441471571893, 1.322853021903635e-5, -3.874151653442654e-5
flux1:, 2.4799331103678917, 1.1774125686088098e-5, -3.487841073279168e-5
flux1:, 2.486622073578594, 1.0121289355237567e-5, -3.148171546526891e-5
flux1:, 2.4933110367892963, 8.454664997375727e-6, -2.7122096132796932e-5
flux1:, 2.4999999999999987, 7.2901964078581455e-6, -2.4343087582465633e-5

Elapsed run time = 1230.03 s
