--------------------------------------------------------------------------
[[9851,1],1]: A high-performance Open MPI point-to-point messaging module
was unable to find any relevant network interfaces:

Module: OpenFabrics (openib)
  Host: euca-128-84-11-54

Another transport will be used instead, although this may result in
lower performance.
--------------------------------------------------------------------------
Using MPI version 3.0, 2 processes
command-line param: no-struct=false
command-line param: no-holes=false
command-line param: rodpos="rad.275ff.2/rodpos.txt"
-----------
Initializing structure...
Working in 3D dimensions.
Computational cell is 4 x 4 x 5 with resolution 40
     block, center = (0,0,0)
          size (1e+20,1e+20,0.15)
          axes (1,0,0), (0,1,0), (0,0,1)
          dielectric constant epsilon diagonal = (12,12,12)
     cylinder, center = (2.37,1.364,0)
          radius 0.275, height 0.15, axis (0, 0, 1)
          dielectric constant epsilon diagonal = (1,1,1)
     cylinder, center = (0.236,2.029,0)
          radius 0.275, height 0.15, axis (0, 0, 1)
          dielectric constant epsilon diagonal = (1,1,1)
     cylinder, center = (3.617,3.817,0)
          radius 0.275, height 0.15, axis (0, 0, 1)
          dielectric constant epsilon diagonal = (1,1,1)
     cylinder, center = (0.366,3.994,0)
          radius 0.275, height 0.15, axis (0, 0, 1)
          dielectric constant epsilon diagonal = (1,1,1)
     cylinder, center = (2.392,3.066,0)
          radius 0.275, height 0.15, axis (0, 0, 1)
          dielectric constant epsilon diagonal = (1,1,1)
     cylinder, center = (1.363,1.086,0)
          radius 0.275, height 0.15, axis (0, 0, 1)
          dielectric constant epsilon diagonal = (1,1,1)
     cylinder, center = (2.11,2.074,0)
          radius 0.275, height 0.15, axis (0, 0, 1)
          dielectric constant epsilon diagonal = (1,1,1)
     cylinder, center = (1.034,3.039,0)
          radius 0.275, height 0.15, axis (0, 0, 1)
          dielectric constant epsilon diagonal = (1,1,1)
     cylinder, center = (2.668,0.587,0)
          radius 0.275, height 0.15, axis (0, 0, 1)
          dielectric constant epsilon diagonal = (1,1,1)
     cylinder, center = (3.179,2.555,0)
          radius 0.275, height 0.15, axis (0, 0, 1)
          dielectric constant epsilon diagonal = (1,1,1)
     cylinder, center = (0.428,0.308,0)
          radius 0.275, height 0.15, axis (0, 0, 1)
          dielectric constant epsilon diagonal = (1,1,1)
     cylinder, center = (1.35,1.948,0)
          radius 0.275, height 0.15, axis (0, 0, 1)
          dielectric constant epsilon diagonal = (1,1,1)
     cylinder, center = (3.119,3.429,0)
          radius 0.275, height 0.15, axis (0, 0, 1)
          dielectric constant epsilon diagonal = (1,1,1)
     cylinder, center = (0.736,1.217,0)
          radius 0.275, height 0.15, axis (0, 0, 1)
          dielectric constant epsilon diagonal = (1,1,1)
subpixel-averaging is 74.4569% done, 1.37237 s remaining
time for set_epsilon = 19.5492 s
time for set_conductivity = 0.185264 s
time for set_conductivity = 0.188098 s
time for set_conductivity = 0.192593 s
-----------
Meep progress: 0.0125/50.0 = 0.0% done in 4.1s, 16228.5s to go
on time step 1 (time=0.0125), 4.05867 s/step
Meep progress: 0.1875/50.0 = 0.4% done in 8.4s, 2220.9s to go
on time step 15 (time=0.1875), 0.307244 s/step
Meep progress: 0.36250000000000004/50.0 = 0.7% done in 12.7s, 1734.6s to go
on time step 29 (time=0.3625), 0.307694 s/step
Meep progress: 0.5375/50.0 = 1.1% done in 16.9s, 1559.6s to go
on time step 43 (time=0.5375), 0.305766 s/step
Meep progress: 0.7000000000000001/50.0 = 1.4% done in 21.0s, 1477.3s to go
on time step 56 (time=0.7), 0.309828 s/step
Meep progress: 0.875/50.0 = 1.8% done in 25.3s, 1418.8s to go
on time step 70 (time=0.875), 0.30677 s/step
Meep progress: 1.05/50.0 = 2.1% done in 29.6s, 1378.8s to go
on time step 84 (time=1.05), 0.307448 s/step
Meep progress: 1.225/50.0 = 2.4% done in 33.9s, 1348.0s to go
on time step 98 (time=1.225), 0.305686 s/step
Meep progress: 1.4000000000000001/50.0 = 2.8% done in 38.1s, 1323.6s to go
on time step 112 (time=1.4), 0.305299 s/step
Meep progress: 1.5625/50.0 = 3.1% done in 42.1s, 1306.5s to go
on time step 125 (time=1.5625), 0.308899 s/step
Meep progress: 1.725/50.0 = 3.4% done in 46.3s, 1295.7s to go
on time step 138 (time=1.725), 0.319448 s/step
Meep progress: 1.9000000000000001/50.0 = 3.8% done in 50.6s, 1280.9s to go
on time step 152 (time=1.9), 0.307064 s/step
Meep progress: 2.0625/50.0 = 4.1% done in 54.6s, 1270.1s to go
on time step 165 (time=2.0625), 0.311628 s/step
Meep progress: 2.2/50.0 = 4.4% done in 58.7s, 1276.0s to go
on time step 176 (time=2.2), 0.371031 s/step
Meep progress: 2.375/50.0 = 4.8% done in 63.0s, 1264.0s to go
on time step 190 (time=2.375), 0.307378 s/step
Meep progress: 2.5375/50.0 = 5.1% done in 67.0s, 1253.9s to go
on time step 203 (time=2.5375), 0.307976 s/step
Meep progress: 2.7125000000000004/50.0 = 5.4% done in 71.3s, 1243.3s to go
on time step 217 (time=2.7125), 0.305983 s/step
Meep progress: 2.8875/50.0 = 5.8% done in 75.5s, 1232.0s to go
on time step 231 (time=2.8875), 0.299051 s/step
Meep progress: 3.0375/50.0 = 6.1% done in 79.6s, 1230.6s to go
on time step 243 (time=3.0375), 0.340689 s/step
Meep progress: 3.2/50.0 = 6.4% done in 83.8s, 1225.0s to go
on time step 256 (time=3.2), 0.3205 s/step
Meep progress: 3.3625000000000003/50.0 = 6.7% done in 88.0s, 1220.7s to go
on time step 269 (time=3.3625), 0.327046 s/step
Meep progress: 3.5125/50.0 = 7.0% done in 92.1s, 1219.5s to go
on time step 281 (time=3.5125), 0.343833 s/step
Meep progress: 3.6750000000000003/50.0 = 7.4% done in 96.2s, 1212.5s to go
on time step 294 (time=3.675), 0.311553 s/step
Meep progress: 3.8375000000000004/50.0 = 7.7% done in 100.3s, 1206.6s to go
on time step 307 (time=3.8375), 0.3168 s/step
Meep progress: 4.0/50.0 = 8.0% done in 104.3s, 1199.7s to go
on time step 320 (time=4), 0.308728 s/step
Meep progress: 4.1625000000000005/50.0 = 8.3% done in 108.4s, 1193.6s to go
on time step 333 (time=4.1625), 0.312712 s/step
Meep progress: 4.325/50.0 = 8.6% done in 112.7s, 1189.8s to go
on time step 346 (time=4.325), 0.329192 s/step
Meep progress: 4.5/50.0 = 9.0% done in 117.0s, 1182.6s to go
on time step 360 (time=4.5), 0.306409 s/step
Meep progress: 4.65/50.0 = 9.3% done in 121.0s, 1180.1s to go
on time step 372 (time=4.65), 0.337443 s/step
Meep progress: 4.8125/50.0 = 9.6% done in 125.3s, 1176.6s to go
on time step 385 (time=4.8125), 0.331176 s/step
Meep progress: 4.9625/50.0 = 9.9% done in 129.3s, 1173.8s to go
on time step 397 (time=4.9625), 0.335166 s/step
Meep progress: 5.125/50.0 = 10.2% done in 133.5s, 1169.2s to go
on time step 410 (time=5.125), 0.323103 s/step
Meep progress: 5.300000000000001/50.0 = 10.6% done in 137.8s, 1162.0s to go
on time step 424 (time=5.3), 0.303196 s/step
Meep progress: 5.4625/50.0 = 10.9% done in 141.9s, 1157.3s to go
on time step 437 (time=5.4625), 0.320226 s/step
Meep progress: 5.625/50.0 = 11.2% done in 146.2s, 1153.4s to go
on time step 450 (time=5.625), 0.328012 s/step
Meep progress: 5.7875000000000005/50.0 = 11.6% done in 150.2s, 1147.5s to go
on time step 463 (time=5.7875), 0.308547 s/step
Meep progress: 5.9625/50.0 = 11.9% done in 154.5s, 1141.0s to go
on time step 477 (time=5.9625), 0.304595 s/step
Meep progress: 6.125/50.0 = 12.2% done in 158.5s, 1135.3s to go
on time step 490 (time=6.125), 0.30841 s/step
Meep progress: 6.300000000000001/50.0 = 12.6% done in 162.6s, 1127.7s to go
on time step 504 (time=6.3), 0.291546 s/step
Meep progress: 6.5/50.0 = 13.0% done in 166.9s, 1116.6s to go
on time step 520 (time=6.5), 0.267534 s/step
Meep progress: 6.65/50.0 = 13.3% done in 171.1s, 1115.2s to go
on time step 532 (time=6.65), 0.351362 s/step
Meep progress: 6.825/50.0 = 13.6% done in 175.3s, 1109.2s to go
on time step 546 (time=6.825), 0.304718 s/step
Meep progress: 6.987500000000001/50.0 = 14.0% done in 179.4s, 1104.6s to go
on time step 559 (time=6.9875), 0.315835 s/step
Meep progress: 7.15/50.0 = 14.3% done in 183.6s, 1100.2s to go
on time step 572 (time=7.15), 0.318536 s/step
Meep progress: 7.325/50.0 = 14.6% done in 187.9s, 1094.6s to go
on time step 586 (time=7.325), 0.307145 s/step
Meep progress: 7.487500000000001/50.0 = 15.0% done in 191.9s, 1089.5s to go
on time step 599 (time=7.4875), 0.308195 s/step
Meep progress: 7.6625000000000005/50.0 = 15.3% done in 196.2s, 1084.0s to go
on time step 613 (time=7.6625), 0.306683 s/step
Meep progress: 7.8375/50.0 = 15.7% done in 200.5s, 1078.5s to go
on time step 627 (time=7.8375), 0.306794 s/step
Meep progress: 8.0/50.0 = 16.0% done in 204.6s, 1074.2s to go
on time step 640 (time=8), 0.318119 s/step
Meep progress: 8.15/50.0 = 16.3% done in 208.7s, 1071.5s to go
on time step 652 (time=8.15), 0.338468 s/step
Meep progress: 8.3125/50.0 = 16.6% done in 212.7s, 1066.6s to go
on time step 665 (time=8.3125), 0.308248 s/step
Meep progress: 8.475/50.0 = 17.0% done in 216.7s, 1061.8s to go
on time step 678 (time=8.475), 0.310071 s/step
Meep progress: 8.6625/50.0 = 17.3% done in 221.0s, 1054.4s to go
on time step 693 (time=8.6625), 0.282599 s/step
Meep progress: 8.85/50.0 = 17.7% done in 225.0s, 1046.0s to go
on time step 708 (time=8.85), 0.266928 s/step
Meep progress: 9.05/50.0 = 18.1% done in 229.1s, 1036.7s to go
on time step 724 (time=9.05), 0.259838 s/step
Meep progress: 9.25/50.0 = 18.5% done in 233.3s, 1027.7s to go
on time step 740 (time=9.25), 0.260168 s/step
Meep progress: 9.450000000000001/50.0 = 18.9% done in 237.4s, 1018.7s to go
on time step 756 (time=9.45), 0.257613 s/step
Meep progress: 9.625/50.0 = 19.2% done in 241.7s, 1013.7s to go
on time step 770 (time=9.625), 0.304841 s/step
Meep progress: 9.775/50.0 = 19.6% done in 245.9s, 1012.0s to go
on time step 782 (time=9.775), 0.35431 s/step
Meep progress: 9.9375/50.0 = 19.9% done in 250.0s, 1007.8s to go
on time step 795 (time=9.9375), 0.312998 s/step
Meep progress: 10.100000000000001/50.0 = 20.2% done in 254.3s, 1004.6s to go
on time step 808 (time=10.1), 0.331275 s/step
Meep progress: 10.25/50.0 = 20.5% done in 258.3s, 1001.8s to go
on time step 820 (time=10.25), 0.335704 s/step
Meep progress: 10.412500000000001/50.0 = 20.8% done in 262.6s, 998.3s to go
on time step 833 (time=10.4125), 0.326598 s/step
Meep progress: 10.5875/50.0 = 21.2% done in 266.9s, 993.4s to go
on time step 847 (time=10.5875), 0.306379 s/step
Meep progress: 10.762500000000001/50.0 = 21.5% done in 271.1s, 988.5s to go
on time step 861 (time=10.7625), 0.306651 s/step
Meep progress: 10.925/50.0 = 21.8% done in 275.2s, 984.1s to go
on time step 874 (time=10.925), 0.307803 s/step
Meep progress: 11.100000000000001/50.0 = 22.2% done in 279.2s, 978.5s to go
on time step 888 (time=11.1), 0.289405 s/step
Meep progress: 11.287500000000001/50.0 = 22.6% done in 283.4s, 971.9s to go
on time step 903 (time=11.2875), 0.278787 s/step
Meep progress: 11.4375/50.0 = 22.9% done in 287.5s, 969.3s to go
on time step 915 (time=11.4375), 0.342903 s/step
Meep progress: 11.600000000000001/50.0 = 23.2% done in 291.5s, 965.0s to go
on time step 928 (time=11.6), 0.309203 s/step
Meep progress: 11.775/50.0 = 23.6% done in 295.7s, 959.9s to go
on time step 942 (time=11.775), 0.297591 s/step
Meep progress: 11.9375/50.0 = 23.9% done in 299.9s, 956.1s to go
on time step 955 (time=11.9375), 0.321192 s/step
Meep progress: 12.100000000000001/50.0 = 24.2% done in 303.9s, 951.8s to go
on time step 968 (time=12.1), 0.307737 s/step
Meep progress: 12.275/50.0 = 24.6% done in 308.1s, 946.8s to go
on time step 982 (time=12.275), 0.301635 s/step
Meep progress: 12.4375/50.0 = 24.9% done in 312.4s, 943.6s to go
on time step 995 (time=12.4375), 0.334707 s/step
Meep progress: 12.5875/50.0 = 25.2% done in 316.5s, 940.6s to go
on time step 1007 (time=12.5875), 0.334856 s/step
Meep progress: 12.75/50.0 = 25.5% done in 320.7s, 936.9s to go
on time step 1020 (time=12.75), 0.324398 s/step
Meep progress: 12.925/50.0 = 25.8% done in 325.0s, 932.2s to go
on time step 1034 (time=12.925), 0.307196 s/step
Meep progress: 13.075000000000001/50.0 = 26.2% done in 329.2s, 929.6s to go
on time step 1046 (time=13.075), 0.348431 s/step
Meep progress: 13.275/50.0 = 26.6% done in 333.2s, 921.7s to go
on time step 1062 (time=13.275), 0.251707 s/step
Meep progress: 13.425/50.0 = 26.8% done in 337.5s, 919.4s to go
on time step 1074 (time=13.425), 0.35799 s/step
Meep progress: 13.5875/50.0 = 27.2% done in 341.7s, 915.7s to go
on time step 1087 (time=13.5875), 0.324496 s/step
Meep progress: 13.75/50.0 = 27.5% done in 346.0s, 912.3s to go
on time step 1100 (time=13.75), 0.334031 s/step
Meep progress: 13.912500000000001/50.0 = 27.8% done in 350.1s, 908.2s to go
on time step 1113 (time=13.9125), 0.314472 s/step
Meep progress: 14.100000000000001/50.0 = 28.2% done in 354.5s, 902.5s to go
on time step 1128 (time=14.1), 0.289128 s/step
Meep progress: 14.25/50.0 = 28.5% done in 358.5s, 899.4s to go
on time step 1140 (time=14.25), 0.338242 s/step
Meep progress: 14.4/50.0 = 28.8% done in 362.8s, 896.9s to go
on time step 1152 (time=14.4), 0.356887 s/step
Meep progress: 14.5625/50.0 = 29.1% done in 367.1s, 893.3s to go
on time step 1165 (time=14.5625), 0.330945 s/step
Meep progress: 14.7125/50.0 = 29.4% done in 371.1s, 890.1s to go
on time step 1177 (time=14.7125), 0.333479 s/step
Meep progress: 14.875/50.0 = 29.8% done in 375.2s, 886.0s to go
on time step 1190 (time=14.875), 0.315112 s/step
Meep progress: 15.075000000000001/50.0 = 30.2% done in 379.5s, 879.1s to go
on time step 1206 (time=15.075), 0.265387 s/step
Meep progress: 15.25/50.0 = 30.5% done in 383.8s, 874.5s to go
on time step 1220 (time=15.25), 0.309729 s/step
Meep progress: 15.412500000000001/50.0 = 30.8% done in 388.0s, 870.8s to go
on time step 1233 (time=15.4125), 0.325687 s/step
Meep progress: 15.5875/50.0 = 31.2% done in 392.3s, 866.1s to go
on time step 1247 (time=15.5875), 0.307216 s/step
Meep progress: 15.762500000000001/50.0 = 31.5% done in 396.7s, 861.6s to go
on time step 1261 (time=15.7625), 0.310378 s/step
Meep progress: 15.925/50.0 = 31.8% done in 400.9s, 857.7s to go
on time step 1274 (time=15.925), 0.322902 s/step
Meep progress: 16.1/50.0 = 32.2% done in 405.1s, 853.0s to go
on time step 1288 (time=16.1), 0.302265 s/step
Meep progress: 16.2625/50.0 = 32.5% done in 409.1s, 848.7s to go
on time step 1301 (time=16.2625), 0.307701 s/step
Meep progress: 16.4375/50.0 = 32.9% done in 413.4s, 844.1s to go
on time step 1315 (time=16.4375), 0.307597 s/step
Meep progress: 16.587500000000002/50.0 = 33.2% done in 417.4s, 840.8s to go
on time step 1327 (time=16.5875), 0.335821 s/step
Meep progress: 16.7375/50.0 = 33.5% done in 421.5s, 837.6s to go
on time step 1339 (time=16.7375), 0.337505 s/step
Meep progress: 16.9125/50.0 = 33.8% done in 425.8s, 832.9s to go
on time step 1353 (time=16.9125), 0.305059 s/step
Meep progress: 17.075/50.0 = 34.2% done in 430.1s, 829.4s to go
on time step 1366 (time=17.075), 0.334768 s/step
Meep progress: 17.2375/50.0 = 34.5% done in 434.1s, 825.1s to go
on time step 1379 (time=17.2375), 0.308686 s/step
Meep progress: 17.3875/50.0 = 34.8% done in 438.1s, 821.8s to go
on time step 1391 (time=17.3875), 0.334319 s/step
Meep progress: 17.5625/50.0 = 35.1% done in 442.3s, 816.9s to go
on time step 1405 (time=17.5625), 0.297511 s/step
Meep progress: 17.75/50.0 = 35.5% done in 446.6s, 811.4s to go
on time step 1420 (time=17.75), 0.284332 s/step
Meep progress: 17.95/50.0 = 35.9% done in 451.0s, 805.3s to go
on time step 1436 (time=17.95), 0.278193 s/step
Meep progress: 18.125/50.0 = 36.2% done in 455.1s, 800.4s to go
on time step 1450 (time=18.125), 0.29509 s/step
Meep progress: 18.275000000000002/50.0 = 36.6% done in 459.2s, 797.2s to go
on time step 1462 (time=18.275), 0.339016 s/step
Meep progress: 18.475/50.0 = 37.0% done in 463.4s, 790.8s to go
on time step 1478 (time=18.475), 0.263388 s/step
Meep progress: 18.650000000000002/50.0 = 37.3% done in 467.5s, 785.9s to go
on time step 1492 (time=18.65), 0.290912 s/step
Meep progress: 18.85/50.0 = 37.7% done in 471.7s, 779.5s to go
on time step 1508 (time=18.85), 0.261203 s/step
Meep progress: 19.0125/50.0 = 38.0% done in 475.8s, 775.4s to go
on time step 1521 (time=19.0125), 0.313943 s/step
Meep progress: 19.175/50.0 = 38.4% done in 479.9s, 771.5s to go
on time step 1534 (time=19.175), 0.318017 s/step
Meep progress: 19.375/50.0 = 38.8% done in 484.1s, 765.2s to go
on time step 1550 (time=19.375), 0.261265 s/step
Meep progress: 19.575000000000003/50.0 = 39.2% done in 488.3s, 758.9s to go
on time step 1566 (time=19.575), 0.262747 s/step
Meep progress: 19.762500000000003/50.0 = 39.5% done in 492.3s, 753.3s to go
on time step 1581 (time=19.7625), 0.26862 s/step
Meep progress: 19.9375/50.0 = 39.9% done in 496.6s, 748.8s to go
on time step 1595 (time=19.9375), 0.30513 s/step
Meep progress: 20.1125/50.0 = 40.2% done in 500.9s, 744.3s to go
on time step 1609 (time=20.1125), 0.307059 s/step
Meep progress: 20.2875/50.0 = 40.6% done in 505.1s, 739.8s to go
on time step 1623 (time=20.2875), 0.302143 s/step
Meep progress: 20.4375/50.0 = 40.9% done in 509.2s, 736.5s to go
on time step 1635 (time=20.4375), 0.33766 s/step
Meep progress: 20.6125/50.0 = 41.2% done in 513.5s, 732.1s to go
on time step 1649 (time=20.6125), 0.311269 s/step
Meep progress: 20.8/50.0 = 41.6% done in 517.7s, 726.8s to go
on time step 1664 (time=20.8), 0.278589 s/step
Meep progress: 20.9875/50.0 = 42.0% done in 522.0s, 721.6s to go
on time step 1679 (time=20.9875), 0.284733 s/step
Meep progress: 21.137500000000003/50.0 = 42.3% done in 526.3s, 718.6s to go
on time step 1691 (time=21.1375), 0.357107 s/step
Meep progress: 21.2875/50.0 = 42.6% done in 530.3s, 715.2s to go
on time step 1703 (time=21.2875), 0.334694 s/step
Meep progress: 21.450000000000003/50.0 = 42.9% done in 534.5s, 711.5s to go
on time step 1716 (time=21.45), 0.328186 s/step
Meep progress: 21.6/50.0 = 43.2% done in 538.7s, 708.3s to go
on time step 1728 (time=21.6), 0.349794 s/step
Meep progress: 21.775000000000002/50.0 = 43.6% done in 543.0s, 703.9s to go
on time step 1742 (time=21.775), 0.305692 s/step
Meep progress: 21.9375/50.0 = 43.9% done in 547.4s, 700.2s to go
on time step 1755 (time=21.9375), 0.334899 s/step
Meep progress: 22.087500000000002/50.0 = 44.2% done in 551.6s, 697.1s to go
on time step 1767 (time=22.0875), 0.352819 s/step
Meep progress: 22.275000000000002/50.0 = 44.6% done in 555.9s, 691.9s to go
on time step 1782 (time=22.275), 0.283717 s/step
Meep progress: 22.450000000000003/50.0 = 44.9% done in 560.0s, 687.3s to go
on time step 1796 (time=22.45), 0.298956 s/step
Meep progress: 22.650000000000002/50.0 = 45.3% done in 564.1s, 681.2s to go
on time step 1812 (time=22.65), 0.256507 s/step
Meep progress: 22.85/50.0 = 45.7% done in 568.3s, 675.3s to go
on time step 1828 (time=22.85), 0.261939 s/step
Meep progress: 23.05/50.0 = 46.1% done in 572.5s, 669.3s to go
on time step 1844 (time=23.05), 0.258671 s/step
Meep progress: 23.25/50.0 = 46.5% done in 576.6s, 663.4s to go
on time step 1860 (time=23.25), 0.25981 s/step
Meep progress: 23.4375/50.0 = 46.9% done in 580.8s, 658.3s to go
on time step 1875 (time=23.4375), 0.279597 s/step
Meep progress: 23.6/50.0 = 47.2% done in 585.0s, 654.4s to go
on time step 1888 (time=23.6), 0.321996 s/step
Meep progress: 23.775000000000002/50.0 = 47.6% done in 589.1s, 649.8s to go
on time step 1902 (time=23.775), 0.291637 s/step
Meep progress: 23.9375/50.0 = 47.9% done in 593.2s, 645.9s to go
on time step 1915 (time=23.9375), 0.316109 s/step
Meep progress: 24.087500000000002/50.0 = 48.2% done in 597.4s, 642.6s to go
on time step 1927 (time=24.0875), 0.346719 s/step
Meep progress: 24.2875/50.0 = 48.6% done in 601.6s, 636.9s to go
on time step 1943 (time=24.2875), 0.263367 s/step
Meep progress: 24.4875/50.0 = 49.0% done in 605.7s, 631.1s to go
on time step 1959 (time=24.4875), 0.258886 s/step
Meep progress: 24.675/50.0 = 49.4% done in 609.7s, 625.8s to go
on time step 1974 (time=24.675), 0.267851 s/step
Meep progress: 24.85/50.0 = 49.7% done in 614.0s, 621.4s to go
on time step 1988 (time=24.85), 0.301148 s/step
Meep progress: 25.012500000000003/50.0 = 50.0% done in 618.0s, 617.4s to go
on time step 2001 (time=25.0125), 0.309886 s/step
Meep progress: 25.1875/50.0 = 50.4% done in 622.1s, 612.9s to go
on time step 2015 (time=25.1875), 0.296566 s/step
Meep progress: 25.387500000000003/50.0 = 50.8% done in 626.3s, 607.2s to go
on time step 2031 (time=25.3875), 0.259555 s/step
Meep progress: 25.587500000000002/50.0 = 51.2% done in 630.5s, 601.5s to go
on time step 2047 (time=25.5875), 0.26 s/step
Meep progress: 25.7875/50.0 = 51.6% done in 634.6s, 595.8s to go
on time step 2063 (time=25.7875), 0.258711 s/step
Meep progress: 25.962500000000002/50.0 = 51.9% done in 638.8s, 591.5s to go
on time step 2077 (time=25.9625), 0.30325 s/step
Meep progress: 26.1125/50.0 = 52.2% done in 643.1s, 588.3s to go
on time step 2089 (time=26.1125), 0.354573 s/step
Meep progress: 26.262500000000003/50.0 = 52.5% done in 647.1s, 584.9s to go
on time step 2101 (time=26.2625), 0.335219 s/step
Meep progress: 26.425/50.0 = 52.8% done in 651.4s, 581.1s to go
on time step 2114 (time=26.425), 0.330154 s/step
Meep progress: 26.587500000000002/50.0 = 53.2% done in 655.6s, 577.3s to go
on time step 2127 (time=26.5875), 0.320834 s/step
Meep progress: 26.75/50.0 = 53.5% done in 659.6s, 573.3s to go
on time step 2140 (time=26.75), 0.312436 s/step
Meep progress: 26.9125/50.0 = 53.8% done in 663.8s, 569.5s to go
on time step 2153 (time=26.9125), 0.319676 s/step
Meep progress: 27.087500000000002/50.0 = 54.2% done in 668.0s, 565.1s to go
on time step 2167 (time=27.0875), 0.30198 s/step
Meep progress: 27.25/50.0 = 54.5% done in 672.3s, 561.3s to go
on time step 2180 (time=27.25), 0.327392 s/step
Meep progress: 27.425/50.0 = 54.8% done in 676.6s, 557.0s to go
on time step 2194 (time=27.425), 0.31071 s/step
Meep progress: 27.6125/50.0 = 55.2% done in 680.7s, 551.9s to go
on time step 2209 (time=27.6125), 0.273589 s/step
Meep progress: 27.775000000000002/50.0 = 55.6% done in 685.1s, 548.2s to go
on time step 2222 (time=27.775), 0.33228 s/step
Meep progress: 27.925/50.0 = 55.8% done in 689.1s, 544.8s to go
on time step 2234 (time=27.925), 0.338975 s/step
Meep progress: 28.087500000000002/50.0 = 56.2% done in 693.4s, 540.9s to go
on time step 2247 (time=28.0875), 0.328576 s/step
Meep progress: 28.25/50.0 = 56.5% done in 697.7s, 537.1s to go
on time step 2260 (time=28.25), 0.328875 s/step
Meep progress: 28.425/50.0 = 56.8% done in 701.8s, 532.7s to go
on time step 2274 (time=28.425), 0.295801 s/step
Meep progress: 28.587500000000002/50.0 = 57.2% done in 705.9s, 528.7s to go
on time step 2287 (time=28.5875), 0.312997 s/step
Meep progress: 28.75/50.0 = 57.5% done in 710.1s, 524.9s to go
on time step 2300 (time=28.75), 0.324417 s/step
Meep progress: 28.900000000000002/50.0 = 57.8% done in 714.2s, 521.4s to go
on time step 2312 (time=28.9), 0.342377 s/step
Meep progress: 29.05/50.0 = 58.1% done in 718.3s, 518.0s to go
on time step 2324 (time=29.05), 0.337611 s/step
Meep progress: 29.225/50.0 = 58.4% done in 722.3s, 513.4s to go
on time step 2338 (time=29.225), 0.288165 s/step
Meep progress: 29.400000000000002/50.0 = 58.8% done in 726.5s, 509.0s to go
on time step 2352 (time=29.4), 0.297421 s/step
Meep progress: 29.587500000000002/50.0 = 59.2% done in 730.6s, 504.1s to go
on time step 2367 (time=29.5875), 0.279774 s/step
Meep progress: 29.7375/50.0 = 59.5% done in 734.7s, 500.6s to go
on time step 2379 (time=29.7375), 0.33519 s/step
Meep progress: 29.900000000000002/50.0 = 59.8% done in 738.8s, 496.7s to go
on time step 2392 (time=29.9), 0.319634 s/step
Meep progress: 30.087500000000002/50.0 = 60.2% done in 743.2s, 491.8s to go
on time step 2407 (time=30.0875), 0.289322 s/step
Meep progress: 30.2375/50.0 = 60.5% done in 747.2s, 488.4s to go
on time step 2419 (time=30.2375), 0.338496 s/step
Meep progress: 30.387500000000003/50.0 = 60.8% done in 751.4s, 484.9s to go
on time step 2431 (time=30.3875), 0.345649 s/step
Meep progress: 30.55/50.0 = 61.1% done in 755.5s, 481.0s to go
on time step 2444 (time=30.55), 0.315085 s/step
Meep progress: 30.700000000000003/50.0 = 61.4% done in 759.8s, 477.6s to go
on time step 2456 (time=30.7), 0.357169 s/step
Meep progress: 30.8625/50.0 = 61.7% done in 763.9s, 473.7s to go
on time step 2469 (time=30.8625), 0.316809 s/step
Meep progress: 31.025000000000002/50.0 = 62.0% done in 768.1s, 469.8s to go
on time step 2482 (time=31.025), 0.327391 s/step
Meep progress: 31.1875/50.0 = 62.4% done in 772.3s, 465.8s to go
on time step 2495 (time=31.1875), 0.319297 s/step
Meep progress: 31.375/50.0 = 62.8% done in 776.4s, 460.9s to go
on time step 2510 (time=31.375), 0.273382 s/step
Meep progress: 31.575000000000003/50.0 = 63.2% done in 780.5s, 455.4s to go
on time step 2526 (time=31.575), 0.257301 s/step
Meep progress: 31.775000000000002/50.0 = 63.6% done in 784.7s, 450.1s to go
on time step 2542 (time=31.775), 0.260515 s/step
Meep progress: 31.975/50.0 = 64.0% done in 788.8s, 444.6s to go
on time step 2558 (time=31.975), 0.256622 s/step
Meep progress: 32.1375/50.0 = 64.3% done in 792.9s, 440.7s to go
on time step 2571 (time=32.1375), 0.31966 s/step
Meep progress: 32.300000000000004/50.0 = 64.6% done in 797.1s, 436.8s to go
on time step 2584 (time=32.3), 0.32169 s/step
Meep progress: 32.487500000000004/50.0 = 65.0% done in 801.2s, 431.9s to go
on time step 2599 (time=32.4875), 0.273492 s/step
Meep progress: 32.6625/50.0 = 65.3% done in 805.2s, 427.4s to go
on time step 2613 (time=32.6625), 0.287517 s/step
Meep progress: 32.8375/50.0 = 65.7% done in 809.6s, 423.1s to go
on time step 2627 (time=32.8375), 0.310167 s/step
Meep progress: 33.0/50.0 = 66.0% done in 813.7s, 419.2s to go
on time step 2640 (time=33), 0.312995 s/step
Meep progress: 33.175000000000004/50.0 = 66.4% done in 818.0s, 414.8s to go
on time step 2654 (time=33.175), 0.307584 s/step
Meep progress: 33.3375/50.0 = 66.7% done in 822.0s, 410.9s to go
on time step 2667 (time=33.3375), 0.314486 s/step
Meep progress: 33.5125/50.0 = 67.0% done in 826.2s, 406.5s to go
on time step 2681 (time=33.5125), 0.299023 s/step
Meep progress: 33.6625/50.0 = 67.3% done in 830.5s, 403.1s to go
on time step 2693 (time=33.6625), 0.35284 s/step
Meep progress: 33.8375/50.0 = 67.7% done in 834.8s, 398.7s to go
on time step 2707 (time=33.8375), 0.307189 s/step
Meep progress: 34.0125/50.0 = 68.0% done in 839.1s, 394.4s to go
on time step 2721 (time=34.0125), 0.306954 s/step
Meep progress: 34.1875/50.0 = 68.4% done in 843.3s, 390.1s to go
on time step 2735 (time=34.1875), 0.304137 s/step
Meep progress: 34.35/50.0 = 68.7% done in 847.3s, 386.0s to go
on time step 2748 (time=34.35), 0.308334 s/step
Meep progress: 34.5375/50.0 = 69.1% done in 851.5s, 381.2s to go
on time step 2763 (time=34.5375), 0.277792 s/step
Meep progress: 34.7/50.0 = 69.4% done in 855.7s, 377.3s to go
on time step 2776 (time=34.7), 0.325732 s/step
Meep progress: 34.862500000000004/50.0 = 69.7% done in 859.8s, 373.3s to go
on time step 2789 (time=34.8625), 0.313301 s/step
Meep progress: 35.0375/50.0 = 70.1% done in 864.1s, 369.0s to go
on time step 2803 (time=35.0375), 0.307708 s/step
Meep progress: 35.1875/50.0 = 70.4% done in 868.1s, 365.4s to go
on time step 2815 (time=35.1875), 0.334576 s/step
Meep progress: 35.3875/50.0 = 70.8% done in 872.3s, 360.2s to go
on time step 2831 (time=35.3875), 0.263187 s/step
Meep progress: 35.5375/50.0 = 71.1% done in 876.4s, 356.7s to go
on time step 2843 (time=35.5375), 0.340424 s/step
Meep progress: 35.7/50.0 = 71.4% done in 880.7s, 352.8s to go
on time step 2856 (time=35.7), 0.326616 s/step
Meep progress: 35.875/50.0 = 71.8% done in 884.9s, 348.4s to go
on time step 2870 (time=35.875), 0.299084 s/step
Meep progress: 36.075/50.0 = 72.2% done in 888.9s, 343.1s to go
on time step 2886 (time=36.075), 0.254437 s/step
Meep progress: 36.225/50.0 = 72.4% done in 893.1s, 339.6s to go
on time step 2898 (time=36.225), 0.349858 s/step
Meep progress: 36.3875/50.0 = 72.8% done in 897.1s, 335.6s to go
on time step 2911 (time=36.3875), 0.309327 s/step
Meep progress: 36.5625/50.0 = 73.1% done in 901.5s, 331.3s to go
on time step 2925 (time=36.5625), 0.307616 s/step
Meep progress: 36.737500000000004/50.0 = 73.5% done in 905.7s, 327.0s to go
on time step 2939 (time=36.7375), 0.303966 s/step
Meep progress: 36.9125/50.0 = 73.8% done in 910.0s, 322.6s to go
on time step 2953 (time=36.9125), 0.305431 s/step
Meep progress: 37.0875/50.0 = 74.2% done in 914.2s, 318.3s to go
on time step 2967 (time=37.0875), 0.298786 s/step
Meep progress: 37.275/50.0 = 74.6% done in 918.4s, 313.5s to go
on time step 2982 (time=37.275), 0.279737 s/step
Meep progress: 37.4625/50.0 = 74.9% done in 922.4s, 308.7s to go
on time step 2997 (time=37.4625), 0.271225 s/step
Meep progress: 37.65/50.0 = 75.3% done in 926.6s, 303.9s to go
on time step 3012 (time=37.65), 0.274901 s/step
Meep progress: 37.8375/50.0 = 75.7% done in 930.6s, 299.1s to go
on time step 3027 (time=37.8375), 0.267851 s/step
Meep progress: 38.025/50.0 = 76.0% done in 934.7s, 294.4s to go
on time step 3042 (time=38.025), 0.278015 s/step
Meep progress: 38.2/50.0 = 76.4% done in 939.0s, 290.1s to go
on time step 3056 (time=38.2), 0.304729 s/step
Meep progress: 38.3875/50.0 = 76.8% done in 943.0s, 285.3s to go
on time step 3071 (time=38.3875), 0.266952 s/step
Meep progress: 38.587500000000006/50.0 = 77.2% done in 947.1s, 280.1s to go
on time step 3087 (time=38.5875), 0.258116 s/step
Meep progress: 38.7875/50.0 = 77.6% done in 951.3s, 275.0s to go
on time step 3103 (time=38.7875), 0.260996 s/step
Meep progress: 38.962500000000006/50.0 = 77.9% done in 955.6s, 270.7s to go
on time step 3117 (time=38.9625), 0.302572 s/step
Meep progress: 39.1375/50.0 = 78.3% done in 959.7s, 266.4s to go
on time step 3131 (time=39.1375), 0.296682 s/step
Meep progress: 39.300000000000004/50.0 = 78.6% done in 963.7s, 262.4s to go
on time step 3144 (time=39.3), 0.307919 s/step
Meep progress: 39.475/50.0 = 79.0% done in 968.0s, 258.1s to go
on time step 3158 (time=39.475), 0.30384 s/step
Meep progress: 39.6375/50.0 = 79.3% done in 972.1s, 254.1s to go
on time step 3171 (time=39.6375), 0.319729 s/step
Meep progress: 39.800000000000004/50.0 = 79.6% done in 976.2s, 250.2s to go
on time step 3184 (time=39.8), 0.311986 s/step
Meep progress: 39.987500000000004/50.0 = 80.0% done in 980.3s, 245.5s to go
on time step 3199 (time=39.9875), 0.27561 s/step
Meep progress: 40.1375/50.0 = 80.3% done in 984.4s, 241.9s to go
on time step 3211 (time=40.1375), 0.337392 s/step
Meep progress: 40.3125/50.0 = 80.6% done in 988.6s, 237.6s to go
on time step 3225 (time=40.3125), 0.299203 s/step
Meep progress: 40.5125/50.0 = 81.0% done in 992.8s, 232.5s to go
on time step 3241 (time=40.5125), 0.267687 s/step
Meep progress: 40.6625/50.0 = 81.3% done in 996.9s, 228.9s to go
on time step 3253 (time=40.6625), 0.335117 s/step
Meep progress: 40.825/50.0 = 81.6% done in 1000.9s, 224.9s to go
on time step 3266 (time=40.825), 0.30813 s/step
Meep progress: 40.987500000000004/50.0 = 82.0% done in 1005.1s, 221.0s to go
on time step 3279 (time=40.9875), 0.32546 s/step
Meep progress: 41.175000000000004/50.0 = 82.4% done in 1009.2s, 216.3s to go
on time step 3294 (time=41.175), 0.274295 s/step
Meep progress: 41.337500000000006/50.0 = 82.7% done in 1013.4s, 212.4s to go
on time step 3307 (time=41.3375), 0.323645 s/step
Meep progress: 41.5125/50.0 = 83.0% done in 1017.5s, 208.0s to go
on time step 3321 (time=41.5125), 0.294082 s/step
Meep progress: 41.712500000000006/50.0 = 83.4% done in 1021.9s, 203.0s to go
on time step 3337 (time=41.7125), 0.273062 s/step
Meep progress: 41.9125/50.0 = 83.8% done in 1026.1s, 198.0s to go
on time step 3353 (time=41.9125), 0.264738 s/step
Meep progress: 42.112500000000004/50.0 = 84.2% done in 1030.4s, 193.0s to go
on time step 3369 (time=42.1125), 0.263562 s/step
Meep progress: 42.300000000000004/50.0 = 84.6% done in 1034.5s, 188.3s to go
on time step 3384 (time=42.3), 0.277399 s/step
Meep progress: 42.5/50.0 = 85.0% done in 1038.6s, 183.3s to go
on time step 3400 (time=42.5), 0.25745 s/step
Meep progress: 42.7/50.0 = 85.4% done in 1042.8s, 178.3s to go
on time step 3416 (time=42.7), 0.261097 s/step
Meep progress: 42.900000000000006/50.0 = 85.8% done in 1047.0s, 173.3s to go
on time step 3432 (time=42.9), 0.259016 s/step
Meep progress: 43.0625/50.0 = 86.1% done in 1051.3s, 169.4s to go
on time step 3445 (time=43.0625), 0.330549 s/step
Meep progress: 43.237500000000004/50.0 = 86.5% done in 1055.5s, 165.1s to go
on time step 3459 (time=43.2375), 0.306562 s/step
Meep progress: 43.4125/50.0 = 86.8% done in 1059.7s, 160.8s to go
on time step 3473 (time=43.4125), 0.293317 s/step
Meep progress: 43.612500000000004/50.0 = 87.2% done in 1064.0s, 155.8s to go
on time step 3489 (time=43.6125), 0.272633 s/step
Meep progress: 43.7875/50.0 = 87.6% done in 1068.3s, 151.6s to go
on time step 3503 (time=43.7875), 0.302999 s/step
Meep progress: 43.975/50.0 = 88.0% done in 1072.3s, 146.9s to go
on time step 3518 (time=43.975), 0.266704 s/step
Meep progress: 44.1625/50.0 = 88.3% done in 1076.3s, 142.3s to go
on time step 3533 (time=44.1625), 0.270682 s/step
Meep progress: 44.362500000000004/50.0 = 88.7% done in 1080.4s, 137.3s to go
on time step 3549 (time=44.3625), 0.257446 s/step
Meep progress: 44.5625/50.0 = 89.1% done in 1084.6s, 132.3s to go
on time step 3565 (time=44.5625), 0.261323 s/step
Meep progress: 44.7625/50.0 = 89.5% done in 1088.8s, 127.4s to go
on time step 3581 (time=44.7625), 0.258674 s/step
Meep progress: 44.962500000000006/50.0 = 89.9% done in 1092.9s, 122.4s to go
on time step 3597 (time=44.9625), 0.260663 s/step
Meep progress: 45.1625/50.0 = 90.3% done in 1097.1s, 117.5s to go
on time step 3613 (time=45.1625), 0.260162 s/step
Meep progress: 45.35/50.0 = 90.7% done in 1101.1s, 112.9s to go
on time step 3628 (time=45.35), 0.269589 s/step
Meep progress: 45.5/50.0 = 91.0% done in 1105.2s, 109.3s to go
on time step 3640 (time=45.5), 0.338092 s/step
Meep progress: 45.6625/50.0 = 91.3% done in 1109.3s, 105.4s to go
on time step 3653 (time=45.6625), 0.319138 s/step
Meep progress: 45.837500000000006/50.0 = 91.7% done in 1113.6s, 101.1s to go
on time step 3667 (time=45.8375), 0.304378 s/step
Meep progress: 46.0125/50.0 = 92.0% done in 1117.8s, 96.9s to go
on time step 3681 (time=46.0125), 0.302688 s/step
Meep progress: 46.1875/50.0 = 92.4% done in 1122.1s, 92.6s to go
on time step 3695 (time=46.1875), 0.301319 s/step
Meep progress: 46.362500000000004/50.0 = 92.7% done in 1126.4s, 88.4s to go
on time step 3709 (time=46.3625), 0.306625 s/step
Meep progress: 46.5375/50.0 = 93.1% done in 1130.6s, 84.1s to go
on time step 3723 (time=46.5375), 0.304087 s/step
Meep progress: 46.712500000000006/50.0 = 93.4% done in 1134.9s, 79.9s to go
on time step 3737 (time=46.7125), 0.303667 s/step
Meep progress: 46.8875/50.0 = 93.8% done in 1139.2s, 75.6s to go
on time step 3751 (time=46.8875), 0.306729 s/step
Meep progress: 47.0375/50.0 = 94.1% done in 1143.2s, 72.0s to go
on time step 3763 (time=47.0375), 0.33783 s/step
Meep progress: 47.237500000000004/50.0 = 94.5% done in 1147.4s, 67.1s to go
on time step 3779 (time=47.2375), 0.262193 s/step
Meep progress: 47.4125/50.0 = 94.8% done in 1151.7s, 62.9s to go
on time step 3793 (time=47.4125), 0.308589 s/step
Meep progress: 47.6/50.0 = 95.2% done in 1155.8s, 58.3s to go
on time step 3808 (time=47.6), 0.269943 s/step
Meep progress: 47.775000000000006/50.0 = 95.6% done in 1159.8s, 54.0s to go
on time step 3822 (time=47.775), 0.2892 s/step
Meep progress: 47.9125/50.0 = 95.8% done in 1163.8s, 50.7s to go
on time step 3833 (time=47.9125), 0.363651 s/step
Meep progress: 48.1/50.0 = 96.2% done in 1168.2s, 46.1s to go
on time step 3848 (time=48.1), 0.291224 s/step
Meep progress: 48.25/50.0 = 96.5% done in 1172.2s, 42.5s to go
on time step 3860 (time=48.25), 0.337112 s/step
Meep progress: 48.425000000000004/50.0 = 96.9% done in 1176.5s, 38.3s to go
on time step 3874 (time=48.425), 0.305394 s/step
Meep progress: 48.587500000000006/50.0 = 97.2% done in 1180.6s, 34.3s to go
on time step 3887 (time=48.5875), 0.315811 s/step
Meep progress: 48.75/50.0 = 97.5% done in 1184.7s, 30.4s to go
on time step 3900 (time=48.75), 0.312334 s/step
Meep progress: 48.900000000000006/50.0 = 97.8% done in 1189.0s, 26.7s to go
on time step 3912 (time=48.9), 0.361234 s/step
Meep progress: 49.050000000000004/50.0 = 98.1% done in 1193.0s, 23.1s to go
on time step 3924 (time=49.05), 0.334723 s/step
Meep progress: 49.212500000000006/50.0 = 98.4% done in 1197.2s, 19.2s to go
on time step 3937 (time=49.2125), 0.322707 s/step
Meep progress: 49.4125/50.0 = 98.8% done in 1201.5s, 14.3s to go
on time step 3953 (time=49.4125), 0.264783 s/step
Meep progress: 49.612500000000004/50.0 = 99.2% done in 1205.6s, 9.4s to go
on time step 3969 (time=49.6125), 0.258895 s/step
Meep progress: 49.8125/50.0 = 99.6% done in 1209.7s, 4.6s to go
on time step 3985 (time=49.8125), 0.258977 s/step
Meep progress: 49.987500000000004/50.0 = 100.0% done in 1213.8s, 0.3s to go
on time step 3999 (time=49.9875), 0.291684 s/step
run 0 finished at t = 50.0 (4000 timesteps)
flux1:, 0.5, 1.2380601915657786e-6, -8.879904098113579e-7
flux1:, 0.5066889632107023, 1.5772143297540684e-6, -8.814307740038405e-7
flux1:, 0.5133779264214047, 1.8370440427605535e-6, -9.09285535420034e-7
flux1:, 0.520066889632107, 1.871705970524905e-6, -1.0007279276946784e-6
flux1:, 0.5267558528428093, 2.123771834709628e-6, -1.0354089344178823e-6
flux1:, 0.5334448160535117, 2.462184864799959e-6, -1.13169053664194e-6
flux1:, 0.540133779264214, 2.5531662887810415e-6, -1.40665822742863e-6
flux1:, 0.5468227424749164, 2.9349099995661268e-6, -1.637747616969321e-6
flux1:, 0.5535117056856187, 3.663346659938552e-6, -1.7482021311789862e-6
flux1:, 0.560200668896321, 3.959035186124301e-6, -1.987724588005526e-6
flux1:, 0.5668896321070234, 4.203294706155006e-6, -2.385792785696094e-6
flux1:, 0.5735785953177257, 5.053594492990819e-6, -2.8089475101702516e-6
flux1:, 0.580267558528428, 5.726055270007261e-6, -3.287533412020626e-6
flux1:, 0.5869565217391304, 6.191953864950192e-6, -3.7132164912373294e-6
flux1:, 0.5936454849498327, 7.4460949948794015e-6, -4.003439484388057e-6
flux1:, 0.600334448160535, 8.588751581434709e-6, -4.597136938487851e-6
flux1:, 0.6070234113712374, 8.815902581377322e-6, -5.743488543715442e-6
flux1:, 0.6137123745819397, 9.901515626149651e-6, -6.937269163054701e-6
flux1:, 0.6204013377926421, 1.2212661745184124e-5, -7.847905249362022e-6
flux1:, 0.6270903010033444, 1.4037247996676207e-5, -8.682765480044739e-6
flux1:, 0.6337792642140467, 1.6044498394386932e-5, -9.600416496290435e-6
flux1:, 0.6404682274247491, 1.931302116734401e-5, -1.0746566352389769e-5
flux1:, 0.6471571906354514, 2.252810438642429e-5, -1.1895092940494734e-5
flux1:, 0.6538461538461537, 2.5601240663123023e-5, -1.2345302183701772e-5
flux1:, 0.6605351170568561, 2.8619854896216906e-5, -1.3151621377068243e-5
flux1:, 0.6672240802675584, 2.9654409646552934e-5, -1.6733018554092938e-5
flux1:, 0.6739130434782608, 3.117092648790754e-5, -2.1737390831146196e-5
flux1:, 0.6806020066889631, 3.727937550141558e-5, -2.4100792994579517e-5
flux1:, 0.6872909698996654, 4.2981927390682444e-5, -2.5223196974233398e-5
flux1:, 0.6939799331103678, 4.427115234974911e-5, -3.0244317274662228e-5
flux1:, 0.7006688963210701, 4.8919236242446684e-5, -3.804934979418841e-5
flux1:, 0.7073578595317724, 5.9216430118135915e-5, -4.378450642762745e-5
flux1:, 0.7140468227424748, 6.757431111742677e-5, -4.814527345181551e-5
flux1:, 0.7207357859531771, 7.68711146906069e-5, -5.336146162032398e-5
flux1:, 0.7274247491638794, 9.146381209066636e-5, -5.7595514133953456e-5
flux1:, 0.7341137123745818, 9.988779266587506e-5, -6.217574966000692e-5
flux1:, 0.7408026755852841, 1.0090199462310468e-4, -7.249287600224027e-5
flux1:, 0.7474916387959865, 1.1235599861003523e-4, -8.710757066567055e-5
flux1:, 0.7541806020066888, 1.3155926633455956e-4, -1.0095590229040451e-4
flux1:, 0.7608695652173911, 1.378233475039583e-4, -1.175617276107895e-4
flux1:, 0.7675585284280935, 1.3623655051232908e-4, -1.4064710876523817e-4
flux1:, 0.7742474916387958, 1.4672772773344575e-4, -1.6156900129528096e-4
flux1:, 0.7809364548494981, 1.6905183137548154e-4, -1.7414830443174026e-4
flux1:, 0.7876254180602005, 1.9242029690068457e-4, -1.9137663804893e-4
flux1:, 0.7943143812709028, 2.0897015092776196e-4, -2.2925248632843265e-4
flux1:, 0.8010033444816052, 2.1502433888995147e-4, -2.8326281923737764e-4
flux1:, 0.8076923076923075, 2.2169980886008748e-4, -3.345035907852736e-4
flux1:, 0.8143812709030098, 2.3835160511613573e-4, -3.71572293589771e-4
flux1:, 0.8210702341137122, 2.552113778198039e-4, -3.969326405321087e-4
flux1:, 0.8277591973244145, 2.7896213523009573e-4, -4.198636972511421e-4
flux1:, 0.8344481605351168, 3.2770980224157507e-4, -4.5572404047333027e-4
flux1:, 0.8411371237458192, 3.704069237337384e-4, -5.244266573860465e-4
flux1:, 0.8478260869565215, 3.694387861709707e-4, -6.290161674453185e-4
flux1:, 0.8545150501672238, 3.584618376873321e-4, -7.442029172496554e-4
flux1:, 0.8612040133779262, 3.7120491590429065e-4, -8.548737399959758e-4
flux1:, 0.8678929765886285, 3.8216774082038186e-4, -9.85283863776606e-4
flux1:, 0.8745819397993309, 3.9471695925430406e-4, -0.0011452256853359353
flux1:, 0.8812709030100332, 4.457813082809213e-4, -0.0012858973041132069
flux1:, 0.8879598662207355, 5.077504784613292e-4, -0.0013781121303172213
flux1:, 0.8946488294314379, 5.332039676238095e-4, -0.0014873555063913612
flux1:, 0.9013377926421402, 5.349109688204801e-4, -0.0016870042609997634
flux1:, 0.9080267558528425, 5.292478695396988e-4, -0.0019402947925083655
flux1:, 0.9147157190635449, 5.256067538692366e-4, -0.0021506469846981026
flux1:, 0.9214046822742472, 5.662359037240878e-4, -0.002302747331742179
flux1:, 0.9280936454849495, 6.39589909098151e-4, -0.0024886321707785356
flux1:, 0.9347826086956519, 6.648391052456429e-4, -0.0027837385818803954
flux1:, 0.9414715719063542, 6.416167383942265e-4, -0.0031329038780178045
flux1:, 0.9481605351170566, 6.329709633297972e-4, -0.0034254690288344097
flux1:, 0.9548494983277589, 6.250790637806705e-4, -0.003682351234298853
flux1:, 0.9615384615384612, 5.88920777701532e-4, -0.004039874905878091
flux1:, 0.9682274247491636, 5.606762240478352e-4, -0.004525766632060111
flux1:, 0.9749163879598659, 5.60233687411483e-4, -0.005030563803841338
flux1:, 0.9816053511705682, 5.873754597059714e-4, -0.005515088034451158
flux1:, 0.9882943143812706, 6.618752576765178e-4, -0.006040434709037279
flux1:, 0.9949832775919729, 7.597705438199492e-4, -0.006617545469152622
flux1:, 1.0016722408026753, 8.600811028493781e-4, -0.007209915035562908
flux1:, 1.0083612040133776, 0.0010306901634061123, -0.007790188040787383
flux1:, 1.01505016722408, 0.001308657792881103, -0.008288670702038224
flux1:, 1.0217391304347823, 0.0016747526532897837, -0.008663218135372224
flux1:, 1.0284280936454846, 0.002153100885304243, -0.009015543281737759
flux1:, 1.035117056856187, 0.0026508161420819576, -0.009427242153305808
flux1:, 1.0418060200668893, 0.002978200040297399, -0.009837928440048261
flux1:, 1.0484949832775916, 0.0032820942712472757, -0.010273706239287323
flux1:, 1.055183946488294, 0.0038604539468380153, -0.010878949334001797
flux1:, 1.0618729096989963, 0.004526484793881522, -0.011597418324407908
flux1:, 1.0685618729096986, 0.005001771388302564, -0.012213708394208364
flux1:, 1.075250836120401, 0.005568276099444299, -0.012700541263975617
flux1:, 1.0819397993311033, 0.006426526092949012, -0.01317317894585706
flux1:, 1.0886287625418056, 0.0072061305021548245, -0.013704363045990006
flux1:, 1.095317725752508, 0.007814898858063305, -0.014403094990469533
flux1:, 1.1020066889632103, 0.008650290365686018, -0.015287759487137453
flux1:, 1.1086956521739126, 0.009692715061359719, -0.01606214952920969
flux1:, 1.115384615384615, 0.010624986517576075, -0.016513812190621466
flux1:, 1.1220735785953173, 0.011620801131838375, -0.016934484069165107
flux1:, 1.1287625418060196, 0.012911774997496446, -0.017653137128141747
flux1:, 1.135451505016722, 0.014191209494963613, -0.01852665587412059
flux1:, 1.1421404682274243, 0.015222751702726705, -0.01928581369679257
flux1:, 1.1488294314381267, 0.016297916011181267, -0.019949623249808854
flux1:, 1.155518394648829, 0.017698700096413774, -0.020642377931457054
flux1:, 1.1622073578595313, 0.019278300449103423, -0.021341641361009897
flux1:, 1.1688963210702337, 0.02070470015415465, -0.021967268335215315
flux1:, 1.175585284280936, 0.021935142895423584, -0.022630744088816646
flux1:, 1.1822742474916383, 0.023371853644127735, -0.023615138297892746
flux1:, 1.1889632107023407, 0.025347030086369078, -0.024834491648206787
flux1:, 1.195652173913043, 0.027670806614974498, -0.02565086537944222
flux1:, 1.2023411371237454, 0.030000987599260176, -0.02586922677631129
flux1:, 1.2090301003344477, 0.03215411035489262, -0.02631290786517619
flux1:, 1.21571906354515, 0.03396817363589335, -0.027532005946291342
flux1:, 1.2224080267558524, 0.03560422599680955, -0.028888821744454805
flux1:, 1.2290969899665547, 0.037589304846012694, -0.029865756127929886
flux1:, 1.235785953177257, 0.03989733801657743, -0.030947819696151197
flux1:, 1.2424749163879594, 0.042024914376879975, -0.03229445997441518
flux1:, 1.2491638795986617, 0.044251223847721816, -0.03314656174655268
flux1:, 1.255852842809364, 0.0472404747499561, -0.03342025739822728
flux1:, 1.2625418060200664, 0.05059201191411524, -0.03423041711813003
flux1:, 1.2692307692307687, 0.053397920766028166, -0.03606722783421204
flux1:, 1.275919732441471, 0.05558829182609687, -0.038051464909474066
flux1:, 1.2826086956521734, 0.057660589877195384, -0.03961544916190154
flux1:, 1.2892976588628757, 0.06001918526672936, -0.04123261814167588
flux1:, 1.295986622073578, 0.06282347386888212, -0.04289563372736858
flux1:, 1.3026755852842804, 0.065716721097292, -0.043823515069255845
flux1:, 1.3093645484949827, 0.06833513966074978, -0.04425749883192713
flux1:, 1.316053511705685, 0.0712534669003472, -0.04523278086808776
flux1:, 1.3227424749163874, 0.07508697847461643, -0.046363090053166266
flux1:, 1.3294314381270897, 0.07903957128981189, -0.04682052965007063
flux1:, 1.336120401337792, 0.081774053370383, -0.04795279134649874
flux1:, 1.3428093645484944, 0.0831421126655488, -0.0511500185882324
flux1:, 1.3494983277591968, 0.0842818625481569, -0.054679026319056453
flux1:, 1.356187290969899, 0.08638533746742774, -0.05679303597551856
flux1:, 1.3628762541806014, 0.08925113277889456, -0.059050753750881625
flux1:, 1.3695652173913038, 0.09149575478327655, -0.06266462639017631
flux1:, 1.376254180602006, 0.09298461492346753, -0.06593810245204197
flux1:, 1.3829431438127084, 0.09522830091573004, -0.06804559576163906
flux1:, 1.3896321070234108, 0.09837039349313675, -0.06980658156236119
flux1:, 1.3963210702341131, 0.10097156788434129, -0.07014203840007771
flux1:, 1.4030100334448155, 0.10328313257431787, -0.06808662593072087
flux1:, 1.4096989966555178, 0.10674805058004076, -0.06645099601878006
flux1:, 1.4163879598662201, 0.11080889853398126, -0.0674834062006901
flux1:, 1.4230769230769225, 0.11392214072948968, -0.06921359809029794
flux1:, 1.4297658862876248, 0.11591933832802806, -0.0705547535607943
flux1:, 1.4364548494983271, 0.11717327272099055, -0.07342052381104701
flux1:, 1.4431438127090295, 0.11834837982471264, -0.0772449966983189
flux1:, 1.4498327759197318, 0.12087750985035256, -0.07901676892109784
flux1:, 1.4565217391304341, 0.1244363675958763, -0.07909905479335481
flux1:, 1.4632107023411365, 0.12657552693353136, -0.08006713091294952
flux1:, 1.4698996655518388, 0.12732363731630608, -0.08184413992660043
flux1:, 1.4765886287625412, 0.1291330180875581, -0.08331571546967512
flux1:, 1.4832775919732435, 0.13121606402813502, -0.0849372730826545
flux1:, 1.4899665551839458, 0.1305696904111085, -0.08666380774635384
flux1:, 1.4966555183946482, 0.12825326385780136, -0.08778601003678985
flux1:, 1.5033444816053505, 0.1278468247399652, -0.08935035491593325
flux1:, 1.5100334448160528, 0.12930634277182718, -0.09237392280083596
flux1:, 1.5167224080267552, 0.13012761250197785, -0.09510915619537151
flux1:, 1.5234113712374575, 0.1300169647620217, -0.09573287692450137
flux1:, 1.5301003344481598, 0.12998312320525301, -0.09548362766172934
flux1:, 1.5367892976588622, 0.1295634351528739, -0.09672468428453442
flux1:, 1.5434782608695645, 0.12807955956369896, -0.09997984444226127
flux1:, 1.5501672240802669, 0.12644711604963904, -0.10389344506213101
flux1:, 1.5568561872909692, 0.1257317035687876, -0.10669047503316222
flux1:, 1.5635451505016715, 0.12540607635463558, -0.10762924020604406
flux1:, 1.5702341137123739, 0.12438115685652966, -0.10761773529817566
flux1:, 1.5769230769230762, 0.12271695342899479, -0.1080884595463485
flux1:, 1.5836120401337785, 0.12108642314201873, -0.10949235030895009
flux1:, 1.5903010033444809, 0.11930623620333027, -0.1114063744138278
flux1:, 1.5969899665551832, 0.11668719633322927, -0.11353460722449718
flux1:, 1.6036789297658856, 0.11344143990666619, -0.1157584009838788
flux1:, 1.610367892976588, 0.11076926806671675, -0.11734206682398102
flux1:, 1.6170568561872902, 0.10945987099380318, -0.1172540234971602
flux1:, 1.6237458193979926, 0.10853910099974717, -0.11597188678214486
flux1:, 1.630434782608695, 0.10601925037788273, -0.11551046501911205
flux1:, 1.6371237458193972, 0.10183800102687073, -0.11640192286044036
flux1:, 1.6438127090300996, 0.0984035958751618, -0.11669332211141244
flux1:, 1.650501672240802, 0.09663296039833821, -0.11546933276234231
flux1:, 1.6571906354515042, 0.09429279875047182, -0.11475694013046711
flux1:, 1.6638795986622066, 0.09007206604086179, -0.11643092982583594
flux1:, 1.670568561872909, 0.08538369674000408, -0.11982881989873552
flux1:, 1.6772575250836113, 0.08090750872917238, -0.12328234913348245
flux1:, 1.6839464882943136, 0.07590083520948933, -0.12575997993607427
flux1:, 1.690635451505016, 0.07094707366265776, -0.12693970665462487
flux1:, 1.6973244147157183, 0.06697947909357425, -0.1272951441304917
flux1:, 1.7040133779264206, 0.06307319142232738, -0.1278055174544154
flux1:, 1.710702341137123, 0.05856053413999415, -0.1289614520272946
flux1:, 1.7173913043478253, 0.05436747349563627, -0.13038339775618502
flux1:, 1.7240802675585276, 0.05042696839050987, -0.1311740524585058
flux1:, 1.73076923076923, 0.0456016637672478, -0.13073263818253514
flux1:, 1.7374581939799323, 0.04043994193988818, -0.12974753515839663
flux1:, 1.7441471571906346, 0.03634032939723277, -0.12941207949420055
flux1:, 1.750836120401337, 0.03308177923603948, -0.12942443017362604
flux1:, 1.7575250836120393, 0.029839667554402868, -0.12870888983210316
flux1:, 1.7642140468227416, 0.026638149922907296, -0.12761297486157447
flux1:, 1.770903010033444, 0.023481443064099244, -0.1268420472171565
flux1:, 1.7775919732441463, 0.020247720821993234, -0.1256346676535141
flux1:, 1.7842809364548486, 0.017478486636579412, -0.12337834028223929
flux1:, 1.790969899665551, 0.015541473015087931, -0.12075273528537939
flux1:, 1.7976588628762533, 0.013901197294551164, -0.11788735379492878
flux1:, 1.8043478260869557, 0.012146590760015607, -0.11438845399404672
flux1:, 1.811036789297658, 0.010452496876577955, -0.11123651995183959
flux1:, 1.8177257525083603, 0.008868602901141253, -0.10941547044122277
flux1:, 1.8244147157190627, 0.007331574318321016, -0.1078233782557202
flux1:, 1.831103678929765, 0.00606246494846034, -0.10523259018805807
flux1:, 1.8377926421404673, 0.005251635584464701, -0.10213835881402976
flux1:, 1.8444816053511697, 0.004828991046066706, -0.09894955808564583
flux1:, 1.851170568561872, 0.004683892071028251, -0.09511075304618356
flux1:, 1.8578595317725743, 0.00468068435355498, -0.09077909137438234
flux1:, 1.8645484949832767, 0.004663326558881496, -0.08676849480103695
flux1:, 1.871237458193979, 0.004673581887682087, -0.08297688472166796
flux1:, 1.8779264214046814, 0.00486874442453006, -0.07889361531672286
flux1:, 1.8846153846153837, 0.005242502399104774, -0.07485281468230137
flux1:, 1.891304347826086, 0.0056943994067420785, -0.0713056863988741
flux1:, 1.8979933110367884, 0.006228811062686159, -0.06781181130532672
flux1:, 1.9046822742474907, 0.006870799496758708, -0.0638282926167591
flux1:, 1.911371237458193, 0.0075031634214523316, -0.05977587781486478
flux1:, 1.9180602006688954, 0.007972434244882849, -0.05639604454327353
flux1:, 1.9247491638795977, 0.008320894408886278, -0.05343374884827417
flux1:, 1.9314381270903, 0.008702439655347224, -0.05006309268135948
flux1:, 1.9381270903010024, 0.009096526227054815, -0.0464916435646831
flux1:, 1.9448160535117047, 0.009410659977739969, -0.0436331707071744
flux1:, 1.951505016722407, 0.009744501750625283, -0.04122601520953193
flux1:, 1.9581939799331094, 0.010155753368290268, -0.03815670057888112
flux1:, 1.9648829431438117, 0.01043769316666879, -0.03451704491497033
flux1:, 1.971571906354514, 0.010502415547989688, -0.03138901228049128
flux1:, 1.9782608695652164, 0.010540034839634295, -0.029032832353571916
flux1:, 1.9849498327759187, 0.01058214162048877, -0.026984031439555117
flux1:, 1.991638795986621, 0.010474902539098935, -0.025122150536065466
flux1:, 1.9983277591973234, 0.010273872173508562, -0.023432372407111247
flux1:, 2.0050167224080258, 0.010111459767644253, -0.021723891069243863
flux1:, 2.011705685618728, 0.009914411396379894, -0.020102429005562434
flux1:, 2.0183946488294304, 0.009646198013694315, -0.018738211767973256
flux1:, 2.0250836120401328, 0.009423021044679685, -0.017381839169019305
flux1:, 2.031772575250835, 0.009233119329764592, -0.01590152474018525
flux1:, 2.0384615384615374, 0.008974698722635373, -0.014571706344328778
flux1:, 2.0451505016722398, 0.008681438123723732, -0.013403606969853247
flux1:, 2.051839464882942, 0.00837896636590008, -0.012149609745757938
flux1:, 2.0585284280936444, 0.007990552729550864, -0.010959556635740636
flux1:, 2.065217391304347, 0.0075490215413060524, -0.010092300305746602
flux1:, 2.071906354515049, 0.007176427030844638, -0.009352161134330449
flux1:, 2.0785953177257515, 0.00686673669233666, -0.008537766697768267
flux1:, 2.085284280936454, 0.006550136732186165, -0.00785064290915215
flux1:, 2.091973244147156, 0.006231133521220496, -0.00741151194972119
flux1:, 2.0986622073578585, 0.005920747382442918, -0.007004396858185351
flux1:, 2.105351170568561, 0.0056027964715589015, -0.006486264092653723
flux1:, 2.112040133779263, 0.005283672495969898, -0.005941417953418116
flux1:, 2.1187290969899655, 0.004963967289800994, -0.005446459726913756
flux1:, 2.125418060200668, 0.004636219670809535, -0.005011359087384751
flux1:, 2.13210702341137, 0.004329346287829977, -0.004639326890947882
flux1:, 2.1387959866220725, 0.00405705944810684, -0.004292528146872612
flux1:, 2.145484949832775, 0.003785823239761895, -0.003923031691901922
flux1:, 2.152173913043477, 0.003511253256306793, -0.003556781483580614
flux1:, 2.1588628762541795, 0.0032591974350823826, -0.0032473002676639898
flux1:, 2.165551839464882, 0.003020810927786349, -0.002988670360241229
flux1:, 2.172240802675584, 0.0027854429075724664, -0.0027424755703257444
flux1:, 2.1789297658862865, 0.002571829198524228, -0.0025037157377637183
flux1:, 2.185618729096989, 0.0023771117005092633, -0.002291413552508773
flux1:, 2.192307692307691, 0.0021852556901910923, -0.0021026323441278314
flux1:, 2.1989966555183935, 0.0020133324959144697, -0.001921420467273708
flux1:, 2.205685618729096, 0.001870280562501836, -0.0017554860732648776
flux1:, 2.212374581939798, 0.0017281576251745646, -0.0016115178806880319
flux1:, 2.2190635451505005, 0.0015771061150745512, -0.0014640145148763133
flux1:, 2.225752508361203, 0.0014361884460656635, -0.001308543668167391
flux1:, 2.232441471571905, 0.001309940379826027, -0.0011883439081090696
flux1:, 2.2391304347826075, 0.0011931741435225053, -0.0011119876419587187
flux1:, 2.24581939799331, 0.0010894048440149805, -0.0010300124002578376
flux1:, 2.252508361204012, 9.955454871533591e-4, -9.282852164055954e-4
flux1:, 2.2591973244147145, 9.044573665334095e-4, -8.430984679352431e-4
flux1:, 2.265886287625417, 8.201032541318403e-4, -7.79291425518834e-4
flux1:, 2.272575250836119, 7.448682459818835e-4, -7.114021644909807e-4
flux1:, 2.2792642140468216, 6.733115141781018e-4, -6.426177148716039e-4
flux1:, 2.285953177257524, 6.055845814619351e-4, -5.883418839778376e-4
flux1:, 2.2926421404682262, 5.447077326336485e-4, -5.412929426492671e-4
flux1:, 2.2993311036789286, 4.894205371903819e-4, -4.92746924854984e-4
flux1:, 2.306020066889631, 4.403301611134216e-4, -4.469573846153624e-4
flux1:, 2.3127090301003332, 3.977251612544854e-4, -4.0633267454166913e-4
flux1:, 2.3193979933110356, 3.574169700967806e-4, -3.709686070733581e-4
flux1:, 2.326086956521738, 3.194867596272559e-4, -3.4110528873494624e-4
flux1:, 2.3327759197324403, 2.8701707824452184e-4, -3.1152966842662634e-4
flux1:, 2.3394648829431426, 2.5669975758190914e-4, -2.8059238503109487e-4
flux1:, 2.346153846153845, 2.263048510641742e-4, -2.548136751292949e-4
flux1:, 2.3528428093645473, 2.0016726198034384e-4, -2.3412511296254694e-4
flux1:, 2.3595317725752496, 1.7833057408636586e-4, -2.1251014039157422e-4
flux1:, 2.366220735785952, 1.568490695508938e-4, -1.915998139978266e-4
flux1:, 2.3729096989966543, 1.3750734442808415e-4, -1.7437111181134606e-4
flux1:, 2.3795986622073566, 1.2229665875666e-4, -1.5777528164225818e-4
flux1:, 2.386287625418059, 1.0794054312501767e-4, -1.4201110223674735e-4
flux1:, 2.3929765886287613, 9.375109034411724e-5, -1.3002331906796486e-4
flux1:, 2.3996655518394636, 8.20650177532108e-5, -1.1909500433990063e-4
flux1:, 2.406354515050166, 7.169729995399856e-5, -1.0732377480510087e-4
flux1:, 2.4130434782608683, 6.1486587574932e-5, -9.778715079773067e-5
flux1:, 2.4197324414715706, 5.32688426542323e-5, -8.975397174840081e-5
flux1:, 2.426421404682273, 4.667618266022216e-5, -8.022568330549456e-5
flux1:, 2.4331103678929753, 3.9880493585120487e-5, -7.170808531840265e-5
flux1:, 2.4397993311036776, 3.384362632213879e-5, -6.621232584775886e-5
flux1:, 2.44648829431438, 2.921776521336019e-5, -6.0614066161653676e-5
flux1:, 2.4531772575250823, 2.473019925420607e-5, -5.405364212390553e-5
flux1:, 2.4598662207357846, 2.074364789071706e-5, -4.874533706051449e-5
flux1:, 2.466555183946487, 1.805307585688377e-5, -4.4213522068747504e-5
flux1:, 2.4732441471571893, 1.5414629636574227e-5, -3.960707968036318e-5
flux1:, 2.4799331103678917, 1.247379039918981e-5, -3.6118442249745657e-5
flux1:, 2.486622073578594, 1.0416351467320081e-5, -3.321550140657742e-5
flux1:, 2.4933110367892963, 8.904591963827649e-6, -2.956298918422346e-5
flux1:, 2.4999999999999987, 7.125081692240239e-6, -2.632810534956974e-5

Elapsed run time = 1238.37 s
