--------------------------------------------------------------------------
[[11196,1],0]: A high-performance Open MPI point-to-point messaging module
was unable to find any relevant network interfaces:

Module: OpenFabrics (openib)
  Host: euca-128-84-11-54

Another transport will be used instead, although this may result in
lower performance.
--------------------------------------------------------------------------
Using MPI version 3.0, 2 processes
command-line param: no-struct=false
command-line param: no-holes=false
command-line param: rodpos="rad.3ff.4/rodpos.txt"
-----------
Initializing structure...
Working in 3D dimensions.
Computational cell is 4 x 4 x 5 with resolution 40
     block, center = (0,0,0)
          size (1e+20,1e+20,0.15)
          axes (1,0,0), (0,1,0), (0,0,1)
          dielectric constant epsilon diagonal = (12,12,12)
     cylinder, center = (1.54,0.837,0)
          radius 0.3, height 0.15, axis (0, 0, 1)
          dielectric constant epsilon diagonal = (1,1,1)
     cylinder, center = (2.391,3.821,0)
          radius 0.3, height 0.15, axis (0, 0, 1)
          dielectric constant epsilon diagonal = (1,1,1)
     cylinder, center = (1.172,3.651,0)
          radius 0.3, height 0.15, axis (0, 0, 1)
          dielectric constant epsilon diagonal = (1,1,1)
     cylinder, center = (0.857,0.287,0)
          radius 0.3, height 0.15, axis (0, 0, 1)
          dielectric constant epsilon diagonal = (1,1,1)
     cylinder, center = (0.109,3.115,0)
          radius 0.3, height 0.15, axis (0, 0, 1)
          dielectric constant epsilon diagonal = (1,1,1)
     cylinder, center = (2.414,0.123,0)
          radius 0.3, height 0.15, axis (0, 0, 1)
          dielectric constant epsilon diagonal = (1,1,1)
     cylinder, center = (3.181,1.885,0)
          radius 0.3, height 0.15, axis (0, 0, 1)
          dielectric constant epsilon diagonal = (1,1,1)
     cylinder, center = (0.77,2.516,0)
          radius 0.3, height 0.15, axis (0, 0, 1)
          dielectric constant epsilon diagonal = (1,1,1)
     cylinder, center = (3.615,2.429,0)
          radius 0.3, height 0.15, axis (0, 0, 1)
          dielectric constant epsilon diagonal = (1,1,1)
     cylinder, center = (2.236,2.975,0)
          radius 0.3, height 0.15, axis (0, 0, 1)
          dielectric constant epsilon diagonal = (1,1,1)
     cylinder, center = (0.548,3.792,0)
          radius 0.3, height 0.15, axis (0, 0, 1)
          dielectric constant epsilon diagonal = (1,1,1)
     cylinder, center = (1.454,2.818,0)
          radius 0.3, height 0.15, axis (0, 0, 1)
          dielectric constant epsilon diagonal = (1,1,1)
     cylinder, center = (0.112,1.176,0)
          radius 0.3, height 0.15, axis (0, 0, 1)
          dielectric constant epsilon diagonal = (1,1,1)
     cylinder, center = (3.43,0.884,0)
          radius 0.3, height 0.15, axis (0, 0, 1)
          dielectric constant epsilon diagonal = (1,1,1)
     cylinder, center = (1.103,1.406,0)
          radius 0.3, height 0.15, axis (0, 0, 1)
          dielectric constant epsilon diagonal = (1,1,1)
     cylinder, center = (0.645,1.801,0)
          radius 0.3, height 0.15, axis (0, 0, 1)
          dielectric constant epsilon diagonal = (1,1,1)
     cylinder, center = (3.863,0.195,0)
          radius 0.3, height 0.15, axis (0, 0, 1)
          dielectric constant epsilon diagonal = (1,1,1)
     cylinder, center = (0.136,0.415,0)
          radius 0.3, height 0.15, axis (0, 0, 1)
          dielectric constant epsilon diagonal = (1,1,1)
     cylinder, center = (3.973,1.749,0)
          radius 0.3, height 0.15, axis (0, 0, 1)
          dielectric constant epsilon diagonal = (1,1,1)
     cylinder, center = (2.95,2.675,0)
          radius 0.3, height 0.15, axis (0, 0, 1)
          dielectric constant epsilon diagonal = (1,1,1)
     cylinder, center = (3.269,3.683,0)
          radius 0.3, height 0.15, axis (0, 0, 1)
          dielectric constant epsilon diagonal = (1,1,1)
     cylinder, center = (2.2,2.246,0)
          radius 0.3, height 0.15, axis (0, 0, 1)
          dielectric constant epsilon diagonal = (1,1,1)
     cylinder, center = (1.965,1.679,0)
          radius 0.3, height 0.15, axis (0, 0, 1)
          dielectric constant epsilon diagonal = (1,1,1)
subpixel-averaging is 70.9849% done, 1.63726 s remaining
time for set_epsilon = 20.996 s
time for set_conductivity = 0.289882 s
time for set_conductivity = 0.281832 s
time for set_conductivity = 0.255634 s
-----------
Meep progress: 0.0125/50.0 = 0.0% done in 4.0s, 16054.4s to go
on time step 1 (time=0.0125), 4.01506 s/step
Meep progress: 0.1875/50.0 = 0.4% done in 8.3s, 2201.3s to go
on time step 15 (time=0.1875), 0.30508 s/step
Meep progress: 0.35000000000000003/50.0 = 0.7% done in 12.3s, 1749.6s to go
on time step 28 (time=0.35), 0.311373 s/step
Meep progress: 0.5375/50.0 = 1.1% done in 16.6s, 1531.8s to go
on time step 43 (time=0.5375), 0.28746 s/step
Meep progress: 0.7125/50.0 = 1.4% done in 20.9s, 1448.9s to go
on time step 57 (time=0.7125), 0.307147 s/step
Meep progress: 0.8875000000000001/50.0 = 1.8% done in 25.2s, 1394.1s to go
on time step 71 (time=0.8875), 0.303287 s/step
Meep progress: 1.0625/50.0 = 2.1% done in 29.5s, 1356.5s to go
on time step 85 (time=1.0625), 0.304245 s/step
Meep progress: 1.2375/50.0 = 2.5% done in 33.6s, 1322.5s to go
on time step 99 (time=1.2375), 0.293644 s/step
Meep progress: 1.425/50.0 = 2.8% done in 37.9s, 1293.3s to go
on time step 114 (time=1.425), 0.291792 s/step
Meep progress: 1.5875000000000001/50.0 = 3.2% done in 42.2s, 1286.3s to go
on time step 127 (time=1.5875), 0.326133 s/step
Meep progress: 1.7625000000000002/50.0 = 3.5% done in 46.4s, 1271.2s to go
on time step 141 (time=1.7625), 0.304766 s/step
Meep progress: 1.9375/50.0 = 3.9% done in 50.6s, 1254.1s to go
on time step 155 (time=1.9375), 0.293473 s/step
Meep progress: 2.0875/50.0 = 4.2% done in 54.7s, 1254.7s to go
on time step 167 (time=2.0875), 0.342706 s/step
Meep progress: 2.2625/50.0 = 4.5% done in 58.8s, 1241.5s to go
on time step 181 (time=2.2625), 0.297992 s/step
Meep progress: 2.4125/50.0 = 4.8% done in 63.1s, 1243.7s to go
on time step 193 (time=2.4125), 0.351112 s/step
Meep progress: 2.575/50.0 = 5.2% done in 67.2s, 1238.5s to go
on time step 206 (time=2.575), 0.322487 s/step
Meep progress: 2.7375000000000003/50.0 = 5.5% done in 71.4s, 1232.4s to go
on time step 219 (time=2.7375), 0.318295 s/step
Meep progress: 2.8875/50.0 = 5.8% done in 75.5s, 1231.8s to go
on time step 231 (time=2.8875), 0.342804 s/step
Meep progress: 3.0625/50.0 = 6.1% done in 79.7s, 1222.0s to go
on time step 245 (time=3.0625), 0.302362 s/step
Meep progress: 3.2375000000000003/50.0 = 6.5% done in 84.0s, 1213.1s to go
on time step 259 (time=3.2375), 0.304308 s/step
Meep progress: 3.4125/50.0 = 6.8% done in 88.2s, 1204.3s to go
on time step 273 (time=3.4125), 0.301604 s/step
Meep progress: 3.5875000000000004/50.0 = 7.2% done in 92.5s, 1196.3s to go
on time step 287 (time=3.5875), 0.303909 s/step
Meep progress: 3.7625/50.0 = 7.5% done in 96.5s, 1185.6s to go
on time step 301 (time=3.7625), 0.28618 s/step
Meep progress: 3.9375/50.0 = 7.9% done in 100.6s, 1177.4s to go
on time step 315 (time=3.9375), 0.298157 s/step
Meep progress: 4.1000000000000005/50.0 = 8.2% done in 104.8s, 1173.1s to go
on time step 328 (time=4.1), 0.318578 s/step
Meep progress: 4.2625/50.0 = 8.5% done in 109.0s, 1169.7s to go
on time step 341 (time=4.2625), 0.324473 s/step
Meep progress: 4.45/50.0 = 8.9% done in 113.3s, 1159.5s to go
on time step 356 (time=4.45), 0.284653 s/step
Meep progress: 4.6375/50.0 = 9.3% done in 117.6s, 1150.0s to go
on time step 371 (time=4.6375), 0.285922 s/step
Meep progress: 4.8125/50.0 = 9.6% done in 121.6s, 1142.0s to go
on time step 385 (time=4.8125), 0.290092 s/step
Meep progress: 5.0125/50.0 = 10.0% done in 125.8s, 1129.0s to go
on time step 401 (time=5.0125), 0.260546 s/step
Meep progress: 5.2125/50.0 = 10.4% done in 129.9s, 1116.2s to go
on time step 417 (time=5.2125), 0.256641 s/step
Meep progress: 5.3875/50.0 = 10.8% done in 134.1s, 1110.2s to go
on time step 431 (time=5.3875), 0.297378 s/step
Meep progress: 5.550000000000001/50.0 = 11.1% done in 138.2s, 1106.9s to go
on time step 444 (time=5.55), 0.318082 s/step
Meep progress: 5.7250000000000005/50.0 = 11.5% done in 142.4s, 1100.9s to go
on time step 458 (time=5.725), 0.29647 s/step
Meep progress: 5.9/50.0 = 11.8% done in 146.6s, 1095.9s to go
on time step 472 (time=5.9), 0.304648 s/step
Meep progress: 6.075/50.0 = 12.2% done in 150.8s, 1090.5s to go
on time step 486 (time=6.075), 0.300494 s/step
Meep progress: 6.237500000000001/50.0 = 12.5% done in 154.9s, 1086.8s to go
on time step 499 (time=6.2375), 0.313836 s/step
Meep progress: 6.375/50.0 = 12.8% done in 158.9s, 1087.6s to go
on time step 510 (time=6.375), 0.365912 s/step
Meep progress: 6.525/50.0 = 13.0% done in 163.2s, 1087.5s to go
on time step 522 (time=6.525), 0.357061 s/step
Meep progress: 6.7/50.0 = 13.4% done in 167.3s, 1080.9s to go
on time step 536 (time=6.7), 0.28839 s/step
Meep progress: 6.862500000000001/50.0 = 13.7% done in 171.3s, 1076.8s to go
on time step 549 (time=6.8625), 0.312114 s/step
Meep progress: 7.025/50.0 = 14.0% done in 175.4s, 1072.7s to go
on time step 562 (time=7.025), 0.310865 s/step
Meep progress: 7.2/50.0 = 14.4% done in 179.5s, 1067.3s to go
on time step 576 (time=7.2), 0.299678 s/step
Meep progress: 7.375/50.0 = 14.8% done in 183.8s, 1062.2s to go
on time step 590 (time=7.375), 0.302489 s/step
Meep progress: 7.5375000000000005/50.0 = 15.1% done in 187.8s, 1057.9s to go
on time step 603 (time=7.5375), 0.308814 s/step
Meep progress: 7.7125/50.0 = 15.4% done in 192.0s, 1052.6s to go
on time step 617 (time=7.7125), 0.297979 s/step
Meep progress: 7.8875/50.0 = 15.8% done in 196.1s, 1047.2s to go
on time step 631 (time=7.8875), 0.297575 s/step
Meep progress: 8.0875/50.0 = 16.2% done in 200.3s, 1037.8s to go
on time step 647 (time=8.0875), 0.258142 s/step
Meep progress: 8.2875/50.0 = 16.6% done in 204.4s, 1029.0s to go
on time step 663 (time=8.2875), 0.260634 s/step
Meep progress: 8.4875/50.0 = 17.0% done in 208.6s, 1020.1s to go
on time step 679 (time=8.4875), 0.258073 s/step
Meep progress: 8.65/50.0 = 17.3% done in 212.9s, 1017.9s to go
on time step 692 (time=8.65), 0.337013 s/step
Meep progress: 8.825000000000001/50.0 = 17.7% done in 217.1s, 1013.1s to go
on time step 706 (time=8.825), 0.298799 s/step
Meep progress: 9.0/50.0 = 18.0% done in 221.4s, 1008.6s to go
on time step 720 (time=9), 0.304702 s/step
Meep progress: 9.175/50.0 = 18.4% done in 225.6s, 1003.7s to go
on time step 734 (time=9.175), 0.299072 s/step
Meep progress: 9.375/50.0 = 18.8% done in 229.8s, 995.9s to go
on time step 750 (time=9.375), 0.265528 s/step
Meep progress: 9.525/50.0 = 19.0% done in 233.9s, 993.9s to go
on time step 762 (time=9.525), 0.339852 s/step
Meep progress: 9.700000000000001/50.0 = 19.4% done in 238.2s, 989.5s to go
on time step 776 (time=9.7), 0.303935 s/step
Meep progress: 9.875/50.0 = 19.8% done in 242.4s, 984.8s to go
on time step 790 (time=9.875), 0.299985 s/step
Meep progress: 10.037500000000001/50.0 = 20.1% done in 246.5s, 981.6s to go
on time step 803 (time=10.0375), 0.321632 s/step
Meep progress: 10.1875/50.0 = 20.4% done in 250.6s, 979.2s to go
on time step 815 (time=10.1875), 0.33479 s/step
Meep progress: 10.350000000000001/50.0 = 20.7% done in 254.8s, 976.0s to go
on time step 828 (time=10.35), 0.323356 s/step
Meep progress: 10.512500000000001/50.0 = 21.0% done in 258.9s, 972.4s to go
on time step 841 (time=10.5125), 0.31719 s/step
Meep progress: 10.662500000000001/50.0 = 21.3% done in 263.1s, 970.7s to go
on time step 853 (time=10.6625), 0.350842 s/step
Meep progress: 10.825000000000001/50.0 = 21.7% done in 267.2s, 967.1s to go
on time step 866 (time=10.825), 0.317403 s/step
Meep progress: 11.0/50.0 = 22.0% done in 271.4s, 962.1s to go
on time step 880 (time=11), 0.295167 s/step
Meep progress: 11.162500000000001/50.0 = 22.3% done in 275.5s, 958.5s to go
on time step 893 (time=11.1625), 0.318531 s/step
Meep progress: 11.325000000000001/50.0 = 22.7% done in 279.7s, 955.1s to go
on time step 906 (time=11.325), 0.320831 s/step
Meep progress: 11.5/50.0 = 23.0% done in 283.9s, 950.6s to go
on time step 920 (time=11.5), 0.30506 s/step
Meep progress: 11.675/50.0 = 23.4% done in 288.2s, 946.1s to go
on time step 934 (time=11.675), 0.305389 s/step
Meep progress: 11.8375/50.0 = 23.7% done in 292.3s, 942.3s to go
on time step 947 (time=11.8375), 0.312751 s/step
Meep progress: 12.025/50.0 = 24.0% done in 296.3s, 935.7s to go
on time step 962 (time=12.025), 0.26732 s/step
Meep progress: 12.2125/50.0 = 24.4% done in 300.4s, 929.6s to go
on time step 977 (time=12.2125), 0.277249 s/step
Meep progress: 12.387500000000001/50.0 = 24.8% done in 304.6s, 925.0s to go
on time step 991 (time=12.3875), 0.299478 s/step
Meep progress: 12.5625/50.0 = 25.1% done in 308.7s, 920.1s to go
on time step 1005 (time=12.5625), 0.293203 s/step
Meep progress: 12.725000000000001/50.0 = 25.5% done in 313.0s, 916.9s to go
on time step 1018 (time=12.725), 0.32806 s/step
Meep progress: 12.912500000000001/50.0 = 25.8% done in 317.1s, 910.8s to go
on time step 1033 (time=12.9125), 0.272051 s/step
Meep progress: 13.0875/50.0 = 26.2% done in 321.3s, 906.3s to go
on time step 1047 (time=13.0875), 0.303321 s/step
Meep progress: 13.25/50.0 = 26.5% done in 325.6s, 903.0s to go
on time step 1060 (time=13.25), 0.326376 s/step
Meep progress: 13.425/50.0 = 26.8% done in 329.8s, 898.5s to go
on time step 1074 (time=13.425), 0.300628 s/step
Meep progress: 13.600000000000001/50.0 = 27.2% done in 334.0s, 893.9s to go
on time step 1088 (time=13.6), 0.300414 s/step
Meep progress: 13.775/50.0 = 27.6% done in 338.3s, 889.6s to go
on time step 1102 (time=13.775), 0.307179 s/step
Meep progress: 13.9375/50.0 = 27.9% done in 342.6s, 886.3s to go
on time step 1115 (time=13.9375), 0.327621 s/step
Meep progress: 14.100000000000001/50.0 = 28.2% done in 346.8s, 883.0s to go
on time step 1128 (time=14.1), 0.326489 s/step
Meep progress: 14.275/50.0 = 28.6% done in 351.0s, 878.4s to go
on time step 1142 (time=14.275), 0.299023 s/step
Meep progress: 14.4375/50.0 = 28.9% done in 355.2s, 874.9s to go
on time step 1155 (time=14.4375), 0.324636 s/step
Meep progress: 14.5875/50.0 = 29.2% done in 359.2s, 872.1s to go
on time step 1167 (time=14.5875), 0.335104 s/step
Meep progress: 14.75/50.0 = 29.5% done in 363.4s, 868.6s to go
on time step 1180 (time=14.75), 0.3243 s/step
Meep progress: 14.912500000000001/50.0 = 29.8% done in 367.6s, 865.0s to go
on time step 1193 (time=14.9125), 0.323189 s/step
Meep progress: 15.100000000000001/50.0 = 30.2% done in 371.9s, 859.6s to go
on time step 1208 (time=15.1), 0.283778 s/step
Meep progress: 15.25/50.0 = 30.5% done in 376.2s, 857.2s to go
on time step 1220 (time=15.25), 0.355164 s/step
Meep progress: 15.412500000000001/50.0 = 30.8% done in 380.3s, 853.5s to go
on time step 1233 (time=15.4125), 0.319937 s/step
Meep progress: 15.6125/50.0 = 31.2% done in 384.6s, 847.0s to go
on time step 1249 (time=15.6125), 0.264169 s/step
Meep progress: 15.8125/50.0 = 31.6% done in 388.7s, 840.4s to go
on time step 1265 (time=15.8125), 0.259079 s/step
Meep progress: 16.0125/50.0 = 32.0% done in 392.9s, 833.9s to go
on time step 1281 (time=16.0125), 0.260512 s/step
Meep progress: 16.1875/50.0 = 32.4% done in 397.1s, 829.4s to go
on time step 1295 (time=16.1875), 0.299996 s/step
Meep progress: 16.35/50.0 = 32.7% done in 401.2s, 825.7s to go
on time step 1308 (time=16.35), 0.31811 s/step
Meep progress: 16.525000000000002/50.0 = 33.1% done in 405.5s, 821.4s to go
on time step 1322 (time=16.525), 0.305516 s/step
Meep progress: 16.675/50.0 = 33.4% done in 409.6s, 818.5s to go
on time step 1334 (time=16.675), 0.341467 s/step
Meep progress: 16.8625/50.0 = 33.7% done in 413.7s, 813.1s to go
on time step 1349 (time=16.8625), 0.277346 s/step
Meep progress: 17.05/50.0 = 34.1% done in 417.8s, 807.3s to go
on time step 1364 (time=17.05), 0.268157 s/step
Meep progress: 17.25/50.0 = 34.5% done in 422.1s, 801.3s to go
on time step 1380 (time=17.25), 0.270093 s/step
Meep progress: 17.4375/50.0 = 34.9% done in 426.4s, 796.2s to go
on time step 1395 (time=17.4375), 0.286139 s/step
Meep progress: 17.587500000000002/50.0 = 35.2% done in 430.4s, 793.2s to go
on time step 1407 (time=17.5875), 0.334026 s/step
Meep progress: 17.775000000000002/50.0 = 35.6% done in 434.6s, 787.9s to go
on time step 1422 (time=17.775), 0.281274 s/step
Meep progress: 17.9375/50.0 = 35.9% done in 438.6s, 784.0s to go
on time step 1435 (time=17.9375), 0.30836 s/step
Meep progress: 18.1/50.0 = 36.2% done in 442.7s, 780.2s to go
on time step 1448 (time=18.1), 0.313861 s/step
Meep progress: 18.275000000000002/50.0 = 36.6% done in 446.9s, 775.8s to go
on time step 1462 (time=18.275), 0.301879 s/step
Meep progress: 18.45/50.0 = 36.9% done in 451.1s, 771.4s to go
on time step 1476 (time=18.45), 0.29825 s/step
Meep progress: 18.625/50.0 = 37.2% done in 455.3s, 767.0s to go
on time step 1490 (time=18.625), 0.30009 s/step
Meep progress: 18.7875/50.0 = 37.6% done in 459.5s, 763.5s to go
on time step 1503 (time=18.7875), 0.327618 s/step
Meep progress: 18.975/50.0 = 38.0% done in 463.7s, 758.1s to go
on time step 1518 (time=18.975), 0.275051 s/step
Meep progress: 19.1625/50.0 = 38.3% done in 467.8s, 752.8s to go
on time step 1533 (time=19.1625), 0.276338 s/step
Meep progress: 19.325000000000003/50.0 = 38.7% done in 472.1s, 749.3s to go
on time step 1546 (time=19.325), 0.32724 s/step
Meep progress: 19.5/50.0 = 39.0% done in 476.3s, 745.0s to go
on time step 1560 (time=19.5), 0.303097 s/step
Meep progress: 19.700000000000003/50.0 = 39.4% done in 480.5s, 739.0s to go
on time step 1576 (time=19.7), 0.259108 s/step
Meep progress: 19.900000000000002/50.0 = 39.8% done in 484.6s, 733.0s to go
on time step 1592 (time=19.9), 0.26024 s/step
Meep progress: 20.087500000000002/50.0 = 40.2% done in 488.9s, 728.0s to go
on time step 1607 (time=20.0875), 0.281535 s/step
Meep progress: 20.25/50.0 = 40.5% done in 493.1s, 724.4s to go
on time step 1620 (time=20.25), 0.324624 s/step
Meep progress: 20.4375/50.0 = 40.9% done in 497.2s, 719.2s to go
on time step 1635 (time=20.4375), 0.277197 s/step
Meep progress: 20.637500000000003/50.0 = 41.3% done in 501.4s, 713.3s to go
on time step 1651 (time=20.6375), 0.258673 s/step
Meep progress: 20.8/50.0 = 41.6% done in 505.4s, 709.5s to go
on time step 1664 (time=20.8), 0.311941 s/step
Meep progress: 20.9875/50.0 = 42.0% done in 509.5s, 704.3s to go
on time step 1679 (time=20.9875), 0.271727 s/step
Meep progress: 21.1875/50.0 = 42.4% done in 513.7s, 698.5s to go
on time step 1695 (time=21.1875), 0.260327 s/step
Meep progress: 21.387500000000003/50.0 = 42.8% done in 517.8s, 692.8s to go
on time step 1711 (time=21.3875), 0.260138 s/step
Meep progress: 21.575000000000003/50.0 = 43.2% done in 522.0s, 687.8s to go
on time step 1726 (time=21.575), 0.279201 s/step
Meep progress: 21.775000000000002/50.0 = 43.6% done in 526.2s, 682.0s to go
on time step 1742 (time=21.775), 0.258984 s/step
Meep progress: 21.9375/50.0 = 43.9% done in 530.2s, 678.2s to go
on time step 1755 (time=21.9375), 0.309266 s/step
Meep progress: 22.1125/50.0 = 44.2% done in 534.2s, 673.8s to go
on time step 1769 (time=22.1125), 0.290194 s/step
Meep progress: 22.3/50.0 = 44.6% done in 538.4s, 668.8s to go
on time step 1784 (time=22.3), 0.279156 s/step
Meep progress: 22.5/50.0 = 45.0% done in 542.6s, 663.2s to go
on time step 1800 (time=22.5), 0.260367 s/step
Meep progress: 22.700000000000003/50.0 = 45.4% done in 546.9s, 657.8s to go
on time step 1816 (time=22.7), 0.271439 s/step
Meep progress: 22.887500000000003/50.0 = 45.8% done in 551.2s, 653.0s to go
on time step 1831 (time=22.8875), 0.284424 s/step
Meep progress: 23.05/50.0 = 46.1% done in 555.4s, 649.3s to go
on time step 1844 (time=23.05), 0.321054 s/step
Meep progress: 23.212500000000002/50.0 = 46.4% done in 559.4s, 645.5s to go
on time step 1857 (time=23.2125), 0.308707 s/step
Meep progress: 23.3625/50.0 = 46.7% done in 563.5s, 642.5s to go
on time step 1869 (time=23.3625), 0.342242 s/step
Meep progress: 23.5375/50.0 = 47.1% done in 567.7s, 638.2s to go
on time step 1883 (time=23.5375), 0.296815 s/step
Meep progress: 23.725/50.0 = 47.4% done in 571.9s, 633.3s to go
on time step 1898 (time=23.725), 0.281783 s/step
Meep progress: 23.9125/50.0 = 47.8% done in 575.9s, 628.3s to go
on time step 1913 (time=23.9125), 0.267759 s/step
Meep progress: 24.075000000000003/50.0 = 48.2% done in 580.1s, 624.7s to go
on time step 1926 (time=24.075), 0.326369 s/step
Meep progress: 24.25/50.0 = 48.5% done in 584.5s, 620.7s to go
on time step 1940 (time=24.25), 0.311872 s/step
Meep progress: 24.425/50.0 = 48.8% done in 588.7s, 616.4s to go
on time step 1954 (time=24.425), 0.300893 s/step
Meep progress: 24.587500000000002/50.0 = 49.2% done in 592.9s, 612.8s to go
on time step 1967 (time=24.5875), 0.323473 s/step
Meep progress: 24.75/50.0 = 49.5% done in 597.0s, 609.1s to go
on time step 1980 (time=24.75), 0.316013 s/step
Meep progress: 24.925/50.0 = 49.8% done in 601.3s, 604.9s to go
on time step 1994 (time=24.925), 0.303637 s/step
Meep progress: 25.087500000000002/50.0 = 50.2% done in 605.3s, 601.1s to go
on time step 2007 (time=25.0875), 0.308183 s/step
Meep progress: 25.262500000000003/50.0 = 50.5% done in 609.4s, 596.8s to go
on time step 2021 (time=25.2625), 0.29663 s/step
Meep progress: 25.450000000000003/50.0 = 50.9% done in 613.5s, 591.8s to go
on time step 2036 (time=25.45), 0.268537 s/step
Meep progress: 25.650000000000002/50.0 = 51.3% done in 617.7s, 586.4s to go
on time step 2052 (time=25.65), 0.264447 s/step
Meep progress: 25.85/50.0 = 51.7% done in 622.0s, 581.1s to go
on time step 2068 (time=25.85), 0.266081 s/step
Meep progress: 26.012500000000003/50.0 = 52.0% done in 626.2s, 577.5s to go
on time step 2081 (time=26.0125), 0.329198 s/step
Meep progress: 26.1875/50.0 = 52.4% done in 630.5s, 573.3s to go
on time step 2095 (time=26.1875), 0.302532 s/step
Meep progress: 26.3625/50.0 = 52.7% done in 634.5s, 568.9s to go
on time step 2109 (time=26.3625), 0.289736 s/step
Meep progress: 26.525000000000002/50.0 = 53.0% done in 638.8s, 565.3s to go
on time step 2122 (time=26.525), 0.328556 s/step
Meep progress: 26.700000000000003/50.0 = 53.4% done in 642.9s, 561.1s to go
on time step 2136 (time=26.7), 0.296018 s/step
Meep progress: 26.8625/50.0 = 53.7% done in 647.0s, 557.3s to go
on time step 2149 (time=26.8625), 0.313102 s/step
Meep progress: 27.0375/50.0 = 54.1% done in 651.2s, 553.1s to go
on time step 2163 (time=27.0375), 0.302286 s/step
Meep progress: 27.212500000000002/50.0 = 54.4% done in 655.5s, 548.9s to go
on time step 2177 (time=27.2125), 0.300974 s/step
Meep progress: 27.387500000000003/50.0 = 54.8% done in 659.7s, 544.7s to go
on time step 2191 (time=27.3875), 0.300964 s/step
Meep progress: 27.55/50.0 = 55.1% done in 663.7s, 540.9s to go
on time step 2204 (time=27.55), 0.31177 s/step
Meep progress: 27.725/50.0 = 55.4% done in 667.8s, 536.6s to go
on time step 2218 (time=27.725), 0.293119 s/step
Meep progress: 27.925/50.0 = 55.8% done in 672.1s, 531.3s to go
on time step 2234 (time=27.925), 0.265845 s/step
Meep progress: 28.1125/50.0 = 56.2% done in 676.3s, 526.6s to go
on time step 2249 (time=28.1125), 0.284264 s/step
Meep progress: 28.275000000000002/50.0 = 56.6% done in 680.5s, 522.9s to go
on time step 2262 (time=28.275), 0.321188 s/step
Meep progress: 28.450000000000003/50.0 = 56.9% done in 684.7s, 518.7s to go
on time step 2276 (time=28.45), 0.30062 s/step
Meep progress: 28.625/50.0 = 57.2% done in 688.9s, 514.4s to go
on time step 2290 (time=28.625), 0.298951 s/step
Meep progress: 28.8/50.0 = 57.6% done in 693.1s, 510.2s to go
on time step 2304 (time=28.8), 0.301868 s/step
Meep progress: 28.975/50.0 = 58.0% done in 697.4s, 506.0s to go
on time step 2318 (time=28.975), 0.300423 s/step
Meep progress: 29.125/50.0 = 58.2% done in 701.5s, 502.8s to go
on time step 2330 (time=29.125), 0.343637 s/step
Meep progress: 29.3/50.0 = 58.6% done in 705.7s, 498.5s to go
on time step 2344 (time=29.3), 0.298285 s/step
Meep progress: 29.462500000000002/50.0 = 58.9% done in 709.9s, 494.9s to go
on time step 2357 (time=29.4625), 0.326841 s/step
Meep progress: 29.637500000000003/50.0 = 59.3% done in 714.0s, 490.6s to go
on time step 2371 (time=29.6375), 0.292362 s/step
Meep progress: 29.7875/50.0 = 59.6% done in 718.1s, 487.3s to go
on time step 2383 (time=29.7875), 0.339663 s/step
Meep progress: 29.962500000000002/50.0 = 59.9% done in 722.3s, 483.0s to go
on time step 2397 (time=29.9625), 0.301765 s/step
Meep progress: 30.137500000000003/50.0 = 60.3% done in 726.5s, 478.8s to go
on time step 2411 (time=30.1375), 0.299554 s/step
Meep progress: 30.2875/50.0 = 60.6% done in 730.5s, 475.5s to go
on time step 2423 (time=30.2875), 0.337261 s/step
Meep progress: 30.462500000000002/50.0 = 60.9% done in 734.7s, 471.2s to go
on time step 2437 (time=30.4625), 0.296364 s/step
Meep progress: 30.625/50.0 = 61.2% done in 738.8s, 467.4s to go
on time step 2450 (time=30.625), 0.31675 s/step
Meep progress: 30.8/50.0 = 61.6% done in 743.0s, 463.2s to go
on time step 2464 (time=30.8), 0.302663 s/step
Meep progress: 30.975/50.0 = 62.0% done in 747.3s, 459.0s to go
on time step 2478 (time=30.975), 0.302208 s/step
Meep progress: 31.150000000000002/50.0 = 62.3% done in 751.5s, 454.7s to go
on time step 2492 (time=31.15), 0.298613 s/step
Meep progress: 31.325000000000003/50.0 = 62.6% done in 755.7s, 450.5s to go
on time step 2506 (time=31.325), 0.306367 s/step
Meep progress: 31.475/50.0 = 63.0% done in 759.9s, 447.2s to go
on time step 2518 (time=31.475), 0.345689 s/step
Meep progress: 31.650000000000002/50.0 = 63.3% done in 764.1s, 443.0s to go
on time step 2532 (time=31.65), 0.30305 s/step
Meep progress: 31.8/50.0 = 63.6% done in 768.3s, 439.7s to go
on time step 2544 (time=31.8), 0.345724 s/step
Meep progress: 31.975/50.0 = 64.0% done in 772.5s, 435.5s to go
on time step 2558 (time=31.975), 0.302285 s/step
Meep progress: 32.15/50.0 = 64.3% done in 776.8s, 431.3s to go
on time step 2572 (time=32.15), 0.30627 s/step
Meep progress: 32.325/50.0 = 64.6% done in 781.0s, 427.0s to go
on time step 2586 (time=32.325), 0.299486 s/step
Meep progress: 32.5/50.0 = 65.0% done in 785.0s, 422.7s to go
on time step 2600 (time=32.5), 0.288587 s/step
Meep progress: 32.675000000000004/50.0 = 65.4% done in 789.2s, 418.4s to go
on time step 2614 (time=32.675), 0.295905 s/step
Meep progress: 32.85/50.0 = 65.7% done in 793.4s, 414.2s to go
on time step 2628 (time=32.85), 0.299186 s/step
Meep progress: 33.025/50.0 = 66.0% done in 797.7s, 410.0s to go
on time step 2642 (time=33.025), 0.307106 s/step
Meep progress: 33.1875/50.0 = 66.4% done in 801.7s, 406.1s to go
on time step 2655 (time=33.1875), 0.31194 s/step
Meep progress: 33.35/50.0 = 66.7% done in 806.0s, 402.4s to go
on time step 2668 (time=33.35), 0.32677 s/step
Meep progress: 33.525/50.0 = 67.0% done in 810.2s, 398.2s to go
on time step 2682 (time=33.525), 0.304039 s/step
Meep progress: 33.7/50.0 = 67.4% done in 814.3s, 393.9s to go
on time step 2696 (time=33.7), 0.294291 s/step
Meep progress: 33.8875/50.0 = 67.8% done in 818.4s, 389.1s to go
on time step 2711 (time=33.8875), 0.267243 s/step
Meep progress: 34.0375/50.0 = 68.1% done in 822.7s, 385.8s to go
on time step 2723 (time=34.0375), 0.358725 s/step
Meep progress: 34.2125/50.0 = 68.4% done in 826.8s, 381.5s to go
on time step 2737 (time=34.2125), 0.298647 s/step
Meep progress: 34.375/50.0 = 68.8% done in 830.9s, 377.7s to go
on time step 2750 (time=34.375), 0.310395 s/step
Meep progress: 34.525/50.0 = 69.0% done in 834.9s, 374.2s to go
on time step 2762 (time=34.525), 0.339208 s/step
Meep progress: 34.6875/50.0 = 69.4% done in 839.1s, 370.4s to go
on time step 2775 (time=34.6875), 0.321306 s/step
Meep progress: 34.85/50.0 = 69.7% done in 843.4s, 366.6s to go
on time step 2788 (time=34.85), 0.329887 s/step
Meep progress: 35.025/50.0 = 70.0% done in 847.6s, 362.4s to go
on time step 2802 (time=35.025), 0.296101 s/step
Meep progress: 35.1875/50.0 = 70.4% done in 851.7s, 358.5s to go
on time step 2815 (time=35.1875), 0.318366 s/step
Meep progress: 35.35/50.0 = 70.7% done in 855.8s, 354.7s to go
on time step 2828 (time=35.35), 0.31782 s/step
Meep progress: 35.5125/50.0 = 71.0% done in 859.9s, 350.8s to go
on time step 2841 (time=35.5125), 0.312652 s/step
Meep progress: 35.6875/50.0 = 71.4% done in 864.1s, 346.5s to go
on time step 2855 (time=35.6875), 0.300889 s/step
Meep progress: 35.862500000000004/50.0 = 71.7% done in 868.3s, 342.3s to go
on time step 2869 (time=35.8625), 0.302536 s/step
Meep progress: 36.0375/50.0 = 72.1% done in 872.6s, 338.1s to go
on time step 2883 (time=36.0375), 0.302307 s/step
Meep progress: 36.2125/50.0 = 72.4% done in 876.8s, 333.8s to go
on time step 2897 (time=36.2125), 0.299415 s/step
Meep progress: 36.4125/50.0 = 72.8% done in 881.0s, 328.8s to go
on time step 2913 (time=36.4125), 0.265514 s/step
Meep progress: 36.612500000000004/50.0 = 73.2% done in 885.2s, 323.7s to go
on time step 2929 (time=36.6125), 0.260246 s/step
Meep progress: 36.8125/50.0 = 73.6% done in 889.3s, 318.6s to go
on time step 2945 (time=36.8125), 0.260433 s/step
Meep progress: 37.0125/50.0 = 74.0% done in 893.5s, 313.5s to go
on time step 2961 (time=37.0125), 0.26217 s/step
Meep progress: 37.2/50.0 = 74.4% done in 897.6s, 308.9s to go
on time step 2976 (time=37.2), 0.271914 s/step
Meep progress: 37.375/50.0 = 74.8% done in 901.7s, 304.6s to go
on time step 2990 (time=37.375), 0.293311 s/step
Meep progress: 37.525/50.0 = 75.0% done in 905.8s, 301.1s to go
on time step 3002 (time=37.525), 0.336301 s/step
Meep progress: 37.725/50.0 = 75.4% done in 910.0s, 296.1s to go
on time step 3018 (time=37.725), 0.266203 s/step
Meep progress: 37.8875/50.0 = 75.8% done in 914.2s, 292.3s to go
on time step 3031 (time=37.8875), 0.322022 s/step
Meep progress: 38.0625/50.0 = 76.1% done in 918.5s, 288.1s to go
on time step 3045 (time=38.0625), 0.307007 s/step
Meep progress: 38.237500000000004/50.0 = 76.5% done in 922.7s, 283.9s to go
on time step 3059 (time=38.2375), 0.302861 s/step
Meep progress: 38.4125/50.0 = 76.8% done in 926.9s, 279.6s to go
on time step 3073 (time=38.4125), 0.300189 s/step
Meep progress: 38.587500000000006/50.0 = 77.2% done in 931.2s, 275.4s to go
on time step 3087 (time=38.5875), 0.301528 s/step
Meep progress: 38.7625/50.0 = 77.5% done in 935.4s, 271.2s to go
on time step 3101 (time=38.7625), 0.299579 s/step
Meep progress: 38.95/50.0 = 77.9% done in 939.6s, 266.6s to go
on time step 3116 (time=38.95), 0.285917 s/step
Meep progress: 39.1/50.0 = 78.2% done in 943.8s, 263.1s to go
on time step 3128 (time=39.1), 0.345355 s/step
Meep progress: 39.2625/50.0 = 78.5% done in 947.9s, 259.2s to go
on time step 3141 (time=39.2625), 0.318215 s/step
Meep progress: 39.462500000000006/50.0 = 78.9% done in 952.1s, 254.2s to go
on time step 3157 (time=39.4625), 0.257756 s/step
Meep progress: 39.612500000000004/50.0 = 79.2% done in 956.1s, 250.7s to go
on time step 3169 (time=39.6125), 0.338631 s/step
Meep progress: 39.7625/50.0 = 79.5% done in 960.2s, 247.2s to go
on time step 3181 (time=39.7625), 0.338503 s/step
Meep progress: 39.925000000000004/50.0 = 79.9% done in 964.3s, 243.3s to go
on time step 3194 (time=39.925), 0.315503 s/step
Meep progress: 40.087500000000006/50.0 = 80.2% done in 968.6s, 239.5s to go
on time step 3207 (time=40.0875), 0.331026 s/step
Meep progress: 40.25/50.0 = 80.5% done in 972.8s, 235.6s to go
on time step 3220 (time=40.25), 0.322398 s/step
Meep progress: 40.425000000000004/50.0 = 80.9% done in 976.9s, 231.4s to go
on time step 3234 (time=40.425), 0.293313 s/step
Meep progress: 40.5625/50.0 = 81.1% done in 981.0s, 228.3s to go
on time step 3245 (time=40.5625), 0.378761 s/step
Meep progress: 40.737500000000004/50.0 = 81.5% done in 985.4s, 224.0s to go
on time step 3259 (time=40.7375), 0.307705 s/step
Meep progress: 40.8875/50.0 = 81.8% done in 989.5s, 220.5s to go
on time step 3271 (time=40.8875), 0.347094 s/step
Meep progress: 41.0375/50.0 = 82.1% done in 993.6s, 217.0s to go
on time step 3283 (time=41.0375), 0.340509 s/step
Meep progress: 41.2/50.0 = 82.4% done in 997.9s, 213.1s to go
on time step 3296 (time=41.2), 0.327952 s/step
Meep progress: 41.35/50.0 = 82.7% done in 1002.0s, 209.6s to go
on time step 3308 (time=41.35), 0.342618 s/step
Meep progress: 41.525000000000006/50.0 = 83.1% done in 1006.0s, 205.3s to go
on time step 3322 (time=41.525), 0.286621 s/step
Meep progress: 41.6875/50.0 = 83.4% done in 1010.2s, 201.4s to go
on time step 3335 (time=41.6875), 0.319899 s/step
Meep progress: 41.85/50.0 = 83.7% done in 1014.3s, 197.5s to go
on time step 3348 (time=41.85), 0.319496 s/step
Meep progress: 42.025000000000006/50.0 = 84.1% done in 1018.3s, 193.2s to go
on time step 3362 (time=42.025), 0.287732 s/step
Meep progress: 42.225/50.0 = 84.4% done in 1022.5s, 188.3s to go
on time step 3378 (time=42.225), 0.25986 s/step
Meep progress: 42.425000000000004/50.0 = 84.9% done in 1026.7s, 183.3s to go
on time step 3394 (time=42.425), 0.263531 s/step
Meep progress: 42.625/50.0 = 85.2% done in 1030.9s, 178.4s to go
on time step 3410 (time=42.625), 0.258897 s/step
Meep progress: 42.825/50.0 = 85.6% done in 1035.1s, 173.4s to go
on time step 3426 (time=42.825), 0.262485 s/step
Meep progress: 43.0125/50.0 = 86.0% done in 1039.2s, 168.8s to go
on time step 3441 (time=43.0125), 0.276869 s/step
Meep progress: 43.212500000000006/50.0 = 86.4% done in 1043.4s, 163.9s to go
on time step 3457 (time=43.2125), 0.261231 s/step
Meep progress: 43.4125/50.0 = 86.8% done in 1047.6s, 159.0s to go
on time step 3473 (time=43.4125), 0.262571 s/step
Meep progress: 43.575/50.0 = 87.2% done in 1051.8s, 155.1s to go
on time step 3486 (time=43.575), 0.320507 s/step
Meep progress: 43.75/50.0 = 87.5% done in 1055.9s, 150.8s to go
on time step 3500 (time=43.75), 0.297854 s/step
Meep progress: 43.925000000000004/50.0 = 87.9% done in 1060.2s, 146.6s to go
on time step 3514 (time=43.925), 0.306809 s/step
Meep progress: 44.1/50.0 = 88.2% done in 1064.4s, 142.4s to go
on time step 3528 (time=44.1), 0.299453 s/step
Meep progress: 44.275000000000006/50.0 = 88.6% done in 1068.6s, 138.2s to go
on time step 3542 (time=44.275), 0.30064 s/step
Meep progress: 44.45/50.0 = 88.9% done in 1072.8s, 133.9s to go
on time step 3556 (time=44.45), 0.298908 s/step
Meep progress: 44.612500000000004/50.0 = 89.2% done in 1077.0s, 130.1s to go
on time step 3569 (time=44.6125), 0.322773 s/step
Meep progress: 44.800000000000004/50.0 = 89.6% done in 1081.1s, 125.5s to go
on time step 3584 (time=44.8), 0.273527 s/step
Meep progress: 45.0/50.0 = 90.0% done in 1085.3s, 120.6s to go
on time step 3600 (time=45), 0.260094 s/step
Meep progress: 45.2/50.0 = 90.4% done in 1089.4s, 115.7s to go
on time step 3616 (time=45.2), 0.260404 s/step
Meep progress: 45.362500000000004/50.0 = 90.7% done in 1093.6s, 111.8s to go
on time step 3629 (time=45.3625), 0.317787 s/step
Meep progress: 45.5375/50.0 = 91.1% done in 1097.9s, 107.6s to go
on time step 3643 (time=45.5375), 0.306765 s/step
Meep progress: 45.712500000000006/50.0 = 91.4% done in 1102.1s, 103.4s to go
on time step 3657 (time=45.7125), 0.303704 s/step
Meep progress: 45.8875/50.0 = 91.8% done in 1106.3s, 99.1s to go
on time step 3671 (time=45.8875), 0.296699 s/step
Meep progress: 46.0625/50.0 = 92.1% done in 1110.5s, 94.9s to go
on time step 3685 (time=46.0625), 0.306113 s/step
Meep progress: 46.225/50.0 = 92.4% done in 1114.8s, 91.0s to go
on time step 3698 (time=46.225), 0.330439 s/step
Meep progress: 46.3875/50.0 = 92.8% done in 1119.1s, 87.2s to go
on time step 3711 (time=46.3875), 0.327149 s/step
Meep progress: 46.575/50.0 = 93.2% done in 1123.3s, 82.6s to go
on time step 3726 (time=46.575), 0.281552 s/step
Meep progress: 46.725/50.0 = 93.4% done in 1127.5s, 79.0s to go
on time step 3738 (time=46.725), 0.346529 s/step
Meep progress: 46.900000000000006/50.0 = 93.8% done in 1131.8s, 74.8s to go
on time step 3752 (time=46.9), 0.30625 s/step
Meep progress: 47.075/50.0 = 94.2% done in 1136.0s, 70.6s to go
on time step 3766 (time=47.075), 0.299868 s/step
Meep progress: 47.237500000000004/50.0 = 94.5% done in 1140.2s, 66.7s to go
on time step 3779 (time=47.2375), 0.322911 s/step
Meep progress: 47.425000000000004/50.0 = 94.9% done in 1144.2s, 62.1s to go
on time step 3794 (time=47.425), 0.266678 s/step
Meep progress: 47.612500000000004/50.0 = 95.2% done in 1148.4s, 57.6s to go
on time step 3809 (time=47.6125), 0.283344 s/step
Meep progress: 47.7875/50.0 = 95.6% done in 1152.6s, 53.4s to go
on time step 3823 (time=47.7875), 0.299807 s/step
Meep progress: 47.9375/50.0 = 95.9% done in 1156.8s, 49.8s to go
on time step 3835 (time=47.9375), 0.351967 s/step
Meep progress: 48.112500000000004/50.0 = 96.2% done in 1161.1s, 45.6s to go
on time step 3849 (time=48.1125), 0.307979 s/step
Meep progress: 48.2875/50.0 = 96.6% done in 1165.3s, 41.3s to go
on time step 3863 (time=48.2875), 0.295721 s/step
Meep progress: 48.475/50.0 = 97.0% done in 1169.4s, 36.8s to go
on time step 3878 (time=48.475), 0.271838 s/step
Meep progress: 48.650000000000006/50.0 = 97.3% done in 1173.5s, 32.6s to go
on time step 3892 (time=48.65), 0.294857 s/step
Meep progress: 48.8125/50.0 = 97.6% done in 1177.8s, 28.7s to go
on time step 3905 (time=48.8125), 0.332542 s/step
Meep progress: 48.975/50.0 = 98.0% done in 1181.9s, 24.7s to go
on time step 3918 (time=48.975), 0.312125 s/step
Meep progress: 49.175000000000004/50.0 = 98.4% done in 1186.1s, 19.9s to go
on time step 3934 (time=49.175), 0.265088 s/step
Meep progress: 49.362500000000004/50.0 = 98.7% done in 1190.4s, 15.4s to go
on time step 3949 (time=49.3625), 0.28569 s/step
Meep progress: 49.550000000000004/50.0 = 99.1% done in 1194.7s, 10.9s to go
on time step 3964 (time=49.55), 0.287332 s/step
Meep progress: 49.737500000000004/50.0 = 99.5% done in 1198.9s, 6.3s to go
on time step 3979 (time=49.7375), 0.280431 s/step
Meep progress: 49.925000000000004/50.0 = 99.9% done in 1203.1s, 1.8s to go
on time step 3994 (time=49.925), 0.279266 s/step
run 0 finished at t = 50.0 (4000 timesteps)
flux1:, 0.5, 1.0764893773202234e-6, -8.146482924919939e-7
flux1:, 0.5066889632107023, 1.3439192577122927e-6, -9.29376253086577e-7
flux1:, 0.5133779264214047, 1.3111428489087637e-6, -1.1464543460858632e-6
flux1:, 0.520066889632107, 1.6149527480510794e-6, -1.1760246760480335e-6
flux1:, 0.5267558528428093, 2.0993186200631333e-6, -1.1890891946604241e-6
flux1:, 0.5334448160535117, 2.0548771719924083e-6, -1.499878423425339e-6
flux1:, 0.540133779264214, 2.327236454382948e-6, -1.687436363751259e-6
flux1:, 0.5468227424749164, 3.2840169411237826e-6, -1.564804235290738e-6
flux1:, 0.5535117056856187, 3.4785378286750215e-6, -1.7510580324158204e-6
flux1:, 0.560200668896321, 3.130296874150656e-6, -2.285201747555837e-6
flux1:, 0.5668896321070234, 3.7353991611255164e-6, -2.7128897771955612e-6
flux1:, 0.5735785953177257, 4.430328450276406e-6, -3.292988282046106e-6
flux1:, 0.580267558528428, 4.5353275958439055e-6, -4.076833485639087e-6
flux1:, 0.5869565217391304, 5.5328281163060615e-6, -4.532016362894734e-6
flux1:, 0.5936454849498327, 6.8597088154985865e-6, -5.024304950062879e-6
flux1:, 0.600334448160535, 7.027748447753712e-6, -5.983452962190347e-6
flux1:, 0.6070234113712374, 7.87739921241621e-6, -6.68583846827176e-6
flux1:, 0.6137123745819397, 1.0090614740887887e-5, -7.218988024574094e-6
flux1:, 0.6204013377926421, 1.120479597386844e-5, -8.43303416219171e-6
flux1:, 0.6270903010033444, 1.213856462303647e-5, -9.6068415093992e-6
flux1:, 0.6337792642140467, 1.5009389710056826e-5, -1.0393443069646393e-5
flux1:, 0.6404682274247491, 1.7408959278635174e-5, -1.2052600481676633e-5
flux1:, 0.6471571906354514, 1.9034137154833976e-5, -1.3728805976661796e-5
flux1:, 0.6538461538461537, 2.2966129786961966e-5, -1.4048988408588258e-5
flux1:, 0.6605351170568561, 2.634127225457041e-5, -1.5723508085119525e-5
flux1:, 0.6672240802675584, 2.6354639894685618e-5, -2.0201650719183278e-5
flux1:, 0.6739130434782608, 2.9048194476635266e-5, -2.381930955587706e-5
flux1:, 0.6806020066889631, 3.609548569052004e-5, -2.6053145382604023e-5
flux1:, 0.6872909698996654, 4.04314294465471e-5, -3.045368384435134e-5
flux1:, 0.6939799331103678, 4.2926525304894535e-5, -3.582140806127576e-5
flux1:, 0.7006688963210701, 4.9345274016265925e-5, -3.959901452082625e-5
flux1:, 0.7073578595317724, 5.6494984183519923e-5, -4.413622605898288e-5
flux1:, 0.7140468227424748, 6.266197453154216e-5, -5.010632076838157e-5
flux1:, 0.7207357859531771, 7.180485929198204e-5, -5.637953643549487e-5
flux1:, 0.7274247491638794, 7.954473037400613e-5, -6.609638336638804e-5
flux1:, 0.7341137123745818, 8.352864295323422e-5, -7.789977334234157e-5
flux1:, 0.7408026755852841, 9.506555914104615e-5, -8.510559100593036e-5
flux1:, 0.7474916387959865, 1.1446155275389932e-4, -9.285537318984955e-5
flux1:, 0.7541806020066888, 1.2790117845352556e-4, -1.0915355810462757e-4
flux1:, 0.7608695652173911, 1.4010549992011755e-4, -1.2399221625517654e-4
flux1:, 0.7675585284280935, 1.6367541804527264e-4, -1.310515071491887e-4
flux1:, 0.7742474916387958, 1.853446461703437e-4, -1.4542252674029605e-4
flux1:, 0.7809364548494981, 1.8968923332191893e-4, -1.7090367225236033e-4
flux1:, 0.7876254180602005, 1.9150076632722937e-4, -1.9262003858183012e-4
flux1:, 0.7943143812709028, 2.1263454665367495e-4, -2.1232377891243986e-4
flux1:, 0.8010033444816052, 2.5511329104244493e-4, -2.3796208123039666e-4
flux1:, 0.8076923076923075, 3.0697032017391987e-4, -2.5606973954043127e-4
flux1:, 0.8143812709030098, 3.5716963170668225e-4, -2.6350964148518836e-4
flux1:, 0.8210702341137122, 4.07720395011272e-4, -2.8210970753594634e-4
flux1:, 0.8277591973244145, 4.6004568210563534e-4, -3.1744581094840486e-4
flux1:, 0.8344481605351168, 4.8748087916737984e-4, -3.6544752103373826e-4
flux1:, 0.8411371237458192, 4.678520214275105e-4, -4.4187220618684765e-4
flux1:, 0.8478260869565215, 4.376295830575119e-4, -5.368653760625742e-4
flux1:, 0.8545150501672238, 4.531739412035809e-4, -6.027664452080398e-4
flux1:, 0.8612040133779262, 5.182608865479163e-4, -6.441056945254875e-4
flux1:, 0.8678929765886285, 5.930262687033472e-4, -7.231779439663317e-4
flux1:, 0.8745819397993309, 6.439509430880554e-4, -8.445880428991009e-4
flux1:, 0.8812709030100332, 6.772055228067049e-4, -9.499518645630429e-4
flux1:, 0.8879598662207355, 7.315032085900917e-4, -0.0010383527534786933
flux1:, 0.8946488294314379, 8.087045341376749e-4, -0.0011750586301686049
flux1:, 0.9013377926421402, 8.723482575969868e-4, -0.0013632131045985788
flux1:, 0.9080267558528425, 9.599904240717548e-4, -0.0015084734085961244
flux1:, 0.9147157190635449, 0.0011270711750878085, -0.0015721057028479752
flux1:, 0.9214046822742472, 0.0012641033115122085, -0.0016780509346700858
flux1:, 0.9280936454849495, 0.0012551749305706804, -0.0019338322531631696
flux1:, 0.9347826086956519, 0.0012446783498677534, -0.0022244277978631074
flux1:, 0.9414715719063542, 0.0013850009331888426, -0.0023975026314570357
flux1:, 0.9481605351170566, 0.0015356005629856774, -0.002529362395857408
flux1:, 0.9548494983277589, 0.0015831357208692188, -0.002733439002505104
flux1:, 0.9615384615384612, 0.0016926225215133503, -0.0029297414290375165
flux1:, 0.9682274247491636, 0.0019402809988986144, -0.0030982979002166506
flux1:, 0.9749163879598659, 0.002154175002267674, -0.0034153989260847974
flux1:, 0.9816053511705682, 0.0022667823258484725, -0.0039038269660247402
flux1:, 0.9882943143812706, 0.002374099183439081, -0.004386407301907455
flux1:, 0.9949832775919729, 0.0024851449587633355, -0.004843972960271267
flux1:, 1.0016722408026753, 0.0025638745795381196, -0.00533729453349168
flux1:, 1.0083612040133776, 0.0026477897737970314, -0.005771404715091667
flux1:, 1.01505016722408, 0.002770530042426567, -0.006165678549473796
flux1:, 1.0217391304347823, 0.002974510825139268, -0.006703223949534841
flux1:, 1.0284280936454846, 0.0033168560792683193, -0.007295271193373525
flux1:, 1.035117056856187, 0.0037065858933471012, -0.007751920959377541
flux1:, 1.0418060200668893, 0.003996569522870169, -0.008241639879759767
flux1:, 1.0484949832775916, 0.004272118918639424, -0.008854979726011614
flux1:, 1.055183946488294, 0.004727802352009821, -0.009305871166143622
flux1:, 1.0618729096989963, 0.005349819745362766, -0.009669196167783854
flux1:, 1.0685618729096986, 0.005979234673635269, -0.010376719660339926
flux1:, 1.075250836120401, 0.006548479320283879, -0.011216982881062067
flux1:, 1.0819397993311033, 0.007147966231450176, -0.011703096386850268
flux1:, 1.0886287625418056, 0.007942723489894485, -0.012164877516947174
flux1:, 1.095317725752508, 0.008972714360932908, -0.012970178812292872
flux1:, 1.1020066889632103, 0.01008140475677137, -0.01353622095525838
flux1:, 1.1086956521739126, 0.011141520601104633, -0.013560667141719067
flux1:, 1.115384615384615, 0.012138696600412259, -0.013905784115236146
flux1:, 1.1220735785953173, 0.012998064910471025, -0.015128884152390987
flux1:, 1.1287625418060196, 0.013650790487929188, -0.01662525616327969
flux1:, 1.135451505016722, 0.014220139296691619, -0.017801026603048435
flux1:, 1.1421404682274243, 0.014926073156627572, -0.018714697184833245
flux1:, 1.1488294314381267, 0.015927944064307337, -0.019559733684439702
flux1:, 1.155518394648829, 0.017181919486979114, -0.020504206576315964
flux1:, 1.1622073578595313, 0.0183757478226712, -0.021668749953523938
flux1:, 1.1688963210702337, 0.019382445724928192, -0.022921959140713776
flux1:, 1.175585284280936, 0.020525578925086753, -0.024181590310695306
flux1:, 1.1822742474916383, 0.02187420656427512, -0.025546744196620823
flux1:, 1.1889632107023407, 0.023181818049689523, -0.02676913024997579
flux1:, 1.195652173913043, 0.02490630268692629, -0.02740099087888153
flux1:, 1.2023411371237454, 0.02757113066508578, -0.02747900515633262
flux1:, 1.2090301003344477, 0.030230953570589487, -0.027331485094529002
flux1:, 1.21571906354515, 0.031933194853861105, -0.027277477218264283
flux1:, 1.2224080267558524, 0.03365590839666014, -0.027788137380462985
flux1:, 1.2290969899665547, 0.036164394119423106, -0.02889017745653752
flux1:, 1.235785953177257, 0.03821545687201794, -0.02984644731582094
flux1:, 1.2424749163879594, 0.03941157857889968, -0.030521357003487994
flux1:, 1.2491638795986617, 0.04155891363901672, -0.03170332404434754
flux1:, 1.255852842809364, 0.04525311849949273, -0.033343649522305695
flux1:, 1.2625418060200664, 0.04875293673362544, -0.03466182679893888
flux1:, 1.2692307692307687, 0.05104423264569561, -0.03612832075798908
flux1:, 1.275919732441471, 0.05264655098535318, -0.038791200341845605
flux1:, 1.2826086956521734, 0.05387640505958238, -0.042140709095901244
flux1:, 1.2892976588628757, 0.05494886173601375, -0.044924538433620646
flux1:, 1.295986622073578, 0.056478711804918695, -0.04712432702631246
flux1:, 1.3026755852842804, 0.05849516871105666, -0.049590286810840656
flux1:, 1.3093645484949827, 0.06046572430527197, -0.05267871048692769
flux1:, 1.316053511705685, 0.06217752219045204, -0.0559369177582383
flux1:, 1.3227424749163874, 0.06342327681387029, -0.058825797097048826
flux1:, 1.3294314381270897, 0.06416688228696107, -0.06160006749502425
flux1:, 1.336120401337792, 0.06547998375510926, -0.06447397824262353
flux1:, 1.3428093645484944, 0.06833217804638068, -0.06613542056725803
flux1:, 1.3494983277591968, 0.07182558808160418, -0.06581536497628743
flux1:, 1.356187290969899, 0.07456043532166808, -0.06606361594577205
flux1:, 1.3628762541806014, 0.0766770066794342, -0.06938137830355451
flux1:, 1.3695652173913038, 0.07904738789673944, -0.07386810403341802
flux1:, 1.376254180602006, 0.08173685709247545, -0.07664722125416386
flux1:, 1.3829431438127084, 0.08420867373295421, -0.07845490857764019
flux1:, 1.3896321070234108, 0.08612892656010461, -0.0809959784542804
flux1:, 1.3963210702341131, 0.08756715387398649, -0.08384778425729676
flux1:, 1.4030100334448155, 0.0887905156713421, -0.08616386033712257
flux1:, 1.4096989966555178, 0.09016187862054678, -0.08743272818479768
flux1:, 1.4163879598662201, 0.09234393437909218, -0.08701480285528125
flux1:, 1.4230769230769225, 0.0958350815122937, -0.08604408307750223
flux1:, 1.4297658862876248, 0.09978137333712118, -0.08675434804057339
flux1:, 1.4364548494983271, 0.10261347967433732, -0.0885482275095362
flux1:, 1.4431438127090295, 0.1043439599853738, -0.08940599011221005
flux1:, 1.4498327759197318, 0.10623544126248993, -0.09021288967911628
flux1:, 1.4565217391304341, 0.1081977217646909, -0.0926372350835339
flux1:, 1.4632107023411365, 0.10925206604542245, -0.09569737876962225
flux1:, 1.4698996655518388, 0.11019532825898039, -0.09815310254588526
flux1:, 1.4765886287625412, 0.11247752303654246, -0.10019755575810972
flux1:, 1.4832775919732435, 0.11476329286775336, -0.10185264599639217
flux1:, 1.4899665551839458, 0.11426199542586872, -0.1037674860860455
flux1:, 1.4966555183946482, 0.11164129257253459, -0.10717451669338517
flux1:, 1.5033444816053505, 0.11074439677796974, -0.11032867161784399
flux1:, 1.5100334448160528, 0.11258071822557551, -0.11045429397327021
flux1:, 1.5167224080267552, 0.11399533431936515, -0.1095874542870192
flux1:, 1.5234113712374575, 0.11377076352453346, -0.11122773011028278
flux1:, 1.5301003344481598, 0.11453312599765517, -0.11369489637470431
flux1:, 1.5367892976588622, 0.11662547822190382, -0.1141323238889732
flux1:, 1.5434782608695645, 0.11694091206501521, -0.1137704998610654
flux1:, 1.5501672240802669, 0.1157600995387018, -0.11336512392695547
flux1:, 1.5568561872909692, 0.11664972190783653, -0.1109744881990077
flux1:, 1.5635451505016715, 0.118507670941282, -0.10797456850702158
flux1:, 1.5702341137123739, 0.11672517553682676, -0.1090254238213791
flux1:, 1.5769230769230762, 0.11195224993509538, -0.11473338946195774
flux1:, 1.5836120401337785, 0.10862787975828811, -0.12135338215545642
flux1:, 1.5903010033444809, 0.10681196997440562, -0.12629066909469364
flux1:, 1.5969899665551832, 0.10382046518048031, -0.1287689673250882
flux1:, 1.6036789297658856, 0.1005014286379991, -0.1286634346693112
flux1:, 1.610367892976588, 0.09895958657302631, -0.12787583064715566
flux1:, 1.6170568561872902, 0.09810926484468206, -0.12868431786958284
flux1:, 1.6237458193979926, 0.09624264183319087, -0.12998583515006734
flux1:, 1.630434782608695, 0.09397313427551211, -0.12942790537630516
flux1:, 1.6371237458193972, 0.09207869919976047, -0.12797870448203144
flux1:, 1.6438127090300996, 0.08997001612263036, -0.12804545334586742
flux1:, 1.650501672240802, 0.08733259815074518, -0.12896518567296308
flux1:, 1.6571906354515042, 0.08472697194492217, -0.12840851202504486
flux1:, 1.6638795986622066, 0.08227278527011174, -0.12683876613378522
flux1:, 1.670568561872909, 0.07922526280330044, -0.12704365862091968
flux1:, 1.6772575250836113, 0.07511886055114472, -0.12954329139998355
flux1:, 1.6839464882943136, 0.07067399952120862, -0.13148039500872444
flux1:, 1.690635451505016, 0.06691083175145175, -0.13093697618400635
flux1:, 1.6973244147157183, 0.06367111615493388, -0.1295460951962019
flux1:, 1.7040133779264206, 0.060160410355358185, -0.1290767034702535
flux1:, 1.710702341137123, 0.05653707832275979, -0.12852090637300959
flux1:, 1.7173913043478253, 0.05353716119739603, -0.1268924541741869
flux1:, 1.7240802675585276, 0.05119553295455423, -0.12536707055518578
flux1:, 1.73076923076923, 0.049078937054605774, -0.12433257485887181
flux1:, 1.7374581939799323, 0.046816558904480256, -0.12233800386259398
flux1:, 1.7441471571906346, 0.04403724790264213, -0.1195745403389847
flux1:, 1.750836120401337, 0.040937449553961204, -0.11796650880098722
flux1:, 1.7575250836120393, 0.03833476881210531, -0.11742700852134379
flux1:, 1.7642140468227416, 0.03614982658683265, -0.11654050190841575
flux1:, 1.770903010033444, 0.03331092630805059, -0.1157518949592843
flux1:, 1.7775919732441463, 0.02981725256424598, -0.11564890420378227
flux1:, 1.7842809364548486, 0.026914888796097786, -0.11475593249707552
flux1:, 1.790969899665551, 0.025036678865429672, -0.11235915073230218
flux1:, 1.7976588628762533, 0.023464629440766285, -0.1098695433587696
flux1:, 1.8043478260869557, 0.02167785948618048, -0.10777292033502771
flux1:, 1.811036789297658, 0.019610979008932612, -0.10537594853416268
flux1:, 1.8177257525083603, 0.017333948789424097, -0.10307644580832488
flux1:, 1.8244147157190627, 0.015246357843207433, -0.10093900653752257
flux1:, 1.831103678929765, 0.013749441838241927, -0.09757132880607734
flux1:, 1.8377926421404673, 0.012649875634675446, -0.09331024321988221
flux1:, 1.8444816053511697, 0.011570007953298954, -0.0903088428022045
flux1:, 1.851170568561872, 0.010530107924563327, -0.08824265352561696
flux1:, 1.8578595317725743, 0.009754854511604516, -0.08503869680147146
flux1:, 1.8645484949832767, 0.009439699061161374, -0.08114748807122651
flux1:, 1.871237458193979, 0.009603705264003691, -0.07804314704270746
flux1:, 1.8779264214046814, 0.009773240865334432, -0.07490781823286968
flux1:, 1.8846153846153837, 0.009414170282221315, -0.07082934963727874
flux1:, 1.891304347826086, 0.008856433383040348, -0.06680742793609387
flux1:, 1.8979933110367884, 0.008857533319989888, -0.06332411443536332
flux1:, 1.9046822742474907, 0.009318398874897656, -0.05967333381057394
flux1:, 1.911371237458193, 0.009492447659461542, -0.05600912577392373
flux1:, 1.9180602006688954, 0.009203840244829948, -0.05291445144021464
flux1:, 1.9247491638795977, 0.008868842065104307, -0.050212761057485344
flux1:, 1.9314381270903, 0.008707727764187942, -0.047920553986667204
flux1:, 1.9381270903010024, 0.008731927541703452, -0.0460456204015629
flux1:, 1.9448160535117047, 0.009029620634569186, -0.04345159254869696
flux1:, 1.951505016722407, 0.00948300938004173, -0.03962598845540001
flux1:, 1.9581939799331094, 0.009694841320128733, -0.0361137562411827
flux1:, 1.9648829431438117, 0.009540953127017237, -0.033921829277756284
flux1:, 1.971571906354514, 0.009306780466340201, -0.031958831890464744
flux1:, 1.9782608695652164, 0.009144596323511925, -0.029479889985696204
flux1:, 1.9849498327759187, 0.008909310400024448, -0.027266159308944944
flux1:, 1.991638795986621, 0.008556042636814943, -0.025762927397687846
flux1:, 1.9983277591973234, 0.008229458576624632, -0.024437737435923805
flux1:, 2.0050167224080258, 0.007994571373148351, -0.022939794003545705
flux1:, 2.011705685618728, 0.007813379255261963, -0.02139493422830155
flux1:, 2.0183946488294304, 0.007661317051421174, -0.019969586992269167
flux1:, 2.0250836120401328, 0.007479090730658717, -0.018709907411128015
flux1:, 2.031772575250835, 0.0072116889043311524, -0.01742993310902635
flux1:, 2.0384615384615374, 0.006939051768461901, -0.015951732780606184
flux1:, 2.0451505016722398, 0.006736953203261382, -0.014539665791874613
flux1:, 2.051839464882942, 0.006509113041227297, -0.013482045043949684
flux1:, 2.0585284280936444, 0.006185676349210104, -0.012527152301024167
flux1:, 2.065217391304347, 0.005880649008823364, -0.011405876883625078
flux1:, 2.071906354515049, 0.005660254368115093, -0.010356302329444412
flux1:, 2.0785953177257515, 0.005411508357775278, -0.009639139525737455
flux1:, 2.085284280936454, 0.005070391149742412, -0.009133349452907445
flux1:, 2.091973244147156, 0.004732255142537498, -0.008612346681267851
flux1:, 2.0986622073578585, 0.004474613559572065, -0.007984667490971972
flux1:, 2.105351170568561, 0.004265947121415652, -0.007308783359013078
flux1:, 2.112040133779263, 0.004053973813949714, -0.0067349081145907375
flux1:, 2.1187290969899655, 0.0038177960120729343, -0.006292712438608974
flux1:, 2.125418060200668, 0.0035568975807037362, -0.005854215778804882
flux1:, 2.13210702341137, 0.0032906248279886167, -0.005389449700611209
flux1:, 2.1387959866220725, 0.0030493239242363273, -0.004955583055214689
flux1:, 2.145484949832775, 0.002852861175151912, -0.004499607108270004
flux1:, 2.152173913043477, 0.002695391178033322, -0.004009491793258648
flux1:, 2.1588628762541795, 0.002541838820740386, -0.0036281037340104485
flux1:, 2.165551839464882, 0.0023642679550852524, -0.0033773818898634625
flux1:, 2.172240802675584, 0.0021840044780272933, -0.0031133102301406966
flux1:, 2.1789297658862865, 0.0020346228629860258, -0.0028261117938879125
flux1:, 2.185618729096989, 0.0019028480091461885, -0.0026148242725095314
flux1:, 2.192307692307691, 0.0017586060010632205, -0.002443461149075345
flux1:, 2.1989966555183935, 0.0016074058579336832, -0.0022290884182936507
flux1:, 2.205685618729096, 0.0014680855718843667, -0.002009517275491111
flux1:, 2.212374581939798, 0.0013415682976590654, -0.001839387350366577
flux1:, 2.2190635451505005, 0.0012274348836765067, -0.0016942031281522564
flux1:, 2.225752508361203, 0.0011313510384266727, -0.0015443385948300799
flux1:, 2.232441471571905, 0.0010487742155269955, -0.0013974567054963194
flux1:, 2.2391304347826075, 9.687651499996957e-4, -0.0012703422549496324
flux1:, 2.24581939799331, 8.882281523897767e-4, -0.0011668566841194009
flux1:, 2.252508361204012, 8.101697318297553e-4, -0.0010662750768450236
flux1:, 2.2591973244147145, 7.374796854214525e-4, -9.553423893343747e-4
flux1:, 2.265886287625417, 6.695098686091214e-4, -8.623693242997919e-4
flux1:, 2.272575250836119, 6.01953600192905e-4, -8.022385786771115e-4
flux1:, 2.2792642140468216, 5.362825897746521e-4, -7.401314623029277e-4
flux1:, 2.285953177257524, 4.8157754815136996e-4, -6.628714105497582e-4
flux1:, 2.2926421404682262, 4.382791919951183e-4, -6.006216909632959e-4
flux1:, 2.2993311036789286, 3.9571156496747404e-4, -5.557368447564615e-4
flux1:, 2.306020066889631, 3.517258668497027e-4, -5.034911170807009e-4
flux1:, 2.3127090301003332, 3.154118847368467e-4, -4.4903480117530016e-4
flux1:, 2.3193979933110356, 2.88585043034973e-4, -4.0942818214344994e-4
flux1:, 2.326086956521738, 2.63014517118629e-4, -3.779126013218948e-4
flux1:, 2.3327759197324403, 2.3481775767924816e-4, -3.451646176228822e-4
flux1:, 2.3394648829431426, 2.078578119141185e-4, -3.1285697582907095e-4
flux1:, 2.346153846153845, 1.8504573140492992e-4, -2.8116905022524595e-4
flux1:, 2.3528428093645473, 1.6485738209471874e-4, -2.5193554558328705e-4
flux1:, 2.3595317725752496, 1.457180731724366e-4, -2.2833618107793148e-4
flux1:, 2.366220735785952, 1.290571935305378e-4, -2.0586956201346318e-4
flux1:, 2.3729096989966543, 1.1603828261751234e-4, -1.8323625786825212e-4
flux1:, 2.3795986622073566, 1.041629580498571e-4, -1.6682268205370695e-4
flux1:, 2.386287625418059, 9.111012070714202e-5, -1.5434405036599173e-4
flux1:, 2.3929765886287613, 7.885121496184087e-5, -1.3892961694299006e-4
flux1:, 2.3996655518394636, 6.95348884727433e-5, -1.241061267588336e-4
flux1:, 2.406354515050166, 6.169619490798661e-5, -1.1315969806083002e-4
flux1:, 2.4130434782608683, 5.392370215258718e-5, -1.0163762018282086e-4
flux1:, 2.4197324414715706, 4.6942810130432796e-5, -9.008984983970578e-5
flux1:, 2.426421404682273, 4.077230478198043e-5, -8.211907712011434e-5
flux1:, 2.4331103678929753, 3.488200787692441e-5, -7.421367557923294e-5
flux1:, 2.4397993311036776, 3.0097024542804123e-5, -6.475678011933286e-5
flux1:, 2.44648829431438, 2.6688764805865983e-5, -5.835564641253347e-5
flux1:, 2.4531772575250823, 2.3366853083302932e-5, -5.422393802421002e-5
flux1:, 2.4598662207357846, 1.9808420789991312e-5, -4.814404996752878e-5
flux1:, 2.466555183946487, 1.6849446811864926e-5, -4.228787596568035e-5
flux1:, 2.4732441471571893, 1.4429756863850719e-5, -3.898380349340687e-5
flux1:, 2.4799331103678917, 1.2104004023742195e-5, -3.541535599903072e-5
flux1:, 2.486622073578594, 1.0129105277517106e-5, -3.1009829345198495e-5
flux1:, 2.4933110367892963, 8.596055471580766e-6, -2.790594920314182e-5
flux1:, 2.4999999999999987, 7.242098597300248e-6, -2.5259966602169094e-5

Elapsed run time = 1230.58 s
