--------------------------------------------------------------------------
[[11245,1],0]: A high-performance Open MPI point-to-point messaging module
was unable to find any relevant network interfaces:

Module: OpenFabrics (openib)
  Host: euca-128-84-11-54

Another transport will be used instead, although this may result in
lower performance.
--------------------------------------------------------------------------
Using MPI version 3.0, 2 processes
command-line param: no-struct=false
command-line param: no-holes=false
command-line param: rodpos="rad.2ff.4/rodpos.txt"
-----------
Initializing structure...
Working in 3D dimensions.
Computational cell is 4 x 4 x 5 with resolution 40
     block, center = (0,0,0)
          size (1e+20,1e+20,0.15)
          axes (1,0,0), (0,1,0), (0,0,1)
          dielectric constant epsilon diagonal = (12,12,12)
     cylinder, center = (3.813,0.624,0)
          radius 0.2, height 0.15, axis (0, 0, 1)
          dielectric constant epsilon diagonal = (1,1,1)
     cylinder, center = (1.436,0.222,0)
          radius 0.2, height 0.15, axis (0, 0, 1)
          dielectric constant epsilon diagonal = (1,1,1)
     cylinder, center = (0.789,3.131,0)
          radius 0.2, height 0.15, axis (0, 0, 1)
          dielectric constant epsilon diagonal = (1,1,1)
     cylinder, center = (0.857,3.877,0)
          radius 0.2, height 0.15, axis (0, 0, 1)
          dielectric constant epsilon diagonal = (1,1,1)
     cylinder, center = (2.683,2.187,0)
          radius 0.2, height 0.15, axis (0, 0, 1)
          dielectric constant epsilon diagonal = (1,1,1)
     cylinder, center = (0.269,2.937,0)
          radius 0.2, height 0.15, axis (0, 0, 1)
          dielectric constant epsilon diagonal = (1,1,1)
     cylinder, center = (2.659,3.392,0)
          radius 0.2, height 0.15, axis (0, 0, 1)
          dielectric constant epsilon diagonal = (1,1,1)
     cylinder, center = (3.741,3.553,0)
          radius 0.2, height 0.15, axis (0, 0, 1)
          dielectric constant epsilon diagonal = (1,1,1)
     cylinder, center = (0.009,1.404,0)
          radius 0.2, height 0.15, axis (0, 0, 1)
          dielectric constant epsilon diagonal = (1,1,1)
     cylinder, center = (3.096,1.263,0)
          radius 0.2, height 0.15, axis (0, 0, 1)
          dielectric constant epsilon diagonal = (1,1,1)
     cylinder, center = (1.17,0.585,0)
          radius 0.2, height 0.15, axis (0, 0, 1)
          dielectric constant epsilon diagonal = (1,1,1)
     cylinder, center = (1.706,2.777,0)
          radius 0.2, height 0.15, axis (0, 0, 1)
          dielectric constant epsilon diagonal = (1,1,1)
     cylinder, center = (0.46,1.413,0)
          radius 0.2, height 0.15, axis (0, 0, 1)
          dielectric constant epsilon diagonal = (1,1,1)
     cylinder, center = (2.873,0.766,0)
          radius 0.2, height 0.15, axis (0, 0, 1)
          dielectric constant epsilon diagonal = (1,1,1)
     cylinder, center = (1.836,1.579,0)
          radius 0.2, height 0.15, axis (0, 0, 1)
          dielectric constant epsilon diagonal = (1,1,1)
     cylinder, center = (0.623,0.65,0)
          radius 0.2, height 0.15, axis (0, 0, 1)
          dielectric constant epsilon diagonal = (1,1,1)
     cylinder, center = (3.069,2.815,0)
          radius 0.2, height 0.15, axis (0, 0, 1)
          dielectric constant epsilon diagonal = (1,1,1)
     cylinder, center = (2.268,0.764,0)
          radius 0.2, height 0.15, axis (0, 0, 1)
          dielectric constant epsilon diagonal = (1,1,1)
     cylinder, center = (2.052,1.935,0)
          radius 0.2, height 0.15, axis (0, 0, 1)
          dielectric constant epsilon diagonal = (1,1,1)
     cylinder, center = (3.549,1.353,0)
          radius 0.2, height 0.15, axis (0, 0, 1)
          dielectric constant epsilon diagonal = (1,1,1)
     cylinder, center = (2.532,1.292,0)
          radius 0.2, height 0.15, axis (0, 0, 1)
          dielectric constant epsilon diagonal = (1,1,1)
     cylinder, center = (2.298,0.207,0)
          radius 0.2, height 0.15, axis (0, 0, 1)
          dielectric constant epsilon diagonal = (1,1,1)
     cylinder, center = (0.248,3.629,0)
          radius 0.2, height 0.15, axis (0, 0, 1)
          dielectric constant epsilon diagonal = (1,1,1)
     cylinder, center = (3.877,2.424,0)
          radius 0.2, height 0.15, axis (0, 0, 1)
          dielectric constant epsilon diagonal = (1,1,1)
     cylinder, center = (2.291,2.917,0)
          radius 0.2, height 0.15, axis (0, 0, 1)
          dielectric constant epsilon diagonal = (1,1,1)
     cylinder, center = (1.164,3.336,0)
          radius 0.2, height 0.15, axis (0, 0, 1)
          dielectric constant epsilon diagonal = (1,1,1)
     cylinder, center = (3.2,1.963,0)
          radius 0.2, height 0.15, axis (0, 0, 1)
          dielectric constant epsilon diagonal = (1,1,1)
     cylinder, center = (1.242,1.589,0)
          radius 0.2, height 0.15, axis (0, 0, 1)
          dielectric constant epsilon diagonal = (1,1,1)
     cylinder, center = (0.034,2.002,0)
          radius 0.2, height 0.15, axis (0, 0, 1)
          dielectric constant epsilon diagonal = (1,1,1)
     cylinder, center = (1.104,1.194,0)
          radius 0.2, height 0.15, axis (0, 0, 1)
          dielectric constant epsilon diagonal = (1,1,1)
     cylinder, center = (1.578,3.46,0)
          radius 0.2, height 0.15, axis (0, 0, 1)
          dielectric constant epsilon diagonal = (1,1,1)
     cylinder, center = (0.871,2.64,0)
          radius 0.2, height 0.15, axis (0, 0, 1)
          dielectric constant epsilon diagonal = (1,1,1)
     cylinder, center = (2.087,3.286,0)
          radius 0.2, height 0.15, axis (0, 0, 1)
          dielectric constant epsilon diagonal = (1,1,1)
     cylinder, center = (3.372,3.937,0)
          radius 0.2, height 0.15, axis (0, 0, 1)
          dielectric constant epsilon diagonal = (1,1,1)
     cylinder, center = (0.405,2.483,0)
          radius 0.2, height 0.15, axis (0, 0, 1)
          dielectric constant epsilon diagonal = (1,1,1)
     cylinder, center = (3.965,1.155,0)
          radius 0.2, height 0.15, axis (0, 0, 1)
          dielectric constant epsilon diagonal = (1,1,1)
     cylinder, center = (1.059,2.075,0)
          radius 0.2, height 0.15, axis (0, 0, 1)
          dielectric constant epsilon diagonal = (1,1,1)
     cylinder, center = (2.229,2.436,0)
          radius 0.2, height 0.15, axis (0, 0, 1)
          dielectric constant epsilon diagonal = (1,1,1)
     cylinder, center = (1.369,2.499,0)
          radius 0.2, height 0.15, axis (0, 0, 1)
          dielectric constant epsilon diagonal = (1,1,1)
     cylinder, center = (3.263,2.448,0)
          radius 0.2, height 0.15, axis (0, 0, 1)
          dielectric constant epsilon diagonal = (1,1,1)
     cylinder, center = (1.909,1.055,0)
          radius 0.2, height 0.15, axis (0, 0, 1)
          dielectric constant epsilon diagonal = (1,1,1)
     cylinder, center = (1.883,3.725,0)
          radius 0.2, height 0.15, axis (0, 0, 1)
          dielectric constant epsilon diagonal = (1,1,1)
     cylinder, center = (3.274,3.524,0)
          radius 0.2, height 0.15, axis (0, 0, 1)
          dielectric constant epsilon diagonal = (1,1,1)
     cylinder, center = (0.139,0.61,0)
          radius 0.2, height 0.15, axis (0, 0, 1)
          dielectric constant epsilon diagonal = (1,1,1)
     cylinder, center = (3.832,0.116,0)
          radius 0.2, height 0.15, axis (0, 0, 1)
          dielectric constant epsilon diagonal = (1,1,1)
     cylinder, center = (2.453,3.887,0)
          radius 0.2, height 0.15, axis (0, 0, 1)
          dielectric constant epsilon diagonal = (1,1,1)
     cylinder, center = (2.599,0.471,0)
          radius 0.2, height 0.15, axis (0, 0, 1)
          dielectric constant epsilon diagonal = (1,1,1)
     cylinder, center = (3.783,1.838,0)
          radius 0.2, height 0.15, axis (0, 0, 1)
          dielectric constant epsilon diagonal = (1,1,1)
     cylinder, center = (0.663,1.895,0)
          radius 0.2, height 0.15, axis (0, 0, 1)
          dielectric constant epsilon diagonal = (1,1,1)
     cylinder, center = (2.948,3.814,0)
          radius 0.2, height 0.15, axis (0, 0, 1)
          dielectric constant epsilon diagonal = (1,1,1)
     cylinder, center = (0.022,3.255,0)
          radius 0.2, height 0.15, axis (0, 0, 1)
          dielectric constant epsilon diagonal = (1,1,1)
subpixel-averaging is 96.5754% done, 0.141869 s remaining
subpixel-averaging is 95.5467% done, 0.186474 s remaining
subpixel-averaging is 95.4181% done, 0.192111 s remaining
time for set_epsilon = 20.3598 s
time for set_conductivity = 0.218132 s
time for set_conductivity = 0.219111 s
time for set_conductivity = 0.218222 s
-----------
Meep progress: 0.0125/50.0 = 0.0% done in 6.1s, 24335.6s to go
on time step 1 (time=0.0125), 6.08605 s/step
Meep progress: 0.17500000000000002/50.0 = 0.4% done in 10.3s, 2932.2s to go
on time step 14 (time=0.175), 0.324116 s/step
Meep progress: 0.325/50.0 = 0.6% done in 14.5s, 2211.5s to go
on time step 26 (time=0.325), 0.347449 s/step
Meep progress: 0.48750000000000004/50.0 = 1.0% done in 18.7s, 1900.4s to go
on time step 39 (time=0.4875), 0.326368 s/step
Meep progress: 0.65/50.0 = 1.3% done in 22.9s, 1736.4s to go
on time step 52 (time=0.65), 0.319968 s/step
Meep progress: 0.8125/50.0 = 1.6% done in 27.2s, 1645.2s to go
on time step 65 (time=0.8125), 0.331151 s/step
Meep progress: 0.9875/50.0 = 2.0% done in 31.5s, 1563.0s to go
on time step 79 (time=0.9875), 0.308275 s/step
Meep progress: 1.1500000000000001/50.0 = 2.3% done in 35.6s, 1511.0s to go
on time step 92 (time=1.15), 0.313722 s/step
Meep progress: 1.3250000000000002/50.0 = 2.7% done in 39.8s, 1462.3s to go
on time step 106 (time=1.325), 0.302537 s/step
Meep progress: 1.5/50.0 = 3.0% done in 44.1s, 1425.2s to go
on time step 120 (time=1.5), 0.30523 s/step
Meep progress: 1.675/50.0 = 3.4% done in 48.3s, 1393.9s to go
on time step 134 (time=1.675), 0.302474 s/step
Meep progress: 1.85/50.0 = 3.7% done in 52.5s, 1367.7s to go
on time step 148 (time=1.85), 0.302475 s/step
Meep progress: 2.025/50.0 = 4.0% done in 56.8s, 1344.6s to go
on time step 162 (time=2.025), 0.300436 s/step
Meep progress: 2.1875/50.0 = 4.4% done in 60.9s, 1331.1s to go
on time step 175 (time=2.1875), 0.318988 s/step
Meep progress: 2.3625000000000003/50.0 = 4.7% done in 65.1s, 1313.0s to go
on time step 189 (time=2.3625), 0.300882 s/step
Meep progress: 2.5500000000000003/50.0 = 5.1% done in 69.3s, 1290.2s to go
on time step 204 (time=2.55), 0.281463 s/step
Meep progress: 2.7125000000000004/50.0 = 5.4% done in 73.4s, 1279.0s to go
on time step 217 (time=2.7125), 0.309863 s/step
Meep progress: 2.8625000000000003/50.0 = 5.7% done in 77.6s, 1278.2s to go
on time step 229 (time=2.8625), 0.354779 s/step
Meep progress: 3.0125/50.0 = 6.0% done in 81.7s, 1273.8s to go
on time step 241 (time=3.0125), 0.336865 s/step
Meep progress: 3.1750000000000003/50.0 = 6.4% done in 86.0s, 1267.6s to go
on time step 254 (time=3.175), 0.329768 s/step
Meep progress: 3.3375000000000004/50.0 = 6.7% done in 90.2s, 1260.9s to go
on time step 267 (time=3.3375), 0.325578 s/step
Meep progress: 3.4875000000000003/50.0 = 7.0% done in 94.2s, 1256.5s to go
on time step 279 (time=3.4875), 0.335874 s/step
Meep progress: 3.6375/50.0 = 7.3% done in 98.3s, 1252.7s to go
on time step 291 (time=3.6375), 0.339279 s/step
Meep progress: 3.825/50.0 = 7.6% done in 102.4s, 1235.6s to go
on time step 306 (time=3.825), 0.271416 s/step
Meep progress: 3.9875000000000003/50.0 = 8.0% done in 106.5s, 1228.5s to go
on time step 319 (time=3.9875), 0.316096 s/step
Meep progress: 4.15/50.0 = 8.3% done in 110.7s, 1223.4s to go
on time step 332 (time=4.15), 0.328532 s/step
Meep progress: 4.3125/50.0 = 8.6% done in 114.9s, 1217.6s to go
on time step 345 (time=4.3125), 0.322953 s/step
Meep progress: 4.4750000000000005/50.0 = 9.0% done in 119.1s, 1211.8s to go
on time step 358 (time=4.475), 0.321451 s/step
Meep progress: 4.625/50.0 = 9.2% done in 123.2s, 1209.0s to go
on time step 370 (time=4.625), 0.343311 s/step
Meep progress: 4.7875000000000005/50.0 = 9.6% done in 127.3s, 1201.8s to go
on time step 383 (time=4.7875), 0.309434 s/step
Meep progress: 4.95/50.0 = 9.9% done in 131.3s, 1194.9s to go
on time step 396 (time=4.95), 0.310525 s/step
Meep progress: 5.125/50.0 = 10.2% done in 135.5s, 1186.3s to go
on time step 410 (time=5.125), 0.299312 s/step
Meep progress: 5.3125/50.0 = 10.6% done in 139.7s, 1175.0s to go
on time step 425 (time=5.3125), 0.279845 s/step
Meep progress: 5.487500000000001/50.0 = 11.0% done in 143.8s, 1166.5s to go
on time step 439 (time=5.4875), 0.294893 s/step
Meep progress: 5.675000000000001/50.0 = 11.4% done in 147.9s, 1155.0s to go
on time step 454 (time=5.675), 0.27098 s/step
Meep progress: 5.862500000000001/50.0 = 11.7% done in 152.1s, 1145.3s to go
on time step 469 (time=5.8625), 0.283332 s/step
Meep progress: 6.0375000000000005/50.0 = 12.1% done in 156.4s, 1138.6s to go
on time step 483 (time=6.0375), 0.30314 s/step
Meep progress: 6.2125/50.0 = 12.4% done in 160.6s, 1132.1s to go
on time step 497 (time=6.2125), 0.304023 s/step
Meep progress: 6.3875/50.0 = 12.8% done in 164.8s, 1125.5s to go
on time step 511 (time=6.3875), 0.301266 s/step
Meep progress: 6.5625/50.0 = 13.1% done in 169.1s, 1119.2s to go
on time step 525 (time=6.5625), 0.302789 s/step
Meep progress: 6.737500000000001/50.0 = 13.5% done in 173.3s, 1112.9s to go
on time step 539 (time=6.7375), 0.302073 s/step
Meep progress: 6.9125000000000005/50.0 = 13.8% done in 177.6s, 1107.0s to go
on time step 553 (time=6.9125), 0.305903 s/step
Meep progress: 7.075/50.0 = 14.2% done in 181.9s, 1103.4s to go
on time step 566 (time=7.075), 0.328091 s/step
Meep progress: 7.237500000000001/50.0 = 14.5% done in 186.1s, 1099.7s to go
on time step 579 (time=7.2375), 0.32839 s/step
Meep progress: 7.4/50.0 = 14.8% done in 190.4s, 1095.8s to go
on time step 592 (time=7.4), 0.324817 s/step
Meep progress: 7.5875/50.0 = 15.2% done in 194.4s, 1086.6s to go
on time step 607 (time=7.5875), 0.268921 s/step
Meep progress: 7.7875000000000005/50.0 = 15.6% done in 198.5s, 1075.9s to go
on time step 623 (time=7.7875), 0.255712 s/step
Meep progress: 7.987500000000001/50.0 = 16.0% done in 202.6s, 1065.6s to go
on time step 639 (time=7.9875), 0.257822 s/step
Meep progress: 8.1875/50.0 = 16.4% done in 206.7s, 1055.5s to go
on time step 655 (time=8.1875), 0.255228 s/step
Meep progress: 8.3625/50.0 = 16.7% done in 210.9s, 1049.9s to go
on time step 669 (time=8.3625), 0.298869 s/step
Meep progress: 8.512500000000001/50.0 = 17.0% done in 214.9s, 1047.6s to go
on time step 681 (time=8.5125), 0.339815 s/step
Meep progress: 8.6875/50.0 = 17.4% done in 219.1s, 1041.7s to go
on time step 695 (time=8.6875), 0.293079 s/step
Meep progress: 8.8625/50.0 = 17.7% done in 223.2s, 1036.0s to go
on time step 709 (time=8.8625), 0.296014 s/step
Meep progress: 9.025/50.0 = 18.0% done in 227.3s, 1032.0s to go
on time step 722 (time=9.025), 0.31617 s/step
Meep progress: 9.200000000000001/50.0 = 18.4% done in 231.6s, 1026.9s to go
on time step 736 (time=9.2), 0.303443 s/step
Meep progress: 9.3625/50.0 = 18.7% done in 235.6s, 1022.4s to go
on time step 749 (time=9.3625), 0.308337 s/step
Meep progress: 9.512500000000001/50.0 = 19.0% done in 239.6s, 1019.9s to go
on time step 761 (time=9.5125), 0.339384 s/step
Meep progress: 9.700000000000001/50.0 = 19.4% done in 243.7s, 1012.7s to go
on time step 776 (time=9.7), 0.274283 s/step
Meep progress: 9.8625/50.0 = 19.7% done in 248.0s, 1009.1s to go
on time step 789 (time=9.8625), 0.323837 s/step
Meep progress: 10.025/50.0 = 20.0% done in 252.1s, 1005.1s to go
on time step 802 (time=10.025), 0.315377 s/step
Meep progress: 10.1875/50.0 = 20.4% done in 256.2s, 1001.2s to go
on time step 815 (time=10.1875), 0.318973 s/step
Meep progress: 10.3625/50.0 = 20.7% done in 260.4s, 996.1s to go
on time step 829 (time=10.3625), 0.299778 s/step
Meep progress: 10.537500000000001/50.0 = 21.1% done in 264.7s, 991.2s to go
on time step 843 (time=10.5375), 0.30451 s/step
Meep progress: 10.700000000000001/50.0 = 21.4% done in 268.9s, 987.6s to go
on time step 856 (time=10.7), 0.323868 s/step
Meep progress: 10.875/50.0 = 21.8% done in 273.2s, 982.7s to go
on time step 870 (time=10.875), 0.305899 s/step
Meep progress: 11.05/50.0 = 22.1% done in 277.4s, 977.7s to go
on time step 884 (time=11.05), 0.301736 s/step
Meep progress: 11.225000000000001/50.0 = 22.5% done in 281.6s, 972.8s to go
on time step 898 (time=11.225), 0.301757 s/step
Meep progress: 11.4/50.0 = 22.8% done in 285.9s, 967.9s to go
on time step 912 (time=11.4), 0.303396 s/step
Meep progress: 11.575000000000001/50.0 = 23.2% done in 290.1s, 962.9s to go
on time step 926 (time=11.575), 0.300299 s/step
Meep progress: 11.7375/50.0 = 23.5% done in 294.3s, 959.4s to go
on time step 939 (time=11.7375), 0.327117 s/step
Meep progress: 11.9/50.0 = 23.8% done in 298.4s, 955.3s to go
on time step 952 (time=11.9), 0.311705 s/step
Meep progress: 12.0875/50.0 = 24.2% done in 302.6s, 949.0s to go
on time step 967 (time=12.0875), 0.280173 s/step
Meep progress: 12.25/50.0 = 24.5% done in 306.6s, 945.0s to go
on time step 980 (time=12.25), 0.313384 s/step
Meep progress: 12.4/50.0 = 24.8% done in 310.8s, 942.6s to go
on time step 992 (time=12.4), 0.35005 s/step
Meep progress: 12.575000000000001/50.0 = 25.2% done in 315.1s, 937.7s to go
on time step 1006 (time=12.575), 0.302056 s/step
Meep progress: 12.75/50.0 = 25.5% done in 319.3s, 932.8s to go
on time step 1020 (time=12.75), 0.301258 s/step
Meep progress: 12.925/50.0 = 25.8% done in 323.5s, 928.0s to go
on time step 1034 (time=12.925), 0.301897 s/step
Meep progress: 13.0875/50.0 = 26.2% done in 327.7s, 924.2s to go
on time step 1047 (time=13.0875), 0.320968 s/step
Meep progress: 13.225000000000001/50.0 = 26.4% done in 331.8s, 922.6s to go
on time step 1058 (time=13.225), 0.372745 s/step
Meep progress: 13.412500000000001/50.0 = 26.8% done in 335.9s, 916.4s to go
on time step 1073 (time=13.4125), 0.276971 s/step
Meep progress: 13.6125/50.0 = 27.2% done in 340.1s, 909.2s to go
on time step 1089 (time=13.6125), 0.260965 s/step
Meep progress: 13.8125/50.0 = 27.6% done in 344.2s, 901.8s to go
on time step 1105 (time=13.8125), 0.256439 s/step
Meep progress: 14.012500000000001/50.0 = 28.0% done in 348.3s, 894.6s to go
on time step 1121 (time=14.0125), 0.257912 s/step
Meep progress: 14.2125/50.0 = 28.4% done in 352.4s, 887.5s to go
on time step 1137 (time=14.2125), 0.255841 s/step
Meep progress: 14.387500000000001/50.0 = 28.8% done in 356.6s, 882.6s to go
on time step 1151 (time=14.3875), 0.296432 s/step
Meep progress: 14.525/50.0 = 29.0% done in 360.6s, 880.7s to go
on time step 1162 (time=14.525), 0.364261 s/step
Meep progress: 14.6875/50.0 = 29.4% done in 364.7s, 876.9s to go
on time step 1175 (time=14.6875), 0.317087 s/step
Meep progress: 14.8625/50.0 = 29.7% done in 368.8s, 871.9s to go
on time step 1189 (time=14.8625), 0.290297 s/step
Meep progress: 15.0625/50.0 = 30.1% done in 373.0s, 865.1s to go
on time step 1205 (time=15.0625), 0.26244 s/step
Meep progress: 15.2125/50.0 = 30.4% done in 377.1s, 862.4s to go
on time step 1217 (time=15.2125), 0.344771 s/step
Meep progress: 15.375/50.0 = 30.8% done in 381.3s, 858.8s to go
on time step 1230 (time=15.375), 0.323608 s/step
Meep progress: 15.525/50.0 = 31.0% done in 385.6s, 856.2s to go
on time step 1242 (time=15.525), 0.352726 s/step
Meep progress: 15.6875/50.0 = 31.4% done in 389.7s, 852.4s to go
on time step 1255 (time=15.6875), 0.31917 s/step
Meep progress: 15.850000000000001/50.0 = 31.7% done in 393.8s, 848.5s to go
on time step 1268 (time=15.85), 0.316426 s/step
Meep progress: 16.025000000000002/50.0 = 32.1% done in 398.1s, 844.0s to go
on time step 1282 (time=16.025), 0.304455 s/step
Meep progress: 16.1875/50.0 = 32.4% done in 402.3s, 840.4s to go
on time step 1295 (time=16.1875), 0.327493 s/step
Meep progress: 16.3875/50.0 = 32.8% done in 406.5s, 833.9s to go
on time step 1311 (time=16.3875), 0.262613 s/step
Meep progress: 16.587500000000002/50.0 = 33.2% done in 410.7s, 827.2s to go
on time step 1327 (time=16.5875), 0.258585 s/step
Meep progress: 16.7875/50.0 = 33.6% done in 414.8s, 820.6s to go
on time step 1343 (time=16.7875), 0.256389 s/step
Meep progress: 16.975/50.0 = 34.0% done in 419.0s, 815.1s to go
on time step 1358 (time=16.975), 0.278037 s/step
Meep progress: 17.1375/50.0 = 34.3% done in 423.0s, 811.1s to go
on time step 1371 (time=17.1375), 0.31162 s/step
Meep progress: 17.3/50.0 = 34.6% done in 427.3s, 807.7s to go
on time step 1384 (time=17.3), 0.330342 s/step
Meep progress: 17.4875/50.0 = 35.0% done in 431.3s, 801.9s to go
on time step 1399 (time=17.4875), 0.267199 s/step
Meep progress: 17.6875/50.0 = 35.4% done in 435.4s, 795.5s to go
on time step 1415 (time=17.6875), 0.257781 s/step
Meep progress: 17.875/50.0 = 35.8% done in 439.7s, 790.2s to go
on time step 1430 (time=17.875), 0.282662 s/step
Meep progress: 18.025000000000002/50.0 = 36.1% done in 443.9s, 787.5s to go
on time step 1442 (time=18.025), 0.354568 s/step
Meep progress: 18.2/50.0 = 36.4% done in 448.1s, 783.0s to go
on time step 1456 (time=18.2), 0.301511 s/step
Meep progress: 18.337500000000002/50.0 = 36.7% done in 452.3s, 781.0s to go
on time step 1467 (time=18.3375), 0.377845 s/step
Meep progress: 18.5/50.0 = 37.0% done in 456.7s, 777.6s to go
on time step 1480 (time=18.5), 0.337259 s/step
Meep progress: 18.6625/50.0 = 37.3% done in 460.9s, 773.9s to go
on time step 1493 (time=18.6625), 0.324041 s/step
Meep progress: 18.837500000000002/50.0 = 37.7% done in 465.2s, 769.6s to go
on time step 1507 (time=18.8375), 0.310152 s/step
Meep progress: 19.0125/50.0 = 38.0% done in 469.5s, 765.3s to go
on time step 1521 (time=19.0125), 0.306725 s/step
Meep progress: 19.1875/50.0 = 38.4% done in 473.8s, 760.8s to go
on time step 1535 (time=19.1875), 0.302812 s/step
Meep progress: 19.35/50.0 = 38.7% done in 478.0s, 757.1s to go
on time step 1548 (time=19.35), 0.324968 s/step
Meep progress: 19.55/50.0 = 39.1% done in 482.3s, 751.2s to go
on time step 1564 (time=19.55), 0.26782 s/step
Meep progress: 19.725/50.0 = 39.4% done in 486.5s, 746.7s to go
on time step 1578 (time=19.725), 0.299038 s/step
Meep progress: 19.900000000000002/50.0 = 39.8% done in 490.7s, 742.1s to go
on time step 1592 (time=19.9), 0.298297 s/step
Meep progress: 20.1/50.0 = 40.2% done in 494.9s, 736.2s to go
on time step 1608 (time=20.1), 0.265112 s/step
Meep progress: 20.262500000000003/50.0 = 40.5% done in 499.1s, 732.4s to go
on time step 1621 (time=20.2625), 0.320321 s/step
Meep progress: 20.400000000000002/50.0 = 40.8% done in 503.4s, 730.4s to go
on time step 1632 (time=20.4), 0.392439 s/step
Meep progress: 20.5625/50.0 = 41.1% done in 507.4s, 726.4s to go
on time step 1645 (time=20.5625), 0.312265 s/step
Meep progress: 20.75/50.0 = 41.5% done in 511.6s, 721.1s to go
on time step 1660 (time=20.75), 0.276466 s/step
Meep progress: 20.9125/50.0 = 41.8% done in 515.8s, 717.5s to go
on time step 1673 (time=20.9125), 0.326753 s/step
Meep progress: 21.0625/50.0 = 42.1% done in 520.0s, 714.4s to go
on time step 1685 (time=21.0625), 0.344223 s/step
Meep progress: 21.225/50.0 = 42.4% done in 524.2s, 710.6s to go
on time step 1698 (time=21.225), 0.324289 s/step
Meep progress: 21.400000000000002/50.0 = 42.8% done in 528.4s, 706.2s to go
on time step 1712 (time=21.4), 0.301252 s/step
Meep progress: 21.575000000000003/50.0 = 43.2% done in 532.6s, 701.7s to go
on time step 1726 (time=21.575), 0.302267 s/step
Meep progress: 21.762500000000003/50.0 = 43.5% done in 536.7s, 696.4s to go
on time step 1741 (time=21.7625), 0.271534 s/step
Meep progress: 21.925/50.0 = 43.8% done in 541.0s, 692.7s to go
on time step 1754 (time=21.925), 0.330529 s/step
Meep progress: 22.087500000000002/50.0 = 44.2% done in 545.0s, 688.7s to go
on time step 1767 (time=22.0875), 0.308759 s/step
Meep progress: 22.25/50.0 = 44.5% done in 549.2s, 685.0s to go
on time step 1780 (time=22.25), 0.322657 s/step
Meep progress: 22.425/50.0 = 44.8% done in 553.4s, 680.5s to go
on time step 1794 (time=22.425), 0.302865 s/step
Meep progress: 22.6/50.0 = 45.2% done in 557.7s, 676.1s to go
on time step 1808 (time=22.6), 0.302594 s/step
Meep progress: 22.775000000000002/50.0 = 45.6% done in 561.9s, 671.6s to go
on time step 1822 (time=22.775), 0.299167 s/step
Meep progress: 22.9375/50.0 = 45.9% done in 565.9s, 667.6s to go
on time step 1835 (time=22.9375), 0.308433 s/step
Meep progress: 23.137500000000003/50.0 = 46.3% done in 570.1s, 661.9s to go
on time step 1851 (time=23.1375), 0.265103 s/step
Meep progress: 23.3125/50.0 = 46.6% done in 574.2s, 657.3s to go
on time step 1865 (time=23.3125), 0.289117 s/step
Meep progress: 23.475/50.0 = 47.0% done in 578.4s, 653.6s to go
on time step 1878 (time=23.475), 0.329494 s/step
Meep progress: 23.650000000000002/50.0 = 47.3% done in 582.7s, 649.2s to go
on time step 1892 (time=23.65), 0.300346 s/step
Meep progress: 23.825000000000003/50.0 = 47.7% done in 586.9s, 644.8s to go
on time step 1906 (time=23.825), 0.30426 s/step
Meep progress: 24.0/50.0 = 48.0% done in 591.1s, 640.4s to go
on time step 1920 (time=24), 0.301822 s/step
Meep progress: 24.200000000000003/50.0 = 48.4% done in 595.3s, 634.6s to go
on time step 1936 (time=24.2), 0.258133 s/step
Meep progress: 24.400000000000002/50.0 = 48.8% done in 599.4s, 628.9s to go
on time step 1952 (time=24.4), 0.258946 s/step
Meep progress: 24.6/50.0 = 49.2% done in 603.6s, 623.3s to go
on time step 1968 (time=24.6), 0.263508 s/step
Meep progress: 24.775000000000002/50.0 = 49.6% done in 607.7s, 618.7s to go
on time step 1982 (time=24.775), 0.288965 s/step
Meep progress: 24.9375/50.0 = 49.9% done in 611.9s, 615.0s to go
on time step 1995 (time=24.9375), 0.324851 s/step
Meep progress: 25.1125/50.0 = 50.2% done in 616.1s, 610.6s to go
on time step 2009 (time=25.1125), 0.301664 s/step
Meep progress: 25.2875/50.0 = 50.6% done in 620.3s, 606.2s to go
on time step 2023 (time=25.2875), 0.301285 s/step
Meep progress: 25.462500000000002/50.0 = 50.9% done in 624.5s, 601.8s to go
on time step 2037 (time=25.4625), 0.297105 s/step
Meep progress: 25.637500000000003/50.0 = 51.3% done in 628.8s, 597.5s to go
on time step 2051 (time=25.6375), 0.30414 s/step
Meep progress: 25.8125/50.0 = 51.6% done in 633.0s, 593.1s to go
on time step 2065 (time=25.8125), 0.3007 s/step
Meep progress: 25.9875/50.0 = 52.0% done in 637.2s, 588.8s to go
on time step 2079 (time=25.9875), 0.300949 s/step
Meep progress: 26.1625/50.0 = 52.3% done in 641.4s, 584.4s to go
on time step 2093 (time=26.1625), 0.302086 s/step
Meep progress: 26.337500000000002/50.0 = 52.7% done in 645.5s, 579.9s to go
on time step 2107 (time=26.3375), 0.291423 s/step
Meep progress: 26.512500000000003/50.0 = 53.0% done in 649.8s, 575.7s to go
on time step 2121 (time=26.5125), 0.311459 s/step
Meep progress: 26.6875/50.0 = 53.4% done in 654.0s, 571.3s to go
on time step 2135 (time=26.6875), 0.29481 s/step
Meep progress: 26.8625/50.0 = 53.7% done in 658.0s, 566.8s to go
on time step 2149 (time=26.8625), 0.28851 s/step
Meep progress: 27.0375/50.0 = 54.1% done in 662.3s, 562.4s to go
on time step 2163 (time=27.0375), 0.303308 s/step
Meep progress: 27.1875/50.0 = 54.4% done in 666.3s, 559.1s to go
on time step 2175 (time=27.1875), 0.334675 s/step
Meep progress: 27.35/50.0 = 54.7% done in 670.5s, 555.3s to go
on time step 2188 (time=27.35), 0.323209 s/step
Meep progress: 27.525000000000002/50.0 = 55.0% done in 674.7s, 550.9s to go
on time step 2202 (time=27.525), 0.303817 s/step
Meep progress: 27.700000000000003/50.0 = 55.4% done in 678.9s, 546.6s to go
on time step 2216 (time=27.7), 0.300556 s/step
Meep progress: 27.875/50.0 = 55.8% done in 683.3s, 542.3s to go
on time step 2230 (time=27.875), 0.308951 s/step
Meep progress: 28.025000000000002/50.0 = 56.0% done in 687.4s, 539.0s to go
on time step 2242 (time=28.025), 0.346636 s/step
Meep progress: 28.1875/50.0 = 56.4% done in 691.7s, 535.2s to go
on time step 2255 (time=28.1875), 0.325729 s/step
Meep progress: 28.35/50.0 = 56.7% done in 696.0s, 531.5s to go
on time step 2268 (time=28.35), 0.330571 s/step
Meep progress: 28.512500000000003/50.0 = 57.0% done in 700.2s, 527.7s to go
on time step 2281 (time=28.5125), 0.325707 s/step
Meep progress: 28.675/50.0 = 57.4% done in 704.3s, 523.8s to go
on time step 2294 (time=28.675), 0.317013 s/step
Meep progress: 28.85/50.0 = 57.7% done in 708.5s, 519.4s to go
on time step 2308 (time=28.85), 0.299645 s/step
Meep progress: 29.012500000000003/50.0 = 58.0% done in 712.7s, 515.6s to go
on time step 2321 (time=29.0125), 0.322166 s/step
Meep progress: 29.175/50.0 = 58.4% done in 716.7s, 511.6s to go
on time step 2334 (time=29.175), 0.310031 s/step
Meep progress: 29.337500000000002/50.0 = 58.7% done in 720.7s, 507.6s to go
on time step 2347 (time=29.3375), 0.308061 s/step
Meep progress: 29.5/50.0 = 59.0% done in 724.8s, 503.7s to go
on time step 2360 (time=29.5), 0.311753 s/step
Meep progress: 29.6625/50.0 = 59.3% done in 728.9s, 499.7s to go
on time step 2373 (time=29.6625), 0.31584 s/step
Meep progress: 29.8625/50.0 = 59.7% done in 733.1s, 494.4s to go
on time step 2389 (time=29.8625), 0.265849 s/step
Meep progress: 30.0625/50.0 = 60.1% done in 737.2s, 488.9s to go
on time step 2405 (time=30.0625), 0.255592 s/step
Meep progress: 30.2375/50.0 = 60.5% done in 741.4s, 484.6s to go
on time step 2419 (time=30.2375), 0.296594 s/step
Meep progress: 30.400000000000002/50.0 = 60.8% done in 745.7s, 480.8s to go
on time step 2432 (time=30.4), 0.328634 s/step
Meep progress: 30.55/50.0 = 61.1% done in 749.8s, 477.4s to go
on time step 2444 (time=30.55), 0.343689 s/step
Meep progress: 30.725/50.0 = 61.4% done in 753.8s, 472.9s to go
on time step 2458 (time=30.725), 0.287364 s/step
Meep progress: 30.887500000000003/50.0 = 61.8% done in 758.0s, 469.0s to go
on time step 2471 (time=30.8875), 0.319175 s/step
Meep progress: 31.05/50.0 = 62.1% done in 762.1s, 465.1s to go
on time step 2484 (time=31.05), 0.316203 s/step
Meep progress: 31.212500000000002/50.0 = 62.4% done in 766.3s, 461.2s to go
on time step 2497 (time=31.2125), 0.322259 s/step
Meep progress: 31.375/50.0 = 62.8% done in 770.4s, 457.3s to go
on time step 2510 (time=31.375), 0.317716 s/step
Meep progress: 31.525000000000002/50.0 = 63.0% done in 774.5s, 453.9s to go
on time step 2522 (time=31.525), 0.339619 s/step
Meep progress: 31.6875/50.0 = 63.4% done in 778.7s, 450.0s to go
on time step 2535 (time=31.6875), 0.324938 s/step
Meep progress: 31.8625/50.0 = 63.7% done in 782.9s, 445.7s to go
on time step 2549 (time=31.8625), 0.301864 s/step
Meep progress: 32.0625/50.0 = 64.1% done in 787.1s, 440.4s to go
on time step 2565 (time=32.0625), 0.263501 s/step
Meep progress: 32.237500000000004/50.0 = 64.5% done in 791.4s, 436.1s to go
on time step 2579 (time=32.2375), 0.308205 s/step
Meep progress: 32.4125/50.0 = 64.8% done in 795.6s, 431.7s to go
on time step 2593 (time=32.4125), 0.294039 s/step
Meep progress: 32.575/50.0 = 65.2% done in 799.6s, 427.7s to go
on time step 2606 (time=32.575), 0.314263 s/step
Meep progress: 32.75/50.0 = 65.5% done in 803.7s, 423.3s to go
on time step 2620 (time=32.75), 0.288406 s/step
Meep progress: 32.9125/50.0 = 65.8% done in 807.7s, 419.4s to go
on time step 2633 (time=32.9125), 0.310732 s/step
Meep progress: 33.0875/50.0 = 66.2% done in 812.0s, 415.0s to go
on time step 2647 (time=33.0875), 0.302447 s/step
Meep progress: 33.275/50.0 = 66.6% done in 816.0s, 410.2s to go
on time step 2662 (time=33.275), 0.270476 s/step
Meep progress: 33.45/50.0 = 66.9% done in 820.1s, 405.7s to go
on time step 2676 (time=33.45), 0.289121 s/step
Meep progress: 33.65/50.0 = 67.3% done in 824.2s, 400.4s to go
on time step 2692 (time=33.65), 0.256035 s/step
Meep progress: 33.825/50.0 = 67.6% done in 828.4s, 396.1s to go
on time step 2706 (time=33.825), 0.30342 s/step
Meep progress: 34.0/50.0 = 68.0% done in 832.5s, 391.8s to go
on time step 2720 (time=34), 0.292491 s/step
Meep progress: 34.2/50.0 = 68.4% done in 836.7s, 386.6s to go
on time step 2736 (time=34.2), 0.26467 s/step
Meep progress: 34.362500000000004/50.0 = 68.7% done in 840.9s, 382.7s to go
on time step 2749 (time=34.3625), 0.317946 s/step
Meep progress: 34.550000000000004/50.0 = 69.1% done in 845.0s, 377.9s to go
on time step 2764 (time=34.55), 0.278193 s/step
Meep progress: 34.75/50.0 = 69.5% done in 849.2s, 372.7s to go
on time step 2780 (time=34.75), 0.262369 s/step
Meep progress: 34.9125/50.0 = 69.8% done in 853.5s, 368.8s to go
on time step 2793 (time=34.9125), 0.328945 s/step
Meep progress: 35.0875/50.0 = 70.2% done in 857.8s, 364.6s to go
on time step 2807 (time=35.0875), 0.303884 s/step
Meep progress: 35.2625/50.0 = 70.5% done in 862.0s, 360.3s to go
on time step 2821 (time=35.2625), 0.30087 s/step
Meep progress: 35.425000000000004/50.0 = 70.9% done in 866.2s, 356.4s to go
on time step 2834 (time=35.425), 0.322416 s/step
Meep progress: 35.6/50.0 = 71.2% done in 870.3s, 352.0s to go
on time step 2848 (time=35.6), 0.295765 s/step
Meep progress: 35.75/50.0 = 71.5% done in 874.4s, 348.5s to go
on time step 2860 (time=35.75), 0.3427 s/step
Meep progress: 35.9125/50.0 = 71.8% done in 878.6s, 344.7s to go
on time step 2873 (time=35.9125), 0.321021 s/step
Meep progress: 36.0625/50.0 = 72.1% done in 882.7s, 341.1s to go
on time step 2885 (time=36.0625), 0.341922 s/step
Meep progress: 36.237500000000004/50.0 = 72.5% done in 886.8s, 336.8s to go
on time step 2899 (time=36.2375), 0.289287 s/step
Meep progress: 36.4125/50.0 = 72.8% done in 890.9s, 332.4s to go
on time step 2913 (time=36.4125), 0.295589 s/step
Meep progress: 36.5625/50.0 = 73.1% done in 895.0s, 328.9s to go
on time step 2925 (time=36.5625), 0.346315 s/step
Meep progress: 36.725/50.0 = 73.4% done in 899.1s, 325.0s to go
on time step 2938 (time=36.725), 0.31222 s/step
Meep progress: 36.8875/50.0 = 73.8% done in 903.4s, 321.1s to go
on time step 2951 (time=36.8875), 0.328181 s/step
Meep progress: 37.050000000000004/50.0 = 74.1% done in 907.5s, 317.2s to go
on time step 2964 (time=37.05), 0.315151 s/step
Meep progress: 37.225/50.0 = 74.4% done in 911.5s, 312.8s to go
on time step 2978 (time=37.225), 0.287419 s/step
Meep progress: 37.3875/50.0 = 74.8% done in 915.6s, 308.9s to go
on time step 2991 (time=37.3875), 0.319 s/step
Meep progress: 37.5375/50.0 = 75.1% done in 919.7s, 305.3s to go
on time step 3003 (time=37.5375), 0.33453 s/step
Meep progress: 37.6875/50.0 = 75.4% done in 924.0s, 301.9s to go
on time step 3015 (time=37.6875), 0.364724 s/step
Meep progress: 37.875/50.0 = 75.8% done in 928.1s, 297.1s to go
on time step 3030 (time=37.875), 0.272843 s/step
Meep progress: 38.0375/50.0 = 76.1% done in 932.2s, 293.2s to go
on time step 3043 (time=38.0375), 0.312974 s/step
Meep progress: 38.237500000000004/50.0 = 76.5% done in 936.2s, 288.0s to go
on time step 3059 (time=38.2375), 0.252363 s/step
Meep progress: 38.425000000000004/50.0 = 76.9% done in 940.5s, 283.3s to go
on time step 3074 (time=38.425), 0.285614 s/step
Meep progress: 38.6/50.0 = 77.2% done in 944.7s, 279.0s to go
on time step 3088 (time=38.6), 0.30171 s/step
Meep progress: 38.775000000000006/50.0 = 77.6% done in 948.9s, 274.7s to go
on time step 3102 (time=38.775), 0.300699 s/step
Meep progress: 38.95/50.0 = 77.9% done in 953.2s, 270.4s to go
on time step 3116 (time=38.95), 0.300455 s/step
Meep progress: 39.1/50.0 = 78.2% done in 957.4s, 266.9s to go
on time step 3128 (time=39.1), 0.356465 s/step
Meep progress: 39.2625/50.0 = 78.5% done in 961.5s, 262.9s to go
on time step 3141 (time=39.2625), 0.312005 s/step
Meep progress: 39.4125/50.0 = 78.8% done in 965.5s, 259.4s to go
on time step 3153 (time=39.4125), 0.335227 s/step
Meep progress: 39.587500000000006/50.0 = 79.2% done in 969.6s, 255.0s to go
on time step 3167 (time=39.5875), 0.294917 s/step
Meep progress: 39.7625/50.0 = 79.5% done in 973.7s, 250.7s to go
on time step 3181 (time=39.7625), 0.293229 s/step
Meep progress: 39.962500000000006/50.0 = 79.9% done in 977.9s, 245.6s to go
on time step 3197 (time=39.9625), 0.26027 s/step
Meep progress: 40.125/50.0 = 80.2% done in 981.9s, 241.7s to go
on time step 3210 (time=40.125), 0.308467 s/step
Meep progress: 40.2875/50.0 = 80.6% done in 986.1s, 237.7s to go
on time step 3223 (time=40.2875), 0.321501 s/step
Meep progress: 40.462500000000006/50.0 = 80.9% done in 990.2s, 233.4s to go
on time step 3237 (time=40.4625), 0.289802 s/step
Meep progress: 40.6375/50.0 = 81.3% done in 994.4s, 229.1s to go
on time step 3251 (time=40.6375), 0.304558 s/step
Meep progress: 40.8125/50.0 = 81.6% done in 998.5s, 224.8s to go
on time step 3265 (time=40.8125), 0.294446 s/step
Meep progress: 40.987500000000004/50.0 = 82.0% done in 1002.8s, 220.5s to go
on time step 3279 (time=40.9875), 0.302606 s/step
Meep progress: 41.1625/50.0 = 82.3% done in 1006.9s, 216.2s to go
on time step 3293 (time=41.1625), 0.295856 s/step
Meep progress: 41.362500000000004/50.0 = 82.7% done in 1011.1s, 211.1s to go
on time step 3309 (time=41.3625), 0.263123 s/step
Meep progress: 41.5125/50.0 = 83.0% done in 1015.2s, 207.6s to go
on time step 3321 (time=41.5125), 0.335021 s/step
Meep progress: 41.6875/50.0 = 83.4% done in 1019.2s, 203.2s to go
on time step 3335 (time=41.6875), 0.292527 s/step
Meep progress: 41.85/50.0 = 83.7% done in 1023.3s, 199.3s to go
on time step 3348 (time=41.85), 0.313352 s/step
Meep progress: 42.0375/50.0 = 84.1% done in 1027.6s, 194.6s to go
on time step 3363 (time=42.0375), 0.282173 s/step
Meep progress: 42.2/50.0 = 84.4% done in 1031.7s, 190.7s to go
on time step 3376 (time=42.2), 0.322602 s/step
Meep progress: 42.35/50.0 = 84.7% done in 1035.9s, 187.1s to go
on time step 3388 (time=42.35), 0.349346 s/step
Meep progress: 42.525000000000006/50.0 = 85.1% done in 1039.9s, 182.8s to go
on time step 3402 (time=42.525), 0.286068 s/step
Meep progress: 42.712500000000006/50.0 = 85.4% done in 1044.1s, 178.1s to go
on time step 3417 (time=42.7125), 0.276769 s/step
Meep progress: 42.900000000000006/50.0 = 85.8% done in 1048.3s, 173.5s to go
on time step 3432 (time=42.9), 0.281955 s/step
Meep progress: 43.075/50.0 = 86.2% done in 1052.5s, 169.2s to go
on time step 3446 (time=43.075), 0.297835 s/step
Meep progress: 43.275000000000006/50.0 = 86.6% done in 1056.6s, 164.2s to go
on time step 3462 (time=43.275), 0.257165 s/step
Meep progress: 43.45/50.0 = 86.9% done in 1060.9s, 159.9s to go
on time step 3476 (time=43.45), 0.305686 s/step
Meep progress: 43.612500000000004/50.0 = 87.2% done in 1065.0s, 156.0s to go
on time step 3489 (time=43.6125), 0.312913 s/step
Meep progress: 43.7875/50.0 = 87.6% done in 1069.2s, 151.7s to go
on time step 3503 (time=43.7875), 0.300722 s/step
Meep progress: 43.962500000000006/50.0 = 87.9% done in 1073.3s, 147.4s to go
on time step 3517 (time=43.9625), 0.297882 s/step
Meep progress: 44.125/50.0 = 88.2% done in 1077.6s, 143.5s to go
on time step 3530 (time=44.125), 0.329197 s/step
Meep progress: 44.2875/50.0 = 88.6% done in 1081.8s, 139.5s to go
on time step 3543 (time=44.2875), 0.325127 s/step
Meep progress: 44.45/50.0 = 88.9% done in 1085.9s, 135.6s to go
on time step 3556 (time=44.45), 0.310392 s/step
Meep progress: 44.612500000000004/50.0 = 89.2% done in 1090.0s, 131.6s to go
on time step 3569 (time=44.6125), 0.317717 s/step
Meep progress: 44.8125/50.0 = 89.6% done in 1094.2s, 126.7s to go
on time step 3585 (time=44.8125), 0.26354 s/step
Meep progress: 45.0125/50.0 = 90.0% done in 1098.4s, 121.7s to go
on time step 3601 (time=45.0125), 0.258972 s/step
Meep progress: 45.212500000000006/50.0 = 90.4% done in 1102.5s, 116.7s to go
on time step 3617 (time=45.2125), 0.260247 s/step
Meep progress: 45.4125/50.0 = 90.8% done in 1106.7s, 111.8s to go
on time step 3633 (time=45.4125), 0.257244 s/step
Meep progress: 45.612500000000004/50.0 = 91.2% done in 1110.9s, 106.9s to go
on time step 3649 (time=45.6125), 0.266039 s/step
Meep progress: 45.7875/50.0 = 91.6% done in 1115.0s, 102.6s to go
on time step 3663 (time=45.7875), 0.294632 s/step
Meep progress: 45.95/50.0 = 91.9% done in 1119.3s, 98.7s to go
on time step 3676 (time=45.95), 0.331271 s/step
Meep progress: 46.112500000000004/50.0 = 92.2% done in 1123.6s, 94.7s to go
on time step 3689 (time=46.1125), 0.329771 s/step
Meep progress: 46.300000000000004/50.0 = 92.6% done in 1127.7s, 90.1s to go
on time step 3704 (time=46.3), 0.271932 s/step
Meep progress: 46.5/50.0 = 93.0% done in 1131.8s, 85.2s to go
on time step 3720 (time=46.5), 0.258911 s/step
Meep progress: 46.6875/50.0 = 93.4% done in 1135.9s, 80.6s to go
on time step 3735 (time=46.6875), 0.26798 s/step
Meep progress: 46.8875/50.0 = 93.8% done in 1140.0s, 75.7s to go
on time step 3751 (time=46.8875), 0.256165 s/step
Meep progress: 47.075/50.0 = 94.2% done in 1144.0s, 71.1s to go
on time step 3766 (time=47.075), 0.271883 s/step
Meep progress: 47.2625/50.0 = 94.5% done in 1148.3s, 66.5s to go
on time step 3781 (time=47.2625), 0.280677 s/step
Meep progress: 47.462500000000006/50.0 = 94.9% done in 1152.4s, 61.6s to go
on time step 3797 (time=47.4625), 0.26175 s/step
Meep progress: 47.6625/50.0 = 95.3% done in 1156.6s, 56.7s to go
on time step 3813 (time=47.6625), 0.261061 s/step
Meep progress: 47.862500000000004/50.0 = 95.7% done in 1160.8s, 51.8s to go
on time step 3829 (time=47.8625), 0.258876 s/step
Meep progress: 48.050000000000004/50.0 = 96.1% done in 1165.1s, 47.3s to go
on time step 3844 (time=48.05), 0.291376 s/step
Meep progress: 48.2/50.0 = 96.4% done in 1169.3s, 43.7s to go
on time step 3856 (time=48.2), 0.3471 s/step
Meep progress: 48.375/50.0 = 96.8% done in 1173.6s, 39.4s to go
on time step 3870 (time=48.375), 0.306515 s/step
Meep progress: 48.550000000000004/50.0 = 97.1% done in 1177.8s, 35.2s to go
on time step 3884 (time=48.55), 0.298796 s/step
Meep progress: 48.725/50.0 = 97.4% done in 1181.9s, 30.9s to go
on time step 3898 (time=48.725), 0.297678 s/step
Meep progress: 48.900000000000006/50.0 = 97.8% done in 1186.1s, 26.7s to go
on time step 3912 (time=48.9), 0.296985 s/step
Meep progress: 49.1/50.0 = 98.2% done in 1190.3s, 21.8s to go
on time step 3928 (time=49.1), 0.264877 s/step
Meep progress: 49.300000000000004/50.0 = 98.6% done in 1194.5s, 17.0s to go
on time step 3944 (time=49.3), 0.258226 s/step
Meep progress: 49.475/50.0 = 99.0% done in 1198.6s, 12.7s to go
on time step 3958 (time=49.475), 0.292474 s/step
Meep progress: 49.625/50.0 = 99.2% done in 1202.8s, 9.1s to go
on time step 3970 (time=49.625), 0.351759 s/step
Meep progress: 49.7875/50.0 = 99.6% done in 1206.8s, 5.2s to go
on time step 3983 (time=49.7875), 0.312652 s/step
Meep progress: 49.962500000000006/50.0 = 99.9% done in 1211.0s, 0.9s to go
on time step 3997 (time=49.9625), 0.299285 s/step
run 0 finished at t = 50.0 (4000 timesteps)
flux1:, 0.5, 1.0582489696000982e-6, -9.871432845069409e-7
flux1:, 0.5066889632107023, 1.1420688434633277e-6, -1.0797728809924292e-6
flux1:, 0.5133779264214047, 1.3289671489286293e-6, -1.1793019351708343e-6
flux1:, 0.520066889632107, 1.6323555254640565e-6, -1.3931204438805428e-6
flux1:, 0.5267558528428093, 1.7988118001585513e-6, -1.5068394475372819e-6
flux1:, 0.5334448160535117, 1.960062174512142e-6, -1.6147270281497912e-6
flux1:, 0.540133779264214, 2.3711662307631576e-6, -1.9206737803686565e-6
flux1:, 0.5468227424749164, 2.7629936414802285e-6, -2.1402889383359802e-6
flux1:, 0.5535117056856187, 3.0530900454045965e-6, -2.216584433267308e-6
flux1:, 0.560200668896321, 3.5567642685443817e-6, -2.579975021232778e-6
flux1:, 0.5668896321070234, 4.086804136343025e-6, -3.101886389497728e-6
flux1:, 0.5735785953177257, 4.488836191547649e-6, -3.3965182636163442e-6
flux1:, 0.580267558528428, 5.209578731433733e-6, -3.821902774724472e-6
flux1:, 0.5869565217391304, 6.1176067517008055e-6, -4.572842001667692e-6
flux1:, 0.5936454849498327, 6.867625093512865e-6, -5.123068369510944e-6
flux1:, 0.600334448160535, 8.085330321747167e-6, -5.526309508591813e-6
flux1:, 0.6070234113712374, 9.764118512044826e-6, -6.2876847918506146e-6
flux1:, 0.6137123745819397, 1.1083707804549235e-5, -7.038352720737833e-6
flux1:, 0.6204013377926421, 1.2737721145850643e-5, -7.2746541696294015e-6
flux1:, 0.6270903010033444, 1.4888055360366846e-5, -7.528084988014368e-6
flux1:, 0.6337792642140467, 1.536601184951087e-5, -8.841815420352597e-6
flux1:, 0.6404682274247491, 1.4889327249866392e-5, -1.1907918711289896e-5
flux1:, 0.6471571906354514, 1.7294691060009195e-5, -1.5930055156500252e-5
flux1:, 0.6538461538461537, 2.1957249743039193e-5, -1.8533501421020665e-5
flux1:, 0.6605351170568561, 2.5690230389035743e-5, -1.914683018913608e-5
flux1:, 0.6672240802675584, 2.9483499326018994e-5, -2.0363820838071004e-5
flux1:, 0.6739130434782608, 3.3997862538327505e-5, -2.3394067621856167e-5
flux1:, 0.6806020066889631, 3.747912946988166e-5, -2.677408757225014e-5
flux1:, 0.6872909698996654, 4.238354856493902e-5, -3.0495573995697217e-5
flux1:, 0.6939799331103678, 5.079736240901099e-5, -3.465803829041038e-5
flux1:, 0.7006688963210701, 5.8671245518893676e-5, -3.652353810131429e-5
flux1:, 0.7073578595317724, 6.604993667281904e-5, -3.642615741199213e-5
flux1:, 0.7140468227424748, 7.571635751310996e-5, -4.017346535024941e-5
flux1:, 0.7207357859531771, 7.973376883412678e-5, -4.9877226162096047e-5
flux1:, 0.7274247491638794, 7.448784828132717e-5, -6.199726662383947e-5
flux1:, 0.7341137123745818, 7.604247985237966e-5, -7.556423339642004e-5
flux1:, 0.7408026755852841, 9.218453643610434e-5, -9.108276295473018e-5
flux1:, 0.7474916387959865, 1.0916639400871639e-4, -1.0530933139103621e-4
flux1:, 0.7541806020066888, 1.237817398083488e-4, -1.1651491450820158e-4
flux1:, 0.7608695652173911, 1.4504708988174127e-4, -1.2726889529973082e-4
flux1:, 0.7675585284280935, 1.6612327292509012e-4, -1.3916572798852164e-4
flux1:, 0.7742474916387958, 1.8058090589097596e-4, -1.5417692084241099e-4
flux1:, 0.7809364548494981, 2.0147356711651963e-4, -1.7546983002106816e-4
flux1:, 0.7876254180602005, 2.3031909647012512e-4, -1.9936130063789696e-4
flux1:, 0.7943143812709028, 2.5030080537207113e-4, -2.198416935598334e-4
flux1:, 0.8010033444816052, 2.6158623403854724e-4, -2.4285434526227336e-4
flux1:, 0.8076923076923075, 2.771077396074325e-4, -2.79315421261597e-4
flux1:, 0.8143812709030098, 2.983957138143055e-4, -3.2991045999339373e-4
flux1:, 0.8210702341137122, 3.2785375848608256e-4, -3.8877173876642563e-4
flux1:, 0.8277591973244145, 3.712487896141418e-4, -4.475035537859408e-4
flux1:, 0.8344481605351168, 4.213247407975676e-4, -4.956041826774608e-4
flux1:, 0.8411371237458192, 4.7122819901216755e-4, -5.367668071939276e-4
flux1:, 0.8478260869565215, 5.221163567387064e-4, -5.871674871213222e-4
flux1:, 0.8545150501672238, 5.679993137777369e-4, -6.411988703704574e-4
flux1:, 0.8612040133779262, 6.134555778948744e-4, -6.791359456895376e-4
flux1:, 0.8678929765886285, 6.795167974832257e-4, -7.1627360734576e-4
flux1:, 0.8745819397993309, 7.55307253862049e-4, -7.876217491833519e-4
flux1:, 0.8812709030100332, 8.086521472101967e-4, -8.933789544426989e-4
flux1:, 0.8879598662207355, 8.575153412276506e-4, -0.0010182412297024743
flux1:, 0.8946488294314379, 9.416724666209213e-4, -0.0011648895117401011
flux1:, 0.9013377926421402, 0.0010384838847304469, -0.0013193038654386068
flux1:, 0.9080267558528425, 0.0010926590501690327, -0.0014582809266425966
flux1:, 0.9147157190635449, 0.0011014443986949282, -0.00161873383493132
flux1:, 0.9214046822742472, 0.0011176879283600516, -0.0018524112031813264
flux1:, 0.9280936454849495, 0.0011864227228090443, -0.0021149438644402826
flux1:, 0.9347826086956519, 0.0012919428163591245, -0.0023208797199775564
flux1:, 0.9414715719063542, 0.0013875501727510686, -0.0024686602902705937
flux1:, 0.9481605351170566, 0.0014731509068812633, -0.0026116689937418307
flux1:, 0.9548494983277589, 0.001558781297287718, -0.0027997175169097144
flux1:, 0.9615384615384612, 0.001599134564801487, -0.0030929301915956046
flux1:, 0.9682274247491636, 0.0016268024330554803, -0.0034671082191916136
flux1:, 0.9749163879598659, 0.001816796476648104, -0.0037421256622576582
flux1:, 0.9816053511705682, 0.0021989272182978362, -0.003855853026602346
flux1:, 0.9882943143812706, 0.002527486953643103, -0.004089493147012093
flux1:, 0.9949832775919729, 0.002632225314257373, -0.004695064911290751
flux1:, 1.0016722408026753, 0.002602678693829064, -0.005482551065454873
flux1:, 1.0083612040133776, 0.0025514369348621727, -0.0061225397119755295
flux1:, 1.01505016722408, 0.002552975368058632, -0.00661451644529732
flux1:, 1.0217391304347823, 0.002737069740240232, -0.007136839470327329
flux1:, 1.0284280936454846, 0.0030940459087620644, -0.007710939405868388
flux1:, 1.035117056856187, 0.0034116756235160147, -0.008266125839020602
flux1:, 1.0418060200668893, 0.0036362896090963667, -0.008811164095894601
flux1:, 1.0484949832775916, 0.003926968240125202, -0.009437691159160228
flux1:, 1.055183946488294, 0.004280175134733689, -0.010237366089845825
flux1:, 1.0618729096989963, 0.004582503469151729, -0.011083164418738762
flux1:, 1.0685618729096986, 0.004970693856516632, -0.011613554148628559
flux1:, 1.075250836120401, 0.005612731770688675, -0.011833448618212724
flux1:, 1.0819397993311033, 0.006297905216562528, -0.01235411667176612
flux1:, 1.0886287625418056, 0.006779591032287579, -0.01341795847106636
flux1:, 1.095317725752508, 0.007303987011734996, -0.014363428730909521
flux1:, 1.1020066889632103, 0.008241430668185399, -0.014778975595139464
flux1:, 1.1086956521739126, 0.00939930433146972, -0.015201035738199448
flux1:, 1.115384615384615, 0.010274394628134429, -0.01602148758719913
flux1:, 1.1220735785953173, 0.010831341124090982, -0.01693950722210675
flux1:, 1.1287625418060196, 0.011482866017110007, -0.01785317185995173
flux1:, 1.135451505016722, 0.012422926626677617, -0.018950267966265647
flux1:, 1.1421404682274243, 0.013459569625741817, -0.020051300029346616
flux1:, 1.1488294314381267, 0.014419125995630909, -0.02109347804403338
flux1:, 1.155518394648829, 0.015356432858570489, -0.02250842113067025
flux1:, 1.1622073578595313, 0.016348749577894374, -0.02423480980596208
flux1:, 1.1688963210702337, 0.01730766320207896, -0.025621843727809217
flux1:, 1.175585284280936, 0.018303594939645198, -0.026530539987719943
flux1:, 1.1822742474916383, 0.019922421031699257, -0.027083319996886734
flux1:, 1.1889632107023407, 0.022397828792152328, -0.02715877902631101
flux1:, 1.195652173913043, 0.024569039074280284, -0.027427901284070386
flux1:, 1.2023411371237454, 0.025419086896172182, -0.028867770070610355
flux1:, 1.2090301003344477, 0.026247682425676627, -0.0305379771639456
flux1:, 1.21571906354515, 0.028790939873304253, -0.030824132476676955
flux1:, 1.2224080267558524, 0.03214619897452183, -0.030467502312202483
flux1:, 1.2290969899665547, 0.034617271977928056, -0.030866367944620766
flux1:, 1.235785953177257, 0.03665482872442686, -0.03135210562075214
flux1:, 1.2424749163879594, 0.038793995788515424, -0.0315649517244951
flux1:, 1.2491638795986617, 0.03986899812532082, -0.032948191426227284
flux1:, 1.255852842809364, 0.040098291738488875, -0.035275108299516564
flux1:, 1.2625418060200664, 0.04174724124879562, -0.03647439253126273
flux1:, 1.2692307692307687, 0.044897298401115344, -0.03696333369357814
flux1:, 1.275919732441471, 0.04725269894941255, -0.0388919570834267
flux1:, 1.2826086956521734, 0.04842078731387407, -0.04198867665055713
flux1:, 1.2892976588628757, 0.04970651758670391, -0.04487925308970363
flux1:, 1.295986622073578, 0.05104055457998465, -0.04765014945154689
flux1:, 1.3026755852842804, 0.05224435998606148, -0.0499559917764929
flux1:, 1.3093645484949827, 0.05466287471162012, -0.050973770215130956
flux1:, 1.316053511705685, 0.05835277326740449, -0.052066295719735284
flux1:, 1.3227424749163874, 0.06104003027851565, -0.05454037021513508
flux1:, 1.3294314381270897, 0.06202692255887691, -0.05657070526059476
flux1:, 1.336120401337792, 0.06356520566096009, -0.056796293364406183
flux1:, 1.3428093645484944, 0.06684379239581585, -0.056947403011823924
flux1:, 1.3494983277591968, 0.0699674675462692, -0.05807895896142321
flux1:, 1.356187290969899, 0.07133060569286333, -0.0595349480374141
flux1:, 1.3628762541806014, 0.07195988125569053, -0.06210720017530887
flux1:, 1.3695652173913038, 0.07290757077445899, -0.06662170577886552
flux1:, 1.376254180602006, 0.07350787918560385, -0.07109795700261336
flux1:, 1.3829431438127084, 0.07404763836464003, -0.07373839377208234
flux1:, 1.3896321070234108, 0.07623815747261943, -0.07545259616075904
flux1:, 1.3963210702341131, 0.07950712867202328, -0.07714686629948912
flux1:, 1.4030100334448155, 0.0819481404889007, -0.0783714150103874
flux1:, 1.4096989966555178, 0.08502955963127024, -0.0786997885163578
flux1:, 1.4163879598662201, 0.09062328080369489, -0.07769297625490083
flux1:, 1.4230769230769225, 0.09561158558422465, -0.07556419882659446
flux1:, 1.4297658862876248, 0.09739733751237778, -0.07435853859876781
flux1:, 1.4364548494983271, 0.0995913054477405, -0.07502965493199107
flux1:, 1.4431438127090295, 0.10407478105676275, -0.07569439872487477
flux1:, 1.4498327759197318, 0.10560186090029519, -0.07637191784676131
flux1:, 1.4565217391304341, 0.10178393743041918, -0.07999625878682917
flux1:, 1.4632107023411365, 0.09869690676267373, -0.08550712945959738
flux1:, 1.4698996655518388, 0.10107820613465517, -0.08749995148116634
flux1:, 1.4765886287625412, 0.10624384889032404, -0.08519161179537833
flux1:, 1.4832775919732435, 0.10992482691268125, -0.08379757262826151
flux1:, 1.4899665551839458, 0.11065318142630787, -0.0859811120832048
flux1:, 1.4966555183946482, 0.10919088634611367, -0.08924284131754048
flux1:, 1.5033444816053505, 0.10802353180234849, -0.09146101937371201
flux1:, 1.5100334448160528, 0.10899603796291049, -0.09274170716956251
flux1:, 1.5167224080267552, 0.11115524498617797, -0.09267977007194934
flux1:, 1.5234113712374575, 0.11338672730117365, -0.09089845854763344
flux1:, 1.5301003344481598, 0.11541161987979222, -0.08961292436521749
flux1:, 1.5367892976588622, 0.11521170381794299, -0.09149656358427317
flux1:, 1.5434782608695645, 0.11220274902427001, -0.09513863072649893
flux1:, 1.5501672240802669, 0.11115849166451182, -0.09646968082248897
flux1:, 1.5568561872909692, 0.11477866150771066, -0.09503866809926048
flux1:, 1.5635451505016715, 0.11738491905072888, -0.09446984507369992
flux1:, 1.5702341137123739, 0.11431767365829647, -0.0959910389269236
flux1:, 1.5769230769230762, 0.11006136060553916, -0.09684305880244898
flux1:, 1.5836120401337785, 0.10981692659897581, -0.09591019037531807
flux1:, 1.5903010033444809, 0.11167023132509461, -0.09504854871799326
flux1:, 1.5969899665551832, 0.11236234292096549, -0.09453939455876371
flux1:, 1.6036789297658856, 0.11240108620855563, -0.09309453664017939
flux1:, 1.610367892976588, 0.11248313510956985, -0.09173928250817648
flux1:, 1.6170568561872902, 0.1119134766558544, -0.09237911053846984
flux1:, 1.6237458193979926, 0.11117501679541637, -0.0939302485682737
flux1:, 1.630434782608695, 0.11068450958861778, -0.0940157766303902
flux1:, 1.6371237458193972, 0.10866458342438805, -0.09269830590780859
flux1:, 1.6438127090300996, 0.10457054456346504, -0.09186404420299231
flux1:, 1.650501672240802, 0.10137397968780308, -0.09251578520698639
flux1:, 1.6571906354515042, 0.10062100308167694, -0.09388249584146889
flux1:, 1.6638795986622066, 0.09946505530278048, -0.09432224497319047
flux1:, 1.670568561872909, 0.09615578291108937, -0.0931464165688871
flux1:, 1.6772575250836113, 0.09337165669033633, -0.09155496455771339
flux1:, 1.6839464882943136, 0.09262235689344432, -0.09090072935117999
flux1:, 1.690635451505016, 0.09103987203588214, -0.09079422112233027
flux1:, 1.6973244147157183, 0.0868681816442228, -0.09031151637183894
flux1:, 1.7040133779264206, 0.08222942607434003, -0.08996368260858918
flux1:, 1.710702341137123, 0.07848815632111926, -0.09065845687449273
flux1:, 1.7173913043478253, 0.07496045406372731, -0.09147894788738388
flux1:, 1.7240802675585276, 0.07242250844742407, -0.09054268931060855
flux1:, 1.73076923076923, 0.07166082356287554, -0.08802474952253163
flux1:, 1.7374581939799323, 0.06997230923905949, -0.08621980279185454
flux1:, 1.7441471571906346, 0.06488830194069613, -0.08619866600743602
flux1:, 1.750836120401337, 0.058519904792863134, -0.08679520658610569
flux1:, 1.7575250836120393, 0.05357422355314529, -0.08732223425848619
flux1:, 1.7642140468227416, 0.04929716008064392, -0.08825217115155037
flux1:, 1.770903010033444, 0.044905844084858745, -0.08886725605450455
flux1:, 1.7775919732441463, 0.04201138054089922, -0.08764287336989567
flux1:, 1.7842809364548486, 0.040883085198583365, -0.08509335912793785
flux1:, 1.790969899665551, 0.03907534256304111, -0.08325971607297696
flux1:, 1.7976588628762533, 0.03555693627442489, -0.08288692493356506
flux1:, 1.8043478260869557, 0.03214281051652101, -0.08314886242419206
flux1:, 1.811036789297658, 0.030026017783326378, -0.08290568510493629
flux1:, 1.8177257525083603, 0.02836128073197024, -0.0813188053885642
flux1:, 1.8244147157190627, 0.02651616862780201, -0.07875135211173669
flux1:, 1.831103678929765, 0.02483929898112707, -0.07662906316128619
flux1:, 1.8377926421404673, 0.02322917706599711, -0.0751757241528884
flux1:, 1.8444816053511697, 0.021190208466237682, -0.07315464589192082
flux1:, 1.851170568561872, 0.019068385598300708, -0.07054348428487862
flux1:, 1.8578595317725743, 0.01760238924312928, -0.06853608153578618
flux1:, 1.8645484949832767, 0.016752736831259163, -0.06680071526393856
flux1:, 1.871237458193979, 0.01606922574330465, -0.06401793743769602
flux1:, 1.8779264214046814, 0.015440584207167185, -0.06065894038125525
flux1:, 1.8846153846153837, 0.014803159452797098, -0.058270327938919585
flux1:, 1.891304347826086, 0.013992236295408578, -0.05687783056629738
flux1:, 1.8979933110367884, 0.013173076789044114, -0.05526150395471565
flux1:, 1.9046822742474907, 0.012658872715137963, -0.05277396698048845
flux1:, 1.911371237458193, 0.01242055084952953, -0.049663098875811836
flux1:, 1.9180602006688954, 0.012277294863426824, -0.046507413368636764
flux1:, 1.9247491638795977, 0.012130120269297913, -0.04377077155964495
flux1:, 1.9314381270903, 0.011822901371841518, -0.041413129113299765
flux1:, 1.9381270903010024, 0.011335683095250145, -0.03910249676486602
flux1:, 1.9448160535117047, 0.010964965256063887, -0.03684204911323061
flux1:, 1.951505016722407, 0.010821825959377428, -0.03484451502086092
flux1:, 1.9581939799331094, 0.010586709898165163, -0.03302442649433681
flux1:, 1.9648829431438117, 0.010093243902933792, -0.031186015202151945
flux1:, 1.971571906354514, 0.009606227622500914, -0.029349228867974034
flux1:, 1.9782608695652164, 0.009367269573072696, -0.027521271518428057
flux1:, 1.9849498327759187, 0.009320181787728884, -0.025586849646666812
flux1:, 1.991638795986621, 0.009279864951732282, -0.023603906921263646
flux1:, 1.9983277591973234, 0.009128491770729592, -0.0217865841864513
flux1:, 2.0050167224080258, 0.008914392098231487, -0.020164984068489815
flux1:, 2.011705685618728, 0.00873726173640984, -0.01864639954561237
flux1:, 2.0183946488294304, 0.008495632411814693, -0.01733825622252967
flux1:, 2.0250836120401328, 0.008020147675911714, -0.01638016776259499
flux1:, 2.031772575250835, 0.007456369319947196, -0.015538853276742572
flux1:, 2.0384615384615374, 0.007113978450171921, -0.014452808797560947
flux1:, 2.0451505016722398, 0.006977576060982231, -0.01319229311644294
flux1:, 2.051839464882942, 0.0067656271407575555, -0.01207496405659767
flux1:, 2.0585284280936444, 0.00639069751730942, -0.011119311104197406
flux1:, 2.065217391304347, 0.006010843550630177, -0.010214610708761354
flux1:, 2.071906354515049, 0.005705880416010211, -0.009486052171678841
flux1:, 2.0785953177257515, 0.00540490442311077, -0.008950877998222046
flux1:, 2.085284280936454, 0.005104897567916596, -0.008289259289199503
flux1:, 2.091973244147156, 0.004892963221738744, -0.00741283147991201
flux1:, 2.0986622073578585, 0.004728488593752137, -0.006684898289690353
flux1:, 2.105351170568561, 0.0044633755266292536, -0.006269038969392404
flux1:, 2.112040133779263, 0.004114910683248601, -0.005883372833694971
flux1:, 2.1187290969899655, 0.003843175248418069, -0.005363979351634462
flux1:, 2.125418060200668, 0.0036564427970523293, -0.004886961861850754
flux1:, 2.13210702341137, 0.0034310244989510285, -0.004568579256949054
flux1:, 2.1387959866220725, 0.0031653498807835503, -0.004298498033755929
flux1:, 2.145484949832775, 0.002942414776794203, -0.003976354232188186
flux1:, 2.152173913043477, 0.0027568575726568405, -0.00363047572564501
flux1:, 2.1588628762541795, 0.002576624308536121, -0.0033115216018756596
flux1:, 2.165551839464882, 0.002417237195184577, -0.003012581908789771
flux1:, 2.172240802675584, 0.0022637111964171697, -0.002716386176458584
flux1:, 2.1789297658862865, 0.0020836766240865004, -0.0024635045557229378
flux1:, 2.185618729096989, 0.0019055099406682726, -0.002299832713307389
flux1:, 2.192307692307691, 0.0017562995892943477, -0.00218049491878453
flux1:, 2.1989966555183935, 0.001609492777938292, -0.0020293060373851946
flux1:, 2.205685618729096, 0.0014579620616641399, -0.0018505023578715804
flux1:, 2.212374581939798, 0.0013273362823821892, -0.001679421208508797
flux1:, 2.2190635451505005, 0.0012195106733816382, -0.0015099000937429964
flux1:, 2.225752508361203, 0.0011278113547334447, -0.0013487122290041426
flux1:, 2.232441471571905, 0.001052754781546093, -0.0012295519016870878
flux1:, 2.2391304347826075, 9.715201063296333e-4, -0.001143534105115785
flux1:, 2.24581939799331, 8.69225150310817e-4, -0.0010597217728477138
flux1:, 2.252508361204012, 7.772487481166385e-4, -9.822569856518997e-4
flux1:, 2.2591973244147145, 7.159284136346356e-4, -9.126416939382609e-4
flux1:, 2.265886287625417, 6.609983984144359e-4, -8.315628467976717e-4
flux1:, 2.272575250836119, 5.985166127881817e-4, -7.499807030514473e-4
flux1:, 2.2792642140468216, 5.398082670115601e-4, -6.922307538875748e-4
flux1:, 2.285953177257524, 4.851747998573664e-4, -6.441630133768229e-4
flux1:, 2.2926421404682262, 4.309925179173348e-4, -5.868545831240462e-4
flux1:, 2.2993311036789286, 3.859385402747083e-4, -5.309048718191559e-4
flux1:, 2.306020066889631, 3.518296838279013e-4, -4.809993896434121e-4
flux1:, 2.3127090301003332, 3.2118550510694795e-4, -4.2896629153668105e-4
flux1:, 2.3193979933110356, 2.923551320284319e-4, -3.824119017100695e-4
flux1:, 2.326086956521738, 2.6403144078123244e-4, -3.481023002841327e-4
flux1:, 2.3327759197324403, 2.3414747668468807e-4, -3.1407275036151217e-4
flux1:, 2.3394648829431426, 2.0875400473925954e-4, -2.769662766415381e-4
flux1:, 2.346153846153845, 1.903050295462505e-4, -2.475237185763788e-4
flux1:, 2.3528428093645473, 1.710213326168016e-4, -2.250991846428101e-4
flux1:, 2.3595317725752496, 1.5045134674856114e-4, -2.0278419611904417e-4
flux1:, 2.366220735785952, 1.353126441184509e-4, -1.8338470333046893e-4
flux1:, 2.3729096989966543, 1.2281748505524638e-4, -1.6815539753750743e-4
flux1:, 2.3795986622073566, 1.0785196693496544e-4, -1.5198212391914062e-4
flux1:, 2.386287625418059, 9.42786025939918e-5, -1.3583522073425553e-4
flux1:, 2.3929765886287613, 8.425440823413684e-5, -1.238391094072994e-4
flux1:, 2.3996655518394636, 7.406931585909245e-5, -1.1386233378465134e-4
flux1:, 2.406354515050166, 6.396035734185137e-5, -1.0327352745377197e-4
flux1:, 2.4130434782608683, 5.618956008335351e-5, -9.34685139927803e-5
flux1:, 2.4197324414715706, 4.9108793402279285e-5, -8.513464101710393e-5
flux1:, 2.426421404682273, 4.21511888435759e-5, -7.75775739259683e-5
flux1:, 2.4331103678929753, 3.6950500632232634e-5, -7.046904837184351e-5
flux1:, 2.4397993311036776, 3.2441378750571694e-5, -6.319522520524206e-5
flux1:, 2.44648829431438, 2.745545717203464e-5, -5.618204745367578e-5
flux1:, 2.4531772575250823, 2.3480252630686863e-5, -5.068439050661108e-5
flux1:, 2.4598662207357846, 2.0637265987314797e-5, -4.5845771050251064e-5
flux1:, 2.466555183946487, 1.766179748077088e-5, -4.0709686380562406e-5
flux1:, 2.4732441471571893, 1.5164748611131822e-5, -3.6639646049869986e-5
flux1:, 2.4799331103678917, 1.3549202459625906e-5, -3.3645774447156185e-5
flux1:, 2.486622073578594, 1.1667062044747316e-5, -2.9923526716424936e-5
flux1:, 2.4933110367892963, 9.668499235258823e-6, -2.617578685028641e-5
flux1:, 2.4999999999999987, 8.43147161616568e-6, -2.3914350418887712e-5

Elapsed run time = 1245.13 s
