--------------------------------------------------------------------------
[[10131,1],1]: A high-performance Open MPI point-to-point messaging module
was unable to find any relevant network interfaces:

Module: OpenFabrics (openib)
  Host: euca-128-84-11-54

Another transport will be used instead, although this may result in
lower performance.
--------------------------------------------------------------------------
Using MPI version 3.0, 2 processes
command-line param: no-struct=false
command-line param: no-holes=false
command-line param: rodpos="rad.225ff.1/rodpos.txt"
-----------
Initializing structure...
Working in 3D dimensions.
Computational cell is 4 x 4 x 5 with resolution 40
     block, center = (0,0,0)
          size (1e+20,1e+20,0.15)
          axes (1,0,0), (0,1,0), (0,0,1)
          dielectric constant epsilon diagonal = (12,12,12)
     cylinder, center = (1.775,3.011,0)
          radius 0.225, height 0.15, axis (0, 0, 1)
          dielectric constant epsilon diagonal = (1,1,1)
     cylinder, center = (3.919,0.391,0)
          radius 0.225, height 0.15, axis (0, 0, 1)
          dielectric constant epsilon diagonal = (1,1,1)
     cylinder, center = (3.099,1.214,0)
          radius 0.225, height 0.15, axis (0, 0, 1)
          dielectric constant epsilon diagonal = (1,1,1)
     cylinder, center = (1.964,1.092,0)
          radius 0.225, height 0.15, axis (0, 0, 1)
          dielectric constant epsilon diagonal = (1,1,1)
     cylinder, center = (1.185,1.207,0)
          radius 0.225, height 0.15, axis (0, 0, 1)
          dielectric constant epsilon diagonal = (1,1,1)
     cylinder, center = (0.186,1.846,0)
          radius 0.225, height 0.15, axis (0, 0, 1)
          dielectric constant epsilon diagonal = (1,1,1)
     cylinder, center = (1.94,1.705,0)
          radius 0.225, height 0.15, axis (0, 0, 1)
          dielectric constant epsilon diagonal = (1,1,1)
     cylinder, center = (1.32,2.584,0)
          radius 0.225, height 0.15, axis (0, 0, 1)
          dielectric constant epsilon diagonal = (1,1,1)
     cylinder, center = (3.315,2.748,0)
          radius 0.225, height 0.15, axis (0, 0, 1)
          dielectric constant epsilon diagonal = (1,1,1)
     cylinder, center = (3.843,2.171,0)
          radius 0.225, height 0.15, axis (0, 0, 1)
          dielectric constant epsilon diagonal = (1,1,1)
     cylinder, center = (0.784,3.999,0)
          radius 0.225, height 0.15, axis (0, 0, 1)
          dielectric constant epsilon diagonal = (1,1,1)
subpixel-averaging is 90.8529% done, 0.402925 s remaining
subpixel-averaging is 75.2285% done, 1.31754 s remaining
time for set_epsilon = 22.9396 s
time for set_conductivity = 0.256989 s
time for set_conductivity = 0.257425 s
time for set_conductivity = 0.25546 s
-----------
Meep progress: 0.0125/50.0 = 0.0% done in 6.5s, 25962.9s to go
on time step 1 (time=0.0125), 6.49282 s/step
Meep progress: 0.17500000000000002/50.0 = 0.4% done in 10.6s, 3027.6s to go
on time step 14 (time=0.175), 0.318573 s/step
Meep progress: 0.3375/50.0 = 0.7% done in 14.9s, 2196.3s to go
on time step 27 (time=0.3375), 0.330132 s/step
Meep progress: 0.525/50.0 = 1.0% done in 19.0s, 1789.8s to go
on time step 42 (time=0.525), 0.271133 s/step
Meep progress: 0.7250000000000001/50.0 = 1.5% done in 23.1s, 1567.4s to go
on time step 58 (time=0.725), 0.254269 s/step
Meep progress: 0.925/50.0 = 1.8% done in 27.1s, 1437.9s to go
on time step 74 (time=0.925), 0.25258 s/step
Meep progress: 1.0875000000000001/50.0 = 2.2% done in 31.1s, 1400.3s to go
on time step 87 (time=1.0875), 0.310038 s/step
Meep progress: 1.25/50.0 = 2.5% done in 35.2s, 1374.6s to go
on time step 100 (time=1.25), 0.316502 s/step
Meep progress: 1.425/50.0 = 2.8% done in 39.5s, 1347.7s to go
on time step 114 (time=1.425), 0.306374 s/step
Meep progress: 1.5875000000000001/50.0 = 3.2% done in 43.6s, 1328.6s to go
on time step 127 (time=1.5875), 0.309845 s/step
Meep progress: 1.7625000000000002/50.0 = 3.5% done in 47.9s, 1310.0s to go
on time step 141 (time=1.7625), 0.307041 s/step
Meep progress: 1.925/50.0 = 3.8% done in 52.0s, 1297.9s to go
on time step 154 (time=1.925), 0.315884 s/step
Meep progress: 2.0875/50.0 = 4.2% done in 56.2s, 1289.0s to go
on time step 167 (time=2.0875), 0.322356 s/step
Meep progress: 2.25/50.0 = 4.5% done in 60.2s, 1278.0s to go
on time step 180 (time=2.25), 0.31232 s/step
Meep progress: 2.4125/50.0 = 4.8% done in 64.5s, 1273.1s to go
on time step 193 (time=2.4125), 0.332443 s/step
Meep progress: 2.575/50.0 = 5.2% done in 68.6s, 1262.9s to go
on time step 206 (time=2.575), 0.310071 s/step
Meep progress: 2.7375000000000003/50.0 = 5.5% done in 72.6s, 1253.0s to go
on time step 219 (time=2.7375), 0.307971 s/step
Meep progress: 2.9000000000000004/50.0 = 5.8% done in 76.6s, 1244.0s to go
on time step 232 (time=2.9), 0.309036 s/step
Meep progress: 3.075/50.0 = 6.2% done in 80.9s, 1234.4s to go
on time step 246 (time=3.075), 0.306612 s/step
Meep progress: 3.225/50.0 = 6.4% done in 85.0s, 1232.5s to go
on time step 258 (time=3.225), 0.341027 s/step
Meep progress: 3.3875/50.0 = 6.8% done in 89.1s, 1225.8s to go
on time step 271 (time=3.3875), 0.315642 s/step
Meep progress: 3.5625/50.0 = 7.1% done in 93.1s, 1214.0s to go
on time step 285 (time=3.5625), 0.2892 s/step
Meep progress: 3.7375000000000003/50.0 = 7.5% done in 97.3s, 1204.6s to go
on time step 299 (time=3.7375), 0.299257 s/step
Meep progress: 3.8875/50.0 = 7.8% done in 101.4s, 1202.6s to go
on time step 311 (time=3.8875), 0.338535 s/step
Meep progress: 4.05/50.0 = 8.1% done in 105.5s, 1197.0s to go
on time step 324 (time=4.05), 0.31657 s/step
Meep progress: 4.25/50.0 = 8.5% done in 109.7s, 1180.5s to go
on time step 340 (time=4.25), 0.26014 s/step
Meep progress: 4.45/50.0 = 8.9% done in 113.9s, 1166.0s to go
on time step 356 (time=4.45), 0.265883 s/step
Meep progress: 4.65/50.0 = 9.3% done in 118.1s, 1152.2s to go
on time step 372 (time=4.65), 0.26394 s/step
Meep progress: 4.8500000000000005/50.0 = 9.7% done in 122.4s, 1139.7s to go
on time step 388 (time=4.85), 0.267932 s/step
Meep progress: 5.0/50.0 = 10.0% done in 126.4s, 1137.9s to go
on time step 400 (time=5), 0.334017 s/step
Meep progress: 5.1625000000000005/50.0 = 10.3% done in 130.7s, 1135.4s to go
on time step 413 (time=5.1625), 0.3304 s/step
Meep progress: 5.3375/50.0 = 10.7% done in 135.0s, 1129.6s to go
on time step 427 (time=5.3375), 0.304809 s/step
Meep progress: 5.5/50.0 = 11.0% done in 139.0s, 1125.0s to go
on time step 440 (time=5.5), 0.31151 s/step
Meep progress: 5.675000000000001/50.0 = 11.4% done in 143.3s, 1119.5s to go
on time step 454 (time=5.675), 0.305888 s/step
Meep progress: 5.8500000000000005/50.0 = 11.7% done in 147.6s, 1114.2s to go
on time step 468 (time=5.85), 0.307685 s/step
Meep progress: 6.0125/50.0 = 12.0% done in 151.7s, 1110.2s to go
on time step 481 (time=6.0125), 0.316076 s/step
Meep progress: 6.1625000000000005/50.0 = 12.3% done in 156.0s, 1109.9s to go
on time step 493 (time=6.1625), 0.357164 s/step
Meep progress: 6.3375/50.0 = 12.7% done in 160.2s, 1103.8s to go
on time step 507 (time=6.3375), 0.299127 s/step
Meep progress: 6.525/50.0 = 13.0% done in 164.3s, 1094.9s to go
on time step 522 (time=6.525), 0.27408 s/step
Meep progress: 6.7250000000000005/50.0 = 13.4% done in 168.4s, 1083.8s to go
on time step 538 (time=6.725), 0.256231 s/step
Meep progress: 6.925000000000001/50.0 = 13.8% done in 172.5s, 1073.0s to go
on time step 554 (time=6.925), 0.254297 s/step
Meep progress: 7.1000000000000005/50.0 = 14.2% done in 176.6s, 1066.8s to go
on time step 568 (time=7.1), 0.289947 s/step
Meep progress: 7.300000000000001/50.0 = 14.6% done in 180.8s, 1057.3s to go
on time step 584 (time=7.3), 0.262211 s/step
Meep progress: 7.5/50.0 = 15.0% done in 184.8s, 1047.2s to go
on time step 600 (time=7.5), 0.253073 s/step
Meep progress: 7.7/50.0 = 15.4% done in 188.9s, 1037.7s to go
on time step 616 (time=7.7), 0.255989 s/step
Meep progress: 7.8875/50.0 = 15.8% done in 193.0s, 1030.3s to go
on time step 631 (time=7.8875), 0.271138 s/step
Meep progress: 8.0875/50.0 = 16.2% done in 197.0s, 1021.1s to go
on time step 647 (time=8.0875), 0.254435 s/step
Meep progress: 8.2875/50.0 = 16.6% done in 201.1s, 1012.3s to go
on time step 663 (time=8.2875), 0.255773 s/step
Meep progress: 8.450000000000001/50.0 = 16.9% done in 205.4s, 1009.9s to go
on time step 676 (time=8.45), 0.327696 s/step
Meep progress: 8.6125/50.0 = 17.2% done in 209.4s, 1006.2s to go
on time step 689 (time=8.6125), 0.308029 s/step
Meep progress: 8.7875/50.0 = 17.6% done in 213.7s, 1002.1s to go
on time step 703 (time=8.7875), 0.306186 s/step
Meep progress: 8.950000000000001/50.0 = 17.9% done in 217.7s, 998.4s to go
on time step 716 (time=8.95), 0.30785 s/step
Meep progress: 9.1125/50.0 = 18.2% done in 221.7s, 994.7s to go
on time step 729 (time=9.1125), 0.308548 s/step
Meep progress: 9.2875/50.0 = 18.6% done in 226.0s, 990.7s to go
on time step 743 (time=9.2875), 0.306992 s/step
Meep progress: 9.450000000000001/50.0 = 18.9% done in 230.0s, 987.0s to go
on time step 756 (time=9.45), 0.309252 s/step
Meep progress: 9.6125/50.0 = 19.2% done in 234.1s, 983.4s to go
on time step 769 (time=9.6125), 0.311638 s/step
Meep progress: 9.775/50.0 = 19.6% done in 238.3s, 980.5s to go
on time step 782 (time=9.775), 0.323245 s/step
Meep progress: 9.9375/50.0 = 19.9% done in 242.3s, 976.7s to go
on time step 795 (time=9.9375), 0.307756 s/step
Meep progress: 10.1125/50.0 = 20.2% done in 246.6s, 972.5s to go
on time step 809 (time=10.1125), 0.306542 s/step
Meep progress: 10.275/50.0 = 20.6% done in 250.6s, 968.7s to go
on time step 822 (time=10.275), 0.308066 s/step
Meep progress: 10.450000000000001/50.0 = 20.9% done in 254.8s, 964.3s to go
on time step 836 (time=10.45), 0.302388 s/step
Meep progress: 10.65/50.0 = 21.3% done in 258.9s, 956.6s to go
on time step 852 (time=10.65), 0.25583 s/step
Meep progress: 10.8/50.0 = 21.6% done in 263.1s, 954.8s to go
on time step 864 (time=10.8), 0.347075 s/step
Meep progress: 11.0/50.0 = 22.0% done in 267.2s, 947.2s to go
on time step 880 (time=11), 0.256881 s/step
Meep progress: 11.175/50.0 = 22.4% done in 271.4s, 943.0s to go
on time step 894 (time=11.175), 0.304037 s/step
Meep progress: 11.325000000000001/50.0 = 22.7% done in 275.4s, 940.6s to go
on time step 906 (time=11.325), 0.335327 s/step
Meep progress: 11.5/50.0 = 23.0% done in 279.5s, 935.9s to go
on time step 920 (time=11.5), 0.292462 s/step
Meep progress: 11.700000000000001/50.0 = 23.4% done in 283.6s, 928.3s to go
on time step 936 (time=11.7), 0.252559 s/step
Meep progress: 11.9/50.0 = 23.8% done in 287.7s, 921.1s to go
on time step 952 (time=11.9), 0.256485 s/step
Meep progress: 12.100000000000001/50.0 = 24.2% done in 291.8s, 914.0s to go
on time step 968 (time=12.1), 0.256659 s/step
Meep progress: 12.3/50.0 = 24.6% done in 295.8s, 906.8s to go
on time step 984 (time=12.3), 0.253447 s/step
Meep progress: 12.4875/50.0 = 25.0% done in 299.9s, 900.9s to go
on time step 999 (time=12.4875), 0.270195 s/step
Meep progress: 12.675/50.0 = 25.4% done in 304.1s, 895.4s to go
on time step 1014 (time=12.675), 0.2785 s/step
Meep progress: 12.875/50.0 = 25.8% done in 308.3s, 889.0s to go
on time step 1030 (time=12.875), 0.265284 s/step
Meep progress: 13.025/50.0 = 26.0% done in 312.6s, 887.3s to go
on time step 1042 (time=13.025), 0.354782 s/step
Meep progress: 13.200000000000001/50.0 = 26.4% done in 316.9s, 883.4s to go
on time step 1056 (time=13.2), 0.30651 s/step
Meep progress: 13.3625/50.0 = 26.7% done in 320.9s, 879.8s to go
on time step 1069 (time=13.3625), 0.308336 s/step
Meep progress: 13.525/50.0 = 27.0% done in 325.1s, 876.7s to go
on time step 1082 (time=13.525), 0.32333 s/step
Meep progress: 13.6875/50.0 = 27.4% done in 329.2s, 873.4s to go
on time step 1095 (time=13.6875), 0.317203 s/step
Meep progress: 13.8625/50.0 = 27.7% done in 333.5s, 869.3s to go
on time step 1109 (time=13.8625), 0.304351 s/step
Meep progress: 14.05/50.0 = 28.1% done in 337.6s, 863.9s to go
on time step 1124 (time=14.05), 0.276447 s/step
Meep progress: 14.25/50.0 = 28.5% done in 341.8s, 857.5s to go
on time step 1140 (time=14.25), 0.261301 s/step
Meep progress: 14.450000000000001/50.0 = 28.9% done in 345.9s, 850.9s to go
on time step 1156 (time=14.45), 0.254299 s/step
Meep progress: 14.65/50.0 = 29.3% done in 350.0s, 844.4s to go
on time step 1172 (time=14.65), 0.256245 s/step
Meep progress: 14.8375/50.0 = 29.7% done in 354.0s, 838.9s to go
on time step 1187 (time=14.8375), 0.269573 s/step
Meep progress: 15.012500000000001/50.0 = 30.0% done in 358.3s, 835.0s to go
on time step 1201 (time=15.0125), 0.305355 s/step
Meep progress: 15.175/50.0 = 30.4% done in 362.3s, 831.4s to go
on time step 1214 (time=15.175), 0.308399 s/step
Meep progress: 15.350000000000001/50.0 = 30.7% done in 366.5s, 827.4s to go
on time step 1228 (time=15.35), 0.302103 s/step
Meep progress: 15.55/50.0 = 31.1% done in 370.7s, 821.2s to go
on time step 1244 (time=15.55), 0.260869 s/step
Meep progress: 15.75/50.0 = 31.5% done in 374.8s, 815.0s to go
on time step 1260 (time=15.75), 0.254366 s/step
Meep progress: 15.950000000000001/50.0 = 31.9% done in 378.8s, 808.8s to go
on time step 1276 (time=15.95), 0.255049 s/step
Meep progress: 16.150000000000002/50.0 = 32.3% done in 382.9s, 802.6s to go
on time step 1292 (time=16.15), 0.25605 s/step
Meep progress: 16.3125/50.0 = 32.6% done in 387.2s, 799.6s to go
on time step 1305 (time=16.3125), 0.328035 s/step
Meep progress: 16.4875/50.0 = 33.0% done in 391.3s, 795.4s to go
on time step 1319 (time=16.4875), 0.293403 s/step
Meep progress: 16.650000000000002/50.0 = 33.3% done in 395.6s, 792.3s to go
on time step 1332 (time=16.65), 0.326648 s/step
Meep progress: 16.85/50.0 = 33.7% done in 399.9s, 786.8s to go
on time step 1348 (time=16.85), 0.272888 s/step
Meep progress: 17.0125/50.0 = 34.0% done in 403.9s, 783.3s to go
on time step 1361 (time=17.0125), 0.309285 s/step
Meep progress: 17.1875/50.0 = 34.4% done in 408.0s, 778.9s to go
on time step 1375 (time=17.1875), 0.290559 s/step
Meep progress: 17.337500000000002/50.0 = 34.7% done in 412.1s, 776.3s to go
on time step 1387 (time=17.3375), 0.338703 s/step
Meep progress: 17.4875/50.0 = 35.0% done in 416.4s, 774.1s to go
on time step 1399 (time=17.4875), 0.358839 s/step
Meep progress: 17.675/50.0 = 35.4% done in 420.4s, 768.9s to go
on time step 1414 (time=17.675), 0.268617 s/step
Meep progress: 17.825/50.0 = 35.6% done in 424.5s, 766.2s to go
on time step 1426 (time=17.825), 0.34049 s/step
Meep progress: 17.9875/50.0 = 36.0% done in 428.6s, 762.7s to go
on time step 1439 (time=17.9875), 0.312118 s/step
Meep progress: 18.1875/50.0 = 36.4% done in 432.7s, 756.9s to go
on time step 1455 (time=18.1875), 0.260703 s/step
Meep progress: 18.3875/50.0 = 36.8% done in 436.8s, 750.9s to go
on time step 1471 (time=18.3875), 0.253753 s/step
Meep progress: 18.587500000000002/50.0 = 37.2% done in 440.9s, 745.1s to go
on time step 1487 (time=18.5875), 0.256776 s/step
Meep progress: 18.7625/50.0 = 37.5% done in 444.9s, 740.8s to go
on time step 1501 (time=18.7625), 0.288018 s/step
Meep progress: 18.962500000000002/50.0 = 37.9% done in 449.1s, 735.1s to go
on time step 1517 (time=18.9625), 0.260966 s/step
Meep progress: 19.1125/50.0 = 38.2% done in 453.2s, 732.5s to go
on time step 1529 (time=19.1125), 0.343568 s/step
Meep progress: 19.275000000000002/50.0 = 38.6% done in 457.5s, 729.2s to go
on time step 1542 (time=19.275), 0.327348 s/step
Meep progress: 19.4375/50.0 = 38.9% done in 461.5s, 725.7s to go
on time step 1555 (time=19.4375), 0.311346 s/step
Meep progress: 19.6/50.0 = 39.2% done in 465.7s, 722.2s to go
on time step 1568 (time=19.6), 0.31744 s/step
Meep progress: 19.762500000000003/50.0 = 39.5% done in 469.7s, 718.6s to go
on time step 1581 (time=19.7625), 0.309144 s/step
Meep progress: 19.9375/50.0 = 39.9% done in 473.7s, 714.3s to go
on time step 1595 (time=19.9375), 0.290623 s/step
Meep progress: 20.1125/50.0 = 40.2% done in 477.9s, 710.2s to go
on time step 1609 (time=20.1125), 0.298005 s/step
Meep progress: 20.275000000000002/50.0 = 40.6% done in 481.9s, 706.5s to go
on time step 1622 (time=20.275), 0.308393 s/step
Meep progress: 20.4375/50.0 = 40.9% done in 486.0s, 703.0s to go
on time step 1635 (time=20.4375), 0.315689 s/step
Meep progress: 20.6/50.0 = 41.2% done in 490.2s, 699.5s to go
on time step 1648 (time=20.6), 0.316849 s/step
Meep progress: 20.8/50.0 = 41.6% done in 494.4s, 694.0s to go
on time step 1664 (time=20.8), 0.262682 s/step
Meep progress: 21.0/50.0 = 42.0% done in 498.4s, 688.3s to go
on time step 1680 (time=21), 0.255699 s/step
Meep progress: 21.200000000000003/50.0 = 42.4% done in 502.6s, 682.7s to go
on time step 1696 (time=21.2), 0.258007 s/step
Meep progress: 21.375/50.0 = 42.8% done in 506.6s, 678.4s to go
on time step 1710 (time=21.375), 0.288445 s/step
Meep progress: 21.5375/50.0 = 43.1% done in 510.9s, 675.1s to go
on time step 1723 (time=21.5375), 0.326827 s/step
Meep progress: 21.712500000000002/50.0 = 43.4% done in 514.9s, 670.8s to go
on time step 1737 (time=21.7125), 0.286517 s/step
Meep progress: 21.887500000000003/50.0 = 43.8% done in 519.2s, 666.9s to go
on time step 1751 (time=21.8875), 0.310131 s/step
Meep progress: 22.05/50.0 = 44.1% done in 523.3s, 663.3s to go
on time step 1764 (time=22.05), 0.311313 s/step
Meep progress: 22.225/50.0 = 44.4% done in 527.6s, 659.3s to go
on time step 1778 (time=22.225), 0.307036 s/step
Meep progress: 22.387500000000003/50.0 = 44.8% done in 531.6s, 655.6s to go
on time step 1791 (time=22.3875), 0.309271 s/step
Meep progress: 22.5375/50.0 = 45.1% done in 535.7s, 652.8s to go
on time step 1803 (time=22.5375), 0.347296 s/step
Meep progress: 22.700000000000003/50.0 = 45.4% done in 539.8s, 649.2s to go
on time step 1816 (time=22.7), 0.310101 s/step
Meep progress: 22.8625/50.0 = 45.7% done in 543.9s, 645.6s to go
on time step 1829 (time=22.8625), 0.319617 s/step
Meep progress: 23.0375/50.0 = 46.1% done in 548.2s, 641.6s to go
on time step 1843 (time=23.0375), 0.304603 s/step
Meep progress: 23.200000000000003/50.0 = 46.4% done in 552.2s, 637.9s to go
on time step 1856 (time=23.2), 0.311534 s/step
Meep progress: 23.3625/50.0 = 46.7% done in 556.4s, 634.4s to go
on time step 1869 (time=23.3625), 0.322886 s/step
Meep progress: 23.55/50.0 = 47.1% done in 560.5s, 629.6s to go
on time step 1884 (time=23.55), 0.27323 s/step
Meep progress: 23.712500000000002/50.0 = 47.4% done in 564.8s, 626.1s to go
on time step 1897 (time=23.7125), 0.325593 s/step
Meep progress: 23.9125/50.0 = 47.8% done in 568.9s, 620.6s to go
on time step 1913 (time=23.9125), 0.256325 s/step
Meep progress: 24.075000000000003/50.0 = 48.2% done in 572.9s, 616.9s to go
on time step 1926 (time=24.075), 0.31123 s/step
Meep progress: 24.25/50.0 = 48.5% done in 577.1s, 612.8s to go
on time step 1940 (time=24.25), 0.300552 s/step
Meep progress: 24.425/50.0 = 48.8% done in 581.2s, 608.6s to go
on time step 1954 (time=24.425), 0.292413 s/step
Meep progress: 24.575000000000003/50.0 = 49.2% done in 585.2s, 605.5s to go
on time step 1966 (time=24.575), 0.335125 s/step
Meep progress: 24.7375/50.0 = 49.5% done in 589.5s, 602.0s to go
on time step 1979 (time=24.7375), 0.325895 s/step
Meep progress: 24.9125/50.0 = 49.8% done in 593.5s, 597.7s to go
on time step 1993 (time=24.9125), 0.289809 s/step
Meep progress: 25.087500000000002/50.0 = 50.2% done in 597.7s, 593.5s to go
on time step 2007 (time=25.0875), 0.294132 s/step
Meep progress: 25.25/50.0 = 50.5% done in 602.0s, 590.1s to go
on time step 2020 (time=25.25), 0.334272 s/step
Meep progress: 25.400000000000002/50.0 = 50.8% done in 606.3s, 587.2s to go
on time step 2032 (time=25.4), 0.354048 s/step
Meep progress: 25.587500000000002/50.0 = 51.2% done in 610.5s, 582.5s to go
on time step 2047 (time=25.5875), 0.282711 s/step
Meep progress: 25.7375/50.0 = 51.5% done in 614.5s, 579.3s to go
on time step 2059 (time=25.7375), 0.335387 s/step
Meep progress: 25.887500000000003/50.0 = 51.8% done in 618.6s, 576.1s to go
on time step 2071 (time=25.8875), 0.336729 s/step
Meep progress: 26.05/50.0 = 52.1% done in 622.8s, 572.6s to go
on time step 2084 (time=26.05), 0.322967 s/step
Meep progress: 26.212500000000002/50.0 = 52.4% done in 626.8s, 568.8s to go
on time step 2097 (time=26.2125), 0.309867 s/step
Meep progress: 26.400000000000002/50.0 = 52.8% done in 631.1s, 564.2s to go
on time step 2112 (time=26.4), 0.289385 s/step
Meep progress: 26.5375/50.0 = 53.1% done in 635.1s, 561.5s to go
on time step 2123 (time=26.5375), 0.364165 s/step
Meep progress: 26.700000000000003/50.0 = 53.4% done in 639.4s, 558.0s to go
on time step 2136 (time=26.7), 0.326458 s/step
Meep progress: 26.875/50.0 = 53.8% done in 643.4s, 553.6s to go
on time step 2150 (time=26.875), 0.288518 s/step
Meep progress: 27.025000000000002/50.0 = 54.0% done in 647.5s, 550.5s to go
on time step 2162 (time=27.025), 0.339529 s/step
Meep progress: 27.1875/50.0 = 54.4% done in 651.7s, 546.9s to go
on time step 2175 (time=27.1875), 0.32702 s/step
Meep progress: 27.387500000000003/50.0 = 54.8% done in 655.9s, 541.5s to go
on time step 2191 (time=27.3875), 0.258183 s/step
Meep progress: 27.5625/50.0 = 55.1% done in 660.1s, 537.3s to go
on time step 2205 (time=27.5625), 0.299929 s/step
Meep progress: 27.75/50.0 = 55.5% done in 664.2s, 532.6s to go
on time step 2220 (time=27.75), 0.27645 s/step
Meep progress: 27.925/50.0 = 55.8% done in 668.4s, 528.3s to go
on time step 2234 (time=27.925), 0.295691 s/step
Meep progress: 28.125/50.0 = 56.2% done in 672.5s, 523.0s to go
on time step 2250 (time=28.125), 0.255923 s/step
Meep progress: 28.2875/50.0 = 56.6% done in 676.7s, 519.4s to go
on time step 2263 (time=28.2875), 0.325909 s/step
Meep progress: 28.462500000000002/50.0 = 56.9% done in 680.8s, 515.2s to go
on time step 2277 (time=28.4625), 0.294924 s/step
Meep progress: 28.6625/50.0 = 57.3% done in 685.1s, 510.0s to go
on time step 2293 (time=28.6625), 0.265603 s/step
Meep progress: 28.8625/50.0 = 57.7% done in 689.1s, 504.7s to go
on time step 2309 (time=28.8625), 0.251993 s/step
Meep progress: 29.0625/50.0 = 58.1% done in 693.2s, 499.4s to go
on time step 2325 (time=29.0625), 0.255715 s/step
Meep progress: 29.25/50.0 = 58.5% done in 697.4s, 494.7s to go
on time step 2340 (time=29.25), 0.278326 s/step
Meep progress: 29.425/50.0 = 58.8% done in 701.6s, 490.6s to go
on time step 2354 (time=29.425), 0.301445 s/step
Meep progress: 29.625/50.0 = 59.2% done in 705.8s, 485.4s to go
on time step 2370 (time=29.625), 0.262005 s/step
Meep progress: 29.825000000000003/50.0 = 59.6% done in 709.8s, 480.1s to go
on time step 2386 (time=29.825), 0.251456 s/step
Meep progress: 30.012500000000003/50.0 = 60.0% done in 714.0s, 475.5s to go
on time step 2401 (time=30.0125), 0.278685 s/step
Meep progress: 30.200000000000003/50.0 = 60.4% done in 718.1s, 470.8s to go
on time step 2416 (time=30.2), 0.274238 s/step
Meep progress: 30.400000000000002/50.0 = 60.8% done in 722.3s, 465.7s to go
on time step 2432 (time=30.4), 0.265437 s/step
Meep progress: 30.575000000000003/50.0 = 61.2% done in 726.6s, 461.6s to go
on time step 2446 (time=30.575), 0.304751 s/step
Meep progress: 30.7375/50.0 = 61.5% done in 730.8s, 458.0s to go
on time step 2459 (time=30.7375), 0.320454 s/step
Meep progress: 30.900000000000002/50.0 = 61.8% done in 734.8s, 454.2s to go
on time step 2472 (time=30.9), 0.309177 s/step
Meep progress: 31.075000000000003/50.0 = 62.2% done in 739.1s, 450.1s to go
on time step 2486 (time=31.075), 0.30608 s/step
Meep progress: 31.2375/50.0 = 62.5% done in 743.1s, 446.3s to go
on time step 2499 (time=31.2375), 0.307874 s/step
Meep progress: 31.4125/50.0 = 62.8% done in 747.4s, 442.2s to go
on time step 2513 (time=31.4125), 0.307047 s/step
Meep progress: 31.5625/50.0 = 63.1% done in 751.4s, 439.0s to go
on time step 2525 (time=31.5625), 0.336993 s/step
Meep progress: 31.75/50.0 = 63.5% done in 755.6s, 434.3s to go
on time step 2540 (time=31.75), 0.280676 s/step
Meep progress: 31.900000000000002/50.0 = 63.8% done in 759.7s, 431.1s to go
on time step 2552 (time=31.9), 0.339308 s/step
Meep progress: 32.0875/50.0 = 64.2% done in 763.7s, 426.4s to go
on time step 2567 (time=32.0875), 0.269283 s/step
Meep progress: 32.237500000000004/50.0 = 64.5% done in 767.9s, 423.1s to go
on time step 2579 (time=32.2375), 0.34591 s/step
Meep progress: 32.4125/50.0 = 64.8% done in 772.1s, 419.0s to go
on time step 2593 (time=32.4125), 0.299806 s/step
Meep progress: 32.575/50.0 = 65.2% done in 776.1s, 415.2s to go
on time step 2606 (time=32.575), 0.309063 s/step
Meep progress: 32.75/50.0 = 65.5% done in 780.3s, 411.0s to go
on time step 2620 (time=32.75), 0.297601 s/step
Meep progress: 32.9125/50.0 = 65.8% done in 784.6s, 407.3s to go
on time step 2633 (time=32.9125), 0.329614 s/step
Meep progress: 33.0625/50.0 = 66.1% done in 788.6s, 404.0s to go
on time step 2645 (time=33.0625), 0.337557 s/step
Meep progress: 33.225/50.0 = 66.4% done in 793.0s, 400.4s to go
on time step 2658 (time=33.225), 0.33403 s/step
Meep progress: 33.3875/50.0 = 66.8% done in 797.2s, 396.7s to go
on time step 2671 (time=33.3875), 0.326145 s/step
Meep progress: 33.550000000000004/50.0 = 67.1% done in 801.4s, 393.0s to go
on time step 2684 (time=33.55), 0.327032 s/step
Meep progress: 33.7125/50.0 = 67.4% done in 805.5s, 389.2s to go
on time step 2697 (time=33.7125), 0.309999 s/step
Meep progress: 33.9125/50.0 = 67.8% done in 809.6s, 384.0s to go
on time step 2713 (time=33.9125), 0.255489 s/step
Meep progress: 34.075/50.0 = 68.2% done in 813.6s, 380.2s to go
on time step 2726 (time=34.075), 0.308261 s/step
Meep progress: 34.275/50.0 = 68.6% done in 817.8s, 375.2s to go
on time step 2742 (time=34.275), 0.264339 s/step
Meep progress: 34.425000000000004/50.0 = 68.9% done in 821.9s, 371.9s to go
on time step 2754 (time=34.425), 0.341369 s/step
Meep progress: 34.6/50.0 = 69.2% done in 826.1s, 367.7s to go
on time step 2768 (time=34.6), 0.301196 s/step
Meep progress: 34.7625/50.0 = 69.5% done in 830.1s, 363.9s to go
on time step 2781 (time=34.7625), 0.309971 s/step
Meep progress: 34.9375/50.0 = 69.9% done in 834.4s, 359.8s to go
on time step 2795 (time=34.9375), 0.307055 s/step
Meep progress: 35.1/50.0 = 70.2% done in 838.7s, 356.0s to go
on time step 2808 (time=35.1), 0.323447 s/step
Meep progress: 35.275/50.0 = 70.6% done in 842.8s, 351.8s to go
on time step 2822 (time=35.275), 0.295187 s/step
Meep progress: 35.45/50.0 = 70.9% done in 846.8s, 347.6s to go
on time step 2836 (time=35.45), 0.289159 s/step
Meep progress: 35.612500000000004/50.0 = 71.2% done in 851.1s, 343.9s to go
on time step 2849 (time=35.6125), 0.329695 s/step
Meep progress: 35.7875/50.0 = 71.6% done in 855.3s, 339.7s to go
on time step 2863 (time=35.7875), 0.296448 s/step
Meep progress: 35.95/50.0 = 71.9% done in 859.6s, 335.9s to go
on time step 2876 (time=35.95), 0.331196 s/step
Meep progress: 36.125/50.0 = 72.2% done in 863.6s, 331.7s to go
on time step 2890 (time=36.125), 0.288111 s/step
Meep progress: 36.325/50.0 = 72.6% done in 867.9s, 326.7s to go
on time step 2906 (time=36.325), 0.267641 s/step
Meep progress: 36.5125/50.0 = 73.0% done in 872.0s, 322.1s to go
on time step 2921 (time=36.5125), 0.273425 s/step
Meep progress: 36.6875/50.0 = 73.4% done in 876.1s, 317.9s to go
on time step 2935 (time=36.6875), 0.291528 s/step
Meep progress: 36.862500000000004/50.0 = 73.7% done in 880.3s, 313.7s to go
on time step 2949 (time=36.8625), 0.299308 s/step
Meep progress: 37.0625/50.0 = 74.1% done in 884.4s, 308.7s to go
on time step 2965 (time=37.0625), 0.257107 s/step
Meep progress: 37.225/50.0 = 74.4% done in 888.4s, 304.9s to go
on time step 2978 (time=37.225), 0.310011 s/step
Meep progress: 37.4/50.0 = 74.8% done in 892.6s, 300.7s to go
on time step 2992 (time=37.4), 0.298372 s/step
Meep progress: 37.5625/50.0 = 75.1% done in 896.8s, 297.0s to go
on time step 3005 (time=37.5625), 0.32684 s/step
Meep progress: 37.737500000000004/50.0 = 75.5% done in 901.1s, 292.8s to go
on time step 3019 (time=37.7375), 0.302724 s/step
Meep progress: 37.9/50.0 = 75.8% done in 905.3s, 289.0s to go
on time step 3032 (time=37.9), 0.324961 s/step
Meep progress: 38.0875/50.0 = 76.2% done in 909.5s, 284.5s to go
on time step 3047 (time=38.0875), 0.283035 s/step
Meep progress: 38.25/50.0 = 76.5% done in 913.8s, 280.7s to go
on time step 3060 (time=38.25), 0.327625 s/step
Meep progress: 38.4125/50.0 = 76.8% done in 917.9s, 276.9s to go
on time step 3073 (time=38.4125), 0.314855 s/step
Meep progress: 38.612500000000004/50.0 = 77.2% done in 922.0s, 271.9s to go
on time step 3089 (time=38.6125), 0.256685 s/step
Meep progress: 38.8125/50.0 = 77.6% done in 926.1s, 266.9s to go
on time step 3105 (time=38.8125), 0.253549 s/step
Meep progress: 38.975/50.0 = 78.0% done in 930.2s, 263.1s to go
on time step 3118 (time=38.975), 0.317478 s/step
Meep progress: 39.1375/50.0 = 78.3% done in 934.5s, 259.4s to go
on time step 3131 (time=39.1375), 0.330248 s/step
Meep progress: 39.3125/50.0 = 78.6% done in 938.7s, 255.2s to go
on time step 3145 (time=39.3125), 0.305094 s/step
Meep progress: 39.475/50.0 = 79.0% done in 942.8s, 251.4s to go
on time step 3158 (time=39.475), 0.307877 s/step
Meep progress: 39.6625/50.0 = 79.3% done in 947.1s, 246.9s to go
on time step 3173 (time=39.6625), 0.292938 s/step
Meep progress: 39.825/50.0 = 79.6% done in 951.2s, 243.0s to go
on time step 3186 (time=39.825), 0.315093 s/step
Meep progress: 39.975/50.0 = 80.0% done in 955.4s, 239.6s to go
on time step 3198 (time=39.975), 0.343736 s/step
Meep progress: 40.1375/50.0 = 80.3% done in 959.5s, 235.8s to go
on time step 3211 (time=40.1375), 0.31484 s/step
Meep progress: 40.300000000000004/50.0 = 80.6% done in 963.6s, 231.9s to go
on time step 3224 (time=40.3), 0.321835 s/step
Meep progress: 40.462500000000006/50.0 = 80.9% done in 967.9s, 228.1s to go
on time step 3237 (time=40.4625), 0.326704 s/step
Meep progress: 40.625/50.0 = 81.2% done in 971.9s, 224.3s to go
on time step 3250 (time=40.625), 0.310452 s/step
Meep progress: 40.800000000000004/50.0 = 81.6% done in 976.2s, 220.1s to go
on time step 3264 (time=40.8), 0.306873 s/step
Meep progress: 40.975/50.0 = 82.0% done in 980.5s, 216.0s to go
on time step 3278 (time=40.975), 0.305423 s/step
Meep progress: 41.1375/50.0 = 82.3% done in 984.5s, 212.1s to go
on time step 3291 (time=41.1375), 0.309588 s/step
Meep progress: 41.2875/50.0 = 82.6% done in 988.6s, 208.6s to go
on time step 3303 (time=41.2875), 0.336478 s/step
Meep progress: 41.462500000000006/50.0 = 82.9% done in 992.8s, 204.4s to go
on time step 3317 (time=41.4625), 0.299836 s/step
Meep progress: 41.6/50.0 = 83.2% done in 996.8s, 201.3s to go
on time step 3328 (time=41.6), 0.36371 s/step
Meep progress: 41.775000000000006/50.0 = 83.6% done in 1001.0s, 197.1s to go
on time step 3342 (time=41.775), 0.299901 s/step
Meep progress: 41.95/50.0 = 83.9% done in 1005.1s, 192.9s to go
on time step 3356 (time=41.95), 0.298111 s/step
Meep progress: 42.125/50.0 = 84.2% done in 1009.2s, 188.7s to go
on time step 3370 (time=42.125), 0.290952 s/step
Meep progress: 42.300000000000004/50.0 = 84.6% done in 1013.4s, 184.5s to go
on time step 3384 (time=42.3), 0.29924 s/step
Meep progress: 42.45/50.0 = 84.9% done in 1017.7s, 181.0s to go
on time step 3396 (time=42.45), 0.359471 s/step
Meep progress: 42.612500000000004/50.0 = 85.2% done in 1022.0s, 177.2s to go
on time step 3409 (time=42.6125), 0.331592 s/step
Meep progress: 42.7625/50.0 = 85.5% done in 1026.0s, 173.7s to go
on time step 3421 (time=42.7625), 0.335262 s/step
Meep progress: 42.9375/50.0 = 85.9% done in 1030.3s, 169.5s to go
on time step 3435 (time=42.9375), 0.304879 s/step
Meep progress: 43.1/50.0 = 86.2% done in 1034.3s, 165.6s to go
on time step 3448 (time=43.1), 0.30794 s/step
Meep progress: 43.275000000000006/50.0 = 86.6% done in 1038.6s, 161.4s to go
on time step 3462 (time=43.275), 0.305279 s/step
Meep progress: 43.45/50.0 = 86.9% done in 1042.9s, 157.2s to go
on time step 3476 (time=43.45), 0.307458 s/step
Meep progress: 43.650000000000006/50.0 = 87.3% done in 1047.1s, 152.3s to go
on time step 3492 (time=43.65), 0.265513 s/step
Meep progress: 43.837500000000006/50.0 = 87.7% done in 1051.4s, 147.8s to go
on time step 3507 (time=43.8375), 0.282395 s/step
Meep progress: 44.0/50.0 = 88.0% done in 1055.4s, 143.9s to go
on time step 3520 (time=44), 0.310005 s/step
Meep progress: 44.150000000000006/50.0 = 88.3% done in 1059.6s, 140.4s to go
on time step 3532 (time=44.15), 0.352558 s/step
Meep progress: 44.325/50.0 = 88.6% done in 1063.8s, 136.2s to go
on time step 3546 (time=44.325), 0.298594 s/step
Meep progress: 44.525000000000006/50.0 = 89.1% done in 1067.9s, 131.3s to go
on time step 3562 (time=44.525), 0.257664 s/step
Meep progress: 44.725/50.0 = 89.4% done in 1072.0s, 126.4s to go
on time step 3578 (time=44.725), 0.256406 s/step
Meep progress: 44.925000000000004/50.0 = 89.9% done in 1076.2s, 121.6s to go
on time step 3594 (time=44.925), 0.25914 s/step
Meep progress: 45.075/50.0 = 90.2% done in 1080.2s, 118.0s to go
on time step 3606 (time=45.075), 0.338141 s/step
Meep progress: 45.2625/50.0 = 90.5% done in 1084.4s, 113.5s to go
on time step 3621 (time=45.2625), 0.277095 s/step
Meep progress: 45.4125/50.0 = 90.8% done in 1088.6s, 110.0s to go
on time step 3633 (time=45.4125), 0.352604 s/step
Meep progress: 45.587500000000006/50.0 = 91.2% done in 1092.8s, 105.8s to go
on time step 3647 (time=45.5875), 0.299776 s/step
Meep progress: 45.7625/50.0 = 91.5% done in 1097.1s, 101.6s to go
on time step 3661 (time=45.7625), 0.307381 s/step
Meep progress: 45.9375/50.0 = 91.9% done in 1101.4s, 97.4s to go
on time step 3675 (time=45.9375), 0.303595 s/step
Meep progress: 46.1/50.0 = 92.2% done in 1105.4s, 93.5s to go
on time step 3688 (time=46.1), 0.308275 s/step
Meep progress: 46.2625/50.0 = 92.5% done in 1109.4s, 89.6s to go
on time step 3701 (time=46.2625), 0.308568 s/step
Meep progress: 46.4375/50.0 = 92.9% done in 1113.7s, 85.4s to go
on time step 3715 (time=46.4375), 0.310032 s/step
Meep progress: 46.625/50.0 = 93.2% done in 1117.9s, 80.9s to go
on time step 3730 (time=46.625), 0.276429 s/step
Meep progress: 46.775000000000006/50.0 = 93.6% done in 1122.0s, 77.4s to go
on time step 3742 (time=46.775), 0.34601 s/step
Meep progress: 46.95/50.0 = 93.9% done in 1126.3s, 73.2s to go
on time step 3756 (time=46.95), 0.304315 s/step
Meep progress: 47.125/50.0 = 94.2% done in 1130.6s, 69.0s to go
on time step 3770 (time=47.125), 0.303702 s/step
Meep progress: 47.275000000000006/50.0 = 94.6% done in 1134.6s, 65.4s to go
on time step 3782 (time=47.275), 0.33866 s/step
Meep progress: 47.462500000000006/50.0 = 94.9% done in 1138.7s, 60.9s to go
on time step 3797 (time=47.4625), 0.2689 s/step
Meep progress: 47.650000000000006/50.0 = 95.3% done in 1142.9s, 56.4s to go
on time step 3812 (time=47.65), 0.279987 s/step
Meep progress: 47.8125/50.0 = 95.6% done in 1147.1s, 52.5s to go
on time step 3825 (time=47.8125), 0.328052 s/step
Meep progress: 47.987500000000004/50.0 = 96.0% done in 1151.4s, 48.3s to go
on time step 3839 (time=47.9875), 0.304397 s/step
Meep progress: 48.175000000000004/50.0 = 96.4% done in 1155.5s, 43.8s to go
on time step 3854 (time=48.175), 0.273472 s/step
Meep progress: 48.375/50.0 = 96.8% done in 1159.5s, 39.0s to go
on time step 3870 (time=48.375), 0.252777 s/step
Meep progress: 48.525000000000006/50.0 = 97.1% done in 1163.5s, 35.4s to go
on time step 3882 (time=48.525), 0.333729 s/step
Meep progress: 48.6875/50.0 = 97.4% done in 1167.7s, 31.5s to go
on time step 3895 (time=48.6875), 0.321154 s/step
Meep progress: 48.837500000000006/50.0 = 97.7% done in 1171.9s, 27.9s to go
on time step 3907 (time=48.8375), 0.350395 s/step
Meep progress: 49.0125/50.0 = 98.0% done in 1176.1s, 23.7s to go
on time step 3921 (time=49.0125), 0.297067 s/step
Meep progress: 49.1875/50.0 = 98.4% done in 1180.1s, 19.5s to go
on time step 3935 (time=49.1875), 0.291178 s/step
Meep progress: 49.362500000000004/50.0 = 98.7% done in 1184.4s, 15.3s to go
on time step 3949 (time=49.3625), 0.30358 s/step
Meep progress: 49.5375/50.0 = 99.1% done in 1188.7s, 11.1s to go
on time step 3963 (time=49.5375), 0.305892 s/step
Meep progress: 49.712500000000006/50.0 = 99.4% done in 1192.9s, 6.9s to go
on time step 3977 (time=49.7125), 0.304596 s/step
Meep progress: 49.875/50.0 = 99.8% done in 1197.0s, 3.0s to go
on time step 3990 (time=49.875), 0.313718 s/step
run 0 finished at t = 50.0 (4000 timesteps)
flux1:, 0.5, 1.2372334062412954e-6, -7.93048095182872e-7
flux1:, 0.5066889632107023, 1.3807037347532043e-6, -9.612848671640303e-7
flux1:, 0.5133779264214047, 1.4743038560410282e-6, -1.0297226687587598e-6
flux1:, 0.520066889632107, 1.7153822313345246e-6, -1.0393714081004083e-6
flux1:, 0.5267558528428093, 2.022219573604918e-6, -1.3270671310734022e-6
flux1:, 0.5334448160535117, 2.241237896092113e-6, -1.5659763781917333e-6
flux1:, 0.540133779264214, 2.592464887153501e-6, -1.5229537168306063e-6
flux1:, 0.5468227424749164, 3.1061185744539686e-6, -1.7349724462789401e-6
flux1:, 0.5535117056856187, 3.506465275649547e-6, -2.149596261695682e-6
flux1:, 0.560200668896321, 3.99391629966523e-6, -2.211908762056835e-6
flux1:, 0.5668896321070234, 4.765639481530676e-6, -2.357016948375311e-6
flux1:, 0.5735785953177257, 5.36119340659916e-6, -2.9252492605408826e-6
flux1:, 0.580267558528428, 5.8392376369012385e-6, -3.2342038435668895e-6
flux1:, 0.5869565217391304, 6.868384031215274e-6, -3.410363147549027e-6
flux1:, 0.5936454849498327, 8.034126265388496e-6, -4.1181965903073225e-6
flux1:, 0.600334448160535, 8.65925286763344e-6, -4.788594530088325e-6
flux1:, 0.6070234113712374, 9.578715491252466e-6, -5.303044850758852e-6
flux1:, 0.6137123745819397, 1.1392765268752282e-5, -6.5461246416848e-6
flux1:, 0.6204013377926421, 1.317602616118026e-5, -7.749339049318196e-6
flux1:, 0.6270903010033444, 1.4701827850404336e-5, -8.1555849782723e-6
flux1:, 0.6337792642140467, 1.6768560665032558e-5, -9.525617487211929e-6
flux1:, 0.6404682274247491, 1.9296869829356146e-5, -1.1987637900431847e-5
flux1:, 0.6471571906354514, 2.2048162541177945e-5, -1.3144129709607543e-5
flux1:, 0.6538461538461537, 2.5322546200261353e-5, -1.3882307009790078e-5
flux1:, 0.6605351170568561, 2.8693467846670118e-5, -1.650999867521066e-5
flux1:, 0.6672240802675584, 3.204816985291661e-5, -1.91872502828585e-5
flux1:, 0.6739130434782608, 3.628684283090873e-5, -2.0775130656364132e-5
flux1:, 0.6806020066889631, 4.0633717807838155e-5, -2.3911756941149617e-5
flux1:, 0.6872909698996654, 4.38745698668009e-5, -2.8360509746077606e-5
flux1:, 0.6939799331103678, 4.79200504000302e-5, -3.211698312795481e-5
flux1:, 0.7006688963210701, 5.3890922612654516e-5, -3.752078397266433e-5
flux1:, 0.7073578595317724, 5.963846907760825e-5, -4.5668675553285225e-5
flux1:, 0.7140468227424748, 6.644848105939249e-5, -5.306226379963941e-5
flux1:, 0.7207357859531771, 7.751043772030103e-5, -5.952567826262167e-5
flux1:, 0.7274247491638794, 8.809133001898453e-5, -6.750400567618787e-5
flux1:, 0.7341137123745818, 9.287575953648596e-5, -7.631849977490741e-5
flux1:, 0.7408026755852841, 9.862982149262125e-5, -8.768307331465968e-5
flux1:, 0.7474916387959865, 1.1134539447735482e-4, -1.0526713181341994e-4
flux1:, 0.7541806020066888, 1.2295397154517466e-4, -1.2436319390003603e-4
flux1:, 0.7608695652173911, 1.2904876238108872e-4, -1.3852876474024212e-4
flux1:, 0.7675585284280935, 1.4041705758893798e-4, -1.5274396648037715e-4
flux1:, 0.7742474916387958, 1.6143467905959725e-4, -1.750581252408026e-4
flux1:, 0.7809364548494981, 1.810842566811446e-4, -2.0476775536013334e-4
flux1:, 0.7876254180602005, 1.9464162021529916e-4, -2.374413005238742e-4
flux1:, 0.7943143812709028, 2.0769317819895977e-4, -2.7282898900830914e-4
flux1:, 0.8010033444816052, 2.188530806064037e-4, -3.1353912798493704e-4
flux1:, 0.8076923076923075, 2.2616616459726407e-4, -3.543051316843061e-4
flux1:, 0.8143812709030098, 2.3927994495252788e-4, -3.8203620697700806e-4
flux1:, 0.8210702341137122, 2.589498297655436e-4, -4.0695930955756413e-4
flux1:, 0.8277591973244145, 2.687880215781943e-4, -4.6814877363642314e-4
flux1:, 0.8344481605351168, 2.6895872199622704e-4, -5.720291874411624e-4
flux1:, 0.8411371237458192, 2.8030742889579555e-4, -6.752929755019419e-4
flux1:, 0.8478260869565215, 3.036987894498661e-4, -7.616217762287733e-4
flux1:, 0.8545150501672238, 3.235725720912161e-4, -8.591956246402302e-4
flux1:, 0.8612040133779262, 3.435781868457235e-4, -9.775058773507804e-4
flux1:, 0.8678929765886285, 3.6550230379216154e-4, -0.0011120364589840863
flux1:, 0.8745819397993309, 3.686803264412643e-4, -0.001265057640137967
flux1:, 0.8812709030100332, 3.555824712546833e-4, -0.0014070918549772423
flux1:, 0.8879598662207355, 3.5178979961626554e-4, -0.00152937790973814
flux1:, 0.8946488294314379, 3.4600883167589495e-4, -0.0017142617274581667
flux1:, 0.9013377926421402, 3.244646438590088e-4, -0.0019914218571165515
flux1:, 0.9080267558528425, 3.2606138633229514e-4, -0.002251662635397724
flux1:, 0.9147157190635449, 3.528359397396979e-4, -0.0024614313047193813
flux1:, 0.9214046822742472, 3.3147556137877107e-4, -0.0027185457854898712
flux1:, 0.9280936454849495, 2.6435245221414133e-4, -0.003018505272326125
flux1:, 0.9347826086956519, 2.4757711611046084e-4, -0.003298807521404898
flux1:, 0.9414715719063542, 2.817583914622615e-4, -0.0036386233136145663
flux1:, 0.9481605351170566, 2.7945356835520896e-4, -0.0040625159169992075
flux1:, 0.9548494983277589, 2.494438732067184e-4, -0.004407463129812089
flux1:, 0.9615384615384612, 2.630256165136975e-4, -0.004657440322054421
flux1:, 0.9682274247491636, 3.2333811343489315e-4, -0.005004105702273201
flux1:, 0.9749163879598659, 4.096217751929456e-4, -0.005487440014268475
flux1:, 0.9816053511705682, 5.079492266920772e-4, -0.0060188551413385295
flux1:, 0.9882943143812706, 5.850032551553324e-4, -0.006593795384860081
flux1:, 0.9949832775919729, 6.825358227260079e-4, -0.007141065234561519
flux1:, 1.0016722408026753, 8.85287932907694e-4, -0.007556815845723618
flux1:, 1.0083612040133776, 0.0011048697492262555, -0.00797705715528004
flux1:, 1.01505016722408, 0.0012136256768210951, -0.00852057810588757
flux1:, 1.0217391304347823, 0.0013607484099162344, -0.009036303555999716
flux1:, 1.0284280936454846, 0.0017234754538548787, -0.009518335499370624
flux1:, 1.035117056856187, 0.0021401479811919717, -0.010135813330175717
flux1:, 1.0418060200668893, 0.0024531503144687066, -0.010728376939295277
flux1:, 1.0484949832775916, 0.0028570803238784494, -0.011133646313049765
flux1:, 1.055183946488294, 0.0034888837117553646, -0.01167370703815554
flux1:, 1.0618729096989963, 0.004127161701248614, -0.012451982433857669
flux1:, 1.0685618729096986, 0.00461434722577801, -0.013031176477546463
flux1:, 1.075250836120401, 0.005144410013944589, -0.013418457110657664
flux1:, 1.0819397993311033, 0.0059410063765077915, -0.014076340924158881
flux1:, 1.0886287625418056, 0.00694028710730812, -0.014823212191028575
flux1:, 1.095317725752508, 0.007878714745081368, -0.015235780169730442
flux1:, 1.1020066889632103, 0.008627333681776699, -0.01569844934411677
flux1:, 1.1086956521739126, 0.009400094482119285, -0.01658570248384729
flux1:, 1.115384615384615, 0.010468631152437487, -0.017349928671901074
flux1:, 1.1220735785953173, 0.011730103035772295, -0.017603706705221163
flux1:, 1.1287625418060196, 0.01288590987327062, -0.017892388321104277
flux1:, 1.135451505016722, 0.013939993491047404, -0.018645946535300835
flux1:, 1.1421404682274243, 0.015161119317712897, -0.019557558768617513
flux1:, 1.1488294314381267, 0.016689072846634664, -0.020326881506206325
flux1:, 1.155518394648829, 0.018405182732624238, -0.021094322405462412
flux1:, 1.1622073578595313, 0.020072899329655336, -0.022028300094220486
flux1:, 1.1688963210702337, 0.02160798499357574, -0.022972500729746766
flux1:, 1.175585284280936, 0.02322743867782077, -0.02367102256684165
flux1:, 1.1822742474916383, 0.025107272380326746, -0.024275594029490973
flux1:, 1.1889632107023407, 0.027088782558131484, -0.025147022473315933
flux1:, 1.195652173913043, 0.029097764730277014, -0.026004183518825642
flux1:, 1.2023411371237454, 0.031393011099861215, -0.026247517913301197
flux1:, 1.2090301003344477, 0.034021826994477936, -0.026210684244747207
flux1:, 1.21571906354515, 0.0367256384948931, -0.026636060166821733
flux1:, 1.2224080267558524, 0.03953656750825163, -0.027218466020205924
flux1:, 1.2290969899665547, 0.0425082095040928, -0.027449354847799062
flux1:, 1.235785953177257, 0.04500472937075796, -0.02798725421470556
flux1:, 1.2424749163879594, 0.046481258261828695, -0.029350755102905555
flux1:, 1.2491638795986617, 0.047704841061272464, -0.030771839974698297
flux1:, 1.255852842809364, 0.049959838071619744, -0.031832392786914555
flux1:, 1.2625418060200664, 0.053310998264661305, -0.033188148436631745
flux1:, 1.2692307692307687, 0.05668831990015277, -0.0348352314517943
flux1:, 1.275919732441471, 0.059438107325045564, -0.03602410022486839
flux1:, 1.2826086956521734, 0.06196190037147147, -0.036937989777057714
flux1:, 1.2892976588628757, 0.06491240696094529, -0.03814246932358277
flux1:, 1.295986622073578, 0.06834324599014124, -0.03920134663186878
flux1:, 1.3026755852842804, 0.0718000262087493, -0.039843656380408383
flux1:, 1.3093645484949827, 0.07498132913946398, -0.04094346931048448
flux1:, 1.316053511705685, 0.07803341734176267, -0.042861727417845615
flux1:, 1.3227424749163874, 0.08115443895620807, -0.04475675355500363
flux1:, 1.3294314381270897, 0.08415833988292433, -0.04623403976827663
flux1:, 1.336120401337792, 0.08674605873919258, -0.04765970002059064
flux1:, 1.3428093645484944, 0.08912699451639339, -0.049010489620171044
flux1:, 1.3494983277591968, 0.09183919811762442, -0.0501722233796732
flux1:, 1.356187290969899, 0.09486121900441735, -0.051403173363066136
flux1:, 1.3628762541806014, 0.0976766192500733, -0.052373649869070144
flux1:, 1.3695652173913038, 0.10044494130859202, -0.05245187923084719
flux1:, 1.376254180602006, 0.10400695435991517, -0.05234805054941463
flux1:, 1.3829431438127084, 0.10825645738503865, -0.05340077173369255
flux1:, 1.3896321070234108, 0.11176412117986792, -0.05550333446720171
flux1:, 1.3963210702341131, 0.11377387375209046, -0.05757304471700461
flux1:, 1.4030100334448155, 0.11548440208776095, -0.059144651253818535
flux1:, 1.4096989966555178, 0.11841386377458223, -0.06031532955259214
flux1:, 1.4163879598662201, 0.12223543027645564, -0.06137281679629872
flux1:, 1.4230769230769225, 0.1253753574183901, -0.06271262147529406
flux1:, 1.4297658862876248, 0.12744986952388604, -0.06411969180610737
flux1:, 1.4364548494983271, 0.12957690573384023, -0.06505747692824745
flux1:, 1.4431438127090295, 0.13202178103231238, -0.06596826218529797
flux1:, 1.4498327759197318, 0.1335453655142335, -0.06747365244755554
flux1:, 1.4565217391304341, 0.13393841115672972, -0.06903787373174604
flux1:, 1.4632107023411365, 0.13489139040714973, -0.07039658078168445
flux1:, 1.4698996655518388, 0.13713208227555423, -0.07227576284609369
flux1:, 1.4765886287625412, 0.13901407089920534, -0.07438998931916953
flux1:, 1.4832775919732435, 0.13915839576068909, -0.07586694035570107
flux1:, 1.4899665551839458, 0.13852528563035482, -0.07750125799395706
flux1:, 1.4966555183946482, 0.1389789477634413, -0.07991034367531767
flux1:, 1.5033444816053505, 0.14104536169113918, -0.08156783491131285
flux1:, 1.5100334448160528, 0.1434127951633331, -0.08212319309902064
flux1:, 1.5167224080267552, 0.14428856854464547, -0.0837484941845477
flux1:, 1.5234113712374575, 0.1433701672967225, -0.08687886135423065
flux1:, 1.5301003344481598, 0.14185658793830258, -0.08969941048795228
flux1:, 1.5367892976588622, 0.14027999457063586, -0.09226109270273421
flux1:, 1.5434782608695645, 0.13805975829713332, -0.09566544389998559
flux1:, 1.5501672240802669, 0.13556914856551833, -0.09860676764143503
flux1:, 1.5568561872909692, 0.13424268481956375, -0.09937943723078495
flux1:, 1.5635451505016715, 0.13415438383797756, -0.09877729154751703
flux1:, 1.5702341137123739, 0.1337432971762975, -0.09848068227685998
flux1:, 1.5769230769230762, 0.13217519259645827, -0.09957142309716187
flux1:, 1.5836120401337785, 0.13016138130468702, -0.10259992110147417
flux1:, 1.5903010033444809, 0.12836504503371862, -0.1063993673867676
flux1:, 1.5969899665551832, 0.1262874365082765, -0.10872129421416818
flux1:, 1.6036789297658856, 0.12311523485542403, -0.10933977342675502
flux1:, 1.610367892976588, 0.11911310719281419, -0.10974392594965351
flux1:, 1.6170568561872902, 0.1153675517275372, -0.11051068701446169
flux1:, 1.6237458193979926, 0.11225422223804964, -0.11165626198277864
flux1:, 1.630434782608695, 0.10941113307693576, -0.11326557693743786
flux1:, 1.6371237458193972, 0.10692382106833417, -0.11456200198687283
flux1:, 1.6438127090300996, 0.10466334605813697, -0.1153524868317312
flux1:, 1.650501672240802, 0.10128637052492397, -0.11707565955034531
flux1:, 1.6571906354515042, 0.09616770438256314, -0.11961196751194327
flux1:, 1.6638795986622066, 0.09079307488423062, -0.12096628175390796
flux1:, 1.670568561872909, 0.08615374810340728, -0.1217503846428467
flux1:, 1.6772575250836113, 0.08128737132052098, -0.12416673761088999
flux1:, 1.6839464882943136, 0.07601556631005152, -0.1268078035990363
flux1:, 1.690635451505016, 0.07168423060184441, -0.12705191607025218
flux1:, 1.6973244147157183, 0.06808199938098947, -0.12631244301097325
flux1:, 1.7040133779264206, 0.06343107273796698, -0.12691142707591127
flux1:, 1.710702341137123, 0.057901547278581336, -0.12783091786609688
flux1:, 1.7173913043478253, 0.05343846357388746, -0.12796968062474262
flux1:, 1.7240802675585276, 0.05021224258480126, -0.12849068546718945
flux1:, 1.73076923076923, 0.046479933753126215, -0.12961338057139613
flux1:, 1.7374581939799323, 0.04155119088035788, -0.13017514745521327
flux1:, 1.7441471571906346, 0.03638843031741672, -0.13043791786962408
flux1:, 1.750836120401337, 0.0317812338644342, -0.1309950659565602
flux1:, 1.7575250836120393, 0.02767965742997377, -0.1307517811862836
flux1:, 1.7642140468227416, 0.023930509086351002, -0.12924902880717762
flux1:, 1.770903010033444, 0.020572588148777146, -0.1280521894198724
flux1:, 1.7775919732441463, 0.01759547339085905, -0.12783758142345042
flux1:, 1.7842809364548486, 0.014937166217351484, -0.12735036852820675
flux1:, 1.790969899665551, 0.01257661135720199, -0.12600221252637556
flux1:, 1.7976588628762533, 0.010429187880568827, -0.12437419715932677
flux1:, 1.8043478260869557, 0.008394686209108815, -0.12231639602915655
flux1:, 1.811036789297658, 0.006608406410079312, -0.11928870688079204
flux1:, 1.8177257525083603, 0.005306427316486633, -0.11583555852124003
flux1:, 1.8244147157190627, 0.004427622638845636, -0.1125263773885425
flux1:, 1.831103678929765, 0.003764163254868792, -0.10868205129100969
flux1:, 1.8377926421404673, 0.003345136441732379, -0.10397942748073571
flux1:, 1.8444816053511697, 0.0031901685532132918, -0.0996832389654856
flux1:, 1.851170568561872, 0.0030711855494474625, -0.09659526015531748
flux1:, 1.8578595317725743, 0.0029984625539542045, -0.09354125144414294
flux1:, 1.8645484949832767, 0.003334597038606806, -0.08936590417950434
flux1:, 1.871237458193979, 0.0040503184219060975, -0.08465166158033219
flux1:, 1.8779264214046814, 0.004647335938375612, -0.08034907590188481
flux1:, 1.8846153846153837, 0.005030614388049076, -0.07643155558394113
flux1:, 1.891304347826086, 0.005610341105603887, -0.07256719179050505
flux1:, 1.8979933110367884, 0.006494777206024431, -0.06861945421004512
flux1:, 1.9046822742474907, 0.007357713030420311, -0.06438533316556738
flux1:, 1.911371237458193, 0.008018560372813788, -0.05998289581088495
flux1:, 1.9180602006688954, 0.008563672416769787, -0.05602167191386777
flux1:, 1.9247491638795977, 0.009064005184806156, -0.052654763527974394
flux1:, 1.9314381270903, 0.009545726229172864, -0.04934996992352336
flux1:, 1.9381270903010024, 0.01005629830656003, -0.04590586676016851
flux1:, 1.9448160535117047, 0.010574955511482947, -0.04263683720411397
flux1:, 1.951505016722407, 0.010995385367958221, -0.0396266943370091
flux1:, 1.9581939799331094, 0.011254690840529158, -0.03677394496138802
flux1:, 1.9648829431438117, 0.011402079880503006, -0.03421040835133395
flux1:, 1.971571906354514, 0.011522555513140449, -0.0319601727298707
flux1:, 1.9782608695652164, 0.011622321140062387, -0.0297201439762362
flux1:, 1.9849498327759187, 0.011642784797565073, -0.027368435887233204
flux1:, 1.991638795986621, 0.011588052653769148, -0.02511679585508016
flux1:, 1.9983277591973234, 0.011520986110808037, -0.023075449148422966
flux1:, 2.0050167224080258, 0.011424175516036665, -0.02119166471751723
flux1:, 2.011705685618728, 0.01122453068076026, -0.019503311517382507
flux1:, 2.0183946488294304, 0.010941902255068945, -0.018040906699651107
flux1:, 2.0250836120401328, 0.010647582706997056, -0.01667424587194498
flux1:, 2.031772575250835, 0.010333943648321499, -0.015311374529131344
flux1:, 2.0384615384615374, 0.009972433881838319, -0.014036133402054429
flux1:, 2.0451505016722398, 0.009604054737659615, -0.012932862597798316
flux1:, 2.051839464882942, 0.009259944570454781, -0.011971756309489157
flux1:, 2.0585284280936444, 0.00890287044869967, -0.011093143856865134
flux1:, 2.065217391304347, 0.008512278296943902, -0.010253398417411594
flux1:, 2.071906354515049, 0.00812001875971571, -0.009417714992353986
flux1:, 2.0785953177257515, 0.007739737799887026, -0.008600874619364655
flux1:, 2.085284280936454, 0.007352168457111893, -0.007848835970091398
flux1:, 2.091973244147156, 0.006953373695477205, -0.007154287331827118
flux1:, 2.0986622073578585, 0.006552622771367415, -0.006495249135032905
flux1:, 2.105351170568561, 0.0061517617100396065, -0.005928054134753473
flux1:, 2.112040133779263, 0.005767367256527679, -0.005503536315500381
flux1:, 2.1187290969899655, 0.0054278316103308485, -0.005143456156588609
flux1:, 2.125418060200668, 0.005124151491320132, -0.004732548267660684
flux1:, 2.13210702341137, 0.00481569400781813, -0.004269877900392136
flux1:, 2.1387959866220725, 0.004493492734203269, -0.003838985690191039
flux1:, 2.145484949832775, 0.004183560865819713, -0.0034984392297968195
flux1:, 2.152173913043477, 0.003894662529001358, -0.003241699113764431
flux1:, 2.1588628762541795, 0.003617268721226301, -0.0030115364535435755
flux1:, 2.165551839464882, 0.003355495236442044, -0.00276251806769115
flux1:, 2.172240802675584, 0.0031138680955253542, -0.002518386962461985
flux1:, 2.1789297658862865, 0.002880389867927938, -0.002316637764157716
flux1:, 2.185618729096989, 0.002652182891058897, -0.0021369018716708363
flux1:, 2.192307692307691, 0.0024424470484228117, -0.0019541212867013316
flux1:, 2.1989966555183935, 0.0022516280291844126, -0.0017858928881770862
flux1:, 2.205685618729096, 0.0020691987593178763, -0.0016354599934857664
flux1:, 2.212374581939798, 0.0018978280114348607, -0.0014839145617578146
flux1:, 2.2190635451505005, 0.001743572103957402, -0.0013472884320393753
flux1:, 2.225752508361203, 0.0015989377883918517, -0.0012455092387277378
flux1:, 2.232441471571905, 0.0014570775217930328, -0.001151230378897845
flux1:, 2.2391304347826075, 0.0013233643692006644, -0.0010426605675152782
flux1:, 2.24581939799331, 0.0012042358527782698, -9.406471681499098e-4
flux1:, 2.252508361204012, 0.0010994450952726198, -8.573373131130397e-4
flux1:, 2.2591973244147145, 0.0010039847652727548, -7.812238024347968e-4
flux1:, 2.265886287625417, 9.117858435048312e-4, -7.119401573316812e-4
flux1:, 2.272575250836119, 8.230700237107379e-4, -6.538303334878461e-4
flux1:, 2.2792642140468216, 7.437966184845099e-4, -6.012211695735984e-4
flux1:, 2.285953177257524, 6.737889810909843e-4, -5.538550206274555e-4
flux1:, 2.2926421404682262, 6.07322110334273e-4, -5.129815570105859e-4
flux1:, 2.2993311036789286, 5.447829640319727e-4, -4.705762297159167e-4
flux1:, 2.306020066889631, 4.895289514300431e-4, -4.26877094628087e-4
flux1:, 2.3127090301003332, 4.3928453952736497e-4, -3.904275724249331e-4
flux1:, 2.3193979933110356, 3.9179353277810086e-4, -3.5741814873602515e-4
flux1:, 2.326086956521738, 3.4915999627502595e-4, -3.2270451552623736e-4
flux1:, 2.3327759197324403, 3.116026071545887e-4, -2.9318306032829816e-4
flux1:, 2.3394648829431426, 2.771391637038099e-4, -2.6945682780095745e-4
flux1:, 2.346153846153845, 2.459594889053068e-4, -2.4447819361099216e-4
flux1:, 2.3528428093645473, 2.1786702535795682e-4, -2.2173031196439066e-4
flux1:, 2.3595317725752496, 1.914952670671077e-4, -2.0473441397017979e-4
flux1:, 2.366220735785952, 1.6836545367089587e-4, -1.8573395393466416e-4
flux1:, 2.3729096989966543, 1.4996829075426436e-4, -1.641088724882761e-4
flux1:, 2.3795986622073566, 1.3339364803497837e-4, -1.485844465871349e-4
flux1:, 2.386287625418059, 1.1641938084387634e-4, -1.377648109468159e-4
flux1:, 2.3929765886287613, 1.0112380257835138e-4, -1.2537559173182546e-4
flux1:, 2.3996655518394636, 8.873607411626572e-5, -1.1389262212030379e-4
flux1:, 2.406354515050166, 7.763787029731039e-5, -1.0514022835742969e-4
flux1:, 2.4130434782608683, 6.720078436152548e-5, -9.569363953482606e-5
flux1:, 2.4197324414715706, 5.808451675763269e-5, -8.651069776104664e-5
flux1:, 2.426421404682273, 5.0080989914595934e-5, -7.976919755878967e-5
flux1:, 2.4331103678929753, 4.281619409620194e-5, -7.271244996271576e-5
flux1:, 2.4397993311036776, 3.647925879751691e-5, -6.493359010821687e-5
flux1:, 2.44648829431438, 3.102135256617168e-5, -5.92869589541549e-5
flux1:, 2.4531772575250823, 2.6294626418678017e-5, -5.45426162946557e-5
flux1:, 2.4598662207357846, 2.2319093693886428e-5, -4.8956949463112655e-5
flux1:, 2.466555183946487, 1.8820170891890275e-5, -4.4528997818391414e-5
flux1:, 2.4732441471571893, 1.5600908016982282e-5, -4.121059529389809e-5
flux1:, 2.4799331103678917, 1.2915290877672112e-5, -3.686384139031984e-5
flux1:, 2.486622073578594, 1.0760889274637786e-5, -3.26717341036485e-5
flux1:, 2.4933110367892963, 8.836774591408796e-6, -2.9916093962292722e-5
flux1:, 2.4999999999999987, 7.1960534370571595e-6, -2.6958921429219944e-5

Elapsed run time = 1225.51 s
