--------------------------------------------------------------------------
[[9836,1],0]: A high-performance Open MPI point-to-point messaging module
was unable to find any relevant network interfaces:

Module: OpenFabrics (openib)
  Host: euca-128-84-11-54

Another transport will be used instead, although this may result in
lower performance.
--------------------------------------------------------------------------
Using MPI version 3.0, 2 processes
command-line param: no-struct=false
command-line param: no-holes=false
command-line param: rodpos="rad.25ff.2/rodpos.txt"
-----------
Initializing structure...
Working in 3D dimensions.
Computational cell is 4 x 4 x 5 with resolution 40
     block, center = (0,0,0)
          size (1e+20,1e+20,0.15)
          axes (1,0,0), (0,1,0), (0,0,1)
          dielectric constant epsilon diagonal = (12,12,12)
     cylinder, center = (1.808,1.077,0)
          radius 0.25, height 0.15, axis (0, 0, 1)
          dielectric constant epsilon diagonal = (1,1,1)
     cylinder, center = (0.506,0.464,0)
          radius 0.25, height 0.15, axis (0, 0, 1)
          dielectric constant epsilon diagonal = (1,1,1)
     cylinder, center = (1.924,3.737,0)
          radius 0.25, height 0.15, axis (0, 0, 1)
          dielectric constant epsilon diagonal = (1,1,1)
     cylinder, center = (3.806,1.161,0)
          radius 0.25, height 0.15, axis (0, 0, 1)
          dielectric constant epsilon diagonal = (1,1,1)
     cylinder, center = (1.496,1.643,0)
          radius 0.25, height 0.15, axis (0, 0, 1)
          dielectric constant epsilon diagonal = (1,1,1)
     cylinder, center = (3.827,2.492,0)
          radius 0.25, height 0.15, axis (0, 0, 1)
          dielectric constant epsilon diagonal = (1,1,1)
     cylinder, center = (0.671,1.388,0)
          radius 0.25, height 0.15, axis (0, 0, 1)
          dielectric constant epsilon diagonal = (1,1,1)
     cylinder, center = (1.953,2.923,0)
          radius 0.25, height 0.15, axis (0, 0, 1)
          dielectric constant epsilon diagonal = (1,1,1)
     cylinder, center = (2.122,0.139,0)
          radius 0.25, height 0.15, axis (0, 0, 1)
          dielectric constant epsilon diagonal = (1,1,1)
     cylinder, center = (0.535,3.563,0)
          radius 0.25, height 0.15, axis (0, 0, 1)
          dielectric constant epsilon diagonal = (1,1,1)
     cylinder, center = (0.486,2.223,0)
          radius 0.25, height 0.15, axis (0, 0, 1)
          dielectric constant epsilon diagonal = (1,1,1)
     cylinder, center = (3.797,1.713,0)
          radius 0.25, height 0.15, axis (0, 0, 1)
          dielectric constant epsilon diagonal = (1,1,1)
     cylinder, center = (3.445,3.569,0)
          radius 0.25, height 0.15, axis (0, 0, 1)
          dielectric constant epsilon diagonal = (1,1,1)
     cylinder, center = (1.55,3.352,0)
          radius 0.25, height 0.15, axis (0, 0, 1)
          dielectric constant epsilon diagonal = (1,1,1)
     cylinder, center = (0.982,2.88,0)
          radius 0.25, height 0.15, axis (0, 0, 1)
          dielectric constant epsilon diagonal = (1,1,1)
     cylinder, center = (2.785,1.832,0)
          radius 0.25, height 0.15, axis (0, 0, 1)
          dielectric constant epsilon diagonal = (1,1,1)
     cylinder, center = (2.262,1.634,0)
          radius 0.25, height 0.15, axis (0, 0, 1)
          dielectric constant epsilon diagonal = (1,1,1)
subpixel-averaging is 73.1067% done, 1.47254 s remaining
time for set_epsilon = 18.862 s
time for set_conductivity = 0.186491 s
time for set_conductivity = 0.185992 s
time for set_conductivity = 0.1898 s
-----------
Meep progress: 0.0125/50.0 = 0.0% done in 6.1s, 24577.6s to go
on time step 1 (time=0.0125), 6.14634 s/step
Meep progress: 0.1875/50.0 = 0.4% done in 10.2s, 2703.7s to go
on time step 15 (time=0.1875), 0.287914 s/step
Meep progress: 0.3875/50.0 = 0.8% done in 14.4s, 1844.8s to go
on time step 31 (time=0.3875), 0.264489 s/step
Meep progress: 0.5875/50.0 = 1.2% done in 18.5s, 1559.0s to go
on time step 47 (time=0.5875), 0.257996 s/step
Meep progress: 0.7875000000000001/50.0 = 1.6% done in 22.7s, 1418.2s to go
on time step 63 (time=0.7875), 0.259835 s/step
Meep progress: 0.9875/50.0 = 2.0% done in 26.8s, 1332.1s to go
on time step 79 (time=0.9875), 0.259036 s/step
Meep progress: 1.1875/50.0 = 2.4% done in 30.9s, 1272.0s to go
on time step 95 (time=1.1875), 0.25665 s/step
Meep progress: 1.375/50.0 = 2.8% done in 35.1s, 1242.2s to go
on time step 110 (time=1.375), 0.278811 s/step
Meep progress: 1.5625/50.0 = 3.1% done in 39.3s, 1219.1s to go
on time step 125 (time=1.5625), 0.279808 s/step
Meep progress: 1.75/50.0 = 3.5% done in 43.3s, 1195.1s to go
on time step 140 (time=1.75), 0.268028 s/step
Meep progress: 1.9500000000000002/50.0 = 3.9% done in 47.5s, 1169.6s to go
on time step 156 (time=1.95), 0.257552 s/step
Meep progress: 2.1125000000000003/50.0 = 4.2% done in 51.6s, 1168.9s to go
on time step 169 (time=2.1125), 0.315166 s/step
Meep progress: 2.2875/50.0 = 4.6% done in 55.7s, 1162.2s to go
on time step 183 (time=2.2875), 0.297081 s/step
Meep progress: 2.4375/50.0 = 4.9% done in 59.9s, 1169.3s to go
on time step 195 (time=2.4375), 0.350133 s/step
Meep progress: 2.625/50.0 = 5.2% done in 64.3s, 1159.6s to go
on time step 210 (time=2.625), 0.288533 s/step
Meep progress: 2.7875/50.0 = 5.6% done in 68.3s, 1156.9s to go
on time step 223 (time=2.7875), 0.311845 s/step
Meep progress: 2.975/50.0 = 6.0% done in 72.5s, 1145.3s to go
on time step 238 (time=2.975), 0.276506 s/step
Meep progress: 3.1375/50.0 = 6.3% done in 76.5s, 1142.8s to go
on time step 251 (time=3.1375), 0.312122 s/step
Meep progress: 3.3000000000000003/50.0 = 6.6% done in 80.6s, 1140.9s to go
on time step 264 (time=3.3), 0.315966 s/step
Meep progress: 3.45/50.0 = 6.9% done in 84.6s, 1142.1s to go
on time step 276 (time=3.45), 0.335838 s/step
Meep progress: 3.6125000000000003/50.0 = 7.2% done in 88.8s, 1140.8s to go
on time step 289 (time=3.6125), 0.32277 s/step
Meep progress: 3.7750000000000004/50.0 = 7.6% done in 92.9s, 1137.9s to go
on time step 302 (time=3.775), 0.314313 s/step
Meep progress: 3.9375/50.0 = 7.9% done in 97.2s, 1136.6s to go
on time step 315 (time=3.9375), 0.325478 s/step
Meep progress: 4.1125/50.0 = 8.2% done in 101.4s, 1131.2s to go
on time step 329 (time=4.1125), 0.30135 s/step
Meep progress: 4.275/50.0 = 8.6% done in 105.5s, 1128.0s to go
on time step 342 (time=4.275), 0.313772 s/step
Meep progress: 4.45/50.0 = 8.9% done in 109.7s, 1122.9s to go
on time step 356 (time=4.45), 0.303024 s/step
Meep progress: 4.625/50.0 = 9.2% done in 113.9s, 1117.5s to go
on time step 370 (time=4.625), 0.300165 s/step
Meep progress: 4.7875000000000005/50.0 = 9.6% done in 118.0s, 1114.2s to go
on time step 383 (time=4.7875), 0.313644 s/step
Meep progress: 4.9375/50.0 = 9.9% done in 122.1s, 1114.2s to go
on time step 395 (time=4.9375), 0.342005 s/step
Meep progress: 5.125/50.0 = 10.2% done in 126.4s, 1106.7s to go
on time step 410 (time=5.125), 0.287136 s/step
Meep progress: 5.275/50.0 = 10.6% done in 130.6s, 1107.4s to go
on time step 422 (time=5.275), 0.351814 s/step
Meep progress: 5.4375/50.0 = 10.9% done in 134.6s, 1103.3s to go
on time step 435 (time=5.4375), 0.308573 s/step
Meep progress: 5.612500000000001/50.0 = 11.2% done in 138.7s, 1096.9s to go
on time step 449 (time=5.6125), 0.290983 s/step
Meep progress: 5.775/50.0 = 11.6% done in 142.9s, 1094.5s to go
on time step 462 (time=5.775), 0.325089 s/step
Meep progress: 5.9375/50.0 = 11.9% done in 147.0s, 1090.8s to go
on time step 475 (time=5.9375), 0.312234 s/step
Meep progress: 6.1375/50.0 = 12.3% done in 151.1s, 1079.6s to go
on time step 491 (time=6.1375), 0.25499 s/step
Meep progress: 6.3375/50.0 = 12.7% done in 155.1s, 1068.8s to go
on time step 507 (time=6.3375), 0.254325 s/step
Meep progress: 6.5375000000000005/50.0 = 13.1% done in 159.2s, 1058.4s to go
on time step 523 (time=6.5375), 0.254081 s/step
Meep progress: 6.737500000000001/50.0 = 13.5% done in 163.5s, 1049.8s to go
on time step 539 (time=6.7375), 0.267761 s/step
Meep progress: 6.9125000000000005/50.0 = 13.8% done in 167.5s, 1044.3s to go
on time step 553 (time=6.9125), 0.289271 s/step
Meep progress: 7.0875/50.0 = 14.2% done in 171.6s, 1039.1s to go
on time step 567 (time=7.0875), 0.292204 s/step
Meep progress: 7.275/50.0 = 14.6% done in 175.8s, 1032.7s to go
on time step 582 (time=7.275), 0.281172 s/step
Meep progress: 7.425000000000001/50.0 = 14.8% done in 180.0s, 1032.3s to go
on time step 594 (time=7.425), 0.348435 s/step
Meep progress: 7.5875/50.0 = 15.2% done in 184.3s, 1030.1s to go
on time step 607 (time=7.5875), 0.327446 s/step
Meep progress: 7.75/50.0 = 15.5% done in 188.5s, 1027.9s to go
on time step 620 (time=7.75), 0.328192 s/step
Meep progress: 7.9125000000000005/50.0 = 15.8% done in 192.7s, 1024.9s to go
on time step 633 (time=7.9125), 0.318065 s/step
Meep progress: 8.075000000000001/50.0 = 16.2% done in 196.7s, 1021.2s to go
on time step 646 (time=8.075), 0.308171 s/step
Meep progress: 8.25/50.0 = 16.5% done in 201.0s, 1017.0s to go
on time step 660 (time=8.25), 0.305389 s/step
Meep progress: 8.4375/50.0 = 16.9% done in 205.2s, 1010.7s to go
on time step 675 (time=8.4375), 0.281561 s/step
Meep progress: 8.637500000000001/50.0 = 17.3% done in 209.4s, 1002.7s to go
on time step 691 (time=8.6375), 0.263055 s/step
Meep progress: 8.8/50.0 = 17.6% done in 213.5s, 999.4s to go
on time step 704 (time=8.8), 0.312569 s/step
Meep progress: 8.9875/50.0 = 18.0% done in 217.7s, 993.2s to go
on time step 719 (time=8.9875), 0.279488 s/step
Meep progress: 9.15/50.0 = 18.3% done in 221.7s, 989.7s to go
on time step 732 (time=9.15), 0.310646 s/step
Meep progress: 9.3375/50.0 = 18.7% done in 225.8s, 983.1s to go
on time step 747 (time=9.3375), 0.271544 s/step
Meep progress: 9.5/50.0 = 19.0% done in 230.0s, 980.6s to go
on time step 760 (time=9.5), 0.326589 s/step
Meep progress: 9.675/50.0 = 19.4% done in 234.2s, 976.3s to go
on time step 774 (time=9.675), 0.302568 s/step
Meep progress: 9.850000000000001/50.0 = 19.7% done in 238.5s, 972.2s to go
on time step 788 (time=9.85), 0.304028 s/step
Meep progress: 10.025/50.0 = 20.0% done in 242.7s, 967.9s to go
on time step 802 (time=10.025), 0.301672 s/step
Meep progress: 10.1875/50.0 = 20.4% done in 246.9s, 965.0s to go
on time step 815 (time=10.1875), 0.323101 s/step
Meep progress: 10.350000000000001/50.0 = 20.7% done in 251.2s, 962.2s to go
on time step 828 (time=10.35), 0.326919 s/step
Meep progress: 10.55/50.0 = 21.1% done in 255.4s, 955.0s to go
on time step 844 (time=10.55), 0.263838 s/step
Meep progress: 10.7125/50.0 = 21.4% done in 259.6s, 952.0s to go
on time step 857 (time=10.7125), 0.321043 s/step
Meep progress: 10.875/50.0 = 21.8% done in 263.6s, 948.4s to go
on time step 870 (time=10.875), 0.309947 s/step
Meep progress: 11.05/50.0 = 22.1% done in 267.8s, 944.0s to go
on time step 884 (time=11.05), 0.301023 s/step
Meep progress: 11.2125/50.0 = 22.4% done in 271.9s, 940.4s to go
on time step 897 (time=11.2125), 0.31063 s/step
Meep progress: 11.375/50.0 = 22.8% done in 276.0s, 937.2s to go
on time step 910 (time=11.375), 0.31969 s/step
Meep progress: 11.5625/50.0 = 23.1% done in 280.3s, 931.9s to go
on time step 925 (time=11.5625), 0.286948 s/step
Meep progress: 11.762500000000001/50.0 = 23.5% done in 284.5s, 924.8s to go
on time step 941 (time=11.7625), 0.260761 s/step
Meep progress: 11.9375/50.0 = 23.9% done in 288.5s, 920.0s to go
on time step 955 (time=11.9375), 0.28908 s/step
Meep progress: 12.100000000000001/50.0 = 24.2% done in 292.5s, 916.3s to go
on time step 968 (time=12.1), 0.308708 s/step
Meep progress: 12.25/50.0 = 24.5% done in 296.7s, 914.2s to go
on time step 980 (time=12.25), 0.343615 s/step
Meep progress: 12.450000000000001/50.0 = 24.9% done in 300.8s, 907.4s to go
on time step 996 (time=12.45), 0.260677 s/step
Meep progress: 12.625/50.0 = 25.2% done in 304.9s, 902.7s to go
on time step 1010 (time=12.625), 0.291497 s/step
Meep progress: 12.775/50.0 = 25.6% done in 309.0s, 900.3s to go
on time step 1022 (time=12.775), 0.335942 s/step
Meep progress: 12.950000000000001/50.0 = 25.9% done in 313.0s, 895.6s to go
on time step 1036 (time=12.95), 0.291216 s/step
Meep progress: 13.125/50.0 = 26.2% done in 317.3s, 891.6s to go
on time step 1050 (time=13.125), 0.307408 s/step
Meep progress: 13.3/50.0 = 26.6% done in 321.6s, 887.4s to go
on time step 1064 (time=13.3), 0.305252 s/step
Meep progress: 13.475000000000001/50.0 = 27.0% done in 325.9s, 883.3s to go
on time step 1078 (time=13.475), 0.303761 s/step
Meep progress: 13.637500000000001/50.0 = 27.3% done in 330.0s, 879.9s to go
on time step 1091 (time=13.6375), 0.317123 s/step
Meep progress: 13.8/50.0 = 27.6% done in 334.3s, 876.9s to go
on time step 1104 (time=13.8), 0.33026 s/step
Meep progress: 13.9625/50.0 = 27.9% done in 338.4s, 873.3s to go
on time step 1117 (time=13.9625), 0.314424 s/step
Meep progress: 14.137500000000001/50.0 = 28.3% done in 342.6s, 869.1s to go
on time step 1131 (time=14.1375), 0.304762 s/step
Meep progress: 14.3125/50.0 = 28.6% done in 346.9s, 864.9s to go
on time step 1145 (time=14.3125), 0.30316 s/step
Meep progress: 14.4875/50.0 = 29.0% done in 351.0s, 860.4s to go
on time step 1159 (time=14.4875), 0.295034 s/step
Meep progress: 14.65/50.0 = 29.3% done in 355.1s, 856.9s to go
on time step 1172 (time=14.65), 0.315708 s/step
Meep progress: 14.8/50.0 = 29.6% done in 359.3s, 854.6s to go
on time step 1184 (time=14.8), 0.351828 s/step
Meep progress: 14.975000000000001/50.0 = 30.0% done in 363.6s, 850.3s to go
on time step 1198 (time=14.975), 0.301473 s/step
Meep progress: 15.125/50.0 = 30.2% done in 367.6s, 847.5s to go
on time step 1210 (time=15.125), 0.333916 s/step
Meep progress: 15.287500000000001/50.0 = 30.6% done in 371.6s, 843.8s to go
on time step 1223 (time=15.2875), 0.312378 s/step
Meep progress: 15.450000000000001/50.0 = 30.9% done in 375.8s, 840.5s to go
on time step 1236 (time=15.45), 0.32466 s/step
Meep progress: 15.625/50.0 = 31.2% done in 380.1s, 836.1s to go
on time step 1250 (time=15.625), 0.301742 s/step
Meep progress: 15.8/50.0 = 31.6% done in 384.3s, 831.9s to go
on time step 1264 (time=15.8), 0.303816 s/step
Meep progress: 15.975000000000001/50.0 = 32.0% done in 388.6s, 827.6s to go
on time step 1278 (time=15.975), 0.302827 s/step
Meep progress: 16.1375/50.0 = 32.3% done in 392.6s, 823.9s to go
on time step 1291 (time=16.1375), 0.312407 s/step
Meep progress: 16.2875/50.0 = 32.6% done in 396.6s, 821.0s to go
on time step 1303 (time=16.2875), 0.334587 s/step
Meep progress: 16.45/50.0 = 32.9% done in 400.7s, 817.3s to go
on time step 1316 (time=16.45), 0.316538 s/step
Meep progress: 16.625/50.0 = 33.2% done in 404.9s, 812.9s to go
on time step 1330 (time=16.625), 0.298188 s/step
Meep progress: 16.8/50.0 = 33.6% done in 409.2s, 808.6s to go
on time step 1344 (time=16.8), 0.302654 s/step
Meep progress: 16.9875/50.0 = 34.0% done in 413.4s, 803.4s to go
on time step 1359 (time=16.9875), 0.284308 s/step
Meep progress: 17.150000000000002/50.0 = 34.3% done in 417.5s, 799.6s to go
on time step 1372 (time=17.15), 0.310358 s/step
Meep progress: 17.337500000000002/50.0 = 34.7% done in 421.5s, 794.1s to go
on time step 1387 (time=17.3375), 0.271086 s/step
Meep progress: 17.5125/50.0 = 35.0% done in 425.8s, 789.8s to go
on time step 1401 (time=17.5125), 0.302631 s/step
Meep progress: 17.6875/50.0 = 35.4% done in 430.0s, 785.5s to go
on time step 1415 (time=17.6875), 0.300902 s/step
Meep progress: 17.875/50.0 = 35.8% done in 434.0s, 780.1s to go
on time step 1430 (time=17.875), 0.271316 s/step
Meep progress: 18.075/50.0 = 36.2% done in 438.2s, 774.0s to go
on time step 1446 (time=18.075), 0.260151 s/step
Meep progress: 18.2625/50.0 = 36.5% done in 442.3s, 768.7s to go
on time step 1461 (time=18.2625), 0.275985 s/step
Meep progress: 18.462500000000002/50.0 = 36.9% done in 446.5s, 762.7s to go
on time step 1477 (time=18.4625), 0.260324 s/step
Meep progress: 18.6625/50.0 = 37.3% done in 450.6s, 756.7s to go
on time step 1493 (time=18.6625), 0.257298 s/step
Meep progress: 18.837500000000002/50.0 = 37.7% done in 454.7s, 752.2s to go
on time step 1507 (time=18.8375), 0.292446 s/step
Meep progress: 18.9875/50.0 = 38.0% done in 458.8s, 749.3s to go
on time step 1519 (time=18.9875), 0.3361 s/step
Meep progress: 19.1625/50.0 = 38.3% done in 463.1s, 745.2s to go
on time step 1533 (time=19.1625), 0.307286 s/step
Meep progress: 19.337500000000002/50.0 = 38.7% done in 467.4s, 741.1s to go
on time step 1547 (time=19.3375), 0.307126 s/step
Meep progress: 19.512500000000003/50.0 = 39.0% done in 471.6s, 736.8s to go
on time step 1561 (time=19.5125), 0.301858 s/step
Meep progress: 19.6875/50.0 = 39.4% done in 475.8s, 732.6s to go
on time step 1575 (time=19.6875), 0.303933 s/step
Meep progress: 19.8625/50.0 = 39.7% done in 480.1s, 728.4s to go
on time step 1589 (time=19.8625), 0.302859 s/step
Meep progress: 20.0375/50.0 = 40.1% done in 484.3s, 724.2s to go
on time step 1603 (time=20.0375), 0.303227 s/step
Meep progress: 20.212500000000002/50.0 = 40.4% done in 488.6s, 720.1s to go
on time step 1617 (time=20.2125), 0.305799 s/step
Meep progress: 20.387500000000003/50.0 = 40.8% done in 492.8s, 715.8s to go
on time step 1631 (time=20.3875), 0.301827 s/step
Meep progress: 20.5625/50.0 = 41.1% done in 497.1s, 711.6s to go
on time step 1645 (time=20.5625), 0.304499 s/step
Meep progress: 20.75/50.0 = 41.5% done in 501.3s, 706.7s to go
on time step 1660 (time=20.75), 0.283337 s/step
Meep progress: 20.9125/50.0 = 41.8% done in 505.6s, 703.2s to go
on time step 1673 (time=20.9125), 0.324574 s/step
Meep progress: 21.075000000000003/50.0 = 42.2% done in 509.8s, 699.7s to go
on time step 1686 (time=21.075), 0.324913 s/step
Meep progress: 21.2375/50.0 = 42.5% done in 514.1s, 696.2s to go
on time step 1699 (time=21.2375), 0.328228 s/step
Meep progress: 21.400000000000002/50.0 = 42.8% done in 518.1s, 692.4s to go
on time step 1712 (time=21.4), 0.308539 s/step
Meep progress: 21.575000000000003/50.0 = 43.2% done in 522.2s, 688.0s to go
on time step 1726 (time=21.575), 0.295464 s/step
Meep progress: 21.7375/50.0 = 43.5% done in 526.2s, 684.2s to go
on time step 1739 (time=21.7375), 0.308946 s/step
Meep progress: 21.9125/50.0 = 43.8% done in 530.5s, 680.0s to go
on time step 1753 (time=21.9125), 0.306881 s/step
Meep progress: 22.075000000000003/50.0 = 44.2% done in 534.5s, 676.2s to go
on time step 1766 (time=22.075), 0.308181 s/step
Meep progress: 22.25/50.0 = 44.5% done in 538.8s, 672.0s to go
on time step 1780 (time=22.25), 0.304865 s/step
Meep progress: 22.425/50.0 = 44.8% done in 543.0s, 667.7s to go
on time step 1794 (time=22.425), 0.301483 s/step
Meep progress: 22.6/50.0 = 45.2% done in 547.3s, 663.5s to go
on time step 1808 (time=22.6), 0.303515 s/step
Meep progress: 22.762500000000003/50.0 = 45.5% done in 551.3s, 659.7s to go
on time step 1821 (time=22.7625), 0.311183 s/step
Meep progress: 22.962500000000002/50.0 = 45.9% done in 555.5s, 654.0s to go
on time step 1837 (time=22.9625), 0.259905 s/step
Meep progress: 23.1625/50.0 = 46.3% done in 559.6s, 648.4s to go
on time step 1853 (time=23.1625), 0.260659 s/step
Meep progress: 23.35/50.0 = 46.7% done in 563.7s, 643.4s to go
on time step 1868 (time=23.35), 0.272207 s/step
Meep progress: 23.5375/50.0 = 47.1% done in 567.7s, 638.3s to go
on time step 1883 (time=23.5375), 0.267955 s/step
Meep progress: 23.700000000000003/50.0 = 47.4% done in 571.9s, 634.7s to go
on time step 1896 (time=23.7), 0.321333 s/step
Meep progress: 23.875/50.0 = 47.8% done in 576.0s, 630.3s to go
on time step 1910 (time=23.875), 0.292844 s/step
Meep progress: 24.075000000000003/50.0 = 48.2% done in 580.3s, 624.8s to go
on time step 1926 (time=24.075), 0.265039 s/step
Meep progress: 24.262500000000003/50.0 = 48.5% done in 584.4s, 620.0s to go
on time step 1941 (time=24.2625), 0.279348 s/step
Meep progress: 24.4375/50.0 = 48.9% done in 588.5s, 615.6s to go
on time step 1955 (time=24.4375), 0.291706 s/step
Meep progress: 24.6/50.0 = 49.2% done in 592.6s, 611.8s to go
on time step 1968 (time=24.6), 0.311322 s/step
Meep progress: 24.8/50.0 = 49.6% done in 596.7s, 606.4s to go
on time step 1984 (time=24.8), 0.259844 s/step
Meep progress: 25.0/50.0 = 50.0% done in 600.9s, 600.9s to go
on time step 2000 (time=25), 0.261586 s/step
Meep progress: 25.150000000000002/50.0 = 50.3% done in 605.1s, 597.8s to go
on time step 2012 (time=25.15), 0.345578 s/step
Meep progress: 25.35/50.0 = 50.7% done in 609.4s, 592.5s to go
on time step 2028 (time=25.35), 0.268818 s/step
Meep progress: 25.525000000000002/50.0 = 51.1% done in 613.6s, 588.3s to go
on time step 2042 (time=25.525), 0.30132 s/step
Meep progress: 25.6875/50.0 = 51.4% done in 618.0s, 584.9s to go
on time step 2055 (time=25.6875), 0.337397 s/step
Meep progress: 25.837500000000002/50.0 = 51.7% done in 622.2s, 581.8s to go
on time step 2067 (time=25.8375), 0.349907 s/step
Meep progress: 25.9875/50.0 = 52.0% done in 626.5s, 578.9s to go
on time step 2079 (time=25.9875), 0.357807 s/step
Meep progress: 26.175/50.0 = 52.4% done in 630.8s, 574.1s to go
on time step 2094 (time=26.175), 0.286158 s/step
Meep progress: 26.337500000000002/50.0 = 52.7% done in 634.8s, 570.3s to go
on time step 2107 (time=26.3375), 0.310941 s/step
Meep progress: 26.5375/50.0 = 53.1% done in 639.0s, 564.9s to go
on time step 2123 (time=26.5375), 0.260852 s/step
Meep progress: 26.725/50.0 = 53.4% done in 643.0s, 560.0s to go
on time step 2138 (time=26.725), 0.268237 s/step
Meep progress: 26.900000000000002/50.0 = 53.8% done in 647.3s, 555.9s to go
on time step 2152 (time=26.9), 0.307437 s/step
Meep progress: 27.075000000000003/50.0 = 54.2% done in 651.5s, 551.6s to go
on time step 2166 (time=27.075), 0.298027 s/step
Meep progress: 27.2375/50.0 = 54.5% done in 655.6s, 547.9s to go
on time step 2179 (time=27.2375), 0.321071 s/step
Meep progress: 27.400000000000002/50.0 = 54.8% done in 659.7s, 544.1s to go
on time step 2192 (time=27.4), 0.31084 s/step
Meep progress: 27.5375/50.0 = 55.1% done in 663.7s, 541.4s to go
on time step 2203 (time=27.5375), 0.365368 s/step
Meep progress: 27.725/50.0 = 55.4% done in 667.8s, 536.6s to go
on time step 2218 (time=27.725), 0.275304 s/step
Meep progress: 27.900000000000002/50.0 = 55.8% done in 671.9s, 532.2s to go
on time step 2232 (time=27.9), 0.291279 s/step
Meep progress: 28.075000000000003/50.0 = 56.2% done in 676.0s, 527.9s to go
on time step 2246 (time=28.075), 0.293675 s/step
Meep progress: 28.25/50.0 = 56.5% done in 680.3s, 523.8s to go
on time step 2260 (time=28.25), 0.307614 s/step
Meep progress: 28.4125/50.0 = 56.8% done in 684.4s, 520.0s to go
on time step 2273 (time=28.4125), 0.315728 s/step
Meep progress: 28.575000000000003/50.0 = 57.2% done in 688.7s, 516.4s to go
on time step 2286 (time=28.575), 0.326569 s/step
Meep progress: 28.725/50.0 = 57.4% done in 693.0s, 513.3s to go
on time step 2298 (time=28.725), 0.362118 s/step
Meep progress: 28.875/50.0 = 57.8% done in 697.1s, 510.0s to go
on time step 2310 (time=28.875), 0.341827 s/step
Meep progress: 29.05/50.0 = 58.1% done in 701.4s, 505.9s to go
on time step 2324 (time=29.05), 0.307422 s/step
Meep progress: 29.2375/50.0 = 58.5% done in 705.7s, 501.2s to go
on time step 2339 (time=29.2375), 0.28573 s/step
Meep progress: 29.4125/50.0 = 58.8% done in 709.9s, 496.9s to go
on time step 2353 (time=29.4125), 0.299488 s/step
Meep progress: 29.6/50.0 = 59.2% done in 714.0s, 492.1s to go
on time step 2368 (time=29.6), 0.273714 s/step
Meep progress: 29.775000000000002/50.0 = 59.6% done in 718.2s, 487.9s to go
on time step 2382 (time=29.775), 0.30209 s/step
Meep progress: 29.9375/50.0 = 59.9% done in 722.4s, 484.1s to go
on time step 2395 (time=29.9375), 0.31752 s/step
Meep progress: 30.1125/50.0 = 60.2% done in 726.6s, 479.9s to go
on time step 2409 (time=30.1125), 0.304013 s/step
Meep progress: 30.3/50.0 = 60.6% done in 730.9s, 475.2s to go
on time step 2424 (time=30.3), 0.283632 s/step
Meep progress: 30.475/50.0 = 61.0% done in 734.9s, 470.9s to go
on time step 2438 (time=30.475), 0.28943 s/step
Meep progress: 30.637500000000003/50.0 = 61.3% done in 739.2s, 467.2s to go
on time step 2451 (time=30.6375), 0.328275 s/step
Meep progress: 30.825000000000003/50.0 = 61.6% done in 743.5s, 462.5s to go
on time step 2466 (time=30.825), 0.283684 s/step
Meep progress: 31.025000000000002/50.0 = 62.0% done in 747.7s, 457.3s to go
on time step 2482 (time=31.025), 0.263117 s/step
Meep progress: 31.200000000000003/50.0 = 62.4% done in 751.8s, 453.0s to go
on time step 2496 (time=31.2), 0.296985 s/step
Meep progress: 31.387500000000003/50.0 = 62.8% done in 756.2s, 448.4s to go
on time step 2511 (time=31.3875), 0.289311 s/step
Meep progress: 31.55/50.0 = 63.1% done in 760.4s, 444.7s to go
on time step 2524 (time=31.55), 0.322666 s/step
Meep progress: 31.725/50.0 = 63.4% done in 764.6s, 440.5s to go
on time step 2538 (time=31.725), 0.305343 s/step
Meep progress: 31.9125/50.0 = 63.8% done in 768.6s, 435.7s to go
on time step 2553 (time=31.9125), 0.267191 s/step
Meep progress: 32.0875/50.0 = 64.2% done in 773.0s, 431.5s to go
on time step 2567 (time=32.0875), 0.308536 s/step
Meep progress: 32.2625/50.0 = 64.5% done in 777.2s, 427.3s to go
on time step 2581 (time=32.2625), 0.300166 s/step
Meep progress: 32.4375/50.0 = 64.9% done in 781.2s, 423.0s to go
on time step 2595 (time=32.4375), 0.289817 s/step
Meep progress: 32.625/50.0 = 65.2% done in 785.4s, 418.3s to go
on time step 2610 (time=32.625), 0.276909 s/step
Meep progress: 32.800000000000004/50.0 = 65.6% done in 789.6s, 414.1s to go
on time step 2624 (time=32.8), 0.300207 s/step
Meep progress: 32.975/50.0 = 66.0% done in 793.8s, 409.8s to go
on time step 2638 (time=32.975), 0.297634 s/step
Meep progress: 33.175000000000004/50.0 = 66.4% done in 797.9s, 404.7s to go
on time step 2654 (time=33.175), 0.262319 s/step
Meep progress: 33.375/50.0 = 66.8% done in 802.1s, 399.6s to go
on time step 2670 (time=33.375), 0.260085 s/step
Meep progress: 33.575/50.0 = 67.2% done in 806.3s, 394.4s to go
on time step 2686 (time=33.575), 0.25918 s/step
Meep progress: 33.775/50.0 = 67.6% done in 810.5s, 389.3s to go
on time step 2702 (time=33.775), 0.26217 s/step
Meep progress: 33.925000000000004/50.0 = 67.9% done in 814.6s, 386.0s to go
on time step 2714 (time=33.925), 0.346779 s/step
Meep progress: 34.1/50.0 = 68.2% done in 818.6s, 381.7s to go
on time step 2728 (time=34.1), 0.28703 s/step
Meep progress: 34.2625/50.0 = 68.5% done in 822.6s, 377.9s to go
on time step 2741 (time=34.2625), 0.307907 s/step
Meep progress: 34.4375/50.0 = 68.9% done in 826.7s, 373.6s to go
on time step 2755 (time=34.4375), 0.291729 s/step
Meep progress: 34.625/50.0 = 69.2% done in 830.8s, 368.9s to go
on time step 2770 (time=34.625), 0.273364 s/step
Meep progress: 34.800000000000004/50.0 = 69.6% done in 835.0s, 364.7s to go
on time step 2784 (time=34.8), 0.296793 s/step
Meep progress: 34.975/50.0 = 70.0% done in 839.3s, 360.5s to go
on time step 2798 (time=34.975), 0.307413 s/step
Meep progress: 35.1625/50.0 = 70.3% done in 843.5s, 355.9s to go
on time step 2813 (time=35.1625), 0.27891 s/step
Meep progress: 35.3375/50.0 = 70.7% done in 847.5s, 351.7s to go
on time step 2827 (time=35.3375), 0.28896 s/step
Meep progress: 35.5/50.0 = 71.0% done in 851.7s, 347.9s to go
on time step 2840 (time=35.5), 0.324731 s/step
Meep progress: 35.7/50.0 = 71.4% done in 856.0s, 342.9s to go
on time step 2856 (time=35.7), 0.264165 s/step
Meep progress: 35.85/50.0 = 71.7% done in 860.3s, 339.6s to go
on time step 2868 (time=35.85), 0.360286 s/step
Meep progress: 36.0375/50.0 = 72.1% done in 864.5s, 334.9s to go
on time step 2883 (time=36.0375), 0.279183 s/step
Meep progress: 36.237500000000004/50.0 = 72.5% done in 868.8s, 329.9s to go
on time step 2899 (time=36.2375), 0.26853 s/step
Meep progress: 36.4/50.0 = 72.8% done in 872.9s, 326.1s to go
on time step 2912 (time=36.4), 0.317931 s/step
Meep progress: 36.5625/50.0 = 73.1% done in 876.9s, 322.3s to go
on time step 2925 (time=36.5625), 0.310329 s/step
Meep progress: 36.725/50.0 = 73.4% done in 881.0s, 318.5s to go
on time step 2938 (time=36.725), 0.315743 s/step
Meep progress: 36.9125/50.0 = 73.8% done in 885.2s, 313.8s to go
on time step 2953 (time=36.9125), 0.276964 s/step
Meep progress: 37.0875/50.0 = 74.2% done in 889.4s, 309.6s to go
on time step 2967 (time=37.0875), 0.297963 s/step
Meep progress: 37.25/50.0 = 74.5% done in 893.5s, 305.8s to go
on time step 2980 (time=37.25), 0.321472 s/step
Meep progress: 37.4125/50.0 = 74.8% done in 897.6s, 302.0s to go
on time step 2993 (time=37.4125), 0.314437 s/step
Meep progress: 37.575/50.0 = 75.2% done in 901.8s, 298.2s to go
on time step 3006 (time=37.575), 0.321715 s/step
Meep progress: 37.775/50.0 = 75.6% done in 906.0s, 293.2s to go
on time step 3022 (time=37.775), 0.263485 s/step
Meep progress: 37.9625/50.0 = 75.9% done in 910.3s, 288.6s to go
on time step 3037 (time=37.9625), 0.281654 s/step
Meep progress: 38.125/50.0 = 76.2% done in 914.5s, 284.8s to go
on time step 3050 (time=38.125), 0.326657 s/step
Meep progress: 38.300000000000004/50.0 = 76.6% done in 918.7s, 280.7s to go
on time step 3064 (time=38.3), 0.301451 s/step
Meep progress: 38.475/50.0 = 77.0% done in 923.0s, 276.5s to go
on time step 3078 (time=38.475), 0.304228 s/step
Meep progress: 38.650000000000006/50.0 = 77.3% done in 927.2s, 272.3s to go
on time step 3092 (time=38.65), 0.302354 s/step
Meep progress: 38.825/50.0 = 77.6% done in 931.3s, 268.1s to go
on time step 3106 (time=38.825), 0.292701 s/step
Meep progress: 39.0/50.0 = 78.0% done in 935.4s, 263.8s to go
on time step 3120 (time=39), 0.289148 s/step
Meep progress: 39.175000000000004/50.0 = 78.4% done in 939.6s, 259.6s to go
on time step 3134 (time=39.175), 0.303049 s/step
Meep progress: 39.362500000000004/50.0 = 78.7% done in 943.8s, 255.1s to go
on time step 3149 (time=39.3625), 0.279238 s/step
Meep progress: 39.5125/50.0 = 79.0% done in 948.1s, 251.6s to go
on time step 3161 (time=39.5125), 0.355601 s/step
Meep progress: 39.6875/50.0 = 79.4% done in 952.3s, 247.4s to go
on time step 3175 (time=39.6875), 0.300286 s/step
Meep progress: 39.837500000000006/50.0 = 79.7% done in 956.3s, 244.0s to go
on time step 3187 (time=39.8375), 0.336998 s/step
Meep progress: 39.987500000000004/50.0 = 80.0% done in 960.4s, 240.5s to go
on time step 3199 (time=39.9875), 0.340333 s/step
Meep progress: 40.150000000000006/50.0 = 80.3% done in 964.5s, 236.6s to go
on time step 3212 (time=40.15), 0.318125 s/step
Meep progress: 40.3125/50.0 = 80.6% done in 968.8s, 232.8s to go
on time step 3225 (time=40.3125), 0.327141 s/step
Meep progress: 40.475/50.0 = 81.0% done in 973.1s, 229.0s to go
on time step 3238 (time=40.475), 0.329936 s/step
Meep progress: 40.625/50.0 = 81.2% done in 977.1s, 225.5s to go
on time step 3250 (time=40.625), 0.334484 s/step
Meep progress: 40.775000000000006/50.0 = 81.6% done in 981.1s, 222.0s to go
on time step 3262 (time=40.775), 0.336854 s/step
Meep progress: 40.95/50.0 = 81.9% done in 985.3s, 217.8s to go
on time step 3276 (time=40.95), 0.300666 s/step
Meep progress: 41.112500000000004/50.0 = 82.2% done in 989.6s, 213.9s to go
on time step 3289 (time=41.1125), 0.326614 s/step
Meep progress: 41.300000000000004/50.0 = 82.6% done in 993.6s, 209.3s to go
on time step 3304 (time=41.3), 0.270338 s/step
Meep progress: 41.462500000000006/50.0 = 82.9% done in 997.7s, 205.4s to go
on time step 3317 (time=41.4625), 0.309457 s/step
Meep progress: 41.6625/50.0 = 83.3% done in 1001.8s, 200.5s to go
on time step 3333 (time=41.6625), 0.258404 s/step
Meep progress: 41.825/50.0 = 83.6% done in 1006.0s, 196.6s to go
on time step 3346 (time=41.825), 0.323064 s/step
Meep progress: 41.975/50.0 = 84.0% done in 1010.1s, 193.1s to go
on time step 3358 (time=41.975), 0.344999 s/step
Meep progress: 42.150000000000006/50.0 = 84.3% done in 1014.4s, 188.9s to go
on time step 3372 (time=42.15), 0.301866 s/step
Meep progress: 42.300000000000004/50.0 = 84.6% done in 1018.5s, 185.4s to go
on time step 3384 (time=42.3), 0.3463 s/step
Meep progress: 42.475/50.0 = 85.0% done in 1022.5s, 181.2s to go
on time step 3398 (time=42.475), 0.286107 s/step
Meep progress: 42.650000000000006/50.0 = 85.3% done in 1026.7s, 176.9s to go
on time step 3412 (time=42.65), 0.299925 s/step
Meep progress: 42.8125/50.0 = 85.6% done in 1030.8s, 173.1s to go
on time step 3425 (time=42.8125), 0.314768 s/step
Meep progress: 43.0/50.0 = 86.0% done in 1034.8s, 168.5s to go
on time step 3440 (time=43), 0.26868 s/step
Meep progress: 43.175000000000004/50.0 = 86.4% done in 1039.1s, 164.3s to go
on time step 3454 (time=43.175), 0.301195 s/step
Meep progress: 43.362500000000004/50.0 = 86.7% done in 1043.2s, 159.7s to go
on time step 3469 (time=43.3625), 0.278247 s/step
Meep progress: 43.525000000000006/50.0 = 87.1% done in 1047.3s, 155.8s to go
on time step 3482 (time=43.525), 0.311842 s/step
Meep progress: 43.675000000000004/50.0 = 87.4% done in 1051.4s, 152.3s to go
on time step 3494 (time=43.675), 0.341841 s/step
Meep progress: 43.862500000000004/50.0 = 87.7% done in 1055.7s, 147.7s to go
on time step 3509 (time=43.8625), 0.284552 s/step
Meep progress: 44.0375/50.0 = 88.1% done in 1059.8s, 143.5s to go
on time step 3523 (time=44.0375), 0.294629 s/step
Meep progress: 44.212500000000006/50.0 = 88.4% done in 1063.8s, 139.3s to go
on time step 3537 (time=44.2125), 0.288803 s/step
Meep progress: 44.400000000000006/50.0 = 88.8% done in 1068.1s, 134.7s to go
on time step 3552 (time=44.4), 0.284831 s/step
Meep progress: 44.587500000000006/50.0 = 89.2% done in 1072.3s, 130.2s to go
on time step 3567 (time=44.5875), 0.282581 s/step
Meep progress: 44.775000000000006/50.0 = 89.6% done in 1076.5s, 125.6s to go
on time step 3582 (time=44.775), 0.277961 s/step
Meep progress: 44.925000000000004/50.0 = 89.9% done in 1080.5s, 122.1s to go
on time step 3594 (time=44.925), 0.334488 s/step
Meep progress: 45.087500000000006/50.0 = 90.2% done in 1084.6s, 118.2s to go
on time step 3607 (time=45.0875), 0.311238 s/step
Meep progress: 45.25/50.0 = 90.5% done in 1088.6s, 114.3s to go
on time step 3620 (time=45.25), 0.312077 s/step
Meep progress: 45.45/50.0 = 90.9% done in 1092.8s, 109.4s to go
on time step 3636 (time=45.45), 0.258555 s/step
Meep progress: 45.650000000000006/50.0 = 91.3% done in 1096.9s, 104.5s to go
on time step 3652 (time=45.65), 0.261114 s/step
Meep progress: 45.85/50.0 = 91.7% done in 1101.0s, 99.7s to go
on time step 3668 (time=45.85), 0.257043 s/step
Meep progress: 46.050000000000004/50.0 = 92.1% done in 1105.2s, 94.8s to go
on time step 3684 (time=46.05), 0.26067 s/step
Meep progress: 46.225/50.0 = 92.4% done in 1109.5s, 90.6s to go
on time step 3698 (time=46.225), 0.305287 s/step
Meep progress: 46.375/50.0 = 92.8% done in 1113.5s, 87.0s to go
on time step 3710 (time=46.375), 0.335604 s/step
Meep progress: 46.5375/50.0 = 93.1% done in 1117.8s, 83.2s to go
on time step 3723 (time=46.5375), 0.332571 s/step
Meep progress: 46.6875/50.0 = 93.4% done in 1122.0s, 79.6s to go
on time step 3735 (time=46.6875), 0.346975 s/step
Meep progress: 46.85/50.0 = 93.7% done in 1126.0s, 75.7s to go
on time step 3748 (time=46.85), 0.308739 s/step
Meep progress: 47.025000000000006/50.0 = 94.1% done in 1130.3s, 71.5s to go
on time step 3762 (time=47.025), 0.302398 s/step
Meep progress: 47.1875/50.0 = 94.4% done in 1134.4s, 67.6s to go
on time step 3775 (time=47.1875), 0.319968 s/step
Meep progress: 47.3875/50.0 = 94.8% done in 1138.6s, 62.8s to go
on time step 3791 (time=47.3875), 0.261026 s/step
Meep progress: 47.587500000000006/50.0 = 95.2% done in 1142.7s, 57.9s to go
on time step 3807 (time=47.5875), 0.256322 s/step
Meep progress: 47.75/50.0 = 95.5% done in 1146.9s, 54.0s to go
on time step 3820 (time=47.75), 0.320949 s/step
Meep progress: 47.900000000000006/50.0 = 95.8% done in 1150.9s, 50.5s to go
on time step 3832 (time=47.9), 0.340062 s/step
Meep progress: 48.1/50.0 = 96.2% done in 1155.2s, 45.6s to go
on time step 3848 (time=48.1), 0.264409 s/step
Meep progress: 48.300000000000004/50.0 = 96.6% done in 1159.4s, 40.8s to go
on time step 3864 (time=48.3), 0.262036 s/step
Meep progress: 48.5/50.0 = 97.0% done in 1163.5s, 36.0s to go
on time step 3880 (time=48.5), 0.257924 s/step
Meep progress: 48.7/50.0 = 97.4% done in 1167.7s, 31.2s to go
on time step 3896 (time=48.7), 0.261331 s/step
Meep progress: 48.900000000000006/50.0 = 97.8% done in 1171.8s, 26.4s to go
on time step 3912 (time=48.9), 0.256539 s/step
Meep progress: 49.087500000000006/50.0 = 98.2% done in 1176.0s, 21.9s to go
on time step 3927 (time=49.0875), 0.281236 s/step
Meep progress: 49.25/50.0 = 98.5% done in 1180.2s, 18.0s to go
on time step 3940 (time=49.25), 0.321831 s/step
Meep progress: 49.4125/50.0 = 98.8% done in 1184.3s, 14.1s to go
on time step 3953 (time=49.4125), 0.31814 s/step
Meep progress: 49.587500000000006/50.0 = 99.2% done in 1188.4s, 9.9s to go
on time step 3967 (time=49.5875), 0.293508 s/step
Meep progress: 49.775000000000006/50.0 = 99.6% done in 1192.5s, 5.4s to go
on time step 3982 (time=49.775), 0.274002 s/step
Meep progress: 49.95/50.0 = 99.9% done in 1196.7s, 1.2s to go
on time step 3996 (time=49.95), 0.29737 s/step
run 0 finished at t = 50.0 (4000 timesteps)
flux1:, 0.5, 1.2345984955058703e-6, -9.447748602380667e-7
flux1:, 0.5066889632107023, 1.350620257729903e-6, -8.939044384185132e-7
flux1:, 0.5133779264214047, 1.7575344416115747e-6, -1.1033960883639748e-6
flux1:, 0.520066889632107, 1.937204229051263e-6, -1.2442530157506476e-6
flux1:, 0.5267558528428093, 2.001997366411745e-6, -1.1158377105643719e-6
flux1:, 0.5334448160535117, 2.3709214801895304e-6, -1.2625307213296832e-6
flux1:, 0.540133779264214, 2.588380739270167e-6, -1.6419284294752143e-6
flux1:, 0.5468227424749164, 2.6607996830371918e-6, -1.7519776618933645e-6
flux1:, 0.5535117056856187, 3.2877567566775365e-6, -1.9710926546662087e-6
flux1:, 0.560200668896321, 3.946713391135132e-6, -2.5317304744839007e-6
flux1:, 0.5668896321070234, 4.15079612896772e-6, -2.790899963751352e-6
flux1:, 0.5735785953177257, 4.9272911936308294e-6, -2.890254702960814e-6
flux1:, 0.580267558528428, 6.1190846400634425e-6, -3.4657440379439645e-6
flux1:, 0.5869565217391304, 6.5605505633093625e-6, -4.046505275798801e-6
flux1:, 0.5936454849498327, 7.388157401390175e-6, -4.318869676608193e-6
flux1:, 0.600334448160535, 9.409906235766648e-6, -4.840523014091848e-6
flux1:, 0.6070234113712374, 1.0635433386186737e-5, -5.421958976961705e-6
flux1:, 0.6137123745819397, 1.1110831220926366e-5, -5.8626506467307105e-6
flux1:, 0.6204013377926421, 1.2978447018478696e-5, -6.9645354109113925e-6
flux1:, 0.6270903010033444, 1.5011245236075507e-5, -8.482913644379949e-6
flux1:, 0.6337792642140467, 1.5978209161701663e-5, -9.580144428513255e-6
flux1:, 0.6404682274247491, 1.8381942212398213e-5, -1.115323429825697e-5
flux1:, 0.6471571906354514, 2.2088012769089323e-5, -1.3460969217901312e-5
flux1:, 0.6538461538461537, 2.4543783761412347e-5, -1.4860269664514143e-5
flux1:, 0.6605351170568561, 2.782860268264755e-5, -1.5682140053085774e-5
flux1:, 0.6672240802675584, 3.309398348454368e-5, -1.7681405572367667e-5
flux1:, 0.6739130434782608, 3.6048629529367896e-5, -2.0378033353204642e-5
flux1:, 0.6806020066889631, 3.7407219663627934e-5, -2.3417527382672414e-5
flux1:, 0.6872909698996654, 4.2634990534483936e-5, -2.7819394175596845e-5
flux1:, 0.6939799331103678, 5.0113710426235634e-5, -3.247166884924619e-5
flux1:, 0.7006688963210701, 5.671972739807884e-5, -3.598621138510547e-5
flux1:, 0.7073578595317724, 6.508485669341823e-5, -3.949707715397077e-5
flux1:, 0.7140468227424748, 7.330999029768049e-5, -4.3528981930558864e-5
flux1:, 0.7207357859531771, 7.724684518620763e-5, -4.919489336327758e-5
flux1:, 0.7274247491638794, 8.34706981362154e-5, -5.951835992788262e-5
flux1:, 0.7341137123745818, 9.688766708062606e-5, -7.143864427454789e-5
flux1:, 0.7408026755852841, 1.0939665522216428e-4, -7.903677673959283e-5
flux1:, 0.7474916387959865, 1.1860106703554373e-4, -8.778318999130899e-5
flux1:, 0.7541806020066888, 1.3183983279031845e-4, -1.0465211497264035e-4
flux1:, 0.7608695652173911, 1.460269253866434e-4, -1.222252555458435e-4
flux1:, 0.7675585284280935, 1.5417184483388927e-4, -1.368376208824902e-4
flux1:, 0.7742474916387958, 1.642870755111803e-4, -1.5936063726491677e-4
flux1:, 0.7809364548494981, 1.8549667723154206e-4, -1.8763240615259958e-4
flux1:, 0.7876254180602005, 2.1079288341510144e-4, -2.065887043973712e-4
flux1:, 0.7943143812709028, 2.2949995393671167e-4, -2.2675086428049484e-4
flux1:, 0.8010033444816052, 2.426021004125266e-4, -2.715683982718658e-4
flux1:, 0.8076923076923075, 2.580341957152146e-4, -3.252320065471622e-4
flux1:, 0.8143812709030098, 2.7626047846947174e-4, -3.5356597924899225e-4
flux1:, 0.8210702341137122, 2.9145996891529537e-4, -3.730271484972694e-4
flux1:, 0.8277591973244145, 3.1160973760716856e-4, -4.2793524118754737e-4
flux1:, 0.8344481605351168, 3.469596564402465e-4, -5.023435666483587e-4
flux1:, 0.8411371237458192, 3.7031651997695205e-4, -5.465150079478931e-4
flux1:, 0.8478260869565215, 3.47960891876601e-4, -5.920589063647343e-4
flux1:, 0.8545150501672238, 3.082019797349712e-4, -7.120812661844681e-4
flux1:, 0.8612040133779262, 3.01606384812691e-4, -8.67241018481668e-4
flux1:, 0.8678929765886285, 3.274603188691087e-4, -9.692461003709404e-4
flux1:, 0.8745819397993309, 3.708940840941045e-4, -0.0010715507610164331
flux1:, 0.8812709030100332, 4.283735418429375e-4, -0.0012619841476110907
flux1:, 0.8879598662207355, 4.6023432070973287e-4, -0.0014472612767369945
flux1:, 0.8946488294314379, 4.4489396593221537e-4, -0.0015269552475193396
flux1:, 0.9013377926421402, 4.5060848321353713e-4, -0.0016242895515145943
flux1:, 0.9080267558528425, 5.14466192107799e-4, -0.0018555919909271667
flux1:, 0.9147157190635449, 5.608507660483949e-4, -0.0021141888446978277
flux1:, 0.9214046822742472, 5.490014673367077e-4, -0.002321144663131921
flux1:, 0.9280936454849495, 5.285137162252176e-4, -0.002573819500815937
flux1:, 0.9347826086956519, 5.166577761837911e-4, -0.00290148655448179
flux1:, 0.9414715719063542, 5.137736010878556e-4, -0.0032053388493185867
flux1:, 0.9481605351170566, 5.700218719529039e-4, -0.0034637020777728705
flux1:, 0.9548494983277589, 6.757871519417442e-4, -0.003729099331248851
flux1:, 0.9615384615384612, 7.407299222135242e-4, -0.004017905620687468
flux1:, 0.9682274247491636, 7.627168976605048e-4, -0.0043474680563486716
flux1:, 0.9749163879598659, 8.283835968165788e-4, -0.004723774776332769
flux1:, 0.9816053511705682, 9.56784639328882e-4, -0.005095394058913909
flux1:, 0.9882943143812706, 0.0010964636350638095, -0.005454561134845121
flux1:, 0.9949832775919729, 0.0012091405366254314, -0.005865229948017843
flux1:, 1.0016722408026753, 0.0012964344634297845, -0.006363544819672037
flux1:, 1.0083612040133776, 0.001403895567354619, -0.00696919636127311
flux1:, 1.01505016722408, 0.0015590812688124993, -0.007649749500627499
flux1:, 1.0217391304347823, 0.0017425126201064552, -0.008209581642309812
flux1:, 1.0284280936454846, 0.002016779462552404, -0.008514825060224362
flux1:, 1.035117056856187, 0.002490486737356629, -0.008756004436947304
flux1:, 1.0418060200668893, 0.003071613645523476, -0.009167541233184416
flux1:, 1.0484949832775916, 0.003569104328158832, -0.009754092333730422
flux1:, 1.055183946488294, 0.003981444999251431, -0.010493205547939448
flux1:, 1.0618729096989963, 0.004345393267953659, -0.011357674779580648
flux1:, 1.0685618729096986, 0.00461959219182555, -0.012121843007711379
flux1:, 1.075250836120401, 0.005010536559657706, -0.012616450210659009
flux1:, 1.0819397993311033, 0.005832674069349945, -0.012973823992073492
flux1:, 1.0886287625418056, 0.006877618674215719, -0.013354032276220654
flux1:, 1.095317725752508, 0.007631406082945331, -0.013870843459903456
flux1:, 1.1020066889632103, 0.008070819913313678, -0.014766085384823232
flux1:, 1.1086956521739126, 0.008565201524597011, -0.016073908951159316
flux1:, 1.115384615384615, 0.009285386246888029, -0.01733950406683665
flux1:, 1.1220735785953173, 0.010260564872683002, -0.01811870254171917
flux1:, 1.1287625418060196, 0.01155460432580081, -0.018423520540143755
flux1:, 1.135451505016722, 0.013013056631935634, -0.018578600569708587
flux1:, 1.1421404682274243, 0.014356827874135197, -0.018956842041757
flux1:, 1.1488294314381267, 0.015733586080905516, -0.019628692215475606
flux1:, 1.155518394648829, 0.017596768748442813, -0.020244411945367573
flux1:, 1.1622073578595313, 0.01981199300365642, -0.02068710892023872
flux1:, 1.1688963210702337, 0.02158068734380728, -0.02129630676584454
flux1:, 1.175585284280936, 0.02273850836396074, -0.021972378580027197
flux1:, 1.1822742474916383, 0.024225146454853668, -0.022276453599998018
flux1:, 1.1889632107023407, 0.02640598521450563, -0.02273666325997857
flux1:, 1.195652173913043, 0.028227987638502438, -0.02422709334774507
flux1:, 1.2023411371237454, 0.029254928348698382, -0.026028262371793023
flux1:, 1.2090301003344477, 0.030705544638822753, -0.026702264064688418
flux1:, 1.21571906354515, 0.03312978537154186, -0.026515325509897148
flux1:, 1.2224080267558524, 0.03546780172135092, -0.026730323239840162
flux1:, 1.2290969899665547, 0.03751304287566334, -0.027390230391149042
flux1:, 1.235785953177257, 0.040356551695891654, -0.027997766970903663
flux1:, 1.2424749163879594, 0.0437736385908227, -0.02903145778907374
flux1:, 1.2491638795986617, 0.04633822095670245, -0.03076812800323939
flux1:, 1.255852842809364, 0.04811523802026045, -0.032338715557682675
flux1:, 1.2625418060200664, 0.05033409770591202, -0.033568429605564824
flux1:, 1.2692307692307687, 0.05308367521012832, -0.0354581012158434
flux1:, 1.275919732441471, 0.05567466003835892, -0.03769508656329585
flux1:, 1.2826086956521734, 0.05820947859817016, -0.03870682027320911
flux1:, 1.2892976588628757, 0.06117407433640652, -0.03882027529941262
flux1:, 1.295986622073578, 0.06441737394443185, -0.03975926162219821
flux1:, 1.3026755852842804, 0.06734248532008434, -0.04126311719618062
flux1:, 1.3093645484949827, 0.06966730051228201, -0.04220606484375
flux1:, 1.316053511705685, 0.07181085243375011, -0.043492494069307885
flux1:, 1.3227424749163874, 0.07429278461077056, -0.04582787469279644
flux1:, 1.3294314381270897, 0.07671366420747239, -0.047721402211386314
flux1:, 1.336120401337792, 0.07828800910128968, -0.048972931989498765
flux1:, 1.3428093645484944, 0.07940469621197746, -0.05147773655778815
flux1:, 1.3494983277591968, 0.08126204301367704, -0.05475157117543826
flux1:, 1.356187290969899, 0.08405753112122398, -0.05640585015533333
flux1:, 1.3628762541806014, 0.08687992157232491, -0.056947347579051476
flux1:, 1.3695652173913038, 0.08916006746715792, -0.05833563760627586
flux1:, 1.376254180602006, 0.09134353361556637, -0.059990372020115534
flux1:, 1.3829431438127084, 0.09436564092660739, -0.06075881848122139
flux1:, 1.3896321070234108, 0.09862638259775822, -0.061046512147061575
flux1:, 1.3963210702341131, 0.10321134988817084, -0.06100415717005565
flux1:, 1.4030100334448155, 0.1064920009131592, -0.06101312472939649
flux1:, 1.4096989966555178, 0.10792876723808068, -0.06266254636502502
flux1:, 1.4163879598662201, 0.10898864774753901, -0.06548565209479451
flux1:, 1.4230769230769225, 0.11165753381421543, -0.06715306099498623
flux1:, 1.4297658862876248, 0.11574561465023805, -0.06852507654201503
flux1:, 1.4364548494983271, 0.11862401112599397, -0.0717003684662676
flux1:, 1.4431438127090295, 0.1188033051813758, -0.07439158387229652
flux1:, 1.4498327759197318, 0.11827954711796668, -0.07407326656789254
flux1:, 1.4565217391304341, 0.11938104252613656, -0.07357219677162487
flux1:, 1.4632107023411365, 0.12151047129147373, -0.07558524083203046
flux1:, 1.4698996655518388, 0.12337777723524743, -0.07791316025795904
flux1:, 1.4765886287625412, 0.12550649455230084, -0.07875076441984309
flux1:, 1.4832775919732435, 0.12818339007347776, -0.07952845356556902
flux1:, 1.4899665551839458, 0.1301258314409321, -0.08080539568800447
flux1:, 1.4966555183946482, 0.13078509151441767, -0.0818632475050347
flux1:, 1.5033444816053505, 0.13101769984705225, -0.08329907260135046
flux1:, 1.5100334448160528, 0.13120172340770136, -0.08538473221481734
flux1:, 1.5167224080267552, 0.13122446634971643, -0.0868845362850036
flux1:, 1.5234113712374575, 0.13145535954462584, -0.08773036317938981
flux1:, 1.5301003344481598, 0.13185682604772378, -0.08907935866589706
flux1:, 1.5367892976588622, 0.13155264116170043, -0.09071464593564768
flux1:, 1.5434782608695645, 0.13020341063571908, -0.09190117334990719
flux1:, 1.5501672240802669, 0.12841302654021042, -0.09337902219181651
flux1:, 1.5568561872909692, 0.12679485699908827, -0.09586528464648007
flux1:, 1.5635451505016715, 0.12565425910980632, -0.0984390221701602
flux1:, 1.5702341137123739, 0.1249639683145322, -0.10007924583110789
flux1:, 1.5769230769230762, 0.12407529021380528, -0.10130464684695852
flux1:, 1.5836120401337785, 0.12210487453015714, -0.10328221069094048
flux1:, 1.5903010033444809, 0.118871234997466, -0.10614043726834521
flux1:, 1.5969899665551832, 0.11531446904132879, -0.10892677671218846
flux1:, 1.6036789297658856, 0.11283131777825182, -0.11084795442002245
flux1:, 1.610367892976588, 0.11166026046625857, -0.1117776270922372
flux1:, 1.6170568561872902, 0.11030651680466558, -0.11207665099249572
flux1:, 1.6237458193979926, 0.10753001595824631, -0.11279199479378896
flux1:, 1.630434782608695, 0.1038842600952693, -0.11490979580004472
flux1:, 1.6371237458193972, 0.10022395447223892, -0.11757844492030238
flux1:, 1.6438127090300996, 0.09650589977526464, -0.11871297367349612
flux1:, 1.650501672240802, 0.09289916982337373, -0.11779672180341122
flux1:, 1.6571906354515042, 0.08974131923238078, -0.11647666997875117
flux1:, 1.6638795986622066, 0.08621990017708299, -0.11665950980282833
flux1:, 1.670568561872909, 0.08154974157184088, -0.11887547388984793
flux1:, 1.6772575250836113, 0.07668264684371888, -0.1216296377980919
flux1:, 1.6839464882943136, 0.07266053647037504, -0.12286545845583029
flux1:, 1.690635451505016, 0.06897566294419952, -0.12288542155418263
flux1:, 1.6973244147157183, 0.06520899957433818, -0.12348720887297072
flux1:, 1.7040133779264206, 0.06196724124225501, -0.12423933514579939
flux1:, 1.710702341137123, 0.059191575229479834, -0.12373763444174438
flux1:, 1.7173913043478253, 0.05589552581373315, -0.12320967750201901
flux1:, 1.7240802675585276, 0.051818020351945035, -0.12388155578700749
flux1:, 1.73076923076923, 0.04745562434696771, -0.12377271165749351
flux1:, 1.7374581939799323, 0.0430805901541996, -0.12182530459739921
flux1:, 1.7441471571906346, 0.039019813052890116, -0.12061766414766027
flux1:, 1.750836120401337, 0.03569756289996881, -0.12133676445648922
flux1:, 1.7575250836120393, 0.032735784749070344, -0.12150418481652167
flux1:, 1.7642140468227416, 0.029377229975503513, -0.11984366913797968
flux1:, 1.770903010033444, 0.025756116219593433, -0.11816211038275734
flux1:, 1.7775919732441463, 0.022467490165173153, -0.11763394879122699
flux1:, 1.7842809364548486, 0.01951587345355647, -0.11735338452879582
flux1:, 1.790969899665551, 0.016748227956938137, -0.11652816549280837
flux1:, 1.7976588628762533, 0.014400621132708381, -0.11543923136828126
flux1:, 1.8043478260869557, 0.012551859763759901, -0.11416401511297006
flux1:, 1.811036789297658, 0.01095247020121267, -0.11177168699645827
flux1:, 1.8177257525083603, 0.009521956123765022, -0.1078316001955657
flux1:, 1.8244147157190627, 0.00828004103909106, -0.10399081184942617
flux1:, 1.831103678929765, 0.00716518638394915, -0.10176547625530688
flux1:, 1.8377926421404673, 0.006354783704494918, -0.09972416126487361
flux1:, 1.8444816053511697, 0.006049015318589803, -0.09611561126754621
flux1:, 1.851170568561872, 0.005907045498043447, -0.09220273798508109
flux1:, 1.8578595317725743, 0.0055512350234333315, -0.0893133582493168
flux1:, 1.8645484949832767, 0.005256426141160177, -0.08605762299480936
flux1:, 1.871237458193979, 0.005355472220595194, -0.08169784054976129
flux1:, 1.8779264214046814, 0.005639659826241434, -0.07775806894929185
flux1:, 1.8846153846153837, 0.00590003314501493, -0.074436345933082
flux1:, 1.891304347826086, 0.006269759720658826, -0.07034698573595204
flux1:, 1.8979933110367884, 0.006791990835813914, -0.06583378872562855
flux1:, 1.9046822742474907, 0.007320075217613551, -0.06204088907161971
flux1:, 1.911371237458193, 0.00777094522243331, -0.05844907100222495
flux1:, 1.9180602006688954, 0.008119933580025916, -0.05462036397958744
flux1:, 1.9247491638795977, 0.008444070745594572, -0.05135719515975929
flux1:, 1.9314381270903, 0.008940347218277021, -0.04846356530453717
flux1:, 1.9381270903010024, 0.009554006930589816, -0.04489480957575861
flux1:, 1.9448160535117047, 0.009965413372627366, -0.04119197635591831
flux1:, 1.951505016722407, 0.010142436974221094, -0.03849809645065896
flux1:, 1.9581939799331094, 0.010308647724886882, -0.03633298108638278
flux1:, 1.9648829431438117, 0.010442586233756063, -0.03380528613714321
flux1:, 1.971571906354514, 0.010446124252721838, -0.03120551051471745
flux1:, 1.9782608695652164, 0.010451814527841415, -0.02895963029154537
flux1:, 1.9849498327759187, 0.01048770274483588, -0.026881129636965224
flux1:, 1.991638795986621, 0.010390965179775167, -0.024931370349720743
flux1:, 1.9983277591973234, 0.010231523453496146, -0.023204546635391964
flux1:, 2.0050167224080258, 0.010200016966899437, -0.021412603339663636
flux1:, 2.011705685618728, 0.010191457314776088, -0.019415986203233326
flux1:, 2.0183946488294304, 0.010015384316411042, -0.01764580779485754
flux1:, 2.0250836120401328, 0.009702315807138057, -0.016401125893697105
flux1:, 2.031772575250835, 0.0093298959768877, -0.015398318461565311
flux1:, 2.0384615384615374, 0.008932199670694762, -0.014311055067081961
flux1:, 2.0451505016722398, 0.008582785878434748, -0.013185960365949772
flux1:, 2.051839464882942, 0.008265483701445722, -0.012169664192420883
flux1:, 2.0585284280936444, 0.007879498547365433, -0.01125445429676708
flux1:, 2.065217391304347, 0.007479254450583657, -0.010412402801298045
flux1:, 2.071906354515049, 0.007173247187065972, -0.009670167467908134
flux1:, 2.0785953177257515, 0.006883366007112069, -0.008968587634531532
flux1:, 2.085284280936454, 0.006522736371009216, -0.008212945602601456
flux1:, 2.091973244147156, 0.006164783633406946, -0.007479820229086784
flux1:, 2.0986622073578585, 0.005847011990360184, -0.00690472229407032
flux1:, 2.105351170568561, 0.005516289806598849, -0.006423599040594892
flux1:, 2.112040133779263, 0.00519073701939869, -0.005891738617475575
flux1:, 2.1187290969899655, 0.004904080391086953, -0.005338694890414833
flux1:, 2.125418060200668, 0.0046069501687132555, -0.004885451563414369
flux1:, 2.13210702341137, 0.004286089501155385, -0.004545928356133113
flux1:, 2.1387959866220725, 0.0039938252943795445, -0.004239960777373155
flux1:, 2.145484949832775, 0.0037277349532752425, -0.0038991793855508656
flux1:, 2.152173913043477, 0.0034595378489598984, -0.0035288448492324202
flux1:, 2.1588628762541795, 0.0032100760283432558, -0.0031975248785525955
flux1:, 2.165551839464882, 0.002985461168827544, -0.0029352156645495943
flux1:, 2.172240802675584, 0.0027609965762835993, -0.0026955024339835776
flux1:, 2.1789297658862865, 0.0025479726709891205, -0.002457349596813661
flux1:, 2.185618729096989, 0.00236332349534088, -0.002245441071474797
flux1:, 2.192307692307691, 0.002187203761535557, -0.0020486015832568397
flux1:, 2.1989966555183935, 0.0020140797213056994, -0.001851286391559656
flux1:, 2.205685618729096, 0.0018585515700874123, -0.0016852511335598342
flux1:, 2.212374581939798, 0.0017099420015540955, -0.0015540205962491895
flux1:, 2.2190635451505005, 0.0015597443753138645, -0.0014186773148552787
flux1:, 2.225752508361203, 0.0014264319769858058, -0.0012861846694723564
flux1:, 2.232441471571905, 0.0013116719625392284, -0.001184975719151689
flux1:, 2.2391304347826075, 0.0011985787151567965, -0.001095599505132937
flux1:, 2.24581939799331, 0.0010906407449137229, -0.0010019845436912945
flux1:, 2.252508361204012, 9.958476850959706e-4, -9.223348592487879e-4
flux1:, 2.2591973244147145, 9.059475403375708e-4, -8.523601646127832e-4
flux1:, 2.265886287625417, 8.191172037878051e-4, -7.755842061285731e-4
flux1:, 2.272575250836119, 7.40963945993192e-4, -7.055891826217801e-4
flux1:, 2.2792642140468216, 6.678518353322689e-4, -6.488953694152964e-4
flux1:, 2.285953177257524, 6.000507492092066e-4, -5.897887953153511e-4
flux1:, 2.2926421404682262, 5.442916478828434e-4, -5.320275461305512e-4
flux1:, 2.2993311036789286, 4.943169375454389e-4, -4.860629184474556e-4
flux1:, 2.306020066889631, 4.4153746824788197e-4, -4.421230861606163e-4
flux1:, 2.3127090301003332, 3.9256140223690945e-4, -4.0019738285084296e-4
flux1:, 2.3193979933110356, 3.52619463558609e-4, -3.710187666905655e-4
flux1:, 2.326086956521738, 3.164764526887785e-4, -3.4310299866122015e-4
flux1:, 2.3327759197324403, 2.83138135026133e-4, -3.060359215304487e-4
flux1:, 2.3394648829431426, 2.543616942462764e-4, -2.7464459323413277e-4
flux1:, 2.346153846153845, 2.2624292946120912e-4, -2.5427898546480333e-4
flux1:, 2.3528428093645473, 1.9823550686847772e-4, -2.326016220416009e-4
flux1:, 2.3595317725752496, 1.7470687704388354e-4, -2.1039454518972735e-4
flux1:, 2.366220735785952, 1.5468253013470844e-4, -1.9327519463846398e-4
flux1:, 2.3729096989966543, 1.3566556837463578e-4, -1.7490486376148075e-4
flux1:, 2.3795986622073566, 1.1967919394907127e-4, -1.5552676949301798e-4
flux1:, 2.386287625418059, 1.063616910493417e-4, -1.4259035864980227e-4
flux1:, 2.3929765886287613, 9.283813690049808e-5, -1.3167077800248087e-4
flux1:, 2.3996655518394636, 8.068354403690241e-5, -1.1760246930041167e-4
flux1:, 2.406354515050166, 7.151720518822955e-5, -1.0577369911176892e-4
flux1:, 2.4130434782608683, 6.26872754617739e-5, -9.681347642184706e-5
flux1:, 2.4197324414715706, 5.3642711965622375e-5, -8.644229465395322e-5
flux1:, 2.426421404682273, 4.6573659437683546e-5, -7.771726331531848e-5
flux1:, 2.4331103678929753, 4.06370252997365e-5, -7.220909755411835e-5
flux1:, 2.4397993311036776, 3.4337896050717607e-5, -6.516017379654988e-5
flux1:, 2.44648829431438, 2.904803982035078e-5, -5.759391341999636e-5
flux1:, 2.4531772575250823, 2.5182957934111002e-5, -5.321638248574541e-5
flux1:, 2.4598662207357846, 2.129116702592415e-5, -4.892170605869945e-5
flux1:, 2.466555183946487, 1.76317704444802e-5, -4.312889861250955e-5
flux1:, 2.4732441471571893, 1.5113889585743296e-5, -3.919607789135797e-5
flux1:, 2.4799331103678917, 1.3007379005274413e-5, -3.621102114250746e-5
flux1:, 2.486622073578594, 1.0819270421737413e-5, -3.1845643076816825e-5
flux1:, 2.4933110367892963, 9.053569421861039e-6, -2.8503341848293804e-5
flux1:, 2.4999999999999987, 7.5994647152710055e-6, -2.6628648338122165e-5

Elapsed run time = 1224.95 s
