--------------------------------------------------------------------------
[[9278,1],0]: A high-performance Open MPI point-to-point messaging module
was unable to find any relevant network interfaces:

Module: OpenFabrics (openib)
  Host: euca-128-84-11-54

Another transport will be used instead, although this may result in
lower performance.
--------------------------------------------------------------------------
Using MPI version 3.0, 2 processes
command-line param: no-struct=false
command-line param: no-holes=false
command-line param: rodpos="rad.1ff.1/rodpos.txt"
-----------
Initializing structure...
Working in 3D dimensions.
Computational cell is 4 x 4 x 5 with resolution 40
     block, center = (0,0,0)
          size (1e+20,1e+20,0.15)
          axes (1,0,0), (0,1,0), (0,0,1)
          dielectric constant epsilon diagonal = (12,12,12)
     cylinder, center = (2.454,2.677,0)
          radius 0.1, height 0.15, axis (0, 0, 1)
          dielectric constant epsilon diagonal = (1,1,1)
     cylinder, center = (3.025,0.334,0)
          radius 0.1, height 0.15, axis (0, 0, 1)
          dielectric constant epsilon diagonal = (1,1,1)
     cylinder, center = (3.767,3.912,0)
          radius 0.1, height 0.15, axis (0, 0, 1)
          dielectric constant epsilon diagonal = (1,1,1)
     cylinder, center = (1.445,1.916,0)
          radius 0.1, height 0.15, axis (0, 0, 1)
          dielectric constant epsilon diagonal = (1,1,1)
     cylinder, center = (0.441,3.082,0)
          radius 0.1, height 0.15, axis (0, 0, 1)
          dielectric constant epsilon diagonal = (1,1,1)
     cylinder, center = (1.418,2.774,0)
          radius 0.1, height 0.15, axis (0, 0, 1)
          dielectric constant epsilon diagonal = (1,1,1)
     cylinder, center = (0.838,1.35,0)
          radius 0.1, height 0.15, axis (0, 0, 1)
          dielectric constant epsilon diagonal = (1,1,1)
     cylinder, center = (1.897,2.076,0)
          radius 0.1, height 0.15, axis (0, 0, 1)
          dielectric constant epsilon diagonal = (1,1,1)
     cylinder, center = (0.101,0.344,0)
          radius 0.1, height 0.15, axis (0, 0, 1)
          dielectric constant epsilon diagonal = (1,1,1)
     cylinder, center = (0.222,2.928,0)
          radius 0.1, height 0.15, axis (0, 0, 1)
          dielectric constant epsilon diagonal = (1,1,1)
     cylinder, center = (1.55,1.43,0)
          radius 0.1, height 0.15, axis (0, 0, 1)
          dielectric constant epsilon diagonal = (1,1,1)
     cylinder, center = (3.436,1.801,0)
          radius 0.1, height 0.15, axis (0, 0, 1)
          dielectric constant epsilon diagonal = (1,1,1)
     cylinder, center = (1.623,1.739,0)
          radius 0.1, height 0.15, axis (0, 0, 1)
          dielectric constant epsilon diagonal = (1,1,1)
     cylinder, center = (1.492,0.104,0)
          radius 0.1, height 0.15, axis (0, 0, 1)
          dielectric constant epsilon diagonal = (1,1,1)
     cylinder, center = (1.264,3.495,0)
          radius 0.1, height 0.15, axis (0, 0, 1)
          dielectric constant epsilon diagonal = (1,1,1)
     cylinder, center = (0.828,1.098,0)
          radius 0.1, height 0.15, axis (0, 0, 1)
          dielectric constant epsilon diagonal = (1,1,1)
     cylinder, center = (2.026,2.432,0)
          radius 0.1, height 0.15, axis (0, 0, 1)
          dielectric constant epsilon diagonal = (1,1,1)
     cylinder, center = (1.111,1.523,0)
          radius 0.1, height 0.15, axis (0, 0, 1)
          dielectric constant epsilon diagonal = (1,1,1)
     cylinder, center = (0.648,3.945,0)
          radius 0.1, height 0.15, axis (0, 0, 1)
          dielectric constant epsilon diagonal = (1,1,1)
     cylinder, center = (0.843,0.255,0)
          radius 0.1, height 0.15, axis (0, 0, 1)
          dielectric constant epsilon diagonal = (1,1,1)
     cylinder, center = (1.415,0.408,0)
          radius 0.1, height 0.15, axis (0, 0, 1)
          dielectric constant epsilon diagonal = (1,1,1)
     cylinder, center = (3.869,1.219,0)
          radius 0.1, height 0.15, axis (0, 0, 1)
          dielectric constant epsilon diagonal = (1,1,1)
     cylinder, center = (0.782,3.023,0)
          radius 0.1, height 0.15, axis (0, 0, 1)
          dielectric constant epsilon diagonal = (1,1,1)
     cylinder, center = (0.754,0.492,0)
          radius 0.1, height 0.15, axis (0, 0, 1)
          dielectric constant epsilon diagonal = (1,1,1)
     cylinder, center = (2.403,2.917,0)
          radius 0.1, height 0.15, axis (0, 0, 1)
          dielectric constant epsilon diagonal = (1,1,1)
     cylinder, center = (1.002,2.195,0)
          radius 0.1, height 0.15, axis (0, 0, 1)
          dielectric constant epsilon diagonal = (1,1,1)
     cylinder, center = (0.321,3.985,0)
          radius 0.1, height 0.15, axis (0, 0, 1)
          dielectric constant epsilon diagonal = (1,1,1)
     cylinder, center = (0.753,1.821,0)
          radius 0.1, height 0.15, axis (0, 0, 1)
          dielectric constant epsilon diagonal = (1,1,1)
     cylinder, center = (3.842,2.445,0)
          radius 0.1, height 0.15, axis (0, 0, 1)
          dielectric constant epsilon diagonal = (1,1,1)
     cylinder, center = (0.475,3.658,0)
          radius 0.1, height 0.15, axis (0, 0, 1)
          dielectric constant epsilon diagonal = (1,1,1)
     cylinder, center = (0.256,2.325,0)
          radius 0.1, height 0.15, axis (0, 0, 1)
          dielectric constant epsilon diagonal = (1,1,1)
     cylinder, center = (0.514,1.244,0)
          radius 0.1, height 0.15, axis (0, 0, 1)
          dielectric constant epsilon diagonal = (1,1,1)
     cylinder, center = (0.16,3.601,0)
          radius 0.1, height 0.15, axis (0, 0, 1)
          dielectric constant epsilon diagonal = (1,1,1)
     cylinder, center = (2.75,3.314,0)
          radius 0.1, height 0.15, axis (0, 0, 1)
          dielectric constant epsilon diagonal = (1,1,1)
     cylinder, center = (1.17,1.134,0)
          radius 0.1, height 0.15, axis (0, 0, 1)
          dielectric constant epsilon diagonal = (1,1,1)
     cylinder, center = (3.023,2.31,0)
          radius 0.1, height 0.15, axis (0, 0, 1)
          dielectric constant epsilon diagonal = (1,1,1)
     cylinder, center = (0.541,0.081,0)
          radius 0.1, height 0.15, axis (0, 0, 1)
          dielectric constant epsilon diagonal = (1,1,1)
     cylinder, center = (2.833,1.647,0)
          radius 0.1, height 0.15, axis (0, 0, 1)
          dielectric constant epsilon diagonal = (1,1,1)
     cylinder, center = (1.088,0.502,0)
          radius 0.1, height 0.15, axis (0, 0, 1)
          dielectric constant epsilon diagonal = (1,1,1)
     cylinder, center = (1.889,0.401,0)
          radius 0.1, height 0.15, axis (0, 0, 1)
          dielectric constant epsilon diagonal = (1,1,1)
     cylinder, center = (3.045,1.186,0)
          radius 0.1, height 0.15, axis (0, 0, 1)
          dielectric constant epsilon diagonal = (1,1,1)
     cylinder, center = (3.927,3.045,0)
          radius 0.1, height 0.15, axis (0, 0, 1)
          dielectric constant epsilon diagonal = (1,1,1)
     cylinder, center = (1.56,0.706,0)
          radius 0.1, height 0.15, axis (0, 0, 1)
          dielectric constant epsilon diagonal = (1,1,1)
     cylinder, center = (0.044,3.187,0)
          radius 0.1, height 0.15, axis (0, 0, 1)
          dielectric constant epsilon diagonal = (1,1,1)
     cylinder, center = (1.498,3.166,0)
          radius 0.1, height 0.15, axis (0, 0, 1)
          dielectric constant epsilon diagonal = (1,1,1)
     cylinder, center = (1.318,0.931,0)
          radius 0.1, height 0.15, axis (0, 0, 1)
          dielectric constant epsilon diagonal = (1,1,1)
     cylinder, center = (2.65,3.904,0)
          radius 0.1, height 0.15, axis (0, 0, 1)
          dielectric constant epsilon diagonal = (1,1,1)
     cylinder, center = (2.6,0.995,0)
          radius 0.1, height 0.15, axis (0, 0, 1)
          dielectric constant epsilon diagonal = (1,1,1)
     cylinder, center = (1.842,3.62,0)
          radius 0.1, height 0.15, axis (0, 0, 1)
          dielectric constant epsilon diagonal = (1,1,1)
     cylinder, center = (3.702,0.19,0)
          radius 0.1, height 0.15, axis (0, 0, 1)
          dielectric constant epsilon diagonal = (1,1,1)
     cylinder, center = (3.098,1.664,0)
          radius 0.1, height 0.15, axis (0, 0, 1)
          dielectric constant epsilon diagonal = (1,1,1)
subpixel-averaging is 85.3876% done, 0.684736 s remaining
subpixel-averaging is 99.3402% done, 0.0265667 s remaining
subpixel-averaging is 97.1541% done, 0.11717 s remaining
time for set_epsilon = 23.8476 s
time for set_conductivity = 0.35714 s
time for set_conductivity = 0.304879 s
time for set_conductivity = 0.29624 s
-----------
Meep progress: 0.0125/50.0 = 0.0% done in 5.7s, 22859.9s to go
on time step 1 (time=0.0125), 5.71689 s/step
Meep progress: 0.17500000000000002/50.0 = 0.4% done in 9.9s, 2814.6s to go
on time step 14 (time=0.175), 0.320694 s/step
Meep progress: 0.3375/50.0 = 0.7% done in 14.0s, 2062.1s to go
on time step 27 (time=0.3375), 0.317564 s/step
Meep progress: 0.48750000000000004/50.0 = 1.0% done in 18.3s, 1860.3s to go
on time step 39 (time=0.4875), 0.35854 s/step
Meep progress: 0.65/50.0 = 1.3% done in 22.4s, 1703.9s to go
on time step 52 (time=0.65), 0.317395 s/step
Meep progress: 0.8125/50.0 = 1.6% done in 26.8s, 1620.9s to go
on time step 65 (time=0.8125), 0.333297 s/step
Meep progress: 1.0/50.0 = 2.0% done in 30.8s, 1511.0s to go
on time step 80 (time=1), 0.270702 s/step
Meep progress: 1.1875/50.0 = 2.4% done in 35.0s, 1440.0s to go
on time step 95 (time=1.1875), 0.279783 s/step
Meep progress: 1.3875000000000002/50.0 = 2.8% done in 39.2s, 1374.5s to go
on time step 111 (time=1.3875), 0.262391 s/step
Meep progress: 1.55/50.0 = 3.1% done in 43.3s, 1354.8s to go
on time step 124 (time=1.55), 0.316336 s/step
Meep progress: 1.725/50.0 = 3.4% done in 47.6s, 1331.6s to go
on time step 138 (time=1.725), 0.302725 s/step
Meep progress: 1.8875000000000002/50.0 = 3.8% done in 51.7s, 1316.8s to go
on time step 151 (time=1.8875), 0.313794 s/step
Meep progress: 2.075/50.0 = 4.2% done in 55.9s, 1290.6s to go
on time step 166 (time=2.075), 0.281082 s/step
Meep progress: 2.2375000000000003/50.0 = 4.5% done in 59.9s, 1279.3s to go
on time step 179 (time=2.2375), 0.311951 s/step
Meep progress: 2.4000000000000004/50.0 = 4.8% done in 64.0s, 1270.2s to go
on time step 192 (time=2.4), 0.316212 s/step
Meep progress: 2.5625/50.0 = 5.1% done in 68.2s, 1261.7s to go
on time step 205 (time=2.5625), 0.316163 s/step
Meep progress: 2.725/50.0 = 5.4% done in 72.3s, 1253.7s to go
on time step 218 (time=2.725), 0.316179 s/step
Meep progress: 2.875/50.0 = 5.8% done in 76.3s, 1251.2s to go
on time step 230 (time=2.875), 0.339063 s/step
Meep progress: 3.0125/50.0 = 6.0% done in 80.3s, 1253.2s to go
on time step 241 (time=3.0125), 0.365044 s/step
Meep progress: 3.1625/50.0 = 6.3% done in 84.5s, 1251.9s to go
on time step 253 (time=3.1625), 0.348281 s/step
Meep progress: 3.325/50.0 = 6.6% done in 88.6s, 1243.1s to go
on time step 266 (time=3.325), 0.309574 s/step
Meep progress: 3.4875000000000003/50.0 = 7.0% done in 92.7s, 1236.3s to go
on time step 279 (time=3.4875), 0.318818 s/step
Meep progress: 3.6500000000000004/50.0 = 7.3% done in 96.8s, 1229.0s to go
on time step 292 (time=3.65), 0.314462 s/step
Meep progress: 3.8125/50.0 = 7.6% done in 100.9s, 1222.2s to go
on time step 305 (time=3.8125), 0.315671 s/step
Meep progress: 3.9625000000000004/50.0 = 7.9% done in 105.0s, 1219.6s to go
on time step 317 (time=3.9625), 0.340053 s/step
Meep progress: 4.125/50.0 = 8.2% done in 109.3s, 1215.0s to go
on time step 330 (time=4.125), 0.329366 s/step
Meep progress: 4.275/50.0 = 8.6% done in 113.4s, 1213.4s to go
on time step 342 (time=4.275), 0.349285 s/step
Meep progress: 4.4375/50.0 = 8.9% done in 117.7s, 1208.9s to go
on time step 355 (time=4.4375), 0.330173 s/step
Meep progress: 4.625/50.0 = 9.2% done in 121.8s, 1194.5s to go
on time step 370 (time=4.625), 0.267694 s/step
Meep progress: 4.7875000000000005/50.0 = 9.6% done in 126.1s, 1190.7s to go
on time step 383 (time=4.7875), 0.333459 s/step
Meep progress: 4.95/50.0 = 9.9% done in 130.1s, 1184.3s to go
on time step 396 (time=4.95), 0.311096 s/step
Meep progress: 5.125/50.0 = 10.2% done in 134.3s, 1176.1s to go
on time step 410 (time=5.125), 0.299397 s/step
Meep progress: 5.2875000000000005/50.0 = 10.6% done in 138.5s, 1170.9s to go
on time step 423 (time=5.2875), 0.318609 s/step
Meep progress: 5.45/50.0 = 10.9% done in 142.7s, 1166.5s to go
on time step 436 (time=5.45), 0.326028 s/step
Meep progress: 5.612500000000001/50.0 = 11.2% done in 147.0s, 1162.6s to go
on time step 449 (time=5.6125), 0.330465 s/step
Meep progress: 5.775/50.0 = 11.6% done in 151.2s, 1157.9s to go
on time step 462 (time=5.775), 0.322788 s/step
Meep progress: 5.9750000000000005/50.0 = 12.0% done in 155.4s, 1144.9s to go
on time step 478 (time=5.975), 0.261445 s/step
Meep progress: 6.175000000000001/50.0 = 12.4% done in 159.6s, 1132.7s to go
on time step 494 (time=6.175), 0.263679 s/step
Meep progress: 6.325/50.0 = 12.6% done in 163.7s, 1130.3s to go
on time step 506 (time=6.325), 0.340842 s/step
Meep progress: 6.525/50.0 = 13.0% done in 167.9s, 1118.5s to go
on time step 522 (time=6.525), 0.261734 s/step
Meep progress: 6.7/50.0 = 13.4% done in 172.1s, 1111.9s to go
on time step 536 (time=6.7), 0.298396 s/step
Meep progress: 6.875/50.0 = 13.8% done in 176.1s, 1104.8s to go
on time step 550 (time=6.875), 0.291489 s/step
Meep progress: 7.025/50.0 = 14.0% done in 180.2s, 1102.3s to go
on time step 562 (time=7.025), 0.337467 s/step
Meep progress: 7.2/50.0 = 14.4% done in 184.3s, 1095.4s to go
on time step 576 (time=7.2), 0.292061 s/step
Meep progress: 7.3500000000000005/50.0 = 14.7% done in 188.3s, 1092.8s to go
on time step 588 (time=7.35), 0.337244 s/step
Meep progress: 7.525/50.0 = 15.0% done in 192.5s, 1086.7s to go
on time step 602 (time=7.525), 0.30009 s/step
Meep progress: 7.7/50.0 = 15.4% done in 196.8s, 1080.9s to go
on time step 616 (time=7.7), 0.302251 s/step
Meep progress: 7.8500000000000005/50.0 = 15.7% done in 200.8s, 1078.3s to go
on time step 628 (time=7.85), 0.338697 s/step
Meep progress: 8.0/50.0 = 16.0% done in 204.9s, 1075.9s to go
on time step 640 (time=8), 0.343647 s/step
Meep progress: 8.1625/50.0 = 16.3% done in 209.0s, 1071.4s to go
on time step 653 (time=8.1625), 0.314421 s/step
Meep progress: 8.325000000000001/50.0 = 16.7% done in 213.1s, 1066.9s to go
on time step 666 (time=8.325), 0.314821 s/step
Meep progress: 8.4875/50.0 = 17.0% done in 217.2s, 1062.4s to go
on time step 679 (time=8.4875), 0.315683 s/step
Meep progress: 8.6625/50.0 = 17.3% done in 221.3s, 1056.1s to go
on time step 693 (time=8.6625), 0.292587 s/step
Meep progress: 8.8625/50.0 = 17.7% done in 225.5s, 1046.5s to go
on time step 709 (time=8.8625), 0.258814 s/step
Meep progress: 9.025/50.0 = 18.0% done in 229.7s, 1043.1s to go
on time step 722 (time=9.025), 0.329044 s/step
Meep progress: 9.200000000000001/50.0 = 18.4% done in 233.9s, 1037.5s to go
on time step 736 (time=9.2), 0.299799 s/step
Meep progress: 9.3375/50.0 = 18.7% done in 238.1s, 1036.7s to go
on time step 747 (time=9.3375), 0.374273 s/step
Meep progress: 9.512500000000001/50.0 = 19.0% done in 242.3s, 1031.2s to go
on time step 761 (time=9.5125), 0.301474 s/step
Meep progress: 9.675/50.0 = 19.4% done in 246.4s, 1027.2s to go
on time step 774 (time=9.675), 0.321078 s/step
Meep progress: 9.825000000000001/50.0 = 19.7% done in 250.6s, 1024.8s to go
on time step 786 (time=9.825), 0.348556 s/step
Meep progress: 10.0/50.0 = 20.0% done in 254.8s, 1019.3s to go
on time step 800 (time=10), 0.300089 s/step
Meep progress: 10.15/50.0 = 20.3% done in 258.9s, 1016.6s to go
on time step 812 (time=10.15), 0.342785 s/step
Meep progress: 10.3125/50.0 = 20.6% done in 263.1s, 1012.5s to go
on time step 825 (time=10.3125), 0.319595 s/step
Meep progress: 10.475000000000001/50.0 = 21.0% done in 267.3s, 1008.4s to go
on time step 838 (time=10.475), 0.319555 s/step
Meep progress: 10.637500000000001/50.0 = 21.3% done in 271.3s, 1004.0s to go
on time step 851 (time=10.6375), 0.313737 s/step
Meep progress: 10.8375/50.0 = 21.7% done in 275.5s, 995.5s to go
on time step 867 (time=10.8375), 0.259619 s/step
Meep progress: 11.012500000000001/50.0 = 22.0% done in 279.6s, 990.0s to go
on time step 881 (time=11.0125), 0.295539 s/step
Meep progress: 11.175/50.0 = 22.4% done in 283.9s, 986.5s to go
on time step 894 (time=11.175), 0.331443 s/step
Meep progress: 11.325000000000001/50.0 = 22.7% done in 288.1s, 983.8s to go
on time step 906 (time=11.325), 0.345052 s/step
Meep progress: 11.4875/50.0 = 23.0% done in 292.4s, 980.4s to go
on time step 919 (time=11.4875), 0.334348 s/step
Meep progress: 11.65/50.0 = 23.3% done in 296.6s, 976.3s to go
on time step 932 (time=11.65), 0.321221 s/step
Meep progress: 11.8125/50.0 = 23.6% done in 300.7s, 972.1s to go
on time step 945 (time=11.8125), 0.314394 s/step
Meep progress: 11.975000000000001/50.0 = 24.0% done in 304.8s, 967.8s to go
on time step 958 (time=11.975), 0.314217 s/step
Meep progress: 12.137500000000001/50.0 = 24.3% done in 308.9s, 963.5s to go
on time step 971 (time=12.1375), 0.31565 s/step
Meep progress: 12.3/50.0 = 24.6% done in 312.9s, 959.0s to go
on time step 984 (time=12.3), 0.309005 s/step
Meep progress: 12.4625/50.0 = 24.9% done in 317.1s, 955.1s to go
on time step 997 (time=12.4625), 0.32234 s/step
Meep progress: 12.6125/50.0 = 25.2% done in 321.2s, 952.1s to go
on time step 1009 (time=12.6125), 0.342 s/step
Meep progress: 12.787500000000001/50.0 = 25.6% done in 325.3s, 946.7s to go
on time step 1023 (time=12.7875), 0.294867 s/step
Meep progress: 12.950000000000001/50.0 = 25.9% done in 329.5s, 942.8s to go
on time step 1036 (time=12.95), 0.324413 s/step
Meep progress: 13.100000000000001/50.0 = 26.2% done in 333.6s, 939.6s to go
on time step 1048 (time=13.1), 0.337372 s/step
Meep progress: 13.287500000000001/50.0 = 26.6% done in 337.6s, 932.9s to go
on time step 1063 (time=13.2875), 0.27019 s/step
Meep progress: 13.4375/50.0 = 26.9% done in 341.8s, 930.0s to go
on time step 1075 (time=13.4375), 0.346907 s/step
Meep progress: 13.600000000000001/50.0 = 27.2% done in 346.1s, 926.3s to go
on time step 1088 (time=13.6), 0.329972 s/step
Meep progress: 13.762500000000001/50.0 = 27.5% done in 350.2s, 922.1s to go
on time step 1101 (time=13.7625), 0.316621 s/step
Meep progress: 13.925/50.0 = 27.8% done in 354.4s, 918.2s to go
on time step 1114 (time=13.925), 0.323911 s/step
Meep progress: 14.0875/50.0 = 28.2% done in 358.5s, 913.9s to go
on time step 1127 (time=14.0875), 0.313518 s/step
Meep progress: 14.25/50.0 = 28.5% done in 362.7s, 909.8s to go
on time step 1140 (time=14.25), 0.321624 s/step
Meep progress: 14.4/50.0 = 28.8% done in 366.8s, 906.8s to go
on time step 1152 (time=14.4), 0.343277 s/step
Meep progress: 14.5625/50.0 = 29.1% done in 371.1s, 903.0s to go
on time step 1165 (time=14.5625), 0.330114 s/step
Meep progress: 14.725000000000001/50.0 = 29.4% done in 375.3s, 899.2s to go
on time step 1178 (time=14.725), 0.327943 s/step
Meep progress: 14.9/50.0 = 29.8% done in 379.7s, 894.4s to go
on time step 1192 (time=14.9), 0.309437 s/step
Meep progress: 15.05/50.0 = 30.1% done in 383.7s, 891.1s to go
on time step 1204 (time=15.05), 0.337748 s/step
Meep progress: 15.2375/50.0 = 30.5% done in 387.9s, 885.0s to go
on time step 1219 (time=15.2375), 0.278744 s/step
Meep progress: 15.4375/50.0 = 30.9% done in 392.1s, 877.8s to go
on time step 1235 (time=15.4375), 0.260209 s/step
Meep progress: 15.637500000000001/50.0 = 31.3% done in 396.1s, 870.4s to go
on time step 1251 (time=15.6375), 0.250653 s/step
Meep progress: 15.8375/50.0 = 31.7% done in 400.1s, 863.1s to go
on time step 1267 (time=15.8375), 0.252341 s/step
Meep progress: 16.025000000000002/50.0 = 32.1% done in 404.2s, 857.0s to go
on time step 1282 (time=16.025), 0.272569 s/step
Meep progress: 16.212500000000002/50.0 = 32.4% done in 408.4s, 851.2s to go
on time step 1297 (time=16.2125), 0.280387 s/step
Meep progress: 16.3875/50.0 = 32.8% done in 412.6s, 846.3s to go
on time step 1311 (time=16.3875), 0.299377 s/step
Meep progress: 16.587500000000002/50.0 = 33.2% done in 416.6s, 839.2s to go
on time step 1327 (time=16.5875), 0.251231 s/step
Meep progress: 16.775000000000002/50.0 = 33.6% done in 420.7s, 833.3s to go
on time step 1342 (time=16.775), 0.272017 s/step
Meep progress: 16.9375/50.0 = 33.9% done in 425.0s, 829.6s to go
on time step 1355 (time=16.9375), 0.331506 s/step
Meep progress: 17.1/50.0 = 34.2% done in 429.1s, 825.6s to go
on time step 1368 (time=17.1), 0.315255 s/step
Meep progress: 17.25/50.0 = 34.5% done in 433.1s, 822.4s to go
on time step 1380 (time=17.25), 0.336354 s/step
Meep progress: 17.425/50.0 = 34.8% done in 437.5s, 817.8s to go
on time step 1394 (time=17.425), 0.30731 s/step
Meep progress: 17.587500000000002/50.0 = 35.2% done in 441.5s, 813.7s to go
on time step 1407 (time=17.5875), 0.313501 s/step
Meep progress: 17.75/50.0 = 35.5% done in 445.8s, 809.9s to go
on time step 1420 (time=17.75), 0.325581 s/step
Meep progress: 17.9125/50.0 = 35.8% done in 449.9s, 805.9s to go
on time step 1433 (time=17.9125), 0.319208 s/step
Meep progress: 18.075/50.0 = 36.2% done in 454.0s, 801.9s to go
on time step 1446 (time=18.075), 0.314818 s/step
Meep progress: 18.2375/50.0 = 36.5% done in 458.1s, 797.8s to go
on time step 1459 (time=18.2375), 0.315234 s/step
Meep progress: 18.400000000000002/50.0 = 36.8% done in 462.3s, 793.9s to go
on time step 1472 (time=18.4), 0.323042 s/step
Meep progress: 18.575/50.0 = 37.2% done in 466.4s, 789.0s to go
on time step 1486 (time=18.575), 0.289981 s/step
Meep progress: 18.7625/50.0 = 37.5% done in 470.4s, 783.2s to go
on time step 1501 (time=18.7625), 0.269181 s/step
Meep progress: 18.925/50.0 = 37.8% done in 474.7s, 779.4s to go
on time step 1514 (time=18.925), 0.32865 s/step
Meep progress: 19.1/50.0 = 38.2% done in 479.0s, 774.9s to go
on time step 1528 (time=19.1), 0.309289 s/step
Meep progress: 19.25/50.0 = 38.5% done in 483.1s, 771.6s to go
on time step 1540 (time=19.25), 0.338491 s/step
Meep progress: 19.4125/50.0 = 38.8% done in 487.1s, 767.5s to go
on time step 1553 (time=19.4125), 0.310947 s/step
Meep progress: 19.587500000000002/50.0 = 39.2% done in 491.2s, 762.7s to go
on time step 1567 (time=19.5875), 0.292843 s/step
Meep progress: 19.7375/50.0 = 39.5% done in 495.3s, 759.4s to go
on time step 1579 (time=19.7375), 0.340509 s/step
Meep progress: 19.9125/50.0 = 39.8% done in 499.6s, 754.8s to go
on time step 1593 (time=19.9125), 0.306021 s/step
Meep progress: 20.0625/50.0 = 40.1% done in 503.7s, 751.6s to go
on time step 1605 (time=20.0625), 0.340669 s/step
Meep progress: 20.212500000000002/50.0 = 40.4% done in 507.7s, 748.3s to go
on time step 1617 (time=20.2125), 0.340251 s/step
Meep progress: 20.375/50.0 = 40.8% done in 511.8s, 744.2s to go
on time step 1630 (time=20.375), 0.312824 s/step
Meep progress: 20.512500000000003/50.0 = 41.0% done in 515.9s, 741.6s to go
on time step 1641 (time=20.5125), 0.372025 s/step
Meep progress: 20.675/50.0 = 41.4% done in 520.2s, 737.9s to go
on time step 1654 (time=20.675), 0.333415 s/step
Meep progress: 20.825000000000003/50.0 = 41.7% done in 524.5s, 734.7s to go
on time step 1666 (time=20.825), 0.350939 s/step
Meep progress: 21.0/50.0 = 42.0% done in 528.5s, 729.8s to go
on time step 1680 (time=21), 0.288332 s/step
Meep progress: 21.200000000000003/50.0 = 42.4% done in 532.6s, 723.6s to go
on time step 1696 (time=21.2), 0.259071 s/step
Meep progress: 21.3625/50.0 = 42.7% done in 536.7s, 719.5s to go
on time step 1709 (time=21.3625), 0.312736 s/step
Meep progress: 21.55/50.0 = 43.1% done in 541.0s, 714.2s to go
on time step 1724 (time=21.55), 0.287951 s/step
Meep progress: 21.7375/50.0 = 43.5% done in 545.1s, 708.7s to go
on time step 1739 (time=21.7375), 0.272105 s/step
Meep progress: 21.900000000000002/50.0 = 43.8% done in 549.4s, 704.9s to go
on time step 1752 (time=21.9), 0.328074 s/step
Meep progress: 22.075000000000003/50.0 = 44.2% done in 553.4s, 700.1s to go
on time step 1766 (time=22.075), 0.291836 s/step
Meep progress: 22.25/50.0 = 44.5% done in 557.7s, 695.6s to go
on time step 1780 (time=22.25), 0.306406 s/step
Meep progress: 22.4125/50.0 = 44.8% done in 561.9s, 691.6s to go
on time step 1793 (time=22.4125), 0.318915 s/step
Meep progress: 22.575000000000003/50.0 = 45.2% done in 566.1s, 687.7s to go
on time step 1806 (time=22.575), 0.32411 s/step
Meep progress: 22.7375/50.0 = 45.5% done in 570.2s, 683.7s to go
on time step 1819 (time=22.7375), 0.313959 s/step
Meep progress: 22.900000000000002/50.0 = 45.8% done in 574.3s, 679.6s to go
on time step 1832 (time=22.9), 0.315584 s/step
Meep progress: 23.0625/50.0 = 46.1% done in 578.4s, 675.5s to go
on time step 1845 (time=23.0625), 0.31357 s/step
Meep progress: 23.225/50.0 = 46.4% done in 582.6s, 671.7s to go
on time step 1858 (time=23.225), 0.327051 s/step
Meep progress: 23.375/50.0 = 46.8% done in 586.7s, 668.3s to go
on time step 1870 (time=23.375), 0.339995 s/step
Meep progress: 23.5375/50.0 = 47.1% done in 590.8s, 664.2s to go
on time step 1883 (time=23.5375), 0.312878 s/step
Meep progress: 23.700000000000003/50.0 = 47.4% done in 594.9s, 660.1s to go
on time step 1896 (time=23.7), 0.315108 s/step
Meep progress: 23.8625/50.0 = 47.7% done in 599.0s, 656.1s to go
on time step 1909 (time=23.8625), 0.318722 s/step
Meep progress: 24.0375/50.0 = 48.1% done in 603.2s, 651.5s to go
on time step 1923 (time=24.0375), 0.302829 s/step
Meep progress: 24.212500000000002/50.0 = 48.4% done in 607.3s, 646.8s to go
on time step 1937 (time=24.2125), 0.286973 s/step
Meep progress: 24.375/50.0 = 48.8% done in 611.5s, 642.9s to go
on time step 1950 (time=24.375), 0.326535 s/step
Meep progress: 24.5375/50.0 = 49.1% done in 615.6s, 638.8s to go
on time step 1963 (time=24.5375), 0.3149 s/step
Meep progress: 24.7375/50.0 = 49.5% done in 619.6s, 632.7s to go
on time step 1979 (time=24.7375), 0.250312 s/step
Meep progress: 24.9375/50.0 = 49.9% done in 623.6s, 626.7s to go
on time step 1995 (time=24.9375), 0.250997 s/step
Meep progress: 25.150000000000002/50.0 = 50.3% done in 627.9s, 620.4s to go
on time step 2012 (time=25.15), 0.249446 s/step
Meep progress: 25.35/50.0 = 50.7% done in 631.9s, 614.4s to go
on time step 2028 (time=25.35), 0.25253 s/step
Meep progress: 25.55/50.0 = 51.1% done in 635.9s, 608.6s to go
on time step 2044 (time=25.55), 0.252052 s/step
Meep progress: 25.7375/50.0 = 51.5% done in 640.1s, 603.4s to go
on time step 2059 (time=25.7375), 0.275276 s/step
Meep progress: 25.9125/50.0 = 51.8% done in 644.3s, 598.9s to go
on time step 2073 (time=25.9125), 0.300202 s/step
Meep progress: 26.087500000000002/50.0 = 52.2% done in 648.4s, 594.3s to go
on time step 2087 (time=26.0875), 0.296144 s/step
Meep progress: 26.275000000000002/50.0 = 52.6% done in 652.6s, 589.3s to go
on time step 2102 (time=26.275), 0.280409 s/step
Meep progress: 26.475/50.0 = 53.0% done in 656.8s, 583.6s to go
on time step 2118 (time=26.475), 0.26219 s/step
Meep progress: 26.675/50.0 = 53.4% done in 660.8s, 577.8s to go
on time step 2134 (time=26.675), 0.250338 s/step
Meep progress: 26.875/50.0 = 53.8% done in 664.9s, 572.1s to go
on time step 2150 (time=26.875), 0.252574 s/step
Meep progress: 27.087500000000002/50.0 = 54.2% done in 669.1s, 566.0s to go
on time step 2167 (time=27.0875), 0.24919 s/step
Meep progress: 27.2875/50.0 = 54.6% done in 673.1s, 560.2s to go
on time step 2183 (time=27.2875), 0.250515 s/step
Meep progress: 27.462500000000002/50.0 = 54.9% done in 677.3s, 555.8s to go
on time step 2197 (time=27.4625), 0.300898 s/step
Meep progress: 27.637500000000003/50.0 = 55.3% done in 681.5s, 551.5s to go
on time step 2211 (time=27.6375), 0.301782 s/step
Meep progress: 27.825000000000003/50.0 = 55.6% done in 685.6s, 546.4s to go
on time step 2226 (time=27.825), 0.273114 s/step
Meep progress: 27.975/50.0 = 56.0% done in 689.8s, 543.1s to go
on time step 2238 (time=27.975), 0.348242 s/step
Meep progress: 28.137500000000003/50.0 = 56.3% done in 693.9s, 539.2s to go
on time step 2251 (time=28.1375), 0.315931 s/step
Meep progress: 28.3/50.0 = 56.6% done in 698.0s, 535.2s to go
on time step 2264 (time=28.3), 0.315074 s/step
Meep progress: 28.462500000000002/50.0 = 56.9% done in 702.3s, 531.4s to go
on time step 2277 (time=28.4625), 0.326357 s/step
Meep progress: 28.6625/50.0 = 57.3% done in 706.4s, 525.9s to go
on time step 2293 (time=28.6625), 0.259855 s/step
Meep progress: 28.85/50.0 = 57.7% done in 710.8s, 521.1s to go
on time step 2308 (time=28.85), 0.28978 s/step
Meep progress: 29.012500000000003/50.0 = 58.0% done in 715.0s, 517.3s to go
on time step 2321 (time=29.0125), 0.329339 s/step
Meep progress: 29.175/50.0 = 58.4% done in 719.2s, 513.4s to go
on time step 2334 (time=29.175), 0.320862 s/step
Meep progress: 29.35/50.0 = 58.7% done in 723.6s, 509.1s to go
on time step 2348 (time=29.35), 0.309697 s/step
Meep progress: 29.5/50.0 = 59.0% done in 727.6s, 505.6s to go
on time step 2360 (time=29.5), 0.336217 s/step
Meep progress: 29.650000000000002/50.0 = 59.3% done in 731.9s, 502.3s to go
on time step 2372 (time=29.65), 0.360216 s/step
Meep progress: 29.8125/50.0 = 59.6% done in 736.1s, 498.4s to go
on time step 2385 (time=29.8125), 0.319239 s/step
Meep progress: 29.962500000000002/50.0 = 59.9% done in 740.2s, 495.0s to go
on time step 2397 (time=29.9625), 0.344635 s/step
Meep progress: 30.137500000000003/50.0 = 60.3% done in 744.5s, 490.7s to go
on time step 2411 (time=30.1375), 0.30648 s/step
Meep progress: 30.3/50.0 = 60.6% done in 748.6s, 486.7s to go
on time step 2424 (time=30.3), 0.316302 s/step
Meep progress: 30.462500000000002/50.0 = 60.9% done in 752.7s, 482.7s to go
on time step 2437 (time=30.4625), 0.314205 s/step
Meep progress: 30.625/50.0 = 61.2% done in 756.8s, 478.8s to go
on time step 2450 (time=30.625), 0.315925 s/step
Meep progress: 30.8/50.0 = 61.6% done in 760.9s, 474.3s to go
on time step 2464 (time=30.8), 0.293387 s/step
Meep progress: 30.975/50.0 = 62.0% done in 765.1s, 469.9s to go
on time step 2478 (time=30.975), 0.299201 s/step
Meep progress: 31.137500000000003/50.0 = 62.3% done in 769.3s, 466.0s to go
on time step 2491 (time=31.1375), 0.322652 s/step
Meep progress: 31.325000000000003/50.0 = 62.6% done in 773.6s, 461.2s to go
on time step 2506 (time=31.325), 0.284902 s/step
Meep progress: 31.4875/50.0 = 63.0% done in 777.7s, 457.2s to go
on time step 2519 (time=31.4875), 0.315849 s/step
Meep progress: 31.650000000000002/50.0 = 63.3% done in 781.7s, 453.2s to go
on time step 2532 (time=31.65), 0.314346 s/step
Meep progress: 31.8125/50.0 = 63.6% done in 785.8s, 449.3s to go
on time step 2545 (time=31.8125), 0.314904 s/step
Meep progress: 31.975/50.0 = 64.0% done in 789.9s, 445.3s to go
on time step 2558 (time=31.975), 0.314824 s/step
Meep progress: 32.125/50.0 = 64.2% done in 794.1s, 441.8s to go
on time step 2570 (time=32.125), 0.345628 s/step
Meep progress: 32.2875/50.0 = 64.6% done in 798.1s, 437.8s to go
on time step 2583 (time=32.2875), 0.310821 s/step
Meep progress: 32.475/50.0 = 65.0% done in 802.5s, 433.1s to go
on time step 2598 (time=32.475), 0.293501 s/step
Meep progress: 32.625/50.0 = 65.2% done in 806.7s, 429.6s to go
on time step 2610 (time=32.625), 0.349412 s/step
Meep progress: 32.7875/50.0 = 65.6% done in 810.8s, 425.7s to go
on time step 2623 (time=32.7875), 0.315072 s/step
Meep progress: 32.95/50.0 = 65.9% done in 815.1s, 421.8s to go
on time step 2636 (time=32.95), 0.328501 s/step
Meep progress: 33.112500000000004/50.0 = 66.2% done in 819.4s, 417.9s to go
on time step 2649 (time=33.1125), 0.332752 s/step
Meep progress: 33.275/50.0 = 66.6% done in 823.5s, 413.9s to go
on time step 2662 (time=33.275), 0.312944 s/step
Meep progress: 33.475/50.0 = 67.0% done in 827.6s, 408.5s to go
on time step 2678 (time=33.475), 0.257577 s/step
Meep progress: 33.6375/50.0 = 67.3% done in 831.7s, 404.6s to go
on time step 2691 (time=33.6375), 0.317806 s/step
Meep progress: 33.800000000000004/50.0 = 67.6% done in 835.9s, 400.7s to go
on time step 2704 (time=33.8), 0.323169 s/step
Meep progress: 33.9625/50.0 = 67.9% done in 840.0s, 396.7s to go
on time step 2717 (time=33.9625), 0.315357 s/step
Meep progress: 34.125/50.0 = 68.2% done in 844.1s, 392.7s to go
on time step 2730 (time=34.125), 0.31385 s/step
Meep progress: 34.2875/50.0 = 68.6% done in 848.3s, 388.7s to go
on time step 2743 (time=34.2875), 0.319087 s/step
Meep progress: 34.45/50.0 = 68.9% done in 852.3s, 384.7s to go
on time step 2756 (time=34.45), 0.314438 s/step
Meep progress: 34.612500000000004/50.0 = 69.2% done in 856.4s, 380.7s to go
on time step 2769 (time=34.6125), 0.313217 s/step
Meep progress: 34.775/50.0 = 69.6% done in 860.5s, 376.7s to go
on time step 2782 (time=34.775), 0.31346 s/step
Meep progress: 34.9375/50.0 = 69.9% done in 864.7s, 372.8s to go
on time step 2795 (time=34.9375), 0.32367 s/step
Meep progress: 35.1375/50.0 = 70.3% done in 869.0s, 367.5s to go
on time step 2811 (time=35.1375), 0.265562 s/step
Meep progress: 35.3375/50.0 = 70.7% done in 873.0s, 362.2s to go
on time step 2827 (time=35.3375), 0.252189 s/step
Meep progress: 35.5375/50.0 = 71.1% done in 877.0s, 356.9s to go
on time step 2843 (time=35.5375), 0.25123 s/step
Meep progress: 35.737500000000004/50.0 = 71.5% done in 881.0s, 351.6s to go
on time step 2859 (time=35.7375), 0.251234 s/step
Meep progress: 35.925000000000004/50.0 = 71.9% done in 885.3s, 346.8s to go
on time step 2874 (time=35.925), 0.282918 s/step
Meep progress: 36.1/50.0 = 72.2% done in 889.3s, 342.4s to go
on time step 2888 (time=36.1), 0.286247 s/step
Meep progress: 36.2625/50.0 = 72.5% done in 893.4s, 338.4s to go
on time step 2901 (time=36.2625), 0.315794 s/step
Meep progress: 36.425000000000004/50.0 = 72.9% done in 897.6s, 334.5s to go
on time step 2914 (time=36.425), 0.322225 s/step
Meep progress: 36.5875/50.0 = 73.2% done in 901.7s, 330.5s to go
on time step 2927 (time=36.5875), 0.315229 s/step
Meep progress: 36.7875/50.0 = 73.6% done in 905.7s, 325.3s to go
on time step 2943 (time=36.7875), 0.252502 s/step
Meep progress: 36.987500000000004/50.0 = 74.0% done in 909.8s, 320.1s to go
on time step 2959 (time=36.9875), 0.252874 s/step
Meep progress: 37.175000000000004/50.0 = 74.4% done in 914.0s, 315.3s to go
on time step 2974 (time=37.175), 0.280565 s/step
Meep progress: 37.3375/50.0 = 74.7% done in 918.0s, 311.3s to go
on time step 2987 (time=37.3375), 0.309098 s/step
Meep progress: 37.5375/50.0 = 75.1% done in 922.2s, 306.2s to go
on time step 3003 (time=37.5375), 0.260914 s/step
Meep progress: 37.75/50.0 = 75.5% done in 926.4s, 300.6s to go
on time step 3020 (time=37.75), 0.249988 s/step
Meep progress: 37.95/50.0 = 75.9% done in 930.4s, 295.4s to go
on time step 3036 (time=37.95), 0.2517 s/step
Meep progress: 38.125/50.0 = 76.2% done in 934.6s, 291.1s to go
on time step 3050 (time=38.125), 0.2986 s/step
Meep progress: 38.3125/50.0 = 76.6% done in 938.9s, 286.4s to go
on time step 3065 (time=38.3125), 0.282946 s/step
Meep progress: 38.487500000000004/50.0 = 77.0% done in 942.9s, 282.0s to go
on time step 3079 (time=38.4875), 0.287919 s/step
Meep progress: 38.6875/50.0 = 77.4% done in 946.9s, 276.9s to go
on time step 3095 (time=38.6875), 0.252345 s/step
Meep progress: 38.8875/50.0 = 77.8% done in 951.0s, 271.7s to go
on time step 3111 (time=38.8875), 0.252026 s/step
Meep progress: 39.0625/50.0 = 78.1% done in 955.1s, 267.4s to go
on time step 3125 (time=39.0625), 0.296546 s/step
Meep progress: 39.2625/50.0 = 78.5% done in 959.3s, 262.3s to go
on time step 3141 (time=39.2625), 0.258836 s/step
Meep progress: 39.462500000000006/50.0 = 78.9% done in 963.3s, 257.2s to go
on time step 3157 (time=39.4625), 0.252898 s/step
Meep progress: 39.612500000000004/50.0 = 79.2% done in 967.5s, 253.7s to go
on time step 3169 (time=39.6125), 0.346154 s/step
Meep progress: 39.775000000000006/50.0 = 79.6% done in 971.6s, 249.8s to go
on time step 3182 (time=39.775), 0.316605 s/step
Meep progress: 39.9375/50.0 = 79.9% done in 975.7s, 245.8s to go
on time step 3195 (time=39.9375), 0.320573 s/step
Meep progress: 40.125/50.0 = 80.2% done in 980.1s, 241.2s to go
on time step 3210 (time=40.125), 0.294083 s/step
Meep progress: 40.275000000000006/50.0 = 80.6% done in 984.2s, 237.7s to go
on time step 3222 (time=40.275), 0.338245 s/step
Meep progress: 40.4375/50.0 = 80.9% done in 988.4s, 233.7s to go
on time step 3235 (time=40.4375), 0.319804 s/step
Meep progress: 40.612500000000004/50.0 = 81.2% done in 992.4s, 229.4s to go
on time step 3249 (time=40.6125), 0.288502 s/step
Meep progress: 40.7625/50.0 = 81.5% done in 996.5s, 225.8s to go
on time step 3261 (time=40.7625), 0.34307 s/step
Meep progress: 40.9375/50.0 = 81.9% done in 1000.7s, 221.5s to go
on time step 3275 (time=40.9375), 0.298065 s/step
Meep progress: 41.125/50.0 = 82.2% done in 1005.0s, 216.9s to go
on time step 3290 (time=41.125), 0.286934 s/step
Meep progress: 41.2875/50.0 = 82.6% done in 1009.2s, 213.0s to go
on time step 3303 (time=41.2875), 0.32162 s/step
Meep progress: 41.4375/50.0 = 82.9% done in 1013.2s, 209.4s to go
on time step 3315 (time=41.4375), 0.338421 s/step
Meep progress: 41.612500000000004/50.0 = 83.2% done in 1017.5s, 205.1s to go
on time step 3329 (time=41.6125), 0.303693 s/step
Meep progress: 41.8125/50.0 = 83.6% done in 1021.7s, 200.1s to go
on time step 3345 (time=41.8125), 0.263804 s/step
Meep progress: 41.987500000000004/50.0 = 84.0% done in 1025.9s, 195.8s to go
on time step 3359 (time=41.9875), 0.300594 s/step
Meep progress: 42.150000000000006/50.0 = 84.3% done in 1030.0s, 191.8s to go
on time step 3372 (time=42.15), 0.317249 s/step
Meep progress: 42.325/50.0 = 84.6% done in 1034.2s, 187.5s to go
on time step 3386 (time=42.325), 0.295444 s/step
Meep progress: 42.4375/50.0 = 84.9% done in 1038.2s, 185.0s to go
on time step 3395 (time=42.4375), 0.445664 s/step
Meep progress: 42.612500000000004/50.0 = 85.2% done in 1042.3s, 180.7s to go
on time step 3409 (time=42.6125), 0.290059 s/step
Meep progress: 42.775000000000006/50.0 = 85.6% done in 1046.4s, 176.7s to go
on time step 3422 (time=42.775), 0.315743 s/step
Meep progress: 42.9375/50.0 = 85.9% done in 1050.5s, 172.8s to go
on time step 3435 (time=42.9375), 0.31566 s/step
Meep progress: 43.1/50.0 = 86.2% done in 1054.6s, 168.8s to go
on time step 3448 (time=43.1), 0.316412 s/step
Meep progress: 43.2625/50.0 = 86.5% done in 1058.6s, 164.9s to go
on time step 3461 (time=43.2625), 0.313491 s/step
Meep progress: 43.425000000000004/50.0 = 86.9% done in 1062.8s, 160.9s to go
on time step 3474 (time=43.425), 0.322619 s/step
Meep progress: 43.625/50.0 = 87.2% done in 1067.0s, 155.9s to go
on time step 3490 (time=43.625), 0.260775 s/step
Meep progress: 43.775000000000006/50.0 = 87.6% done in 1071.2s, 152.3s to go
on time step 3502 (time=43.775), 0.347538 s/step
Meep progress: 43.925000000000004/50.0 = 87.9% done in 1075.3s, 148.7s to go
on time step 3514 (time=43.925), 0.346739 s/step
Meep progress: 44.075/50.0 = 88.2% done in 1079.5s, 145.1s to go
on time step 3526 (time=44.075), 0.346958 s/step
Meep progress: 44.275000000000006/50.0 = 88.6% done in 1083.6s, 140.1s to go
on time step 3542 (time=44.275), 0.255303 s/step
Meep progress: 44.475/50.0 = 89.0% done in 1087.6s, 135.1s to go
on time step 3558 (time=44.475), 0.251058 s/step
Meep progress: 44.650000000000006/50.0 = 89.3% done in 1091.9s, 130.8s to go
on time step 3572 (time=44.65), 0.30486 s/step
Meep progress: 44.825/50.0 = 89.6% done in 1096.0s, 126.5s to go
on time step 3586 (time=44.825), 0.29115 s/step
Meep progress: 45.0125/50.0 = 90.0% done in 1100.1s, 121.9s to go
on time step 3601 (time=45.0125), 0.276926 s/step
Meep progress: 45.1875/50.0 = 90.4% done in 1104.4s, 117.6s to go
on time step 3615 (time=45.1875), 0.304142 s/step
Meep progress: 45.337500000000006/50.0 = 90.7% done in 1108.4s, 114.0s to go
on time step 3627 (time=45.3375), 0.334376 s/step
Meep progress: 45.5375/50.0 = 91.1% done in 1112.6s, 109.0s to go
on time step 3643 (time=45.5375), 0.261419 s/step
Meep progress: 45.725/50.0 = 91.4% done in 1116.7s, 104.4s to go
on time step 3658 (time=45.725), 0.278192 s/step
Meep progress: 45.925000000000004/50.0 = 91.9% done in 1120.7s, 99.4s to go
on time step 3674 (time=45.925), 0.250325 s/step
Meep progress: 46.1/50.0 = 92.2% done in 1124.7s, 95.2s to go
on time step 3688 (time=46.1), 0.286053 s/step
Meep progress: 46.2875/50.0 = 92.6% done in 1129.0s, 90.6s to go
on time step 3703 (time=46.2875), 0.283188 s/step
Meep progress: 46.45/50.0 = 92.9% done in 1133.3s, 86.6s to go
on time step 3716 (time=46.45), 0.331728 s/step
Meep progress: 46.6/50.0 = 93.2% done in 1137.5s, 83.0s to go
on time step 3728 (time=46.6), 0.349851 s/step
Meep progress: 46.775000000000006/50.0 = 93.6% done in 1141.6s, 78.7s to go
on time step 3742 (time=46.775), 0.2928 s/step
Meep progress: 46.9375/50.0 = 93.9% done in 1145.9s, 74.8s to go
on time step 3755 (time=46.9375), 0.332534 s/step
Meep progress: 47.112500000000004/50.0 = 94.2% done in 1150.0s, 70.5s to go
on time step 3769 (time=47.1125), 0.291674 s/step
Meep progress: 47.300000000000004/50.0 = 94.6% done in 1154.1s, 65.9s to go
on time step 3784 (time=47.3), 0.274314 s/step
Meep progress: 47.475/50.0 = 95.0% done in 1158.2s, 61.6s to go
on time step 3798 (time=47.475), 0.292823 s/step
Meep progress: 47.650000000000006/50.0 = 95.3% done in 1162.5s, 57.3s to go
on time step 3812 (time=47.65), 0.30497 s/step
Meep progress: 47.800000000000004/50.0 = 95.6% done in 1166.7s, 53.7s to go
on time step 3824 (time=47.8), 0.354315 s/step
Meep progress: 47.975/50.0 = 96.0% done in 1170.8s, 49.4s to go
on time step 3838 (time=47.975), 0.291344 s/step
Meep progress: 48.1375/50.0 = 96.3% done in 1175.0s, 45.5s to go
on time step 3851 (time=48.1375), 0.323005 s/step
Meep progress: 48.337500000000006/50.0 = 96.7% done in 1179.2s, 40.6s to go
on time step 3867 (time=48.3375), 0.262927 s/step
Meep progress: 48.5/50.0 = 97.0% done in 1183.5s, 36.6s to go
on time step 3880 (time=48.5), 0.324576 s/step
Meep progress: 48.675000000000004/50.0 = 97.4% done in 1187.6s, 32.3s to go
on time step 3894 (time=48.675), 0.293881 s/step
Meep progress: 48.85/50.0 = 97.7% done in 1191.6s, 28.1s to go
on time step 3908 (time=48.85), 0.291505 s/step
Meep progress: 49.050000000000004/50.0 = 98.1% done in 1195.7s, 23.2s to go
on time step 3924 (time=49.05), 0.25331 s/step
Meep progress: 49.2/50.0 = 98.4% done in 1199.8s, 19.5s to go
on time step 3936 (time=49.2), 0.341871 s/step
Meep progress: 49.362500000000004/50.0 = 98.7% done in 1203.9s, 15.5s to go
on time step 3949 (time=49.3625), 0.314965 s/step
Meep progress: 49.525000000000006/50.0 = 99.1% done in 1208.0s, 11.6s to go
on time step 3962 (time=49.525), 0.314706 s/step
Meep progress: 49.6875/50.0 = 99.4% done in 1212.0s, 7.6s to go
on time step 3975 (time=49.6875), 0.310029 s/step
Meep progress: 49.837500000000006/50.0 = 99.7% done in 1216.0s, 4.0s to go
on time step 3987 (time=49.8375), 0.333987 s/step
run 0 finished at t = 50.0 (4000 timesteps)
flux1:, 0.5, 1.3291590068994034e-6, -5.473844548055285e-7
flux1:, 0.5066889632107023, 1.454386885522099e-6, -1.0803483640538609e-6
flux1:, 0.5133779264214047, 1.4533015052399244e-6, -1.0264723250982068e-6
flux1:, 0.520066889632107, 1.837233214907528e-6, -7.069360695161202e-7
flux1:, 0.5267558528428093, 2.1802097087850098e-6, -1.331362995334501e-6
flux1:, 0.5334448160535117, 2.2135135323542135e-6, -1.6409582145581425e-6
flux1:, 0.540133779264214, 2.6430098608596056e-6, -1.1053928901250243e-6
flux1:, 0.5468227424749164, 3.2753729055057328e-6, -1.6130885601201748e-6
flux1:, 0.5535117056856187, 3.446664458687954e-6, -2.4694146584786825e-6
flux1:, 0.560200668896321, 3.915018660671898e-6, -1.9451270152140766e-6
flux1:, 0.5668896321070234, 4.932492217745238e-6, -2.064408419392102e-6
flux1:, 0.5735785953177257, 5.4029861634926704e-6, -3.4187049292979887e-6
flux1:, 0.580267558528428, 5.8208594771083295e-6, -3.269793361261731e-6
flux1:, 0.5869565217391304, 7.169759073487883e-6, -2.939560957194074e-6
flux1:, 0.5936454849498327, 8.224278686357077e-6, -4.706612991196587e-6
flux1:, 0.600334448160535, 8.768525805339486e-6, -5.388869256541112e-6
flux1:, 0.6070234113712374, 1.0473785117443687e-5, -4.602949234325831e-6
flux1:, 0.6137123745819397, 1.2451857433842562e-5, -6.353456110311594e-6
flux1:, 0.6204013377926421, 1.331292677000457e-5, -8.23302450870536e-6
flux1:, 0.6270903010033444, 1.4955695457163295e-5, -7.367131995435811e-6
flux1:, 0.6337792642140467, 1.7672653032793398e-5, -8.79997702641686e-6
flux1:, 0.6404682274247491, 1.923639655743368e-5, -1.2419087885112349e-5
flux1:, 0.6471571906354514, 2.1063449357172726e-5, -1.248005162636697e-5
flux1:, 0.6538461538461537, 2.4894376363777396e-5, -1.3325232073929744e-5
flux1:, 0.6605351170568561, 2.8041919050271038e-5, -1.8642978238168684e-5
flux1:, 0.6672240802675584, 3.0380816381112133e-5, -2.074762304650667e-5
flux1:, 0.6739130434782608, 3.4978389187967806e-5, -2.1021280843555457e-5
flux1:, 0.6806020066889631, 4.021960944192199e-5, -2.7728583926786474e-5
flux1:, 0.6872909698996654, 4.452203098768444e-5, -3.314636422083417e-5
flux1:, 0.6939799331103678, 5.0802930702034984e-5, -3.27092120188378e-5
flux1:, 0.7006688963210701, 5.768133576384051e-5, -3.913350644932383e-5
flux1:, 0.7073578595317724, 6.229897511217875e-5, -4.984863907543076e-5
flux1:, 0.7140468227424748, 6.944319015977926e-5, -5.2365683341273504e-5
flux1:, 0.7207357859531771, 8.029683256747008e-5, -5.8312952574371386e-5
flux1:, 0.7274247491638794, 8.806991543434739e-5, -7.403264658391668e-5
flux1:, 0.7341137123745818, 9.491314992252206e-5, -8.207355484895538e-5
flux1:, 0.7408026755852841, 1.0771045654558577e-4, -8.805431759694842e-5
flux1:, 0.7474916387959865, 1.2134409121724583e-4, -1.0827033776937095e-4
flux1:, 0.7541806020066888, 1.3037260208915733e-4, -1.2349401388685874e-4
flux1:, 0.7608695652173911, 1.3810242877238286e-4, -1.281337586530345e-4
flux1:, 0.7675585284280935, 1.449823486517088e-4, -1.528051929159257e-4
flux1:, 0.7742474916387958, 1.5470812303844663e-4, -1.8975891074056643e-4
flux1:, 0.7809364548494981, 1.7605869585677247e-4, -2.1179090355044947e-4
flux1:, 0.7876254180602005, 1.9908649422054658e-4, -2.420861140497573e-4
flux1:, 0.7943143812709028, 2.0918482794430964e-4, -2.8991315798379314e-4
flux1:, 0.8010033444816052, 2.201600773742056e-4, -3.2393459842834584e-4
flux1:, 0.8076923076923075, 2.4262775535242615e-4, -3.643415806852461e-4
flux1:, 0.8143812709030098, 2.589210778204054e-4, -4.367006941852787e-4
flux1:, 0.8210702341137122, 2.69793564752161e-4, -4.910783636113624e-4
flux1:, 0.8277591973244145, 2.958919482610591e-4, -5.258269622421595e-4
flux1:, 0.8344481605351168, 3.239596966521498e-4, -6.099009036896558e-4
flux1:, 0.8411371237458192, 3.3220670733977414e-4, -7.131641307397828e-4
flux1:, 0.8478260869565215, 3.3596160111639724e-4, -7.785926678085034e-4
flux1:, 0.8545150501672238, 3.4750294683672363e-4, -8.744891326155728e-4
flux1:, 0.8612040133779262, 3.5753809028595825e-4, -0.0010260122226414495
flux1:, 0.8678929765886285, 3.693987827055176e-4, -0.001155095805909404
flux1:, 0.8745819397993309, 3.785886689570781e-4, -0.0012977681879022596
flux1:, 0.8812709030100332, 3.651981652157762e-4, -0.0015135456366278505
flux1:, 0.8879598662207355, 3.4854323727007537e-4, -0.001703221323360705
flux1:, 0.8946488294314379, 3.5663690106822255e-4, -0.0018532806107670406
flux1:, 0.9013377926421402, 3.6163377148269607e-4, -0.0020891448708311427
flux1:, 0.9080267558528425, 3.4571755138113817e-4, -0.0023579157649643323
flux1:, 0.9147157190635449, 3.3685872345419417e-4, -0.0025801370634131442
flux1:, 0.9214046822742472, 3.18450049301819e-4, -0.0028858883002272
flux1:, 0.9280936454849495, 2.57471931232834e-4, -0.0032256874143353326
flux1:, 0.9347826086956519, 2.1351601182518864e-4, -0.0033820066975816785
flux1:, 0.9414715719063542, 2.4717767564012887e-4, -0.0035602799204418256
flux1:, 0.9481605351170566, 2.9867369848930796e-4, -0.004050647050280421
flux1:, 0.9548494983277589, 2.9536971900516e-4, -0.004592722266670878
flux1:, 0.9615384615384612, 2.566333705226982e-4, -0.005006028197583236
flux1:, 0.9682274247491636, 2.2115915750054623e-4, -0.0055908388343131115
flux1:, 0.9749163879598659, 1.9622815805941235e-4, -0.006276891432242941
flux1:, 0.9816053511705682, 1.9237389802077284e-4, -0.006674667348199649
flux1:, 0.9882943143812706, 2.288508020698547e-4, -0.0070064685759188795
flux1:, 0.9949832775919729, 3.1522460914130957e-4, -0.0075624101569267575
flux1:, 1.0016722408026753, 4.3791515806525846e-4, -0.007951306437844311
flux1:, 1.0083612040133776, 5.670138666944199e-4, -0.008090725384849132
flux1:, 1.01505016722408, 7.10531470932201e-4, -0.008591182892628503
flux1:, 1.0217391304347823, 9.207232581971772e-4, -0.009491167575296737
flux1:, 1.0284280936454846, 0.0012066117868476344, -0.010212893777604414
flux1:, 1.035117056856187, 0.0014970413220372447, -0.010748487141980576
flux1:, 1.0418060200668893, 0.001710522532304832, -0.01149083544355967
flux1:, 1.0484949832775916, 0.0018726532393103183, -0.012459571319129756
flux1:, 1.055183946488294, 0.0021643140296829233, -0.013475811209405605
flux1:, 1.0618729096989963, 0.002688552974742511, -0.014373355878948967
flux1:, 1.0685618729096986, 0.003235409877528075, -0.015057550264788172
flux1:, 1.075250836120401, 0.0036491321334631765, -0.015755441931386463
flux1:, 1.0819397993311033, 0.004222094793229601, -0.016566236779648295
flux1:, 1.0886287625418056, 0.005152461112831774, -0.01712892463560022
flux1:, 1.095317725752508, 0.0060502496835983825, -0.017533015161767543
flux1:, 1.1020066889632103, 0.0066404628377753315, -0.018297214745566805
flux1:, 1.1086956521739126, 0.007309434565100708, -0.019110484579679985
flux1:, 1.115384615384615, 0.008407650171490384, -0.0194772524165874
flux1:, 1.1220735785953173, 0.00973127727045883, -0.019940287145883896
flux1:, 1.1287625418060196, 0.010953556067074453, -0.020775382178306632
flux1:, 1.135451505016722, 0.012011371341213587, -0.021369102560677793
flux1:, 1.1421404682274243, 0.013126807511447684, -0.022022171849591293
flux1:, 1.1488294314381267, 0.01456947402748038, -0.023456362115295618
flux1:, 1.155518394648829, 0.016199271079220347, -0.024717596669643176
flux1:, 1.1622073578595313, 0.01778426067068898, -0.0248169339589755
flux1:, 1.1688963210702337, 0.01975389940747545, -0.024772694496992285
flux1:, 1.175585284280936, 0.022367371496065245, -0.025359773668367093
flux1:, 1.1822742474916383, 0.024716638495038884, -0.025762539469312982
flux1:, 1.1889632107023407, 0.02628549431006231, -0.02586938345146124
flux1:, 1.195652173913043, 0.02803865545261752, -0.026490904993211575
flux1:, 1.2023411371237454, 0.0302405146891226, -0.02742443544414403
flux1:, 1.2090301003344477, 0.0316977431945346, -0.028212528078500988
flux1:, 1.21571906354515, 0.03255226523232013, -0.029315126333106775
flux1:, 1.2224080267558524, 0.034569702136965225, -0.030761684790500017
flux1:, 1.2290969899665547, 0.037816837533427225, -0.031860197739110994
flux1:, 1.235785953177257, 0.04048627985455167, -0.03275639328352028
flux1:, 1.2424749163879594, 0.042329784885204245, -0.03420491514739867
flux1:, 1.2491638795986617, 0.04513491982978556, -0.03603567259528184
flux1:, 1.255852842809364, 0.04953375406921038, -0.03715182855701791
flux1:, 1.2625418060200664, 0.05381324654584524, -0.03700728312430244
flux1:, 1.2692307692307687, 0.056660799846470114, -0.036716896949945815
flux1:, 1.275919732441471, 0.059185718205858745, -0.0377178388417059
flux1:, 1.2826086956521734, 0.06264373600798101, -0.03937000313223653
flux1:, 1.2892976588628757, 0.06617512912069268, -0.040238823641096357
flux1:, 1.295986622073578, 0.06905468521866429, -0.040869639434680416
flux1:, 1.3026755852842804, 0.07211011185260417, -0.041922273235907595
flux1:, 1.3093645484949827, 0.07477345854249604, -0.042424006309704373
flux1:, 1.316053511705685, 0.0757352671264251, -0.04303413744059737
flux1:, 1.3227424749163874, 0.07727050665246632, -0.04558881597460353
flux1:, 1.3294314381270897, 0.08170018665098568, -0.04818232814233011
flux1:, 1.336120401337792, 0.0855467258292194, -0.04839156054276243
flux1:, 1.3428093645484944, 0.08592687869005455, -0.04903204618080487
flux1:, 1.3494983277591968, 0.08718504591002331, -0.05209829814566592
flux1:, 1.356187290969899, 0.09266928229137017, -0.05368713834491042
flux1:, 1.3628762541806014, 0.09887045334499175, -0.052457202457205046
flux1:, 1.3695652173913038, 0.10344622484122142, -0.05270456108192526
flux1:, 1.376254180602006, 0.10772767965416159, -0.05488041405906325
flux1:, 1.3829431438127084, 0.11050160602393108, -0.055446600412465255
flux1:, 1.3896321070234108, 0.11104994197174642, -0.05546361897427129
flux1:, 1.3963210702341131, 0.11324217881487984, -0.057522636616014866
flux1:, 1.4030100334448155, 0.11727209963858552, -0.05965979498355539
flux1:, 1.4096989966555178, 0.11808945498434241, -0.060685480885170055
flux1:, 1.4163879598662201, 0.11684455388771163, -0.06253477750158758
flux1:, 1.4230769230769225, 0.11958068485863707, -0.06427589621873142
flux1:, 1.4297658862876248, 0.1252350480978135, -0.06386572406910221
flux1:, 1.4364548494983271, 0.12915324975249934, -0.06335254561404263
flux1:, 1.4431438127090295, 0.13226103734381445, -0.06430260371797591
flux1:, 1.4498327759197318, 0.13580833558985594, -0.06503378644951645
flux1:, 1.4565217391304341, 0.13728755672023787, -0.06609674617921471
flux1:, 1.4632107023411365, 0.1373500094661282, -0.06933386420554845
flux1:, 1.4698996655518388, 0.13961717213998848, -0.07262083831139989
flux1:, 1.4765886287625412, 0.14360470285518803, -0.0737085911828563
flux1:, 1.4832775919732435, 0.14665975325225716, -0.07418682623330511
flux1:, 1.4899665551839458, 0.14826085548033383, -0.07505917704273474
flux1:, 1.4966555183946482, 0.14805556619152177, -0.07542191404400345
flux1:, 1.5033444816053505, 0.14632879420124267, -0.075718294065532
flux1:, 1.5100334448160528, 0.14552140206665526, -0.07645587036577374
flux1:, 1.5167224080267552, 0.14575680335562974, -0.07731695924131225
flux1:, 1.5234113712374575, 0.14444954685525083, -0.0794252802836369
flux1:, 1.5301003344481598, 0.14250158883324507, -0.08274273375860199
flux1:, 1.5367892976588622, 0.14255169840469506, -0.0843986019111031
flux1:, 1.5434782608695645, 0.1429496333599141, -0.0847884638265526
flux1:, 1.5501672240802669, 0.1417625270646179, -0.08748417831088119
flux1:, 1.5568561872909692, 0.14139895437159428, -0.090953056361043
flux1:, 1.5635451505016715, 0.14302438343737406, -0.09124237170886977
flux1:, 1.5702341137123739, 0.14336915049557872, -0.09088554480159852
flux1:, 1.5769230769230762, 0.1404467175323845, -0.09388362044368953
flux1:, 1.5836120401337785, 0.13638048154408175, -0.09758476458488048
flux1:, 1.5903010033444809, 0.13386522928507497, -0.09848668778472587
flux1:, 1.5969899665551832, 0.1332018233770205, -0.0981736129700636
flux1:, 1.6036789297658856, 0.13223751973458345, -0.09863586109735721
flux1:, 1.610367892976588, 0.12922138308341558, -0.09967790981332886
flux1:, 1.6170568561872902, 0.1257891024246286, -0.101483377878931
flux1:, 1.6237458193979926, 0.12411817947719912, -0.10377098416415266
flux1:, 1.630434782608695, 0.12257503139677176, -0.10510168335263263
flux1:, 1.6371237458193972, 0.118594093601422, -0.10557491968170228
flux1:, 1.6438127090300996, 0.11290574145610033, -0.10607843219769071
flux1:, 1.650501672240802, 0.10740603053576873, -0.10600787119751515
flux1:, 1.6571906354515042, 0.10274326313471978, -0.10564144853247094
flux1:, 1.6638795986622066, 0.09898362142521407, -0.10698806244097164
flux1:, 1.670568561872909, 0.09508432608935065, -0.10987600943674673
flux1:, 1.6772575250836113, 0.08974246476039646, -0.11200100127683814
flux1:, 1.6839464882943136, 0.08440441632844371, -0.11311555754805751
flux1:, 1.690635451505016, 0.08081799736115618, -0.11452481796522257
flux1:, 1.6973244147157183, 0.07686398221637607, -0.11580724426362529
flux1:, 1.7040133779264206, 0.07067383623902988, -0.11596323525639876
flux1:, 1.710702341137123, 0.0647644491515523, -0.11601577295643659
flux1:, 1.7173913043478253, 0.06089639954090845, -0.11735298733411154
flux1:, 1.7240802675585276, 0.057060486321108495, -0.1188205409998071
flux1:, 1.73076923076923, 0.05250863567720582, -0.11843403479316221
flux1:, 1.7374581939799323, 0.04865279937231206, -0.11744143635467948
flux1:, 1.7441471571906346, 0.04492199493568203, -0.11880680557121977
flux1:, 1.750836120401337, 0.0402365851198634, -0.12155124633090485
flux1:, 1.7575250836120393, 0.035965720864104316, -0.1219044967737126
flux1:, 1.7642140468227416, 0.03279734823232277, -0.1199749210164773
flux1:, 1.770903010033444, 0.02920970384050219, -0.1186899527801191
flux1:, 1.7775919732441463, 0.025283121394915318, -0.11762620168460301
flux1:, 1.7842809364548486, 0.022715972517383998, -0.11516835845144718
flux1:, 1.790969899665551, 0.02093975001073703, -0.11324671571289995
flux1:, 1.7976588628762533, 0.018126995600268595, -0.11318085514470227
flux1:, 1.8043478260869557, 0.014767911069740586, -0.11229862370649102
flux1:, 1.811036789297658, 0.012533887178681207, -0.10940716492228482
flux1:, 1.8177257525083603, 0.011415403353998828, -0.10677500483059593
flux1:, 1.8244147157190627, 0.010272386747718718, -0.10483948660364013
flux1:, 1.831103678929765, 0.008657475434754912, -0.10199260920370064
flux1:, 1.8377926421404673, 0.007051959645090534, -0.09858991573008573
flux1:, 1.8444816053511697, 0.006131185682359005, -0.095461586674978
flux1:, 1.851170568561872, 0.005992319736894225, -0.09177354651192776
flux1:, 1.8578595317725743, 0.006045824916280841, -0.08763076014581934
flux1:, 1.8645484949832767, 0.005861142844934665, -0.08425801133684728
flux1:, 1.871237458193979, 0.00566166094133982, -0.08107062168882603
flux1:, 1.8779264214046814, 0.005756671222637992, -0.07694772162981844
flux1:, 1.8846153846153837, 0.0060976629969569885, -0.0726344574569372
flux1:, 1.891304347826086, 0.006506595616134009, -0.06882710659280401
flux1:, 1.8979933110367884, 0.00690868772812523, -0.06499269768401084
flux1:, 1.9046822742474907, 0.007351022142794577, -0.06124810042636418
flux1:, 1.911371237458193, 0.007879452367185923, -0.058150891417048996
flux1:, 1.9180602006688954, 0.008358122046940126, -0.055227329468094916
flux1:, 1.9247491638795977, 0.00865662335214547, -0.05199942128479726
flux1:, 1.9314381270903, 0.008972280570124096, -0.048697527700775955
flux1:, 1.9381270903010024, 0.009522382158336748, -0.0452396723390988
flux1:, 1.9448160535117047, 0.010108058133558945, -0.04165580901663763
flux1:, 1.951505016722407, 0.010448275549446691, -0.038734808753587535
flux1:, 1.9581939799331094, 0.010602758356405633, -0.0365553095535452
flux1:, 1.9648829431438117, 0.010712229242298801, -0.034156128113498406
flux1:, 1.971571906354514, 0.010759809223199386, -0.03135129953871301
flux1:, 1.9782608695652164, 0.010772440534704567, -0.028778798464721405
flux1:, 1.9849498327759187, 0.010819065114026085, -0.026532821204456956
flux1:, 1.991638795986621, 0.01080426962582892, -0.024482364693086376
flux1:, 1.9983277591973234, 0.010630279584598614, -0.022805527321741893
flux1:, 2.0050167224080258, 0.010420227379086124, -0.021279421810726503
flux1:, 2.011705685618728, 0.01030029573249204, -0.019459740621020984
flux1:, 2.0183946488294304, 0.010174761628893927, -0.017600037240284645
flux1:, 2.0250836120401328, 0.009916986466249948, -0.01614822164705147
flux1:, 2.031772575250835, 0.009574243838797139, -0.014945516360440107
flux1:, 2.0384615384615374, 0.009252822782901442, -0.01370935953115348
flux1:, 2.0451505016722398, 0.008959401827753328, -0.012483792564620773
flux1:, 2.051839464882942, 0.008635991864472434, -0.011371954926303244
flux1:, 2.0585284280936444, 0.008261803216432875, -0.01045138982519121
flux1:, 2.065217391304347, 0.007874926802599961, -0.009747782521643851
flux1:, 2.071906354515049, 0.007517029172541772, -0.009072445771515624
flux1:, 2.0785953177257515, 0.007181213729830638, -0.008288095467339843
flux1:, 2.085284280936454, 0.006839610207760409, -0.0075400211764498366
flux1:, 2.091973244147156, 0.006503074800278524, -0.006901792139904156
flux1:, 2.0986622073578585, 0.006196501102232409, -0.0062693962901406945
flux1:, 2.105351170568561, 0.005898696420207874, -0.005687539720992048
flux1:, 2.112040133779263, 0.005575901119203277, -0.005242872920074677
flux1:, 2.1187290969899655, 0.005241167258251347, -0.004817121352680139
flux1:, 2.125418060200668, 0.004920264939449986, -0.004339344348641696
flux1:, 2.13210702341137, 0.0046086999152088574, -0.003921213821730934
flux1:, 2.1387959866220725, 0.004303998311366815, -0.003591762784587384
flux1:, 2.145484949832775, 0.004020105437490778, -0.0032821711812897436
flux1:, 2.152173913043477, 0.0037519653946141616, -0.0029963901682869016
flux1:, 2.1588628762541795, 0.0034831539282756782, -0.0027401346400143726
flux1:, 2.165551839464882, 0.0032203385136831816, -0.0024906705994568617
flux1:, 2.172240802675584, 0.0029758892058459603, -0.002287531350577179
flux1:, 2.1789297658862865, 0.0027434443083828148, -0.002135326752722932
flux1:, 2.185618729096989, 0.0025171035026802678, -0.001958551652949649
flux1:, 2.192307692307691, 0.0023051249929477106, -0.0017731112304042343
flux1:, 2.1989966555183935, 0.002118216517578032, -0.0016514547360740178
flux1:, 2.205685618729096, 0.0019609228394259852, -0.0015443331562412217
flux1:, 2.212374581939798, 0.0018228390637450153, -0.0013902033931287518
flux1:, 2.2190635451505005, 0.0016810886323693644, -0.0012450792000145094
flux1:, 2.225752508361203, 0.001531871584397585, -0.0011386763060094696
flux1:, 2.232441471571905, 0.0013982463039857271, -0.0010248907510171457
flux1:, 2.2391304347826075, 0.0012895475561331558, -9.134603997603948e-4
flux1:, 2.24581939799331, 0.001187464270203823, -8.39833075690269e-4
flux1:, 2.252508361204012, 0.001080310535648865, -7.763628782851584e-4
flux1:, 2.2591973244147145, 9.755887295250025e-4, -7.062434111030299e-4
flux1:, 2.265886287625417, 8.814164351987305e-4, -6.519227366988924e-4
flux1:, 2.272575250836119, 8.003889884863523e-4, -6.000913693394343e-4
flux1:, 2.2792642140468216, 7.302448368391126e-4, -5.331396392254154e-4
flux1:, 2.285953177257524, 6.620870678417901e-4, -4.794443887938142e-4
flux1:, 2.2926421404682262, 5.924177902432055e-4, -4.47182771196443e-4
flux1:, 2.2993311036789286, 5.295096950933753e-4, -4.093783153828007e-4
flux1:, 2.306020066889631, 4.7686593550256174e-4, -3.70314716844235e-4
flux1:, 2.3127090301003332, 4.283334996786191e-4, -3.457469887557195e-4
flux1:, 2.3193979933110356, 3.830671111820325e-4, -3.1938835113348295e-4
flux1:, 2.326086956521738, 3.4454521215848097e-4, -2.8426797662549987e-4
flux1:, 2.3327759197324403, 3.094105837542123e-4, -2.572414022578133e-4
flux1:, 2.3394648829431426, 2.740118384914186e-4, -2.3736288491593488e-4
flux1:, 2.346153846153845, 2.416397262743603e-4, -2.1532513868810293e-4
flux1:, 2.3528428093645473, 2.1435574132758193e-4, -1.9773217187060542e-4
flux1:, 2.3595317725752496, 1.8983409216076792e-4, -1.842038852325301e-4
flux1:, 2.366220735785952, 1.6760310462102156e-4, -1.6584913313285265e-4
flux1:, 2.3729096989966543, 1.4841739707717257e-4, -1.4877453123551414e-4
flux1:, 2.3795986622073566, 1.3114534308427084e-4, -1.3841938913560222e-4
flux1:, 2.386287625418059, 1.1554496371488454e-4, -1.260979714541093e-4
flux1:, 2.3929765886287613, 1.024948364879702e-4, -1.1142123832138513e-4
flux1:, 2.3996655518394636, 9.088358677110373e-5, -1.0178521144406858e-4
flux1:, 2.406354515050166, 7.919997440516048e-5, -9.35789609763985e-5
flux1:, 2.4130434782608683, 6.804406020711188e-5, -8.349619386655027e-5
flux1:, 2.4197324414715706, 5.845360236359075e-5, -7.670070600603618e-5
flux1:, 2.426421404682273, 5.048260201772813e-5, -7.147674341155694e-5
flux1:, 2.4331103678929753, 4.370208470596011e-5, -6.30068305177583e-5
flux1:, 2.4397993311036776, 3.746112406958967e-5, -5.591673975992818e-5
flux1:, 2.44648829431438, 3.166987928679299e-5, -5.247365459028489e-5
flux1:, 2.4531772575250823, 2.7058019981160407e-5, -4.74302096952906e-5
flux1:, 2.4598662207357846, 2.348500827234758e-5, -4.165004953487999e-5
flux1:, 2.466555183946487, 1.98668867556698e-5, -3.894197589182035e-5
flux1:, 2.4732441471571893, 1.6279904409688387e-5, -3.602329553940299e-5
flux1:, 2.4799331103678917, 1.3603984112570597e-5, -3.1383957894096e-5
flux1:, 2.486622073578594, 1.1588313532313691e-5, -2.879711833261674e-5
flux1:, 2.4933110367892963, 9.565761756485451e-6, -2.7167106838537125e-5
flux1:, 2.4999999999999987, 7.788728436777922e-6, -2.3563628869824218e-5

Elapsed run time = 1246.85 s
