--------------------------------------------------------------------------
[[10515,1],0]: A high-performance Open MPI point-to-point messaging module
was unable to find any relevant network interfaces:

Module: OpenFabrics (openib)
  Host: euca-128-84-11-54

Another transport will be used instead, although this may result in
lower performance.
--------------------------------------------------------------------------
Using MPI version 3.0, 2 processes
command-line param: no-struct=false
command-line param: no-holes=false
command-line param: rodpos="rad.15ff.3/rodpos.txt"
-----------
Initializing structure...
Working in 3D dimensions.
Computational cell is 4 x 4 x 5 with resolution 40
     block, center = (0,0,0)
          size (1e+20,1e+20,0.15)
          axes (1,0,0), (0,1,0), (0,0,1)
          dielectric constant epsilon diagonal = (12,12,12)
     cylinder, center = (1.536,3.244,0)
          radius 0.15, height 0.15, axis (0, 0, 1)
          dielectric constant epsilon diagonal = (1,1,1)
     cylinder, center = (3.065,3.355,0)
          radius 0.15, height 0.15, axis (0, 0, 1)
          dielectric constant epsilon diagonal = (1,1,1)
     cylinder, center = (2.936,2.612,0)
          radius 0.15, height 0.15, axis (0, 0, 1)
          dielectric constant epsilon diagonal = (1,1,1)
     cylinder, center = (1.825,0.376,0)
          radius 0.15, height 0.15, axis (0, 0, 1)
          dielectric constant epsilon diagonal = (1,1,1)
     cylinder, center = (2.663,3.281,0)
          radius 0.15, height 0.15, axis (0, 0, 1)
          dielectric constant epsilon diagonal = (1,1,1)
     cylinder, center = (0.153,3.67,0)
          radius 0.15, height 0.15, axis (0, 0, 1)
          dielectric constant epsilon diagonal = (1,1,1)
     cylinder, center = (0.026,1.948,0)
          radius 0.15, height 0.15, axis (0, 0, 1)
          dielectric constant epsilon diagonal = (1,1,1)
     cylinder, center = (3.314,2.647,0)
          radius 0.15, height 0.15, axis (0, 0, 1)
          dielectric constant epsilon diagonal = (1,1,1)
     cylinder, center = (0.667,0.771,0)
          radius 0.15, height 0.15, axis (0, 0, 1)
          dielectric constant epsilon diagonal = (1,1,1)
     cylinder, center = (3.637,0.772,0)
          radius 0.15, height 0.15, axis (0, 0, 1)
          dielectric constant epsilon diagonal = (1,1,1)
     cylinder, center = (2.847,1.052,0)
          radius 0.15, height 0.15, axis (0, 0, 1)
          dielectric constant epsilon diagonal = (1,1,1)
     cylinder, center = (3.264,0.431,0)
          radius 0.15, height 0.15, axis (0, 0, 1)
          dielectric constant epsilon diagonal = (1,1,1)
     cylinder, center = (2.172,0.638,0)
          radius 0.15, height 0.15, axis (0, 0, 1)
          dielectric constant epsilon diagonal = (1,1,1)
     cylinder, center = (1.696,1.487,0)
          radius 0.15, height 0.15, axis (0, 0, 1)
          dielectric constant epsilon diagonal = (1,1,1)
     cylinder, center = (3.168,1.432,0)
          radius 0.15, height 0.15, axis (0, 0, 1)
          dielectric constant epsilon diagonal = (1,1,1)
     cylinder, center = (2.348,3.774,0)
          radius 0.15, height 0.15, axis (0, 0, 1)
          dielectric constant epsilon diagonal = (1,1,1)
     cylinder, center = (0.868,1.756,0)
          radius 0.15, height 0.15, axis (0, 0, 1)
          dielectric constant epsilon diagonal = (1,1,1)
     cylinder, center = (2.853,1.555,0)
          radius 0.15, height 0.15, axis (0, 0, 1)
          dielectric constant epsilon diagonal = (1,1,1)
     cylinder, center = (0.509,1.715,0)
          radius 0.15, height 0.15, axis (0, 0, 1)
          dielectric constant epsilon diagonal = (1,1,1)
     cylinder, center = (2.974,0.149,0)
          radius 0.15, height 0.15, axis (0, 0, 1)
          dielectric constant epsilon diagonal = (1,1,1)
     cylinder, center = (3.628,2.323,0)
          radius 0.15, height 0.15, axis (0, 0, 1)
          dielectric constant epsilon diagonal = (1,1,1)
     cylinder, center = (1.905,1.717,0)
          radius 0.15, height 0.15, axis (0, 0, 1)
          dielectric constant epsilon diagonal = (1,1,1)
     cylinder, center = (1.081,0.709,0)
          radius 0.15, height 0.15, axis (0, 0, 1)
          dielectric constant epsilon diagonal = (1,1,1)
     cylinder, center = (2.252,3.249,0)
          radius 0.15, height 0.15, axis (0, 0, 1)
          dielectric constant epsilon diagonal = (1,1,1)
     cylinder, center = (1.266,3.711,0)
          radius 0.15, height 0.15, axis (0, 0, 1)
          dielectric constant epsilon diagonal = (1,1,1)
     cylinder, center = (1.16,2.598,0)
          radius 0.15, height 0.15, axis (0, 0, 1)
          dielectric constant epsilon diagonal = (1,1,1)
     cylinder, center = (3.832,1.363,0)
          radius 0.15, height 0.15, axis (0, 0, 1)
          dielectric constant epsilon diagonal = (1,1,1)
     cylinder, center = (1.617,2.356,0)
          radius 0.15, height 0.15, axis (0, 0, 1)
          dielectric constant epsilon diagonal = (1,1,1)
     cylinder, center = (3.887,3.367,0)
          radius 0.15, height 0.15, axis (0, 0, 1)
          dielectric constant epsilon diagonal = (1,1,1)
     cylinder, center = (3.182,2.151,0)
          radius 0.15, height 0.15, axis (0, 0, 1)
          dielectric constant epsilon diagonal = (1,1,1)
     cylinder, center = (3.127,3.787,0)
          radius 0.15, height 0.15, axis (0, 0, 1)
          dielectric constant epsilon diagonal = (1,1,1)
     cylinder, center = (1.115,3.285,0)
          radius 0.15, height 0.15, axis (0, 0, 1)
          dielectric constant epsilon diagonal = (1,1,1)
     cylinder, center = (0.704,3.892,0)
          radius 0.15, height 0.15, axis (0, 0, 1)
          dielectric constant epsilon diagonal = (1,1,1)
     cylinder, center = (2.435,1.061,0)
          radius 0.15, height 0.15, axis (0, 0, 1)
          dielectric constant epsilon diagonal = (1,1,1)
     cylinder, center = (1.555,0.158,0)
          radius 0.15, height 0.15, axis (0, 0, 1)
          dielectric constant epsilon diagonal = (1,1,1)
     cylinder, center = (2.03,1.236,0)
          radius 0.15, height 0.15, axis (0, 0, 1)
          dielectric constant epsilon diagonal = (1,1,1)
     cylinder, center = (0.225,2.342,0)
          radius 0.15, height 0.15, axis (0, 0, 1)
          dielectric constant epsilon diagonal = (1,1,1)
     cylinder, center = (0.446,2.718,0)
          radius 0.15, height 0.15, axis (0, 0, 1)
          dielectric constant epsilon diagonal = (1,1,1)
     cylinder, center = (3.464,1.189,0)
          radius 0.15, height 0.15, axis (0, 0, 1)
          dielectric constant epsilon diagonal = (1,1,1)
     cylinder, center = (2.498,0.414,0)
          radius 0.15, height 0.15, axis (0, 0, 1)
          dielectric constant epsilon diagonal = (1,1,1)
     cylinder, center = (0.107,0.51,0)
          radius 0.15, height 0.15, axis (0, 0, 1)
          dielectric constant epsilon diagonal = (1,1,1)
     cylinder, center = (1.916,3.798,0)
          radius 0.15, height 0.15, axis (0, 0, 1)
          dielectric constant epsilon diagonal = (1,1,1)
     cylinder, center = (0.836,1.452,0)
          radius 0.15, height 0.15, axis (0, 0, 1)
          dielectric constant epsilon diagonal = (1,1,1)
     cylinder, center = (3.581,1.98,0)
          radius 0.15, height 0.15, axis (0, 0, 1)
          dielectric constant epsilon diagonal = (1,1,1)
     cylinder, center = (2.711,2.927,0)
          radius 0.15, height 0.15, axis (0, 0, 1)
          dielectric constant epsilon diagonal = (1,1,1)
     cylinder, center = (2.742,0.618,0)
          radius 0.15, height 0.15, axis (0, 0, 1)
          dielectric constant epsilon diagonal = (1,1,1)
     cylinder, center = (0.674,0.271,0)
          radius 0.15, height 0.15, axis (0, 0, 1)
          dielectric constant epsilon diagonal = (1,1,1)
     cylinder, center = (3.391,2.939,0)
          radius 0.15, height 0.15, axis (0, 0, 1)
          dielectric constant epsilon diagonal = (1,1,1)
     cylinder, center = (3.408,3.975,0)
          radius 0.15, height 0.15, axis (0, 0, 1)
          dielectric constant epsilon diagonal = (1,1,1)
     cylinder, center = (1.98,2.389,0)
          radius 0.15, height 0.15, axis (0, 0, 1)
          dielectric constant epsilon diagonal = (1,1,1)
     cylinder, center = (1.015,0.334,0)
          radius 0.15, height 0.15, axis (0, 0, 1)
          dielectric constant epsilon diagonal = (1,1,1)
     cylinder, center = (3.486,3.259,0)
          radius 0.15, height 0.15, axis (0, 0, 1)
          dielectric constant epsilon diagonal = (1,1,1)
     cylinder, center = (3.698,2.73,0)
          radius 0.15, height 0.15, axis (0, 0, 1)
          dielectric constant epsilon diagonal = (1,1,1)
     cylinder, center = (0.968,2.996,0)
          radius 0.15, height 0.15, axis (0, 0, 1)
          dielectric constant epsilon diagonal = (1,1,1)
     cylinder, center = (0.266,1.052,0)
          radius 0.15, height 0.15, axis (0, 0, 1)
          dielectric constant epsilon diagonal = (1,1,1)
     cylinder, center = (2.545,1.374,0)
          radius 0.15, height 0.15, axis (0, 0, 1)
          dielectric constant epsilon diagonal = (1,1,1)
     cylinder, center = (1.237,1.592,0)
          radius 0.15, height 0.15, axis (0, 0, 1)
          dielectric constant epsilon diagonal = (1,1,1)
     cylinder, center = (2.189,2.791,0)
          radius 0.15, height 0.15, axis (0, 0, 1)
          dielectric constant epsilon diagonal = (1,1,1)
     cylinder, center = (0.504,3.051,0)
          radius 0.15, height 0.15, axis (0, 0, 1)
          dielectric constant epsilon diagonal = (1,1,1)
     cylinder, center = (0.04,2.969,0)
          radius 0.15, height 0.15, axis (0, 0, 1)
          dielectric constant epsilon diagonal = (1,1,1)
     cylinder, center = (1.946,0.935,0)
          radius 0.15, height 0.15, axis (0, 0, 1)
          dielectric constant epsilon diagonal = (1,1,1)
     cylinder, center = (1.796,2.672,0)
          radius 0.15, height 0.15, axis (0, 0, 1)
          dielectric constant epsilon diagonal = (1,1,1)
     cylinder, center = (3.99,2.211,0)
          radius 0.15, height 0.15, axis (0, 0, 1)
          dielectric constant epsilon diagonal = (1,1,1)
     cylinder, center = (2.847,3.677,0)
          radius 0.15, height 0.15, axis (0, 0, 1)
          dielectric constant epsilon diagonal = (1,1,1)
     cylinder, center = (1.438,0.701,0)
          radius 0.15, height 0.15, axis (0, 0, 1)
          dielectric constant epsilon diagonal = (1,1,1)
     cylinder, center = (1.915,3.009,0)
          radius 0.15, height 0.15, axis (0, 0, 1)
          dielectric constant epsilon diagonal = (1,1,1)
     cylinder, center = (3.621,3.716,0)
          radius 0.15, height 0.15, axis (0, 0, 1)
          dielectric constant epsilon diagonal = (1,1,1)
     cylinder, center = (2.56,2.266,0)
          radius 0.15, height 0.15, axis (0, 0, 1)
          dielectric constant epsilon diagonal = (1,1,1)
subpixel-averaging is 95.3538% done, 0.194948 s remaining
subpixel-averaging is 57.0965% done, 3.00612 s remaining
subpixel-averaging is 92.0746% done, 0.344327 s remaining
time for set_epsilon = 26.2676 s
time for set_conductivity = 0.354754 s
time for set_conductivity = 0.31939 s
time for set_conductivity = 0.402502 s
-----------
Meep progress: 0.0125/50.0 = 0.0% done in 5.9s, 23670.9s to go
on time step 1 (time=0.0125), 5.91962 s/step
Meep progress: 0.17500000000000002/50.0 = 0.4% done in 10.2s, 2895.7s to go
on time step 14 (time=0.175), 0.327005 s/step
Meep progress: 0.3375/50.0 = 0.7% done in 14.4s, 2120.5s to go
on time step 27 (time=0.3375), 0.326188 s/step
Meep progress: 0.5/50.0 = 1.0% done in 18.5s, 1830.4s to go
on time step 40 (time=0.5), 0.313659 s/step
Meep progress: 0.675/50.0 = 1.4% done in 22.5s, 1647.4s to go
on time step 54 (time=0.675), 0.28974 s/step
Meep progress: 0.8500000000000001/50.0 = 1.7% done in 26.8s, 1551.6s to go
on time step 68 (time=0.85), 0.306359 s/step
Meep progress: 1.0250000000000001/50.0 = 2.1% done in 31.1s, 1485.5s to go
on time step 82 (time=1.025), 0.304078 s/step
Meep progress: 1.2000000000000002/50.0 = 2.4% done in 35.4s, 1438.8s to go
on time step 96 (time=1.2), 0.306373 s/step
Meep progress: 1.375/50.0 = 2.8% done in 39.6s, 1401.9s to go
on time step 110 (time=1.375), 0.304504 s/step
Meep progress: 1.55/50.0 = 3.1% done in 43.7s, 1367.3s to go
on time step 124 (time=1.55), 0.292832 s/step
Meep progress: 1.725/50.0 = 3.4% done in 48.1s, 1345.8s to go
on time step 138 (time=1.725), 0.310559 s/step
Meep progress: 1.8875000000000002/50.0 = 3.8% done in 52.3s, 1334.1s to go
on time step 151 (time=1.8875), 0.326764 s/step
Meep progress: 2.0625/50.0 = 4.1% done in 56.7s, 1316.8s to go
on time step 165 (time=2.0625), 0.308163 s/step
Meep progress: 2.2375000000000003/50.0 = 4.5% done in 60.9s, 1300.9s to go
on time step 179 (time=2.2375), 0.306412 s/step
Meep progress: 2.4125/50.0 = 4.8% done in 65.2s, 1286.1s to go
on time step 193 (time=2.4125), 0.304222 s/step
Meep progress: 2.5875000000000004/50.0 = 5.2% done in 69.4s, 1271.1s to go
on time step 207 (time=2.5875), 0.297734 s/step
Meep progress: 2.7750000000000004/50.0 = 5.6% done in 73.6s, 1253.2s to go
on time step 222 (time=2.775), 0.284765 s/step
Meep progress: 2.9375/50.0 = 5.9% done in 77.8s, 1247.0s to go
on time step 235 (time=2.9375), 0.322335 s/step
Meep progress: 3.1/50.0 = 6.2% done in 82.1s, 1242.4s to go
on time step 248 (time=3.1), 0.329621 s/step
Meep progress: 3.2875/50.0 = 6.6% done in 86.4s, 1227.2s to go
on time step 263 (time=3.2875), 0.283243 s/step
Meep progress: 3.45/50.0 = 6.9% done in 90.4s, 1219.8s to go
on time step 276 (time=3.45), 0.310325 s/step
Meep progress: 3.6500000000000004/50.0 = 7.3% done in 94.5s, 1200.6s to go
on time step 292 (time=3.65), 0.259209 s/step
Meep progress: 3.85/50.0 = 7.7% done in 98.6s, 1182.3s to go
on time step 308 (time=3.85), 0.255377 s/step
Meep progress: 4.025/50.0 = 8.0% done in 102.7s, 1172.6s to go
on time step 322 (time=4.025), 0.287563 s/step
Meep progress: 4.1875/50.0 = 8.4% done in 107.0s, 1170.2s to go
on time step 335 (time=4.1875), 0.3313 s/step
Meep progress: 4.3500000000000005/50.0 = 8.7% done in 111.1s, 1165.8s to go
on time step 348 (time=4.35), 0.316757 s/step
Meep progress: 4.5125/50.0 = 9.0% done in 115.1s, 1160.4s to go
on time step 361 (time=4.5125), 0.310144 s/step
Meep progress: 4.7/50.0 = 9.4% done in 119.4s, 1150.8s to go
on time step 376 (time=4.7), 0.285132 s/step
Meep progress: 4.862500000000001/50.0 = 9.7% done in 123.4s, 1145.6s to go
on time step 389 (time=4.8625), 0.308985 s/step
Meep progress: 5.025/50.0 = 10.0% done in 127.5s, 1141.1s to go
on time step 402 (time=5.025), 0.313775 s/step
Meep progress: 5.2/50.0 = 10.4% done in 131.7s, 1134.3s to go
on time step 416 (time=5.2), 0.297913 s/step
Meep progress: 5.362500000000001/50.0 = 10.7% done in 135.8s, 1130.7s to go
on time step 429 (time=5.3625), 0.321494 s/step
Meep progress: 5.5625/50.0 = 11.1% done in 140.0s, 1118.7s to go
on time step 445 (time=5.5625), 0.262091 s/step
Meep progress: 5.7625/50.0 = 11.5% done in 144.3s, 1107.7s to go
on time step 461 (time=5.7625), 0.266359 s/step
Meep progress: 5.9625/50.0 = 11.9% done in 148.4s, 1096.2s to go
on time step 477 (time=5.9625), 0.2578 s/step
Meep progress: 6.1625000000000005/50.0 = 12.3% done in 152.5s, 1085.1s to go
on time step 493 (time=6.1625), 0.257577 s/step
Meep progress: 6.362500000000001/50.0 = 12.7% done in 156.6s, 1074.3s to go
on time step 509 (time=6.3625), 0.256243 s/step
Meep progress: 6.5625/50.0 = 13.1% done in 160.8s, 1064.4s to go
on time step 525 (time=6.5625), 0.260742 s/step
Meep progress: 6.737500000000001/50.0 = 13.5% done in 164.9s, 1059.1s to go
on time step 539 (time=6.7375), 0.295138 s/step
Meep progress: 6.9125000000000005/50.0 = 13.8% done in 169.0s, 1053.6s to go
on time step 553 (time=6.9125), 0.291983 s/step
Meep progress: 7.0875/50.0 = 14.2% done in 173.1s, 1047.9s to go
on time step 567 (time=7.0875), 0.289092 s/step
Meep progress: 7.237500000000001/50.0 = 14.5% done in 177.1s, 1046.5s to go
on time step 579 (time=7.2375), 0.336774 s/step
Meep progress: 7.425000000000001/50.0 = 14.8% done in 181.2s, 1038.7s to go
on time step 594 (time=7.425), 0.26885 s/step
Meep progress: 7.625/50.0 = 15.2% done in 185.2s, 1029.5s to go
on time step 610 (time=7.625), 0.255863 s/step
Meep progress: 7.825/50.0 = 15.6% done in 189.4s, 1020.6s to go
on time step 626 (time=7.825), 0.257193 s/step
Meep progress: 8.012500000000001/50.0 = 16.0% done in 193.6s, 1014.4s to go
on time step 641 (time=8.0125), 0.280538 s/step
Meep progress: 8.200000000000001/50.0 = 16.4% done in 197.9s, 1008.6s to go
on time step 656 (time=8.2), 0.285535 s/step
Meep progress: 8.387500000000001/50.0 = 16.8% done in 202.1s, 1002.6s to go
on time step 671 (time=8.3875), 0.282707 s/step
Meep progress: 8.5875/50.0 = 17.2% done in 206.2s, 994.5s to go
on time step 687 (time=8.5875), 0.258116 s/step
Meep progress: 8.7875/50.0 = 17.6% done in 210.4s, 986.7s to go
on time step 703 (time=8.7875), 0.259898 s/step
Meep progress: 8.9875/50.0 = 18.0% done in 214.5s, 979.0s to go
on time step 719 (time=8.9875), 0.260001 s/step
Meep progress: 9.1875/50.0 = 18.4% done in 218.6s, 971.2s to go
on time step 735 (time=9.1875), 0.256037 s/step
Meep progress: 9.387500000000001/50.0 = 18.8% done in 222.7s, 963.7s to go
on time step 751 (time=9.3875), 0.256653 s/step
Meep progress: 9.55/50.0 = 19.1% done in 226.8s, 960.4s to go
on time step 764 (time=9.55), 0.308454 s/step
Meep progress: 9.7375/50.0 = 19.5% done in 231.0s, 955.0s to go
on time step 779 (time=9.7375), 0.281084 s/step
Meep progress: 9.9/50.0 = 19.8% done in 235.0s, 951.8s to go
on time step 792 (time=9.9), 0.308171 s/step
Meep progress: 10.075000000000001/50.0 = 20.2% done in 239.2s, 948.1s to go
on time step 806 (time=10.075), 0.304732 s/step
Meep progress: 10.25/50.0 = 20.5% done in 243.3s, 943.7s to go
on time step 820 (time=10.25), 0.292886 s/step
Meep progress: 10.412500000000001/50.0 = 20.8% done in 247.5s, 940.9s to go
on time step 833 (time=10.4125), 0.318457 s/step
Meep progress: 10.6125/50.0 = 21.2% done in 251.7s, 934.2s to go
on time step 849 (time=10.6125), 0.264163 s/step
Meep progress: 10.762500000000001/50.0 = 21.5% done in 255.9s, 932.9s to go
on time step 861 (time=10.7625), 0.347863 s/step
Meep progress: 10.925/50.0 = 21.8% done in 260.1s, 930.1s to go
on time step 874 (time=10.925), 0.320902 s/step
Meep progress: 11.0875/50.0 = 22.2% done in 264.1s, 927.0s to go
on time step 887 (time=11.0875), 0.313858 s/step
Meep progress: 11.2375/50.0 = 22.5% done in 268.4s, 925.9s to go
on time step 899 (time=11.2375), 0.357282 s/step
Meep progress: 11.387500000000001/50.0 = 22.8% done in 272.6s, 924.2s to go
on time step 911 (time=11.3875), 0.345061 s/step
Meep progress: 11.537500000000001/50.0 = 23.1% done in 276.7s, 922.3s to go
on time step 923 (time=11.5375), 0.340655 s/step
Meep progress: 11.700000000000001/50.0 = 23.4% done in 280.7s, 918.8s to go
on time step 936 (time=11.7), 0.310535 s/step
Meep progress: 11.887500000000001/50.0 = 23.8% done in 284.9s, 913.3s to go
on time step 951 (time=11.8875), 0.278863 s/step
Meep progress: 12.0625/50.0 = 24.1% done in 289.0s, 908.9s to go
on time step 965 (time=12.0625), 0.29299 s/step
Meep progress: 12.2375/50.0 = 24.5% done in 293.2s, 904.9s to go
on time step 979 (time=12.2375), 0.305157 s/step
Meep progress: 12.425/50.0 = 24.8% done in 297.3s, 899.2s to go
on time step 994 (time=12.425), 0.272168 s/step
Meep progress: 12.5875/50.0 = 25.2% done in 301.5s, 896.0s to go
on time step 1007 (time=12.5875), 0.317929 s/step
Meep progress: 12.75/50.0 = 25.5% done in 305.6s, 892.8s to go
on time step 1020 (time=12.75), 0.317314 s/step
Meep progress: 12.9375/50.0 = 25.9% done in 309.8s, 887.5s to go
on time step 1035 (time=12.9375), 0.281461 s/step
Meep progress: 13.100000000000001/50.0 = 26.2% done in 314.0s, 884.5s to go
on time step 1048 (time=13.1), 0.323126 s/step
Meep progress: 13.275/50.0 = 26.6% done in 318.0s, 879.8s to go
on time step 1062 (time=13.275), 0.287518 s/step
Meep progress: 13.450000000000001/50.0 = 26.9% done in 322.2s, 875.7s to go
on time step 1076 (time=13.45), 0.299475 s/step
Meep progress: 13.600000000000001/50.0 = 27.2% done in 326.3s, 873.2s to go
on time step 1088 (time=13.6), 0.335649 s/step
Meep progress: 13.762500000000001/50.0 = 27.5% done in 330.4s, 870.0s to go
on time step 1101 (time=13.7625), 0.319953 s/step
Meep progress: 13.912500000000001/50.0 = 27.8% done in 334.5s, 867.5s to go
on time step 1113 (time=13.9125), 0.336706 s/step
Meep progress: 14.0625/50.0 = 28.1% done in 338.7s, 865.7s to go
on time step 1125 (time=14.0625), 0.357362 s/step
Meep progress: 14.2375/50.0 = 28.5% done in 343.1s, 861.9s to go
on time step 1139 (time=14.2375), 0.313261 s/step
Meep progress: 14.387500000000001/50.0 = 28.8% done in 347.1s, 859.3s to go
on time step 1151 (time=14.3875), 0.333989 s/step
Meep progress: 14.5625/50.0 = 29.1% done in 351.2s, 854.6s to go
on time step 1165 (time=14.5625), 0.2886 s/step
Meep progress: 14.7375/50.0 = 29.5% done in 355.2s, 849.9s to go
on time step 1179 (time=14.7375), 0.286008 s/step
Meep progress: 14.9/50.0 = 29.8% done in 359.4s, 846.6s to go
on time step 1192 (time=14.9), 0.323668 s/step
Meep progress: 15.075000000000001/50.0 = 30.2% done in 363.5s, 842.2s to go
on time step 1206 (time=15.075), 0.294234 s/step
Meep progress: 15.225000000000001/50.0 = 30.4% done in 367.6s, 839.5s to go
on time step 1218 (time=15.225), 0.337169 s/step
Meep progress: 15.4/50.0 = 30.8% done in 371.7s, 835.2s to go
on time step 1232 (time=15.4), 0.29856 s/step
Meep progress: 15.575000000000001/50.0 = 31.2% done in 376.0s, 831.1s to go
on time step 1246 (time=15.575), 0.306679 s/step
Meep progress: 15.7375/50.0 = 31.5% done in 380.3s, 827.9s to go
on time step 1259 (time=15.7375), 0.326283 s/step
Meep progress: 15.925/50.0 = 31.8% done in 384.4s, 822.4s to go
on time step 1274 (time=15.925), 0.27289 s/step
Meep progress: 16.1125/50.0 = 32.2% done in 388.4s, 816.8s to go
on time step 1289 (time=16.1125), 0.26773 s/step
Meep progress: 16.3125/50.0 = 32.6% done in 392.5s, 810.6s to go
on time step 1305 (time=16.3125), 0.258162 s/step
Meep progress: 16.5125/50.0 = 33.0% done in 396.6s, 804.4s to go
on time step 1321 (time=16.5125), 0.25709 s/step
Meep progress: 16.7/50.0 = 33.4% done in 400.8s, 799.2s to go
on time step 1336 (time=16.7), 0.277112 s/step
Meep progress: 16.875/50.0 = 33.8% done in 405.0s, 795.1s to go
on time step 1350 (time=16.875), 0.304584 s/step
Meep progress: 17.0375/50.0 = 34.1% done in 409.3s, 791.9s to go
on time step 1363 (time=17.0375), 0.326805 s/step
Meep progress: 17.212500000000002/50.0 = 34.4% done in 413.5s, 787.6s to go
on time step 1377 (time=17.2125), 0.296769 s/step
Meep progress: 17.3875/50.0 = 34.8% done in 417.7s, 783.5s to go
on time step 1391 (time=17.3875), 0.305194 s/step
Meep progress: 17.55/50.0 = 35.1% done in 421.9s, 780.0s to go
on time step 1404 (time=17.55), 0.31891 s/step
Meep progress: 17.712500000000002/50.0 = 35.4% done in 426.1s, 776.8s to go
on time step 1417 (time=17.7125), 0.328893 s/step
Meep progress: 17.8875/50.0 = 35.8% done in 430.3s, 772.4s to go
on time step 1431 (time=17.8875), 0.294441 s/step
Meep progress: 18.05/50.0 = 36.1% done in 434.3s, 768.7s to go
on time step 1444 (time=18.05), 0.308567 s/step
Meep progress: 18.2/50.0 = 36.4% done in 438.4s, 766.0s to go
on time step 1456 (time=18.2), 0.343173 s/step
Meep progress: 18.375/50.0 = 36.8% done in 442.7s, 761.9s to go
on time step 1470 (time=18.375), 0.304338 s/step
Meep progress: 18.55/50.0 = 37.1% done in 446.9s, 757.7s to go
on time step 1484 (time=18.55), 0.305415 s/step
Meep progress: 18.75/50.0 = 37.5% done in 451.2s, 751.9s to go
on time step 1500 (time=18.75), 0.264746 s/step
Meep progress: 18.95/50.0 = 37.9% done in 455.3s, 746.0s to go
on time step 1516 (time=18.95), 0.256092 s/step
Meep progress: 19.1375/50.0 = 38.3% done in 459.3s, 740.8s to go
on time step 1531 (time=19.1375), 0.271459 s/step
Meep progress: 19.3125/50.0 = 38.6% done in 463.5s, 736.5s to go
on time step 1545 (time=19.3125), 0.297523 s/step
Meep progress: 19.475/50.0 = 39.0% done in 467.6s, 733.0s to go
on time step 1558 (time=19.475), 0.318209 s/step
Meep progress: 19.650000000000002/50.0 = 39.3% done in 471.9s, 728.9s to go
on time step 1572 (time=19.65), 0.305603 s/step
Meep progress: 19.825000000000003/50.0 = 39.7% done in 476.2s, 724.8s to go
on time step 1586 (time=19.825), 0.3043 s/step
Meep progress: 19.9875/50.0 = 40.0% done in 480.4s, 721.4s to go
on time step 1599 (time=19.9875), 0.325078 s/step
Meep progress: 20.137500000000003/50.0 = 40.3% done in 484.6s, 718.6s to go
on time step 1611 (time=20.1375), 0.346773 s/step
Meep progress: 20.3/50.0 = 40.6% done in 488.6s, 714.9s to go
on time step 1624 (time=20.3), 0.312734 s/step
Meep progress: 20.475/50.0 = 41.0% done in 492.9s, 710.8s to go
on time step 1638 (time=20.475), 0.305309 s/step
Meep progress: 20.650000000000002/50.0 = 41.3% done in 497.0s, 706.4s to go
on time step 1652 (time=20.65), 0.292387 s/step
Meep progress: 20.8125/50.0 = 41.6% done in 501.2s, 702.9s to go
on time step 1665 (time=20.8125), 0.321821 s/step
Meep progress: 20.9875/50.0 = 42.0% done in 505.5s, 698.7s to go
on time step 1679 (time=20.9875), 0.305823 s/step
Meep progress: 21.1625/50.0 = 42.3% done in 509.7s, 694.6s to go
on time step 1693 (time=21.1625), 0.30561 s/step
Meep progress: 21.337500000000002/50.0 = 42.7% done in 514.0s, 690.5s to go
on time step 1707 (time=21.3375), 0.304009 s/step
Meep progress: 21.512500000000003/50.0 = 43.0% done in 518.3s, 686.4s to go
on time step 1721 (time=21.5125), 0.308449 s/step
Meep progress: 21.675/50.0 = 43.4% done in 522.4s, 682.7s to go
on time step 1734 (time=21.675), 0.316742 s/step
Meep progress: 21.8625/50.0 = 43.7% done in 526.7s, 677.8s to go
on time step 1749 (time=21.8625), 0.281924 s/step
Meep progress: 22.0625/50.0 = 44.1% done in 530.8s, 672.1s to go
on time step 1765 (time=22.0625), 0.258542 s/step
Meep progress: 22.2375/50.0 = 44.5% done in 535.0s, 667.9s to go
on time step 1779 (time=22.2375), 0.301057 s/step
Meep progress: 22.400000000000002/50.0 = 44.8% done in 539.3s, 664.4s to go
on time step 1792 (time=22.4), 0.325904 s/step
Meep progress: 22.575000000000003/50.0 = 45.2% done in 543.5s, 660.3s to go
on time step 1806 (time=22.575), 0.304291 s/step
Meep progress: 22.75/50.0 = 45.5% done in 547.8s, 656.1s to go
on time step 1820 (time=22.75), 0.303001 s/step
Meep progress: 22.9125/50.0 = 45.8% done in 552.0s, 652.6s to go
on time step 1833 (time=22.9125), 0.325095 s/step
Meep progress: 23.075000000000003/50.0 = 46.2% done in 556.0s, 648.8s to go
on time step 1846 (time=23.075), 0.310977 s/step
Meep progress: 23.225/50.0 = 46.4% done in 560.1s, 645.8s to go
on time step 1858 (time=23.225), 0.343325 s/step
Meep progress: 23.375/50.0 = 46.8% done in 564.3s, 642.7s to go
on time step 1870 (time=23.375), 0.345203 s/step
Meep progress: 23.5375/50.0 = 47.1% done in 568.5s, 639.2s to go
on time step 1883 (time=23.5375), 0.32698 s/step
Meep progress: 23.700000000000003/50.0 = 47.4% done in 572.8s, 635.6s to go
on time step 1896 (time=23.7), 0.328376 s/step
Meep progress: 23.8625/50.0 = 47.7% done in 577.1s, 632.1s to go
on time step 1909 (time=23.8625), 0.327066 s/step
Meep progress: 24.025000000000002/50.0 = 48.1% done in 581.1s, 628.2s to go
on time step 1922 (time=24.025), 0.309427 s/step
Meep progress: 24.1875/50.0 = 48.4% done in 585.2s, 624.5s to go
on time step 1935 (time=24.1875), 0.316636 s/step
Meep progress: 24.35/50.0 = 48.7% done in 589.2s, 620.7s to go
on time step 1948 (time=24.35), 0.311635 s/step
Meep progress: 24.525000000000002/50.0 = 49.1% done in 593.6s, 616.6s to go
on time step 1962 (time=24.525), 0.309956 s/step
Meep progress: 24.6875/50.0 = 49.4% done in 597.9s, 613.0s to go
on time step 1975 (time=24.6875), 0.327988 s/step
Meep progress: 24.8625/50.0 = 49.7% done in 602.1s, 608.8s to go
on time step 1989 (time=24.8625), 0.305218 s/step
Meep progress: 25.0375/50.0 = 50.1% done in 606.4s, 604.6s to go
on time step 2003 (time=25.0375), 0.307475 s/step
Meep progress: 25.212500000000002/50.0 = 50.4% done in 610.7s, 600.4s to go
on time step 2017 (time=25.2125), 0.30484 s/step
Meep progress: 25.375/50.0 = 50.8% done in 614.7s, 596.5s to go
on time step 2030 (time=25.375), 0.307978 s/step
Meep progress: 25.5375/50.0 = 51.1% done in 618.9s, 592.9s to go
on time step 2043 (time=25.5375), 0.326113 s/step
Meep progress: 25.712500000000002/50.0 = 51.4% done in 623.1s, 588.6s to go
on time step 2057 (time=25.7125), 0.299729 s/step
Meep progress: 25.9125/50.0 = 51.8% done in 627.3s, 583.1s to go
on time step 2073 (time=25.9125), 0.26217 s/step
Meep progress: 26.1125/50.0 = 52.2% done in 631.5s, 577.6s to go
on time step 2089 (time=26.1125), 0.257665 s/step
Meep progress: 26.3125/50.0 = 52.6% done in 635.6s, 572.1s to go
on time step 2105 (time=26.3125), 0.256191 s/step
Meep progress: 26.512500000000003/50.0 = 53.0% done in 639.7s, 566.7s to go
on time step 2121 (time=26.5125), 0.25722 s/step
Meep progress: 26.700000000000003/50.0 = 53.4% done in 643.8s, 561.8s to go
on time step 2136 (time=26.7), 0.273249 s/step
Meep progress: 26.887500000000003/50.0 = 53.8% done in 648.0s, 557.0s to go
on time step 2151 (time=26.8875), 0.279362 s/step
Meep progress: 27.087500000000002/50.0 = 54.2% done in 652.1s, 551.6s to go
on time step 2167 (time=27.0875), 0.257162 s/step
Meep progress: 27.275000000000002/50.0 = 54.6% done in 656.2s, 546.8s to go
on time step 2182 (time=27.275), 0.276573 s/step
Meep progress: 27.4375/50.0 = 54.9% done in 660.4s, 543.1s to go
on time step 2195 (time=27.4375), 0.324957 s/step
Meep progress: 27.637500000000003/50.0 = 55.3% done in 664.5s, 537.7s to go
on time step 2211 (time=27.6375), 0.255554 s/step
Meep progress: 27.837500000000002/50.0 = 55.7% done in 668.7s, 532.4s to go
on time step 2227 (time=27.8375), 0.25883 s/step
Meep progress: 27.9875/50.0 = 56.0% done in 672.8s, 529.2s to go
on time step 2239 (time=27.9875), 0.344255 s/step
Meep progress: 28.1625/50.0 = 56.3% done in 677.1s, 525.0s to go
on time step 2253 (time=28.1625), 0.303762 s/step
Meep progress: 28.337500000000002/50.0 = 56.7% done in 681.3s, 520.8s to go
on time step 2267 (time=28.3375), 0.304733 s/step
Meep progress: 28.512500000000003/50.0 = 57.0% done in 685.6s, 516.7s to go
on time step 2281 (time=28.5125), 0.303182 s/step
Meep progress: 28.6875/50.0 = 57.4% done in 689.9s, 512.5s to go
on time step 2295 (time=28.6875), 0.306814 s/step
Meep progress: 28.85/50.0 = 57.7% done in 694.2s, 508.9s to go
on time step 2308 (time=28.85), 0.329992 s/step
Meep progress: 29.05/50.0 = 58.1% done in 698.2s, 503.5s to go
on time step 2324 (time=29.05), 0.251917 s/step
Meep progress: 29.25/50.0 = 58.5% done in 702.2s, 498.2s to go
on time step 2340 (time=29.25), 0.253289 s/step
Meep progress: 29.462500000000002/50.0 = 58.9% done in 706.5s, 492.5s to go
on time step 2357 (time=29.4625), 0.249317 s/step
Meep progress: 29.6625/50.0 = 59.3% done in 710.8s, 487.3s to go
on time step 2373 (time=29.6625), 0.267183 s/step
Meep progress: 29.837500000000002/50.0 = 59.7% done in 715.0s, 483.1s to go
on time step 2387 (time=29.8375), 0.302231 s/step
Meep progress: 30.012500000000003/50.0 = 60.0% done in 719.2s, 479.0s to go
on time step 2401 (time=30.0125), 0.300158 s/step
Meep progress: 30.212500000000002/50.0 = 60.4% done in 723.4s, 473.8s to go
on time step 2417 (time=30.2125), 0.261029 s/step
Meep progress: 30.4125/50.0 = 60.8% done in 727.5s, 468.5s to go
on time step 2433 (time=30.4125), 0.256308 s/step
Meep progress: 30.6/50.0 = 61.2% done in 731.6s, 463.8s to go
on time step 2448 (time=30.6), 0.275249 s/step
Meep progress: 30.762500000000003/50.0 = 61.5% done in 735.8s, 460.1s to go
on time step 2461 (time=30.7625), 0.325179 s/step
Meep progress: 30.9125/50.0 = 61.8% done in 739.8s, 456.8s to go
on time step 2473 (time=30.9125), 0.333948 s/step
Meep progress: 31.075000000000003/50.0 = 62.2% done in 743.8s, 453.0s to go
on time step 2486 (time=31.075), 0.308412 s/step
Meep progress: 31.262500000000003/50.0 = 62.5% done in 748.0s, 448.3s to go
on time step 2501 (time=31.2625), 0.276004 s/step
Meep progress: 31.450000000000003/50.0 = 62.9% done in 752.1s, 443.6s to go
on time step 2516 (time=31.45), 0.275235 s/step
Meep progress: 31.650000000000002/50.0 = 63.3% done in 756.2s, 438.4s to go
on time step 2532 (time=31.65), 0.254889 s/step
Meep progress: 31.85/50.0 = 63.7% done in 760.5s, 433.4s to go
on time step 2548 (time=31.85), 0.266852 s/step
Meep progress: 32.025/50.0 = 64.0% done in 764.6s, 429.2s to go
on time step 2562 (time=32.025), 0.295889 s/step
Meep progress: 32.225/50.0 = 64.4% done in 768.7s, 424.0s to go
on time step 2578 (time=32.225), 0.253762 s/step
Meep progress: 32.4125/50.0 = 64.8% done in 772.9s, 419.4s to go
on time step 2593 (time=32.4125), 0.279779 s/step
Meep progress: 32.575/50.0 = 65.2% done in 777.0s, 415.6s to go
on time step 2606 (time=32.575), 0.318396 s/step
Meep progress: 32.75/50.0 = 65.5% done in 781.3s, 411.5s to go
on time step 2620 (time=32.75), 0.307432 s/step
Meep progress: 32.925000000000004/50.0 = 65.9% done in 785.6s, 407.4s to go
on time step 2634 (time=32.925), 0.305213 s/step
Meep progress: 33.1/50.0 = 66.2% done in 789.8s, 403.3s to go
on time step 2648 (time=33.1), 0.302908 s/step
Meep progress: 33.300000000000004/50.0 = 66.6% done in 794.2s, 398.3s to go
on time step 2664 (time=33.3), 0.271361 s/step
Meep progress: 33.4375/50.0 = 66.9% done in 798.2s, 395.3s to go
on time step 2675 (time=33.4375), 0.36422 s/step
Meep progress: 33.6/50.0 = 67.2% done in 802.4s, 391.6s to go
on time step 2688 (time=33.6), 0.325922 s/step
Meep progress: 33.775/50.0 = 67.6% done in 806.7s, 387.5s to go
on time step 2702 (time=33.775), 0.30468 s/step
Meep progress: 33.95/50.0 = 67.9% done in 810.9s, 383.4s to go
on time step 2716 (time=33.95), 0.302914 s/step
Meep progress: 34.125/50.0 = 68.2% done in 815.2s, 379.2s to go
on time step 2730 (time=34.125), 0.304725 s/step
Meep progress: 34.300000000000004/50.0 = 68.6% done in 819.4s, 375.1s to go
on time step 2744 (time=34.3), 0.303861 s/step
Meep progress: 34.4625/50.0 = 68.9% done in 823.7s, 371.4s to go
on time step 2757 (time=34.4625), 0.328584 s/step
Meep progress: 34.612500000000004/50.0 = 69.2% done in 827.7s, 368.0s to go
on time step 2769 (time=34.6125), 0.334254 s/step
Meep progress: 34.800000000000004/50.0 = 69.6% done in 832.0s, 363.4s to go
on time step 2784 (time=34.8), 0.286909 s/step
Meep progress: 34.987500000000004/50.0 = 70.0% done in 836.2s, 358.8s to go
on time step 2799 (time=34.9875), 0.282605 s/step
Meep progress: 35.15/50.0 = 70.3% done in 840.5s, 355.1s to go
on time step 2812 (time=35.15), 0.328808 s/step
Meep progress: 35.3125/50.0 = 70.6% done in 844.8s, 351.4s to go
on time step 2825 (time=35.3125), 0.330448 s/step
Meep progress: 35.487500000000004/50.0 = 71.0% done in 849.1s, 347.3s to go
on time step 2839 (time=35.4875), 0.308728 s/step
Meep progress: 35.6375/50.0 = 71.3% done in 853.2s, 343.9s to go
on time step 2851 (time=35.6375), 0.33839 s/step
Meep progress: 35.8125/50.0 = 71.6% done in 857.4s, 339.7s to go
on time step 2865 (time=35.8125), 0.300515 s/step
Meep progress: 35.9625/50.0 = 71.9% done in 861.6s, 336.3s to go
on time step 2877 (time=35.9625), 0.345253 s/step
Meep progress: 36.112500000000004/50.0 = 72.2% done in 865.6s, 332.9s to go
on time step 2889 (time=36.1125), 0.337611 s/step
Meep progress: 36.275/50.0 = 72.6% done in 869.7s, 329.1s to go
on time step 2902 (time=36.275), 0.318843 s/step
Meep progress: 36.4375/50.0 = 72.9% done in 874.1s, 325.3s to go
on time step 2915 (time=36.4375), 0.330994 s/step
Meep progress: 36.6/50.0 = 73.2% done in 878.2s, 321.5s to go
on time step 2928 (time=36.6), 0.315399 s/step
Meep progress: 36.775/50.0 = 73.6% done in 882.4s, 317.3s to go
on time step 2942 (time=36.775), 0.305786 s/step
Meep progress: 36.9375/50.0 = 73.9% done in 886.7s, 313.6s to go
on time step 2955 (time=36.9375), 0.325267 s/step
Meep progress: 37.1/50.0 = 74.2% done in 890.7s, 309.7s to go
on time step 2968 (time=37.1), 0.314213 s/step
Meep progress: 37.2625/50.0 = 74.5% done in 894.8s, 305.9s to go
on time step 2981 (time=37.2625), 0.314192 s/step
Meep progress: 37.425000000000004/50.0 = 74.9% done in 898.8s, 302.0s to go
on time step 2994 (time=37.425), 0.308196 s/step
Meep progress: 37.6/50.0 = 75.2% done in 902.8s, 297.7s to go
on time step 3008 (time=37.6), 0.286253 s/step
Meep progress: 37.737500000000004/50.0 = 75.5% done in 906.9s, 294.7s to go
on time step 3019 (time=37.7375), 0.364908 s/step
Meep progress: 37.9125/50.0 = 75.8% done in 911.0s, 290.5s to go
on time step 3033 (time=37.9125), 0.295744 s/step
Meep progress: 38.112500000000004/50.0 = 76.2% done in 915.0s, 285.4s to go
on time step 3049 (time=38.1125), 0.25164 s/step
Meep progress: 38.275/50.0 = 76.6% done in 919.3s, 281.6s to go
on time step 3062 (time=38.275), 0.325526 s/step
Meep progress: 38.45/50.0 = 76.9% done in 923.3s, 277.4s to go
on time step 3076 (time=38.45), 0.290538 s/step
Meep progress: 38.6375/50.0 = 77.3% done in 927.4s, 272.7s to go
on time step 3091 (time=38.6375), 0.274257 s/step
Meep progress: 38.837500000000006/50.0 = 77.7% done in 931.6s, 267.7s to go
on time step 3107 (time=38.8375), 0.257397 s/step
Meep progress: 39.0375/50.0 = 78.1% done in 935.7s, 262.8s to go
on time step 3123 (time=39.0375), 0.257026 s/step
Meep progress: 39.237500000000004/50.0 = 78.5% done in 939.8s, 257.8s to go
on time step 3139 (time=39.2375), 0.256243 s/step
Meep progress: 39.425000000000004/50.0 = 78.9% done in 944.0s, 253.2s to go
on time step 3154 (time=39.425), 0.282741 s/step
Meep progress: 39.625/50.0 = 79.2% done in 948.1s, 248.2s to go
on time step 3170 (time=39.625), 0.254568 s/step
Meep progress: 39.8125/50.0 = 79.6% done in 952.3s, 243.7s to go
on time step 3185 (time=39.8125), 0.27878 s/step
Meep progress: 40.0/50.0 = 80.0% done in 956.4s, 239.1s to go
on time step 3200 (time=40), 0.278758 s/step
Meep progress: 40.1625/50.0 = 80.3% done in 960.6s, 235.3s to go
on time step 3213 (time=40.1625), 0.316196 s/step
Meep progress: 40.325/50.0 = 80.6% done in 964.6s, 231.4s to go
on time step 3226 (time=40.325), 0.313042 s/step
Meep progress: 40.5/50.0 = 81.0% done in 968.9s, 227.3s to go
on time step 3240 (time=40.5), 0.303353 s/step
Meep progress: 40.7/50.0 = 81.4% done in 973.0s, 222.3s to go
on time step 3256 (time=40.7), 0.259253 s/step
Meep progress: 40.900000000000006/50.0 = 81.8% done in 977.2s, 217.4s to go
on time step 3272 (time=40.9), 0.258389 s/step
Meep progress: 41.087500000000006/50.0 = 82.2% done in 981.4s, 212.9s to go
on time step 3287 (time=41.0875), 0.285066 s/step
Meep progress: 41.25/50.0 = 82.5% done in 985.5s, 209.0s to go
on time step 3300 (time=41.25), 0.309677 s/step
Meep progress: 41.425000000000004/50.0 = 82.9% done in 989.7s, 204.9s to go
on time step 3314 (time=41.425), 0.303422 s/step
Meep progress: 41.6/50.0 = 83.2% done in 994.0s, 200.7s to go
on time step 3328 (time=41.6), 0.305776 s/step
Meep progress: 41.775000000000006/50.0 = 83.6% done in 998.1s, 196.5s to go
on time step 3342 (time=41.775), 0.295546 s/step
Meep progress: 41.962500000000006/50.0 = 83.9% done in 1002.4s, 192.0s to go
on time step 3357 (time=41.9625), 0.282509 s/step
Meep progress: 42.1375/50.0 = 84.3% done in 1006.6s, 187.8s to go
on time step 3371 (time=42.1375), 0.302857 s/step
Meep progress: 42.300000000000004/50.0 = 84.6% done in 1010.7s, 184.0s to go
on time step 3384 (time=42.3), 0.315634 s/step
Meep progress: 42.45/50.0 = 84.9% done in 1014.7s, 180.5s to go
on time step 3396 (time=42.45), 0.335107 s/step
Meep progress: 42.625/50.0 = 85.2% done in 1019.0s, 176.3s to go
on time step 3410 (time=42.625), 0.304534 s/step
Meep progress: 42.800000000000004/50.0 = 85.6% done in 1023.3s, 172.1s to go
on time step 3424 (time=42.8), 0.305726 s/step
Meep progress: 42.975/50.0 = 86.0% done in 1027.5s, 168.0s to go
on time step 3438 (time=42.975), 0.305267 s/step
Meep progress: 43.1625/50.0 = 86.3% done in 1031.7s, 163.4s to go
on time step 3453 (time=43.1625), 0.277248 s/step
Meep progress: 43.337500000000006/50.0 = 86.7% done in 1035.9s, 159.3s to go
on time step 3467 (time=43.3375), 0.300137 s/step
Meep progress: 43.5125/50.0 = 87.0% done in 1040.1s, 155.1s to go
on time step 3481 (time=43.5125), 0.298446 s/step
Meep progress: 43.712500000000006/50.0 = 87.4% done in 1044.2s, 150.2s to go
on time step 3497 (time=43.7125), 0.259197 s/step
Meep progress: 43.862500000000004/50.0 = 87.7% done in 1048.4s, 146.7s to go
on time step 3509 (time=43.8625), 0.34789 s/step
Meep progress: 44.0375/50.0 = 88.1% done in 1052.7s, 142.5s to go
on time step 3523 (time=44.0375), 0.303696 s/step
Meep progress: 44.2/50.0 = 88.4% done in 1056.8s, 138.7s to go
on time step 3536 (time=44.2), 0.322093 s/step
Meep progress: 44.362500000000004/50.0 = 88.7% done in 1061.1s, 134.8s to go
on time step 3549 (time=44.3625), 0.326255 s/step
Meep progress: 44.5625/50.0 = 89.1% done in 1065.2s, 130.0s to go
on time step 3565 (time=44.5625), 0.260027 s/step
Meep progress: 44.725/50.0 = 89.4% done in 1069.5s, 126.1s to go
on time step 3578 (time=44.725), 0.327641 s/step
Meep progress: 44.875/50.0 = 89.8% done in 1073.7s, 122.6s to go
on time step 3590 (time=44.875), 0.347754 s/step
Meep progress: 45.050000000000004/50.0 = 90.1% done in 1078.0s, 118.4s to go
on time step 3604 (time=45.05), 0.305743 s/step
Meep progress: 45.212500000000006/50.0 = 90.4% done in 1082.0s, 114.6s to go
on time step 3617 (time=45.2125), 0.309676 s/step
Meep progress: 45.400000000000006/50.0 = 90.8% done in 1086.3s, 110.1s to go
on time step 3632 (time=45.4), 0.290091 s/step
Meep progress: 45.550000000000004/50.0 = 91.1% done in 1090.3s, 106.5s to go
on time step 3644 (time=45.55), 0.334297 s/step
Meep progress: 45.725/50.0 = 91.4% done in 1094.7s, 102.3s to go
on time step 3658 (time=45.725), 0.309661 s/step
Meep progress: 45.875/50.0 = 91.8% done in 1098.9s, 98.8s to go
on time step 3670 (time=45.875), 0.351376 s/step
Meep progress: 46.0625/50.0 = 92.1% done in 1103.0s, 94.3s to go
on time step 3685 (time=46.0625), 0.275217 s/step
Meep progress: 46.2625/50.0 = 92.5% done in 1107.2s, 89.4s to go
on time step 3701 (time=46.2625), 0.26101 s/step
Meep progress: 46.4125/50.0 = 92.8% done in 1111.4s, 85.9s to go
on time step 3713 (time=46.4125), 0.346071 s/step
Meep progress: 46.587500000000006/50.0 = 93.2% done in 1115.6s, 81.7s to go
on time step 3727 (time=46.5875), 0.303524 s/step
Meep progress: 46.7875/50.0 = 93.6% done in 1120.0s, 76.9s to go
on time step 3743 (time=46.7875), 0.271774 s/step
Meep progress: 46.9375/50.0 = 93.9% done in 1124.1s, 73.3s to go
on time step 3755 (time=46.9375), 0.342097 s/step
Meep progress: 47.1/50.0 = 94.2% done in 1128.1s, 69.5s to go
on time step 3768 (time=47.1), 0.310141 s/step
Meep progress: 47.2625/50.0 = 94.5% done in 1132.4s, 65.6s to go
on time step 3781 (time=47.2625), 0.328841 s/step
Meep progress: 47.4125/50.0 = 94.8% done in 1136.4s, 62.0s to go
on time step 3793 (time=47.4125), 0.334955 s/step
Meep progress: 47.575/50.0 = 95.2% done in 1140.6s, 58.1s to go
on time step 3806 (time=47.575), 0.322246 s/step
Meep progress: 47.75/50.0 = 95.5% done in 1144.8s, 53.9s to go
on time step 3820 (time=47.75), 0.302743 s/step
Meep progress: 47.9125/50.0 = 95.8% done in 1149.0s, 50.1s to go
on time step 3833 (time=47.9125), 0.319896 s/step
Meep progress: 48.075/50.0 = 96.2% done in 1153.2s, 46.2s to go
on time step 3846 (time=48.075), 0.321442 s/step
Meep progress: 48.237500000000004/50.0 = 96.5% done in 1157.2s, 42.3s to go
on time step 3859 (time=48.2375), 0.314982 s/step
Meep progress: 48.4125/50.0 = 96.8% done in 1161.3s, 38.1s to go
on time step 3873 (time=48.4125), 0.29039 s/step
Meep progress: 48.575/50.0 = 97.2% done in 1165.4s, 34.2s to go
on time step 3886 (time=48.575), 0.317422 s/step
Meep progress: 48.75/50.0 = 97.5% done in 1169.7s, 30.0s to go
on time step 3900 (time=48.75), 0.305379 s/step
Meep progress: 48.925000000000004/50.0 = 97.9% done in 1174.0s, 25.8s to go
on time step 3914 (time=48.925), 0.305532 s/step
Meep progress: 49.1/50.0 = 98.2% done in 1178.2s, 21.6s to go
on time step 3928 (time=49.1), 0.303022 s/step
Meep progress: 49.2625/50.0 = 98.5% done in 1182.4s, 17.7s to go
on time step 3941 (time=49.2625), 0.319028 s/step
Meep progress: 49.462500000000006/50.0 = 98.9% done in 1186.6s, 12.9s to go
on time step 3957 (time=49.4625), 0.264289 s/step
Meep progress: 49.6625/50.0 = 99.3% done in 1190.7s, 8.1s to go
on time step 3973 (time=49.6625), 0.256348 s/step
Meep progress: 49.862500000000004/50.0 = 99.7% done in 1195.0s, 3.3s to go
on time step 3989 (time=49.8625), 0.269757 s/step
run 0 finished at t = 50.0 (4000 timesteps)
flux1:, 0.5, 1.3390581772122792e-6, -1.2773502942082254e-6
flux1:, 0.5066889632107023, 1.4936659902532856e-6, -1.2981215307614486e-6
flux1:, 0.5133779264214047, 1.6777955358467852e-6, -1.646529125633727e-6
flux1:, 0.520066889632107, 1.9049158376486897e-6, -1.7026274946288877e-6
flux1:, 0.5267558528428093, 2.1275328238612526e-6, -1.6353131353642076e-6
flux1:, 0.5334448160535117, 2.4101665197128693e-6, -2.020294868297653e-6
flux1:, 0.540133779264214, 2.8357447222190995e-6, -2.2207967227446586e-6
flux1:, 0.5468227424749164, 3.2161365519988214e-6, -2.006267883234501e-6
flux1:, 0.5535117056856187, 3.344774838723993e-6, -2.3805072438450856e-6
flux1:, 0.560200668896321, 3.486054219644516e-6, -3.1072407272512165e-6
flux1:, 0.5668896321070234, 4.079138581472646e-6, -3.2936068709033643e-6
flux1:, 0.5735785953177257, 5.040989073828825e-6, -3.6625038645577552e-6
flux1:, 0.580267558528428, 5.925885864121677e-6, -4.43113837063866e-6
flux1:, 0.5869565217391304, 6.673723041051724e-6, -4.559448611336898e-6
flux1:, 0.5936454849498327, 7.605670894419112e-6, -4.761157551199067e-6
flux1:, 0.600334448160535, 8.771307217096534e-6, -5.887091981778146e-6
flux1:, 0.6070234113712374, 9.942854440184886e-6, -6.515623664849709e-6
flux1:, 0.6137123745819397, 1.1159157313514072e-5, -6.764337064147387e-6
flux1:, 0.6204013377926421, 1.2619933707179073e-5, -8.321456185521506e-6
flux1:, 0.6270903010033444, 1.430473960217176e-5, -9.814788440461012e-6
flux1:, 0.6337792642140467, 1.6289867011063688e-5, -1.0109374291712783e-5
flux1:, 0.6404682274247491, 1.8734483072277835e-5, -1.1412747714508319e-5
flux1:, 0.6471571906354514, 2.1232868743373882e-5, -1.3461436220572231e-5
flux1:, 0.6538461538461537, 2.3633326451600807e-5, -1.4323811148561071e-5
flux1:, 0.6605351170568561, 2.6970695370886107e-5, -1.5963067523674924e-5
flux1:, 0.6672240802675584, 3.101040930937492e-5, -1.8771767912944503e-5
flux1:, 0.6739130434782608, 3.311433596931227e-5, -2.0576587854536253e-5
flux1:, 0.6806020066889631, 3.354080977637973e-5, -2.484463946238041e-5
flux1:, 0.6872909698996654, 3.706603606401753e-5, -3.280201798476546e-5
flux1:, 0.6939799331103678, 4.4357397625454775e-5, -3.6722060651843816e-5
flux1:, 0.7006688963210701, 4.9959585600358705e-5, -3.7980512783981305e-5
flux1:, 0.7073578595317724, 5.346840851015315e-5, -4.6644385492679894e-5
flux1:, 0.7140468227424748, 6.043053519350828e-5, -5.719714909840767e-5
flux1:, 0.7207357859531771, 7.000961426113222e-5, -6.143693889951071e-5
flux1:, 0.7274247491638794, 7.783484383362961e-5, -7.021824975495855e-5
flux1:, 0.7341137123745818, 8.81165684908786e-5, -8.569752754273934e-5
flux1:, 0.7408026755852841, 1.0457127393350126e-4, -9.236474588243917e-5
flux1:, 0.7474916387959865, 1.1951091773702464e-4, -9.591370975644463e-5
flux1:, 0.7541806020066888, 1.290178456043801e-4, -1.1242493840111824e-4
flux1:, 0.7608695652173911, 1.404667617639653e-4, -1.3047823515745154e-4
flux1:, 0.7675585284280935, 1.5438516221157674e-4, -1.4349687232672058e-4
flux1:, 0.7742474916387958, 1.652288866515905e-4, -1.6980205385680472e-4
flux1:, 0.7809364548494981, 1.797621741755809e-4, -2.026775539505174e-4
flux1:, 0.7876254180602005, 2.0451324474367766e-4, -2.2005099188478834e-4
flux1:, 0.7943143812709028, 2.2984264756195573e-4, -2.401761500920753e-4
flux1:, 0.8010033444816052, 2.526147431507126e-4, -2.8204454108125045e-4
flux1:, 0.8076923076923075, 2.831710273732719e-4, -3.2312176734296787e-4
flux1:, 0.8143812709030098, 3.1584913354836165e-4, -3.579875304934351e-4
flux1:, 0.8210702341137122, 3.389696038065917e-4, -4.0872304054664406e-4
flux1:, 0.8277591973244145, 3.6842325786979983e-4, -4.6351102923956287e-4
flux1:, 0.8344481605351168, 4.1528440408927927e-4, -5.031390918714253e-4
flux1:, 0.8411371237458192, 4.4917980328979586e-4, -5.49334911078748e-4
flux1:, 0.8478260869565215, 4.525387234762009e-4, -6.190160007456223e-4
flux1:, 0.8545150501672238, 4.626813672658386e-4, -7.022297025713533e-4
flux1:, 0.8612040133779262, 5.102081214446607e-4, -7.928774903272556e-4
flux1:, 0.8678929765886285, 5.761430685719384e-4, -8.777577882475489e-4
flux1:, 0.8745819397993309, 6.372901389169987e-4, -9.530332896617031e-4
flux1:, 0.8812709030100332, 6.851237490609693e-4, -0.0010612599560559178
flux1:, 0.8879598662207355, 7.027660499462336e-4, -0.0012174058756008444
flux1:, 0.8946488294314379, 6.982079818788494e-4, -0.0013751277140601182
flux1:, 0.9013377926421402, 7.239859916298715e-4, -0.0015475628207776446
flux1:, 0.9080267558528425, 7.846739587189546e-4, -0.0017955786722802902
flux1:, 0.9147157190635449, 8.023195262045264e-4, -0.002070404195865846
flux1:, 0.9214046822742472, 7.647054604175992e-4, -0.0022780969816979034
flux1:, 0.9280936454849495, 7.819210632210506e-4, -0.0024545844499557342
flux1:, 0.9347826086956519, 8.836019094699424e-4, -0.002692111762956012
flux1:, 0.9414715719063542, 9.402338663779012e-4, -0.0029800584356989217
flux1:, 0.9481605351170566, 9.142076979455631e-4, -0.0032312347744636156
flux1:, 0.9548494983277589, 9.419527948234862e-4, -0.003434243713869087
flux1:, 0.9615384615384612, 0.001043818881820059, -0.003746331106444322
flux1:, 0.9682274247491636, 0.0010849113820477715, -0.004274421998570124
flux1:, 0.9749163879598659, 0.00111135658200315, -0.004757700583882293
flux1:, 0.9816053511705682, 0.0013007368188910102, -0.004912062532309828
flux1:, 0.9882943143812706, 0.0015559171960779535, -0.005031965581989243
flux1:, 0.9949832775919729, 0.0016303197986759703, -0.005540342346860204
flux1:, 1.0016722408026753, 0.0015770067855753545, -0.0062302246328319565
flux1:, 1.0083612040133776, 0.001605141354766483, -0.006807493958720967
flux1:, 1.01505016722408, 0.0017111703124281766, -0.007517943202640283
flux1:, 1.0217391304347823, 0.0018315491464766162, -0.00843348856443694
flux1:, 1.0284280936454846, 0.0020104108919600707, -0.009169072845707272
flux1:, 1.035117056856187, 0.002213523112002041, -0.009769478426274694
flux1:, 1.0418060200668893, 0.0024009717572712223, -0.010548172204810483
flux1:, 1.0484949832775916, 0.00273125226935882, -0.011174682492013114
flux1:, 1.055183946488294, 0.0032649920420898433, -0.011339412561346221
flux1:, 1.0618729096989963, 0.0037680770217871176, -0.011596746315954884
flux1:, 1.0685618729096986, 0.004118958347169556, -0.012404237336280809
flux1:, 1.075250836120401, 0.004426153994176891, -0.01351214141268082
flux1:, 1.0819397993311033, 0.004684093987117714, -0.014794998634504083
flux1:, 1.0886287625418056, 0.0049054599256116264, -0.016210517854676566
flux1:, 1.095317725752508, 0.005361182643284845, -0.01717767161841237
flux1:, 1.1020066889632103, 0.006114598893962429, -0.017444130256499112
flux1:, 1.1086956521739126, 0.006803099544891951, -0.017776407474264514
flux1:, 1.115384615384615, 0.007314456685402243, -0.018735358749816973
flux1:, 1.1220735785953173, 0.008034732848223963, -0.019823379854947275
flux1:, 1.1287625418060196, 0.009139804164379903, -0.020435660856825754
flux1:, 1.135451505016722, 0.010224120074248711, -0.02083431237107086
flux1:, 1.1421404682274243, 0.0108207715642481, -0.021892400566116292
flux1:, 1.1488294314381267, 0.011055060300706781, -0.02391273855021555
flux1:, 1.155518394648829, 0.011695427243633014, -0.02586653605102257
flux1:, 1.1622073578595313, 0.013347184087144531, -0.02667847145661598
flux1:, 1.1688963210702337, 0.01566328886096643, -0.026860761509386887
flux1:, 1.175585284280936, 0.017895266702652658, -0.027339868398714315
flux1:, 1.1822742474916383, 0.019898679387025518, -0.027765370632526938
flux1:, 1.1889632107023407, 0.021763206451450166, -0.0278106084885807
flux1:, 1.195652173913043, 0.02318391589440774, -0.02828285150891758
flux1:, 1.2023411371237454, 0.024241783572178315, -0.029398317473463553
flux1:, 1.2090301003344477, 0.025736722695916266, -0.030315878511915226
flux1:, 1.21571906354515, 0.027751031501603633, -0.03104771307806666
flux1:, 1.2224080267558524, 0.02925376681544639, -0.03236431673932379
flux1:, 1.2290969899665547, 0.0299315022583855, -0.034126076098818334
flux1:, 1.235785953177257, 0.030806202059331305, -0.035682694680409716
flux1:, 1.2424749163879594, 0.03240521989086979, -0.03695885427423444
flux1:, 1.2491638795986617, 0.034045944596412026, -0.03825686044288286
flux1:, 1.255852842809364, 0.0355490909015152, -0.03997866215463296
flux1:, 1.2625418060200664, 0.03790210907864487, -0.0421211253534908
flux1:, 1.2692307692307687, 0.04137039576445704, -0.043773342934431726
flux1:, 1.275919732441471, 0.04459102221957312, -0.04456105344639281
flux1:, 1.2826086956521734, 0.04666654776477747, -0.04554478836399093
flux1:, 1.2892976588628757, 0.04851211983945906, -0.04703181041295491
flux1:, 1.295986622073578, 0.0507506332501824, -0.048163445635532626
flux1:, 1.3026755852842804, 0.05233473176945885, -0.049529334523771514
flux1:, 1.3093645484949827, 0.053123097190405755, -0.05208605360345049
flux1:, 1.316053511705685, 0.055221686334902466, -0.054195796061765666
flux1:, 1.3227424749163874, 0.059305807767737036, -0.05443951863314463
flux1:, 1.3294314381270897, 0.0626592020245834, -0.054636030836156375
flux1:, 1.336120401337792, 0.06382241978479719, -0.05590957484965521
flux1:, 1.3428093645484944, 0.06582747861158439, -0.05642917268797835
flux1:, 1.3494983277591968, 0.07138536661797293, -0.05573729557992159
flux1:, 1.356187290969899, 0.07806343759736714, -0.055679454939076736
flux1:, 1.3628762541806014, 0.0818536296558192, -0.05659326846343125
flux1:, 1.3695652173913038, 0.08295583479534012, -0.057751975728983954
flux1:, 1.376254180602006, 0.08480006417563021, -0.05928894725068511
flux1:, 1.3829431438127084, 0.08919751403346113, -0.06015954362984388
flux1:, 1.3896321070234108, 0.09484474242058934, -0.059000169443153914
flux1:, 1.3963210702341131, 0.0993782634385703, -0.058104193922047416
flux1:, 1.4030100334448155, 0.10172926279995964, -0.06018648234191022
flux1:, 1.4096989966555178, 0.10329524724842262, -0.06286399064945443
flux1:, 1.4163879598662201, 0.10648062318717084, -0.06299527056238576
flux1:, 1.4230769230769225, 0.11131734703349534, -0.06227382781318397
flux1:, 1.4297658862876248, 0.11515619986578202, -0.06277151173476464
flux1:, 1.4364548494983271, 0.11623034940774925, -0.0630980632490371
flux1:, 1.4431438127090295, 0.11493964290762125, -0.06307946076266933
flux1:, 1.4498327759197318, 0.11213509055050332, -0.065160888936092
flux1:, 1.4565217391304341, 0.10970382231336333, -0.06902013211353934
flux1:, 1.4632107023411365, 0.11076463139834172, -0.07153815941135437
flux1:, 1.4698996655518388, 0.11514264387839979, -0.07207830719701372
flux1:, 1.4765886287625412, 0.1184869971626607, -0.07221426577499221
flux1:, 1.4832775919732435, 0.1190289608412464, -0.07250363158052027
flux1:, 1.4899665551839458, 0.1186653103455, -0.07380014997647348
flux1:, 1.4966555183946482, 0.1164914276847189, -0.07758026322021208
flux1:, 1.5033444816053505, 0.11156260538988033, -0.08178236161802474
flux1:, 1.5100334448160528, 0.11036641070459204, -0.08180019901985505
flux1:, 1.5167224080267552, 0.11787251389834538, -0.07800570733028442
flux1:, 1.5234113712374575, 0.1255193652462489, -0.07615691190104928
flux1:, 1.5301003344481598, 0.12369766614967503, -0.07845063887933564
flux1:, 1.5367892976588622, 0.11891382317480736, -0.08036691699259622
flux1:, 1.5434782608695645, 0.12235507837807669, -0.0781337973423935
flux1:, 1.5501672240802669, 0.13073255589438076, -0.07406697461849142
flux1:, 1.5568561872909692, 0.1335472048255006, -0.07314371684198724
flux1:, 1.5635451505016715, 0.12963231742653059, -0.07760119745978729
flux1:, 1.5702341137123739, 0.12483536155964883, -0.08484352014304831
flux1:, 1.5769230769230762, 0.12226613556981242, -0.08918133200972654
flux1:, 1.5836120401337785, 0.12170562520488458, -0.08761562761526567
flux1:, 1.5903010033444809, 0.12159576111420413, -0.08402740440674904
flux1:, 1.5969899665551832, 0.12001385582688674, -0.08401455619559499
flux1:, 1.6036789297658856, 0.11808875698095825, -0.08679312592013197
flux1:, 1.610367892976588, 0.11902624495671182, -0.08758358796291991
flux1:, 1.6170568561872902, 0.12157123094124372, -0.08620345674918184
flux1:, 1.6237458193979926, 0.12091412184271602, -0.08654556532844218
flux1:, 1.630434782608695, 0.11641386525992466, -0.08886701505806123
flux1:, 1.6371237458193972, 0.11159791623353896, -0.08949014891210981
flux1:, 1.6438127090300996, 0.10826688619751283, -0.08754310917944912
flux1:, 1.650501672240802, 0.10615817794729573, -0.085895147558164
flux1:, 1.6571906354515042, 0.10488521225904524, -0.08573524136050151
flux1:, 1.6638795986622066, 0.10267027524122398, -0.08553583838740873
flux1:, 1.670568561872909, 0.09768894493354432, -0.08508015108253338
flux1:, 1.6772575250836113, 0.09193411397328027, -0.08562401332369408
flux1:, 1.6839464882943136, 0.08903875551221345, -0.08633298688096128
flux1:, 1.690635451505016, 0.08885916936885288, -0.0851487014610371
flux1:, 1.6973244147157183, 0.08830719523872806, -0.08293753603531043
flux1:, 1.7040133779264206, 0.08571871109240606, -0.08274955130497975
flux1:, 1.710702341137123, 0.08135431411324391, -0.08546267596458919
flux1:, 1.7173913043478253, 0.07597506691814769, -0.08919656779226948
flux1:, 1.7240802675585276, 0.07091540450939363, -0.09186588580237458
flux1:, 1.73076923076923, 0.06733401950234863, -0.09244022912936697
flux1:, 1.7374581939799323, 0.06450997359841412, -0.09142035570434091
flux1:, 1.7441471571906346, 0.060785769806542087, -0.09056214428951932
flux1:, 1.750836120401337, 0.056202354396933454, -0.09046555010175866
flux1:, 1.7575250836120393, 0.05236684541658325, -0.08982626115395131
flux1:, 1.7642140468227416, 0.049939695989556485, -0.08827483129438886
flux1:, 1.770903010033444, 0.04799791607713812, -0.08688604083112457
flux1:, 1.7775919732441463, 0.04571145761166735, -0.08569723532334227
flux1:, 1.7842809364548486, 0.04297612656710071, -0.0845975480034103
flux1:, 1.790969899665551, 0.03956450176243132, -0.08490497269133096
flux1:, 1.7976588628762533, 0.03542278548531299, -0.08614540532322881
flux1:, 1.8043478260869557, 0.0316016349872126, -0.08535980929678418
flux1:, 1.811036789297658, 0.029116196682885023, -0.08266379989213044
flux1:, 1.8177257525083603, 0.0273544143690902, -0.08130898974219929
flux1:, 1.8244147157190627, 0.025265389416561493, -0.08091529529788608
flux1:, 1.831103678929765, 0.02312961015649584, -0.07830101591841221
flux1:, 1.8377926421404673, 0.021630213365518864, -0.07426261586310177
flux1:, 1.8444816053511697, 0.02058645372242494, -0.07163853857690736
flux1:, 1.851170568561872, 0.01978108365083076, -0.06951736951843233
flux1:, 1.8578595317725743, 0.019363832403197015, -0.06621512548790671
flux1:, 1.8645484949832767, 0.018830446222353105, -0.06340840469412824
flux1:, 1.871237458193979, 0.017413774862529752, -0.06234360115682895
flux1:, 1.8779264214046814, 0.01554063213237801, -0.06123391387633195
flux1:, 1.8846153846153837, 0.014240798095416144, -0.058967696358784856
flux1:, 1.891304347826086, 0.013571102362654297, -0.05646997726037113
flux1:, 1.8979933110367884, 0.012960964905660392, -0.05416948825514385
flux1:, 1.9046822742474907, 0.012313982184957736, -0.05184793700775697
flux1:, 1.911371237458193, 0.011792793774245915, -0.049688605468684144
flux1:, 1.9180602006688954, 0.011321507629871094, -0.04760389668602693
flux1:, 1.9247491638795977, 0.01083047904030673, -0.045365278321419136
flux1:, 1.9314381270903, 0.010417628131175633, -0.043216863945768735
flux1:, 1.9381270903010024, 0.010197696836829476, -0.04084335629833988
flux1:, 1.9448160535117047, 0.010278716521326194, -0.03752401250082731
flux1:, 1.951505016722407, 0.010629409662297869, -0.033917820508539726
flux1:, 1.9581939799331094, 0.010919665091982058, -0.031215866490276085
flux1:, 1.9648829431438117, 0.010846413128967771, -0.029151220406542423
flux1:, 1.971571906354514, 0.010493979342821933, -0.027101755648721443
flux1:, 1.9782608695652164, 0.010115116427501215, -0.025385548676112767
flux1:, 1.9849498327759187, 0.009807050032910339, -0.023998217157069898
flux1:, 1.991638795986621, 0.009542692768972266, -0.022364415944606454
flux1:, 1.9983277591973234, 0.009283209435069151, -0.020669232678606188
flux1:, 2.0050167224080258, 0.009014321781648519, -0.019357232410261643
flux1:, 2.011705685618728, 0.008750159885671245, -0.018149933462331746
flux1:, 2.0183946488294304, 0.008456443314898227, -0.01693504552778196
flux1:, 2.0250836120401328, 0.008068798586859067, -0.016050688905898707
flux1:, 2.031772575250835, 0.0076601621203136626, -0.015263121595586576
flux1:, 2.0384615384615374, 0.007365889652465993, -0.014149067254909787
flux1:, 2.0451505016722398, 0.007129226200334129, -0.01297601461940813
flux1:, 2.051839464882942, 0.006806857021176869, -0.01196090913367737
flux1:, 2.0585284280936444, 0.006441144890633739, -0.010852366342723898
flux1:, 2.065217391304347, 0.006152436115283383, -0.009769525870471456
flux1:, 2.071906354515049, 0.005927796367154348, -0.009037098441094526
flux1:, 2.0785953177257515, 0.005704529160470079, -0.008406882638876225
flux1:, 2.085284280936454, 0.005456807799114136, -0.007624806538039453
flux1:, 2.091973244147156, 0.005143309791902089, -0.006986923413287912
flux1:, 2.0986622073578585, 0.004773628553530472, -0.006623103017652697
flux1:, 2.105351170568561, 0.004462697321018436, -0.0062070929212316986
flux1:, 2.112040133779263, 0.00426263193803506, -0.0055742511119489455
flux1:, 2.1187290969899655, 0.004083076703044566, -0.0048544637567302235
flux1:, 2.125418060200668, 0.0038559490001811416, -0.0042214591255941855
flux1:, 2.13210702341137, 0.003605095572274622, -0.0038579873554367714
flux1:, 2.1387959866220725, 0.0033505524571107513, -0.0037377507605367687
flux1:, 2.145484949832775, 0.003099406131464645, -0.0035475323012828046
flux1:, 2.152173913043477, 0.0028795785438032132, -0.0031937832341729666
flux1:, 2.1588628762541795, 0.002683896557223128, -0.002922571106949155
flux1:, 2.165551839464882, 0.002468393827715495, -0.0027869006589692625
flux1:, 2.172240802675584, 0.002243421280779896, -0.0026107192352364215
flux1:, 2.1789297658862865, 0.002062611994632755, -0.0023899129372427384
flux1:, 2.185618729096989, 0.0019248292310970606, -0.0022040603324132864
flux1:, 2.192307692307691, 0.00178432641296492, -0.002009839643182724
flux1:, 2.1989966555183935, 0.0016342970851707314, -0.0018060069776673871
flux1:, 2.205685618729096, 0.0014998208056869456, -0.0016537345650888035
flux1:, 2.212374581939798, 0.0013781385971296837, -0.00151672962237859
flux1:, 2.2190635451505005, 0.001252945843227, -0.0013638840462414648
flux1:, 2.225752508361203, 0.0011404370074935535, -0.0012459209932482917
flux1:, 2.232441471571905, 0.0010621650168825176, -0.0011445247205175532
flux1:, 2.2391304347826075, 9.968884571327974e-4, -0.001009997597269797
flux1:, 2.24581939799331, 9.134225358679633e-4, -8.979434069383233e-4
flux1:, 2.252508361204012, 8.225962169979671e-4, -8.446497375007483e-4
flux1:, 2.2591973244147145, 7.468868546497253e-4, -7.869489199968788e-4
flux1:, 2.265886287625417, 6.774486305283667e-4, -7.119271697266973e-4
flux1:, 2.272575250836119, 6.049372108916269e-4, -6.606296743842726e-4
flux1:, 2.2792642140468216, 5.451355022941315e-4, -6.098995678246288e-4
flux1:, 2.285953177257524, 5.027637127184613e-4, -5.373270069705371e-4
flux1:, 2.2926421404682262, 4.6030505326675244e-4, -4.821431289246042e-4
flux1:, 2.2993311036789286, 4.14179141069567e-4, -4.4870815262720154e-4
flux1:, 2.306020066889631, 3.747045362327801e-4, -4.033605546938314e-4
flux1:, 2.3127090301003332, 3.387964239559951e-4, -3.582888982594776e-4
flux1:, 2.3193979933110356, 3.006569898768772e-4, -3.322262083963812e-4
flux1:, 2.326086956521738, 2.6733114106230706e-4, -3.059504113064766e-4
flux1:, 2.3327759197324403, 2.4103208101410574e-4, -2.771513428514042e-4
flux1:, 2.3394648829431426, 2.1399712967427179e-4, -2.603746206658454e-4
flux1:, 2.346153846153845, 1.8700362062075475e-4, -2.4243649312742394e-4
flux1:, 2.3528428093645473, 1.667569549215993e-4, -2.142870444709946e-4
flux1:, 2.3595317725752496, 1.5110914038964123e-4, -1.9118696468625512e-4
flux1:, 2.366220735785952, 1.3526536201239226e-4, -1.729349919901664e-4
flux1:, 2.3729096989966543, 1.2024126063965206e-4, -1.5084119331003644e-4
flux1:, 2.3795986622073566, 1.0682460756185154e-4, -1.3463812566267793e-4
flux1:, 2.386287625418059, 9.375017394526308e-5, -1.2600641254130948e-4
flux1:, 2.3929765886287613, 8.192549308978278e-5, -1.1304115565906138e-4
flux1:, 2.3996655518394636, 7.224475780876067e-5, -1.003868042566261e-4
flux1:, 2.406354515050166, 6.377261219688295e-5, -9.483060411737861e-5
flux1:, 2.4130434782608683, 5.636129918810671e-5, -8.622985481241809e-5
flux1:, 2.4197324414715706, 4.9841417891766336e-5, -7.391666037449263e-5
flux1:, 2.426421404682273, 4.307282197950394e-5, -6.848241113330889e-5
flux1:, 2.4331103678929753, 3.6653446701223845e-5, -6.496283934922003e-5
flux1:, 2.4397993311036776, 3.195731732647151e-5, -5.61599672571453e-5
flux1:, 2.44648829431438, 2.8156362395678868e-5, -4.975217413667906e-5
flux1:, 2.4531772575250823, 2.4393864549097404e-5, -4.7237292911114135e-5
flux1:, 2.4598662207357846, 2.1412001283311406e-5, -4.109289481083826e-5
flux1:, 2.466555183946487, 1.892648457309493e-5, -3.4894569251097244e-5
flux1:, 2.4732441471571893, 1.5965557470432566e-5, -3.365658792555486e-5
flux1:, 2.4799331103678917, 1.3319757750273282e-5, -3.11424044977775e-5
flux1:, 2.486622073578594, 1.1741138803062272e-5, -2.5814729682669678e-5
flux1:, 2.4933110367892963, 1.0229304595745195e-5, -2.355077165462884e-5
flux1:, 2.4999999999999987, 8.360262388730228e-6, -2.2589480656967898e-5

Elapsed run time = 1228.08 s
