--------------------------------------------------------------------------
[[11110,1],1]: A high-performance Open MPI point-to-point messaging module
was unable to find any relevant network interfaces:

Module: OpenFabrics (openib)
  Host: euca-128-84-11-54

Another transport will be used instead, although this may result in
lower performance.
--------------------------------------------------------------------------
Using MPI version 3.0, 2 processes
command-line param: no-struct=false
command-line param: no-holes=false
command-line param: rodpos="rad.125ff.5/rodpos.txt"
-----------
Initializing structure...
Working in 3D dimensions.
Computational cell is 4 x 4 x 5 with resolution 40
     block, center = (0,0,0)
          size (1e+20,1e+20,0.15)
          axes (1,0,0), (0,1,0), (0,0,1)
          dielectric constant epsilon diagonal = (12,12,12)
     cylinder, center = (1.861,0.962,0)
          radius 0.125, height 0.15, axis (0, 0, 1)
          dielectric constant epsilon diagonal = (1,1,1)
     cylinder, center = (1.118,2.555,0)
          radius 0.125, height 0.15, axis (0, 0, 1)
          dielectric constant epsilon diagonal = (1,1,1)
     cylinder, center = (1.069,2.805,0)
          radius 0.125, height 0.15, axis (0, 0, 1)
          dielectric constant epsilon diagonal = (1,1,1)
     cylinder, center = (0.999,0.799,0)
          radius 0.125, height 0.15, axis (0, 0, 1)
          dielectric constant epsilon diagonal = (1,1,1)
     cylinder, center = (1.467,0.72,0)
          radius 0.125, height 0.15, axis (0, 0, 1)
          dielectric constant epsilon diagonal = (1,1,1)
     cylinder, center = (3.237,2.399,0)
          radius 0.125, height 0.15, axis (0, 0, 1)
          dielectric constant epsilon diagonal = (1,1,1)
     cylinder, center = (2.139,3.389,0)
          radius 0.125, height 0.15, axis (0, 0, 1)
          dielectric constant epsilon diagonal = (1,1,1)
     cylinder, center = (2.159,0.696,0)
          radius 0.125, height 0.15, axis (0, 0, 1)
          dielectric constant epsilon diagonal = (1,1,1)
     cylinder, center = (3.052,1.755,0)
          radius 0.125, height 0.15, axis (0, 0, 1)
          dielectric constant epsilon diagonal = (1,1,1)
     cylinder, center = (1.414,1.11,0)
          radius 0.125, height 0.15, axis (0, 0, 1)
          dielectric constant epsilon diagonal = (1,1,1)
     cylinder, center = (2.017,0.162,0)
          radius 0.125, height 0.15, axis (0, 0, 1)
          dielectric constant epsilon diagonal = (1,1,1)
     cylinder, center = (2.799,2.807,0)
          radius 0.125, height 0.15, axis (0, 0, 1)
          dielectric constant epsilon diagonal = (1,1,1)
     cylinder, center = (0.248,1.215,0)
          radius 0.125, height 0.15, axis (0, 0, 1)
          dielectric constant epsilon diagonal = (1,1,1)
     cylinder, center = (1.051,2.018,0)
          radius 0.125, height 0.15, axis (0, 0, 1)
          dielectric constant epsilon diagonal = (1,1,1)
     cylinder, center = (3.237,2.672,0)
          radius 0.125, height 0.15, axis (0, 0, 1)
          dielectric constant epsilon diagonal = (1,1,1)
     cylinder, center = (2.634,2.401,0)
          radius 0.125, height 0.15, axis (0, 0, 1)
          dielectric constant epsilon diagonal = (1,1,1)
     cylinder, center = (0.219,0.762,0)
          radius 0.125, height 0.15, axis (0, 0, 1)
          dielectric constant epsilon diagonal = (1,1,1)
     cylinder, center = (3.633,2.861,0)
          radius 0.125, height 0.15, axis (0, 0, 1)
          dielectric constant epsilon diagonal = (1,1,1)
     cylinder, center = (1.762,3.009,0)
          radius 0.125, height 0.15, axis (0, 0, 1)
          dielectric constant epsilon diagonal = (1,1,1)
     cylinder, center = (3.129,3.482,0)
          radius 0.125, height 0.15, axis (0, 0, 1)
          dielectric constant epsilon diagonal = (1,1,1)
     cylinder, center = (2.58,1.054,0)
          radius 0.125, height 0.15, axis (0, 0, 1)
          dielectric constant epsilon diagonal = (1,1,1)
     cylinder, center = (1.251,3.74,0)
          radius 0.125, height 0.15, axis (0, 0, 1)
          dielectric constant epsilon diagonal = (1,1,1)
     cylinder, center = (1.282,2.334,0)
          radius 0.125, height 0.15, axis (0, 0, 1)
          dielectric constant epsilon diagonal = (1,1,1)
     cylinder, center = (2.734,1.389,0)
          radius 0.125, height 0.15, axis (0, 0, 1)
          dielectric constant epsilon diagonal = (1,1,1)
     cylinder, center = (1.697,3.281,0)
          radius 0.125, height 0.15, axis (0, 0, 1)
          dielectric constant epsilon diagonal = (1,1,1)
     cylinder, center = (3.394,0.427,0)
          radius 0.125, height 0.15, axis (0, 0, 1)
          dielectric constant epsilon diagonal = (1,1,1)
     cylinder, center = (0.01,2.712,0)
          radius 0.125, height 0.15, axis (0, 0, 1)
          dielectric constant epsilon diagonal = (1,1,1)
     cylinder, center = (2.015,2.948,0)
          radius 0.125, height 0.15, axis (0, 0, 1)
          dielectric constant epsilon diagonal = (1,1,1)
     cylinder, center = (0.792,2.721,0)
          radius 0.125, height 0.15, axis (0, 0, 1)
          dielectric constant epsilon diagonal = (1,1,1)
     cylinder, center = (3.899,2.882,0)
          radius 0.125, height 0.15, axis (0, 0, 1)
          dielectric constant epsilon diagonal = (1,1,1)
     cylinder, center = (1.105,3.185,0)
          radius 0.125, height 0.15, axis (0, 0, 1)
          dielectric constant epsilon diagonal = (1,1,1)
     cylinder, center = (1.459,0.249,0)
          radius 0.125, height 0.15, axis (0, 0, 1)
          dielectric constant epsilon diagonal = (1,1,1)
     cylinder, center = (1.039,0.37,0)
          radius 0.125, height 0.15, axis (0, 0, 1)
          dielectric constant epsilon diagonal = (1,1,1)
     cylinder, center = (1.562,2.442,0)
          radius 0.125, height 0.15, axis (0, 0, 1)
          dielectric constant epsilon diagonal = (1,1,1)
     cylinder, center = (0.51,0.82,0)
          radius 0.125, height 0.15, axis (0, 0, 1)
          dielectric constant epsilon diagonal = (1,1,1)
     cylinder, center = (3.918,1.46,0)
          radius 0.125, height 0.15, axis (0, 0, 1)
          dielectric constant epsilon diagonal = (1,1,1)
     cylinder, center = (2.858,0.378,0)
          radius 0.125, height 0.15, axis (0, 0, 1)
          dielectric constant epsilon diagonal = (1,1,1)
     cylinder, center = (1.189,1.292,0)
          radius 0.125, height 0.15, axis (0, 0, 1)
          dielectric constant epsilon diagonal = (1,1,1)
     cylinder, center = (3.266,3.132,0)
          radius 0.125, height 0.15, axis (0, 0, 1)
          dielectric constant epsilon diagonal = (1,1,1)
     cylinder, center = (3.855,0.637,0)
          radius 0.125, height 0.15, axis (0, 0, 1)
          dielectric constant epsilon diagonal = (1,1,1)
     cylinder, center = (0.066,3.433,0)
          radius 0.125, height 0.15, axis (0, 0, 1)
          dielectric constant epsilon diagonal = (1,1,1)
     cylinder, center = (2.08,2.619,0)
          radius 0.125, height 0.15, axis (0, 0, 1)
          dielectric constant epsilon diagonal = (1,1,1)
     cylinder, center = (0.501,1.929,0)
          radius 0.125, height 0.15, axis (0, 0, 1)
          dielectric constant epsilon diagonal = (1,1,1)
     cylinder, center = (2.958,3.83,0)
          radius 0.125, height 0.15, axis (0, 0, 1)
          dielectric constant epsilon diagonal = (1,1,1)
     cylinder, center = (2.423,2.062,0)
          radius 0.125, height 0.15, axis (0, 0, 1)
          dielectric constant epsilon diagonal = (1,1,1)
     cylinder, center = (3.631,3.756,0)
          radius 0.125, height 0.15, axis (0, 0, 1)
          dielectric constant epsilon diagonal = (1,1,1)
     cylinder, center = (0.014,2.325,0)
          radius 0.125, height 0.15, axis (0, 0, 1)
          dielectric constant epsilon diagonal = (1,1,1)
     cylinder, center = (2.824,3.543,0)
          radius 0.125, height 0.15, axis (0, 0, 1)
          dielectric constant epsilon diagonal = (1,1,1)
     cylinder, center = (1.349,3.087,0)
          radius 0.125, height 0.15, axis (0, 0, 1)
          dielectric constant epsilon diagonal = (1,1,1)
     cylinder, center = (0.735,0.127,0)
          radius 0.125, height 0.15, axis (0, 0, 1)
          dielectric constant epsilon diagonal = (1,1,1)
     cylinder, center = (0.626,3.689,0)
          radius 0.125, height 0.15, axis (0, 0, 1)
          dielectric constant epsilon diagonal = (1,1,1)
     cylinder, center = (2.066,3.782,0)
          radius 0.125, height 0.15, axis (0, 0, 1)
          dielectric constant epsilon diagonal = (1,1,1)
     cylinder, center = (2.461,0.679,0)
          radius 0.125, height 0.15, axis (0, 0, 1)
          dielectric constant epsilon diagonal = (1,1,1)
     cylinder, center = (2.695,1.733,0)
          radius 0.125, height 0.15, axis (0, 0, 1)
          dielectric constant epsilon diagonal = (1,1,1)
     cylinder, center = (0.925,1.196,0)
          radius 0.125, height 0.15, axis (0, 0, 1)
          dielectric constant epsilon diagonal = (1,1,1)
     cylinder, center = (3.946,2.569,0)
          radius 0.125, height 0.15, axis (0, 0, 1)
          dielectric constant epsilon diagonal = (1,1,1)
     cylinder, center = (0.831,2.377,0)
          radius 0.125, height 0.15, axis (0, 0, 1)
          dielectric constant epsilon diagonal = (1,1,1)
     cylinder, center = (0.753,1.73,0)
          radius 0.125, height 0.15, axis (0, 0, 1)
          dielectric constant epsilon diagonal = (1,1,1)
     cylinder, center = (2.583,3.91,0)
          radius 0.125, height 0.15, axis (0, 0, 1)
          dielectric constant epsilon diagonal = (1,1,1)
     cylinder, center = (3.895,3.239,0)
          radius 0.125, height 0.15, axis (0, 0, 1)
          dielectric constant epsilon diagonal = (1,1,1)
     cylinder, center = (0.448,0.54,0)
          radius 0.125, height 0.15, axis (0, 0, 1)
          dielectric constant epsilon diagonal = (1,1,1)
     cylinder, center = (2.079,1.384,0)
          radius 0.125, height 0.15, axis (0, 0, 1)
          dielectric constant epsilon diagonal = (1,1,1)
     cylinder, center = (0.879,1.485,0)
          radius 0.125, height 0.15, axis (0, 0, 1)
          dielectric constant epsilon diagonal = (1,1,1)
     cylinder, center = (1.363,1.679,0)
          radius 0.125, height 0.15, axis (0, 0, 1)
          dielectric constant epsilon diagonal = (1,1,1)
     cylinder, center = (2.54,3.548,0)
          radius 0.125, height 0.15, axis (0, 0, 1)
          dielectric constant epsilon diagonal = (1,1,1)
     cylinder, center = (3.151,1.083,0)
          radius 0.125, height 0.15, axis (0, 0, 1)
          dielectric constant epsilon diagonal = (1,1,1)
     cylinder, center = (3.455,1.884,0)
          radius 0.125, height 0.15, axis (0, 0, 1)
          dielectric constant epsilon diagonal = (1,1,1)
     cylinder, center = (1.483,2.731,0)
          radius 0.125, height 0.15, axis (0, 0, 1)
          dielectric constant epsilon diagonal = (1,1,1)
     cylinder, center = (0.538,3.387,0)
          radius 0.125, height 0.15, axis (0, 0, 1)
          dielectric constant epsilon diagonal = (1,1,1)
     cylinder, center = (2.327,1.112,0)
          radius 0.125, height 0.15, axis (0, 0, 1)
          dielectric constant epsilon diagonal = (1,1,1)
     cylinder, center = (3.812,2.087,0)
          radius 0.125, height 0.15, axis (0, 0, 1)
          dielectric constant epsilon diagonal = (1,1,1)
     cylinder, center = (0.792,0.616,0)
          radius 0.125, height 0.15, axis (0, 0, 1)
          dielectric constant epsilon diagonal = (1,1,1)
     cylinder, center = (0.619,1.281,0)
          radius 0.125, height 0.15, axis (0, 0, 1)
          dielectric constant epsilon diagonal = (1,1,1)
     cylinder, center = (1.734,1.797,0)
          radius 0.125, height 0.15, axis (0, 0, 1)
          dielectric constant epsilon diagonal = (1,1,1)
     cylinder, center = (1.426,3.472,0)
          radius 0.125, height 0.15, axis (0, 0, 1)
          dielectric constant epsilon diagonal = (1,1,1)
     cylinder, center = (3.045,2.145,0)
          radius 0.125, height 0.15, axis (0, 0, 1)
          dielectric constant epsilon diagonal = (1,1,1)
     cylinder, center = (2.188,1.705,0)
          radius 0.125, height 0.15, axis (0, 0, 1)
          dielectric constant epsilon diagonal = (1,1,1)
     cylinder, center = (1.473,2.055,0)
          radius 0.125, height 0.15, axis (0, 0, 1)
          dielectric constant epsilon diagonal = (1,1,1)
     cylinder, center = (0.055,3.974,0)
          radius 0.125, height 0.15, axis (0, 0, 1)
          dielectric constant epsilon diagonal = (1,1,1)
     cylinder, center = (1.049,3.974,0)
          radius 0.125, height 0.15, axis (0, 0, 1)
          dielectric constant epsilon diagonal = (1,1,1)
     cylinder, center = (3.199,0.062,0)
          radius 0.125, height 0.15, axis (0, 0, 1)
          dielectric constant epsilon diagonal = (1,1,1)
     cylinder, center = (2.909,3.221,0)
          radius 0.125, height 0.15, axis (0, 0, 1)
          dielectric constant epsilon diagonal = (1,1,1)
     cylinder, center = (2.941,0.856,0)
          radius 0.125, height 0.15, axis (0, 0, 1)
          dielectric constant epsilon diagonal = (1,1,1)
     cylinder, center = (3.479,3.529,0)
          radius 0.125, height 0.15, axis (0, 0, 1)
          dielectric constant epsilon diagonal = (1,1,1)
     cylinder, center = (3.983,3.634,0)
          radius 0.125, height 0.15, axis (0, 0, 1)
          dielectric constant epsilon diagonal = (1,1,1)
     cylinder, center = (1.818,0.55,0)
          radius 0.125, height 0.15, axis (0, 0, 1)
          dielectric constant epsilon diagonal = (1,1,1)
     cylinder, center = (2.543,0.364,0)
          radius 0.125, height 0.15, axis (0, 0, 1)
          dielectric constant epsilon diagonal = (1,1,1)
     cylinder, center = (1.996,2.181,0)
          radius 0.125, height 0.15, axis (0, 0, 1)
          dielectric constant epsilon diagonal = (1,1,1)
     cylinder, center = (3.235,1.473,0)
          radius 0.125, height 0.15, axis (0, 0, 1)
          dielectric constant epsilon diagonal = (1,1,1)
     cylinder, center = (3.523,0.809,0)
          radius 0.125, height 0.15, axis (0, 0, 1)
          dielectric constant epsilon diagonal = (1,1,1)
     cylinder, center = (3.638,1.557,0)
          radius 0.125, height 0.15, axis (0, 0, 1)
          dielectric constant epsilon diagonal = (1,1,1)
     cylinder, center = (0.018,3.053,0)
          radius 0.125, height 0.15, axis (0, 0, 1)
          dielectric constant epsilon diagonal = (1,1,1)
     cylinder, center = (0.09,1.79,0)
          radius 0.125, height 0.15, axis (0, 0, 1)
          dielectric constant epsilon diagonal = (1,1,1)
     cylinder, center = (3.877,0.991,0)
          radius 0.125, height 0.15, axis (0, 0, 1)
          dielectric constant epsilon diagonal = (1,1,1)
     cylinder, center = (3.733,2.381,0)
          radius 0.125, height 0.15, axis (0, 0, 1)
          dielectric constant epsilon diagonal = (1,1,1)
     cylinder, center = (3.732,1.227,0)
          radius 0.125, height 0.15, axis (0, 0, 1)
          dielectric constant epsilon diagonal = (1,1,1)
     cylinder, center = (1.631,0.005,0)
          radius 0.125, height 0.15, axis (0, 0, 1)
          dielectric constant epsilon diagonal = (1,1,1)
     cylinder, center = (2.856,2.553,0)
          radius 0.125, height 0.15, axis (0, 0, 1)
          dielectric constant epsilon diagonal = (1,1,1)
     cylinder, center = (3.965,0.044,0)
          radius 0.125, height 0.15, axis (0, 0, 1)
          dielectric constant epsilon diagonal = (1,1,1)
     cylinder, center = (0.819,3.386,0)
          radius 0.125, height 0.15, axis (0, 0, 1)
          dielectric constant epsilon diagonal = (1,1,1)
     cylinder, center = (2.399,1.382,0)
          radius 0.125, height 0.15, axis (0, 0, 1)
          dielectric constant epsilon diagonal = (1,1,1)
     cylinder, center = (0.275,3.168,0)
          radius 0.125, height 0.15, axis (0, 0, 1)
          dielectric constant epsilon diagonal = (1,1,1)
     cylinder, center = (0.423,3.958,0)
          radius 0.125, height 0.15, axis (0, 0, 1)
          dielectric constant epsilon diagonal = (1,1,1)
     cylinder, center = (1.006,3.686,0)
          radius 0.125, height 0.15, axis (0, 0, 1)
          dielectric constant epsilon diagonal = (1,1,1)
     cylinder, center = (0.445,2.865,0)
          radius 0.125, height 0.15, axis (0, 0, 1)
          dielectric constant epsilon diagonal = (1,1,1)
     cylinder, center = (0.323,0.273,0)
          radius 0.125, height 0.15, axis (0, 0, 1)
          dielectric constant epsilon diagonal = (1,1,1)
     cylinder, center = (1.698,2.218,0)
          radius 0.125, height 0.15, axis (0, 0, 1)
          dielectric constant epsilon diagonal = (1,1,1)
     cylinder, center = (0.02,0.93,0)
          radius 0.125, height 0.15, axis (0, 0, 1)
          dielectric constant epsilon diagonal = (1,1,1)
     cylinder, center = (3.842,1.716,0)
          radius 0.125, height 0.15, axis (0, 0, 1)
          dielectric constant epsilon diagonal = (1,1,1)
     cylinder, center = (3.15,0.482,0)
          radius 0.125, height 0.15, axis (0, 0, 1)
          dielectric constant epsilon diagonal = (1,1,1)
     cylinder, center = (1.498,3.887,0)
          radius 0.125, height 0.15, axis (0, 0, 1)
          dielectric constant epsilon diagonal = (1,1,1)
     cylinder, center = (1.749,3.945,0)
          radius 0.125, height 0.15, axis (0, 0, 1)
          dielectric constant epsilon diagonal = (1,1,1)
     cylinder, center = (1.754,2.726,0)
          radius 0.125, height 0.15, axis (0, 0, 1)
          dielectric constant epsilon diagonal = (1,1,1)
     cylinder, center = (2.345,0.081,0)
          radius 0.125, height 0.15, axis (0, 0, 1)
          dielectric constant epsilon diagonal = (1,1,1)
     cylinder, center = (3.612,0.008,0)
          radius 0.125, height 0.15, axis (0, 0, 1)
          dielectric constant epsilon diagonal = (1,1,1)
     cylinder, center = (2.709,2.087,0)
          radius 0.125, height 0.15, axis (0, 0, 1)
          dielectric constant epsilon diagonal = (1,1,1)
     cylinder, center = (1.236,0.027,0)
          radius 0.125, height 0.15, axis (0, 0, 1)
          dielectric constant epsilon diagonal = (1,1,1)
     cylinder, center = (2.615,0.099,0)
          radius 0.125, height 0.15, axis (0, 0, 1)
          dielectric constant epsilon diagonal = (1,1,1)
     cylinder, center = (2.47,3.241,0)
          radius 0.125, height 0.15, axis (0, 0, 1)
          dielectric constant epsilon diagonal = (1,1,1)
     cylinder, center = (3.613,0.299,0)
          radius 0.125, height 0.15, axis (0, 0, 1)
          dielectric constant epsilon diagonal = (1,1,1)
     cylinder, center = (1.644,1.531,0)
          radius 0.125, height 0.15, axis (0, 0, 1)
          dielectric constant epsilon diagonal = (1,1,1)
     cylinder, center = (0.227,2.165,0)
          radius 0.125, height 0.15, axis (0, 0, 1)
          dielectric constant epsilon diagonal = (1,1,1)
     cylinder, center = (1.67,1.221,0)
          radius 0.125, height 0.15, axis (0, 0, 1)
          dielectric constant epsilon diagonal = (1,1,1)
     cylinder, center = (2.264,0.345,0)
          radius 0.125, height 0.15, axis (0, 0, 1)
          dielectric constant epsilon diagonal = (1,1,1)
     cylinder, center = (2.521,2.787,0)
          radius 0.125, height 0.15, axis (0, 0, 1)
          dielectric constant epsilon diagonal = (1,1,1)
     cylinder, center = (3.321,3.868,0)
          radius 0.125, height 0.15, axis (0, 0, 1)
          dielectric constant epsilon diagonal = (1,1,1)
     cylinder, center = (2.261,3.057,0)
          radius 0.125, height 0.15, axis (0, 0, 1)
          dielectric constant epsilon diagonal = (1,1,1)
     cylinder, center = (3.468,1.083,0)
          radius 0.125, height 0.15, axis (0, 0, 1)
          dielectric constant epsilon diagonal = (1,1,1)
     cylinder, center = (1.813,3.669,0)
          radius 0.125, height 0.15, axis (0, 0, 1)
          dielectric constant epsilon diagonal = (1,1,1)
     cylinder, center = (3.438,2.193,0)
          radius 0.125, height 0.15, axis (0, 0, 1)
          dielectric constant epsilon diagonal = (1,1,1)
     cylinder, center = (0.25,2.469,0)
          radius 0.125, height 0.15, axis (0, 0, 1)
          dielectric constant epsilon diagonal = (1,1,1)
     cylinder, center = (0.484,2.602,0)
          radius 0.125, height 0.15, axis (0, 0, 1)
          dielectric constant epsilon diagonal = (1,1,1)
     cylinder, center = (0.21,0.046,0)
          radius 0.125, height 0.15, axis (0, 0, 1)
          dielectric constant epsilon diagonal = (1,1,1)
     cylinder, center = (0.687,3.074,0)
          radius 0.125, height 0.15, axis (0, 0, 1)
          dielectric constant epsilon diagonal = (1,1,1)
     cylinder, center = (2.166,1.964,0)
          radius 0.125, height 0.15, axis (0, 0, 1)
          dielectric constant epsilon diagonal = (1,1,1)
     cylinder, center = (0.502,2.221,0)
          radius 0.125, height 0.15, axis (0, 0, 1)
          dielectric constant epsilon diagonal = (1,1,1)
     cylinder, center = (1.215,0.67,0)
          radius 0.125, height 0.15, axis (0, 0, 1)
          dielectric constant epsilon diagonal = (1,1,1)
     cylinder, center = (2.355,2.405,0)
          radius 0.125, height 0.15, axis (0, 0, 1)
          dielectric constant epsilon diagonal = (1,1,1)
     cylinder, center = (3.904,0.32,0)
          radius 0.125, height 0.15, axis (0, 0, 1)
          dielectric constant epsilon diagonal = (1,1,1)
     cylinder, center = (0.715,3.982,0)
          radius 0.125, height 0.15, axis (0, 0, 1)
          dielectric constant epsilon diagonal = (1,1,1)
     cylinder, center = (0.757,2.137,0)
          radius 0.125, height 0.15, axis (0, 0, 1)
          dielectric constant epsilon diagonal = (1,1,1)
     cylinder, center = (3.523,3.267,0)
          radius 0.125, height 0.15, axis (0, 0, 1)
          dielectric constant epsilon diagonal = (1,1,1)
     cylinder, center = (3.75,3.445,0)
          radius 0.125, height 0.15, axis (0, 0, 1)
          dielectric constant epsilon diagonal = (1,1,1)
     cylinder, center = (2.76,0.614,0)
          radius 0.125, height 0.15, axis (0, 0, 1)
          dielectric constant epsilon diagonal = (1,1,1)
     cylinder, center = (0.497,0.02,0)
          radius 0.125, height 0.15, axis (0, 0, 1)
          dielectric constant epsilon diagonal = (1,1,1)
     cylinder, center = (0.005,0.454,0)
          radius 0.125, height 0.15, axis (0, 0, 1)
          dielectric constant epsilon diagonal = (1,1,1)
     cylinder, center = (0.393,1.426,0)
          radius 0.125, height 0.15, axis (0, 0, 1)
          dielectric constant epsilon diagonal = (1,1,1)
     cylinder, center = (0.675,1.021,0)
          radius 0.125, height 0.15, axis (0, 0, 1)
          dielectric constant epsilon diagonal = (1,1,1)
     cylinder, center = (2.366,3.742,0)
          radius 0.125, height 0.15, axis (0, 0, 1)
          dielectric constant epsilon diagonal = (1,1,1)
     cylinder, center = (2.873,1.108,0)
          radius 0.125, height 0.15, axis (0, 0, 1)
          dielectric constant epsilon diagonal = (1,1,1)
     cylinder, center = (2.954,0.121,0)
          radius 0.125, height 0.15, axis (0, 0, 1)
          dielectric constant epsilon diagonal = (1,1,1)
     cylinder, center = (3.057,2.975,0)
          radius 0.125, height 0.15, axis (0, 0, 1)
          dielectric constant epsilon diagonal = (1,1,1)
     cylinder, center = (1.924,1.584,0)
          radius 0.125, height 0.15, axis (0, 0, 1)
          dielectric constant epsilon diagonal = (1,1,1)
     cylinder, center = (0.308,3.514,0)
          radius 0.125, height 0.15, axis (0, 0, 1)
          dielectric constant epsilon diagonal = (1,1,1)
     cylinder, center = (3.264,0.748,0)
          radius 0.125, height 0.15, axis (0, 0, 1)
          dielectric constant epsilon diagonal = (1,1,1)
     cylinder, center = (2.418,1.807,0)
          radius 0.125, height 0.15, axis (0, 0, 1)
          dielectric constant epsilon diagonal = (1,1,1)
     cylinder, center = (3.849,3.983,0)
          radius 0.125, height 0.15, axis (0, 0, 1)
          dielectric constant epsilon diagonal = (1,1,1)
     cylinder, center = (1.078,1.693,0)
          radius 0.125, height 0.15, axis (0, 0, 1)
          dielectric constant epsilon diagonal = (1,1,1)
     cylinder, center = (1.609,0.945,0)
          radius 0.125, height 0.15, axis (0, 0, 1)
          dielectric constant epsilon diagonal = (1,1,1)
     cylinder, center = (0.068,1.48,0)
          radius 0.125, height 0.15, axis (0, 0, 1)
          dielectric constant epsilon diagonal = (1,1,1)
     cylinder, center = (0.257,3.76,0)
          radius 0.125, height 0.15, axis (0, 0, 1)
          dielectric constant epsilon diagonal = (1,1,1)
     cylinder, center = (1.15,3.473,0)
          radius 0.125, height 0.15, axis (0, 0, 1)
          dielectric constant epsilon diagonal = (1,1,1)
     cylinder, center = (3.538,2.605,0)
          radius 0.125, height 0.15, axis (0, 0, 1)
          dielectric constant epsilon diagonal = (1,1,1)
subpixel-averaging is 81.7226% done, 0.89465 s remaining
subpixel-averaging is 86.6184% done, 0.618429 s remaining
subpixel-averaging is 83.1372% done, 0.811601 s remaining
subpixel-averaging is 58.6396% done, 2.82403 s remaining
time for set_epsilon = 28.4754 s
time for set_conductivity = 0.262753 s
time for set_conductivity = 0.260978 s
time for set_conductivity = 0.26327 s
-----------
Meep progress: 0.025/50.0 = 0.0% done in 4.2s, 8369.5s to go
on time step 2 (time=0.025), 2.09364 s/step
Meep progress: 0.2/50.0 = 0.4% done in 8.3s, 2071.6s to go
on time step 16 (time=0.2), 0.295186 s/step
Meep progress: 0.36250000000000004/50.0 = 0.7% done in 12.5s, 1711.4s to go
on time step 29 (time=0.3625), 0.321414 s/step
Meep progress: 0.5375/50.0 = 1.1% done in 16.9s, 1551.5s to go
on time step 43 (time=0.5375), 0.311578 s/step
Meep progress: 0.7000000000000001/50.0 = 1.4% done in 20.9s, 1472.8s to go
on time step 56 (time=0.7), 0.31173 s/step
Meep progress: 0.9/50.0 = 1.8% done in 25.1s, 1370.8s to go
on time step 72 (time=0.9), 0.263371 s/step
Meep progress: 1.075/50.0 = 2.2% done in 29.2s, 1329.8s to go
on time step 86 (time=1.075), 0.292333 s/step
Meep progress: 1.2375/50.0 = 2.5% done in 33.2s, 1309.6s to go
on time step 99 (time=1.2375), 0.30885 s/step
Meep progress: 1.4000000000000001/50.0 = 2.8% done in 37.4s, 1299.8s to go
on time step 112 (time=1.4), 0.323718 s/step
Meep progress: 1.5875000000000001/50.0 = 3.2% done in 41.6s, 1267.3s to go
on time step 127 (time=1.5875), 0.274158 s/step
Meep progress: 1.7375/50.0 = 3.5% done in 45.6s, 1266.5s to go
on time step 139 (time=1.7375), 0.336715 s/step
Meep progress: 1.8875000000000002/50.0 = 3.8% done in 49.7s, 1266.3s to go
on time step 151 (time=1.8875), 0.340134 s/step
Meep progress: 2.0875/50.0 = 4.2% done in 53.8s, 1234.3s to go
on time step 167 (time=2.0875), 0.256248 s/step
Meep progress: 2.25/50.0 = 4.5% done in 58.0s, 1231.3s to go
on time step 180 (time=2.25), 0.326247 s/step
Meep progress: 2.4250000000000003/50.0 = 4.9% done in 62.1s, 1219.2s to go
on time step 194 (time=2.425), 0.294931 s/step
Meep progress: 2.5875000000000004/50.0 = 5.2% done in 66.2s, 1212.6s to go
on time step 207 (time=2.5875), 0.310092 s/step
Meep progress: 2.75/50.0 = 5.5% done in 70.3s, 1207.8s to go
on time step 220 (time=2.75), 0.316534 s/step
Meep progress: 2.9125/50.0 = 5.8% done in 74.4s, 1202.2s to go
on time step 233 (time=2.9125), 0.31279 s/step
Meep progress: 3.0875000000000004/50.0 = 6.2% done in 78.5s, 1192.0s to go
on time step 247 (time=3.0875), 0.292276 s/step
Meep progress: 3.2625/50.0 = 6.5% done in 82.6s, 1183.3s to go
on time step 261 (time=3.2625), 0.296499 s/step
Meep progress: 3.4125/50.0 = 6.8% done in 86.6s, 1182.6s to go
on time step 273 (time=3.4125), 0.335018 s/step
Meep progress: 3.6/50.0 = 7.2% done in 90.8s, 1170.7s to go
on time step 288 (time=3.6), 0.280563 s/step
Meep progress: 3.8000000000000003/50.0 = 7.6% done in 94.9s, 1154.1s to go
on time step 304 (time=3.8), 0.256069 s/step
Meep progress: 4.0/50.0 = 8.0% done in 99.0s, 1138.3s to go
on time step 320 (time=4), 0.253293 s/step
Meep progress: 4.1875/50.0 = 8.4% done in 103.2s, 1128.8s to go
on time step 335 (time=4.1875), 0.279752 s/step
Meep progress: 4.3875/50.0 = 8.8% done in 107.3s, 1115.8s to go
on time step 351 (time=4.3875), 0.259436 s/step
Meep progress: 4.575/50.0 = 9.2% done in 111.4s, 1105.7s to go
on time step 366 (time=4.575), 0.26859 s/step
Meep progress: 4.775/50.0 = 9.6% done in 115.5s, 1093.7s to go
on time step 382 (time=4.775), 0.257095 s/step
Meep progress: 4.9750000000000005/50.0 = 10.0% done in 119.6s, 1082.1s to go
on time step 398 (time=4.975), 0.255738 s/step
Meep progress: 5.175000000000001/50.0 = 10.4% done in 123.6s, 1070.9s to go
on time step 414 (time=5.175), 0.254346 s/step
Meep progress: 5.375/50.0 = 10.8% done in 127.9s, 1062.0s to go
on time step 430 (time=5.375), 0.267844 s/step
Meep progress: 5.550000000000001/50.0 = 11.1% done in 132.0s, 1057.0s to go
on time step 444 (time=5.55), 0.289462 s/step
Meep progress: 5.7125/50.0 = 11.4% done in 136.1s, 1055.4s to go
on time step 457 (time=5.7125), 0.319783 s/step
Meep progress: 5.862500000000001/50.0 = 11.7% done in 140.2s, 1055.8s to go
on time step 469 (time=5.8625), 0.342434 s/step
Meep progress: 6.025/50.0 = 12.0% done in 144.3s, 1053.2s to go
on time step 482 (time=6.025), 0.312735 s/step
Meep progress: 6.2250000000000005/50.0 = 12.5% done in 148.4s, 1043.8s to go
on time step 498 (time=6.225), 0.257834 s/step
Meep progress: 6.425000000000001/50.0 = 12.8% done in 152.6s, 1035.2s to go
on time step 514 (time=6.425), 0.262713 s/step
Meep progress: 6.575/50.0 = 13.2% done in 156.9s, 1036.0s to go
on time step 526 (time=6.575), 0.351896 s/step
Meep progress: 6.7250000000000005/50.0 = 13.4% done in 161.0s, 1035.8s to go
on time step 538 (time=6.725), 0.342374 s/step
Meep progress: 6.9125000000000005/50.0 = 13.8% done in 165.2s, 1029.6s to go
on time step 553 (time=6.9125), 0.280545 s/step
Meep progress: 7.112500000000001/50.0 = 14.2% done in 169.3s, 1021.1s to go
on time step 569 (time=7.1125), 0.260301 s/step
Meep progress: 7.275/50.0 = 14.6% done in 173.4s, 1018.1s to go
on time step 582 (time=7.275), 0.309547 s/step
Meep progress: 7.4375/50.0 = 14.9% done in 177.6s, 1016.5s to go
on time step 595 (time=7.4375), 0.328023 s/step
Meep progress: 7.6000000000000005/50.0 = 15.2% done in 181.8s, 1014.3s to go
on time step 608 (time=7.6), 0.32175 s/step
Meep progress: 7.775/50.0 = 15.6% done in 185.9s, 1009.5s to go
on time step 622 (time=7.775), 0.290626 s/step
Meep progress: 7.9750000000000005/50.0 = 16.0% done in 190.1s, 1001.7s to go
on time step 638 (time=7.975), 0.263446 s/step
Meep progress: 8.175/50.0 = 16.4% done in 194.3s, 993.9s to go
on time step 654 (time=8.175), 0.26087 s/step
Meep progress: 8.3625/50.0 = 16.7% done in 198.5s, 988.2s to go
on time step 669 (time=8.3625), 0.280962 s/step
Meep progress: 8.5375/50.0 = 17.1% done in 202.5s, 983.6s to go
on time step 683 (time=8.5375), 0.289417 s/step
Meep progress: 8.7375/50.0 = 17.5% done in 206.6s, 975.9s to go
on time step 699 (time=8.7375), 0.257099 s/step
Meep progress: 8.9375/50.0 = 17.9% done in 210.8s, 968.3s to go
on time step 715 (time=8.9375), 0.257362 s/step
Meep progress: 9.125/50.0 = 18.2% done in 214.8s, 962.2s to go
on time step 730 (time=9.125), 0.269312 s/step
Meep progress: 9.3/50.0 = 18.6% done in 218.8s, 957.7s to go
on time step 744 (time=9.3), 0.288819 s/step
Meep progress: 9.4625/50.0 = 18.9% done in 223.1s, 956.0s to go
on time step 757 (time=9.4625), 0.330638 s/step
Meep progress: 9.625/50.0 = 19.2% done in 227.2s, 952.9s to go
on time step 770 (time=9.625), 0.308381 s/step
Meep progress: 9.8/50.0 = 19.6% done in 231.4s, 949.4s to go
on time step 784 (time=9.8), 0.306773 s/step
Meep progress: 9.975000000000001/50.0 = 20.0% done in 235.7s, 945.9s to go
on time step 798 (time=9.975), 0.305716 s/step
Meep progress: 10.162500000000001/50.0 = 20.3% done in 239.8s, 939.9s to go
on time step 813 (time=10.1625), 0.269935 s/step
Meep progress: 10.350000000000001/50.0 = 20.7% done in 244.0s, 934.9s to go
on time step 828 (time=10.35), 0.28384 s/step
Meep progress: 10.512500000000001/50.0 = 21.0% done in 248.0s, 931.7s to go
on time step 841 (time=10.5125), 0.308538 s/step
Meep progress: 10.6875/50.0 = 21.4% done in 252.3s, 928.2s to go
on time step 855 (time=10.6875), 0.306964 s/step
Meep progress: 10.850000000000001/50.0 = 21.7% done in 256.4s, 925.1s to go
on time step 868 (time=10.85), 0.31091 s/step
Meep progress: 11.05/50.0 = 22.1% done in 260.5s, 918.2s to go
on time step 884 (time=11.05), 0.257135 s/step
Meep progress: 11.25/50.0 = 22.5% done in 264.8s, 912.0s to go
on time step 900 (time=11.25), 0.267415 s/step
Meep progress: 11.425/50.0 = 22.8% done in 269.0s, 908.1s to go
on time step 914 (time=11.425), 0.299524 s/step
Meep progress: 11.5875/50.0 = 23.2% done in 273.1s, 905.3s to go
on time step 927 (time=11.5875), 0.316792 s/step
Meep progress: 11.762500000000001/50.0 = 23.5% done in 277.2s, 901.2s to go
on time step 941 (time=11.7625), 0.296049 s/step
Meep progress: 11.925/50.0 = 23.8% done in 281.3s, 898.0s to go
on time step 954 (time=11.925), 0.309828 s/step
Meep progress: 12.0875/50.0 = 24.2% done in 285.5s, 895.4s to go
on time step 967 (time=12.0875), 0.324191 s/step
Meep progress: 12.262500000000001/50.0 = 24.5% done in 289.5s, 891.0s to go
on time step 981 (time=12.2625), 0.28933 s/step
Meep progress: 12.4/50.0 = 24.8% done in 293.6s, 890.2s to go
on time step 992 (time=12.4), 0.369226 s/step
Meep progress: 12.5625/50.0 = 25.1% done in 297.9s, 887.8s to go
on time step 1005 (time=12.5625), 0.332497 s/step
Meep progress: 12.7125/50.0 = 25.4% done in 302.0s, 885.7s to go
on time step 1017 (time=12.7125), 0.336524 s/step
Meep progress: 12.887500000000001/50.0 = 25.8% done in 306.1s, 881.5s to go
on time step 1031 (time=12.8875), 0.296087 s/step
Meep progress: 13.05/50.0 = 26.1% done in 310.3s, 878.5s to go
on time step 1044 (time=13.05), 0.320588 s/step
Meep progress: 13.2125/50.0 = 26.4% done in 314.6s, 875.9s to go
on time step 1057 (time=13.2125), 0.332706 s/step
Meep progress: 13.387500000000001/50.0 = 26.8% done in 318.6s, 871.3s to go
on time step 1071 (time=13.3875), 0.286465 s/step
Meep progress: 13.55/50.0 = 27.1% done in 322.6s, 867.9s to go
on time step 1084 (time=13.55), 0.311578 s/step
Meep progress: 13.7375/50.0 = 27.5% done in 326.9s, 863.0s to go
on time step 1099 (time=13.7375), 0.286578 s/step
Meep progress: 13.9/50.0 = 27.8% done in 331.0s, 859.6s to go
on time step 1112 (time=13.9), 0.309812 s/step
Meep progress: 14.075000000000001/50.0 = 28.2% done in 335.2s, 855.7s to go
on time step 1126 (time=14.075), 0.304877 s/step
Meep progress: 14.25/50.0 = 28.5% done in 339.5s, 851.8s to go
on time step 1140 (time=14.25), 0.306758 s/step
Meep progress: 14.412500000000001/50.0 = 28.8% done in 343.7s, 848.7s to go
on time step 1153 (time=14.4125), 0.321429 s/step
Meep progress: 14.575000000000001/50.0 = 29.2% done in 347.7s, 845.1s to go
on time step 1166 (time=14.575), 0.307867 s/step
Meep progress: 14.7375/50.0 = 29.5% done in 351.7s, 841.6s to go
on time step 1179 (time=14.7375), 0.308556 s/step
Meep progress: 14.912500000000001/50.0 = 29.8% done in 355.9s, 837.4s to go
on time step 1193 (time=14.9125), 0.297891 s/step
Meep progress: 15.100000000000001/50.0 = 30.2% done in 360.1s, 832.2s to go
on time step 1208 (time=15.1), 0.277224 s/step
Meep progress: 15.3/50.0 = 30.6% done in 364.3s, 826.1s to go
on time step 1224 (time=15.3), 0.262936 s/step
Meep progress: 15.5/50.0 = 31.0% done in 368.3s, 819.9s to go
on time step 1240 (time=15.5), 0.255158 s/step
Meep progress: 15.65/50.0 = 31.3% done in 372.4s, 817.4s to go
on time step 1252 (time=15.65), 0.338587 s/step
Meep progress: 15.825000000000001/50.0 = 31.6% done in 376.6s, 813.2s to go
on time step 1266 (time=15.825), 0.295695 s/step
Meep progress: 15.9875/50.0 = 32.0% done in 380.8s, 810.2s to go
on time step 1279 (time=15.9875), 0.328261 s/step
Meep progress: 16.175/50.0 = 32.4% done in 384.8s, 804.8s to go
on time step 1294 (time=16.175), 0.268514 s/step
Meep progress: 16.3625/50.0 = 32.7% done in 389.0s, 799.6s to go
on time step 1309 (time=16.3625), 0.275346 s/step
Meep progress: 16.5625/50.0 = 33.1% done in 393.1s, 793.6s to go
on time step 1325 (time=16.5625), 0.258225 s/step
Meep progress: 16.7625/50.0 = 33.5% done in 397.2s, 787.5s to go
on time step 1341 (time=16.7625), 0.253249 s/step
Meep progress: 16.95/50.0 = 33.9% done in 401.3s, 782.5s to go
on time step 1356 (time=16.95), 0.276269 s/step
Meep progress: 17.1375/50.0 = 34.3% done in 405.5s, 777.6s to go
on time step 1371 (time=17.1375), 0.281461 s/step
Meep progress: 17.3125/50.0 = 34.6% done in 409.7s, 773.6s to go
on time step 1385 (time=17.3125), 0.299622 s/step
Meep progress: 17.5125/50.0 = 35.0% done in 413.9s, 767.8s to go
on time step 1401 (time=17.5125), 0.259763 s/step
Meep progress: 17.712500000000002/50.0 = 35.4% done in 418.0s, 761.9s to go
on time step 1417 (time=17.7125), 0.254577 s/step
Meep progress: 17.9125/50.0 = 35.8% done in 422.1s, 756.1s to go
on time step 1433 (time=17.9125), 0.257661 s/step
Meep progress: 18.087500000000002/50.0 = 36.2% done in 426.2s, 751.9s to go
on time step 1447 (time=18.0875), 0.292289 s/step
Meep progress: 18.2375/50.0 = 36.5% done in 430.2s, 749.3s to go
on time step 1459 (time=18.2375), 0.339132 s/step
Meep progress: 18.425/50.0 = 36.8% done in 434.3s, 744.2s to go
on time step 1474 (time=18.425), 0.268662 s/step
Meep progress: 18.625/50.0 = 37.2% done in 438.4s, 738.5s to go
on time step 1490 (time=18.625), 0.256916 s/step
Meep progress: 18.825/50.0 = 37.6% done in 442.5s, 732.8s to go
on time step 1506 (time=18.825), 0.257921 s/step
Meep progress: 18.9875/50.0 = 38.0% done in 446.8s, 729.7s to go
on time step 1519 (time=18.9875), 0.328291 s/step
Meep progress: 19.1625/50.0 = 38.3% done in 450.8s, 725.5s to go
on time step 1533 (time=19.1625), 0.289992 s/step
Meep progress: 19.3125/50.0 = 38.6% done in 454.8s, 722.7s to go
on time step 1545 (time=19.3125), 0.334594 s/step
Meep progress: 19.475/50.0 = 39.0% done in 459.1s, 719.5s to go
on time step 1558 (time=19.475), 0.324159 s/step
Meep progress: 19.625/50.0 = 39.2% done in 463.1s, 716.8s to go
on time step 1570 (time=19.625), 0.336837 s/step
Meep progress: 19.7875/50.0 = 39.6% done in 467.3s, 713.5s to go
on time step 1583 (time=19.7875), 0.323098 s/step
Meep progress: 19.962500000000002/50.0 = 39.9% done in 471.4s, 709.4s to go
on time step 1597 (time=19.9625), 0.294877 s/step
Meep progress: 20.1125/50.0 = 40.2% done in 475.7s, 706.9s to go
on time step 1609 (time=20.1125), 0.357056 s/step
Meep progress: 20.2875/50.0 = 40.6% done in 480.0s, 703.0s to go
on time step 1623 (time=20.2875), 0.305763 s/step
Meep progress: 20.462500000000002/50.0 = 40.9% done in 484.3s, 699.1s to go
on time step 1637 (time=20.4625), 0.306951 s/step
Meep progress: 20.625/50.0 = 41.2% done in 488.4s, 695.5s to go
on time step 1650 (time=20.625), 0.312455 s/step
Meep progress: 20.8/50.0 = 41.6% done in 492.5s, 691.3s to go
on time step 1664 (time=20.8), 0.292595 s/step
Meep progress: 20.975/50.0 = 42.0% done in 496.5s, 687.1s to go
on time step 1678 (time=20.975), 0.290748 s/step
Meep progress: 21.175/50.0 = 42.4% done in 500.6s, 681.5s to go
on time step 1694 (time=21.175), 0.257481 s/step
Meep progress: 21.375/50.0 = 42.8% done in 504.7s, 675.9s to go
on time step 1710 (time=21.375), 0.254584 s/step
Meep progress: 21.5625/50.0 = 43.1% done in 508.7s, 670.9s to go
on time step 1725 (time=21.5625), 0.268098 s/step
Meep progress: 21.762500000000003/50.0 = 43.5% done in 512.9s, 665.5s to go
on time step 1741 (time=21.7625), 0.260476 s/step
Meep progress: 21.925/50.0 = 43.8% done in 517.3s, 662.4s to go
on time step 1754 (time=21.925), 0.336928 s/step
Meep progress: 22.075000000000003/50.0 = 44.2% done in 521.6s, 659.8s to go
on time step 1766 (time=22.075), 0.358236 s/step
Meep progress: 22.262500000000003/50.0 = 44.5% done in 525.9s, 655.2s to go
on time step 1781 (time=22.2625), 0.284873 s/step
Meep progress: 22.4375/50.0 = 44.9% done in 530.1s, 651.2s to go
on time step 1795 (time=22.4375), 0.304777 s/step
Meep progress: 22.637500000000003/50.0 = 45.3% done in 534.3s, 645.8s to go
on time step 1811 (time=22.6375), 0.26176 s/step
Meep progress: 22.837500000000002/50.0 = 45.7% done in 538.4s, 640.4s to go
on time step 1827 (time=22.8375), 0.257504 s/step
Meep progress: 23.0375/50.0 = 46.1% done in 542.5s, 635.0s to go
on time step 1843 (time=23.0375), 0.256555 s/step
Meep progress: 23.2375/50.0 = 46.5% done in 546.7s, 629.6s to go
on time step 1859 (time=23.2375), 0.258461 s/step
Meep progress: 23.387500000000003/50.0 = 46.8% done in 550.7s, 626.6s to go
on time step 1871 (time=23.3875), 0.33633 s/step
Meep progress: 23.587500000000002/50.0 = 47.2% done in 554.8s, 621.2s to go
on time step 1887 (time=23.5875), 0.253956 s/step
Meep progress: 23.762500000000003/50.0 = 47.5% done in 558.9s, 617.1s to go
on time step 1901 (time=23.7625), 0.29434 s/step
Meep progress: 23.925/50.0 = 47.8% done in 562.9s, 613.5s to go
on time step 1914 (time=23.925), 0.311999 s/step
Meep progress: 24.125/50.0 = 48.2% done in 567.1s, 608.2s to go
on time step 1930 (time=24.125), 0.256524 s/step
Meep progress: 24.3/50.0 = 48.6% done in 571.2s, 604.1s to go
on time step 1944 (time=24.3), 0.296052 s/step
Meep progress: 24.475/50.0 = 49.0% done in 575.3s, 600.0s to go
on time step 1958 (time=24.475), 0.292244 s/step
Meep progress: 24.650000000000002/50.0 = 49.3% done in 579.5s, 596.0s to go
on time step 1972 (time=24.65), 0.303142 s/step
Meep progress: 24.837500000000002/50.0 = 49.7% done in 583.8s, 591.4s to go
on time step 1987 (time=24.8375), 0.283106 s/step
Meep progress: 24.9875/50.0 = 50.0% done in 588.0s, 588.6s to go
on time step 1999 (time=24.9875), 0.355088 s/step
Meep progress: 25.150000000000002/50.0 = 50.3% done in 592.3s, 585.3s to go
on time step 2012 (time=25.15), 0.33008 s/step
Meep progress: 25.325000000000003/50.0 = 50.7% done in 596.4s, 581.1s to go
on time step 2026 (time=25.325), 0.289221 s/step
Meep progress: 25.525000000000002/50.0 = 51.1% done in 600.5s, 575.8s to go
on time step 2042 (time=25.525), 0.254906 s/step
Meep progress: 25.725/50.0 = 51.4% done in 604.6s, 570.5s to go
on time step 2058 (time=25.725), 0.257141 s/step
Meep progress: 25.887500000000003/50.0 = 51.8% done in 608.6s, 566.9s to go
on time step 2071 (time=25.8875), 0.310613 s/step
Meep progress: 26.025000000000002/50.0 = 52.0% done in 612.6s, 564.4s to go
on time step 2082 (time=26.025), 0.363954 s/step
Meep progress: 26.1875/50.0 = 52.4% done in 616.7s, 560.7s to go
on time step 2095 (time=26.1875), 0.310705 s/step
Meep progress: 26.3625/50.0 = 52.7% done in 620.8s, 556.7s to go
on time step 2109 (time=26.3625), 0.298854 s/step
Meep progress: 26.5625/50.0 = 53.1% done in 625.1s, 551.5s to go
on time step 2125 (time=26.5625), 0.265228 s/step
Meep progress: 26.7375/50.0 = 53.5% done in 629.2s, 547.5s to go
on time step 2139 (time=26.7375), 0.296922 s/step
Meep progress: 26.9125/50.0 = 53.8% done in 633.4s, 543.4s to go
on time step 2153 (time=26.9125), 0.29921 s/step
Meep progress: 27.075000000000003/50.0 = 54.2% done in 637.7s, 539.9s to go
on time step 2166 (time=27.075), 0.326774 s/step
Meep progress: 27.225/50.0 = 54.4% done in 641.9s, 537.0s to go
on time step 2178 (time=27.225), 0.351162 s/step
Meep progress: 27.4125/50.0 = 54.8% done in 646.0s, 532.3s to go
on time step 2193 (time=27.4125), 0.274151 s/step
Meep progress: 27.6/50.0 = 55.2% done in 650.3s, 527.8s to go
on time step 2208 (time=27.6), 0.288823 s/step
Meep progress: 27.75/50.0 = 55.5% done in 654.6s, 524.8s to go
on time step 2220 (time=27.75), 0.35161 s/step
Meep progress: 27.900000000000002/50.0 = 55.8% done in 658.6s, 521.7s to go
on time step 2232 (time=27.9), 0.334671 s/step
Meep progress: 28.05/50.0 = 56.1% done in 662.6s, 518.5s to go
on time step 2244 (time=28.05), 0.339648 s/step
Meep progress: 28.212500000000002/50.0 = 56.4% done in 666.9s, 515.0s to go
on time step 2257 (time=28.2125), 0.327289 s/step
Meep progress: 28.3625/50.0 = 56.7% done in 671.0s, 511.9s to go
on time step 2269 (time=28.3625), 0.341465 s/step
Meep progress: 28.5/50.0 = 57.0% done in 675.1s, 509.3s to go
on time step 2280 (time=28.5), 0.374917 s/step
Meep progress: 28.650000000000002/50.0 = 57.3% done in 679.2s, 506.2s to go
on time step 2292 (time=28.65), 0.343521 s/step
Meep progress: 28.825000000000003/50.0 = 57.6% done in 683.5s, 502.1s to go
on time step 2306 (time=28.825), 0.306141 s/step
Meep progress: 28.9875/50.0 = 58.0% done in 687.7s, 498.5s to go
on time step 2319 (time=28.9875), 0.317862 s/step
Meep progress: 29.150000000000002/50.0 = 58.3% done in 691.8s, 494.8s to go
on time step 2332 (time=29.15), 0.316032 s/step
Meep progress: 29.325000000000003/50.0 = 58.6% done in 696.1s, 490.7s to go
on time step 2346 (time=29.325), 0.306727 s/step
Meep progress: 29.4875/50.0 = 59.0% done in 700.3s, 487.1s to go
on time step 2359 (time=29.4875), 0.323862 s/step
Meep progress: 29.6625/50.0 = 59.3% done in 704.4s, 482.9s to go
on time step 2373 (time=29.6625), 0.293597 s/step
Meep progress: 29.85/50.0 = 59.7% done in 708.5s, 478.2s to go
on time step 2388 (time=29.85), 0.270935 s/step
Meep progress: 30.025000000000002/50.0 = 60.0% done in 712.8s, 474.2s to go
on time step 2402 (time=30.025), 0.30925 s/step
Meep progress: 30.1875/50.0 = 60.4% done in 717.0s, 470.6s to go
on time step 2415 (time=30.1875), 0.327509 s/step
Meep progress: 30.387500000000003/50.0 = 60.8% done in 721.2s, 465.5s to go
on time step 2431 (time=30.3875), 0.261363 s/step
Meep progress: 30.587500000000002/50.0 = 61.2% done in 725.3s, 460.3s to go
on time step 2447 (time=30.5875), 0.254152 s/step
Meep progress: 30.775000000000002/50.0 = 61.6% done in 729.4s, 455.7s to go
on time step 2462 (time=30.775), 0.277065 s/step
Meep progress: 30.925/50.0 = 61.8% done in 733.5s, 452.4s to go
on time step 2474 (time=30.925), 0.338683 s/step
Meep progress: 31.1/50.0 = 62.2% done in 737.6s, 448.2s to go
on time step 2488 (time=31.1), 0.289092 s/step
Meep progress: 31.25/50.0 = 62.5% done in 741.7s, 445.0s to go
on time step 2500 (time=31.25), 0.348718 s/step
Meep progress: 31.4125/50.0 = 62.8% done in 745.8s, 441.3s to go
on time step 2513 (time=31.4125), 0.31396 s/step
Meep progress: 31.5625/50.0 = 63.1% done in 750.1s, 438.2s to go
on time step 2525 (time=31.5625), 0.355304 s/step
Meep progress: 31.725/50.0 = 63.4% done in 754.4s, 434.6s to go
on time step 2538 (time=31.725), 0.333447 s/step
Meep progress: 31.887500000000003/50.0 = 63.8% done in 758.6s, 430.9s to go
on time step 2551 (time=31.8875), 0.321598 s/step
Meep progress: 32.0375/50.0 = 64.1% done in 762.8s, 427.7s to go
on time step 2563 (time=32.0375), 0.353077 s/step
Meep progress: 32.1875/50.0 = 64.4% done in 766.9s, 424.4s to go
on time step 2575 (time=32.1875), 0.339978 s/step
Meep progress: 32.35/50.0 = 64.7% done in 771.1s, 420.7s to go
on time step 2588 (time=32.35), 0.322443 s/step
Meep progress: 32.525/50.0 = 65.0% done in 775.4s, 416.6s to go
on time step 2602 (time=32.525), 0.30534 s/step
Meep progress: 32.6875/50.0 = 65.4% done in 779.4s, 412.8s to go
on time step 2615 (time=32.6875), 0.307812 s/step
Meep progress: 32.862500000000004/50.0 = 65.7% done in 783.7s, 408.7s to go
on time step 2629 (time=32.8625), 0.306365 s/step
Meep progress: 33.0375/50.0 = 66.1% done in 787.8s, 404.5s to go
on time step 2643 (time=33.0375), 0.294569 s/step
Meep progress: 33.225/50.0 = 66.4% done in 791.9s, 399.8s to go
on time step 2658 (time=33.225), 0.274483 s/step
Meep progress: 33.3875/50.0 = 66.8% done in 796.2s, 396.2s to go
on time step 2671 (time=33.3875), 0.330815 s/step
Meep progress: 33.550000000000004/50.0 = 67.1% done in 800.3s, 392.4s to go
on time step 2684 (time=33.55), 0.311758 s/step
Meep progress: 33.725/50.0 = 67.4% done in 804.6s, 388.3s to go
on time step 2698 (time=33.725), 0.307314 s/step
Meep progress: 33.875/50.0 = 67.8% done in 808.7s, 384.9s to go
on time step 2710 (time=33.875), 0.343006 s/step
Meep progress: 34.0375/50.0 = 68.1% done in 812.8s, 381.2s to go
on time step 2723 (time=34.0375), 0.312892 s/step
Meep progress: 34.2/50.0 = 68.4% done in 816.8s, 377.3s to go
on time step 2736 (time=34.2), 0.308569 s/step
Meep progress: 34.3875/50.0 = 68.8% done in 821.1s, 372.8s to go
on time step 2751 (time=34.3875), 0.287877 s/step
Meep progress: 34.5375/50.0 = 69.1% done in 825.2s, 369.4s to go
on time step 2763 (time=34.5375), 0.340617 s/step
Meep progress: 34.7/50.0 = 69.4% done in 829.3s, 365.6s to go
on time step 2776 (time=34.7), 0.315137 s/step
Meep progress: 34.875/50.0 = 69.8% done in 833.5s, 361.5s to go
on time step 2790 (time=34.875), 0.299113 s/step
Meep progress: 35.050000000000004/50.0 = 70.1% done in 837.6s, 357.3s to go
on time step 2804 (time=35.05), 0.296611 s/step
Meep progress: 35.25/50.0 = 70.5% done in 841.7s, 352.2s to go
on time step 2820 (time=35.25), 0.258482 s/step
Meep progress: 35.45/50.0 = 70.9% done in 845.8s, 347.2s to go
on time step 2836 (time=35.45), 0.255444 s/step
Meep progress: 35.65/50.0 = 71.3% done in 850.0s, 342.1s to go
on time step 2852 (time=35.65), 0.257643 s/step
Meep progress: 35.825/50.0 = 71.6% done in 854.0s, 337.9s to go
on time step 2866 (time=35.825), 0.292403 s/step
Meep progress: 36.0125/50.0 = 72.0% done in 858.3s, 333.4s to go
on time step 2881 (time=36.0125), 0.285455 s/step
Meep progress: 36.1875/50.0 = 72.4% done in 862.4s, 329.2s to go
on time step 2895 (time=36.1875), 0.287474 s/step
Meep progress: 36.3875/50.0 = 72.8% done in 866.4s, 324.1s to go
on time step 2911 (time=36.3875), 0.255105 s/step
Meep progress: 36.5875/50.0 = 73.2% done in 870.6s, 319.1s to go
on time step 2927 (time=36.5875), 0.258074 s/step
Meep progress: 36.7875/50.0 = 73.6% done in 874.7s, 314.2s to go
on time step 2943 (time=36.7875), 0.261295 s/step
Meep progress: 36.987500000000004/50.0 = 74.0% done in 878.8s, 309.2s to go
on time step 2959 (time=36.9875), 0.254382 s/step
Meep progress: 37.175000000000004/50.0 = 74.4% done in 882.9s, 304.6s to go
on time step 2974 (time=37.175), 0.271843 s/step
Meep progress: 37.35/50.0 = 74.7% done in 887.1s, 300.5s to go
on time step 2988 (time=37.35), 0.30387 s/step
Meep progress: 37.525/50.0 = 75.0% done in 891.3s, 296.3s to go
on time step 3002 (time=37.525), 0.294008 s/step
Meep progress: 37.725/50.0 = 75.4% done in 895.5s, 291.4s to go
on time step 3018 (time=37.725), 0.264563 s/step
Meep progress: 37.8875/50.0 = 75.8% done in 899.5s, 287.6s to go
on time step 3031 (time=37.8875), 0.309198 s/step
Meep progress: 38.0625/50.0 = 76.1% done in 903.8s, 283.5s to go
on time step 3045 (time=38.0625), 0.307232 s/step
Meep progress: 38.237500000000004/50.0 = 76.5% done in 908.1s, 279.3s to go
on time step 3059 (time=38.2375), 0.303237 s/step
Meep progress: 38.4125/50.0 = 76.8% done in 912.2s, 275.2s to go
on time step 3073 (time=38.4125), 0.294876 s/step
Meep progress: 38.587500000000006/50.0 = 77.2% done in 916.4s, 271.0s to go
on time step 3087 (time=38.5875), 0.301986 s/step
Meep progress: 38.7625/50.0 = 77.5% done in 920.6s, 266.9s to go
on time step 3101 (time=38.7625), 0.301347 s/step
Meep progress: 38.925000000000004/50.0 = 77.9% done in 924.9s, 263.2s to go
on time step 3114 (time=38.925), 0.326845 s/step
Meep progress: 39.1/50.0 = 78.2% done in 928.9s, 259.0s to go
on time step 3128 (time=39.1), 0.288696 s/step
Meep progress: 39.2625/50.0 = 78.5% done in 933.1s, 255.2s to go
on time step 3141 (time=39.2625), 0.319874 s/step
Meep progress: 39.4375/50.0 = 78.9% done in 937.4s, 251.1s to go
on time step 3155 (time=39.4375), 0.304981 s/step
Meep progress: 39.6/50.0 = 79.2% done in 941.7s, 247.3s to go
on time step 3168 (time=39.6), 0.333095 s/step
Meep progress: 39.7625/50.0 = 79.5% done in 945.8s, 243.5s to go
on time step 3181 (time=39.7625), 0.316105 s/step
Meep progress: 39.9125/50.0 = 79.8% done in 950.1s, 240.1s to go
on time step 3193 (time=39.9125), 0.357807 s/step
Meep progress: 40.075/50.0 = 80.2% done in 954.3s, 236.3s to go
on time step 3206 (time=40.075), 0.322935 s/step
Meep progress: 40.237500000000004/50.0 = 80.5% done in 958.3s, 232.5s to go
on time step 3219 (time=40.2375), 0.309494 s/step
Meep progress: 40.425000000000004/50.0 = 80.9% done in 962.3s, 227.9s to go
on time step 3234 (time=40.425), 0.268795 s/step
Meep progress: 40.612500000000004/50.0 = 81.2% done in 966.5s, 223.4s to go
on time step 3249 (time=40.6125), 0.279161 s/step
Meep progress: 40.7625/50.0 = 81.5% done in 970.7s, 220.0s to go
on time step 3261 (time=40.7625), 0.351438 s/step
Meep progress: 40.962500000000006/50.0 = 81.9% done in 974.8s, 215.1s to go
on time step 3277 (time=40.9625), 0.253369 s/step
Meep progress: 41.1375/50.0 = 82.3% done in 979.0s, 210.9s to go
on time step 3291 (time=41.1375), 0.300981 s/step
Meep progress: 41.300000000000004/50.0 = 82.6% done in 983.0s, 207.1s to go
on time step 3304 (time=41.3), 0.307707 s/step
Meep progress: 41.462500000000006/50.0 = 82.9% done in 987.0s, 203.2s to go
on time step 3317 (time=41.4625), 0.309994 s/step
Meep progress: 41.625/50.0 = 83.2% done in 991.2s, 199.4s to go
on time step 3330 (time=41.625), 0.31585 s/step
Meep progress: 41.8125/50.0 = 83.6% done in 995.5s, 194.9s to go
on time step 3345 (time=41.8125), 0.291198 s/step
Meep progress: 41.962500000000006/50.0 = 83.9% done in 999.6s, 191.5s to go
on time step 3357 (time=41.9625), 0.339848 s/step
Meep progress: 42.1375/50.0 = 84.3% done in 1003.9s, 187.3s to go
on time step 3371 (time=42.1375), 0.308902 s/step
Meep progress: 42.3125/50.0 = 84.6% done in 1008.0s, 183.1s to go
on time step 3385 (time=42.3125), 0.287718 s/step
Meep progress: 42.487500000000004/50.0 = 85.0% done in 1012.2s, 179.0s to go
on time step 3399 (time=42.4875), 0.306816 s/step
Meep progress: 42.6625/50.0 = 85.3% done in 1016.5s, 174.8s to go
on time step 3413 (time=42.6625), 0.30559 s/step
Meep progress: 42.837500000000006/50.0 = 85.7% done in 1020.8s, 170.7s to go
on time step 3427 (time=42.8375), 0.306123 s/step
Meep progress: 43.0125/50.0 = 86.0% done in 1025.1s, 166.5s to go
on time step 3441 (time=43.0125), 0.302851 s/step
Meep progress: 43.175000000000004/50.0 = 86.4% done in 1029.1s, 162.7s to go
on time step 3454 (time=43.175), 0.308629 s/step
Meep progress: 43.325/50.0 = 86.6% done in 1033.2s, 159.2s to go
on time step 3466 (time=43.325), 0.348341 s/step
Meep progress: 43.5125/50.0 = 87.0% done in 1037.4s, 154.7s to go
on time step 3481 (time=43.5125), 0.273944 s/step
Meep progress: 43.6875/50.0 = 87.4% done in 1041.6s, 150.5s to go
on time step 3495 (time=43.6875), 0.304001 s/step
Meep progress: 43.85/50.0 = 87.7% done in 1045.7s, 146.7s to go
on time step 3508 (time=43.85), 0.312901 s/step
Meep progress: 44.025000000000006/50.0 = 88.1% done in 1049.8s, 142.5s to go
on time step 3522 (time=44.025), 0.291827 s/step
Meep progress: 44.225/50.0 = 88.4% done in 1053.8s, 137.6s to go
on time step 3538 (time=44.225), 0.255088 s/step
Meep progress: 44.425000000000004/50.0 = 88.9% done in 1058.1s, 132.8s to go
on time step 3554 (time=44.425), 0.263874 s/step
Meep progress: 44.6/50.0 = 89.2% done in 1062.3s, 128.6s to go
on time step 3568 (time=44.6), 0.303924 s/step
Meep progress: 44.7625/50.0 = 89.5% done in 1066.5s, 124.8s to go
on time step 3581 (time=44.7625), 0.317869 s/step
Meep progress: 44.925000000000004/50.0 = 89.9% done in 1070.7s, 121.0s to go
on time step 3594 (time=44.925), 0.326816 s/step
Meep progress: 45.125/50.0 = 90.2% done in 1074.9s, 116.1s to go
on time step 3610 (time=45.125), 0.261006 s/step
Meep progress: 45.325/50.0 = 90.6% done in 1079.0s, 111.3s to go
on time step 3626 (time=45.325), 0.257104 s/step
Meep progress: 45.525000000000006/50.0 = 91.1% done in 1083.1s, 106.5s to go
on time step 3642 (time=45.525), 0.256696 s/step
Meep progress: 45.725/50.0 = 91.4% done in 1087.2s, 101.6s to go
on time step 3658 (time=45.725), 0.255393 s/step
Meep progress: 45.900000000000006/50.0 = 91.8% done in 1091.4s, 97.5s to go
on time step 3672 (time=45.9), 0.300048 s/step
Meep progress: 46.075/50.0 = 92.2% done in 1095.5s, 93.3s to go
on time step 3686 (time=46.075), 0.2912 s/step
Meep progress: 46.275000000000006/50.0 = 92.6% done in 1099.6s, 88.5s to go
on time step 3702 (time=46.275), 0.259307 s/step
Meep progress: 46.475/50.0 = 93.0% done in 1103.7s, 83.7s to go
on time step 3718 (time=46.475), 0.255489 s/step
Meep progress: 46.675000000000004/50.0 = 93.4% done in 1107.8s, 78.9s to go
on time step 3734 (time=46.675), 0.254824 s/step
Meep progress: 46.862500000000004/50.0 = 93.7% done in 1111.8s, 74.4s to go
on time step 3749 (time=46.8625), 0.271245 s/step
Meep progress: 47.025000000000006/50.0 = 94.1% done in 1115.9s, 70.6s to go
on time step 3762 (time=47.025), 0.311966 s/step
Meep progress: 47.2/50.0 = 94.4% done in 1120.2s, 66.5s to go
on time step 3776 (time=47.2), 0.305709 s/step
Meep progress: 47.375/50.0 = 94.8% done in 1124.5s, 62.3s to go
on time step 3790 (time=47.375), 0.306899 s/step
Meep progress: 47.5625/50.0 = 95.1% done in 1128.7s, 57.8s to go
on time step 3805 (time=47.5625), 0.282521 s/step
Meep progress: 47.737500000000004/50.0 = 95.5% done in 1133.0s, 53.7s to go
on time step 3819 (time=47.7375), 0.303144 s/step
Meep progress: 47.9375/50.0 = 95.9% done in 1137.0s, 48.9s to go
on time step 3835 (time=47.9375), 0.254984 s/step
Meep progress: 48.1375/50.0 = 96.3% done in 1141.2s, 44.2s to go
on time step 3851 (time=48.1375), 0.257538 s/step
Meep progress: 48.337500000000006/50.0 = 96.7% done in 1145.2s, 39.4s to go
on time step 3867 (time=48.3375), 0.255041 s/step
Meep progress: 48.5375/50.0 = 97.1% done in 1149.3s, 34.6s to go
on time step 3883 (time=48.5375), 0.255537 s/step
Meep progress: 48.712500000000006/50.0 = 97.4% done in 1153.6s, 30.5s to go
on time step 3897 (time=48.7125), 0.303891 s/step
Meep progress: 48.8875/50.0 = 97.8% done in 1157.7s, 26.3s to go
on time step 3911 (time=48.8875), 0.296914 s/step
Meep progress: 49.087500000000006/50.0 = 98.2% done in 1162.0s, 21.6s to go
on time step 3927 (time=49.0875), 0.264165 s/step
Meep progress: 49.275000000000006/50.0 = 98.6% done in 1166.1s, 17.2s to go
on time step 3942 (time=49.275), 0.273483 s/step
Meep progress: 49.45/50.0 = 98.9% done in 1170.1s, 13.0s to go
on time step 3956 (time=49.45), 0.28698 s/step
Meep progress: 49.612500000000004/50.0 = 99.2% done in 1174.3s, 9.2s to go
on time step 3969 (time=49.6125), 0.32229 s/step
Meep progress: 49.800000000000004/50.0 = 99.6% done in 1178.4s, 4.7s to go
on time step 3984 (time=49.8), 0.273418 s/step
Meep progress: 49.975/50.0 = 100.0% done in 1182.5s, 0.6s to go
on time step 3998 (time=49.975), 0.297366 s/step
run 0 finished at t = 50.0 (4000 timesteps)
flux1:, 0.5, 9.017858921732723e-7, -1.015183769094963e-6
flux1:, 0.5066889632107023, 9.200470373993372e-7, -1.3564088767662013e-6
flux1:, 0.5133779264214047, 1.081948432520962e-6, -1.2514660346823312e-6
flux1:, 0.520066889632107, 1.3527146086407165e-6, -1.3451231153991316e-6
flux1:, 0.5267558528428093, 1.437971490424029e-6, -1.8609791632148986e-6
flux1:, 0.5334448160535117, 1.5931213274053269e-6, -1.8352967918715333e-6
flux1:, 0.540133779264214, 1.959443878782297e-6, -1.7080376759539278e-6
flux1:, 0.5468227424749164, 2.0521243327147632e-6, -2.4550119770457973e-6
flux1:, 0.5535117056856187, 2.054966256574298e-6, -3.058221541313911e-6
flux1:, 0.560200668896321, 2.5921398542531986e-6, -3.0723491982749623e-6
flux1:, 0.5668896321070234, 3.14915801964822e-6, -3.7436780011885914e-6
flux1:, 0.5735785953177257, 3.265412050680887e-6, -4.6078102281533e-6
flux1:, 0.580267558528428, 3.7382893546624213e-6, -4.829820145601101e-6
flux1:, 0.5869565217391304, 4.673529680475388e-6, -5.777955319515117e-6
flux1:, 0.5936454849498327, 5.351024004312372e-6, -7.195715387651805e-6
flux1:, 0.600334448160535, 6.184359282460163e-6, -7.321401885194178e-6
flux1:, 0.6070234113712374, 7.4192014516779985e-6, -7.850975818155427e-6
flux1:, 0.6137123745819397, 8.227283542197438e-6, -1.0068366493646242e-5
flux1:, 0.6204013377926421, 9.105274614813179e-6, -1.1292796387593305e-5
flux1:, 0.6270903010033444, 1.0893677090447326e-5, -1.1897806037482226e-5
flux1:, 0.6337792642140467, 1.2568472002917171e-5, -1.464313208490275e-5
flux1:, 0.6404682274247491, 1.4187508846872082e-5, -1.689791679714648e-5
flux1:, 0.6471571906354514, 1.6925163423597986e-5, -1.7044963455751267e-5
flux1:, 0.6538461538461537, 1.9057280330532646e-5, -1.9584059421813415e-5
flux1:, 0.6605351170568561, 1.9808181111084935e-5, -2.4317503432726406e-5
flux1:, 0.6672240802675584, 2.2718965328663534e-5, -2.7091174343596504e-5
flux1:, 0.6739130434782608, 2.789455398529653e-5, -3.0541342629234823e-5
flux1:, 0.6806020066889631, 3.147539881981355e-5, -3.615670914999156e-5
flux1:, 0.6872909698996654, 3.491018838788981e-5, -3.956909980279883e-5
flux1:, 0.6939799331103678, 4.0822219448054024e-5, -4.3623249695609084e-5
flux1:, 0.7006688963210701, 4.638245152258102e-5, -5.229226216758341e-5
flux1:, 0.7073578595317724, 5.20668314146748e-5, -5.832055242827985e-5
flux1:, 0.7140468227424748, 6.146064886764505e-5, -6.102622915102988e-5
flux1:, 0.7207357859531771, 7.121521888818605e-5, -7.000132043230035e-5
flux1:, 0.7274247491638794, 7.994156169978529e-5, -7.96803621051207e-5
flux1:, 0.7341137123745818, 9.199607431227985e-5, -8.102543391201305e-5
flux1:, 0.7408026755852841, 1.0076765897081699e-4, -8.775587610298746e-5
flux1:, 0.7474916387959865, 1.0046264989530454e-4, -1.0971175729764546e-4
flux1:, 0.7541806020066888, 1.0815355605955037e-4, -1.3302476349694924e-4
flux1:, 0.7608695652173911, 1.326768306789865e-4, -1.5021007188022496e-4
flux1:, 0.7675585284280935, 1.5336578546850608e-4, -1.6620514790901064e-4
flux1:, 0.7742474916387958, 1.6439157608154727e-4, -1.8130856088232564e-4
flux1:, 0.7809364548494981, 1.836964885200772e-4, -2.0219270096641845e-4
flux1:, 0.7876254180602005, 2.0769654078322633e-4, -2.351613418794602e-4
flux1:, 0.7943143812709028, 2.2647717164795905e-4, -2.661131832919448e-4
flux1:, 0.8010033444816052, 2.5751609308630516e-4, -2.899042105003517e-4
flux1:, 0.8076923076923075, 3.0257115282241885e-4, -3.1969861508894195e-4
flux1:, 0.8143812709030098, 3.319721180994557e-4, -3.4962675090429894e-4
flux1:, 0.8210702341137122, 3.4413386396697424e-4, -3.8012717705167455e-4
flux1:, 0.8277591973244145, 3.6634449486014033e-4, -4.41354736521489e-4
flux1:, 0.8344481605351168, 4.0773623477695494e-4, -5.204756518997746e-4
flux1:, 0.8411371237458192, 4.6614287505370626e-4, -5.708771254056586e-4
flux1:, 0.8478260869565215, 5.307812911160918e-4, -6.154657830404667e-4
flux1:, 0.8545150501672238, 5.753184988855766e-4, -6.943426443051433e-4
flux1:, 0.8612040133779262, 6.104149910131093e-4, -7.776348962416288e-4
flux1:, 0.8678929765886285, 6.763576094946322e-4, -8.580435365427221e-4
flux1:, 0.8745819397993309, 7.535716578905961e-4, -9.670468267978141e-4
flux1:, 0.8812709030100332, 8.058059612827723e-4, -0.001069931657152919
flux1:, 0.8879598662207355, 8.70282383097925e-4, -0.0011557585319752449
flux1:, 0.8946488294314379, 9.676269567852788e-4, -0.0012963462050924774
flux1:, 0.9013377926421402, 0.0010529151472307744, -0.0014544703690284996
flux1:, 0.9080267558528425, 0.001136268187272739, -0.0015456067327412049
flux1:, 0.9147157190635449, 0.0012544484538709573, -0.0016820713252315748
flux1:, 0.9214046822742472, 0.0013622064260474104, -0.0019395658130712265
flux1:, 0.9280936454849495, 0.0014498754931029283, -0.002154343298578336
flux1:, 0.9347826086956519, 0.001584677588575984, -0.002311008456340356
flux1:, 0.9414715719063542, 0.0017307146036975305, -0.0025692465635203227
flux1:, 0.9481605351170566, 0.001820074098063369, -0.0028109727871023535
flux1:, 0.9548494983277589, 0.0019274805984813518, -0.002928467981232313
flux1:, 0.9615384615384612, 0.0020759507578519175, -0.003221428052009631
flux1:, 0.9682274247491636, 0.002158226708380811, -0.003753489546048386
flux1:, 0.9749163879598659, 0.0022077019885776107, -0.004166899921194958
flux1:, 0.9816053511705682, 0.0022891200783669388, -0.004565357083857367
flux1:, 0.9882943143812706, 0.002263154783807024, -0.005251032570033578
flux1:, 0.9949832775919729, 0.002191293166065244, -0.005740125204153034
flux1:, 1.0016722408026753, 0.00246189508573705, -0.005651695349105294
flux1:, 1.0083612040133776, 0.0030439699453064474, -0.005743950542283622
flux1:, 1.01505016722408, 0.0034178828237711534, -0.006553349694376623
flux1:, 1.0217391304347823, 0.003479396130494419, -0.007450474910343923
flux1:, 1.0284280936454846, 0.0035834826350630887, -0.008061333577575191
flux1:, 1.035117056856187, 0.003794069085678446, -0.008782960604879255
flux1:, 1.0418060200668893, 0.0039274219747371265, -0.009616779159456143
flux1:, 1.0484949832775916, 0.003955690579694684, -0.010335363026924763
flux1:, 1.055183946488294, 0.003886209052795643, -0.011291164572973482
flux1:, 1.0618729096989963, 0.0037822577138085568, -0.012638986318972872
flux1:, 1.0685618729096986, 0.003880369147753345, -0.01389090030832563
flux1:, 1.075250836120401, 0.004160872759101652, -0.014967641598497235
flux1:, 1.0819397993311033, 0.0042725357950003295, -0.016298168180644165
flux1:, 1.0886287625418056, 0.004186215254175744, -0.017853070423786404
flux1:, 1.095317725752508, 0.004203685442503894, -0.019277166260370876
flux1:, 1.1020066889632103, 0.004360565196091031, -0.0205480476876966
flux1:, 1.1086956521739126, 0.004528895849462148, -0.021859528116755303
flux1:, 1.115384615384615, 0.0047875703472684775, -0.023328529915104593
flux1:, 1.1220735785953173, 0.00525585277064874, -0.024819903297587424
flux1:, 1.1287625418060196, 0.005949890032991284, -0.026006201886724895
flux1:, 1.135451505016722, 0.006791724664839854, -0.027041260085849103
flux1:, 1.1421404682274243, 0.0075147018338503555, -0.02851514899600668
flux1:, 1.1488294314381267, 0.007937032028762673, -0.03029627260852626
flux1:, 1.155518394648829, 0.008294871667653182, -0.03173355437351381
flux1:, 1.1622073578595313, 0.008951872576705357, -0.032845662991299145
flux1:, 1.1688963210702337, 0.010197909377405402, -0.0336733419848163
flux1:, 1.175585284280936, 0.0122202482548658, -0.033740767478146416
flux1:, 1.1822742474916383, 0.01447563038860948, -0.033695535456120994
flux1:, 1.1889632107023407, 0.015861602137774586, -0.03507018751917336
flux1:, 1.195652173913043, 0.016339463413496468, -0.03757476951891772
flux1:, 1.2023411371237454, 0.016948636314979462, -0.039716032353482186
flux1:, 1.2090301003344477, 0.01785921802391777, -0.04166034214788632
flux1:, 1.21571906354515, 0.018416651516522282, -0.04425064534709175
flux1:, 1.2224080267558524, 0.01878879848930611, -0.046860609799242205
flux1:, 1.2290969899665547, 0.019532558383348265, -0.04872595509294301
flux1:, 1.235785953177257, 0.02059575921504536, -0.04999684146322593
flux1:, 1.2424749163879594, 0.022089358245724465, -0.05072162179450413
flux1:, 1.2491638795986617, 0.02422168599074829, -0.05149871085651353
flux1:, 1.255852842809364, 0.0261376694530224, -0.05384980215698318
flux1:, 1.2625418060200664, 0.026996140843768338, -0.05760361689129738
flux1:, 1.2692307692307687, 0.027502484006279783, -0.06080472698698641
flux1:, 1.275919732441471, 0.02855258115783724, -0.06328319292633695
flux1:, 1.2826086956521734, 0.029981074042403043, -0.0663414824735806
flux1:, 1.2892976588628757, 0.03171297099112261, -0.0693698993259931
flux1:, 1.295986622073578, 0.0340382115951788, -0.07092225754315148
flux1:, 1.3026755852842804, 0.036508222679422137, -0.07154118820484884
flux1:, 1.3093645484949827, 0.0385037645529408, -0.07241316544361917
flux1:, 1.316053511705685, 0.04044212910868234, -0.07349830757477152
flux1:, 1.3227424749163874, 0.043039556741103616, -0.07448555906265714
flux1:, 1.3294314381270897, 0.046027418280533645, -0.07557455208162801
flux1:, 1.336120401337792, 0.0484174432772795, -0.07736093400297091
flux1:, 1.3428093645484944, 0.050014533787967594, -0.08039718626766186
flux1:, 1.3494983277591968, 0.05230039534350164, -0.08336189786191911
flux1:, 1.356187290969899, 0.05662867129748345, -0.08345907228010958
flux1:, 1.3628762541806014, 0.06170241672467987, -0.08112852271369514
flux1:, 1.3695652173913038, 0.06519353426734817, -0.08060136184865532
flux1:, 1.376254180602006, 0.06728172699697875, -0.0835233765198904
flux1:, 1.3829431438127084, 0.06936166300550507, -0.0873185311000479
flux1:, 1.3896321070234108, 0.07083050716790311, -0.09075311935705181
flux1:, 1.3963210702341131, 0.07100857688595352, -0.09462502550444686
flux1:, 1.4030100334448155, 0.07184196993438005, -0.09746394675088235
flux1:, 1.4096989966555178, 0.07498542433545038, -0.09719463001218885
flux1:, 1.4163879598662201, 0.07903217537006135, -0.09556426469305586
flux1:, 1.4230769230769225, 0.0822740102911123, -0.09561163562023471
flux1:, 1.4297658862876248, 0.0848684941384881, -0.09720584106073905
flux1:, 1.4364548494983271, 0.08666338477284762, -0.09868801399413657
flux1:, 1.4431438127090295, 0.08656198494900076, -0.1000229594170183
flux1:, 1.4498327759197318, 0.08537025113050555, -0.10194821423084739
flux1:, 1.4565217391304341, 0.08599569212202048, -0.10406323707879085
flux1:, 1.4632107023411365, 0.08953643776873886, -0.10511141147255089
flux1:, 1.4698996655518388, 0.09374911261939321, -0.10468592118280882
flux1:, 1.4765886287625412, 0.09645936555234962, -0.10410014676754076
flux1:, 1.4832775919732435, 0.09793271726786969, -0.10468736659019139
flux1:, 1.4899665551839458, 0.09877237922628301, -0.10583394630764378
flux1:, 1.4966555183946482, 0.09852809019048199, -0.10648865957540665
flux1:, 1.5033444816053505, 0.09777259328977694, -0.10720056249336317
flux1:, 1.5100334448160528, 0.09834899337180164, -0.10838707860612438
flux1:, 1.5167224080267552, 0.10058595534000542, -0.10895678331719416
flux1:, 1.5234113712374575, 0.10330132002570934, -0.10865688108380996
flux1:, 1.5301003344481598, 0.10619357124212489, -0.10866476311472828
flux1:, 1.5367892976588622, 0.10933526338463624, -0.1089190577362946
flux1:, 1.5434782608695645, 0.11184505652676748, -0.10851907405014306
flux1:, 1.5501672240802669, 0.1130559256188086, -0.10831472182374427
flux1:, 1.5568561872909692, 0.11285087776062973, -0.10928138534846168
flux1:, 1.5635451505016715, 0.11098608630428035, -0.1099860414312014
flux1:, 1.5702341137123739, 0.10864262368643454, -0.10908736934477437
flux1:, 1.5769230769230762, 0.10824905437576321, -0.10780532589769691
flux1:, 1.5836120401337785, 0.10959841818027767, -0.10730198073592394
flux1:, 1.5903010033444809, 0.1101509302904778, -0.10675424514085688
flux1:, 1.5969899665551832, 0.10964755086895467, -0.10583252758113633
flux1:, 1.6036789297658856, 0.10947935870430435, -0.10571462491481723
flux1:, 1.610367892976588, 0.10931114507451414, -0.1063553644755741
flux1:, 1.6170568561872902, 0.10899442634246544, -0.10595680563040516
flux1:, 1.6237458193979926, 0.10971968075069558, -0.10412019652142668
flux1:, 1.630434782608695, 0.11026091240022519, -0.1026369746836293
flux1:, 1.6371237458193972, 0.10809862423903778, -0.10231277506986129
flux1:, 1.6438127090300996, 0.10492652312915725, -0.10166200817446883
flux1:, 1.650501672240802, 0.10406798395467808, -0.09971947167604425
flux1:, 1.6571906354515042, 0.10406409831653206, -0.09777084585199436
flux1:, 1.6638795986622066, 0.10153465276130813, -0.09711908930559543
flux1:, 1.670568561872909, 0.09730518226357324, -0.0970117850134927
flux1:, 1.6772575250836113, 0.0944523128627264, -0.09594192752765565
flux1:, 1.6839464882943136, 0.09362198797139792, -0.09374121335844185
flux1:, 1.690635451505016, 0.0933132983233898, -0.0914228299442489
flux1:, 1.6973244147157183, 0.09228044605227873, -0.08953637536571281
flux1:, 1.7040133779264206, 0.09065851090790668, -0.08749988250617917
flux1:, 1.710702341137123, 0.08942273519729747, -0.0847894939961912
flux1:, 1.7173913043478253, 0.08836661775030909, -0.08203882769335381
flux1:, 1.7240802675585276, 0.08611751628596562, -0.08005723615662427
flux1:, 1.73076923076923, 0.08304387368405436, -0.07867207151153134
flux1:, 1.7374581939799323, 0.0809717781636151, -0.07766076752916154
flux1:, 1.7441471571906346, 0.07966539726029115, -0.07725884837180118
flux1:, 1.750836120401337, 0.07744533854253667, -0.07677731517775534
flux1:, 1.7575250836120393, 0.07432942711481967, -0.07514013893160638
flux1:, 1.7642140468227416, 0.07111403129662665, -0.07312219845382525
flux1:, 1.770903010033444, 0.06784688963594569, -0.0718668674423941
flux1:, 1.7775919732441463, 0.06535308727475095, -0.07002956808383036
flux1:, 1.7842809364548486, 0.06458983758644371, -0.06624898717316038
flux1:, 1.790969899665551, 0.06405457692982133, -0.062506619176054
flux1:, 1.7976588628762533, 0.061810607991952655, -0.06112846562502341
flux1:, 1.8043478260869557, 0.05874565596721347, -0.06115161031427131
flux1:, 1.811036789297658, 0.05639360372470473, -0.06066160680643045
flux1:, 1.8177257525083603, 0.05425065823606581, -0.05947993381819536
flux1:, 1.8244147157190627, 0.05166548070460893, -0.057889678486660184
flux1:, 1.831103678929765, 0.04917930149675499, -0.05596002080617724
flux1:, 1.8377926421404673, 0.04689843960809354, -0.054324297770241475
flux1:, 1.8444816053511697, 0.04440579302429967, -0.0531078896528677
flux1:, 1.851170568561872, 0.04204445701465023, -0.0513789486424689
flux1:, 1.8578595317725743, 0.040133495631912736, -0.04916850107026881
flux1:, 1.8645484949832767, 0.037986664302161875, -0.04775688267659375
flux1:, 1.871237458193979, 0.035048400493655915, -0.04743407813447209
flux1:, 1.8779264214046814, 0.03179664477120969, -0.047316773457516434
flux1:, 1.8846153846153837, 0.028966631253553646, -0.04691682245862274
flux1:, 1.891304347826086, 0.0267721356842925, -0.04612036883016528
flux1:, 1.8979933110367884, 0.02497694001693337, -0.04476226556687562
flux1:, 1.9046822742474907, 0.02337902268153787, -0.04305798765430121
flux1:, 1.911371237458193, 0.022184654087635185, -0.041181626976409404
flux1:, 1.9180602006688954, 0.021597166407680325, -0.03877392200381761
flux1:, 1.9247491638795977, 0.021132235653440936, -0.03601649897956706
flux1:, 1.9314381270903, 0.020068310822143765, -0.03391532598056284
flux1:, 1.9381270903010024, 0.018469798450121665, -0.03268448357299295
flux1:, 1.9448160535117047, 0.01707372329721241, -0.031448162810661644
flux1:, 1.951505016722407, 0.016292970761734086, -0.029810725826926555
flux1:, 1.9581939799331094, 0.01576243666068889, -0.028179470949031803
flux1:, 1.9648829431438117, 0.014855405332152733, -0.026762545481881186
flux1:, 1.971571906354514, 0.013538328294667109, -0.025447726666926816
flux1:, 1.9782608695652164, 0.012430909297148787, -0.024212132073393438
flux1:, 1.9849498327759187, 0.011835620861161432, -0.02300628174772561
flux1:, 1.991638795986621, 0.011330138717547315, -0.021725845560285718
flux1:, 1.9983277591973234, 0.010641882509180389, -0.020413503052392375
flux1:, 2.0050167224080258, 0.010045752894424803, -0.019121325223052807
flux1:, 2.011705685618728, 0.009623519077608542, -0.01782478705426365
flux1:, 2.0183946488294304, 0.009083854747852189, -0.0166374237979316
flux1:, 2.0250836120401328, 0.008397822919422952, -0.015686198711423075
flux1:, 2.031772575250835, 0.007804401655332267, -0.014785650483571687
flux1:, 2.0384615384615374, 0.007363620022055477, -0.013667925567702245
flux1:, 2.0451505016722398, 0.007023540564446531, -0.012436933491260358
flux1:, 2.051839464882942, 0.006746724130223617, -0.011449899755411974
flux1:, 2.0585284280936444, 0.006375691243699308, -0.010846291959546225
flux1:, 2.065217391304347, 0.005806995926878844, -0.010437753707237834
flux1:, 2.071906354515049, 0.005206948965247728, -0.010012001333052283
flux1:, 2.0785953177257515, 0.004737541339937231, -0.009531016881700856
flux1:, 2.085284280936454, 0.004368661644229933, -0.008997885181827288
flux1:, 2.091973244147156, 0.004084942587782418, -0.008363593311429208
flux1:, 2.0986622073578585, 0.003895317679058567, -0.007678697698177436
flux1:, 2.105351170568561, 0.0036917499063455475, -0.007098247763784201
flux1:, 2.112040133779263, 0.0034127159566121577, -0.0066332587408590524
flux1:, 2.1187290969899655, 0.003155224118813841, -0.006148639707896931
flux1:, 2.125418060200668, 0.0029589367914971253, -0.0056378940240224
flux1:, 2.13210702341137, 0.0027437130850468984, -0.00522699480784618
flux1:, 2.1387959866220725, 0.002497491716071483, -0.00492836878047976
flux1:, 2.145484949832775, 0.002287660091573203, -0.004631881126863876
flux1:, 2.152173913043477, 0.0021313106567826725, -0.004285179458586122
flux1:, 2.1588628762541795, 0.001998540601601063, -0.003919812199195129
flux1:, 2.165551839464882, 0.00186927052433573, -0.003568521484530616
flux1:, 2.172240802675584, 0.0017385479014694102, -0.003243281775174142
flux1:, 2.1789297658862865, 0.0016144990928376225, -0.0029449499695836066
flux1:, 2.185618729096989, 0.0014977465981865655, -0.002671094229751516
flux1:, 2.192307692307691, 0.00137376362938511, -0.00242727270708146
flux1:, 2.1989966555183935, 0.0012559642030671842, -0.002214450941667092
flux1:, 2.205685618729096, 0.00117133044848691, -0.002018593362226551
flux1:, 2.212374581939798, 0.0010990308667947024, -0.0018315900650572275
flux1:, 2.2190635451505005, 0.0010133987290306184, -0.0016566358333956678
flux1:, 2.225752508361203, 9.419651723751598e-4, -0.0014934227771348832
flux1:, 2.232441471571905, 8.975573613664989e-4, -0.0013430798529755967
flux1:, 2.2391304347826075, 8.414611668004973e-4, -0.0012102807313690781
flux1:, 2.24581939799331, 7.635607053517211e-4, -0.0010922225187713576
flux1:, 2.252508361204012, 6.947249014679328e-4, -9.887594034260318e-4
flux1:, 2.2591973244147145, 6.373303327767119e-4, -9.073441496456286e-4
flux1:, 2.265886287625417, 5.758454460542676e-4, -8.388325151203494e-4
flux1:, 2.272575250836119, 5.198605556029546e-4, -7.61051418867761e-4
flux1:, 2.2792642140468216, 4.773528793092278e-4, -6.735693206328326e-4
flux1:, 2.285953177257524, 4.3859497349920843e-4, -5.94737330333819e-4
flux1:, 2.2926421404682262, 4.034072278118539e-4, -5.319532325033627e-4
flux1:, 2.2993311036789286, 3.750099662332242e-4, -4.799232171866913e-4
flux1:, 2.306020066889631, 3.4420421834083616e-4, -4.325020462467387e-4
flux1:, 2.3127090301003332, 3.0973130174142573e-4, -3.8564335315268474e-4
flux1:, 2.3193979933110356, 2.8108899738939723e-4, -3.4164213867521e-4
flux1:, 2.326086956521738, 2.5653340621269855e-4, -3.0626941019253827e-4
flux1:, 2.3327759197324403, 2.2996205292481536e-4, -2.7792174229354373e-4
flux1:, 2.3394648829431426, 2.0453343766265147e-4, -2.518063558366068e-4
flux1:, 2.346153846153845, 1.8168726279639642e-4, -2.28643138328006e-4
flux1:, 2.3528428093645473, 1.5935247954595774e-4, -2.08734792070662e-4
flux1:, 2.3595317725752496, 1.4076894115653922e-4, -1.8997370622909313e-4
flux1:, 2.366220735785952, 1.2654883019454075e-4, -1.7346911187984354e-4
flux1:, 2.3729096989966543, 1.1196876129218227e-4, -1.586318155055105e-4
flux1:, 2.3795986622073566, 9.86775154623029e-5, -1.4142863154206498e-4
flux1:, 2.386287625418059, 8.985742994201453e-5, -1.2427060954681894e-4
flux1:, 2.3929765886287613, 8.06139959607254e-5, -1.1230693197516259e-4
flux1:, 2.3996655518394636, 6.909992218148482e-5, -1.0220057968309862e-4
flux1:, 2.406354515050166, 6.107260890591006e-5, -9.008956555049178e-5
flux1:, 2.4130434782608683, 5.636916977119098e-5, -7.982941998674373e-5
flux1:, 2.4197324414715706, 4.9763769934556274e-5, -7.303490443369258e-5
flux1:, 2.426421404682273, 4.2547854071482744e-5, -6.606691084339916e-5
flux1:, 2.4331103678929753, 3.769715885467067e-5, -5.9038896333030326e-5
flux1:, 2.4397993311036776, 3.3094806958989564e-5, -5.375431811084105e-5
flux1:, 2.44648829431438, 2.8137528117183074e-5, -4.815375919434262e-5
flux1:, 2.4531772575250823, 2.5256483799240775e-5, -4.170235780697135e-5
flux1:, 2.4598662207357846, 2.362229792403289e-5, -3.677926629471417e-5
flux1:, 2.466555183946487, 2.1134797621914756e-5, -3.2789168173250405e-5
flux1:, 2.4732441471571893, 1.8645882449797112e-5, -2.8225173786153584e-5
flux1:, 2.4799331103678917, 1.6767169539532157e-5, -2.457356077388688e-5
flux1:, 2.486622073578594, 1.4569337588937665e-5, -2.22537059411312e-5
flux1:, 2.4933110367892963, 1.2423435823810978e-5, -1.9592220013453255e-5
flux1:, 2.4999999999999987, 1.0990786011448363e-5, -1.696956530349715e-5

Elapsed run time = 1214.81 s
