--------------------------------------------------------------------------
[[10680,1],0]: A high-performance Open MPI point-to-point messaging module
was unable to find any relevant network interfaces:

Module: OpenFabrics (openib)
  Host: euca-128-84-11-54

Another transport will be used instead, although this may result in
lower performance.
--------------------------------------------------------------------------
Using MPI version 3.0, 2 processes
command-line param: no-struct=false
command-line param: no-holes=false
command-line param: rodpos=".1/rodpos.txt"
-----------
Initializing structure...
Working in 3D dimensions.
Computational cell is 4 x 4 x 5 with resolution 40
     block, center = (0,0,0)
          size (1e+20,1e+20,0.15)
          axes (1,0,0), (0,1,0), (0,0,1)
          dielectric constant epsilon diagonal = (12,12,12)
     cylinder, center = (1.658,2.544,0)
          radius 0.2, height 0.15, axis (0, 0, 1)
          dielectric constant epsilon diagonal = (1,1,1)
     cylinder, center = (1.743,1.731,0)
          radius 0.2, height 0.15, axis (0, 0, 1)
          dielectric constant epsilon diagonal = (1,1,1)
     cylinder, center = (0.456,2.492,0)
          radius 0.2, height 0.15, axis (0, 0, 1)
          dielectric constant epsilon diagonal = (1,1,1)
     cylinder, center = (3.806,3.27,0)
          radius 0.2, height 0.15, axis (0, 0, 1)
          dielectric constant epsilon diagonal = (1,1,1)
     cylinder, center = (2.574,0.719,0)
          radius 0.2, height 0.15, axis (0, 0, 1)
          dielectric constant epsilon diagonal = (1,1,1)
     cylinder, center = (2.59,2.275,0)
          radius 0.2, height 0.15, axis (0, 0, 1)
          dielectric constant epsilon diagonal = (1,1,1)
     cylinder, center = (2.801,2.766,0)
          radius 0.2, height 0.15, axis (0, 0, 1)
          dielectric constant epsilon diagonal = (1,1,1)
     cylinder, center = (2.56,1.639,0)
          radius 0.2, height 0.15, axis (0, 0, 1)
          dielectric constant epsilon diagonal = (1,1,1)
     cylinder, center = (0.501,0.849,0)
          radius 0.2, height 0.15, axis (0, 0, 1)
          dielectric constant epsilon diagonal = (1,1,1)
     cylinder, center = (2.192,0.587,0)
          radius 0.2, height 0.15, axis (0, 0, 1)
          dielectric constant epsilon diagonal = (1,1,1)
     cylinder, center = (2.297,2.979,0)
          radius 0.2, height 0.15, axis (0, 0, 1)
          dielectric constant epsilon diagonal = (1,1,1)
     cylinder, center = (0.306,3.78,0)
          radius 0.2, height 0.15, axis (0, 0, 1)
          dielectric constant epsilon diagonal = (1,1,1)
     cylinder, center = (0.954,2.868,0)
          radius 0.2, height 0.15, axis (0, 0, 1)
          dielectric constant epsilon diagonal = (1,1,1)
subpixel-averaging is 82.8157% done, 0.830112 s remaining
time for set_epsilon = 18.3246 s
time for set_conductivity = 0.206572 s
time for set_conductivity = 0.196781 s
time for set_conductivity = 0.198432 s
-----------
Meep progress: 0.0125/50.0 = 0.0% done in 4.0s, 16185.0s to go
on time step 1 (time=0.0125), 4.04767 s/step
Meep progress: 0.1625/50.0 = 0.3% done in 8.1s, 2472.9s to go
on time step 13 (time=0.1625), 0.334651 s/step
Meep progress: 0.3375/50.0 = 0.7% done in 12.3s, 1806.4s to go
on time step 27 (time=0.3375), 0.300921 s/step
Meep progress: 0.48750000000000004/50.0 = 1.0% done in 16.4s, 1667.8s to go
on time step 39 (time=0.4875), 0.345403 s/step
Meep progress: 0.65/50.0 = 1.3% done in 20.6s, 1565.9s to go
on time step 52 (time=0.65), 0.323408 s/step
Meep progress: 0.8125/50.0 = 1.6% done in 24.9s, 1505.9s to go
on time step 65 (time=0.8125), 0.326966 s/step
Meep progress: 0.9875/50.0 = 2.0% done in 29.0s, 1437.7s to go
on time step 79 (time=0.9875), 0.29222 s/step
Meep progress: 1.1375/50.0 = 2.3% done in 33.1s, 1422.0s to go
on time step 91 (time=1.1375), 0.34467 s/step
Meep progress: 1.2875/50.0 = 2.6% done in 37.2s, 1408.1s to go
on time step 103 (time=1.2875), 0.342846 s/step
Meep progress: 1.4375/50.0 = 2.9% done in 41.4s, 1399.7s to go
on time step 115 (time=1.4375), 0.351373 s/step
Meep progress: 1.5875000000000001/50.0 = 3.2% done in 45.5s, 1388.5s to go
on time step 127 (time=1.5875), 0.341351 s/step
Meep progress: 1.725/50.0 = 3.4% done in 49.6s, 1388.2s to go
on time step 138 (time=1.725), 0.370335 s/step
Meep progress: 1.875/50.0 = 3.8% done in 53.7s, 1379.2s to go
on time step 150 (time=1.875), 0.344207 s/step
Meep progress: 2.025/50.0 = 4.0% done in 57.9s, 1371.3s to go
on time step 162 (time=2.025), 0.345549 s/step
Meep progress: 2.1750000000000003/50.0 = 4.4% done in 62.0s, 1364.0s to go
on time step 174 (time=2.175), 0.345903 s/step
Meep progress: 2.325/50.0 = 4.6% done in 66.2s, 1356.9s to go
on time step 186 (time=2.325), 0.345197 s/step
Meep progress: 2.5/50.0 = 5.0% done in 70.3s, 1335.7s to go
on time step 200 (time=2.5), 0.294827 s/step
Meep progress: 2.6500000000000004/50.0 = 5.3% done in 74.5s, 1330.9s to go
on time step 212 (time=2.65), 0.348532 s/step
Meep progress: 2.8000000000000003/50.0 = 5.6% done in 78.7s, 1327.5s to go
on time step 224 (time=2.8), 0.355307 s/step
Meep progress: 2.95/50.0 = 5.9% done in 82.9s, 1322.1s to go
on time step 236 (time=2.95), 0.345755 s/step
Meep progress: 3.1/50.0 = 6.2% done in 87.0s, 1316.8s to go
on time step 248 (time=3.1), 0.345 s/step
Meep progress: 3.25/50.0 = 6.5% done in 91.1s, 1309.7s to go
on time step 260 (time=3.25), 0.334408 s/step
Meep progress: 3.4125/50.0 = 6.8% done in 95.3s, 1301.7s to go
on time step 273 (time=3.4125), 0.330538 s/step
Meep progress: 3.5625/50.0 = 7.1% done in 99.6s, 1298.0s to go
on time step 285 (time=3.5625), 0.352429 s/step
Meep progress: 3.7125000000000004/50.0 = 7.4% done in 103.7s, 1293.4s to go
on time step 297 (time=3.7125), 0.346683 s/step
Meep progress: 3.875/50.0 = 7.8% done in 108.0s, 1285.6s to go
on time step 310 (time=3.875), 0.32834 s/step
Meep progress: 4.0625/50.0 = 8.1% done in 112.2s, 1268.8s to go
on time step 325 (time=4.0625), 0.280214 s/step
Meep progress: 4.2/50.0 = 8.4% done in 116.4s, 1269.9s to go
on time step 336 (time=4.2), 0.385553 s/step
Meep progress: 4.3500000000000005/50.0 = 8.7% done in 120.6s, 1265.6s to go
on time step 348 (time=4.35), 0.346102 s/step
Meep progress: 4.5/50.0 = 9.0% done in 124.7s, 1261.3s to go
on time step 360 (time=4.5), 0.345298 s/step
Meep progress: 4.65/50.0 = 9.3% done in 128.8s, 1255.7s to go
on time step 372 (time=4.65), 0.33413 s/step
Meep progress: 4.8125/50.0 = 9.6% done in 132.8s, 1246.7s to go
on time step 385 (time=4.8125), 0.309209 s/step
Meep progress: 4.9625/50.0 = 9.9% done in 136.8s, 1242.0s to go
on time step 397 (time=4.9625), 0.339327 s/step
Meep progress: 5.15/50.0 = 10.3% done in 141.2s, 1229.8s to go
on time step 412 (time=5.15), 0.291322 s/step
Meep progress: 5.325/50.0 = 10.6% done in 145.3s, 1218.7s to go
on time step 426 (time=5.325), 0.288868 s/step
Meep progress: 5.5625/50.0 = 11.1% done in 149.4s, 1193.8s to go
on time step 445 (time=5.5625), 0.219495 s/step
Meep progress: 5.800000000000001/50.0 = 11.6% done in 153.6s, 1170.5s to go
on time step 464 (time=5.8), 0.219054 s/step
Meep progress: 6.0375000000000005/50.0 = 12.1% done in 157.7s, 1148.5s to go
on time step 483 (time=6.0375), 0.217252 s/step
Meep progress: 6.275/50.0 = 12.6% done in 161.9s, 1127.8s to go
on time step 502 (time=6.275), 0.21759 s/step
Meep progress: 6.487500000000001/50.0 = 13.0% done in 166.1s, 1114.1s to go
on time step 519 (time=6.4875), 0.250294 s/step
Meep progress: 6.6625000000000005/50.0 = 13.3% done in 170.1s, 1106.6s to go
on time step 533 (time=6.6625), 0.28687 s/step
Meep progress: 6.8875/50.0 = 13.8% done in 174.2s, 1090.6s to go
on time step 551 (time=6.8875), 0.227631 s/step
Meep progress: 7.125/50.0 = 14.2% done in 178.3s, 1073.2s to go
on time step 570 (time=7.125), 0.216991 s/step
Meep progress: 7.3125/50.0 = 14.6% done in 182.6s, 1065.8s to go
on time step 585 (time=7.3125), 0.281347 s/step
Meep progress: 7.4625/50.0 = 14.9% done in 186.8s, 1064.8s to go
on time step 597 (time=7.4625), 0.353162 s/step
Meep progress: 7.612500000000001/50.0 = 15.2% done in 190.9s, 1063.0s to go
on time step 609 (time=7.6125), 0.342119 s/step
Meep progress: 7.7875000000000005/50.0 = 15.6% done in 195.3s, 1058.8s to go
on time step 623 (time=7.7875), 0.315254 s/step
Meep progress: 7.9375/50.0 = 15.9% done in 199.4s, 1056.9s to go
on time step 635 (time=7.9375), 0.342963 s/step
Meep progress: 8.125/50.0 = 16.2% done in 203.5s, 1048.9s to go
on time step 650 (time=8.125), 0.272126 s/step
Meep progress: 8.3625/50.0 = 16.7% done in 207.7s, 1034.3s to go
on time step 669 (time=8.3625), 0.221767 s/step
Meep progress: 8.512500000000001/50.0 = 17.0% done in 212.0s, 1033.1s to go
on time step 681 (time=8.5125), 0.352885 s/step
Meep progress: 8.6625/50.0 = 17.3% done in 216.1s, 1031.4s to go
on time step 693 (time=8.6625), 0.347145 s/step
Meep progress: 8.8125/50.0 = 17.6% done in 220.3s, 1029.4s to go
on time step 705 (time=8.8125), 0.343209 s/step
Meep progress: 8.9625/50.0 = 17.9% done in 224.4s, 1027.4s to go
on time step 717 (time=8.9625), 0.344251 s/step
Meep progress: 9.125/50.0 = 18.2% done in 228.6s, 1023.9s to go
on time step 730 (time=9.125), 0.322109 s/step
Meep progress: 9.275/50.0 = 18.6% done in 232.7s, 1021.6s to go
on time step 742 (time=9.275), 0.341134 s/step
Meep progress: 9.4375/50.0 = 18.9% done in 236.7s, 1017.4s to go
on time step 755 (time=9.4375), 0.311561 s/step
Meep progress: 9.65/50.0 = 19.3% done in 240.8s, 1006.9s to go
on time step 772 (time=9.65), 0.240116 s/step
Meep progress: 9.887500000000001/50.0 = 19.8% done in 245.0s, 993.9s to go
on time step 791 (time=9.8875), 0.220188 s/step
Meep progress: 10.125/50.0 = 20.2% done in 249.1s, 981.1s to go
on time step 810 (time=10.125), 0.21824 s/step
Meep progress: 10.3375/50.0 = 20.7% done in 253.4s, 972.4s to go
on time step 827 (time=10.3375), 0.253371 s/step
Meep progress: 10.5/50.0 = 21.0% done in 257.4s, 968.5s to go
on time step 840 (time=10.5), 0.308431 s/step
Meep progress: 10.6875/50.0 = 21.4% done in 261.7s, 962.8s to go
on time step 855 (time=10.6875), 0.285952 s/step
Meep progress: 10.887500000000001/50.0 = 21.8% done in 265.9s, 955.2s to go
on time step 871 (time=10.8875), 0.260406 s/step
Meep progress: 11.037500000000001/50.0 = 22.1% done in 269.9s, 952.8s to go
on time step 883 (time=11.0375), 0.334181 s/step
Meep progress: 11.200000000000001/50.0 = 22.4% done in 274.0s, 949.1s to go
on time step 896 (time=11.2), 0.312418 s/step
Meep progress: 11.350000000000001/50.0 = 22.7% done in 278.2s, 947.3s to go
on time step 908 (time=11.35), 0.349804 s/step
Meep progress: 11.512500000000001/50.0 = 23.0% done in 282.5s, 944.6s to go
on time step 921 (time=11.5125), 0.336249 s/step
Meep progress: 11.662500000000001/50.0 = 23.3% done in 286.8s, 942.7s to go
on time step 933 (time=11.6625), 0.352829 s/step
Meep progress: 11.8/50.0 = 23.6% done in 290.9s, 941.8s to go
on time step 944 (time=11.8), 0.376235 s/step
Meep progress: 11.950000000000001/50.0 = 23.9% done in 295.1s, 939.5s to go
on time step 956 (time=11.95), 0.345072 s/step
Meep progress: 12.100000000000001/50.0 = 24.2% done in 299.2s, 937.2s to go
on time step 968 (time=12.1), 0.34583 s/step
Meep progress: 12.25/50.0 = 24.5% done in 303.3s, 934.8s to go
on time step 980 (time=12.25), 0.344426 s/step
Meep progress: 12.4/50.0 = 24.8% done in 307.5s, 932.4s to go
on time step 992 (time=12.4), 0.345015 s/step
Meep progress: 12.5625/50.0 = 25.1% done in 311.5s, 928.2s to go
on time step 1005 (time=12.5625), 0.3079 s/step
Meep progress: 12.7375/50.0 = 25.5% done in 315.5s, 923.0s to go
on time step 1019 (time=12.7375), 0.288792 s/step
Meep progress: 12.912500000000001/50.0 = 25.8% done in 319.8s, 918.4s to go
on time step 1033 (time=12.9125), 0.302936 s/step
Meep progress: 13.0625/50.0 = 26.1% done in 324.0s, 916.1s to go
on time step 1045 (time=13.0625), 0.348782 s/step
Meep progress: 13.25/50.0 = 26.5% done in 328.1s, 909.9s to go
on time step 1060 (time=13.25), 0.274761 s/step
Meep progress: 13.387500000000001/50.0 = 26.8% done in 332.1s, 908.3s to go
on time step 1071 (time=13.3875), 0.36875 s/step
Meep progress: 13.5625/50.0 = 27.1% done in 336.3s, 903.5s to go
on time step 1085 (time=13.5625), 0.297497 s/step
Meep progress: 13.700000000000001/50.0 = 27.4% done in 340.6s, 902.4s to go
on time step 1096 (time=13.7), 0.388925 s/step
Meep progress: 13.850000000000001/50.0 = 27.7% done in 344.7s, 899.7s to go
on time step 1108 (time=13.85), 0.344209 s/step
Meep progress: 14.0/50.0 = 28.0% done in 348.9s, 897.2s to go
on time step 1120 (time=14), 0.350884 s/step
Meep progress: 14.15/50.0 = 28.3% done in 353.2s, 894.8s to go
on time step 1132 (time=14.15), 0.355073 s/step
Meep progress: 14.3/50.0 = 28.6% done in 357.3s, 892.1s to go
on time step 1144 (time=14.3), 0.346757 s/step
Meep progress: 14.450000000000001/50.0 = 28.9% done in 361.5s, 889.4s to go
on time step 1156 (time=14.45), 0.346534 s/step
Meep progress: 14.600000000000001/50.0 = 29.2% done in 365.6s, 886.5s to go
on time step 1168 (time=14.6), 0.345249 s/step
Meep progress: 14.75/50.0 = 29.5% done in 369.7s, 883.6s to go
on time step 1180 (time=14.75), 0.339751 s/step
Meep progress: 14.887500000000001/50.0 = 29.8% done in 373.7s, 881.4s to go
on time step 1191 (time=14.8875), 0.36452 s/step
Meep progress: 15.0625/50.0 = 30.1% done in 378.1s, 876.9s to go
on time step 1205 (time=15.0625), 0.310608 s/step
Meep progress: 15.200000000000001/50.0 = 30.4% done in 382.2s, 875.0s to go
on time step 1216 (time=15.2), 0.375065 s/step
Meep progress: 15.350000000000001/50.0 = 30.7% done in 386.3s, 871.9s to go
on time step 1228 (time=15.35), 0.337802 s/step
Meep progress: 15.525/50.0 = 31.0% done in 390.4s, 866.9s to go
on time step 1242 (time=15.525), 0.294532 s/step
Meep progress: 15.675/50.0 = 31.4% done in 394.7s, 864.3s to go
on time step 1254 (time=15.675), 0.358062 s/step
Meep progress: 15.850000000000001/50.0 = 31.7% done in 399.0s, 859.7s to go
on time step 1268 (time=15.85), 0.308848 s/step
Meep progress: 16.0/50.0 = 32.0% done in 403.1s, 856.6s to go
on time step 1280 (time=16), 0.343626 s/step
Meep progress: 16.150000000000002/50.0 = 32.3% done in 407.2s, 853.5s to go
on time step 1292 (time=16.15), 0.342665 s/step
Meep progress: 16.3/50.0 = 32.6% done in 411.4s, 850.5s to go
on time step 1304 (time=16.3), 0.344155 s/step
Meep progress: 16.45/50.0 = 32.9% done in 415.5s, 847.4s to go
on time step 1316 (time=16.45), 0.34334 s/step
Meep progress: 16.6/50.0 = 33.2% done in 419.6s, 844.3s to go
on time step 1328 (time=16.6), 0.345346 s/step
Meep progress: 16.75/50.0 = 33.5% done in 423.9s, 841.4s to go
on time step 1340 (time=16.75), 0.354783 s/step
Meep progress: 16.900000000000002/50.0 = 33.8% done in 428.1s, 838.5s to go
on time step 1352 (time=16.9), 0.353322 s/step
Meep progress: 17.075/50.0 = 34.2% done in 432.3s, 833.6s to go
on time step 1366 (time=17.075), 0.298285 s/step
Meep progress: 17.225/50.0 = 34.4% done in 436.4s, 830.4s to go
on time step 1378 (time=17.225), 0.342161 s/step
Meep progress: 17.400000000000002/50.0 = 34.8% done in 440.7s, 825.8s to go
on time step 1392 (time=17.4), 0.309888 s/step
Meep progress: 17.55/50.0 = 35.1% done in 444.9s, 822.5s to go
on time step 1404 (time=17.55), 0.342937 s/step
Meep progress: 17.7/50.0 = 35.4% done in 449.0s, 819.4s to go
on time step 1416 (time=17.7), 0.345934 s/step
Meep progress: 17.8875/50.0 = 35.8% done in 453.1s, 813.4s to go
on time step 1431 (time=17.8875), 0.271551 s/step
Meep progress: 18.1/50.0 = 36.2% done in 457.3s, 805.9s to go
on time step 1448 (time=18.1), 0.245832 s/step
Meep progress: 18.337500000000002/50.0 = 36.7% done in 461.4s, 796.7s to go
on time step 1467 (time=18.3375), 0.218889 s/step
Meep progress: 18.575/50.0 = 37.2% done in 465.5s, 787.6s to go
on time step 1486 (time=18.575), 0.216522 s/step
Meep progress: 18.8125/50.0 = 37.6% done in 469.7s, 778.6s to go
on time step 1505 (time=18.8125), 0.216816 s/step
Meep progress: 19.0/50.0 = 38.0% done in 473.7s, 772.8s to go
on time step 1520 (time=19), 0.267218 s/step
Meep progress: 19.2375/50.0 = 38.5% done in 477.8s, 764.1s to go
on time step 1539 (time=19.2375), 0.218144 s/step
Meep progress: 19.475/50.0 = 39.0% done in 482.0s, 755.5s to go
on time step 1558 (time=19.475), 0.21944 s/step
Meep progress: 19.712500000000002/50.0 = 39.4% done in 486.1s, 746.9s to go
on time step 1577 (time=19.7125), 0.218082 s/step
Meep progress: 19.9375/50.0 = 39.9% done in 490.2s, 739.1s to go
on time step 1595 (time=19.9375), 0.224987 s/step
Meep progress: 20.1125/50.0 = 40.2% done in 494.4s, 734.6s to go
on time step 1609 (time=20.1125), 0.300237 s/step
Meep progress: 20.3125/50.0 = 40.6% done in 498.6s, 728.7s to go
on time step 1625 (time=20.3125), 0.260939 s/step
Meep progress: 20.4875/50.0 = 41.0% done in 502.8s, 724.3s to go
on time step 1639 (time=20.4875), 0.304343 s/step
Meep progress: 20.637500000000003/50.0 = 41.3% done in 507.0s, 721.3s to go
on time step 1651 (time=20.6375), 0.345074 s/step
Meep progress: 20.7875/50.0 = 41.6% done in 511.1s, 718.2s to go
on time step 1663 (time=20.7875), 0.345713 s/step
Meep progress: 20.9375/50.0 = 41.9% done in 515.3s, 715.2s to go
on time step 1675 (time=20.9375), 0.346727 s/step
Meep progress: 21.1/50.0 = 42.2% done in 519.3s, 711.3s to go
on time step 1688 (time=21.1), 0.313228 s/step
Meep progress: 21.25/50.0 = 42.5% done in 523.6s, 708.4s to go
on time step 1700 (time=21.25), 0.353875 s/step
Meep progress: 21.4375/50.0 = 42.9% done in 527.7s, 703.2s to go
on time step 1715 (time=21.4375), 0.277863 s/step
Meep progress: 21.6125/50.0 = 43.2% done in 532.0s, 698.8s to go
on time step 1729 (time=21.6125), 0.305136 s/step
Meep progress: 21.762500000000003/50.0 = 43.5% done in 536.2s, 695.7s to go
on time step 1741 (time=21.7625), 0.345539 s/step
Meep progress: 21.9125/50.0 = 43.8% done in 540.3s, 692.5s to go
on time step 1753 (time=21.9125), 0.343739 s/step
Meep progress: 22.0625/50.0 = 44.1% done in 544.4s, 689.4s to go
on time step 1765 (time=22.0625), 0.346465 s/step
Meep progress: 22.212500000000002/50.0 = 44.4% done in 548.6s, 686.3s to go
on time step 1777 (time=22.2125), 0.344259 s/step
Meep progress: 22.375/50.0 = 44.8% done in 552.9s, 682.6s to go
on time step 1790 (time=22.375), 0.330609 s/step
Meep progress: 22.525000000000002/50.0 = 45.1% done in 557.2s, 679.7s to go
on time step 1802 (time=22.525), 0.360445 s/step
Meep progress: 22.6625/50.0 = 45.3% done in 561.3s, 677.0s to go
on time step 1813 (time=22.6625), 0.369445 s/step
Meep progress: 22.8125/50.0 = 45.6% done in 565.3s, 673.8s to go
on time step 1825 (time=22.8125), 0.33899 s/step
Meep progress: 22.962500000000002/50.0 = 45.9% done in 569.6s, 670.7s to go
on time step 1837 (time=22.9625), 0.357677 s/step
Meep progress: 23.1125/50.0 = 46.2% done in 573.7s, 667.5s to go
on time step 1849 (time=23.1125), 0.343319 s/step
Meep progress: 23.262500000000003/50.0 = 46.5% done in 578.0s, 664.3s to go
on time step 1861 (time=23.2625), 0.353405 s/step
Meep progress: 23.4125/50.0 = 46.8% done in 582.3s, 661.3s to go
on time step 1873 (time=23.4125), 0.359742 s/step
Meep progress: 23.5625/50.0 = 47.1% done in 586.4s, 658.0s to go
on time step 1885 (time=23.5625), 0.343265 s/step
Meep progress: 23.725/50.0 = 47.4% done in 590.7s, 654.1s to go
on time step 1898 (time=23.725), 0.325414 s/step
Meep progress: 23.875/50.0 = 47.8% done in 594.8s, 650.9s to go
on time step 1910 (time=23.875), 0.349104 s/step
Meep progress: 24.025000000000002/50.0 = 48.1% done in 599.0s, 647.6s to go
on time step 1922 (time=24.025), 0.344725 s/step
Meep progress: 24.1875/50.0 = 48.4% done in 603.2s, 643.7s to go
on time step 1935 (time=24.1875), 0.32198 s/step
Meep progress: 24.337500000000002/50.0 = 48.7% done in 607.2s, 640.3s to go
on time step 1947 (time=24.3375), 0.338126 s/step
Meep progress: 24.512500000000003/50.0 = 49.0% done in 611.4s, 635.7s to go
on time step 1961 (time=24.5125), 0.295121 s/step
Meep progress: 24.6875/50.0 = 49.4% done in 615.7s, 631.3s to go
on time step 1975 (time=24.6875), 0.31051 s/step
Meep progress: 24.837500000000002/50.0 = 49.7% done in 619.9s, 628.1s to go
on time step 1987 (time=24.8375), 0.353908 s/step
Meep progress: 24.9875/50.0 = 50.0% done in 624.2s, 624.8s to go
on time step 1999 (time=24.9875), 0.350849 s/step
Meep progress: 25.137500000000003/50.0 = 50.3% done in 628.4s, 621.5s to go
on time step 2011 (time=25.1375), 0.354063 s/step
Meep progress: 25.275000000000002/50.0 = 50.6% done in 632.4s, 618.6s to go
on time step 2022 (time=25.275), 0.363807 s/step
Meep progress: 25.4375/50.0 = 50.9% done in 636.6s, 614.7s to go
on time step 2035 (time=25.4375), 0.322073 s/step
Meep progress: 25.625/50.0 = 51.2% done in 640.8s, 609.6s to go
on time step 2050 (time=25.625), 0.281635 s/step
Meep progress: 25.775000000000002/50.0 = 51.6% done in 644.9s, 606.1s to go
on time step 2062 (time=25.775), 0.341718 s/step
Meep progress: 25.9375/50.0 = 51.9% done in 649.0s, 602.1s to go
on time step 2075 (time=25.9375), 0.313192 s/step
Meep progress: 26.1125/50.0 = 52.2% done in 653.1s, 597.5s to go
on time step 2089 (time=26.1125), 0.296172 s/step
Meep progress: 26.262500000000003/50.0 = 52.5% done in 657.4s, 594.2s to go
on time step 2101 (time=26.2625), 0.353341 s/step
Meep progress: 26.400000000000002/50.0 = 52.8% done in 661.4s, 591.3s to go
on time step 2112 (time=26.4), 0.36646 s/step
Meep progress: 26.5625/50.0 = 53.1% done in 665.6s, 587.3s to go
on time step 2125 (time=26.5625), 0.323834 s/step
Meep progress: 26.712500000000002/50.0 = 53.4% done in 669.8s, 583.9s to go
on time step 2137 (time=26.7125), 0.344172 s/step
Meep progress: 26.875/50.0 = 53.8% done in 673.8s, 579.8s to go
on time step 2150 (time=26.875), 0.313204 s/step
Meep progress: 27.05/50.0 = 54.1% done in 678.0s, 575.3s to go
on time step 2164 (time=27.05), 0.301698 s/step
Meep progress: 27.2375/50.0 = 54.5% done in 682.3s, 570.2s to go
on time step 2179 (time=27.2375), 0.284622 s/step
Meep progress: 27.387500000000003/50.0 = 54.8% done in 686.4s, 566.7s to go
on time step 2191 (time=27.3875), 0.338985 s/step
Meep progress: 27.6125/50.0 = 55.2% done in 690.5s, 559.8s to go
on time step 2209 (time=27.6125), 0.227877 s/step
Meep progress: 27.762500000000003/50.0 = 55.5% done in 694.6s, 556.4s to go
on time step 2221 (time=27.7625), 0.343637 s/step
Meep progress: 27.9375/50.0 = 55.9% done in 698.9s, 551.9s to go
on time step 2235 (time=27.9375), 0.303481 s/step
Meep progress: 28.1125/50.0 = 56.2% done in 703.1s, 547.4s to go
on time step 2249 (time=28.1125), 0.304227 s/step
Meep progress: 28.275000000000002/50.0 = 56.6% done in 707.3s, 543.4s to go
on time step 2262 (time=28.275), 0.319491 s/step
Meep progress: 28.462500000000002/50.0 = 56.9% done in 711.6s, 538.4s to go
on time step 2277 (time=28.4625), 0.286615 s/step
Meep progress: 28.625/50.0 = 57.2% done in 715.6s, 534.4s to go
on time step 2290 (time=28.625), 0.312812 s/step
Meep progress: 28.775000000000002/50.0 = 57.6% done in 719.7s, 530.9s to go
on time step 2302 (time=28.775), 0.337582 s/step
Meep progress: 28.925/50.0 = 57.8% done in 723.9s, 527.4s to go
on time step 2314 (time=28.925), 0.351424 s/step
Meep progress: 29.075000000000003/50.0 = 58.2% done in 728.0s, 524.0s to go
on time step 2326 (time=29.075), 0.343751 s/step
Meep progress: 29.25/50.0 = 58.5% done in 732.3s, 519.5s to go
on time step 2340 (time=29.25), 0.308346 s/step
Meep progress: 29.4125/50.0 = 58.8% done in 736.6s, 515.6s to go
on time step 2353 (time=29.4125), 0.324326 s/step
Meep progress: 29.5625/50.0 = 59.1% done in 740.8s, 512.1s to go
on time step 2365 (time=29.5625), 0.34895 s/step
Meep progress: 29.712500000000002/50.0 = 59.4% done in 744.9s, 508.6s to go
on time step 2377 (time=29.7125), 0.347934 s/step
Meep progress: 29.8625/50.0 = 59.7% done in 749.2s, 505.2s to go
on time step 2389 (time=29.8625), 0.356721 s/step
Meep progress: 30.012500000000003/50.0 = 60.0% done in 753.5s, 501.8s to go
on time step 2401 (time=30.0125), 0.353819 s/step
Meep progress: 30.1625/50.0 = 60.3% done in 757.7s, 498.3s to go
on time step 2413 (time=30.1625), 0.349833 s/step
Meep progress: 30.3125/50.0 = 60.6% done in 761.8s, 494.8s to go
on time step 2425 (time=30.3125), 0.342295 s/step
Meep progress: 30.462500000000002/50.0 = 60.9% done in 766.2s, 491.4s to go
on time step 2437 (time=30.4625), 0.367361 s/step
Meep progress: 30.6/50.0 = 61.2% done in 770.2s, 488.3s to go
on time step 2448 (time=30.6), 0.366882 s/step
Meep progress: 30.75/50.0 = 61.5% done in 774.3s, 484.7s to go
on time step 2460 (time=30.75), 0.344651 s/step
Meep progress: 30.9125/50.0 = 61.8% done in 778.5s, 480.7s to go
on time step 2473 (time=30.9125), 0.318683 s/step
Meep progress: 31.1125/50.0 = 62.2% done in 782.6s, 475.1s to go
on time step 2489 (time=31.1125), 0.258201 s/step
Meep progress: 31.35/50.0 = 62.7% done in 786.8s, 468.1s to go
on time step 2508 (time=31.35), 0.220612 s/step
Meep progress: 31.587500000000002/50.0 = 63.2% done in 790.9s, 461.0s to go
on time step 2527 (time=31.5875), 0.218071 s/step
Meep progress: 31.825000000000003/50.0 = 63.6% done in 795.1s, 454.1s to go
on time step 2546 (time=31.825), 0.218255 s/step
Meep progress: 32.0625/50.0 = 64.1% done in 799.3s, 447.1s to go
on time step 2565 (time=32.0625), 0.218991 s/step
Meep progress: 32.300000000000004/50.0 = 64.6% done in 803.4s, 440.2s to go
on time step 2584 (time=32.3), 0.216075 s/step
Meep progress: 32.5/50.0 = 65.0% done in 807.4s, 434.8s to go
on time step 2600 (time=32.5), 0.255231 s/step
Meep progress: 32.65/50.0 = 65.3% done in 811.8s, 431.4s to go
on time step 2612 (time=32.65), 0.358849 s/step
Meep progress: 32.800000000000004/50.0 = 65.6% done in 815.9s, 427.8s to go
on time step 2624 (time=32.8), 0.345564 s/step
Meep progress: 32.95/50.0 = 65.9% done in 819.9s, 424.3s to go
on time step 2636 (time=32.95), 0.334451 s/step
Meep progress: 33.112500000000004/50.0 = 66.2% done in 823.9s, 420.2s to go
on time step 2649 (time=33.1125), 0.309696 s/step
Meep progress: 33.300000000000004/50.0 = 66.6% done in 828.1s, 415.3s to go
on time step 2664 (time=33.3), 0.279862 s/step
Meep progress: 33.4625/50.0 = 66.9% done in 832.5s, 411.4s to go
on time step 2677 (time=33.4625), 0.335371 s/step
Meep progress: 33.612500000000004/50.0 = 67.2% done in 836.6s, 407.9s to go
on time step 2689 (time=33.6125), 0.344783 s/step
Meep progress: 33.7625/50.0 = 67.5% done in 840.8s, 404.4s to go
on time step 2701 (time=33.7625), 0.346007 s/step
Meep progress: 33.9125/50.0 = 67.8% done in 844.9s, 400.8s to go
on time step 2713 (time=33.9125), 0.343825 s/step
Meep progress: 34.0625/50.0 = 68.1% done in 849.1s, 397.3s to go
on time step 2725 (time=34.0625), 0.345826 s/step
Meep progress: 34.2125/50.0 = 68.4% done in 853.2s, 393.7s to go
on time step 2737 (time=34.2125), 0.346778 s/step
Meep progress: 34.362500000000004/50.0 = 68.7% done in 857.4s, 390.2s to go
on time step 2749 (time=34.3625), 0.345876 s/step
Meep progress: 34.525/50.0 = 69.0% done in 861.5s, 386.2s to go
on time step 2762 (time=34.525), 0.320751 s/step
Meep progress: 34.675000000000004/50.0 = 69.4% done in 865.9s, 382.7s to go
on time step 2774 (time=34.675), 0.359443 s/step
Meep progress: 34.8125/50.0 = 69.6% done in 869.9s, 379.5s to go
on time step 2785 (time=34.8125), 0.366526 s/step
Meep progress: 34.95/50.0 = 69.9% done in 874.0s, 376.3s to go
on time step 2796 (time=34.95), 0.369306 s/step
Meep progress: 35.1/50.0 = 70.2% done in 878.1s, 372.7s to go
on time step 2808 (time=35.1), 0.341628 s/step
Meep progress: 35.237500000000004/50.0 = 70.5% done in 882.1s, 369.5s to go
on time step 2819 (time=35.2375), 0.363794 s/step
Meep progress: 35.3875/50.0 = 70.8% done in 886.2s, 365.9s to go
on time step 2831 (time=35.3875), 0.343087 s/step
Meep progress: 35.525/50.0 = 71.0% done in 890.2s, 362.7s to go
on time step 2842 (time=35.525), 0.369813 s/step
Meep progress: 35.675000000000004/50.0 = 71.4% done in 894.4s, 359.2s to go
on time step 2854 (time=35.675), 0.35042 s/step
Meep progress: 35.825/50.0 = 71.6% done in 898.6s, 355.5s to go
on time step 2866 (time=35.825), 0.345567 s/step
Meep progress: 35.975/50.0 = 72.0% done in 902.7s, 351.9s to go
on time step 2878 (time=35.975), 0.344781 s/step
Meep progress: 36.125/50.0 = 72.2% done in 906.9s, 348.3s to go
on time step 2890 (time=36.125), 0.344711 s/step
Meep progress: 36.275/50.0 = 72.6% done in 911.0s, 344.7s to go
on time step 2902 (time=36.275), 0.343846 s/step
Meep progress: 36.425000000000004/50.0 = 72.9% done in 915.2s, 341.1s to go
on time step 2914 (time=36.425), 0.346884 s/step
Meep progress: 36.5875/50.0 = 73.2% done in 919.3s, 337.0s to go
on time step 2927 (time=36.5875), 0.316445 s/step
Meep progress: 36.75/50.0 = 73.5% done in 923.5s, 333.0s to go
on time step 2940 (time=36.75), 0.323252 s/step
Meep progress: 36.9125/50.0 = 73.8% done in 927.7s, 328.9s to go
on time step 2953 (time=36.9125), 0.327116 s/step
Meep progress: 37.0625/50.0 = 74.1% done in 931.9s, 325.3s to go
on time step 2965 (time=37.0625), 0.346227 s/step
Meep progress: 37.2125/50.0 = 74.4% done in 936.0s, 321.6s to go
on time step 2977 (time=37.2125), 0.344909 s/step
Meep progress: 37.425000000000004/50.0 = 74.9% done in 940.1s, 315.9s to go
on time step 2994 (time=37.425), 0.239566 s/step
Meep progress: 37.6625/50.0 = 75.3% done in 944.2s, 309.3s to go
on time step 3013 (time=37.6625), 0.21739 s/step
Meep progress: 37.8375/50.0 = 75.7% done in 948.6s, 304.9s to go
on time step 3027 (time=37.8375), 0.311072 s/step
Meep progress: 37.987500000000004/50.0 = 76.0% done in 952.7s, 301.3s to go
on time step 3039 (time=37.9875), 0.347666 s/step
Meep progress: 38.1375/50.0 = 76.3% done in 956.9s, 297.6s to go
on time step 3051 (time=38.1375), 0.343775 s/step
Meep progress: 38.3375/50.0 = 76.7% done in 960.9s, 292.3s to go
on time step 3067 (time=38.3375), 0.253845 s/step
Meep progress: 38.5625/50.0 = 77.1% done in 965.0s, 286.2s to go
on time step 3085 (time=38.5625), 0.228806 s/step
Meep progress: 38.800000000000004/50.0 = 77.6% done in 969.2s, 279.8s to go
on time step 3104 (time=38.8), 0.220024 s/step
Meep progress: 39.0125/50.0 = 78.0% done in 973.3s, 274.1s to go
on time step 3121 (time=39.0125), 0.241475 s/step
Meep progress: 39.175000000000004/50.0 = 78.4% done in 977.5s, 270.1s to go
on time step 3134 (time=39.175), 0.318782 s/step
Meep progress: 39.375/50.0 = 78.8% done in 981.6s, 264.9s to go
on time step 3150 (time=39.375), 0.258037 s/step
Meep progress: 39.5125/50.0 = 79.0% done in 985.8s, 261.7s to go
on time step 3161 (time=39.5125), 0.382482 s/step
Meep progress: 39.6875/50.0 = 79.4% done in 990.1s, 257.3s to go
on time step 3175 (time=39.6875), 0.307269 s/step
Meep progress: 39.9125/50.0 = 79.8% done in 994.3s, 251.3s to go
on time step 3193 (time=39.9125), 0.230831 s/step
Meep progress: 40.150000000000006/50.0 = 80.3% done in 998.4s, 244.9s to go
on time step 3212 (time=40.15), 0.218411 s/step
Meep progress: 40.35/50.0 = 80.7% done in 1002.4s, 239.7s to go
on time step 3228 (time=40.35), 0.251094 s/step
Meep progress: 40.5/50.0 = 81.0% done in 1006.6s, 236.1s to go
on time step 3240 (time=40.5), 0.344711 s/step
Meep progress: 40.675000000000004/50.0 = 81.4% done in 1010.6s, 231.7s to go
on time step 3254 (time=40.675), 0.289896 s/step
Meep progress: 40.825/50.0 = 81.6% done in 1014.8s, 228.1s to go
on time step 3266 (time=40.825), 0.348979 s/step
Meep progress: 40.975/50.0 = 82.0% done in 1019.0s, 224.4s to go
on time step 3278 (time=40.975), 0.345383 s/step
Meep progress: 41.125/50.0 = 82.2% done in 1023.0s, 220.8s to go
on time step 3290 (time=41.125), 0.339171 s/step
Meep progress: 41.275000000000006/50.0 = 82.6% done in 1027.3s, 217.1s to go
on time step 3302 (time=41.275), 0.351277 s/step
Meep progress: 41.425000000000004/50.0 = 82.9% done in 1031.4s, 213.5s to go
on time step 3314 (time=41.425), 0.347055 s/step
Meep progress: 41.575/50.0 = 83.2% done in 1035.6s, 209.9s to go
on time step 3326 (time=41.575), 0.344472 s/step
Meep progress: 41.725/50.0 = 83.4% done in 1039.9s, 206.2s to go
on time step 3338 (time=41.725), 0.360647 s/step
Meep progress: 41.862500000000004/50.0 = 83.7% done in 1043.9s, 202.9s to go
on time step 3349 (time=41.8625), 0.366585 s/step
Meep progress: 42.0125/50.0 = 84.0% done in 1048.0s, 199.3s to go
on time step 3361 (time=42.0125), 0.343395 s/step
Meep progress: 42.1625/50.0 = 84.3% done in 1052.2s, 195.6s to go
on time step 3373 (time=42.1625), 0.344547 s/step
Meep progress: 42.3125/50.0 = 84.6% done in 1056.3s, 191.9s to go
on time step 3385 (time=42.3125), 0.341875 s/step
Meep progress: 42.475/50.0 = 85.0% done in 1060.4s, 187.9s to go
on time step 3398 (time=42.475), 0.320297 s/step
Meep progress: 42.625/50.0 = 85.2% done in 1064.6s, 184.2s to go
on time step 3410 (time=42.625), 0.348731 s/step
Meep progress: 42.7875/50.0 = 85.6% done in 1068.8s, 180.2s to go
on time step 3423 (time=42.7875), 0.32193 s/step
Meep progress: 42.95/50.0 = 85.9% done in 1073.0s, 176.1s to go
on time step 3436 (time=42.95), 0.323383 s/step
Meep progress: 43.150000000000006/50.0 = 86.3% done in 1077.2s, 171.0s to go
on time step 3452 (time=43.15), 0.264335 s/step
Meep progress: 43.3875/50.0 = 86.8% done in 1081.5s, 164.8s to go
on time step 3471 (time=43.3875), 0.221905 s/step
Meep progress: 43.625/50.0 = 87.2% done in 1085.6s, 158.6s to go
on time step 3490 (time=43.625), 0.217578 s/step
Meep progress: 43.862500000000004/50.0 = 87.7% done in 1089.7s, 152.5s to go
on time step 3509 (time=43.8625), 0.216564 s/step
Meep progress: 44.075/50.0 = 88.2% done in 1093.7s, 147.0s to go
on time step 3526 (time=44.075), 0.237787 s/step
Meep progress: 44.237500000000004/50.0 = 88.5% done in 1097.8s, 143.0s to go
on time step 3539 (time=44.2375), 0.311147 s/step
Meep progress: 44.4375/50.0 = 88.9% done in 1101.8s, 137.9s to go
on time step 3555 (time=44.4375), 0.250436 s/step
Meep progress: 44.6625/50.0 = 89.3% done in 1105.8s, 132.2s to go
on time step 3573 (time=44.6625), 0.224549 s/step
Meep progress: 44.900000000000006/50.0 = 89.8% done in 1110.0s, 126.1s to go
on time step 3592 (time=44.9), 0.219264 s/step
Meep progress: 45.1375/50.0 = 90.3% done in 1114.1s, 120.0s to go
on time step 3611 (time=45.1375), 0.218205 s/step
Meep progress: 45.375/50.0 = 90.8% done in 1118.3s, 114.0s to go
on time step 3630 (time=45.375), 0.219096 s/step
Meep progress: 45.5375/50.0 = 91.1% done in 1122.6s, 110.0s to go
on time step 3643 (time=45.5375), 0.328642 s/step
Meep progress: 45.712500000000006/50.0 = 91.4% done in 1126.8s, 105.7s to go
on time step 3657 (time=45.7125), 0.298639 s/step
Meep progress: 45.862500000000004/50.0 = 91.7% done in 1130.8s, 102.0s to go
on time step 3669 (time=45.8625), 0.33725 s/step
Meep progress: 46.0375/50.0 = 92.1% done in 1134.9s, 97.7s to go
on time step 3683 (time=46.0375), 0.29329 s/step
Meep progress: 46.1875/50.0 = 92.4% done in 1139.0s, 94.0s to go
on time step 3695 (time=46.1875), 0.340829 s/step
Meep progress: 46.337500000000006/50.0 = 92.7% done in 1143.1s, 90.4s to go
on time step 3707 (time=46.3375), 0.344952 s/step
Meep progress: 46.487500000000004/50.0 = 93.0% done in 1147.3s, 86.7s to go
on time step 3719 (time=46.4875), 0.343886 s/step
Meep progress: 46.650000000000006/50.0 = 93.3% done in 1151.7s, 82.7s to go
on time step 3732 (time=46.65), 0.337511 s/step
Meep progress: 46.837500000000006/50.0 = 93.7% done in 1156.0s, 78.1s to go
on time step 3747 (time=46.8375), 0.292066 s/step
Meep progress: 46.987500000000004/50.0 = 94.0% done in 1160.2s, 74.4s to go
on time step 3759 (time=46.9875), 0.343934 s/step
Meep progress: 47.1375/50.0 = 94.3% done in 1164.3s, 70.7s to go
on time step 3771 (time=47.1375), 0.345283 s/step
Meep progress: 47.2875/50.0 = 94.6% done in 1168.6s, 67.0s to go
on time step 3783 (time=47.2875), 0.355744 s/step
Meep progress: 47.4375/50.0 = 94.9% done in 1172.7s, 63.3s to go
on time step 3795 (time=47.4375), 0.34175 s/step
Meep progress: 47.625/50.0 = 95.2% done in 1176.8s, 58.7s to go
on time step 3810 (time=47.625), 0.277094 s/step
Meep progress: 47.7875/50.0 = 95.6% done in 1181.2s, 54.7s to go
on time step 3823 (time=47.7875), 0.33743 s/step
Meep progress: 47.9375/50.0 = 95.9% done in 1185.4s, 51.0s to go
on time step 3835 (time=47.9375), 0.348603 s/step
Meep progress: 48.087500000000006/50.0 = 96.2% done in 1189.5s, 47.3s to go
on time step 3847 (time=48.0875), 0.343339 s/step
Meep progress: 48.237500000000004/50.0 = 96.5% done in 1193.6s, 43.6s to go
on time step 3859 (time=48.2375), 0.341344 s/step
Meep progress: 48.400000000000006/50.0 = 96.8% done in 1197.8s, 39.6s to go
on time step 3872 (time=48.4), 0.32101 s/step
Meep progress: 48.550000000000004/50.0 = 97.1% done in 1202.0s, 35.9s to go
on time step 3884 (time=48.55), 0.34616 s/step
Meep progress: 48.7/50.0 = 97.4% done in 1206.2s, 32.2s to go
on time step 3896 (time=48.7), 0.35319 s/step
Meep progress: 48.85/50.0 = 97.7% done in 1210.4s, 28.5s to go
on time step 3908 (time=48.85), 0.34645 s/step
Meep progress: 49.0/50.0 = 98.0% done in 1214.5s, 24.8s to go
on time step 3920 (time=49), 0.347946 s/step
Meep progress: 49.150000000000006/50.0 = 98.3% done in 1218.6s, 21.1s to go
on time step 3932 (time=49.15), 0.336675 s/step
Meep progress: 49.325/50.0 = 98.6% done in 1222.9s, 16.7s to go
on time step 3946 (time=49.325), 0.311173 s/step
Meep progress: 49.487500000000004/50.0 = 99.0% done in 1227.1s, 12.7s to go
on time step 3959 (time=49.4875), 0.320312 s/step
Meep progress: 49.650000000000006/50.0 = 99.3% done in 1231.1s, 8.7s to go
on time step 3972 (time=49.65), 0.308976 s/step
Meep progress: 49.875/50.0 = 99.8% done in 1235.2s, 3.1s to go
on time step 3990 (time=49.875), 0.227011 s/step
run 0 finished at t = 50.0 (4000 timesteps)
flux1:, 0.5, 1.3448455815765138e-6, -6.734152806854936e-7
flux1:, 0.5066889632107023, 1.5861817946342576e-6, -8.912965709013778e-7
flux1:, 0.5133779264214047, 1.4328190149322995e-6, -8.613681745313796e-7
flux1:, 0.520066889632107, 1.8430178955282343e-6, -8.993743449490515e-7
flux1:, 0.5267558528428093, 2.462560352049424e-6, -1.2200850606048035e-6
flux1:, 0.5334448160535117, 2.3683347716840586e-6, -1.2626391808158429e-6
flux1:, 0.540133779264214, 2.5616694512742627e-6, -1.1619201290435416e-6
flux1:, 0.5468227424749164, 3.377244514778474e-6, -1.554580288411574e-6
flux1:, 0.5535117056856187, 3.4936671137661237e-6, -1.935422343548583e-6
flux1:, 0.560200668896321, 3.627019629362299e-6, -1.9338504157780574e-6
flux1:, 0.5668896321070234, 4.863554842759644e-6, -2.329076326297867e-6
flux1:, 0.5735785953177257, 5.520474962738734e-6, -2.9693581903397204e-6
flux1:, 0.580267558528428, 5.559565928549985e-6, -3.0861053885340713e-6
flux1:, 0.5869565217391304, 7.095922580142613e-6, -3.372582786974321e-6
flux1:, 0.5936454849498327, 8.589500067470067e-6, -4.202023087817778e-6
flux1:, 0.600334448160535, 8.464668047740903e-6, -4.679045299617658e-6
flux1:, 0.6070234113712374, 9.767322230137606e-6, -5.23324986363792e-6
flux1:, 0.6137123745819397, 1.2602141815732264e-5, -6.512268643746972e-6
flux1:, 0.6204013377926421, 1.3491136001298192e-5, -7.299193062798441e-6
flux1:, 0.6270903010033444, 1.4511308460200987e-5, -7.752677387381951e-6
flux1:, 0.6337792642140467, 1.8098746439978233e-5, -9.467350773341284e-6
flux1:, 0.6404682274247491, 2.0300553699799168e-5, -1.1221883055098201e-5
flux1:, 0.6471571906354514, 2.118952809719328e-5, -1.1915561861242072e-5
flux1:, 0.6538461538461537, 2.5224076150802364e-5, -1.3805633738658503e-5
flux1:, 0.6605351170568561, 2.927398038593998e-5, -1.690918223420274e-5
flux1:, 0.6672240802675584, 3.068689270094853e-5, -1.8869731165481007e-5
flux1:, 0.6739130434782608, 3.506519842748946e-5, -2.1303431336060564e-5
flux1:, 0.6806020066889631, 4.1461813490507326e-5, -2.5841930007262338e-5
flux1:, 0.6872909698996654, 4.441998046861864e-5, -2.9900087916329295e-5
flux1:, 0.6939799331103678, 4.967613018915919e-5, -3.34629276475287e-5
flux1:, 0.7006688963210701, 5.950688193390319e-5, -3.8574547683038156e-5
flux1:, 0.7073578595317724, 6.426092005918216e-5, -4.341288250550501e-5
flux1:, 0.7140468227424748, 6.718728211688288e-5, -4.8628448608636244e-5
flux1:, 0.7207357859531771, 7.852447354574329e-5, -5.786417231449093e-5
flux1:, 0.7274247491638794, 8.865163920119648e-5, -6.756568222555905e-5
flux1:, 0.7341137123745818, 9.108185727087663e-5, -7.517411715626225e-5
flux1:, 0.7408026755852841, 1.0006505228974339e-4, -8.809905045507711e-5
flux1:, 0.7474916387959865, 1.1502995983575364e-4, -1.0674782702470999e-4
flux1:, 0.7541806020066888, 1.2259688932847842e-4, -1.2236824888517877e-4
flux1:, 0.7608695652173911, 1.3351782598288668e-4, -1.3721992593621632e-4
flux1:, 0.7675585284280935, 1.5591194161988778e-4, -1.5622866845565144e-4
flux1:, 0.7742474916387958, 1.698427828126787e-4, -1.7477882084862185e-4
flux1:, 0.7809364548494981, 1.7407608577485692e-4, -1.9868385164338926e-4
flux1:, 0.7876254180602005, 1.901785806899134e-4, -2.378998376810635e-4
flux1:, 0.7943143812709028, 2.104371570568875e-4, -2.786034275580236e-4
flux1:, 0.8010033444816052, 2.1822150289688128e-4, -3.09922357618454e-4
flux1:, 0.8076923076923075, 2.269765883883799e-4, -3.4758646866002825e-4
flux1:, 0.8143812709030098, 2.4177551355175606e-4, -3.9410765841172904e-4
flux1:, 0.8210702341137122, 2.48804479762784e-4, -4.3674676771819214e-4
flux1:, 0.8277591973244145, 2.593681339352581e-4, -4.896285193761341e-4
flux1:, 0.8344481605351168, 2.8714521714738307e-4, -5.676793058767037e-4
flux1:, 0.8411371237458192, 3.105823514279415e-4, -6.572145753230415e-4
flux1:, 0.8478260869565215, 3.179239127232821e-4, -7.549702766230106e-4
flux1:, 0.8545150501672238, 3.3022374871511984e-4, -8.626799154167572e-4
flux1:, 0.8612040133779262, 3.527174497020828e-4, -9.63423197669503e-4
flux1:, 0.8678929765886285, 3.6256805338897875e-4, -0.0010792395428758069
flux1:, 0.8745819397993309, 3.428349790903142e-4, -0.0012513370275571657
flux1:, 0.8812709030100332, 3.0438885722636953e-4, -0.0014360431384123557
flux1:, 0.8879598662207355, 2.8682509366159063e-4, -0.0015856604365074385
flux1:, 0.8946488294314379, 3.1170516031283615e-4, -0.001762288025389939
flux1:, 0.9013377926421402, 3.3915220227919904e-4, -0.001998828846282329
flux1:, 0.9080267558528425, 3.3334540359450095e-4, -0.0022373966342359337
flux1:, 0.9147157190635449, 3.242415319022947e-4, -0.002498949065261909
flux1:, 0.9214046822742472, 3.3333163497504913e-4, -0.002827157476221745
flux1:, 0.9280936454849495, 3.251350016649555e-4, -0.003132377249320447
flux1:, 0.9347826086956519, 2.813711096970743e-4, -0.003386811857520458
flux1:, 0.9414715719063542, 2.3596563776898441e-4, -0.0036935201416044014
flux1:, 0.9481605351170566, 2.3231926605959223e-4, -0.003996658175175505
flux1:, 0.9548494983277589, 2.8126675244417713e-4, -0.004219897788785093
flux1:, 0.9615384615384612, 3.274635346026983e-4, -0.004599283301758363
flux1:, 0.9682274247491636, 3.083181190766087e-4, -0.005244286756144676
flux1:, 0.9749163879598659, 2.713625316093798e-4, -0.005788551100024582
flux1:, 0.9816053511705682, 2.9956980405199124e-4, -0.006086876594892908
flux1:, 0.9882943143812706, 3.7422796568860296e-4, -0.006517265194175722
flux1:, 0.9949832775919729, 4.834812685067557e-4, -0.007176123528503288
flux1:, 1.0016722408026753, 6.831070888042818e-4, -0.0077185399209000385
flux1:, 1.0083612040133776, 9.170910936759344e-4, -0.008094791317658044
flux1:, 1.01505016722408, 0.0010834041320371588, -0.008529110341749645
flux1:, 1.0217391304347823, 0.0012828250973583688, -0.009036701309562446
flux1:, 1.0284280936454846, 0.0016442253433305196, -0.009590446472998095
flux1:, 1.035117056856187, 0.002078403637169966, -0.010192269528768356
flux1:, 1.0418060200668893, 0.002503077265423804, -0.010633141657735896
flux1:, 1.0484949832775916, 0.002965086830085898, -0.010896376872507173
flux1:, 1.055183946488294, 0.003409748395176207, -0.011417027703133537
flux1:, 1.0618729096989963, 0.0037799532376444167, -0.012320002119309783
flux1:, 1.0685618729096986, 0.004276118538283094, -0.013168889559260608
flux1:, 1.075250836120401, 0.005087355200731365, -0.013756035347273567
flux1:, 1.0819397993311033, 0.00607029761299424, -0.014251519957741064
flux1:, 1.0886287625418056, 0.00696694972969092, -0.01474932203987666
flux1:, 1.095317725752508, 0.007697362927989157, -0.01535837218176249
flux1:, 1.1020066889632103, 0.008377852571362247, -0.016149090308089722
flux1:, 1.1086956521739126, 0.009218477609245337, -0.016821421050337466
flux1:, 1.115384615384615, 0.010293693617680944, -0.017260736696866456
flux1:, 1.1220735785953173, 0.01141008792739794, -0.017972534604205337
flux1:, 1.1287625418060196, 0.012417615623743062, -0.019132239299454477
flux1:, 1.135451505016722, 0.013527350134953252, -0.020139097455694324
flux1:, 1.1421404682274243, 0.015021877997248943, -0.02063579174653042
flux1:, 1.1488294314381267, 0.01671923323207756, -0.02087418669491885
flux1:, 1.155518394648829, 0.018119445433201622, -0.021086438373799296
flux1:, 1.1622073578595313, 0.019262822195658946, -0.021424428318499535
flux1:, 1.1688963210702337, 0.02084554531893416, -0.022056168441578174
flux1:, 1.175585284280936, 0.02300486450686053, -0.022915499361394042
flux1:, 1.1822742474916383, 0.025000406390544593, -0.023942171577850346
flux1:, 1.1889632107023407, 0.02672338621028376, -0.025156011087194664
flux1:, 1.195652173913043, 0.028886583221638645, -0.026125748009461953
flux1:, 1.2023411371237454, 0.03129207540235693, -0.026526534256870047
flux1:, 1.2090301003344477, 0.03321526462062675, -0.026974664687671485
flux1:, 1.21571906354515, 0.035323657149413025, -0.02777819963762614
flux1:, 1.2224080267558524, 0.03849323485760249, -0.028130438001784268
flux1:, 1.2290969899665547, 0.04178232411865835, -0.028072896492460152
flux1:, 1.235785953177257, 0.04410823545525004, -0.028931775839535004
flux1:, 1.2424749163879594, 0.04601726868929644, -0.030659294197383464
flux1:, 1.2491638795986617, 0.04825189028216466, -0.03175893162572028
flux1:, 1.255852842809364, 0.05092259157897054, -0.03224276317979434
flux1:, 1.2625418060200664, 0.05397435620207448, -0.0334632238330357
flux1:, 1.2692307692307687, 0.05647113333203589, -0.03543226939821991
flux1:, 1.275919732441471, 0.0575713958189108, -0.037046890497608606
flux1:, 1.2826086956521734, 0.05906794404450805, -0.0379387683730671
flux1:, 1.2892976588628757, 0.06310427856232821, -0.03841167651223678
flux1:, 1.295986622073578, 0.0681989859387765, -0.03884332851269518
flux1:, 1.3026755852842804, 0.0720317459667808, -0.039526159004745404
flux1:, 1.3093645484949827, 0.07544020301684368, -0.040097538776729426
flux1:, 1.316053511705685, 0.07965847210502876, -0.040144947441949665
flux1:, 1.3227424749163874, 0.08363992276812694, -0.04068340545661532
flux1:, 1.3294314381270897, 0.08660618801128124, -0.042819392614846054
flux1:, 1.336120401337792, 0.08914545218883486, -0.045402348026954975
flux1:, 1.3428093645484944, 0.09147449171819447, -0.04677588853430711
flux1:, 1.3494983277591968, 0.09368916108543582, -0.04758330080110494
flux1:, 1.356187290969899, 0.0962953135464967, -0.04905750480494952
flux1:, 1.3628762541806014, 0.09924395826980019, -0.05052205835154228
flux1:, 1.3695652173913038, 0.10232740581947085, -0.051084534718665794
flux1:, 1.376254180602006, 0.10565448026184893, -0.05154094925122288
flux1:, 1.3829431438127084, 0.10870493914265236, -0.05269432584876576
flux1:, 1.3896321070234108, 0.11109286175108209, -0.05400387873848702
flux1:, 1.3963210702341131, 0.11347753705987518, -0.05508333645740641
flux1:, 1.4030100334448155, 0.11590192100561389, -0.05643475866084462
flux1:, 1.4096989966555178, 0.11803466997315354, -0.05805230512412303
flux1:, 1.4163879598662201, 0.12078913354122237, -0.05925529967518422
flux1:, 1.4230769230769225, 0.12388788685263927, -0.060232389934903506
flux1:, 1.4297658862876248, 0.12541732968195915, -0.06188726252762947
flux1:, 1.4364548494983271, 0.1267496386292416, -0.06399848542275852
flux1:, 1.4431438127090295, 0.1307977363474372, -0.0654184957865247
flux1:, 1.4498327759197318, 0.13521767364911672, -0.06614674324015081
flux1:, 1.4565217391304341, 0.13664446503078714, -0.0672425442498773
flux1:, 1.4632107023411365, 0.13763545002611544, -0.06878034239339842
flux1:, 1.4698996655518388, 0.14018443753290893, -0.0699271486589962
flux1:, 1.4765886287625412, 0.14072557094054433, -0.07081047282529623
flux1:, 1.4832775919732435, 0.13839079217329053, -0.07239439625314008
flux1:, 1.4899665551839458, 0.13736855098253747, -0.07481312870253998
flux1:, 1.4966555183946482, 0.13887708001365498, -0.07722993550977585
flux1:, 1.5033444816053505, 0.1412934430074714, -0.07897266294267227
flux1:, 1.5100334448160528, 0.14463892646992227, -0.08023687586860902
flux1:, 1.5167224080267552, 0.1471902447663146, -0.08206613804051513
flux1:, 1.5234113712374575, 0.1457294274941422, -0.08526223604022767
flux1:, 1.5301003344481598, 0.14209501346059267, -0.08895162643846165
flux1:, 1.5367892976588622, 0.1399572938646708, -0.09130837115479848
flux1:, 1.5434782608695645, 0.13832256012878585, -0.0918026186965747
flux1:, 1.5501672240802669, 0.136362414385625, -0.09144455084317932
flux1:, 1.5568561872909692, 0.13612813811860663, -0.09140005006624134
flux1:, 1.5635451505016715, 0.13607500823373536, -0.09258553577720291
flux1:, 1.5702341137123739, 0.13302183149122937, -0.09517894737250433
flux1:, 1.5769230769230762, 0.12959530623654886, -0.09765569109990824
flux1:, 1.5836120401337785, 0.12896796708536867, -0.09847527573457482
flux1:, 1.5903010033444809, 0.1282470632427353, -0.09879660481540577
flux1:, 1.5969899665551832, 0.12513220924398988, -0.10060501149466809
flux1:, 1.6036789297658856, 0.12213974441130765, -0.10301819860233258
flux1:, 1.610367892976588, 0.12030984757548593, -0.10416778091725266
flux1:, 1.6170568561872902, 0.11774744956067489, -0.10520871118294982
flux1:, 1.6237458193979926, 0.11416100120792222, -0.10815862340665851
flux1:, 1.630434782608695, 0.1104163650241805, -0.11162093752778075
flux1:, 1.6371237458193972, 0.10666164350686186, -0.11314407371426809
flux1:, 1.6438127090300996, 0.10324298382101402, -0.11373457256224302
flux1:, 1.650501672240802, 0.09975967282879626, -0.11558750630930423
flux1:, 1.6571906354515042, 0.09504614033438463, -0.11766349867568726
flux1:, 1.6638795986622066, 0.09030692575970427, -0.11788710358616204
flux1:, 1.670568561872909, 0.08737031267952539, -0.11737941606057367
flux1:, 1.6772575250836113, 0.08440835675840802, -0.1184784692773959
flux1:, 1.6839464882943136, 0.07940485698450782, -0.12085097361255921
flux1:, 1.690635451505016, 0.07429455337964659, -0.12286829503536176
flux1:, 1.6973244147157183, 0.07048950716533937, -0.12447590092888002
flux1:, 1.7040133779264206, 0.0660681290890225, -0.12618834210994206
flux1:, 1.710702341137123, 0.06045315557653122, -0.12746925629847683
flux1:, 1.7173913043478253, 0.05542812255778366, -0.12776887979997975
flux1:, 1.7240802675585276, 0.05103650586742551, -0.12753622534441816
flux1:, 1.73076923076923, 0.04612239276803436, -0.1276161077964028
flux1:, 1.7374581939799323, 0.04125131461070956, -0.12845159951448243
flux1:, 1.7441471571906346, 0.03718826967546541, -0.12950618350405088
flux1:, 1.750836120401337, 0.033290705048410814, -0.12961446976389643
flux1:, 1.7575250836120393, 0.02924814067940291, -0.12873764078357128
flux1:, 1.7642140468227416, 0.025546750703519673, -0.12805978613790292
flux1:, 1.770903010033444, 0.02211190858116081, -0.12752703818644398
flux1:, 1.7775919732441463, 0.01868004969731931, -0.12580565354525777
flux1:, 1.7842809364548486, 0.015624799866711458, -0.12324128289668122
flux1:, 1.790969899665551, 0.013199814127165928, -0.1216284889914561
flux1:, 1.7976588628762533, 0.011076975878744257, -0.12097299233277332
flux1:, 1.8043478260869557, 0.009002061717347236, -0.11967918894305678
flux1:, 1.811036789297658, 0.007068563220767186, -0.11728718760607384
flux1:, 1.8177257525083603, 0.005434961608485134, -0.11439085762705128
flux1:, 1.8244147157190627, 0.004192340293567884, -0.1111187162776253
flux1:, 1.831103678929765, 0.0033777001133005143, -0.10747446565923269
flux1:, 1.8377926421404673, 0.0029869334815081357, -0.10382938834671575
flux1:, 1.8444816053511697, 0.002888510220952625, -0.1003778936391572
flux1:, 1.851170568561872, 0.0027961396205338574, -0.0970248443257508
flux1:, 1.8578595317725743, 0.0026506505178084637, -0.09348424228935238
flux1:, 1.8645484949832767, 0.0028085833450869515, -0.08928296002428586
flux1:, 1.871237458193979, 0.0034384181580876996, -0.08455257674093762
flux1:, 1.8779264214046814, 0.0041975422911596375, -0.08016596039298717
flux1:, 1.8846153846153837, 0.004856447001928534, -0.07625421728639051
flux1:, 1.891304347826086, 0.005590894564543831, -0.07207627879347141
flux1:, 1.8979933110367884, 0.006449163477270416, -0.06772921648713034
flux1:, 1.9046822742474907, 0.007188805434575125, -0.06399005254375043
flux1:, 1.911371237458193, 0.007717271182942042, -0.06068959118510323
flux1:, 1.9180602006688954, 0.008224266826051176, -0.057133253040845766
flux1:, 1.9247491638795977, 0.008894389404325114, -0.053299711497467095
flux1:, 1.9314381270903, 0.009696656552105982, -0.049389135660294896
flux1:, 1.9381270903010024, 0.010408552347261627, -0.04549487891197082
flux1:, 1.9448160535117047, 0.010838900239787475, -0.042099479193197877
flux1:, 1.951505016722407, 0.01103772940526467, -0.03948580366453961
flux1:, 1.9581939799331094, 0.011202156755646583, -0.0370771492374676
flux1:, 1.9648829431438117, 0.011430555925690325, -0.034414001839411235
flux1:, 1.971571906354514, 0.01166943807373202, -0.03176137374005239
flux1:, 1.9782608695652164, 0.011827229262893374, -0.029287702335595533
flux1:, 1.9849498327759187, 0.011864965915838258, -0.02690097601807915
flux1:, 1.991638795986621, 0.01179820993368258, -0.024776747250915103
flux1:, 1.9983277591973234, 0.011648820058485658, -0.02300781646382377
flux1:, 2.0050167224080258, 0.011444351026776947, -0.021301523994999808
flux1:, 2.011705685618728, 0.011231694326024454, -0.01955028204156043
flux1:, 2.0183946488294304, 0.0110073561741432, -0.017921282816814453
flux1:, 2.0250836120401328, 0.010714274071332713, -0.01641363112088424
flux1:, 2.031772575250835, 0.01036845944117178, -0.015014525308926422
flux1:, 2.0384615384615374, 0.010038039070967996, -0.013851141393556437
flux1:, 2.0451505016722398, 0.009700597397820464, -0.012846357368715667
flux1:, 2.051839464882942, 0.009306015724510149, -0.011835869005910165
flux1:, 2.0585284280936444, 0.008894801610083575, -0.010913174243559347
flux1:, 2.065217391304347, 0.008505042337444303, -0.010112488757853338
flux1:, 2.071906354515049, 0.008112872113201847, -0.009242461233805056
flux1:, 2.0785953177257515, 0.0077190450218930125, -0.008344800408227823
flux1:, 2.085284280936454, 0.00733099219320092, -0.007652189320223267
flux1:, 2.091973244147156, 0.006921437683432747, -0.0070982778625204475
flux1:, 2.0986622073578585, 0.006516142006845847, -0.006493082556519321
flux1:, 2.105351170568561, 0.006169765646718521, -0.005900286926028668
flux1:, 2.112040133779263, 0.005841515118039491, -0.0054105420888689035
flux1:, 2.1187290969899655, 0.00547692469643845, -0.004961203950939913
flux1:, 2.125418060200668, 0.005120644714602641, -0.004547128014910296
flux1:, 2.13210702341137, 0.0048046826392473185, -0.004209291069360928
flux1:, 2.1387959866220725, 0.004488761790853565, -0.003885139855300005
flux1:, 2.145484949832775, 0.004171295356321251, -0.0035381467863372373
flux1:, 2.152173913043477, 0.0038853678753039416, -0.0032277698155997324
flux1:, 2.1588628762541795, 0.0036171329693460734, -0.0029606512231392275
flux1:, 2.165551839464882, 0.003353096914124571, -0.0026993704719181747
flux1:, 2.172240802675584, 0.0031118623905594077, -0.0024603218447373757
flux1:, 2.1789297658862865, 0.002886038161506362, -0.0022516475248797203
flux1:, 2.185618729096989, 0.0026618344472819993, -0.002048600533297164
flux1:, 2.192307692307691, 0.0024586534457272553, -0.0018648997305241543
flux1:, 2.1989966555183935, 0.0022760538607241388, -0.0017162981119135208
flux1:, 2.205685618729096, 0.0020890203099901226, -0.001577236244244349
flux1:, 2.212374581939798, 0.0019079041950401064, -0.0014451882786689469
flux1:, 2.2190635451505005, 0.0017508688008321719, -0.0013381367733304181
flux1:, 2.225752508361203, 0.0016024165592473587, -0.0012356738564847426
flux1:, 2.232441471571905, 0.0014575557154289846, -0.0011211629061279565
flux1:, 2.2391304347826075, 0.001331057825677508, -0.00101728389011506
flux1:, 2.24581939799331, 0.001216017511023986, -9.33150228381574e-4
flux1:, 2.252508361204012, 0.0011034254696545573, -8.578127236024845e-4
flux1:, 2.2591973244147145, 0.00100409676638178, -7.919065956531225e-4
flux1:, 2.265886287625417, 9.148309325847364e-4, -7.279638349246406e-4
flux1:, 2.272575250836119, 8.237838301390706e-4, -6.545764459195626e-4
flux1:, 2.2792642140468216, 7.42261798026426e-4, -5.893881638667016e-4
flux1:, 2.285953177257524, 6.768616919838018e-4, -5.44858041617656e-4
flux1:, 2.2926421404682262, 6.118849130385247e-4, -5.00944229020863e-4
flux1:, 2.2993311036789286, 5.461515023888209e-4, -4.528783713722397e-4
flux1:, 2.306020066889631, 4.916783153827067e-4, -4.1752947487587325e-4
flux1:, 2.3127090301003332, 4.4263717664547175e-4, -3.882997712211208e-4
flux1:, 2.3193979933110356, 3.9242373675995354e-4, -3.517474404311811e-4
flux1:, 2.326086956521738, 3.496779263756185e-4, -3.181324211957371e-4
flux1:, 2.3327759197324403, 3.1441290567923557e-4, -2.9223111414045013e-4
flux1:, 2.3394648829431426, 2.784529802414505e-4, -2.6409480284755567e-4
flux1:, 2.346153846153845, 2.456747175875546e-4, -2.3739257885426303e-4
flux1:, 2.3528428093645473, 2.1974638020429108e-4, -2.1861590371171225e-4
flux1:, 2.3595317725752496, 1.9448778920462033e-4, -1.9927882811645884e-4
flux1:, 2.366220735785952, 1.7025655200446384e-4, -1.7785298684428065e-4
flux1:, 2.3729096989966543, 1.5172085336711484e-4, -1.6294206087398195e-4
flux1:, 2.3795986622073566, 1.346634365114514e-4, -1.513266516143088e-4
flux1:, 2.386287625418059, 1.1640115349910405e-4, -1.3721029492121242e-4
flux1:, 2.3929765886287613, 1.0154571466203935e-4, -1.2547260298497012e-4
flux1:, 2.3996655518394636, 8.954224298055774e-5, -1.1635200897000482e-4
flux1:, 2.406354515050166, 7.686068191320721e-5, -1.04453384140326e-4
flux1:, 2.4130434782608683, 6.60990202007588e-5, -9.327177417160885e-5
flux1:, 2.4197324414715706, 5.838437447841124e-5, -8.643477302275736e-5
flux1:, 2.426421404682273, 5.0150947707885034e-5, -7.926518469918377e-5
flux1:, 2.4331103678929753, 4.199396713459841e-5, -7.123272599215044e-5
flux1:, 2.4397993311036776, 3.641694305566271e-5, -6.592524147212261e-5
flux1:, 2.44648829431438, 3.14210444552165e-5, -6.0650048747251567e-5
flux1:, 2.4531772575250823, 2.5928136108051025e-5, -5.3494811185429314e-5
flux1:, 2.4598662207357846, 2.1984764578083447e-5, -4.830513977940475e-5
flux1:, 2.466555183946487, 1.9033825739206123e-5, -4.484133166322873e-5
flux1:, 2.4732441471571893, 1.5523845188109424e-5, -3.991040113271407e-5
flux1:, 2.4799331103678917, 1.2712336949704112e-5, -3.543430768318492e-5
flux1:, 2.486622073578594, 1.1006666973124468e-5, -3.2813263108262444e-5
flux1:, 2.4933110367892963, 8.978465849560673e-6, -2.942360383912095e-5
flux1:, 2.4999999999999987, 7.034221030263079e-6, -2.576168107039073e-5

Elapsed run time = 1258.11 s
