--------------------------------------------------------------------------
[[10594,1],0]: A high-performance Open MPI point-to-point messaging module
was unable to find any relevant network interfaces:

Module: OpenFabrics (openib)
  Host: euca-128-84-11-54

Another transport will be used instead, although this may result in
lower performance.
--------------------------------------------------------------------------
Using MPI version 3.0, 2 processes
command-line param: no-struct=false
command-line param: no-holes=false
command-line param: rodpos=".3/rodpos.txt"
-----------
Initializing structure...
Working in 3D dimensions.
Computational cell is 4 x 4 x 5 with resolution 40
     block, center = (0,0,0)
          size (1e+20,1e+20,0.15)
          axes (1,0,0), (0,1,0), (0,0,1)
          dielectric constant epsilon diagonal = (12,12,12)
     cylinder, center = (2.691,2.812,0)
          radius 0.2, height 0.15, axis (0, 0, 1)
          dielectric constant epsilon diagonal = (1,1,1)
     cylinder, center = (1.539,1.948,0)
          radius 0.2, height 0.15, axis (0, 0, 1)
          dielectric constant epsilon diagonal = (1,1,1)
     cylinder, center = (1.065,1.635,0)
          radius 0.2, height 0.15, axis (0, 0, 1)
          dielectric constant epsilon diagonal = (1,1,1)
     cylinder, center = (0.079,0.468,0)
          radius 0.2, height 0.15, axis (0, 0, 1)
          dielectric constant epsilon diagonal = (1,1,1)
     cylinder, center = (2.02,3.376,0)
          radius 0.2, height 0.15, axis (0, 0, 1)
          dielectric constant epsilon diagonal = (1,1,1)
     cylinder, center = (1.982,1.322,0)
          radius 0.2, height 0.15, axis (0, 0, 1)
          dielectric constant epsilon diagonal = (1,1,1)
     cylinder, center = (0.43,1.322,0)
          radius 0.2, height 0.15, axis (0, 0, 1)
          dielectric constant epsilon diagonal = (1,1,1)
     cylinder, center = (0.688,0.038,0)
          radius 0.2, height 0.15, axis (0, 0, 1)
          dielectric constant epsilon diagonal = (1,1,1)
     cylinder, center = (3.732,0.242,0)
          radius 0.2, height 0.15, axis (0, 0, 1)
          dielectric constant epsilon diagonal = (1,1,1)
     cylinder, center = (1.773,0.98,0)
          radius 0.2, height 0.15, axis (0, 0, 1)
          dielectric constant epsilon diagonal = (1,1,1)
     cylinder, center = (1.082,0.979,0)
          radius 0.2, height 0.15, axis (0, 0, 1)
          dielectric constant epsilon diagonal = (1,1,1)
     cylinder, center = (1.749,0.169,0)
          radius 0.2, height 0.15, axis (0, 0, 1)
          dielectric constant epsilon diagonal = (1,1,1)
     cylinder, center = (0.676,3.151,0)
          radius 0.2, height 0.15, axis (0, 0, 1)
          dielectric constant epsilon diagonal = (1,1,1)
     cylinder, center = (2.906,2.197,0)
          radius 0.2, height 0.15, axis (0, 0, 1)
          dielectric constant epsilon diagonal = (1,1,1)
     cylinder, center = (0.246,3.372,0)
          radius 0.2, height 0.15, axis (0, 0, 1)
          dielectric constant epsilon diagonal = (1,1,1)
     cylinder, center = (1.422,2.981,0)
          radius 0.2, height 0.15, axis (0, 0, 1)
          dielectric constant epsilon diagonal = (1,1,1)
     cylinder, center = (3.636,1.67,0)
          radius 0.2, height 0.15, axis (0, 0, 1)
          dielectric constant epsilon diagonal = (1,1,1)
     cylinder, center = (3.399,2.255,0)
          radius 0.2, height 0.15, axis (0, 0, 1)
          dielectric constant epsilon diagonal = (1,1,1)
     cylinder, center = (2.404,0.262,0)
          radius 0.2, height 0.15, axis (0, 0, 1)
          dielectric constant epsilon diagonal = (1,1,1)
     cylinder, center = (1.874,2.895,0)
          radius 0.2, height 0.15, axis (0, 0, 1)
          dielectric constant epsilon diagonal = (1,1,1)
     cylinder, center = (1.669,3.894,0)
          radius 0.2, height 0.15, axis (0, 0, 1)
          dielectric constant epsilon diagonal = (1,1,1)
     cylinder, center = (2.359,1.659,0)
          radius 0.2, height 0.15, axis (0, 0, 1)
          dielectric constant epsilon diagonal = (1,1,1)
     cylinder, center = (2.355,0.663,0)
          radius 0.2, height 0.15, axis (0, 0, 1)
          dielectric constant epsilon diagonal = (1,1,1)
     cylinder, center = (1.454,0.587,0)
          radius 0.2, height 0.15, axis (0, 0, 1)
          dielectric constant epsilon diagonal = (1,1,1)
     cylinder, center = (1.342,3.382,0)
          radius 0.2, height 0.15, axis (0, 0, 1)
          dielectric constant epsilon diagonal = (1,1,1)
     cylinder, center = (2.215,2.076,0)
          radius 0.2, height 0.15, axis (0, 0, 1)
          dielectric constant epsilon diagonal = (1,1,1)
     cylinder, center = (1.218,2.587,0)
          radius 0.2, height 0.15, axis (0, 0, 1)
          dielectric constant epsilon diagonal = (1,1,1)
     cylinder, center = (3.312,1.242,0)
          radius 0.2, height 0.15, axis (0, 0, 1)
          dielectric constant epsilon diagonal = (1,1,1)
     cylinder, center = (2.817,3.779,0)
          radius 0.2, height 0.15, axis (0, 0, 1)
          dielectric constant epsilon diagonal = (1,1,1)
     cylinder, center = (0.371,3.902,0)
          radius 0.2, height 0.15, axis (0, 0, 1)
          dielectric constant epsilon diagonal = (1,1,1)
     cylinder, center = (3.829,2.811,0)
          radius 0.2, height 0.15, axis (0, 0, 1)
          dielectric constant epsilon diagonal = (1,1,1)
     cylinder, center = (0.341,2.324,0)
          radius 0.2, height 0.15, axis (0, 0, 1)
          dielectric constant epsilon diagonal = (1,1,1)
     cylinder, center = (2.866,1.703,0)
          radius 0.2, height 0.15, axis (0, 0, 1)
          dielectric constant epsilon diagonal = (1,1,1)
     cylinder, center = (3.332,2.68,0)
          radius 0.2, height 0.15, axis (0, 0, 1)
          dielectric constant epsilon diagonal = (1,1,1)
     cylinder, center = (3.127,3.498,0)
          radius 0.2, height 0.15, axis (0, 0, 1)
          dielectric constant epsilon diagonal = (1,1,1)
     cylinder, center = (0.926,0.366,0)
          radius 0.2, height 0.15, axis (0, 0, 1)
          dielectric constant epsilon diagonal = (1,1,1)
     cylinder, center = (2.811,0.334,0)
          radius 0.2, height 0.15, axis (0, 0, 1)
          dielectric constant epsilon diagonal = (1,1,1)
     cylinder, center = (0.752,2.225,0)
          radius 0.2, height 0.15, axis (0, 0, 1)
          dielectric constant epsilon diagonal = (1,1,1)
     cylinder, center = (2.791,1.073,0)
          radius 0.2, height 0.15, axis (0, 0, 1)
          dielectric constant epsilon diagonal = (1,1,1)
subpixel-averaging is 87.8952% done, 0.551013 s remaining
time for set_epsilon = 22.2422 s
time for set_conductivity = 0.212613 s
time for set_conductivity = 0.211579 s
time for set_conductivity = 0.21234 s
-----------
Meep progress: 0.0125/50.0 = 0.0% done in 6.7s, 26906.9s to go
on time step 1 (time=0.0125), 6.7292 s/step
Meep progress: 0.1625/50.0 = 0.3% done in 10.8s, 3322.4s to go
on time step 13 (time=0.1625), 0.342019 s/step
Meep progress: 0.3375/50.0 = 0.7% done in 15.0s, 2210.4s to go
on time step 27 (time=0.3375), 0.299194 s/step
Meep progress: 0.48750000000000004/50.0 = 1.0% done in 19.4s, 1970.2s to go
on time step 39 (time=0.4875), 0.364782 s/step
Meep progress: 0.625/50.0 = 1.2% done in 23.5s, 1853.3s to go
on time step 50 (time=0.625), 0.369103 s/step
Meep progress: 0.775/50.0 = 1.6% done in 27.6s, 1754.5s to go
on time step 62 (time=0.775), 0.346941 s/step
Meep progress: 0.925/50.0 = 1.8% done in 31.8s, 1686.4s to go
on time step 74 (time=0.925), 0.347044 s/step
Meep progress: 1.0875000000000001/50.0 = 2.2% done in 35.9s, 1615.5s to go
on time step 87 (time=1.0875), 0.317728 s/step
Meep progress: 1.225/50.0 = 2.4% done in 39.9s, 1589.5s to go
on time step 98 (time=1.225), 0.363937 s/step
Meep progress: 1.425/50.0 = 2.8% done in 44.2s, 1507.8s to go
on time step 114 (time=1.425), 0.26941 s/step
Meep progress: 1.6/50.0 = 3.2% done in 48.5s, 1466.0s to go
on time step 128 (time=1.6), 0.302102 s/step
Meep progress: 1.7875/50.0 = 3.6% done in 52.5s, 1416.7s to go
on time step 143 (time=1.7875), 0.270893 s/step
Meep progress: 2.025/50.0 = 4.0% done in 56.7s, 1342.1s to go
on time step 162 (time=2.025), 0.217116 s/step
Meep progress: 2.2125/50.0 = 4.4% done in 60.9s, 1314.8s to go
on time step 177 (time=2.2125), 0.281638 s/step
Meep progress: 2.375/50.0 = 4.8% done in 65.2s, 1307.8s to go
on time step 190 (time=2.375), 0.333986 s/step
Meep progress: 2.5500000000000003/50.0 = 5.1% done in 69.4s, 1291.6s to go
on time step 204 (time=2.55), 0.299771 s/step
Meep progress: 2.725/50.0 = 5.4% done in 73.4s, 1274.1s to go
on time step 218 (time=2.725), 0.287833 s/step
Meep progress: 2.9125/50.0 = 5.8% done in 77.6s, 1253.8s to go
on time step 233 (time=2.9125), 0.273842 s/step
Meep progress: 3.125/50.0 = 6.2% done in 81.9s, 1229.0s to go
on time step 250 (time=3.125), 0.258014 s/step
Meep progress: 3.2750000000000004/50.0 = 6.6% done in 86.0s, 1226.7s to go
on time step 262 (time=3.275), 0.336686 s/step
Meep progress: 3.475/50.0 = 7.0% done in 90.1s, 1206.1s to go
on time step 278 (time=3.475), 0.256724 s/step
Meep progress: 3.625/50.0 = 7.2% done in 94.1s, 1203.8s to go
on time step 290 (time=3.625), 0.334694 s/step
Meep progress: 3.8000000000000003/50.0 = 7.6% done in 98.1s, 1192.9s to go
on time step 304 (time=3.8), 0.286867 s/step
Meep progress: 4.025/50.0 = 8.0% done in 102.3s, 1168.4s to go
on time step 322 (time=4.025), 0.231627 s/step
Meep progress: 4.2125/50.0 = 8.4% done in 106.6s, 1158.8s to go
on time step 337 (time=4.2125), 0.288394 s/step
Meep progress: 4.4125000000000005/50.0 = 8.8% done in 110.7s, 1143.7s to go
on time step 353 (time=4.4125), 0.255688 s/step
Meep progress: 4.5875/50.0 = 9.2% done in 114.7s, 1135.8s to go
on time step 367 (time=4.5875), 0.287739 s/step
Meep progress: 4.775/50.0 = 9.6% done in 118.9s, 1126.2s to go
on time step 382 (time=4.775), 0.278065 s/step
Meep progress: 4.95/50.0 = 9.9% done in 123.0s, 1119.1s to go
on time step 396 (time=4.95), 0.289789 s/step
Meep progress: 5.1375/50.0 = 10.3% done in 127.1s, 1109.8s to go
on time step 411 (time=5.1375), 0.275047 s/step
Meep progress: 5.3500000000000005/50.0 = 10.7% done in 131.2s, 1095.0s to go
on time step 428 (time=5.35), 0.241958 s/step
Meep progress: 5.487500000000001/50.0 = 11.0% done in 135.2s, 1097.0s to go
on time step 439 (time=5.4875), 0.367553 s/step
Meep progress: 5.6375/50.0 = 11.3% done in 139.4s, 1096.7s to go
on time step 451 (time=5.6375), 0.343853 s/step
Meep progress: 5.7875000000000005/50.0 = 11.6% done in 143.5s, 1096.1s to go
on time step 463 (time=5.7875), 0.342387 s/step
Meep progress: 5.9375/50.0 = 11.9% done in 147.7s, 1096.2s to go
on time step 475 (time=5.9375), 0.352887 s/step
Meep progress: 6.075/50.0 = 12.2% done in 151.8s, 1097.8s to go
on time step 486 (time=6.075), 0.373847 s/step
Meep progress: 6.2250000000000005/50.0 = 12.5% done in 156.1s, 1097.6s to go
on time step 498 (time=6.225), 0.354682 s/step
Meep progress: 6.375/50.0 = 12.8% done in 160.2s, 1096.3s to go
on time step 510 (time=6.375), 0.343036 s/step
Meep progress: 6.525/50.0 = 13.0% done in 164.3s, 1094.5s to go
on time step 522 (time=6.525), 0.339163 s/step
Meep progress: 6.6875/50.0 = 13.4% done in 168.4s, 1090.7s to go
on time step 535 (time=6.6875), 0.317914 s/step
Meep progress: 6.8500000000000005/50.0 = 13.7% done in 172.5s, 1086.4s to go
on time step 548 (time=6.85), 0.312593 s/step
Meep progress: 7.025/50.0 = 14.0% done in 176.7s, 1080.9s to go
on time step 562 (time=7.025), 0.301469 s/step
Meep progress: 7.25/50.0 = 14.5% done in 180.7s, 1065.6s to go
on time step 580 (time=7.25), 0.223852 s/step
Meep progress: 7.487500000000001/50.0 = 15.0% done in 184.9s, 1049.9s to go
on time step 599 (time=7.4875), 0.220617 s/step
Meep progress: 7.7250000000000005/50.0 = 15.4% done in 189.1s, 1034.6s to go
on time step 618 (time=7.725), 0.218679 s/step
Meep progress: 7.9625/50.0 = 15.9% done in 193.2s, 1020.1s to go
on time step 637 (time=7.9625), 0.219484 s/step
Meep progress: 8.200000000000001/50.0 = 16.4% done in 197.4s, 1006.2s to go
on time step 656 (time=8.2), 0.218584 s/step
Meep progress: 8.387500000000001/50.0 = 16.8% done in 201.4s, 999.3s to go
on time step 671 (time=8.3875), 0.269397 s/step
Meep progress: 8.5375/50.0 = 17.1% done in 205.7s, 998.8s to go
on time step 683 (time=8.5375), 0.352275 s/step
Meep progress: 8.6875/50.0 = 17.4% done in 209.8s, 997.5s to go
on time step 695 (time=8.6875), 0.342921 s/step
Meep progress: 8.8625/50.0 = 17.7% done in 213.9s, 992.7s to go
on time step 709 (time=8.8625), 0.293124 s/step
Meep progress: 9.05/50.0 = 18.1% done in 218.0s, 986.2s to go
on time step 724 (time=9.05), 0.271942 s/step
Meep progress: 9.2125/50.0 = 18.4% done in 222.0s, 982.9s to go
on time step 737 (time=9.2125), 0.312466 s/step
Meep progress: 9.35/50.0 = 18.7% done in 226.1s, 982.8s to go
on time step 748 (time=9.35), 0.368515 s/step
Meep progress: 9.5/50.0 = 19.0% done in 230.3s, 981.7s to go
on time step 760 (time=9.5), 0.351052 s/step
Meep progress: 9.65/50.0 = 19.3% done in 234.6s, 981.1s to go
on time step 772 (time=9.65), 0.363186 s/step
Meep progress: 9.8/50.0 = 19.6% done in 238.8s, 979.5s to go
on time step 784 (time=9.8), 0.346477 s/step
Meep progress: 9.950000000000001/50.0 = 19.9% done in 242.8s, 977.3s to go
on time step 796 (time=9.95), 0.333652 s/step
Meep progress: 10.175/50.0 = 20.4% done in 247.0s, 966.6s to go
on time step 814 (time=10.175), 0.231113 s/step
Meep progress: 10.412500000000001/50.0 = 20.8% done in 251.1s, 954.6s to go
on time step 833 (time=10.4125), 0.216917 s/step
Meep progress: 10.65/50.0 = 21.3% done in 255.2s, 943.0s to go
on time step 852 (time=10.65), 0.218497 s/step
Meep progress: 10.887500000000001/50.0 = 21.8% done in 259.6s, 932.5s to go
on time step 871 (time=10.8875), 0.229145 s/step
Meep progress: 11.037500000000001/50.0 = 22.1% done in 263.8s, 931.1s to go
on time step 883 (time=11.0375), 0.348224 s/step
Meep progress: 11.2125/50.0 = 22.4% done in 268.0s, 927.0s to go
on time step 897 (time=11.2125), 0.300178 s/step
Meep progress: 11.412500000000001/50.0 = 22.8% done in 272.2s, 920.3s to go
on time step 913 (time=11.4125), 0.263014 s/step
Meep progress: 11.575000000000001/50.0 = 23.2% done in 276.2s, 917.0s to go
on time step 926 (time=11.575), 0.312608 s/step
Meep progress: 11.725000000000001/50.0 = 23.5% done in 280.5s, 915.8s to go
on time step 938 (time=11.725), 0.359252 s/step
Meep progress: 11.875/50.0 = 23.8% done in 284.7s, 913.9s to go
on time step 950 (time=11.875), 0.342426 s/step
Meep progress: 12.025/50.0 = 24.0% done in 288.8s, 912.0s to go
on time step 962 (time=12.025), 0.34436 s/step
Meep progress: 12.175/50.0 = 24.4% done in 292.9s, 910.0s to go
on time step 974 (time=12.175), 0.343269 s/step
Meep progress: 12.3625/50.0 = 24.7% done in 297.1s, 904.5s to go
on time step 989 (time=12.3625), 0.278624 s/step
Meep progress: 12.525/50.0 = 25.0% done in 301.4s, 901.8s to go
on time step 1002 (time=12.525), 0.332843 s/step
Meep progress: 12.675/50.0 = 25.4% done in 305.5s, 899.7s to go
on time step 1014 (time=12.675), 0.343304 s/step
Meep progress: 12.825000000000001/50.0 = 25.6% done in 309.7s, 897.6s to go
on time step 1026 (time=12.825), 0.343051 s/step
Meep progress: 12.975000000000001/50.0 = 26.0% done in 313.8s, 895.4s to go
on time step 1038 (time=12.975), 0.342682 s/step
Meep progress: 13.125/50.0 = 26.2% done in 317.9s, 893.1s to go
on time step 1050 (time=13.125), 0.342671 s/step
Meep progress: 13.287500000000001/50.0 = 26.6% done in 322.1s, 889.9s to go
on time step 1063 (time=13.2875), 0.324552 s/step
Meep progress: 13.475000000000001/50.0 = 27.0% done in 326.2s, 884.2s to go
on time step 1078 (time=13.475), 0.27475 s/step
Meep progress: 13.637500000000001/50.0 = 27.3% done in 330.5s, 881.3s to go
on time step 1091 (time=13.6375), 0.331262 s/step
Meep progress: 13.787500000000001/50.0 = 27.6% done in 334.6s, 878.9s to go
on time step 1103 (time=13.7875), 0.342502 s/step
Meep progress: 13.9375/50.0 = 27.9% done in 338.8s, 876.5s to go
on time step 1115 (time=13.9375), 0.343175 s/step
Meep progress: 14.0875/50.0 = 28.2% done in 342.9s, 874.1s to go
on time step 1127 (time=14.0875), 0.343091 s/step
Meep progress: 14.25/50.0 = 28.5% done in 346.9s, 870.4s to go
on time step 1140 (time=14.25), 0.311788 s/step
Meep progress: 14.4/50.0 = 28.8% done in 351.2s, 868.2s to go
on time step 1152 (time=14.4), 0.35621 s/step
Meep progress: 14.5875/50.0 = 29.2% done in 355.3s, 862.5s to go
on time step 1167 (time=14.5875), 0.272671 s/step
Meep progress: 14.825000000000001/50.0 = 29.6% done in 359.4s, 852.8s to go
on time step 1186 (time=14.825), 0.217277 s/step
Meep progress: 15.0625/50.0 = 30.1% done in 363.6s, 843.3s to go
on time step 1205 (time=15.0625), 0.21916 s/step
Meep progress: 15.2375/50.0 = 30.5% done in 367.6s, 838.7s to go
on time step 1219 (time=15.2375), 0.290339 s/step
Meep progress: 15.387500000000001/50.0 = 30.8% done in 371.8s, 836.4s to go
on time step 1231 (time=15.3875), 0.347884 s/step
Meep progress: 15.537500000000001/50.0 = 31.1% done in 376.0s, 833.9s to go
on time step 1243 (time=15.5375), 0.345251 s/step
Meep progress: 15.6875/50.0 = 31.4% done in 380.0s, 831.2s to go
on time step 1255 (time=15.6875), 0.339383 s/step
Meep progress: 15.850000000000001/50.0 = 31.7% done in 384.2s, 827.8s to go
on time step 1268 (time=15.85), 0.321389 s/step
Meep progress: 16.0125/50.0 = 32.0% done in 388.3s, 824.1s to go
on time step 1281 (time=16.0125), 0.312546 s/step
Meep progress: 16.175/50.0 = 32.4% done in 392.5s, 820.8s to go
on time step 1294 (time=16.175), 0.324457 s/step
Meep progress: 16.325/50.0 = 32.6% done in 396.7s, 818.3s to go
on time step 1306 (time=16.325), 0.349389 s/step
Meep progress: 16.5375/50.0 = 33.1% done in 400.9s, 811.1s to go
on time step 1323 (time=16.5375), 0.246512 s/step
Meep progress: 16.775000000000002/50.0 = 33.6% done in 405.0s, 802.2s to go
on time step 1342 (time=16.775), 0.218874 s/step
Meep progress: 16.9875/50.0 = 34.0% done in 409.3s, 795.5s to go
on time step 1359 (time=16.9875), 0.252277 s/step
Meep progress: 17.175/50.0 = 34.4% done in 413.4s, 790.2s to go
on time step 1374 (time=17.175), 0.274446 s/step
Meep progress: 17.35/50.0 = 34.7% done in 417.5s, 785.6s to go
on time step 1388 (time=17.35), 0.287586 s/step
Meep progress: 17.5/50.0 = 35.0% done in 421.6s, 782.9s to go
on time step 1400 (time=17.5), 0.34207 s/step
Meep progress: 17.6625/50.0 = 35.3% done in 425.7s, 779.5s to go
on time step 1413 (time=17.6625), 0.320233 s/step
Meep progress: 17.8125/50.0 = 35.6% done in 429.9s, 776.7s to go
on time step 1425 (time=17.8125), 0.342819 s/step
Meep progress: 17.962500000000002/50.0 = 35.9% done in 434.0s, 774.0s to go
on time step 1437 (time=17.9625), 0.342599 s/step
Meep progress: 18.1125/50.0 = 36.2% done in 438.1s, 771.4s to go
on time step 1449 (time=18.1125), 0.348983 s/step
Meep progress: 18.2875/50.0 = 36.6% done in 442.3s, 767.0s to go
on time step 1463 (time=18.2875), 0.298351 s/step
Meep progress: 18.5125/50.0 = 37.0% done in 446.5s, 759.4s to go
on time step 1481 (time=18.5125), 0.229577 s/step
Meep progress: 18.7375/50.0 = 37.5% done in 450.6s, 751.8s to go
on time step 1499 (time=18.7375), 0.229554 s/step
Meep progress: 18.900000000000002/50.0 = 37.8% done in 454.6s, 748.1s to go
on time step 1512 (time=18.9), 0.309165 s/step
Meep progress: 19.0625/50.0 = 38.1% done in 458.8s, 744.6s to go
on time step 1525 (time=19.0625), 0.322079 s/step
Meep progress: 19.225/50.0 = 38.4% done in 462.8s, 740.9s to go
on time step 1538 (time=19.225), 0.310566 s/step
Meep progress: 19.4125/50.0 = 38.8% done in 467.0s, 735.8s to go
on time step 1553 (time=19.4125), 0.277826 s/step
Meep progress: 19.575000000000003/50.0 = 39.2% done in 471.1s, 732.2s to go
on time step 1566 (time=19.575), 0.313311 s/step
Meep progress: 19.8/50.0 = 39.6% done in 475.1s, 724.7s to go
on time step 1584 (time=19.8), 0.226023 s/step
Meep progress: 20.0375/50.0 = 40.1% done in 479.3s, 716.6s to go
on time step 1603 (time=20.0375), 0.216644 s/step
Meep progress: 20.25/50.0 = 40.5% done in 483.3s, 710.1s to go
on time step 1620 (time=20.25), 0.2385 s/step
Meep progress: 20.462500000000002/50.0 = 40.9% done in 487.4s, 703.6s to go
on time step 1637 (time=20.4625), 0.240406 s/step
Meep progress: 20.6625/50.0 = 41.3% done in 491.5s, 697.9s to go
on time step 1653 (time=20.6625), 0.257157 s/step
Meep progress: 20.900000000000002/50.0 = 41.8% done in 495.6s, 690.1s to go
on time step 1672 (time=20.9), 0.216231 s/step
Meep progress: 21.137500000000003/50.0 = 42.3% done in 499.8s, 682.5s to go
on time step 1691 (time=21.1375), 0.221271 s/step
Meep progress: 21.275000000000002/50.0 = 42.6% done in 503.9s, 680.4s to go
on time step 1702 (time=21.275), 0.373892 s/step
Meep progress: 21.450000000000003/50.0 = 42.9% done in 508.2s, 676.4s to go
on time step 1716 (time=21.45), 0.304859 s/step
Meep progress: 21.625/50.0 = 43.2% done in 512.3s, 672.2s to go
on time step 1730 (time=21.625), 0.290721 s/step
Meep progress: 21.762500000000003/50.0 = 43.5% done in 516.3s, 669.9s to go
on time step 1741 (time=21.7625), 0.364396 s/step
Meep progress: 21.925/50.0 = 43.8% done in 520.4s, 666.4s to go
on time step 1754 (time=21.925), 0.31583 s/step
Meep progress: 22.075000000000003/50.0 = 44.2% done in 524.7s, 663.7s to go
on time step 1766 (time=22.075), 0.3584 s/step
Meep progress: 22.262500000000003/50.0 = 44.5% done in 529.0s, 659.0s to go
on time step 1781 (time=22.2625), 0.28376 s/step
Meep progress: 22.400000000000002/50.0 = 44.8% done in 533.1s, 656.8s to go
on time step 1792 (time=22.4), 0.37339 s/step
Meep progress: 22.5375/50.0 = 45.1% done in 537.1s, 654.5s to go
on time step 1803 (time=22.5375), 0.370691 s/step
Meep progress: 22.6875/50.0 = 45.4% done in 541.4s, 651.7s to go
on time step 1815 (time=22.6875), 0.353626 s/step
Meep progress: 22.85/50.0 = 45.7% done in 545.7s, 648.4s to go
on time step 1828 (time=22.85), 0.333282 s/step
Meep progress: 23.025000000000002/50.0 = 46.1% done in 549.9s, 644.3s to go
on time step 1842 (time=23.025), 0.30057 s/step
Meep progress: 23.1625/50.0 = 46.3% done in 554.0s, 641.9s to go
on time step 1853 (time=23.1625), 0.370731 s/step
Meep progress: 23.337500000000002/50.0 = 46.7% done in 558.3s, 637.8s to go
on time step 1867 (time=23.3375), 0.306552 s/step
Meep progress: 23.4875/50.0 = 47.0% done in 562.4s, 634.8s to go
on time step 1879 (time=23.4875), 0.340686 s/step
Meep progress: 23.637500000000003/50.0 = 47.3% done in 566.5s, 631.8s to go
on time step 1891 (time=23.6375), 0.342037 s/step
Meep progress: 23.825000000000003/50.0 = 47.7% done in 570.6s, 626.9s to go
on time step 1906 (time=23.825), 0.273979 s/step
Meep progress: 23.962500000000002/50.0 = 47.9% done in 574.9s, 624.7s to go
on time step 1917 (time=23.9625), 0.389543 s/step
Meep progress: 24.1125/50.0 = 48.2% done in 579.0s, 621.6s to go
on time step 1929 (time=24.1125), 0.341084 s/step
Meep progress: 24.3/50.0 = 48.6% done in 583.1s, 616.7s to go
on time step 1944 (time=24.3), 0.274266 s/step
Meep progress: 24.475/50.0 = 49.0% done in 587.3s, 612.5s to go
on time step 1958 (time=24.475), 0.302308 s/step
Meep progress: 24.637500000000003/50.0 = 49.3% done in 591.5s, 608.9s to go
on time step 1971 (time=24.6375), 0.323507 s/step
Meep progress: 24.7875/50.0 = 49.6% done in 595.7s, 605.9s to go
on time step 1983 (time=24.7875), 0.350884 s/step
Meep progress: 24.950000000000003/50.0 = 49.9% done in 599.8s, 602.2s to go
on time step 1996 (time=24.95), 0.312729 s/step
Meep progress: 25.1/50.0 = 50.2% done in 603.9s, 599.1s to go
on time step 2008 (time=25.1), 0.3443 s/step
Meep progress: 25.25/50.0 = 50.5% done in 608.0s, 596.0s to go
on time step 2020 (time=25.25), 0.341023 s/step
Meep progress: 25.400000000000002/50.0 = 50.8% done in 612.1s, 592.9s to go
on time step 2032 (time=25.4), 0.342986 s/step
Meep progress: 25.55/50.0 = 51.1% done in 616.2s, 589.7s to go
on time step 2044 (time=25.55), 0.341568 s/step
Meep progress: 25.700000000000003/50.0 = 51.4% done in 620.4s, 586.6s to go
on time step 2056 (time=25.7), 0.346055 s/step
Meep progress: 25.85/50.0 = 51.7% done in 624.6s, 583.5s to go
on time step 2068 (time=25.85), 0.353089 s/step
Meep progress: 26.0/50.0 = 52.0% done in 628.9s, 580.5s to go
on time step 2080 (time=26), 0.356105 s/step
Meep progress: 26.1625/50.0 = 52.3% done in 633.2s, 576.9s to go
on time step 2093 (time=26.1625), 0.327472 s/step
Meep progress: 26.325000000000003/50.0 = 52.6% done in 637.3s, 573.1s to go
on time step 2106 (time=26.325), 0.315653 s/step
Meep progress: 26.525000000000002/50.0 = 53.0% done in 641.3s, 567.5s to go
on time step 2122 (time=26.525), 0.251199 s/step
Meep progress: 26.762500000000003/50.0 = 53.5% done in 645.4s, 560.4s to go
on time step 2141 (time=26.7625), 0.218319 s/step
Meep progress: 26.962500000000002/50.0 = 53.9% done in 649.5s, 554.9s to go
on time step 2157 (time=26.9625), 0.252674 s/step
Meep progress: 27.1625/50.0 = 54.3% done in 653.6s, 549.5s to go
on time step 2173 (time=27.1625), 0.255341 s/step
Meep progress: 27.325000000000003/50.0 = 54.6% done in 657.8s, 545.8s to go
on time step 2186 (time=27.325), 0.323186 s/step
Meep progress: 27.512500000000003/50.0 = 55.0% done in 661.9s, 541.0s to go
on time step 2201 (time=27.5125), 0.279103 s/step
Meep progress: 27.712500000000002/50.0 = 55.4% done in 666.0s, 535.6s to go
on time step 2217 (time=27.7125), 0.251195 s/step
Meep progress: 27.9375/50.0 = 55.9% done in 670.0s, 529.1s to go
on time step 2235 (time=27.9375), 0.224723 s/step
Meep progress: 28.175/50.0 = 56.4% done in 674.2s, 522.2s to go
on time step 2254 (time=28.175), 0.219248 s/step
Meep progress: 28.4125/50.0 = 56.8% done in 678.3s, 515.4s to go
on time step 2273 (time=28.4125), 0.217327 s/step
Meep progress: 28.6125/50.0 = 57.2% done in 682.5s, 510.1s to go
on time step 2289 (time=28.6125), 0.260387 s/step
Meep progress: 28.8/50.0 = 57.6% done in 686.8s, 505.5s to go
on time step 2304 (time=28.8), 0.286461 s/step
Meep progress: 28.975/50.0 = 58.0% done in 691.0s, 501.4s to go
on time step 2318 (time=28.975), 0.300428 s/step
Meep progress: 29.150000000000002/50.0 = 58.3% done in 695.3s, 497.3s to go
on time step 2332 (time=29.15), 0.309375 s/step
Meep progress: 29.3125/50.0 = 58.6% done in 699.3s, 493.6s to go
on time step 2345 (time=29.3125), 0.310387 s/step
Meep progress: 29.4875/50.0 = 59.0% done in 703.7s, 489.5s to go
on time step 2359 (time=29.4875), 0.308328 s/step
Meep progress: 29.6875/50.0 = 59.4% done in 707.7s, 484.2s to go
on time step 2375 (time=29.6875), 0.252703 s/step
Meep progress: 29.85/50.0 = 59.7% done in 712.1s, 480.7s to go
on time step 2388 (time=29.85), 0.335977 s/step
Meep progress: 30.0/50.0 = 60.0% done in 716.3s, 477.5s to go
on time step 2400 (time=30), 0.351265 s/step
Meep progress: 30.150000000000002/50.0 = 60.3% done in 720.4s, 474.3s to go
on time step 2412 (time=30.15), 0.346081 s/step
Meep progress: 30.3625/50.0 = 60.7% done in 724.6s, 468.6s to go
on time step 2429 (time=30.3625), 0.242253 s/step
Meep progress: 30.55/50.0 = 61.1% done in 728.6s, 463.9s to go
on time step 2444 (time=30.55), 0.271103 s/step
Meep progress: 30.700000000000003/50.0 = 61.4% done in 732.9s, 460.8s to go
on time step 2456 (time=30.7), 0.356885 s/step
Meep progress: 30.85/50.0 = 61.7% done in 737.0s, 457.5s to go
on time step 2468 (time=30.85), 0.341865 s/step
Meep progress: 31.0/50.0 = 62.0% done in 741.0s, 454.2s to go
on time step 2480 (time=31), 0.333389 s/step
Meep progress: 31.150000000000002/50.0 = 62.3% done in 745.0s, 450.8s to go
on time step 2492 (time=31.15), 0.334153 s/step
Meep progress: 31.337500000000002/50.0 = 62.7% done in 749.2s, 446.1s to go
on time step 2507 (time=31.3375), 0.276093 s/step
Meep progress: 31.4875/50.0 = 63.0% done in 753.3s, 442.9s to go
on time step 2519 (time=31.4875), 0.348691 s/step
Meep progress: 31.6625/50.0 = 63.3% done in 757.5s, 438.7s to go
on time step 2533 (time=31.6625), 0.295212 s/step
Meep progress: 31.887500000000003/50.0 = 63.8% done in 761.7s, 432.6s to go
on time step 2551 (time=31.8875), 0.232738 s/step
Meep progress: 32.125/50.0 = 64.2% done in 765.8s, 426.1s to go
on time step 2570 (time=32.125), 0.218199 s/step
Meep progress: 32.300000000000004/50.0 = 64.6% done in 769.9s, 421.9s to go
on time step 2584 (time=32.3), 0.292482 s/step
Meep progress: 32.475/50.0 = 65.0% done in 774.0s, 417.7s to go
on time step 2598 (time=32.475), 0.294466 s/step
Meep progress: 32.65/50.0 = 65.3% done in 778.3s, 413.6s to go
on time step 2612 (time=32.65), 0.304329 s/step
Meep progress: 32.825/50.0 = 65.6% done in 782.6s, 409.5s to go
on time step 2626 (time=32.825), 0.309169 s/step
Meep progress: 33.0125/50.0 = 66.0% done in 786.7s, 404.8s to go
on time step 2641 (time=33.0125), 0.269965 s/step
Meep progress: 33.1875/50.0 = 66.4% done in 791.0s, 400.7s to go
on time step 2655 (time=33.1875), 0.311539 s/step
Meep progress: 33.3375/50.0 = 66.7% done in 795.3s, 397.5s to go
on time step 2667 (time=33.3375), 0.353329 s/step
Meep progress: 33.487500000000004/50.0 = 67.0% done in 799.4s, 394.2s to go
on time step 2679 (time=33.4875), 0.340365 s/step
Meep progress: 33.65/50.0 = 67.3% done in 803.5s, 390.4s to go
on time step 2692 (time=33.65), 0.319998 s/step
Meep progress: 33.800000000000004/50.0 = 67.6% done in 807.8s, 387.2s to go
on time step 2704 (time=33.8), 0.354573 s/step
Meep progress: 33.9625/50.0 = 67.9% done in 812.0s, 383.4s to go
on time step 2717 (time=33.9625), 0.325181 s/step
Meep progress: 34.1375/50.0 = 68.3% done in 816.2s, 379.2s to go
on time step 2731 (time=34.1375), 0.298128 s/step
Meep progress: 34.375/50.0 = 68.8% done in 820.3s, 372.9s to go
on time step 2750 (time=34.375), 0.218996 s/step
Meep progress: 34.6/50.0 = 69.2% done in 824.3s, 366.9s to go
on time step 2768 (time=34.6), 0.222411 s/step
Meep progress: 34.800000000000004/50.0 = 69.6% done in 828.3s, 361.8s to go
on time step 2784 (time=34.8), 0.25028 s/step
Meep progress: 34.9625/50.0 = 69.9% done in 832.6s, 358.1s to go
on time step 2797 (time=34.9625), 0.327518 s/step
Meep progress: 35.1375/50.0 = 70.3% done in 836.7s, 353.9s to go
on time step 2811 (time=35.1375), 0.28978 s/step
Meep progress: 35.300000000000004/50.0 = 70.6% done in 840.8s, 350.1s to go
on time step 2824 (time=35.3), 0.32131 s/step
Meep progress: 35.5/50.0 = 71.0% done in 845.0s, 345.1s to go
on time step 2840 (time=35.5), 0.261358 s/step
Meep progress: 35.6875/50.0 = 71.4% done in 849.2s, 340.6s to go
on time step 2855 (time=35.6875), 0.28038 s/step
Meep progress: 35.8375/50.0 = 71.7% done in 853.5s, 337.3s to go
on time step 2867 (time=35.8375), 0.35383 s/step
Meep progress: 35.975/50.0 = 72.0% done in 857.7s, 334.4s to go
on time step 2878 (time=35.975), 0.384705 s/step
Meep progress: 36.1375/50.0 = 72.3% done in 861.8s, 330.6s to go
on time step 2891 (time=36.1375), 0.319085 s/step
Meep progress: 36.300000000000004/50.0 = 72.6% done in 866.0s, 326.8s to go
on time step 2904 (time=36.3), 0.316884 s/step
Meep progress: 36.45/50.0 = 72.9% done in 870.2s, 323.5s to go
on time step 2916 (time=36.45), 0.353902 s/step
Meep progress: 36.6/50.0 = 73.2% done in 874.5s, 320.2s to go
on time step 2928 (time=36.6), 0.357746 s/step
Meep progress: 36.75/50.0 = 73.5% done in 878.7s, 316.8s to go
on time step 2940 (time=36.75), 0.347656 s/step
Meep progress: 36.9125/50.0 = 73.8% done in 882.8s, 313.0s to go
on time step 2953 (time=36.9125), 0.315303 s/step
Meep progress: 37.075/50.0 = 74.2% done in 887.0s, 309.2s to go
on time step 2966 (time=37.075), 0.325994 s/step
Meep progress: 37.237500000000004/50.0 = 74.5% done in 891.2s, 305.5s to go
on time step 2979 (time=37.2375), 0.325042 s/step
Meep progress: 37.3875/50.0 = 74.8% done in 895.5s, 302.1s to go
on time step 2991 (time=37.3875), 0.353986 s/step
Meep progress: 37.5625/50.0 = 75.1% done in 899.7s, 297.9s to go
on time step 3005 (time=37.5625), 0.304178 s/step
Meep progress: 37.725/50.0 = 75.4% done in 903.8s, 294.1s to go
on time step 3018 (time=37.725), 0.312024 s/step
Meep progress: 37.875/50.0 = 75.8% done in 907.9s, 290.6s to go
on time step 3030 (time=37.875), 0.338908 s/step
Meep progress: 38.025/50.0 = 76.0% done in 912.1s, 287.2s to go
on time step 3042 (time=38.025), 0.350233 s/step
Meep progress: 38.2/50.0 = 76.4% done in 916.2s, 283.0s to go
on time step 3056 (time=38.2), 0.298071 s/step
Meep progress: 38.35/50.0 = 76.7% done in 920.5s, 279.6s to go
on time step 3068 (time=38.35), 0.356088 s/step
Meep progress: 38.5/50.0 = 77.0% done in 924.7s, 276.2s to go
on time step 3080 (time=38.5), 0.351752 s/step
Meep progress: 38.6625/50.0 = 77.3% done in 928.8s, 272.4s to go
on time step 3093 (time=38.6625), 0.314036 s/step
Meep progress: 38.8125/50.0 = 77.6% done in 933.0s, 268.9s to go
on time step 3105 (time=38.8125), 0.346129 s/step
Meep progress: 38.962500000000006/50.0 = 77.9% done in 937.0s, 265.4s to go
on time step 3117 (time=38.9625), 0.336244 s/step
Meep progress: 39.112500000000004/50.0 = 78.2% done in 941.1s, 262.0s to go
on time step 3129 (time=39.1125), 0.339483 s/step
Meep progress: 39.25/50.0 = 78.5% done in 945.1s, 258.8s to go
on time step 3140 (time=39.25), 0.36428 s/step
Meep progress: 39.400000000000006/50.0 = 78.8% done in 949.3s, 255.4s to go
on time step 3152 (time=39.4), 0.347381 s/step
Meep progress: 39.550000000000004/50.0 = 79.1% done in 953.5s, 251.9s to go
on time step 3164 (time=39.55), 0.35242 s/step
Meep progress: 39.6875/50.0 = 79.4% done in 957.6s, 248.8s to go
on time step 3175 (time=39.6875), 0.374143 s/step
Meep progress: 39.837500000000006/50.0 = 79.7% done in 961.9s, 245.4s to go
on time step 3187 (time=39.8375), 0.354803 s/step
Meep progress: 39.987500000000004/50.0 = 80.0% done in 966.2s, 241.9s to go
on time step 3199 (time=39.9875), 0.358186 s/step
Meep progress: 40.125/50.0 = 80.2% done in 970.3s, 238.8s to go
on time step 3210 (time=40.125), 0.377276 s/step
Meep progress: 40.300000000000004/50.0 = 80.6% done in 974.6s, 234.6s to go
on time step 3224 (time=40.3), 0.308735 s/step
Meep progress: 40.462500000000006/50.0 = 80.9% done in 978.9s, 230.7s to go
on time step 3237 (time=40.4625), 0.326114 s/step
Meep progress: 40.625/50.0 = 81.2% done in 983.1s, 226.9s to go
on time step 3250 (time=40.625), 0.329195 s/step
Meep progress: 40.8125/50.0 = 81.6% done in 987.3s, 222.3s to go
on time step 3265 (time=40.8125), 0.278835 s/step
Meep progress: 40.975/50.0 = 82.0% done in 991.5s, 218.4s to go
on time step 3278 (time=40.975), 0.318923 s/step
Meep progress: 41.125/50.0 = 82.2% done in 995.7s, 214.9s to go
on time step 3290 (time=41.125), 0.353706 s/step
Meep progress: 41.275000000000006/50.0 = 82.6% done in 1000.0s, 211.4s to go
on time step 3302 (time=41.275), 0.353008 s/step
Meep progress: 41.4375/50.0 = 82.9% done in 1004.3s, 207.5s to go
on time step 3315 (time=41.4375), 0.331883 s/step
Meep progress: 41.6/50.0 = 83.2% done in 1008.6s, 203.7s to go
on time step 3328 (time=41.6), 0.333096 s/step
Meep progress: 41.75/50.0 = 83.5% done in 1012.6s, 200.1s to go
on time step 3340 (time=41.75), 0.336956 s/step
Meep progress: 41.9125/50.0 = 83.8% done in 1016.8s, 196.2s to go
on time step 3353 (time=41.9125), 0.319688 s/step
Meep progress: 42.087500000000006/50.0 = 84.2% done in 1020.9s, 191.9s to go
on time step 3367 (time=42.0875), 0.293835 s/step
Meep progress: 42.237500000000004/50.0 = 84.5% done in 1025.1s, 188.4s to go
on time step 3379 (time=42.2375), 0.34707 s/step
Meep progress: 42.400000000000006/50.0 = 84.8% done in 1029.4s, 184.5s to go
on time step 3392 (time=42.4), 0.330183 s/step
Meep progress: 42.550000000000004/50.0 = 85.1% done in 1033.5s, 181.0s to go
on time step 3404 (time=42.55), 0.342268 s/step
Meep progress: 42.7/50.0 = 85.4% done in 1037.6s, 177.4s to go
on time step 3416 (time=42.7), 0.342334 s/step
Meep progress: 42.85/50.0 = 85.7% done in 1041.7s, 173.8s to go
on time step 3428 (time=42.85), 0.346111 s/step
Meep progress: 43.0/50.0 = 86.0% done in 1045.9s, 170.3s to go
on time step 3440 (time=43), 0.347549 s/step
Meep progress: 43.150000000000006/50.0 = 86.3% done in 1050.0s, 166.7s to go
on time step 3452 (time=43.15), 0.342833 s/step
Meep progress: 43.300000000000004/50.0 = 86.6% done in 1054.2s, 163.1s to go
on time step 3464 (time=43.3), 0.343891 s/step
Meep progress: 43.45/50.0 = 86.9% done in 1058.3s, 159.5s to go
on time step 3476 (time=43.45), 0.341699 s/step
Meep progress: 43.612500000000004/50.0 = 87.2% done in 1062.5s, 155.6s to go
on time step 3489 (time=43.6125), 0.327824 s/step
Meep progress: 43.7625/50.0 = 87.5% done in 1066.8s, 152.1s to go
on time step 3501 (time=43.7625), 0.359829 s/step
Meep progress: 43.9375/50.0 = 87.9% done in 1071.2s, 147.8s to go
on time step 3515 (time=43.9375), 0.31049 s/step
Meep progress: 44.1/50.0 = 88.2% done in 1075.3s, 143.9s to go
on time step 3528 (time=44.1), 0.315788 s/step
Meep progress: 44.2625/50.0 = 88.5% done in 1079.5s, 139.9s to go
on time step 3541 (time=44.2625), 0.324632 s/step
Meep progress: 44.4375/50.0 = 88.9% done in 1083.9s, 135.7s to go
on time step 3555 (time=44.4375), 0.312919 s/step
Meep progress: 44.587500000000006/50.0 = 89.2% done in 1088.2s, 132.1s to go
on time step 3567 (time=44.5875), 0.359484 s/step
Meep progress: 44.737500000000004/50.0 = 89.5% done in 1092.3s, 128.5s to go
on time step 3579 (time=44.7375), 0.344449 s/step
Meep progress: 44.8875/50.0 = 89.8% done in 1096.5s, 124.9s to go
on time step 3591 (time=44.8875), 0.346238 s/step
Meep progress: 45.075/50.0 = 90.2% done in 1100.5s, 120.2s to go
on time step 3606 (time=45.075), 0.269099 s/step
Meep progress: 45.3125/50.0 = 90.6% done in 1104.7s, 114.3s to go
on time step 3625 (time=45.3125), 0.218565 s/step
Meep progress: 45.525000000000006/50.0 = 91.1% done in 1108.7s, 109.0s to go
on time step 3642 (time=45.525), 0.238637 s/step
Meep progress: 45.7625/50.0 = 91.5% done in 1112.9s, 103.1s to go
on time step 3661 (time=45.7625), 0.220954 s/step
Meep progress: 46.0/50.0 = 92.0% done in 1117.1s, 97.1s to go
on time step 3680 (time=46), 0.219053 s/step
Meep progress: 46.237500000000004/50.0 = 92.5% done in 1121.2s, 91.2s to go
on time step 3699 (time=46.2375), 0.218202 s/step
Meep progress: 46.462500000000006/50.0 = 92.9% done in 1125.4s, 85.7s to go
on time step 3717 (time=46.4625), 0.23346 s/step
Meep progress: 46.612500000000004/50.0 = 93.2% done in 1129.5s, 82.1s to go
on time step 3729 (time=46.6125), 0.341214 s/step
Meep progress: 46.7875/50.0 = 93.6% done in 1133.9s, 77.9s to go
on time step 3743 (time=46.7875), 0.310499 s/step
Meep progress: 46.95/50.0 = 93.9% done in 1138.1s, 73.9s to go
on time step 3756 (time=46.95), 0.322554 s/step
Meep progress: 47.112500000000004/50.0 = 94.2% done in 1142.3s, 70.0s to go
on time step 3769 (time=47.1125), 0.32767 s/step
Meep progress: 47.275000000000006/50.0 = 94.6% done in 1146.5s, 66.1s to go
on time step 3782 (time=47.275), 0.317706 s/step
Meep progress: 47.425000000000004/50.0 = 94.9% done in 1150.6s, 62.5s to go
on time step 3794 (time=47.425), 0.343485 s/step
Meep progress: 47.6/50.0 = 95.2% done in 1154.9s, 58.2s to go
on time step 3808 (time=47.6), 0.306943 s/step
Meep progress: 47.7625/50.0 = 95.5% done in 1159.0s, 54.3s to go
on time step 3821 (time=47.7625), 0.317068 s/step
Meep progress: 47.9375/50.0 = 95.9% done in 1163.2s, 50.0s to go
on time step 3835 (time=47.9375), 0.299942 s/step
Meep progress: 48.087500000000006/50.0 = 96.2% done in 1167.3s, 46.4s to go
on time step 3847 (time=48.0875), 0.342166 s/step
Meep progress: 48.237500000000004/50.0 = 96.5% done in 1171.5s, 42.8s to go
on time step 3859 (time=48.2375), 0.352828 s/step
Meep progress: 48.3875/50.0 = 96.8% done in 1175.7s, 39.2s to go
on time step 3871 (time=48.3875), 0.342096 s/step
Meep progress: 48.5375/50.0 = 97.1% done in 1179.8s, 35.5s to go
on time step 3883 (time=48.5375), 0.34323 s/step
Meep progress: 48.6875/50.0 = 97.4% done in 1183.9s, 31.9s to go
on time step 3895 (time=48.6875), 0.341742 s/step
Meep progress: 48.837500000000006/50.0 = 97.7% done in 1188.0s, 28.3s to go
on time step 3907 (time=48.8375), 0.343683 s/step
Meep progress: 48.987500000000004/50.0 = 98.0% done in 1192.1s, 24.6s to go
on time step 3919 (time=48.9875), 0.338533 s/step
Meep progress: 49.1375/50.0 = 98.3% done in 1196.2s, 21.0s to go
on time step 3931 (time=49.1375), 0.343928 s/step
Meep progress: 49.2875/50.0 = 98.6% done in 1200.4s, 17.4s to go
on time step 3943 (time=49.2875), 0.34942 s/step
Meep progress: 49.475/50.0 = 99.0% done in 1204.5s, 12.8s to go
on time step 3958 (time=49.475), 0.272344 s/step
Meep progress: 49.712500000000006/50.0 = 99.4% done in 1208.7s, 7.0s to go
on time step 3977 (time=49.7125), 0.221429 s/step
Meep progress: 49.95/50.0 = 99.9% done in 1212.8s, 1.2s to go
on time step 3996 (time=49.95), 0.217643 s/step
run 0 finished at t = 50.0 (4000 timesteps)
flux1:, 0.5, 1.245412000461705e-6, -1.1641496367731345e-6
flux1:, 0.5066889632107023, 1.5918228915639123e-6, -1.2619082208842123e-6
flux1:, 0.5133779264214047, 1.8935757519742552e-6, -1.4329183613236662e-6
flux1:, 0.520066889632107, 1.8359027806618986e-6, -1.417658453240042e-6
flux1:, 0.5267558528428093, 2.1049560928091864e-6, -1.4794888608997108e-6
flux1:, 0.5334448160535117, 2.5635313830463574e-6, -1.8191896377569617e-6
flux1:, 0.540133779264214, 2.5321287090452812e-6, -2.011046115404599e-6
flux1:, 0.5468227424749164, 2.793227113223611e-6, -2.0672370104264236e-6
flux1:, 0.5535117056856187, 3.6874692160026508e-6, -2.4199254135543107e-6
flux1:, 0.560200668896321, 4.027429844505209e-6, -2.750400710315321e-6
flux1:, 0.5668896321070234, 4.221835565314998e-6, -2.818652188775405e-6
flux1:, 0.5735785953177257, 5.319020899017151e-6, -3.209399377978923e-6
flux1:, 0.580267558528428, 5.966802192911711e-6, -3.902416750596517e-6
flux1:, 0.5869565217391304, 5.94770834012634e-6, -4.413433431521587e-6
flux1:, 0.5936454849498327, 7.371511582082145e-6, -5.0685293500842304e-6
flux1:, 0.600334448160535, 9.266227262866058e-6, -5.834900698596802e-6
flux1:, 0.6070234113712374, 9.731377166024085e-6, -6.185113505640826e-6
flux1:, 0.6137123745819397, 1.1148476964295815e-5, -6.7792801355073e-6
flux1:, 0.6204013377926421, 1.4198669037898413e-5, -7.799091037070177e-6
flux1:, 0.6270903010033444, 1.542833663221468e-5, -8.145617404529034e-6
flux1:, 0.6337792642140467, 1.57923123963673e-5, -8.885715106550104e-6
flux1:, 0.6404682274247491, 1.8540325986465698e-5, -1.139593105218689e-5
flux1:, 0.6471571906354514, 2.1213833264202723e-5, -1.3185552183594388e-5
flux1:, 0.6538461538461537, 2.2299943849518468e-5, -1.3581273161962838e-5
flux1:, 0.6605351170568561, 2.5262234381481545e-5, -1.630170956103317e-5
flux1:, 0.6672240802675584, 2.9915599814620868e-5, -2.0042947520368504e-5
flux1:, 0.6739130434782608, 3.393095709166588e-5, -2.0489293851124324e-5
flux1:, 0.6806020066889631, 3.817650276537003e-5, -2.19071377430776e-5
flux1:, 0.6872909698996654, 4.103624055459817e-5, -2.8699203368240482e-5
flux1:, 0.6939799331103678, 4.226085811171936e-5, -3.48871251331967e-5
flux1:, 0.7006688963210701, 4.8958573233406375e-5, -3.8249326615596066e-5
flux1:, 0.7073578595317724, 6.0210874706221294e-5, -4.496096807651095e-5
flux1:, 0.7140468227424748, 6.642181600468763e-5, -5.261972253821896e-5
flux1:, 0.7207357859531771, 7.184756879084319e-5, -5.549967087706665e-5
flux1:, 0.7274247491638794, 8.378042030866697e-5, -6.051566841681627e-5
flux1:, 0.7341137123745818, 9.263990848409885e-5, -7.240261039656632e-5
flux1:, 0.7408026755852841, 9.680084236156191e-5, -8.380954107227598e-5
flux1:, 0.7474916387959865, 1.0883939701681473e-4, -9.498826090927709e-5
flux1:, 0.7541806020066888, 1.22500313899099e-4, -1.1297991981472469e-4
flux1:, 0.7608695652173911, 1.289821923567373e-4, -1.3320053581278852e-4
flux1:, 0.7675585284280935, 1.4513289030355673e-4, -1.507669791737708e-4
flux1:, 0.7742474916387958, 1.727869333715191e-4, -1.7073778028300028e-4
flux1:, 0.7809364548494981, 1.8931413016876796e-4, -1.9086569588098952e-4
flux1:, 0.7876254180602005, 2.0234621256414354e-4, -2.044323877787995e-4
flux1:, 0.7943143812709028, 2.31803275262163e-4, -2.1969920889369315e-4
flux1:, 0.8010033444816052, 2.611747428268078e-4, -2.493443594803587e-4
flux1:, 0.8076923076923075, 2.792644446934495e-4, -2.931516366780238e-4
flux1:, 0.8143812709030098, 3.009099252398996e-4, -3.431082065384564e-4
flux1:, 0.8210702341137122, 3.206130046322963e-4, -3.9455659423899607e-4
flux1:, 0.8277591973244145, 3.339497342405891e-4, -4.53943746130987e-4
flux1:, 0.8344481605351168, 3.6162544178215564e-4, -5.245748665913432e-4
flux1:, 0.8411371237458192, 3.9295141445484154e-4, -5.885369076685133e-4
flux1:, 0.8478260869565215, 4.080590271413647e-4, -6.497111306666337e-4
flux1:, 0.8545150501672238, 4.3742115821901993e-4, -7.477105518905557e-4
flux1:, 0.8612040133779262, 4.862776946243275e-4, -8.527150303214663e-4
flux1:, 0.8678929765886285, 5.197614532349105e-4, -8.855488534163849e-4
flux1:, 0.8745819397993309, 5.67961661841973e-4, -9.172172337965502e-4
flux1:, 0.8812709030100332, 6.484656166977794e-4, -0.0010837770082006816
flux1:, 0.8879598662207355, 6.844420628308969e-4, -0.0012893872022183607
flux1:, 0.8946488294314379, 6.961200852569088e-4, -0.0013812579248298296
flux1:, 0.9013377926421402, 7.884250852180947e-4, -0.0014927560798132782
flux1:, 0.9080267558528425, 8.617177361051957e-4, -0.0017498872607538364
flux1:, 0.9147157190635449, 7.760933818128839e-4, -0.00196645128100989
flux1:, 0.9214046822742472, 6.874017808043918e-4, -0.002071122785144324
flux1:, 0.9280936454849495, 7.464007417247927e-4, -0.0022850320721540802
flux1:, 0.9347826086956519, 8.351686840547771e-4, -0.0025785802096044263
flux1:, 0.9414715719063542, 9.379506328911543e-4, -0.0026835138666057782
flux1:, 0.9481605351170566, 0.0011668445693492372, -0.00271495832260518
flux1:, 0.9548494983277589, 0.0013499207862295722, -0.003018841664263326
flux1:, 0.9615384615384612, 0.0012946024208199394, -0.003579957103463007
flux1:, 0.9682274247491636, 0.0012072719294812214, -0.004135771353133011
flux1:, 0.9749163879598659, 0.0012812874894661613, -0.004475313290756088
flux1:, 0.9816053511705682, 0.0014158650000712, -0.004497661207548536
flux1:, 0.9882943143812706, 0.001601866783452832, -0.004484503639242753
flux1:, 0.9949832775919729, 0.001897095179156371, -0.004898313514129064
flux1:, 1.0016722408026753, 0.002138372431314594, -0.005529606093419072
flux1:, 1.0083612040133776, 0.0022501692013370544, -0.005828024708994329
flux1:, 1.01505016722408, 0.002386432307726869, -0.006074429665292442
flux1:, 1.0217391304347823, 0.0025391135573843565, -0.006785583912496674
flux1:, 1.0284280936454846, 0.002629671781754731, -0.007517013280112188
flux1:, 1.035117056856187, 0.0028073677717385718, -0.007857051285083311
flux1:, 1.0418060200668893, 0.0031467481853311116, -0.008394694698422174
flux1:, 1.0484949832775916, 0.0035517532044211054, -0.009291968110864158
flux1:, 1.055183946488294, 0.004069564057740251, -0.0097398404082137
flux1:, 1.0618729096989963, 0.004645768000805812, -0.009779083261642374
flux1:, 1.0685618729096986, 0.004947624301248147, -0.010412814006259543
flux1:, 1.075250836120401, 0.004987832413035635, -0.011606101956116764
flux1:, 1.0819397993311033, 0.005208442698186502, -0.012484323616790985
flux1:, 1.0886287625418056, 0.005765865199043913, -0.013103950833185279
flux1:, 1.095317725752508, 0.006535927407915536, -0.013939598409146601
flux1:, 1.1020066889632103, 0.007508064548497593, -0.01462096696746445
flux1:, 1.1086956521739126, 0.00853316221594476, -0.014844005654858196
flux1:, 1.115384615384615, 0.009370350307545627, -0.015219096345732267
flux1:, 1.1220735785953173, 0.010248737494936211, -0.016109682280756064
flux1:, 1.1287625418060196, 0.01154779638658681, -0.017017486271873213
flux1:, 1.135451505016722, 0.013031349656970566, -0.017684985544643
flux1:, 1.1421404682274243, 0.014156389250134876, -0.018452927668834853
flux1:, 1.1488294314381267, 0.014917712335646748, -0.0192933568507006
flux1:, 1.155518394648829, 0.01589305544721139, -0.019783634794778692
flux1:, 1.1622073578595313, 0.01750987415065703, -0.020154915305788668
flux1:, 1.1688963210702337, 0.019525453936265758, -0.021045072666859153
flux1:, 1.175585284280936, 0.021456246734356102, -0.022119518611986074
flux1:, 1.1822742474916383, 0.023193230386271788, -0.022524100268851772
flux1:, 1.1889632107023407, 0.02477452989392392, -0.022768398829036824
flux1:, 1.195652173913043, 0.0263043196928421, -0.02402731031863478
flux1:, 1.2023411371237454, 0.02837729403424476, -0.025579844787960854
flux1:, 1.2090301003344477, 0.03128807791076994, -0.025694604227512352
flux1:, 1.21571906354515, 0.03416943105628926, -0.024876835142901663
flux1:, 1.2224080267558524, 0.03632727479286728, -0.025165879413775974
flux1:, 1.2290969899665547, 0.03785703124883401, -0.026926616252915286
flux1:, 1.235785953177257, 0.03823966965799574, -0.02929556702246236
flux1:, 1.2424749163879594, 0.03752036589706483, -0.03208953422872669
flux1:, 1.2491638795986617, 0.03808138704525605, -0.034661311432386134
flux1:, 1.255852842809364, 0.04098232404361444, -0.03559033042657677
flux1:, 1.2625418060200664, 0.04365016411858242, -0.03541501384608765
flux1:, 1.2692307692307687, 0.04513335191347057, -0.03633722285442741
flux1:, 1.275919732441471, 0.04759094120985816, -0.03859420154830544
flux1:, 1.2826086956521734, 0.05052405811927265, -0.04065787726982111
flux1:, 1.2892976588628757, 0.05209637860527491, -0.042034205768426265
flux1:, 1.295986622073578, 0.054594636146738026, -0.04268472878712888
flux1:, 1.3026755852842804, 0.05885427904019412, -0.04236284024289588
flux1:, 1.3093645484949827, 0.05991553045340071, -0.04272311220566624
flux1:, 1.316053511705685, 0.05749013227131035, -0.04581533879544157
flux1:, 1.3227424749163874, 0.05901162280468286, -0.049658328755466025
flux1:, 1.3294314381270897, 0.06538586072984037, -0.05071199235948496
flux1:, 1.336120401337792, 0.06918470158125452, -0.05004346097764951
flux1:, 1.3428093645484944, 0.06987045658789073, -0.05115381898687214
flux1:, 1.3494983277591968, 0.07378639013816184, -0.05368646765591313
flux1:, 1.356187290969899, 0.08047006693219431, -0.05491310798125873
flux1:, 1.3628762541806014, 0.08436297706265743, -0.05486848755198699
flux1:, 1.3695652173913038, 0.08508681472206447, -0.05560528575693535
flux1:, 1.376254180602006, 0.08560140522671703, -0.05771730713967911
flux1:, 1.3829431438127084, 0.08761829638551047, -0.059905608138769335
flux1:, 1.3896321070234108, 0.09253323525899983, -0.060433524495056685
flux1:, 1.3963210702341131, 0.0989593656810782, -0.059105391000007196
flux1:, 1.4030100334448155, 0.10230822956777111, -0.05826319779409685
flux1:, 1.4096989966555178, 0.10266896163491752, -0.059961897569133865
flux1:, 1.4163879598662201, 0.10457057443339098, -0.06311632127234364
flux1:, 1.4230769230769225, 0.10708072074973923, -0.0658183445945456
flux1:, 1.4297658862876248, 0.10626373568285395, -0.06768684962223635
flux1:, 1.4364548494983271, 0.10495904553098397, -0.0682400804005419
flux1:, 1.4431438127090295, 0.10739640488708953, -0.06758890648061075
flux1:, 1.4498327759197318, 0.1104377516544343, -0.0687827276096128
flux1:, 1.4565217391304341, 0.11067976548265772, -0.07355182591939023
flux1:, 1.4632107023411365, 0.1111857856517858, -0.07803677500197387
flux1:, 1.4698996655518388, 0.11428375316809672, -0.0789541527188582
flux1:, 1.4765886287625412, 0.11743831674125066, -0.07896227706113827
flux1:, 1.4832775919732435, 0.11906336130419774, -0.08033118486642254
flux1:, 1.4899665551839458, 0.12002327010720158, -0.08085843579062511
flux1:, 1.4966555183946482, 0.12021239900205608, -0.08041310152283469
flux1:, 1.5033444816053505, 0.11950556797160031, -0.08239560515652868
flux1:, 1.5100334448160528, 0.11923656979662327, -0.08603391009631645
flux1:, 1.5167224080267552, 0.12013977249164337, -0.0866192134342607
flux1:, 1.5234113712374575, 0.1219237574848623, -0.08408843503462786
flux1:, 1.5301003344481598, 0.12415007731953344, -0.08280260381288336
flux1:, 1.5367892976588622, 0.12530110700864455, -0.08394701352427161
flux1:, 1.5434782608695645, 0.12393602549938386, -0.08531435535435243
flux1:, 1.5501672240802669, 0.121450757649721, -0.0863225591672058
flux1:, 1.5568561872909692, 0.1202115753536544, -0.08775852049557974
flux1:, 1.5635451505016715, 0.12019838516258481, -0.08908013268797248
flux1:, 1.5702341137123739, 0.12011891985650083, -0.08963456484691523
flux1:, 1.5769230769230762, 0.11904685672846643, -0.09041984401553735
flux1:, 1.5836120401337785, 0.11610769651166665, -0.09265149022087063
flux1:, 1.5903010033444809, 0.11197896476269907, -0.09599766024186095
flux1:, 1.5969899665551832, 0.10942405904994565, -0.09884468612186771
flux1:, 1.6036789297658856, 0.10930073583314875, -0.09957202941045537
flux1:, 1.610367892976588, 0.10904180555196372, -0.09799476398586353
flux1:, 1.6170568561872902, 0.10676021956912962, -0.095969611481751
flux1:, 1.6237458193979926, 0.10304950742989237, -0.09563353370187089
flux1:, 1.630434782608695, 0.09901274763369142, -0.09682913234643935
flux1:, 1.6371237458193972, 0.095982783611816, -0.09754071835394551
flux1:, 1.6438127090300996, 0.09492488000725838, -0.09700636884543769
flux1:, 1.650501672240802, 0.09411835155066328, -0.09676393580206591
flux1:, 1.6571906354515042, 0.09122278954465424, -0.0981524241234242
flux1:, 1.6638795986622066, 0.08741734688900704, -0.10032232061220622
flux1:, 1.670568561872909, 0.08490935459587018, -0.1015100745610901
flux1:, 1.6772575250836113, 0.08274238903734467, -0.1013076361714238
flux1:, 1.6839464882943136, 0.07943346537629235, -0.10089230224634496
flux1:, 1.690635451505016, 0.07592752676034853, -0.10132674262751111
flux1:, 1.6973244147157183, 0.0729553724071483, -0.10233409994262468
flux1:, 1.7040133779264206, 0.06979403549641697, -0.10311378445631716
flux1:, 1.710702341137123, 0.06646260898485054, -0.10362937261612809
flux1:, 1.7173913043478253, 0.06312489024566796, -0.10412136566921813
flux1:, 1.7240802675585276, 0.058655521335320544, -0.10426062636632598
flux1:, 1.73076923076923, 0.052936603427375516, -0.10409020196991436
flux1:, 1.7374581939799323, 0.04796634024229308, -0.10454686830307344
flux1:, 1.7441471571906346, 0.04497472544887072, -0.10569816961163049
flux1:, 1.750836120401337, 0.04321239901798488, -0.10598199001374833
flux1:, 1.7575250836120393, 0.041630107060938615, -0.1042440014767615
flux1:, 1.7642140468227416, 0.0395359872382052, -0.10115054085841343
flux1:, 1.770903010033444, 0.03667968288604913, -0.0983414820678788
flux1:, 1.7775919732441463, 0.03371634944540409, -0.09714356009611019
flux1:, 1.7842809364548486, 0.031184868587569334, -0.09737757750799671
flux1:, 1.790969899665551, 0.028571608566489045, -0.09709730546806275
flux1:, 1.7976588628762533, 0.025671523241613196, -0.09491227477957
flux1:, 1.8043478260869557, 0.023253316537311622, -0.09196518200969596
flux1:, 1.811036789297658, 0.021610562479226065, -0.0899145663471
flux1:, 1.8177257525083603, 0.020213040688056533, -0.08854431654088475
flux1:, 1.8244147157190627, 0.018654068544917923, -0.08701358035276446
flux1:, 1.831103678929765, 0.016744285873732327, -0.08536949561293555
flux1:, 1.8377926421404673, 0.014647464194592065, -0.08368249891715801
flux1:, 1.8444816053511697, 0.013181441728448616, -0.0816438217844137
flux1:, 1.851170568561872, 0.01265401694966985, -0.07921717052332143
flux1:, 1.8578595317725743, 0.012222166872304218, -0.076342400740215
flux1:, 1.8645484949832767, 0.011537425713233095, -0.07284976169655757
flux1:, 1.871237458193979, 0.01128398435193116, -0.06927166772309805
flux1:, 1.8779264214046814, 0.011468365856804953, -0.06626850974098089
flux1:, 1.8846153846153837, 0.011313913963470291, -0.06345188234615705
flux1:, 1.891304347826086, 0.01081395951314414, -0.06027616947220505
flux1:, 1.8979933110367884, 0.010491475230280179, -0.05712291430514135
flux1:, 1.9046822742474907, 0.010329302003668836, -0.05431761721434282
flux1:, 1.911371237458193, 0.010219206478237316, -0.051469978529660135
flux1:, 1.9180602006688954, 0.01031923697015591, -0.04848693981987564
flux1:, 1.9247491638795977, 0.01042520963927986, -0.04586841261218434
flux1:, 1.9314381270903, 0.010213148918402044, -0.04376098183865725
flux1:, 1.9381270903010024, 0.009964799156770622, -0.041712898776496796
flux1:, 1.9448160535117047, 0.010044897859194516, -0.039337050930954916
flux1:, 1.951505016722407, 0.010246996105561347, -0.03670682410732668
flux1:, 1.9581939799331094, 0.010285255285564796, -0.03410990461466124
flux1:, 1.9648829431438117, 0.01018758096642521, -0.031608462422237533
flux1:, 1.971571906354514, 0.00998156738482645, -0.029172754652079462
flux1:, 1.9782608695652164, 0.009677235972017473, -0.027114588526891244
flux1:, 1.9849498327759187, 0.00947396013574374, -0.025567520029249852
flux1:, 1.991638795986621, 0.00948928614574171, -0.023858278497232207
flux1:, 1.9983277591973234, 0.009539290753804129, -0.021577356888559596
flux1:, 2.0050167224080258, 0.009459530732669964, -0.019529314448579634
flux1:, 2.011705685618728, 0.009306460879724861, -0.01832943616899043
flux1:, 2.0183946488294304, 0.009111437294266854, -0.017314716434455677
flux1:, 2.0250836120401328, 0.00878413540493997, -0.015966384435433745
flux1:, 2.031772575250835, 0.008350403636802348, -0.014752993750171169
flux1:, 2.0384615384615374, 0.007984710953529869, -0.013846191478966968
flux1:, 2.0451505016722398, 0.007729062488596148, -0.012803411207428436
flux1:, 2.051839464882942, 0.007437669542063434, -0.011708074391490743
flux1:, 2.0585284280936444, 0.007050802578068289, -0.010965964341195135
flux1:, 2.065217391304347, 0.006669069334447601, -0.010319124037392756
flux1:, 2.071906354515049, 0.006336271337231846, -0.009387551211175574
flux1:, 2.0785953177257515, 0.006000694705663027, -0.00847061470103518
flux1:, 2.085284280936454, 0.005670872615050522, -0.00789767206042117
flux1:, 2.091973244147156, 0.005387549301725851, -0.007427232863328342
flux1:, 2.0986622073578585, 0.005110443486390443, -0.006806240283144354
flux1:, 2.105351170568561, 0.004796979296667871, -0.006173343676282676
flux1:, 2.112040133779263, 0.0044872285199259315, -0.005692305362216366
flux1:, 2.1187290969899655, 0.004218049210864416, -0.0053134063029532975
flux1:, 2.125418060200668, 0.0039671074040990625, -0.004940486070332313
flux1:, 2.13210702341137, 0.003712472874340366, -0.004553832246501784
flux1:, 2.1387959866220725, 0.0034617011722494683, -0.004178487824863537
flux1:, 2.145484949832775, 0.0032318904579389297, -0.003823866413921943
flux1:, 2.152173913043477, 0.0030351178405314296, -0.0034750584728304446
flux1:, 2.1588628762541795, 0.0028557035809501307, -0.0031531872793134196
flux1:, 2.165551839464882, 0.0026560694953149506, -0.002908228233346337
flux1:, 2.172240802675584, 0.0024308496761796003, -0.0027181197718181877
flux1:, 2.1789297658862865, 0.0022162451423166523, -0.0025055972146672384
flux1:, 2.185618729096989, 0.0020367554091343105, -0.0022633253189563475
flux1:, 2.192307692307691, 0.0018841636358635611, -0.0020486822899651704
flux1:, 2.1989966555183935, 0.0017439503682367854, -0.001878691172436871
flux1:, 2.205685618729096, 0.0016126022487137365, -0.0017224909397052929
flux1:, 2.212374581939798, 0.0014923817193252511, -0.0015662086794760814
flux1:, 2.2190635451505005, 0.0013790132852773255, -0.001426899192650761
flux1:, 2.225752508361203, 0.0012630456644843024, -0.0013152682591260703
flux1:, 2.232441471571905, 0.0011483200329770406, -0.0012133156856235473
flux1:, 2.2391304347826075, 0.0010488115287976003, -0.0011025110431022312
flux1:, 2.24581939799331, 9.637369649855406e-4, -9.945828611258474e-4
flux1:, 2.252508361204012, 8.833548782876356e-4, -9.025371272177848e-4
flux1:, 2.2591973244147145, 8.089234444123948e-4, -8.141943772669744e-4
flux1:, 2.265886287625417, 7.402197738353036e-4, -7.299445184246096e-4
flux1:, 2.272575250836119, 6.684171309137413e-4, -6.725341166148918e-4
flux1:, 2.2792642140468216, 5.966745474434752e-4, -6.357325975156771e-4
flux1:, 2.285953177257524, 5.361981408835769e-4, -5.885103845244762e-4
flux1:, 2.2926421404682262, 4.849603163212336e-4, -5.298374758357834e-4
flux1:, 2.2993311036789286, 4.377022398654465e-4, -4.7933485568639375e-4
flux1:, 2.306020066889631, 3.9706807732952867e-4, -4.3818105360460963e-4
flux1:, 2.3127090301003332, 3.6008232696012663e-4, -4.0043985538316485e-4
flux1:, 2.3193979933110356, 3.207804311661466e-4, -3.671978674741244e-4
flux1:, 2.326086956521738, 2.842708664986282e-4, -3.3543478516067347e-4
flux1:, 2.3327759197324403, 2.550498096873576e-4, -3.040184026301386e-4
flux1:, 2.3394648829431426, 2.2769660483611855e-4, -2.7897045156488284e-4
flux1:, 2.346153846153845, 2.0106211653141595e-4, -2.572435992449881e-4
flux1:, 2.3528428093645473, 1.7955458087711486e-4, -2.3128897423313122e-4
flux1:, 2.3595317725752496, 1.614154051531324e-4, -2.0627150212315214e-4
flux1:, 2.366220735785952, 1.4365626473960294e-4, -1.8750482177676487e-4
flux1:, 2.3729096989966543, 1.278421122730392e-4, -1.693903062813239e-4
flux1:, 2.3795986622073566, 1.1352204547367684e-4, -1.505605706226033e-4
flux1:, 2.386287625418059, 9.962576808032758e-5, -1.3561127644017696e-4
flux1:, 2.3929765886287613, 8.855836755711371e-5, -1.2281437079464348e-4
flux1:, 2.3996655518394636, 7.946878036450661e-5, -1.0987295834357876e-4
flux1:, 2.406354515050166, 6.887438003149113e-5, -9.958266240614473e-5
flux1:, 2.4130434782608683, 5.899473215308629e-5, -9.115393115396218e-5
flux1:, 2.4197324414715706, 5.24593380974347e-5, -8.183631371951233e-5
flux1:, 2.426421404682273, 4.603534957378009e-5, -7.390389602909126e-5
flux1:, 2.4331103678929753, 3.8642294723642295e-5, -6.820317484474549e-5
flux1:, 2.4397993311036776, 3.3435791531004e-5, -6.177649813305241e-5
flux1:, 2.44648829431438, 2.974746992829109e-5, -5.531964501512093e-5
flux1:, 2.4531772575250823, 2.512750228857965e-5, -5.075768100177123e-5
flux1:, 2.4598662207357846, 2.1094725090948023e-5, -4.62079255926238e-5
flux1:, 2.466555183946487, 1.86287037342813e-5, -4.11642714442108e-5
flux1:, 2.4732441471571893, 1.5888496519963912e-5, -3.742228018759517e-5
flux1:, 2.4799331103678917, 1.3010429063189152e-5, -3.404897667494137e-5
flux1:, 2.486622073578594, 1.1258822997224462e-5, -3.010733330485273e-5
flux1:, 2.4933110367892963, 9.716964135667838e-6, -2.713243434594528e-5
flux1:, 2.4999999999999987, 7.906115302386054e-6, -2.4727795705980688e-5

Elapsed run time = 1243.5 s
