--------------------------------------------------------------------------
[[10548,1],0]: A high-performance Open MPI point-to-point messaging module
was unable to find any relevant network interfaces:

Module: OpenFabrics (openib)
  Host: euca-128-84-11-54

Another transport will be used instead, although this may result in
lower performance.
--------------------------------------------------------------------------
Using MPI version 3.0, 2 processes
command-line param: no-struct=false
command-line param: no-holes=false
command-line param: rodpos=".6/rodpos.txt"
-----------
Initializing structure...
Working in 3D dimensions.
Computational cell is 4 x 4 x 5 with resolution 40
     block, center = (0,0,0)
          size (1e+20,1e+20,0.15)
          axes (1,0,0), (0,1,0), (0,0,1)
          dielectric constant epsilon diagonal = (12,12,12)
     cylinder, center = (3.26,2.302,0)
          radius 0.2, height 0.15, axis (0, 0, 1)
          dielectric constant epsilon diagonal = (1,1,1)
     cylinder, center = (1.484,1.825,0)
          radius 0.2, height 0.15, axis (0, 0, 1)
          dielectric constant epsilon diagonal = (1,1,1)
     cylinder, center = (0.817,1.011,0)
          radius 0.2, height 0.15, axis (0, 0, 1)
          dielectric constant epsilon diagonal = (1,1,1)
     cylinder, center = (1.546,2.637,0)
          radius 0.2, height 0.15, axis (0, 0, 1)
          dielectric constant epsilon diagonal = (1,1,1)
     cylinder, center = (3.876,1.695,0)
          radius 0.2, height 0.15, axis (0, 0, 1)
          dielectric constant epsilon diagonal = (1,1,1)
     cylinder, center = (1.416,1.074,0)
          radius 0.2, height 0.15, axis (0, 0, 1)
          dielectric constant epsilon diagonal = (1,1,1)
     cylinder, center = (2.646,1.413,0)
          radius 0.2, height 0.15, axis (0, 0, 1)
          dielectric constant epsilon diagonal = (1,1,1)
     cylinder, center = (0.297,2.785,0)
          radius 0.2, height 0.15, axis (0, 0, 1)
          dielectric constant epsilon diagonal = (1,1,1)
     cylinder, center = (2.739,0.974,0)
          radius 0.2, height 0.15, axis (0, 0, 1)
          dielectric constant epsilon diagonal = (1,1,1)
     cylinder, center = (0.312,1.465,0)
          radius 0.2, height 0.15, axis (0, 0, 1)
          dielectric constant epsilon diagonal = (1,1,1)
     cylinder, center = (2.692,2.456,0)
          radius 0.2, height 0.15, axis (0, 0, 1)
          dielectric constant epsilon diagonal = (1,1,1)
     cylinder, center = (1.048,2.972,0)
          radius 0.2, height 0.15, axis (0, 0, 1)
          dielectric constant epsilon diagonal = (1,1,1)
     cylinder, center = (1.56,0.659,0)
          radius 0.2, height 0.15, axis (0, 0, 1)
          dielectric constant epsilon diagonal = (1,1,1)
     cylinder, center = (0.576,0.347,0)
          radius 0.2, height 0.15, axis (0, 0, 1)
          dielectric constant epsilon diagonal = (1,1,1)
     cylinder, center = (1.74,3.583,0)
          radius 0.2, height 0.15, axis (0, 0, 1)
          dielectric constant epsilon diagonal = (1,1,1)
     cylinder, center = (2.984,3.152,0)
          radius 0.2, height 0.15, axis (0, 0, 1)
          dielectric constant epsilon diagonal = (1,1,1)
     cylinder, center = (1.819,1.303,0)
          radius 0.2, height 0.15, axis (0, 0, 1)
          dielectric constant epsilon diagonal = (1,1,1)
     cylinder, center = (0.517,1.83,0)
          radius 0.2, height 0.15, axis (0, 0, 1)
          dielectric constant epsilon diagonal = (1,1,1)
     cylinder, center = (2.304,2.047,0)
          radius 0.2, height 0.15, axis (0, 0, 1)
          dielectric constant epsilon diagonal = (1,1,1)
     cylinder, center = (2.579,3.19,0)
          radius 0.2, height 0.15, axis (0, 0, 1)
          dielectric constant epsilon diagonal = (1,1,1)
     cylinder, center = (3.866,3.504,0)
          radius 0.2, height 0.15, axis (0, 0, 1)
          dielectric constant epsilon diagonal = (1,1,1)
     cylinder, center = (2.364,3.737,0)
          radius 0.2, height 0.15, axis (0, 0, 1)
          dielectric constant epsilon diagonal = (1,1,1)
     cylinder, center = (3.784,0.891,0)
          radius 0.2, height 0.15, axis (0, 0, 1)
          dielectric constant epsilon diagonal = (1,1,1)
     cylinder, center = (3.901,2.447,0)
          radius 0.2, height 0.15, axis (0, 0, 1)
          dielectric constant epsilon diagonal = (1,1,1)
     cylinder, center = (3.334,0.73,0)
          radius 0.2, height 0.15, axis (0, 0, 1)
          dielectric constant epsilon diagonal = (1,1,1)
     cylinder, center = (0.15,2.175,0)
          radius 0.2, height 0.15, axis (0, 0, 1)
          dielectric constant epsilon diagonal = (1,1,1)
     cylinder, center = (0.058,0.212,0)
          radius 0.2, height 0.15, axis (0, 0, 1)
          dielectric constant epsilon diagonal = (1,1,1)
     cylinder, center = (2.054,0.254,0)
          radius 0.2, height 0.15, axis (0, 0, 1)
          dielectric constant epsilon diagonal = (1,1,1)
     cylinder, center = (0.225,3.39,0)
          radius 0.2, height 0.15, axis (0, 0, 1)
          dielectric constant epsilon diagonal = (1,1,1)
     cylinder, center = (0.088,0.723,0)
          radius 0.2, height 0.15, axis (0, 0, 1)
          dielectric constant epsilon diagonal = (1,1,1)
     cylinder, center = (2.041,2.437,0)
          radius 0.2, height 0.15, axis (0, 0, 1)
          dielectric constant epsilon diagonal = (1,1,1)
     cylinder, center = (3.802,0.46,0)
          radius 0.2, height 0.15, axis (0, 0, 1)
          dielectric constant epsilon diagonal = (1,1,1)
     cylinder, center = (0.569,2.418,0)
          radius 0.2, height 0.15, axis (0, 0, 1)
          dielectric constant epsilon diagonal = (1,1,1)
     cylinder, center = (3.452,1.201,0)
          radius 0.2, height 0.15, axis (0, 0, 1)
          dielectric constant epsilon diagonal = (1,1,1)
     cylinder, center = (2.969,3.846,0)
          radius 0.2, height 0.15, axis (0, 0, 1)
          dielectric constant epsilon diagonal = (1,1,1)
     cylinder, center = (3.999,3.004,0)
          radius 0.2, height 0.15, axis (0, 0, 1)
          dielectric constant epsilon diagonal = (1,1,1)
     cylinder, center = (0.915,3.406,0)
          radius 0.2, height 0.15, axis (0, 0, 1)
          dielectric constant epsilon diagonal = (1,1,1)
     cylinder, center = (1.173,0.045,0)
          radius 0.2, height 0.15, axis (0, 0, 1)
          dielectric constant epsilon diagonal = (1,1,1)
     cylinder, center = (2.598,0.385,0)
          radius 0.2, height 0.15, axis (0, 0, 1)
          dielectric constant epsilon diagonal = (1,1,1)
     cylinder, center = (1.91,2.938,0)
          radius 0.2, height 0.15, axis (0, 0, 1)
          dielectric constant epsilon diagonal = (1,1,1)
     cylinder, center = (0.542,3.715,0)
          radius 0.2, height 0.15, axis (0, 0, 1)
          dielectric constant epsilon diagonal = (1,1,1)
     cylinder, center = (2.982,0.258,0)
          radius 0.2, height 0.15, axis (0, 0, 1)
          dielectric constant epsilon diagonal = (1,1,1)
     cylinder, center = (0.972,1.988,0)
          radius 0.2, height 0.15, axis (0, 0, 1)
          dielectric constant epsilon diagonal = (1,1,1)
     cylinder, center = (1.05,1.358,0)
          radius 0.2, height 0.15, axis (0, 0, 1)
          dielectric constant epsilon diagonal = (1,1,1)
     cylinder, center = (2.319,2.866,0)
          radius 0.2, height 0.15, axis (0, 0, 1)
          dielectric constant epsilon diagonal = (1,1,1)
     cylinder, center = (0.591,3.162,0)
          radius 0.2, height 0.15, axis (0, 0, 1)
          dielectric constant epsilon diagonal = (1,1,1)
     cylinder, center = (3.427,3.051,0)
          radius 0.2, height 0.15, axis (0, 0, 1)
          dielectric constant epsilon diagonal = (1,1,1)
     cylinder, center = (3.485,3.678,0)
          radius 0.2, height 0.15, axis (0, 0, 1)
          dielectric constant epsilon diagonal = (1,1,1)
     cylinder, center = (2.157,0.935,0)
          radius 0.2, height 0.15, axis (0, 0, 1)
          dielectric constant epsilon diagonal = (1,1,1)
     cylinder, center = (0.068,3.81,0)
          radius 0.2, height 0.15, axis (0, 0, 1)
          dielectric constant epsilon diagonal = (1,1,1)
     cylinder, center = (3.087,1.687,0)
          radius 0.2, height 0.15, axis (0, 0, 1)
          dielectric constant epsilon diagonal = (1,1,1)
     cylinder, center = (3.462,2.653,0)
          radius 0.2, height 0.15, axis (0, 0, 1)
          dielectric constant epsilon diagonal = (1,1,1)
     cylinder, center = (3.016,2.731,0)
          radius 0.2, height 0.15, axis (0, 0, 1)
          dielectric constant epsilon diagonal = (1,1,1)
     cylinder, center = (1.191,2.327,0)
          radius 0.2, height 0.15, axis (0, 0, 1)
          dielectric constant epsilon diagonal = (1,1,1)
     cylinder, center = (1.648,2.197,0)
          radius 0.2, height 0.15, axis (0, 0, 1)
          dielectric constant epsilon diagonal = (1,1,1)
     cylinder, center = (1.431,3.257,0)
          radius 0.2, height 0.15, axis (0, 0, 1)
          dielectric constant epsilon diagonal = (1,1,1)
     cylinder, center = (2.246,1.578,0)
          radius 0.2, height 0.15, axis (0, 0, 1)
          dielectric constant epsilon diagonal = (1,1,1)
     cylinder, center = (2.9,2.042,0)
          radius 0.2, height 0.15, axis (0, 0, 1)
          dielectric constant epsilon diagonal = (1,1,1)
     cylinder, center = (3.633,0.09,0)
          radius 0.2, height 0.15, axis (0, 0, 1)
          dielectric constant epsilon diagonal = (1,1,1)
     cylinder, center = (2.084,3.363,0)
          radius 0.2, height 0.15, axis (0, 0, 1)
          dielectric constant epsilon diagonal = (1,1,1)
     cylinder, center = (1.148,3.965,0)
          radius 0.2, height 0.15, axis (0, 0, 1)
          dielectric constant epsilon diagonal = (1,1,1)
     cylinder, center = (1.635,0.004,0)
          radius 0.2, height 0.15, axis (0, 0, 1)
          dielectric constant epsilon diagonal = (1,1,1)
     cylinder, center = (1.137,0.758,0)
          radius 0.2, height 0.15, axis (0, 0, 1)
          dielectric constant epsilon diagonal = (1,1,1)
     cylinder, center = (1.601,3.958,0)
          radius 0.2, height 0.15, axis (0, 0, 1)
          dielectric constant epsilon diagonal = (1,1,1)
     cylinder, center = (1.879,1.743,0)
          radius 0.2, height 0.15, axis (0, 0, 1)
          dielectric constant epsilon diagonal = (1,1,1)
     cylinder, center = (3.449,1.887,0)
          radius 0.2, height 0.15, axis (0, 0, 1)
          dielectric constant epsilon diagonal = (1,1,1)
     cylinder, center = (0.408,1.024,0)
          radius 0.2, height 0.15, axis (0, 0, 1)
          dielectric constant epsilon diagonal = (1,1,1)
     cylinder, center = (0.002,1.745,0)
          radius 0.2, height 0.15, axis (0, 0, 1)
          dielectric constant epsilon diagonal = (1,1,1)
     cylinder, center = (3.974,3.904,0)
          radius 0.2, height 0.15, axis (0, 0, 1)
          dielectric constant epsilon diagonal = (1,1,1)
     cylinder, center = (2.041,3.986,0)
          radius 0.2, height 0.15, axis (0, 0, 1)
          dielectric constant epsilon diagonal = (1,1,1)
     cylinder, center = (3.927,1.286,0)
          radius 0.2, height 0.15, axis (0, 0, 1)
          dielectric constant epsilon diagonal = (1,1,1)
     cylinder, center = (2.385,0.006,0)
          radius 0.2, height 0.15, axis (0, 0, 1)
          dielectric constant epsilon diagonal = (1,1,1)
     cylinder, center = (3.032,1.258,0)
          radius 0.2, height 0.15, axis (0, 0, 1)
          dielectric constant epsilon diagonal = (1,1,1)
     cylinder, center = (0.011,1.147,0)
          radius 0.2, height 0.15, axis (0, 0, 1)
          dielectric constant epsilon diagonal = (1,1,1)
     cylinder, center = (0.973,0.392,0)
          radius 0.2, height 0.15, axis (0, 0, 1)
          dielectric constant epsilon diagonal = (1,1,1)
     cylinder, center = (0,3.053,0)
          radius 0.2, height 0.15, axis (0, 0, 1)
          dielectric constant epsilon diagonal = (1,1,1)
     cylinder, center = (0.775,0,0)
          radius 0.2, height 0.15, axis (0, 0, 1)
          dielectric constant epsilon diagonal = (1,1,1)
subpixel-averaging is 64.0407% done, 2.24695 s remaining
subpixel-averaging is 92.7818% done, 0.311283 s remaining
subpixel-averaging is 53.4315% done, 3.48882 s remaining
time for set_epsilon = 26.1501 s
time for set_conductivity = 0.33219 s
time for set_conductivity = 0.334766 s
time for set_conductivity = 0.574138 s
-----------
Meep progress: 0.0125/50.0 = 0.0% done in 6.3s, 25150.6s to go
on time step 1 (time=0.0125), 6.29008 s/step
Meep progress: 0.17500000000000002/50.0 = 0.4% done in 10.4s, 2963.4s to go
on time step 14 (time=0.175), 0.316834 s/step
Meep progress: 0.325/50.0 = 0.6% done in 14.7s, 2253.3s to go
on time step 26 (time=0.325), 0.361138 s/step
Meep progress: 0.47500000000000003/50.0 = 1.0% done in 18.8s, 1964.4s to go
on time step 38 (time=0.475), 0.341548 s/step
Meep progress: 0.625/50.0 = 1.2% done in 23.2s, 1829.0s to go
on time step 50 (time=0.625), 0.35928 s/step
Meep progress: 0.7875000000000001/50.0 = 1.6% done in 27.3s, 1705.0s to go
on time step 63 (time=0.7875), 0.317794 s/step
Meep progress: 0.9375/50.0 = 1.9% done in 31.4s, 1645.3s to go
on time step 75 (time=0.9375), 0.346353 s/step
Meep progress: 1.0875000000000001/50.0 = 2.2% done in 35.8s, 1609.1s to go
on time step 87 (time=1.0875), 0.361357 s/step
Meep progress: 1.2375/50.0 = 2.5% done in 39.8s, 1567.4s to go
on time step 99 (time=1.2375), 0.333522 s/step
Meep progress: 1.425/50.0 = 2.8% done in 44.1s, 1503.2s to go
on time step 114 (time=1.425), 0.288043 s/step
Meep progress: 1.5625/50.0 = 3.1% done in 48.3s, 1496.3s to go
on time step 125 (time=1.5625), 0.378806 s/step
Meep progress: 1.7375/50.0 = 3.5% done in 52.4s, 1456.4s to go
on time step 139 (time=1.7375), 0.297588 s/step
Meep progress: 1.9000000000000001/50.0 = 3.8% done in 56.6s, 1433.8s to go
on time step 152 (time=1.9), 0.323255 s/step
Meep progress: 2.0625/50.0 = 4.1% done in 60.7s, 1410.7s to go
on time step 165 (time=2.0625), 0.312384 s/step
Meep progress: 2.2125/50.0 = 4.4% done in 64.8s, 1399.6s to go
on time step 177 (time=2.2125), 0.342093 s/step
Meep progress: 2.375/50.0 = 4.8% done in 69.1s, 1385.0s to go
on time step 190 (time=2.375), 0.328332 s/step
Meep progress: 2.5625/50.0 = 5.1% done in 73.2s, 1354.2s to go
on time step 205 (time=2.5625), 0.272075 s/step
Meep progress: 2.725/50.0 = 5.4% done in 77.4s, 1343.0s to go
on time step 218 (time=2.725), 0.327906 s/step
Meep progress: 2.8625000000000003/50.0 = 5.7% done in 81.5s, 1342.2s to go
on time step 229 (time=2.8625), 0.372383 s/step
Meep progress: 3.0250000000000004/50.0 = 6.1% done in 85.5s, 1328.5s to go
on time step 242 (time=3.025), 0.310788 s/step
Meep progress: 3.1625/50.0 = 6.3% done in 89.7s, 1328.0s to go
on time step 253 (time=3.1625), 0.374304 s/step
Meep progress: 3.3125/50.0 = 6.6% done in 93.7s, 1320.7s to go
on time step 265 (time=3.3125), 0.336529 s/step
Meep progress: 3.4625000000000004/50.0 = 6.9% done in 98.0s, 1317.3s to go
on time step 277 (time=3.4625), 0.35889 s/step
Meep progress: 3.6125000000000003/50.0 = 7.2% done in 102.1s, 1311.4s to go
on time step 289 (time=3.6125), 0.342689 s/step
Meep progress: 3.7625/50.0 = 7.5% done in 106.2s, 1304.7s to go
on time step 301 (time=3.7625), 0.337253 s/step
Meep progress: 3.9250000000000003/50.0 = 7.8% done in 110.3s, 1294.5s to go
on time step 314 (time=3.925), 0.315387 s/step
Meep progress: 4.075/50.0 = 8.2% done in 114.5s, 1290.2s to go
on time step 326 (time=4.075), 0.350972 s/step
Meep progress: 4.2250000000000005/50.0 = 8.5% done in 118.7s, 1285.8s to go
on time step 338 (time=4.225), 0.349547 s/step
Meep progress: 4.375/50.0 = 8.8% done in 122.8s, 1280.6s to go
on time step 350 (time=4.375), 0.34302 s/step
Meep progress: 4.55/50.0 = 9.1% done in 127.1s, 1269.2s to go
on time step 364 (time=4.55), 0.304655 s/step
Meep progress: 4.7/50.0 = 9.4% done in 131.3s, 1265.1s to go
on time step 376 (time=4.7), 0.349967 s/step
Meep progress: 4.8500000000000005/50.0 = 9.7% done in 135.3s, 1259.3s to go
on time step 388 (time=4.85), 0.334506 s/step
Meep progress: 5.0375000000000005/50.0 = 10.1% done in 139.5s, 1245.5s to go
on time step 403 (time=5.0375), 0.28457 s/step
Meep progress: 5.2125/50.0 = 10.4% done in 143.9s, 1236.1s to go
on time step 417 (time=5.2125), 0.308774 s/step
Meep progress: 5.375/50.0 = 10.8% done in 148.0s, 1228.8s to go
on time step 430 (time=5.375), 0.318334 s/step
Meep progress: 5.525/50.0 = 11.0% done in 152.2s, 1225.3s to go
on time step 442 (time=5.525), 0.351178 s/step
Meep progress: 5.7125/50.0 = 11.4% done in 156.4s, 1212.6s to go
on time step 457 (time=5.7125), 0.279217 s/step
Meep progress: 5.95/50.0 = 11.9% done in 160.6s, 1188.8s to go
on time step 476 (time=5.95), 0.219281 s/step
Meep progress: 6.1875/50.0 = 12.4% done in 164.7s, 1166.3s to go
on time step 495 (time=6.1875), 0.217664 s/step
Meep progress: 6.3500000000000005/50.0 = 12.7% done in 168.8s, 1160.1s to go
on time step 508 (time=6.35), 0.31203 s/step
Meep progress: 6.5/50.0 = 13.0% done in 172.9s, 1157.1s to go
on time step 520 (time=6.5), 0.344654 s/step
Meep progress: 6.65/50.0 = 13.3% done in 176.9s, 1153.5s to go
on time step 532 (time=6.65), 0.337462 s/step
Meep progress: 6.800000000000001/50.0 = 13.6% done in 181.0s, 1150.2s to go
on time step 544 (time=6.8), 0.341184 s/step
Meep progress: 6.95/50.0 = 13.9% done in 185.2s, 1147.4s to go
on time step 556 (time=6.95), 0.348812 s/step
Meep progress: 7.1000000000000005/50.0 = 14.2% done in 189.4s, 1144.2s to go
on time step 568 (time=7.1), 0.345248 s/step
Meep progress: 7.25/50.0 = 14.5% done in 193.5s, 1141.0s to go
on time step 580 (time=7.25), 0.344403 s/step
Meep progress: 7.4125000000000005/50.0 = 14.8% done in 197.6s, 1135.6s to go
on time step 593 (time=7.4125), 0.318754 s/step
Meep progress: 7.5625/50.0 = 15.1% done in 201.8s, 1132.4s to go
on time step 605 (time=7.5625), 0.345118 s/step
Meep progress: 7.7125/50.0 = 15.4% done in 205.9s, 1129.0s to go
on time step 617 (time=7.7125), 0.342768 s/step
Meep progress: 7.875/50.0 = 15.8% done in 210.0s, 1123.3s to go
on time step 630 (time=7.875), 0.313888 s/step
Meep progress: 8.025/50.0 = 16.0% done in 214.1s, 1119.9s to go
on time step 642 (time=8.025), 0.343894 s/step
Meep progress: 8.175/50.0 = 16.4% done in 218.2s, 1116.6s to go
on time step 654 (time=8.175), 0.344168 s/step
Meep progress: 8.325000000000001/50.0 = 16.7% done in 222.4s, 1113.2s to go
on time step 666 (time=8.325), 0.344607 s/step
Meep progress: 8.475/50.0 = 17.0% done in 226.5s, 1109.7s to go
on time step 678 (time=8.475), 0.342918 s/step
Meep progress: 8.625/50.0 = 17.2% done in 230.7s, 1106.7s to go
on time step 690 (time=8.625), 0.350795 s/step
Meep progress: 8.825000000000001/50.0 = 17.7% done in 234.8s, 1095.4s to go
on time step 706 (time=8.825), 0.254342 s/step
Meep progress: 8.9625/50.0 = 17.9% done in 238.8s, 1093.5s to go
on time step 717 (time=8.9625), 0.366944 s/step
Meep progress: 9.137500000000001/50.0 = 18.3% done in 243.0s, 1086.6s to go
on time step 731 (time=9.1375), 0.298576 s/step
Meep progress: 9.2875/50.0 = 18.6% done in 247.1s, 1083.3s to go
on time step 743 (time=9.2875), 0.345849 s/step
Meep progress: 9.4375/50.0 = 18.9% done in 251.3s, 1079.9s to go
on time step 755 (time=9.4375), 0.344058 s/step
Meep progress: 9.5875/50.0 = 19.2% done in 255.4s, 1076.5s to go
on time step 767 (time=9.5875), 0.344349 s/step
Meep progress: 9.7375/50.0 = 19.5% done in 259.5s, 1072.9s to go
on time step 779 (time=9.7375), 0.340078 s/step
Meep progress: 9.887500000000001/50.0 = 19.8% done in 263.7s, 1069.7s to go
on time step 791 (time=9.8875), 0.349343 s/step
Meep progress: 10.025/50.0 = 20.0% done in 267.8s, 1067.8s to go
on time step 802 (time=10.025), 0.374928 s/step
Meep progress: 10.162500000000001/50.0 = 20.3% done in 271.9s, 1066.1s to go
on time step 813 (time=10.1625), 0.377476 s/step
Meep progress: 10.3125/50.0 = 20.6% done in 276.2s, 1062.8s to go
on time step 825 (time=10.3125), 0.350335 s/step
Meep progress: 10.4625/50.0 = 20.9% done in 280.3s, 1059.1s to go
on time step 837 (time=10.4625), 0.34325 s/step
Meep progress: 10.65/50.0 = 21.3% done in 284.5s, 1051.2s to go
on time step 852 (time=10.65), 0.282366 s/step
Meep progress: 10.8125/50.0 = 21.6% done in 288.6s, 1045.8s to go
on time step 865 (time=10.8125), 0.312019 s/step
Meep progress: 10.9625/50.0 = 21.9% done in 292.7s, 1042.5s to go
on time step 877 (time=10.9625), 0.348457 s/step
Meep progress: 11.125/50.0 = 22.2% done in 297.0s, 1037.7s to go
on time step 890 (time=11.125), 0.323784 s/step
Meep progress: 11.287500000000001/50.0 = 22.6% done in 301.3s, 1033.3s to go
on time step 903 (time=11.2875), 0.332757 s/step
Meep progress: 11.450000000000001/50.0 = 22.9% done in 305.3s, 1028.0s to go
on time step 916 (time=11.45), 0.312495 s/step
Meep progress: 11.600000000000001/50.0 = 23.2% done in 309.5s, 1024.5s to go
on time step 928 (time=11.6), 0.344715 s/step
Meep progress: 11.75/50.0 = 23.5% done in 313.6s, 1020.9s to go
on time step 940 (time=11.75), 0.343351 s/step
Meep progress: 11.9/50.0 = 23.8% done in 317.7s, 1017.2s to go
on time step 952 (time=11.9), 0.343185 s/step
Meep progress: 12.05/50.0 = 24.1% done in 321.9s, 1013.8s to go
on time step 964 (time=12.05), 0.34852 s/step
Meep progress: 12.2375/50.0 = 24.5% done in 326.3s, 1006.9s to go
on time step 979 (time=12.2375), 0.292809 s/step
Meep progress: 12.412500000000001/50.0 = 24.8% done in 330.5s, 1000.8s to go
on time step 993 (time=12.4125), 0.299343 s/step
Meep progress: 12.575000000000001/50.0 = 25.2% done in 334.8s, 996.4s to go
on time step 1006 (time=12.575), 0.332171 s/step
Meep progress: 12.7375/50.0 = 25.5% done in 339.0s, 991.6s to go
on time step 1019 (time=12.7375), 0.320079 s/step
Meep progress: 12.887500000000001/50.0 = 25.8% done in 343.0s, 987.7s to go
on time step 1031 (time=12.8875), 0.333914 s/step
Meep progress: 13.0625/50.0 = 26.1% done in 347.2s, 981.8s to go
on time step 1045 (time=13.0625), 0.302087 s/step
Meep progress: 13.225000000000001/50.0 = 26.4% done in 351.4s, 977.2s to go
on time step 1058 (time=13.225), 0.325471 s/step
Meep progress: 13.375/50.0 = 26.8% done in 355.7s, 973.9s to go
on time step 1070 (time=13.375), 0.352345 s/step
Meep progress: 13.525/50.0 = 27.0% done in 359.7s, 970.2s to go
on time step 1082 (time=13.525), 0.340781 s/step
Meep progress: 13.675/50.0 = 27.4% done in 364.0s, 966.8s to go
on time step 1094 (time=13.675), 0.351467 s/step
Meep progress: 13.825000000000001/50.0 = 27.6% done in 368.2s, 963.4s to go
on time step 1106 (time=13.825), 0.351003 s/step
Meep progress: 13.975000000000001/50.0 = 28.0% done in 372.4s, 959.9s to go
on time step 1118 (time=13.975), 0.349326 s/step
Meep progress: 14.137500000000001/50.0 = 28.3% done in 376.5s, 955.0s to go
on time step 1131 (time=14.1375), 0.314441 s/step
Meep progress: 14.3/50.0 = 28.6% done in 380.5s, 950.0s to go
on time step 1144 (time=14.3), 0.312208 s/step
Meep progress: 14.475000000000001/50.0 = 29.0% done in 384.6s, 943.9s to go
on time step 1158 (time=14.475), 0.291258 s/step
Meep progress: 14.662500000000001/50.0 = 29.3% done in 388.7s, 936.8s to go
on time step 1173 (time=14.6625), 0.273417 s/step
Meep progress: 14.8375/50.0 = 29.7% done in 392.9s, 931.0s to go
on time step 1187 (time=14.8375), 0.29728 s/step
Meep progress: 15.012500000000001/50.0 = 30.0% done in 397.1s, 925.5s to go
on time step 1201 (time=15.0125), 0.304771 s/step
Meep progress: 15.175/50.0 = 30.4% done in 401.1s, 920.6s to go
on time step 1214 (time=15.175), 0.309283 s/step
Meep progress: 15.325000000000001/50.0 = 30.6% done in 405.5s, 917.4s to go
on time step 1226 (time=15.325), 0.360247 s/step
Meep progress: 15.475000000000001/50.0 = 31.0% done in 409.6s, 913.8s to go
on time step 1238 (time=15.475), 0.343953 s/step
Meep progress: 15.625/50.0 = 31.2% done in 413.6s, 909.9s to go
on time step 1250 (time=15.625), 0.334642 s/step
Meep progress: 15.787500000000001/50.0 = 31.6% done in 417.8s, 905.5s to go
on time step 1263 (time=15.7875), 0.324544 s/step
Meep progress: 15.975000000000001/50.0 = 32.0% done in 422.0s, 898.8s to go
on time step 1278 (time=15.975), 0.278226 s/step
Meep progress: 16.150000000000002/50.0 = 32.3% done in 426.1s, 893.2s to go
on time step 1292 (time=16.15), 0.29467 s/step
Meep progress: 16.337500000000002/50.0 = 32.7% done in 430.3s, 886.7s to go
on time step 1307 (time=16.3375), 0.280383 s/step
Meep progress: 16.4875/50.0 = 33.0% done in 434.4s, 883.0s to go
on time step 1319 (time=16.4875), 0.342315 s/step
Meep progress: 16.6375/50.0 = 33.3% done in 438.8s, 879.9s to go
on time step 1331 (time=16.6375), 0.362589 s/step
Meep progress: 16.8/50.0 = 33.6% done in 443.0s, 875.5s to go
on time step 1344 (time=16.8), 0.323917 s/step
Meep progress: 16.9875/50.0 = 34.0% done in 447.2s, 869.0s to go
on time step 1359 (time=16.9875), 0.276836 s/step
Meep progress: 17.1625/50.0 = 34.3% done in 451.3s, 863.5s to go
on time step 1373 (time=17.1625), 0.295257 s/step
Meep progress: 17.337500000000002/50.0 = 34.7% done in 455.4s, 857.9s to go
on time step 1387 (time=17.3375), 0.292465 s/step
Meep progress: 17.5125/50.0 = 35.0% done in 459.6s, 852.6s to go
on time step 1401 (time=17.5125), 0.301458 s/step
Meep progress: 17.7/50.0 = 35.4% done in 463.8s, 846.3s to go
on time step 1416 (time=17.7), 0.27746 s/step
Meep progress: 17.85/50.0 = 35.7% done in 467.9s, 842.7s to go
on time step 1428 (time=17.85), 0.340285 s/step
Meep progress: 18.0/50.0 = 36.0% done in 472.0s, 839.1s to go
on time step 1440 (time=18), 0.346348 s/step
Meep progress: 18.150000000000002/50.0 = 36.3% done in 476.1s, 835.5s to go
on time step 1452 (time=18.15), 0.344728 s/step
Meep progress: 18.3625/50.0 = 36.7% done in 480.2s, 827.3s to go
on time step 1469 (time=18.3625), 0.235862 s/step
Meep progress: 18.6/50.0 = 37.2% done in 484.3s, 817.6s to go
on time step 1488 (time=18.6), 0.218919 s/step
Meep progress: 18.837500000000002/50.0 = 37.7% done in 488.5s, 808.0s to go
on time step 1507 (time=18.8375), 0.218038 s/step
Meep progress: 19.075/50.0 = 38.2% done in 492.6s, 798.6s to go
on time step 1526 (time=19.075), 0.217245 s/step
Meep progress: 19.3125/50.0 = 38.6% done in 496.7s, 789.3s to go
on time step 1545 (time=19.3125), 0.217366 s/step
Meep progress: 19.5375/50.0 = 39.1% done in 500.9s, 781.0s to go
on time step 1563 (time=19.5375), 0.232817 s/step
Meep progress: 19.775000000000002/50.0 = 39.6% done in 505.0s, 771.9s to go
on time step 1582 (time=19.775), 0.217167 s/step
Meep progress: 20.012500000000003/50.0 = 40.0% done in 509.2s, 763.0s to go
on time step 1601 (time=20.0125), 0.219182 s/step
Meep progress: 20.25/50.0 = 40.5% done in 513.3s, 754.2s to go
on time step 1620 (time=20.25), 0.217943 s/step
Meep progress: 20.4875/50.0 = 41.0% done in 517.7s, 745.7s to go
on time step 1639 (time=20.4875), 0.228835 s/step
Meep progress: 20.6625/50.0 = 41.3% done in 521.7s, 740.7s to go
on time step 1653 (time=20.6625), 0.286553 s/step
Meep progress: 20.85/50.0 = 41.7% done in 525.8s, 735.1s to go
on time step 1668 (time=20.85), 0.274168 s/step
Meep progress: 21.0375/50.0 = 42.1% done in 530.0s, 729.6s to go
on time step 1683 (time=21.0375), 0.276217 s/step
Meep progress: 21.200000000000003/50.0 = 42.4% done in 534.0s, 725.5s to go
on time step 1696 (time=21.2), 0.314505 s/step
Meep progress: 21.387500000000003/50.0 = 42.8% done in 538.2s, 720.0s to go
on time step 1711 (time=21.3875), 0.274698 s/step
Meep progress: 21.5375/50.0 = 43.1% done in 542.4s, 716.7s to go
on time step 1723 (time=21.5375), 0.349978 s/step
Meep progress: 21.6875/50.0 = 43.4% done in 546.5s, 713.5s to go
on time step 1735 (time=21.6875), 0.348828 s/step
Meep progress: 21.837500000000002/50.0 = 43.7% done in 550.7s, 710.2s to go
on time step 1747 (time=21.8375), 0.345168 s/step
Meep progress: 21.9875/50.0 = 44.0% done in 554.8s, 706.8s to go
on time step 1759 (time=21.9875), 0.343368 s/step
Meep progress: 22.137500000000003/50.0 = 44.3% done in 558.9s, 703.5s to go
on time step 1771 (time=22.1375), 0.343665 s/step
Meep progress: 22.2875/50.0 = 44.6% done in 563.3s, 700.4s to go
on time step 1783 (time=22.2875), 0.360981 s/step
Meep progress: 22.4375/50.0 = 44.9% done in 567.3s, 696.9s to go
on time step 1795 (time=22.4375), 0.338941 s/step
Meep progress: 22.625/50.0 = 45.2% done in 571.5s, 691.5s to go
on time step 1810 (time=22.625), 0.27934 s/step
Meep progress: 22.775000000000002/50.0 = 45.6% done in 575.7s, 688.2s to go
on time step 1822 (time=22.775), 0.350627 s/step
Meep progress: 22.950000000000003/50.0 = 45.9% done in 579.9s, 683.4s to go
on time step 1836 (time=22.95), 0.294461 s/step
Meep progress: 23.175/50.0 = 46.4% done in 584.0s, 676.0s to go
on time step 1854 (time=23.175), 0.231198 s/step
Meep progress: 23.387500000000003/50.0 = 46.8% done in 588.4s, 669.5s to go
on time step 1871 (time=23.3875), 0.256781 s/step
Meep progress: 23.5375/50.0 = 47.1% done in 592.5s, 666.1s to go
on time step 1883 (time=23.5375), 0.340788 s/step
Meep progress: 23.6875/50.0 = 47.4% done in 596.7s, 662.8s to go
on time step 1895 (time=23.6875), 0.349642 s/step
Meep progress: 23.85/50.0 = 47.7% done in 600.9s, 658.8s to go
on time step 1908 (time=23.85), 0.324865 s/step
Meep progress: 23.9875/50.0 = 48.0% done in 604.9s, 656.0s to go
on time step 1919 (time=23.9875), 0.367049 s/step
Meep progress: 24.1625/50.0 = 48.3% done in 609.2s, 651.4s to go
on time step 1933 (time=24.1625), 0.304223 s/step
Meep progress: 24.35/50.0 = 48.7% done in 613.3s, 646.1s to go
on time step 1948 (time=24.35), 0.274926 s/step
Meep progress: 24.512500000000003/50.0 = 49.0% done in 617.6s, 642.2s to go
on time step 1961 (time=24.5125), 0.330378 s/step
Meep progress: 24.6625/50.0 = 49.3% done in 621.7s, 638.7s to go
on time step 1973 (time=24.6625), 0.343513 s/step
Meep progress: 24.8125/50.0 = 49.6% done in 625.8s, 635.2s to go
on time step 1985 (time=24.8125), 0.336686 s/step
Meep progress: 24.962500000000002/50.0 = 49.9% done in 630.0s, 631.9s to go
on time step 1997 (time=24.9625), 0.351309 s/step
Meep progress: 25.1125/50.0 = 50.2% done in 634.2s, 628.5s to go
on time step 2009 (time=25.1125), 0.352912 s/step
Meep progress: 25.262500000000003/50.0 = 50.5% done in 638.3s, 625.1s to go
on time step 2021 (time=25.2625), 0.343397 s/step
Meep progress: 25.4125/50.0 = 50.8% done in 642.5s, 621.6s to go
on time step 2033 (time=25.4125), 0.34509 s/step
Meep progress: 25.5625/50.0 = 51.1% done in 646.6s, 618.1s to go
on time step 2045 (time=25.5625), 0.342972 s/step
Meep progress: 25.712500000000002/50.0 = 51.4% done in 650.8s, 614.7s to go
on time step 2057 (time=25.7125), 0.350841 s/step
Meep progress: 25.875/50.0 = 51.8% done in 655.1s, 610.8s to go
on time step 2070 (time=25.875), 0.32728 s/step
Meep progress: 26.0375/50.0 = 52.1% done in 659.2s, 606.7s to go
on time step 2083 (time=26.0375), 0.318644 s/step
Meep progress: 26.1875/50.0 = 52.4% done in 663.3s, 603.2s to go
on time step 2095 (time=26.1875), 0.34505 s/step
Meep progress: 26.337500000000002/50.0 = 52.7% done in 667.5s, 599.7s to go
on time step 2107 (time=26.3375), 0.342886 s/step
Meep progress: 26.4875/50.0 = 53.0% done in 671.6s, 596.1s to go
on time step 2119 (time=26.4875), 0.343373 s/step
Meep progress: 26.637500000000003/50.0 = 53.3% done in 675.7s, 592.6s to go
on time step 2131 (time=26.6375), 0.343317 s/step
Meep progress: 26.7875/50.0 = 53.6% done in 679.8s, 589.1s to go
on time step 2143 (time=26.7875), 0.343533 s/step
Meep progress: 26.9375/50.0 = 53.9% done in 684.0s, 585.6s to go
on time step 2155 (time=26.9375), 0.345406 s/step
Meep progress: 27.087500000000002/50.0 = 54.2% done in 688.1s, 582.0s to go
on time step 2167 (time=27.0875), 0.343748 s/step
Meep progress: 27.275000000000002/50.0 = 54.6% done in 692.5s, 577.0s to go
on time step 2182 (time=27.275), 0.294427 s/step
Meep progress: 27.425/50.0 = 54.8% done in 696.7s, 573.5s to go
on time step 2194 (time=27.425), 0.350595 s/step
Meep progress: 27.6/50.0 = 55.2% done in 700.8s, 568.7s to go
on time step 2208 (time=27.6), 0.289825 s/step
Meep progress: 27.837500000000002/50.0 = 55.7% done in 705.0s, 561.2s to go
on time step 2227 (time=27.8375), 0.22021 s/step
Meep progress: 28.0625/50.0 = 56.1% done in 709.0s, 554.3s to go
on time step 2245 (time=28.0625), 0.22683 s/step
Meep progress: 28.225/50.0 = 56.4% done in 713.3s, 550.3s to go
on time step 2258 (time=28.225), 0.329073 s/step
Meep progress: 28.3625/50.0 = 56.7% done in 717.5s, 547.4s to go
on time step 2269 (time=28.3625), 0.379162 s/step
Meep progress: 28.512500000000003/50.0 = 57.0% done in 721.6s, 543.8s to go
on time step 2281 (time=28.5125), 0.341276 s/step
Meep progress: 28.6625/50.0 = 57.3% done in 725.7s, 540.3s to go
on time step 2293 (time=28.6625), 0.347086 s/step
Meep progress: 28.8125/50.0 = 57.6% done in 729.9s, 536.7s to go
on time step 2305 (time=28.8125), 0.342378 s/step
Meep progress: 28.962500000000002/50.0 = 57.9% done in 734.1s, 533.2s to go
on time step 2317 (time=28.9625), 0.352915 s/step
Meep progress: 29.1125/50.0 = 58.2% done in 738.2s, 529.7s to go
on time step 2329 (time=29.1125), 0.344535 s/step
Meep progress: 29.275000000000002/50.0 = 58.6% done in 742.2s, 525.5s to go
on time step 2342 (time=29.275), 0.308766 s/step
Meep progress: 29.462500000000002/50.0 = 58.9% done in 746.5s, 520.4s to go
on time step 2357 (time=29.4625), 0.283713 s/step
Meep progress: 29.6625/50.0 = 59.3% done in 750.6s, 514.6s to go
on time step 2373 (time=29.6625), 0.257544 s/step
Meep progress: 29.900000000000002/50.0 = 59.8% done in 754.8s, 507.4s to go
on time step 2392 (time=29.9), 0.218951 s/step
Meep progress: 30.137500000000003/50.0 = 60.3% done in 758.9s, 500.2s to go
on time step 2411 (time=30.1375), 0.219115 s/step
Meep progress: 30.2875/50.0 = 60.6% done in 763.0s, 496.6s to go
on time step 2423 (time=30.2875), 0.335999 s/step
Meep progress: 30.4375/50.0 = 60.9% done in 767.2s, 493.1s to go
on time step 2435 (time=30.4375), 0.3508 s/step
Meep progress: 30.587500000000002/50.0 = 61.2% done in 771.3s, 489.5s to go
on time step 2447 (time=30.5875), 0.343472 s/step
Meep progress: 30.7375/50.0 = 61.5% done in 775.4s, 486.0s to go
on time step 2459 (time=30.7375), 0.345076 s/step
Meep progress: 30.887500000000003/50.0 = 61.8% done in 779.6s, 482.4s to go
on time step 2471 (time=30.8875), 0.34364 s/step
Meep progress: 31.0375/50.0 = 62.1% done in 783.8s, 478.9s to go
on time step 2483 (time=31.0375), 0.354782 s/step
Meep progress: 31.1875/50.0 = 62.4% done in 788.2s, 475.4s to go
on time step 2495 (time=31.1875), 0.360872 s/step
Meep progress: 31.35/50.0 = 62.7% done in 792.3s, 471.3s to go
on time step 2508 (time=31.35), 0.31685 s/step
Meep progress: 31.5/50.0 = 63.0% done in 796.5s, 467.8s to go
on time step 2520 (time=31.5), 0.350736 s/step
Meep progress: 31.6625/50.0 = 63.3% done in 800.5s, 463.6s to go
on time step 2533 (time=31.6625), 0.311857 s/step
Meep progress: 31.85/50.0 = 63.7% done in 804.6s, 458.5s to go
on time step 2548 (time=31.85), 0.268712 s/step
Meep progress: 32.0375/50.0 = 64.1% done in 808.8s, 453.5s to go
on time step 2563 (time=32.0375), 0.280884 s/step
Meep progress: 32.275/50.0 = 64.6% done in 813.0s, 446.5s to go
on time step 2582 (time=32.275), 0.220809 s/step
Meep progress: 32.5125/50.0 = 65.0% done in 817.2s, 439.5s to go
on time step 2601 (time=32.5125), 0.220566 s/step
Meep progress: 32.75/50.0 = 65.5% done in 821.3s, 432.6s to go
on time step 2620 (time=32.75), 0.219148 s/step
Meep progress: 32.987500000000004/50.0 = 66.0% done in 825.5s, 425.7s to go
on time step 2639 (time=32.9875), 0.217305 s/step
Meep progress: 33.225/50.0 = 66.4% done in 829.9s, 419.0s to go
on time step 2658 (time=33.225), 0.236237 s/step
Meep progress: 33.362500000000004/50.0 = 66.7% done in 834.0s, 415.9s to go
on time step 2669 (time=33.3625), 0.36776 s/step
Meep progress: 33.5125/50.0 = 67.0% done in 838.3s, 412.4s to go
on time step 2681 (time=33.5125), 0.357921 s/step
Meep progress: 33.65/50.0 = 67.3% done in 842.4s, 409.3s to go
on time step 2692 (time=33.65), 0.376801 s/step
Meep progress: 33.800000000000004/50.0 = 67.6% done in 846.5s, 405.7s to go
on time step 2704 (time=33.8), 0.342976 s/step
Meep progress: 33.95/50.0 = 67.9% done in 850.7s, 402.2s to go
on time step 2716 (time=33.95), 0.34451 s/step
Meep progress: 34.1/50.0 = 68.2% done in 854.8s, 398.6s to go
on time step 2728 (time=34.1), 0.342691 s/step
Meep progress: 34.25/50.0 = 68.5% done in 858.8s, 394.9s to go
on time step 2740 (time=34.25), 0.334828 s/step
Meep progress: 34.4125/50.0 = 68.8% done in 863.1s, 390.9s to go
on time step 2753 (time=34.4125), 0.328857 s/step
Meep progress: 34.575/50.0 = 69.2% done in 867.3s, 387.0s to go
on time step 2766 (time=34.575), 0.327755 s/step
Meep progress: 34.725/50.0 = 69.4% done in 871.5s, 383.3s to go
on time step 2778 (time=34.725), 0.343 s/step
Meep progress: 34.875/50.0 = 69.8% done in 875.6s, 379.7s to go
on time step 2790 (time=34.875), 0.343467 s/step
Meep progress: 35.025/50.0 = 70.0% done in 879.7s, 376.1s to go
on time step 2802 (time=35.025), 0.343949 s/step
Meep progress: 35.175000000000004/50.0 = 70.4% done in 883.9s, 372.5s to go
on time step 2814 (time=35.175), 0.345196 s/step
Meep progress: 35.325/50.0 = 70.6% done in 887.9s, 368.8s to go
on time step 2826 (time=35.325), 0.334983 s/step
Meep progress: 35.475/50.0 = 71.0% done in 892.0s, 365.2s to go
on time step 2838 (time=35.475), 0.343235 s/step
Meep progress: 35.625/50.0 = 71.2% done in 896.1s, 361.6s to go
on time step 2850 (time=35.625), 0.341554 s/step
Meep progress: 35.7875/50.0 = 71.6% done in 900.5s, 357.6s to go
on time step 2863 (time=35.7875), 0.339993 s/step
Meep progress: 35.95/50.0 = 71.9% done in 904.5s, 353.5s to go
on time step 2876 (time=35.95), 0.309699 s/step
Meep progress: 36.125/50.0 = 72.2% done in 908.7s, 349.0s to go
on time step 2890 (time=36.125), 0.300126 s/step
Meep progress: 36.3125/50.0 = 72.6% done in 913.0s, 344.1s to go
on time step 2905 (time=36.3125), 0.281336 s/step
Meep progress: 36.4625/50.0 = 72.9% done in 917.1s, 340.5s to go
on time step 2917 (time=36.4625), 0.348049 s/step
Meep progress: 36.65/50.0 = 73.3% done in 921.4s, 335.6s to go
on time step 2932 (time=36.65), 0.284652 s/step
Meep progress: 36.7875/50.0 = 73.6% done in 925.4s, 332.4s to go
on time step 2943 (time=36.7875), 0.365068 s/step
Meep progress: 36.9375/50.0 = 73.9% done in 929.6s, 328.7s to go
on time step 2955 (time=36.9375), 0.34958 s/step
Meep progress: 37.1/50.0 = 74.2% done in 933.9s, 324.7s to go
on time step 2968 (time=37.1), 0.332783 s/step
Meep progress: 37.25/50.0 = 74.5% done in 938.1s, 321.1s to go
on time step 2980 (time=37.25), 0.34781 s/step
Meep progress: 37.4/50.0 = 74.8% done in 942.3s, 317.5s to go
on time step 2992 (time=37.4), 0.351853 s/step
Meep progress: 37.550000000000004/50.0 = 75.1% done in 946.4s, 313.8s to go
on time step 3004 (time=37.55), 0.336238 s/step
Meep progress: 37.725/50.0 = 75.4% done in 950.7s, 309.3s to go
on time step 3018 (time=37.725), 0.305534 s/step
Meep progress: 37.875/50.0 = 75.8% done in 954.8s, 305.7s to go
on time step 3030 (time=37.875), 0.344278 s/step
Meep progress: 38.0375/50.0 = 76.1% done in 958.9s, 301.6s to go
on time step 3043 (time=38.0375), 0.317847 s/step
Meep progress: 38.2125/50.0 = 76.4% done in 963.2s, 297.1s to go
on time step 3057 (time=38.2125), 0.302466 s/step
Meep progress: 38.35/50.0 = 76.7% done in 967.3s, 293.8s to go
on time step 3068 (time=38.35), 0.374336 s/step
Meep progress: 38.5125/50.0 = 77.0% done in 971.7s, 289.8s to go
on time step 3081 (time=38.5125), 0.339537 s/step
Meep progress: 38.6625/50.0 = 77.3% done in 975.8s, 286.1s to go
on time step 3093 (time=38.6625), 0.343523 s/step
Meep progress: 38.8125/50.0 = 77.6% done in 980.0s, 282.5s to go
on time step 3105 (time=38.8125), 0.351887 s/step
Meep progress: 38.987500000000004/50.0 = 78.0% done in 984.3s, 278.0s to go
on time step 3119 (time=38.9875), 0.303431 s/step
Meep progress: 39.125/50.0 = 78.2% done in 988.4s, 274.7s to go
on time step 3130 (time=39.125), 0.374075 s/step
Meep progress: 39.2875/50.0 = 78.6% done in 992.7s, 270.7s to go
on time step 3143 (time=39.2875), 0.335081 s/step
Meep progress: 39.4375/50.0 = 78.9% done in 996.8s, 267.0s to go
on time step 3155 (time=39.4375), 0.334463 s/step
Meep progress: 39.6/50.0 = 79.2% done in 1000.9s, 262.9s to go
on time step 3168 (time=39.6), 0.318664 s/step
Meep progress: 39.775000000000006/50.0 = 79.6% done in 1004.9s, 258.3s to go
on time step 3182 (time=39.775), 0.287345 s/step
Meep progress: 39.9125/50.0 = 79.8% done in 1008.9s, 255.0s to go
on time step 3193 (time=39.9125), 0.365015 s/step
Meep progress: 40.0625/50.0 = 80.1% done in 1013.1s, 251.3s to go
on time step 3205 (time=40.0625), 0.346872 s/step
Meep progress: 40.25/50.0 = 80.5% done in 1017.3s, 246.4s to go
on time step 3220 (time=40.25), 0.280171 s/step
Meep progress: 40.400000000000006/50.0 = 80.8% done in 1021.4s, 242.7s to go
on time step 3232 (time=40.4), 0.340134 s/step
Meep progress: 40.550000000000004/50.0 = 81.1% done in 1025.5s, 239.0s to go
on time step 3244 (time=40.55), 0.344089 s/step
Meep progress: 40.7/50.0 = 81.4% done in 1029.6s, 235.3s to go
on time step 3256 (time=40.7), 0.344251 s/step
Meep progress: 40.85/50.0 = 81.7% done in 1033.8s, 231.6s to go
on time step 3268 (time=40.85), 0.342511 s/step
Meep progress: 40.987500000000004/50.0 = 82.0% done in 1037.8s, 228.2s to go
on time step 3279 (time=40.9875), 0.36389 s/step
Meep progress: 41.1875/50.0 = 82.4% done in 1042.0s, 222.9s to go
on time step 3295 (time=41.1875), 0.262714 s/step
Meep progress: 41.400000000000006/50.0 = 82.8% done in 1046.1s, 217.3s to go
on time step 3312 (time=41.4), 0.243032 s/step
Meep progress: 41.625/50.0 = 83.2% done in 1050.2s, 211.3s to go
on time step 3330 (time=41.625), 0.227381 s/step
Meep progress: 41.825/50.0 = 83.6% done in 1054.5s, 206.1s to go
on time step 3346 (time=41.825), 0.270587 s/step
Meep progress: 41.975/50.0 = 84.0% done in 1058.8s, 202.4s to go
on time step 3358 (time=41.975), 0.353499 s/step
Meep progress: 42.125/50.0 = 84.2% done in 1062.9s, 198.7s to go
on time step 3370 (time=42.125), 0.342247 s/step
Meep progress: 42.275000000000006/50.0 = 84.6% done in 1067.0s, 195.0s to go
on time step 3382 (time=42.275), 0.343041 s/step
Meep progress: 42.4375/50.0 = 84.9% done in 1071.3s, 190.9s to go
on time step 3395 (time=42.4375), 0.333596 s/step
Meep progress: 42.587500000000006/50.0 = 85.2% done in 1075.6s, 187.2s to go
on time step 3407 (time=42.5875), 0.354483 s/step
Meep progress: 42.7625/50.0 = 85.5% done in 1079.8s, 182.8s to go
on time step 3421 (time=42.7625), 0.303269 s/step
Meep progress: 42.9125/50.0 = 85.8% done in 1083.9s, 179.0s to go
on time step 3433 (time=42.9125), 0.339599 s/step
Meep progress: 43.0625/50.0 = 86.1% done in 1088.0s, 175.3s to go
on time step 3445 (time=43.0625), 0.342048 s/step
Meep progress: 43.212500000000006/50.0 = 86.4% done in 1092.2s, 171.6s to go
on time step 3457 (time=43.2125), 0.353306 s/step
Meep progress: 43.362500000000004/50.0 = 86.7% done in 1096.4s, 167.8s to go
on time step 3469 (time=43.3625), 0.342636 s/step
Meep progress: 43.525000000000006/50.0 = 87.1% done in 1100.6s, 163.7s to go
on time step 3482 (time=43.525), 0.323413 s/step
Meep progress: 43.675000000000004/50.0 = 87.4% done in 1104.8s, 160.0s to go
on time step 3494 (time=43.675), 0.350649 s/step
Meep progress: 43.837500000000006/50.0 = 87.7% done in 1108.9s, 155.9s to go
on time step 3507 (time=43.8375), 0.321512 s/step
Meep progress: 43.987500000000004/50.0 = 88.0% done in 1113.1s, 152.2s to go
on time step 3519 (time=43.9875), 0.349188 s/step
Meep progress: 44.2/50.0 = 88.4% done in 1117.2s, 146.6s to go
on time step 3536 (time=44.2), 0.241466 s/step
Meep progress: 44.4375/50.0 = 88.9% done in 1121.4s, 140.4s to go
on time step 3555 (time=44.4375), 0.218322 s/step
Meep progress: 44.675000000000004/50.0 = 89.4% done in 1125.5s, 134.2s to go
on time step 3574 (time=44.675), 0.216679 s/step
Meep progress: 44.837500000000006/50.0 = 89.7% done in 1129.9s, 130.1s to go
on time step 3587 (time=44.8375), 0.338186 s/step
Meep progress: 45.0/50.0 = 90.0% done in 1134.0s, 126.0s to go
on time step 3600 (time=45), 0.311838 s/step
Meep progress: 45.1375/50.0 = 90.3% done in 1138.0s, 122.6s to go
on time step 3611 (time=45.1375), 0.368775 s/step
Meep progress: 45.3125/50.0 = 90.6% done in 1142.2s, 118.2s to go
on time step 3625 (time=45.3125), 0.298931 s/step
Meep progress: 45.45/50.0 = 90.9% done in 1146.3s, 114.8s to go
on time step 3636 (time=45.45), 0.36955 s/step
Meep progress: 45.6/50.0 = 91.2% done in 1150.4s, 111.0s to go
on time step 3648 (time=45.6), 0.342907 s/step
Meep progress: 45.75/50.0 = 91.5% done in 1154.5s, 107.2s to go
on time step 3660 (time=45.75), 0.344455 s/step
Meep progress: 45.9125/50.0 = 91.8% done in 1158.7s, 103.2s to go
on time step 3673 (time=45.9125), 0.325118 s/step
Meep progress: 46.0625/50.0 = 92.1% done in 1162.9s, 99.4s to go
on time step 3685 (time=46.0625), 0.346031 s/step
Meep progress: 46.225/50.0 = 92.4% done in 1167.1s, 95.3s to go
on time step 3698 (time=46.225), 0.325542 s/step
Meep progress: 46.375/50.0 = 92.8% done in 1171.4s, 91.6s to go
on time step 3710 (time=46.375), 0.360526 s/step
Meep progress: 46.525000000000006/50.0 = 93.1% done in 1175.6s, 87.8s to go
on time step 3722 (time=46.525), 0.344125 s/step
Meep progress: 46.675000000000004/50.0 = 93.4% done in 1179.9s, 84.1s to go
on time step 3734 (time=46.675), 0.359561 s/step
Meep progress: 46.825/50.0 = 93.6% done in 1183.9s, 80.3s to go
on time step 3746 (time=46.825), 0.337315 s/step
Meep progress: 46.987500000000004/50.0 = 94.0% done in 1188.2s, 76.2s to go
on time step 3759 (time=46.9875), 0.32886 s/step
Meep progress: 47.150000000000006/50.0 = 94.3% done in 1192.5s, 72.1s to go
on time step 3772 (time=47.15), 0.332803 s/step
Meep progress: 47.325/50.0 = 94.6% done in 1196.7s, 67.6s to go
on time step 3786 (time=47.325), 0.298877 s/step
Meep progress: 47.475/50.0 = 95.0% done in 1200.9s, 63.9s to go
on time step 3798 (time=47.475), 0.351543 s/step
Meep progress: 47.6375/50.0 = 95.3% done in 1205.1s, 59.8s to go
on time step 3811 (time=47.6375), 0.315848 s/step
Meep progress: 47.800000000000004/50.0 = 95.6% done in 1209.1s, 55.6s to go
on time step 3824 (time=47.8), 0.311423 s/step
Meep progress: 47.95/50.0 = 95.9% done in 1213.2s, 51.9s to go
on time step 3836 (time=47.95), 0.340544 s/step
Meep progress: 48.1/50.0 = 96.2% done in 1217.4s, 48.1s to go
on time step 3848 (time=48.1), 0.354896 s/step
Meep progress: 48.2625/50.0 = 96.5% done in 1221.6s, 44.0s to go
on time step 3861 (time=48.2625), 0.322412 s/step
Meep progress: 48.4125/50.0 = 96.8% done in 1225.8s, 40.2s to go
on time step 3873 (time=48.4125), 0.346182 s/step
Meep progress: 48.5625/50.0 = 97.1% done in 1230.0s, 36.4s to go
on time step 3885 (time=48.5625), 0.350965 s/step
Meep progress: 48.712500000000006/50.0 = 97.4% done in 1234.1s, 32.6s to go
on time step 3897 (time=48.7125), 0.338823 s/step
Meep progress: 48.85/50.0 = 97.7% done in 1238.2s, 29.1s to go
on time step 3908 (time=48.85), 0.371825 s/step
Meep progress: 49.0/50.0 = 98.0% done in 1242.3s, 25.4s to go
on time step 3920 (time=49), 0.342446 s/step
Meep progress: 49.150000000000006/50.0 = 98.3% done in 1246.4s, 21.6s to go
on time step 3932 (time=49.15), 0.343672 s/step
Meep progress: 49.325/50.0 = 98.6% done in 1250.6s, 17.1s to go
on time step 3946 (time=49.325), 0.301214 s/step
Meep progress: 49.525000000000006/50.0 = 99.1% done in 1254.8s, 12.0s to go
on time step 3962 (time=49.525), 0.262231 s/step
Meep progress: 49.7625/50.0 = 99.5% done in 1258.9s, 6.0s to go
on time step 3981 (time=49.7625), 0.217655 s/step
Meep progress: 49.95/50.0 = 99.9% done in 1263.1s, 1.3s to go
on time step 3996 (time=49.95), 0.276059 s/step
run 0 finished at t = 50.0 (4000 timesteps)
flux1:, 0.5, 7.196766652909354e-7, -1.0260903739683343e-6
flux1:, 0.5066889632107023, 8.015381175786604e-7, -9.94225865712691e-7
flux1:, 0.5133779264214047, 9.615902094624694e-7, -1.2022192181135182e-6
flux1:, 0.520066889632107, 1.1375474062026657e-6, -1.4786450840100909e-6
flux1:, 0.5267558528428093, 1.275391556017186e-6, -1.4566336556873598e-6
flux1:, 0.5334448160535117, 1.438278902752055e-6, -1.6283687907072528e-6
flux1:, 0.540133779264214, 1.6452889526278694e-6, -2.1477477460082293e-6
flux1:, 0.5468227424749164, 1.933613494623335e-6, -2.277758152351738e-6
flux1:, 0.5535117056856187, 2.2612998284846236e-6, -2.3003038534368976e-6
flux1:, 0.560200668896321, 2.3138244577609078e-6, -3.1534924334480096e-6
flux1:, 0.5668896321070234, 2.1053351108329655e-6, -4.2930789028881136e-6
flux1:, 0.5735785953177257, 2.2559089355802224e-6, -4.9889270460010874e-6
flux1:, 0.580267558528428, 2.93569198006059e-6, -5.796931711698259e-6
flux1:, 0.5869565217391304, 3.6852624662296032e-6, -6.6082884033484375e-6
flux1:, 0.5936454849498327, 4.490433213425847e-6, -6.751361686386996e-6
flux1:, 0.600334448160535, 5.379493217346947e-6, -7.263990007456833e-6
flux1:, 0.6070234113712374, 5.768380882579662e-6, -9.123243598453599e-6
flux1:, 0.6137123745819397, 5.916155559631653e-6, -1.1220128418582945e-5
flux1:, 0.6204013377926421, 7.046964703613517e-6, -1.2834670081208856e-5
flux1:, 0.6270903010033444, 9.022002514416068e-6, -1.442852860160437e-5
flux1:, 0.6337792642140467, 1.0755561667890835e-5, -1.571467444108163e-5
flux1:, 0.6404682274247491, 1.2451013446865566e-5, -1.6866857863565277e-5
flux1:, 0.6471571906354514, 1.4410461246190996e-5, -1.9221429718367648e-5
flux1:, 0.6538461538461537, 1.6067419752771218e-5, -2.2514810149906438e-5
flux1:, 0.6605351170568561, 1.8269920219618703e-5, -2.5396035751168528e-5
flux1:, 0.6672240802675584, 2.2173772814851026e-5, -2.7976848753484685e-5
flux1:, 0.6739130434782608, 2.5744492366538978e-5, -3.078991842646433e-5
flux1:, 0.6806020066889631, 2.6886120712917834e-5, -3.4845913775515076e-5
flux1:, 0.6872909698996654, 2.777550521599711e-5, -4.204088555933285e-5
flux1:, 0.6939799331103678, 3.090426564289037e-5, -5.058990858492932e-5
flux1:, 0.7006688963210701, 3.537077838880518e-5, -5.6374725583039784e-5
flux1:, 0.7073578595317724, 4.033439522498081e-5, -6.198172116963282e-5
flux1:, 0.7140468227424748, 4.638970841329734e-5, -7.252730426275576e-5
flux1:, 0.7207357859531771, 5.3408801743039153e-5, -8.436032924965903e-5
flux1:, 0.7274247491638794, 6.160569166428309e-5, -9.29898553369217e-5
flux1:, 0.7341137123745818, 7.09098745220929e-5, -1.0346825124489214e-4
flux1:, 0.7408026755852841, 7.882496360589723e-5, -1.1858305427867892e-4
flux1:, 0.7474916387959865, 8.665178773030578e-5, -1.319027333696239e-4
flux1:, 0.7541806020066888, 1.0158176509447679e-4, -1.4229931056166596e-4
flux1:, 0.7608695652173911, 1.2269808182713136e-4, -1.571422126682543e-4
flux1:, 0.7675585284280935, 1.397856090408479e-4, -1.7777913922063115e-4
flux1:, 0.7742474916387958, 1.545188454139768e-4, -1.9791679142163016e-4
flux1:, 0.7809364548494981, 1.7801564027840455e-4, -2.1444962817274127e-4
flux1:, 0.7876254180602005, 2.039258867818613e-4, -2.3180473636740448e-4
flux1:, 0.7943143812709028, 2.171266073565674e-4, -2.6001280175516644e-4
flux1:, 0.8010033444816052, 2.2456171177427547e-4, -3.0556100988842253e-4
flux1:, 0.8076923076923075, 2.426600005522138e-4, -3.5994642564256664e-4
flux1:, 0.8143812709030098, 2.7093494548873653e-4, -4.0809967012772136e-4
flux1:, 0.8210702341137122, 3.0642149084664103e-4, -4.474413497506597e-4
flux1:, 0.8277591973244145, 3.5423228254225647e-4, -4.8439199955963507e-4
flux1:, 0.8344481605351168, 4.0988548027326655e-4, -5.204845672582856e-4
flux1:, 0.8411371237458192, 4.673069237225162e-4, -5.573112603311194e-4
flux1:, 0.8478260869565215, 5.32811163793353e-4, -6.03298065328351e-4
flux1:, 0.8545150501672238, 5.991020452744483e-4, -6.638017178593991e-4
flux1:, 0.8612040133779262, 6.476148864598622e-4, -7.37269112020219e-4
flux1:, 0.8678929765886285, 6.898297793993325e-4, -8.275422904675545e-4
flux1:, 0.8745819397993309, 7.392016440366755e-4, -9.425990297228316e-4
flux1:, 0.8812709030100332, 7.700722879649387e-4, -0.0010719864532953694
flux1:, 0.8879598662207355, 7.880424016711616e-4, -0.0011892335832686147
flux1:, 0.8946488294314379, 8.600512800224047e-4, -0.0012950284113758823
flux1:, 0.9013377926421402, 9.93185172729756e-4, -0.001423301755544064
flux1:, 0.9080267558528425, 0.0011141824178081527, -0.001574357910671822
flux1:, 0.9147157190635449, 0.0012163812421828978, -0.001694187847856759
flux1:, 0.9214046822742472, 0.001355410192545148, -0.001766776114030938
flux1:, 0.9280936454849495, 0.001505012224081454, -0.0018700656816752937
flux1:, 0.9347826086956519, 0.0016023670792162542, -0.0020869439670625593
flux1:, 0.9414715719063542, 0.0016788863207349793, -0.002395184970150391
flux1:, 0.9481605351170566, 0.0018018081046517057, -0.0026794596114382
flux1:, 0.9548494983277589, 0.0019932536458388563, -0.002857872531496915
flux1:, 0.9615384615384612, 0.0022641502054008005, -0.002989104289556454
flux1:, 0.9682274247491636, 0.0025792293070672876, -0.003190412177623199
flux1:, 0.9749163879598659, 0.0028237904967507604, -0.003455348009231137
flux1:, 0.9816053511705682, 0.0029539986813648124, -0.003711104755643864
flux1:, 0.9882943143812706, 0.003058413930736919, -0.004040479868017024
flux1:, 0.9949832775919729, 0.003159485715660463, -0.00459619500962368
flux1:, 1.0016722408026753, 0.0031506601772641803, -0.0053273201152106335
flux1:, 1.0083612040133776, 0.003031881596594552, -0.006052942885822282
flux1:, 1.01505016722408, 0.003017848596305061, -0.006698499746703612
flux1:, 1.0217391304347823, 0.0032974038576760807, -0.007253757598125416
flux1:, 1.0284280936454846, 0.003781322758071877, -0.0077226162867753655
flux1:, 1.035117056856187, 0.0042138155596142006, -0.008229228440500646
flux1:, 1.0418060200668893, 0.00452401505822258, -0.00888356827746643
flux1:, 1.0484949832775916, 0.004880369020217784, -0.009579415925083924
flux1:, 1.055183946488294, 0.005357066717358814, -0.010208151019969415
flux1:, 1.0618729096989963, 0.005838938172991375, -0.010852725011373516
flux1:, 1.0685618729096986, 0.006294553295555172, -0.01155809146737067
flux1:, 1.075250836120401, 0.006770481110484745, -0.012260235215490826
flux1:, 1.0819397993311033, 0.007174470493810547, -0.013018890341265524
flux1:, 1.0886287625418056, 0.007467246123317973, -0.013945085632173325
flux1:, 1.095317725752508, 0.007852410312899264, -0.014999464233282932
flux1:, 1.1020066889632103, 0.008431586139219622, -0.016144696088462546
flux1:, 1.1086956521739126, 0.009051024477086821, -0.017407053522558155
flux1:, 1.115384615384615, 0.009697858454292869, -0.01863751020712025
flux1:, 1.1220735785953173, 0.010570125425421257, -0.01960273239147427
flux1:, 1.1287625418060196, 0.011686503924166767, -0.0203453105863192
flux1:, 1.135451505016722, 0.012828879697912446, -0.02113637250705904
flux1:, 1.1421404682274243, 0.013806812725569197, -0.02216855232926425
flux1:, 1.1488294314381267, 0.014594920270090279, -0.023454426262476482
flux1:, 1.155518394648829, 0.0153597996596262, -0.024830309943735196
flux1:, 1.1622073578595313, 0.016337009675127155, -0.02602525798308739
flux1:, 1.1688963210702337, 0.017605562946443082, -0.026931460819338726
flux1:, 1.175585284280936, 0.019062859094658522, -0.02780045338391869
flux1:, 1.1822742474916383, 0.020435363673224308, -0.02902861464293021
flux1:, 1.1889632107023407, 0.021364054332543677, -0.030701356241529868
flux1:, 1.195652173913043, 0.02199829145901547, -0.03244195039144882
flux1:, 1.2023411371237454, 0.02310850153401745, -0.03386532519029722
flux1:, 1.2090301003344477, 0.02489061638701376, -0.03502745829286832
flux1:, 1.21571906354515, 0.02659344969315112, -0.036162992317290275
flux1:, 1.2224080267558524, 0.027972564597395774, -0.037327847736852084
flux1:, 1.2290969899665547, 0.029581328365688917, -0.038627994413354516
flux1:, 1.235785953177257, 0.03135130416051702, -0.040280228082005105
flux1:, 1.2424749163879594, 0.032811412392904526, -0.04224226274103701
flux1:, 1.2491638795986617, 0.03440289975662872, -0.0442725017825612
flux1:, 1.255852842809364, 0.03671988975044084, -0.046105264147075845
flux1:, 1.2625418060200664, 0.03938700818679226, -0.04733395022463958
flux1:, 1.2692307692307687, 0.041888725318406046, -0.04805900156050566
flux1:, 1.275919732441471, 0.04403586195722909, -0.04946612433600545
flux1:, 1.2826086956521734, 0.04540508289211483, -0.052297116766546595
flux1:, 1.2892976588628757, 0.04597596388213457, -0.05554805309103053
flux1:, 1.295986622073578, 0.04670362095661325, -0.05815246466150463
flux1:, 1.3026755852842804, 0.048402041901084984, -0.060283288670215936
flux1:, 1.3093645484949827, 0.05116426458226016, -0.06202858030872371
flux1:, 1.316053511705685, 0.05461672176203402, -0.06329465562054976
flux1:, 1.3227424749163874, 0.05753823237852519, -0.06512147980527179
flux1:, 1.3294314381270897, 0.05885470011710049, -0.06828569722039049
flux1:, 1.336120401337792, 0.05960609796102656, -0.07162043764811743
flux1:, 1.3428093645484944, 0.061488378975237526, -0.07396209008211123
flux1:, 1.3494983277591968, 0.06434465421517382, -0.07549900155757196
flux1:, 1.356187290969899, 0.06763210698082373, -0.07619491924972306
flux1:, 1.3628762541806014, 0.07159558945177676, -0.07606992888406316
flux1:, 1.3695652173913038, 0.07518202789784614, -0.07654333284457757
flux1:, 1.376254180602006, 0.07696853032101848, -0.07837631547633328
flux1:, 1.3829431438127084, 0.0781975884278996, -0.0804390813882203
flux1:, 1.3896321070234108, 0.08023738903288788, -0.08251017012900826
flux1:, 1.3963210702341131, 0.08156989971969165, -0.08552085068637379
flux1:, 1.4030100334448155, 0.08155592342974839, -0.08856716084368986
flux1:, 1.4096989966555178, 0.08224863184844969, -0.09024182619637344
flux1:, 1.4163879598662201, 0.08369235273776923, -0.09165132960802312
flux1:, 1.4230769230769225, 0.08399573378244717, -0.09378969932504584
flux1:, 1.4297658862876248, 0.08449124788486903, -0.09486349855779273
flux1:, 1.4364548494983271, 0.08749943377675927, -0.09381987937794063
flux1:, 1.4431438127090295, 0.09090163456579275, -0.09285967574643936
flux1:, 1.4498327759197318, 0.0918524634878621, -0.09398107510047402
flux1:, 1.4565217391304341, 0.09212392974025704, -0.09633350121980284
flux1:, 1.4632107023411365, 0.09412345712308266, -0.09820973127134121
flux1:, 1.4698996655518388, 0.09639723599829704, -0.099318014345512
flux1:, 1.4765886287625412, 0.09732015858971942, -0.10043843637551769
flux1:, 1.4832775919732435, 0.09852722404014448, -0.10168448682714758
flux1:, 1.4899665551839458, 0.10158992963879877, -0.10191993643387824
flux1:, 1.4966555183946482, 0.1050271837243285, -0.10070981418211657
flux1:, 1.5033444816053505, 0.10685688506896607, -0.0997069462329731
flux1:, 1.5100334448160528, 0.10745487424742708, -0.10047592233953095
flux1:, 1.5167224080267552, 0.10807768938719918, -0.10251696816209457
flux1:, 1.5234113712374575, 0.10868450043622933, -0.10459055626518458
flux1:, 1.5301003344481598, 0.10905768447203774, -0.10572267654841021
flux1:, 1.5367892976588622, 0.10997437381426896, -0.10488405035622628
flux1:, 1.5434782608695645, 0.11153790806842201, -0.10237908366229223
flux1:, 1.5501672240802669, 0.11277076077986593, -0.1004048503327954
flux1:, 1.5568561872909692, 0.11363937961539781, -0.10005526104540693
flux1:, 1.5635451505016715, 0.11432527266702704, -0.10017840614507637
flux1:, 1.5702341137123739, 0.11331719607587415, -0.10033637493760966
flux1:, 1.5769230769230762, 0.11007378148311758, -0.10149316741971937
flux1:, 1.5836120401337785, 0.1071191959452785, -0.10342393667849044
flux1:, 1.5903010033444809, 0.10599363747054846, -0.10471827172509464
flux1:, 1.5969899665551832, 0.10516480279166517, -0.10501480698223407
flux1:, 1.6036789297658856, 0.10401736213119665, -0.10496776321929832
flux1:, 1.610367892976588, 0.1036238120568161, -0.10484369854534768
flux1:, 1.6170568561872902, 0.10327095381145829, -0.10434574685912275
flux1:, 1.6237458193979926, 0.10147542154684228, -0.10332834338845708
flux1:, 1.630434782608695, 0.09894965658845134, -0.10256679395998561
flux1:, 1.6371237458193972, 0.09696538974845358, -0.10320318670673839
flux1:, 1.6438127090300996, 0.09585716739918856, -0.10450282535491104
flux1:, 1.650501672240802, 0.09599407955683308, -0.10405541214166801
flux1:, 1.6571906354515042, 0.0961406971948276, -0.10184048554971029
flux1:, 1.6638795986622066, 0.09294974528853914, -0.1011480313710219
flux1:, 1.670568561872909, 0.08631902818025, -0.1034728735045331
flux1:, 1.6772575250836113, 0.08100947183361794, -0.10586815975055025
flux1:, 1.6839464882943136, 0.0797158474065185, -0.10529795637637075
flux1:, 1.690635451505016, 0.07984958479390922, -0.10246956641223635
flux1:, 1.6973244147157183, 0.07873235170948784, -0.09984155094866325
flux1:, 1.7040133779264206, 0.07662805328803594, -0.09842751221078253
flux1:, 1.710702341137123, 0.0744457074679582, -0.09764730460969809
flux1:, 1.7173913043478253, 0.07247662759372851, -0.0965577911138884
flux1:, 1.7240802675585276, 0.07078399154424075, -0.09463398178988446
flux1:, 1.73076923076923, 0.069040652510849, -0.09229713356149423
flux1:, 1.7374581939799323, 0.06697365131991774, -0.09060436239364213
flux1:, 1.7441471571906346, 0.06470075904222439, -0.08987011537555616
flux1:, 1.750836120401337, 0.06193573754061646, -0.08929968647589455
flux1:, 1.7575250836120393, 0.05846146128008279, -0.08846185611659513
flux1:, 1.7642140468227416, 0.05522528381159931, -0.0878746259524354
flux1:, 1.770903010033444, 0.05300218004294819, -0.08752440247564196
flux1:, 1.7775919732441463, 0.05124686865656767, -0.08633973211385496
flux1:, 1.7842809364548486, 0.04975713232974112, -0.08373902071840915
flux1:, 1.790969899665551, 0.049141838066859886, -0.08020328709430626
flux1:, 1.7976588628762533, 0.04889025576601768, -0.07624820345221942
flux1:, 1.8043478260869557, 0.04770279422553119, -0.07238742516263277
flux1:, 1.811036789297658, 0.04564230227934813, -0.06953548941277113
flux1:, 1.8177257525083603, 0.04356296394846535, -0.0679012423005294
flux1:, 1.8244147157190627, 0.04134392093407479, -0.06652411377386067
flux1:, 1.831103678929765, 0.03852674870049756, -0.06500531233228783
flux1:, 1.8377926421404673, 0.035472160258654226, -0.06406954116395534
flux1:, 1.8444816053511697, 0.032831874513230934, -0.06367805079784312
flux1:, 1.851170568561872, 0.030885304997743376, -0.06256353921604157
flux1:, 1.8578595317725743, 0.029519863876432136, -0.0602784486792935
flux1:, 1.8645484949832767, 0.02816561550407571, -0.05797477125501415
flux1:, 1.871237458193979, 0.026250273327770378, -0.05662164709053976
flux1:, 1.8779264214046814, 0.024047088392228046, -0.05569405807533009
flux1:, 1.8846153846153837, 0.022315145874468083, -0.054135895096261495
flux1:, 1.891304347826086, 0.02116063720500803, -0.051845861799152015
flux1:, 1.8979933110367884, 0.020077435632407988, -0.04956238924279488
flux1:, 1.9046822742474907, 0.01882898442507136, -0.047711269356197065
flux1:, 1.911371237458193, 0.017537829939971755, -0.04617042768599608
flux1:, 1.9180602006688954, 0.016256286128055974, -0.044796163416115586
flux1:, 1.9247491638795977, 0.015072900137627247, -0.04326879715582249
flux1:, 1.9314381270903, 0.014303784445455534, -0.0409819768674795
flux1:, 1.9381270903010024, 0.01406657249839549, -0.03797476076652734
flux1:, 1.9448160535117047, 0.013960609599268384, -0.03516993726602858
flux1:, 1.951505016722407, 0.013563413998355263, -0.03310007248405747
flux1:, 1.9581939799331094, 0.012933886839195007, -0.0314249142022988
flux1:, 1.9648829431438117, 0.01233450532033564, -0.02980704698939552
flux1:, 1.971571906354514, 0.011841299617283151, -0.028126555132866923
flux1:, 1.9782608695652164, 0.011448970124609737, -0.026190263933418157
flux1:, 1.9849498327759187, 0.011146305990053168, -0.024174943983232052
flux1:, 1.991638795986621, 0.01078336678917956, -0.022622358440210835
flux1:, 1.9983277591973234, 0.010250995546321341, -0.021499539339945906
flux1:, 2.0050167224080258, 0.009709164017945292, -0.02025943946554756
flux1:, 2.011705685618728, 0.009287108402433871, -0.01885474207688826
flux1:, 2.0183946488294304, 0.00881103800315014, -0.01766932670365556
flux1:, 2.0250836120401328, 0.00813665728233836, -0.01675876226016944
flux1:, 2.031772575250835, 0.0074228859090699865, -0.015933356913276908
flux1:, 2.0384615384615374, 0.006853018069529834, -0.015118773725592038
flux1:, 2.0451505016722398, 0.00640687410515368, -0.01425711323487551
flux1:, 2.051839464882942, 0.006027535035584141, -0.01330500971877438
flux1:, 2.0585284280936444, 0.005737756007482942, -0.012335449426359564
flux1:, 2.065217391304347, 0.005534351814030008, -0.011382618606028414
flux1:, 2.071906354515049, 0.005346415044178892, -0.010438748330503964
flux1:, 2.0785953177257515, 0.005112325392236705, -0.009612001810690341
flux1:, 2.085284280936454, 0.004816122831519607, -0.00896472448591042
flux1:, 2.091973244147156, 0.004474018453060816, -0.008391191242818282
flux1:, 2.0986622073578585, 0.004131287558523785, -0.007844115584653524
flux1:, 2.105351170568561, 0.003841462835257216, -0.007355329423212253
flux1:, 2.112040133779263, 0.0036069288461834967, -0.006861422207123962
flux1:, 2.1187290969899655, 0.0033652056817863596, -0.006346481912574841
flux1:, 2.125418060200668, 0.003078395082075502, -0.005932208757286116
flux1:, 2.13210702341137, 0.002797767769681927, -0.005606850968291481
flux1:, 2.1387959866220725, 0.002584178871537887, -0.0052174374610025
flux1:, 2.145484949832775, 0.0024215595560736483, -0.004777299310870853
flux1:, 2.152173913043477, 0.002265104685883112, -0.0044082111864252255
flux1:, 2.1588628762541795, 0.0021045362949815324, -0.004090645200209886
flux1:, 2.165551839464882, 0.0019417889441235624, -0.0037658144680099877
flux1:, 2.172240802675584, 0.0017760455023094243, -0.0034725164488136786
flux1:, 2.1789297658862865, 0.0016196930629104084, -0.0032188794036966655
flux1:, 2.185618729096989, 0.0014821394743792639, -0.0029493511110212168
flux1:, 2.192307692307691, 0.0013618335330049128, -0.002670918498085063
flux1:, 2.1989966555183935, 0.001265129886255053, -0.0024294291262414542
flux1:, 2.205685618729096, 0.0011878510883369079, -0.0022192099684060188
flux1:, 2.212374581939798, 0.0011033513481498898, -0.002018116528466811
flux1:, 2.2190635451505005, 0.001010126191908189, -0.0018248360971359404
flux1:, 2.225752508361203, 9.359572464992026e-4, -0.001640239856779629
flux1:, 2.232441471571905, 8.775778562364548e-4, -0.0014771380893674414
flux1:, 2.2391304347826075, 8.087882746887805e-4, -0.0013529288997021732
flux1:, 2.24581939799331, 7.366086822508049e-4, -0.0012502555829949989
flux1:, 2.252508361204012, 6.796437241495454e-4, -0.0011400823641364202
flux1:, 2.2591973244147145, 6.259788542924033e-4, -0.001027855531484927
flux1:, 2.265886287625417, 5.622981782252849e-4, -9.338784394731687e-4
flux1:, 2.272575250836119, 4.989592470756753e-4, -8.615301609300037e-4
flux1:, 2.2792642140468216, 4.4421281553330694e-4, -8.012083209954136e-4
flux1:, 2.285953177257524, 3.9559741400158077e-4, -7.386945667725555e-4
flux1:, 2.2926421404682262, 3.5436722479464646e-4, -6.677913492127493e-4
flux1:, 2.2993311036789286, 3.206803942950895e-4, -6.005160516514206e-4
flux1:, 2.306020066889631, 2.8970717968224776e-4, -5.462637115794126e-4
flux1:, 2.3127090301003332, 2.60809830998755e-4, -4.981335265855675e-4
flux1:, 2.3193979933110356, 2.3457576563943745e-4, -4.5331545958027204e-4
flux1:, 2.326086956521738, 2.0873503663811308e-4, -4.161464264625788e-4
flux1:, 2.3327759197324403, 1.8538316431204675e-4, -3.8146896236552726e-4
flux1:, 2.3394648829431426, 1.6732140167251952e-4, -3.4397499724922334e-4
flux1:, 2.346153846153845, 1.5060714647635815e-4, -3.086048870408632e-4
flux1:, 2.3528428093645473, 1.3358230873623665e-4, -2.766506321067051e-4
flux1:, 2.3595317725752496, 1.2015843449309081e-4, -2.456280331041753e-4
flux1:, 2.366220735785952, 1.0913653131351001e-4, -2.2029811781253657e-4
flux1:, 2.3729096989966543, 9.693285205180552e-5, -2.0157998691031496e-4
flux1:, 2.3795986622073566, 8.638133526064407e-5, -1.811282595926177e-4
flux1:, 2.386287625418059, 7.913519460680868e-5, -1.5845190054250327e-4
flux1:, 2.3929765886287613, 7.106832994438254e-5, -1.4056849292194825e-4
flux1:, 2.3996655518394636, 6.190328376405135e-5, -1.2648301903659558e-4
flux1:, 2.406354515050166, 5.521895852740377e-5, -1.1240431521718562e-4
flux1:, 2.4130434782608683, 4.997513854888931e-5, -1.0050837977816507e-4
flux1:, 2.4197324414715706, 4.394687318217518e-5, -9.088766261854719e-5
flux1:, 2.426421404682273, 3.886129120696979e-5, -8.031093240010666e-5
flux1:, 2.4331103678929753, 3.529500247351413e-5, -7.01610856497151e-5
flux1:, 2.4397993311036776, 3.116251122458813e-5, -6.277062137611428e-5
flux1:, 2.44648829431438, 2.656582498176093e-5, -5.64810225083832e-5
flux1:, 2.4531772575250823, 2.2861582984519306e-5, -5.067526977035964e-5
flux1:, 2.4598662207357846, 1.9650081342947054e-5, -4.631225628494472e-5
flux1:, 2.466555183946487, 1.6703854847433908e-5, -4.2030832633731394e-5
flux1:, 2.4732441471571893, 1.462050432009398e-5, -3.7092910280815247e-5
flux1:, 2.4799331103678917, 1.2966479389686626e-5, -3.3010590469938756e-5
flux1:, 2.486622073578594, 1.12435286535167e-5, -2.9620486044551758e-5
flux1:, 2.4933110367892963, 9.885810621040517e-6, -2.5936393904026507e-5
flux1:, 2.4999999999999987, 8.787759436094993e-6, -2.2902375079857746e-5

Elapsed run time = 1292.9 s
