--------------------------------------------------------------------------
[[32276,1],2]: A high-performance Open MPI point-to-point messaging module
was unable to find any relevant network interfaces:

Module: OpenFabrics (openib)
  Host: euca-128-84-11-54

Another transport will be used instead, although this may result in
lower performance.
--------------------------------------------------------------------------
Using MPI version 3.0, 12 processes
command-line param: no-struct=false
command-line param: no-holes=false
command-line param: rodpos="/home/ubuntu/solar-cell-gen-alg/C++/files/15/rodpos.txt"
-----------
Initializing structure...
Working in 3D dimensions.
Computational cell is 4 x 4 x 5 with resolution 40
     block, center = (0,0,0)
          size (1e+20,1e+20,0.15)
          axes (1,0,0), (0,1,0), (0,0,1)
          dielectric constant epsilon diagonal = (12,12,12)
     cylinder, center = (1.23809,1.49891,0)
          radius 0.2147, height 0.15, axis (0, 0, 1)
          dielectric constant epsilon diagonal = (1,1,1)
     cylinder, center = (1.95936,1.35515,0)
          radius 0.173651, height 0.15, axis (0, 0, 1)
          dielectric constant epsilon diagonal = (1,1,1)
     cylinder, center = (3.50953,2.55184,0)
          radius 0.218773, height 0.15, axis (0, 0, 1)
          dielectric constant epsilon diagonal = (1,1,1)
     cylinder, center = (3.01729,0.0280184,0)
          radius 0.206577, height 0.15, axis (0, 0, 1)
          dielectric constant epsilon diagonal = (1,1,1)
     cylinder, center = (3.08503,0.694894,0)
          radius 0.185201, height 0.15, axis (0, 0, 1)
          dielectric constant epsilon diagonal = (1,1,1)
     cylinder, center = (3.39401,1.02208,0)
          radius 0.16978, height 0.15, axis (0, 0, 1)
          dielectric constant epsilon diagonal = (1,1,1)
     cylinder, center = (1.82982,1.36874,0)
          radius 0.169503, height 0.15, axis (0, 0, 1)
          dielectric constant epsilon diagonal = (1,1,1)
     cylinder, center = (0.238419,1.89104,0)
          radius 0.308979, height 0.15, axis (0, 0, 1)
          dielectric constant epsilon diagonal = (1,1,1)
     cylinder, center = (2.19893,2.06772,0)
          radius 0.194853, height 0.15, axis (0, 0, 1)
          dielectric constant epsilon diagonal = (1,1,1)
     cylinder, center = (0.509243,0.9516,0)
          radius 0.188254, height 0.15, axis (0, 0, 1)
          dielectric constant epsilon diagonal = (1,1,1)
     cylinder, center = (3.47668,0.584234,0)
          radius 0.0487232, height 0.15, axis (0, 0, 1)
          dielectric constant epsilon diagonal = (1,1,1)
     cylinder, center = (3.07131,1.70967,0)
          radius 0.220987, height 0.15, axis (0, 0, 1)
          dielectric constant epsilon diagonal = (1,1,1)
     cylinder, center = (2.9258,1.52064,0)
          radius 0.0997447, height 0.15, axis (0, 0, 1)
          dielectric constant epsilon diagonal = (1,1,1)
     cylinder, center = (0.437879,3.56061,0)
          radius 0.184558, height 0.15, axis (0, 0, 1)
          dielectric constant epsilon diagonal = (1,1,1)
     cylinder, center = (3.98448,1.67052,0)
          radius 0.228384, height 0.15, axis (0, 0, 1)
          dielectric constant epsilon diagonal = (1,1,1)
     cylinder, center = (0.931083,3.95771,0)
          radius 0.177048, height 0.15, axis (0, 0, 1)
          dielectric constant epsilon diagonal = (1,1,1)
     cylinder, center = (3.19102,1.53728,0)
          radius 0.144934, height 0.15, axis (0, 0, 1)
          dielectric constant epsilon diagonal = (1,1,1)
     cylinder, center = (0.083072,1.14305,0)
          radius 0.139725, height 0.15, axis (0, 0, 1)
          dielectric constant epsilon diagonal = (1,1,1)
     cylinder, center = (1.39332,0.219855,0)
          radius 0.192222, height 0.15, axis (0, 0, 1)
          dielectric constant epsilon diagonal = (1,1,1)
     cylinder, center = (0.0397627,2.48578,0)
          radius 0.150878, height 0.15, axis (0, 0, 1)
          dielectric constant epsilon diagonal = (1,1,1)
     cylinder, center = (0.866357,1.7949,0)
          radius 0.166112, height 0.15, axis (0, 0, 1)
          dielectric constant epsilon diagonal = (1,1,1)
     cylinder, center = (3.10531,2.10875,0)
          radius 0.226675, height 0.15, axis (0, 0, 1)
          dielectric constant epsilon diagonal = (1,1,1)
     cylinder, center = (1.19327,3.83803,0)
          radius 0.124627, height 0.15, axis (0, 0, 1)
          dielectric constant epsilon diagonal = (1,1,1)
     cylinder, center = (1.77664,3.548,0)
          radius 0.210435, height 0.15, axis (0, 0, 1)
          dielectric constant epsilon diagonal = (1,1,1)
     cylinder, center = (2.97392,0.402296,0)
          radius 0.106687, height 0.15, axis (0, 0, 1)
          dielectric constant epsilon diagonal = (1,1,1)
     cylinder, center = (2.7828,1.5628,0)
          radius 0.174234, height 0.15, axis (0, 0, 1)
          dielectric constant epsilon diagonal = (1,1,1)
     cylinder, center = (0.651346,3.90635,0)
          radius 0.135696, height 0.15, axis (0, 0, 1)
          dielectric constant epsilon diagonal = (1,1,1)
     cylinder, center = (2.43275,1.79753,0)
          radius 0.167205, height 0.15, axis (0, 0, 1)
          dielectric constant epsilon diagonal = (1,1,1)
     cylinder, center = (2.39889,3.55208,0)
          radius 0.154671, height 0.15, axis (0, 0, 1)
          dielectric constant epsilon diagonal = (1,1,1)
     cylinder, center = (3.17378,3.07308,0)
          radius 0.227777, height 0.15, axis (0, 0, 1)
          dielectric constant epsilon diagonal = (1,1,1)
subpixel-averaging is 69.6752% done, 1.74277 s remaining
subpixel-averaging is 47.6296% done, 4.40421 s remaining
subpixel-averaging is 92.2112% done, 0.338217 s remaining
subpixel-averaging is 69.6752% done, 1.74299 s remaining
subpixel-averaging is 47.6296% done, 4.40156 s remaining
subpixel-averaging is 92.5922% done, 0.320507 s remaining
subpixel-averaging is 69.1309% done, 1.78704 s remaining
subpixel-averaging is 43.4381% done, 5.21326 s remaining
subpixel-averaging is 76.5886% done, 1.22373 s remaining
time for set_epsilon = 45.0035 s
time for set_conductivity = 0.363812 s
time for set_conductivity = 0.367879 s
time for set_conductivity = 0.416078 s
-----------
Meep progress: 0.0125/500.0 = 0.0% done in 80.6s, 3223433.6s to go
on time step 1 (time=0.0125), 80.5881 s/step
Meep progress: 0.05/500.0 = 0.0% done in 85.8s, 858316.6s to go
on time step 4 (time=0.05), 1.75077 s/step
Meep progress: 0.08750000000000001/500.0 = 0.0% done in 91.5s, 522532.1s to go
on time step 7 (time=0.0875), 1.87295 s/step
Meep progress: 0.125/500.0 = 0.0% done in 97.5s, 390085.1s to go
on time step 10 (time=0.125), 2.02885 s/step
Meep progress: 0.15000000000000002/500.0 = 0.0% done in 102.3s, 341043.2s to go
on time step 12 (time=0.15), 2.39898 s/step
Meep progress: 0.17500000000000002/500.0 = 0.0% done in 107.3s, 306584.9s to go
on time step 14 (time=0.175), 2.49931 s/step
Meep progress: 0.2/500.0 = 0.0% done in 112.4s, 280846.6s to go
on time step 16 (time=0.2), 2.52065 s/step
Meep progress: 0.225/500.0 = 0.0% done in 117.1s, 260137.0s to go
on time step 18 (time=0.225), 2.36536 s/step
Meep progress: 0.25/500.0 = 0.0% done in 122.3s, 244399.0s to go
on time step 20 (time=0.25), 2.57308 s/step
Meep progress: 0.275/500.0 = 0.1% done in 127.5s, 231630.8s to go
on time step 22 (time=0.275), 2.60323 s/step
Meep progress: 0.30000000000000004/500.0 = 0.1% done in 132.2s, 220189.5s to go
on time step 24 (time=0.3), 2.36296 s/step
Meep progress: 0.325/500.0 = 0.1% done in 136.8s, 210285.4s to go
on time step 26 (time=0.325), 2.2907 s/step
Meep progress: 0.35000000000000003/500.0 = 0.1% done in 141.1s, 201417.5s to go
on time step 28 (time=0.35), 2.15823 s/step
Meep progress: 0.375/500.0 = 0.1% done in 145.6s, 193998.1s to go
on time step 30 (time=0.375), 2.2584 s/step
Meep progress: 0.4/500.0 = 0.1% done in 150.6s, 188102.6s to go
on time step 32 (time=0.4), 2.49741 s/step
Meep progress: 0.42500000000000004/500.0 = 0.1% done in 155.3s, 182588.8s to go
on time step 34 (time=0.425), 2.36495 s/step
Meep progress: 0.45/500.0 = 0.1% done in 160.4s, 178034.7s to go
on time step 36 (time=0.45), 2.52146 s/step
Meep progress: 0.47500000000000003/500.0 = 0.1% done in 165.1s, 173636.3s to go
on time step 38 (time=0.475), 2.39187 s/step
Meep progress: 0.5/500.0 = 0.1% done in 169.5s, 169361.3s to go
on time step 40 (time=0.5), 2.18573 s/step
Meep progress: 0.525/500.0 = 0.1% done in 174.4s, 165888.6s to go
on time step 42 (time=0.525), 2.41763 s/step
Meep progress: 0.55/500.0 = 0.1% done in 178.8s, 162403.4s to go
on time step 44 (time=0.55), 2.23712 s/step
Meep progress: 0.5750000000000001/500.0 = 0.1% done in 183.0s, 158984.0s to go
on time step 46 (time=0.575), 2.10081 s/step
Meep progress: 0.6000000000000001/500.0 = 0.1% done in 187.2s, 155847.6s to go
on time step 48 (time=0.6), 2.09987 s/step
