--------------------------------------------------------------------------
[[32259,1],0]: A high-performance Open MPI point-to-point messaging module
was unable to find any relevant network interfaces:

Module: OpenFabrics (openib)
  Host: euca-128-84-11-54

Another transport will be used instead, although this may result in
lower performance.
--------------------------------------------------------------------------
Using MPI version 3.0, 12 processes
command-line param: no-struct=false
command-line param: no-holes=false
command-line param: rodpos="/home/ubuntu/solar-cell-gen-alg/C++/files/14/rodpos.txt"
-----------
Initializing structure...
Working in 3D dimensions.
Computational cell is 4 x 4 x 5 with resolution 40
     block, center = (0,0,0)
          size (1e+20,1e+20,0.15)
          axes (1,0,0), (0,1,0), (0,0,1)
          dielectric constant epsilon diagonal = (12,12,12)
     cylinder, center = (1.09897,3.37124,0)
          radius 0.154409, height 0.15, axis (0, 0, 1)
          dielectric constant epsilon diagonal = (1,1,1)
     cylinder, center = (2.58656,0.724145,0)
          radius 0.266489, height 0.15, axis (0, 0, 1)
          dielectric constant epsilon diagonal = (1,1,1)
     cylinder, center = (3.63421,3.00442,0)
          radius 0.20196, height 0.15, axis (0, 0, 1)
          dielectric constant epsilon diagonal = (1,1,1)
     cylinder, center = (3.5339,0.760608,0)
          radius 0.245315, height 0.15, axis (0, 0, 1)
          dielectric constant epsilon diagonal = (1,1,1)
     cylinder, center = (3.47203,1.59702,0)
          radius 0.211687, height 0.15, axis (0, 0, 1)
          dielectric constant epsilon diagonal = (1,1,1)
     cylinder, center = (3.27151,0.1921,0)
          radius 0.161538, height 0.15, axis (0, 0, 1)
          dielectric constant epsilon diagonal = (1,1,1)
     cylinder, center = (2.56659,1.57215,0)
          radius 0.195448, height 0.15, axis (0, 0, 1)
          dielectric constant epsilon diagonal = (1,1,1)
     cylinder, center = (3.47785,0.521383,0)
          radius 0.336292, height 0.15, axis (0, 0, 1)
          dielectric constant epsilon diagonal = (1,1,1)
     cylinder, center = (1.5334,1.86686,0)
          radius 0.270247, height 0.15, axis (0, 0, 1)
          dielectric constant epsilon diagonal = (1,1,1)
     cylinder, center = (1.7243,2.0508,0)
          radius 0.159952, height 0.15, axis (0, 0, 1)
          dielectric constant epsilon diagonal = (1,1,1)
     cylinder, center = (3.44349,1.95417,0)
          radius 0.101579, height 0.15, axis (0, 0, 1)
          dielectric constant epsilon diagonal = (1,1,1)
     cylinder, center = (3.99326,2.68518,0)
          radius 0.201776, height 0.15, axis (0, 0, 1)
          dielectric constant epsilon diagonal = (1,1,1)
     cylinder, center = (3.65308,0.958496,0)
          radius 0.0480234, height 0.15, axis (0, 0, 1)
          dielectric constant epsilon diagonal = (1,1,1)
     cylinder, center = (0.681433,3.8294,0)
          radius 0.237505, height 0.15, axis (0, 0, 1)
          dielectric constant epsilon diagonal = (1,1,1)
     cylinder, center = (1.41077,1.2232,0)
          radius 0.207982, height 0.15, axis (0, 0, 1)
          dielectric constant epsilon diagonal = (1,1,1)
     cylinder, center = (2.02862,3.54243,0)
          radius 0.244825, height 0.15, axis (0, 0, 1)
          dielectric constant epsilon diagonal = (1,1,1)
     cylinder, center = (3.61153,0.477173,0)
          radius 0.17259, height 0.15, axis (0, 0, 1)
          dielectric constant epsilon diagonal = (1,1,1)
     cylinder, center = (3.51881,0.413671,0)
          radius 0.19763, height 0.15, axis (0, 0, 1)
          dielectric constant epsilon diagonal = (1,1,1)
     cylinder, center = (0.358263,3.41295,0)
          radius 0.166, height 0.15, axis (0, 0, 1)
          dielectric constant epsilon diagonal = (1,1,1)
     cylinder, center = (3.53111,2.8755,0)
          radius 0.224823, height 0.15, axis (0, 0, 1)
          dielectric constant epsilon diagonal = (1,1,1)
     cylinder, center = (3.26844,2.98041,0)
          radius 0.148457, height 0.15, axis (0, 0, 1)
          dielectric constant epsilon diagonal = (1,1,1)
     cylinder, center = (2.45718,1.24537,0)
          radius 0.164172, height 0.15, axis (0, 0, 1)
          dielectric constant epsilon diagonal = (1,1,1)
     cylinder, center = (0.3452,0.121116,0)
          radius 0.214298, height 0.15, axis (0, 0, 1)
          dielectric constant epsilon diagonal = (1,1,1)
     cylinder, center = (3.12409,2.44474,0)
          radius 0.233103, height 0.15, axis (0, 0, 1)
          dielectric constant epsilon diagonal = (1,1,1)
     cylinder, center = (2.66417,3.85257,0)
          radius 0.0949757, height 0.15, axis (0, 0, 1)
          dielectric constant epsilon diagonal = (1,1,1)
     cylinder, center = (1.90123,1.05581,0)
          radius 0.205084, height 0.15, axis (0, 0, 1)
          dielectric constant epsilon diagonal = (1,1,1)
     cylinder, center = (0.648448,0.0279983,0)
          radius 0.164497, height 0.15, axis (0, 0, 1)
          dielectric constant epsilon diagonal = (1,1,1)
     cylinder, center = (3.52893,0.986659,0)
          radius 0.159159, height 0.15, axis (0, 0, 1)
          dielectric constant epsilon diagonal = (1,1,1)
     cylinder, center = (3.42352,2.92511,0)
          radius 0.147675, height 0.15, axis (0, 0, 1)
          dielectric constant epsilon diagonal = (1,1,1)
     cylinder, center = (3.18363,3.50219,0)
          radius 0.208362, height 0.15, axis (0, 0, 1)
          dielectric constant epsilon diagonal = (1,1,1)
subpixel-averaging is 66.9535% done, 1.97693 s remaining
subpixel-averaging is 45.7244% done, 4.79319 s remaining
subpixel-averaging is 80.0179% done, 1.00558 s remaining
subpixel-averaging is 68.5866% done, 1.84358 s remaining
subpixel-averaging is 41.1519% done, 5.76507 s remaining
subpixel-averaging is 78.8748% done, 1.07363 s remaining
subpixel-averaging is 66.4092% done, 2.02835 s remaining
subpixel-averaging is 43.4381% done, 5.23144 s remaining
subpixel-averaging is 86.4956% done, 0.630138 s remaining
time for set_epsilon = 47.4282 s
time for set_conductivity = 0.423101 s
time for set_conductivity = 0.470137 s
time for set_conductivity = 0.422095 s
-----------
Meep progress: 0.0125/500.0 = 0.0% done in 85.6s, 3423362.3s to go
on time step 1 (time=0.0125), 85.5864 s/step
Meep progress: 0.05/500.0 = 0.0% done in 91.8s, 917504.9s to go
on time step 4 (time=0.05), 2.05902 s/step
Meep progress: 0.07500000000000001/500.0 = 0.0% done in 96.3s, 641868.5s to go
on time step 6 (time=0.075), 2.26565 s/step
Meep progress: 0.1/500.0 = 0.0% done in 101.0s, 504731.9s to go
on time step 8 (time=0.1), 2.33593 s/step
Meep progress: 0.125/500.0 = 0.0% done in 105.9s, 423612.8s to go
on time step 10 (time=0.125), 2.48154 s/step
Meep progress: 0.15000000000000002/500.0 = 0.0% done in 111.1s, 370269.7s to go
on time step 12 (time=0.15), 2.59228 s/step
Meep progress: 0.17500000000000002/500.0 = 0.0% done in 116.2s, 331794.0s to go
on time step 14 (time=0.175), 2.52714 s/step
Meep progress: 0.2/500.0 = 0.0% done in 121.1s, 302616.6s to go
on time step 16 (time=0.2), 2.46324 s/step
Meep progress: 0.225/500.0 = 0.0% done in 125.8s, 279431.4s to go
on time step 18 (time=0.225), 2.35283 s/step
Meep progress: 0.25/500.0 = 0.0% done in 130.7s, 261327.2s to go
on time step 20 (time=0.25), 2.46411 s/step
Meep progress: 0.275/500.0 = 0.1% done in 135.2s, 245709.7s to go
on time step 22 (time=0.275), 2.24281 s/step
Meep progress: 0.30000000000000004/500.0 = 0.1% done in 139.9s, 233073.5s to go
on time step 24 (time=0.3), 2.35664 s/step
Meep progress: 0.325/500.0 = 0.1% done in 144.5s, 222113.8s to go
on time step 26 (time=0.325), 2.2699 s/step
Meep progress: 0.35000000000000003/500.0 = 0.1% done in 149.4s, 213313.9s to go
on time step 28 (time=0.35), 2.47821 s/step
Meep progress: 0.375/500.0 = 0.1% done in 154.6s, 205973.1s to go
on time step 30 (time=0.375), 2.58574 s/step
Meep progress: 0.4/500.0 = 0.1% done in 159.8s, 199627.0s to go
on time step 32 (time=0.4), 2.61688 s/step
Meep progress: 0.42500000000000004/500.0 = 0.1% done in 165.1s, 194113.6s to go
on time step 34 (time=0.425), 2.65367 s/step
Meep progress: 0.45/500.0 = 0.1% done in 170.4s, 189175.4s to go
on time step 36 (time=0.45), 2.66121 s/step
Meep progress: 0.47500000000000003/500.0 = 0.1% done in 174.6s, 183645.9s to go
on time step 38 (time=0.475), 2.08504 s/step
Meep progress: 0.5125000000000001/500.0 = 0.1% done in 180.4s, 175857.9s to go
on time step 41 (time=0.5125), 1.95124 s/step
