--------------------------------------------------------------------------
[[32268,1],0]: A high-performance Open MPI point-to-point messaging module
was unable to find any relevant network interfaces:

Module: OpenFabrics (openib)
  Host: euca-128-84-11-54

Another transport will be used instead, although this may result in
lower performance.
--------------------------------------------------------------------------
Using MPI version 3.0, 12 processes
command-line param: no-struct=false
command-line param: no-holes=false
command-line param: rodpos="/home/ubuntu/solar-cell-gen-alg/C++/files/19/rodpos.txt"
-----------
Initializing structure...
Working in 3D dimensions.
Computational cell is 4 x 4 x 5 with resolution 40
     block, center = (0,0,0)
          size (1e+20,1e+20,0.15)
          axes (1,0,0), (0,1,0), (0,0,1)
          dielectric constant epsilon diagonal = (12,12,12)
     cylinder, center = (1.68605,3.14178,0)
          radius 0.205385, height 0.15, axis (0, 0, 1)
          dielectric constant epsilon diagonal = (1,1,1)
     cylinder, center = (2.32021,0.0559959,0)
          radius 0.218575, height 0.15, axis (0, 0, 1)
          dielectric constant epsilon diagonal = (1,1,1)
     cylinder, center = (3.65784,2.49144,0)
          radius 0.220598, height 0.15, axis (0, 0, 1)
          dielectric constant epsilon diagonal = (1,1,1)
     cylinder, center = (3.73666,3.93898,0)
          radius 0.172231, height 0.15, axis (0, 0, 1)
          dielectric constant epsilon diagonal = (1,1,1)
     cylinder, center = (2.5831,1.54764,0)
          radius 0.211932, height 0.15, axis (0, 0, 1)
          dielectric constant epsilon diagonal = (1,1,1)
     cylinder, center = (3.34384,1.08941,0)
          radius 0.100891, height 0.15, axis (0, 0, 1)
          dielectric constant epsilon diagonal = (1,1,1)
     cylinder, center = (2.1875,0.802575,0)
          radius 0.175052, height 0.15, axis (0, 0, 1)
          dielectric constant epsilon diagonal = (1,1,1)
     cylinder, center = (2.6147,0.219955,0)
          radius 0.284038, height 0.15, axis (0, 0, 1)
          dielectric constant epsilon diagonal = (1,1,1)
     cylinder, center = (0.474884,2.5106,0)
          radius 0.206514, height 0.15, axis (0, 0, 1)
          dielectric constant epsilon diagonal = (1,1,1)
     cylinder, center = (0.447606,0.83593,0)
          radius 0.208196, height 0.15, axis (0, 0, 1)
          dielectric constant epsilon diagonal = (1,1,1)
     cylinder, center = (0.81429,1.41496,0)
          radius 0.0630399, height 0.15, axis (0, 0, 1)
          dielectric constant epsilon diagonal = (1,1,1)
     cylinder, center = (3.6946,2.33727,0)
          radius 0.255869, height 0.15, axis (0, 0, 1)
          dielectric constant epsilon diagonal = (1,1,1)
     cylinder, center = (1.87219,0.0139906,0)
          radius 0.0487754, height 0.15, axis (0, 0, 1)
          dielectric constant epsilon diagonal = (1,1,1)
     cylinder, center = (1.23881,0.436952,0)
          radius 0.144756, height 0.15, axis (0, 0, 1)
          dielectric constant epsilon diagonal = (1,1,1)
     cylinder, center = (1.76411,2.08757,0)
          radius 0.177635, height 0.15, axis (0, 0, 1)
          dielectric constant epsilon diagonal = (1,1,1)
     cylinder, center = (2.1005,2.76555,0)
          radius 0.22685, height 0.15, axis (0, 0, 1)
          dielectric constant epsilon diagonal = (1,1,1)
     cylinder, center = (3.76116,0.305122,0)
          radius 0.202674, height 0.15, axis (0, 0, 1)
          dielectric constant epsilon diagonal = (1,1,1)
     cylinder, center = (3.31917,0.655031,0)
          radius 0.168209, height 0.15, axis (0, 0, 1)
          dielectric constant epsilon diagonal = (1,1,1)
     cylinder, center = (0.548465,0.933119,0)
          radius 0.129779, height 0.15, axis (0, 0, 1)
          dielectric constant epsilon diagonal = (1,1,1)
     cylinder, center = (0.288603,3.22137,0)
          radius 0.195258, height 0.15, axis (0, 0, 1)
          dielectric constant epsilon diagonal = (1,1,1)
     cylinder, center = (0.829796,3.66201,0)
          radius 0.172322, height 0.15, axis (0, 0, 1)
          dielectric constant epsilon diagonal = (1,1,1)
     cylinder, center = (2.43256,1.64001,0)
          radius 0.203808, height 0.15, axis (0, 0, 1)
          dielectric constant epsilon diagonal = (1,1,1)
     cylinder, center = (2.15323,0.925673,0)
          radius 0.211276, height 0.15, axis (0, 0, 1)
          dielectric constant epsilon diagonal = (1,1,1)
     cylinder, center = (3.38231,0.00098279,0)
          radius 0.21285, height 0.15, axis (0, 0, 1)
          dielectric constant epsilon diagonal = (1,1,1)
     cylinder, center = (2.2471,0.464318,0)
          radius 0.0840039, height 0.15, axis (0, 0, 1)
          dielectric constant epsilon diagonal = (1,1,1)
     cylinder, center = (2.86422,0.155995,0)
          radius 0.256039, height 0.15, axis (0, 0, 1)
          dielectric constant epsilon diagonal = (1,1,1)
     cylinder, center = (2.31933,1.6297,0)
          radius 0.167281, height 0.15, axis (0, 0, 1)
          dielectric constant epsilon diagonal = (1,1,1)
     cylinder, center = (2.66841,0.930789,0)
          radius 0.18459, height 0.15, axis (0, 0, 1)
          dielectric constant epsilon diagonal = (1,1,1)
     cylinder, center = (3.95674,3.06219,0)
          radius 0.190444, height 0.15, axis (0, 0, 1)
          dielectric constant epsilon diagonal = (1,1,1)
     cylinder, center = (2.20857,2.67919,0)
          radius 0.17713, height 0.15, axis (0, 0, 1)
          dielectric constant epsilon diagonal = (1,1,1)
subpixel-averaging is 70.2196% done, 1.70244 s remaining
subpixel-averaging is 47.6296% done, 4.41831 s remaining
subpixel-averaging is 86.1145% done, 0.650352 s remaining
subpixel-averaging is 73.4856% done, 1.46108 s remaining
subpixel-averaging is 47.6296% done, 4.41784 s remaining
subpixel-averaging is 84.5904% done, 0.734387 s remaining
subpixel-averaging is 70.7639% done, 1.66385 s remaining
subpixel-averaging is 37.7225% done, 6.64885 s remaining
subpixel-averaging is 85.7335% done, 0.666334 s remaining
time for set_epsilon = 44.9426 s
time for set_conductivity = 0.36914 s
time for set_conductivity = 0.347452 s
time for set_conductivity = 0.389289 s
-----------
Meep progress: 0.0125/500.0 = 0.0% done in 86.6s, 3462828.6s to go
on time step 1 (time=0.0125), 86.5735 s/step
Meep progress: 0.05/500.0 = 0.0% done in 91.9s, 918693.1s to go
on time step 4 (time=0.05), 1.76847 s/step
Meep progress: 0.07500000000000001/500.0 = 0.0% done in 96.2s, 641362.5s to go
on time step 6 (time=0.075), 2.17028 s/step
Meep progress: 0.1/500.0 = 0.0% done in 100.8s, 504147.7s to go
on time step 8 (time=0.1), 2.31539 s/step
Meep progress: 0.125/500.0 = 0.0% done in 105.6s, 422191.4s to go
on time step 10 (time=0.125), 2.36225 s/step
Meep progress: 0.15000000000000002/500.0 = 0.0% done in 110.7s, 368726.3s to go
on time step 12 (time=0.15), 2.53843 s/step
Meep progress: 0.17500000000000002/500.0 = 0.0% done in 115.9s, 330966.1s to go
on time step 14 (time=0.175), 2.61368 s/step
Meep progress: 0.2/500.0 = 0.0% done in 120.9s, 302146.0s to go
on time step 16 (time=0.2), 2.51404 s/step
Meep progress: 0.225/500.0 = 0.0% done in 126.0s, 279828.9s to go
on time step 18 (time=0.225), 2.53647 s/step
Meep progress: 0.25/500.0 = 0.0% done in 131.1s, 262101.1s to go
on time step 20 (time=0.25), 2.56829 s/step
Meep progress: 0.275/500.0 = 0.1% done in 136.2s, 247547.3s to go
on time step 22 (time=0.275), 2.55484 s/step
Meep progress: 0.30000000000000004/500.0 = 0.1% done in 141.1s, 235105.0s to go
on time step 24 (time=0.3), 2.46087 s/step
Meep progress: 0.325/500.0 = 0.1% done in 145.7s, 224027.2s to go
on time step 26 (time=0.325), 2.28237 s/step
Meep progress: 0.35000000000000003/500.0 = 0.1% done in 150.1s, 214309.2s to go
on time step 28 (time=0.35), 2.20448 s/step
Meep progress: 0.375/500.0 = 0.1% done in 154.6s, 205953.9s to go
on time step 30 (time=0.375), 2.22983 s/step
Meep progress: 0.4/500.0 = 0.1% done in 159.5s, 199206.4s to go
on time step 32 (time=0.4), 2.45572 s/step
Meep progress: 0.42500000000000004/500.0 = 0.1% done in 164.7s, 193610.3s to go
on time step 34 (time=0.425), 2.60805 s/step
Meep progress: 0.45/500.0 = 0.1% done in 170.0s, 188696.5s to go
on time step 36 (time=0.45), 2.63549 s/step
Meep progress: 0.47500000000000003/500.0 = 0.1% done in 174.9s, 183958.9s to go
on time step 38 (time=0.475), 2.47369 s/step
Meep progress: 0.5/500.0 = 0.1% done in 179.1s, 178943.7s to go
on time step 40 (time=0.5), 2.0977 s/step
Meep progress: 0.525/500.0 = 0.1% done in 183.5s, 174551.3s to go
on time step 42 (time=0.525), 2.19636 s/step
Meep progress: 0.55/500.0 = 0.1% done in 187.7s, 170480.8s to go
on time step 44 (time=0.55), 2.13195 s/step
