--------------------------------------------------------------------------
[[32257,1],2]: A high-performance Open MPI point-to-point messaging module
was unable to find any relevant network interfaces:

Module: OpenFabrics (openib)
  Host: euca-128-84-11-54

Another transport will be used instead, although this may result in
lower performance.
--------------------------------------------------------------------------
Using MPI version 3.0, 12 processes
command-line param: no-struct=false
command-line param: no-holes=false
command-line param: rodpos="/home/ubuntu/solar-cell-gen-alg/C++/files/13/rodpos.txt"
-----------
Initializing structure...
Working in 3D dimensions.
Computational cell is 4 x 4 x 5 with resolution 40
     block, center = (0,0,0)
          size (1e+20,1e+20,0.15)
          axes (1,0,0), (0,1,0), (0,0,1)
          dielectric constant epsilon diagonal = (12,12,12)
     cylinder, center = (1.24694,3.38361,0)
          radius 0.149971, height 0.15, axis (0, 0, 1)
          dielectric constant epsilon diagonal = (1,1,1)
     cylinder, center = (2.97528,3.47771,0)
          radius 0.208717, height 0.15, axis (0, 0, 1)
          dielectric constant epsilon diagonal = (1,1,1)
     cylinder, center = (0.815347,1.36283,0)
          radius 0.217855, height 0.15, axis (0, 0, 1)
          dielectric constant epsilon diagonal = (1,1,1)
     cylinder, center = (3.18727,1.55017,0)
          radius 0.180586, height 0.15, axis (0, 0, 1)
          dielectric constant epsilon diagonal = (1,1,1)
     cylinder, center = (0.399968,0.605313,0)
          radius 0.195515, height 0.15, axis (0, 0, 1)
          dielectric constant epsilon diagonal = (1,1,1)
     cylinder, center = (3.25758,0.567176,0)
          radius 0.109636, height 0.15, axis (0, 0, 1)
          dielectric constant epsilon diagonal = (1,1,1)
     cylinder, center = (1.45054,2.00015,0)
          radius 0.16667, height 0.15, axis (0, 0, 1)
          dielectric constant epsilon diagonal = (1,1,1)
     cylinder, center = (3.57907,1.7435,0)
          radius 0.318334, height 0.15, axis (0, 0, 1)
          dielectric constant epsilon diagonal = (1,1,1)
     cylinder, center = (0.784527,2.81643,0)
          radius 0.213658, height 0.15, axis (0, 0, 1)
          dielectric constant epsilon diagonal = (1,1,1)
     cylinder, center = (1.55179,1.76236,0)
          radius 0.251829, height 0.15, axis (0, 0, 1)
          dielectric constant epsilon diagonal = (1,1,1)
     cylinder, center = (3.47561,0.908336,0)
          radius 0.119526, height 0.15, axis (0, 0, 1)
          dielectric constant epsilon diagonal = (1,1,1)
     cylinder, center = (3.0595,1.96778,0)
          radius 0.206615, height 0.15, axis (0, 0, 1)
          dielectric constant epsilon diagonal = (1,1,1)
     cylinder, center = (3.27785,3.80809,0)
          radius 0.0498009, height 0.15, axis (0, 0, 1)
          dielectric constant epsilon diagonal = (1,1,1)
     cylinder, center = (0.702832,3.90627,0)
          radius 0.188658, height 0.15, axis (0, 0, 1)
          dielectric constant epsilon diagonal = (1,1,1)
     cylinder, center = (0.585911,2.52277,0)
          radius 0.210712, height 0.15, axis (0, 0, 1)
          dielectric constant epsilon diagonal = (1,1,1)
     cylinder, center = (1.70218,3.32244,0)
          radius 0.165905, height 0.15, axis (0, 0, 1)
          dielectric constant epsilon diagonal = (1,1,1)
     cylinder, center = (3.11548,0.396182,0)
          radius 0.212015, height 0.15, axis (0, 0, 1)
          dielectric constant epsilon diagonal = (1,1,1)
     cylinder, center = (3.32781,0.496209,0)
          radius 0.15984, height 0.15, axis (0, 0, 1)
          dielectric constant epsilon diagonal = (1,1,1)
     cylinder, center = (1.88699,0.331781,0)
          radius 0.20714, height 0.15, axis (0, 0, 1)
          dielectric constant epsilon diagonal = (1,1,1)
     cylinder, center = (3.29161,2.47216,0)
          radius 0.2344, height 0.15, axis (0, 0, 1)
          dielectric constant epsilon diagonal = (1,1,1)
     cylinder, center = (0.492595,3.5462,0)
          radius 0.113512, height 0.15, axis (0, 0, 1)
          dielectric constant epsilon diagonal = (1,1,1)
     cylinder, center = (2.21453,1.71219,0)
          radius 0.207248, height 0.15, axis (0, 0, 1)
          dielectric constant epsilon diagonal = (1,1,1)
     cylinder, center = (0.205906,3.29463,0)
          radius 0.199097, height 0.15, axis (0, 0, 1)
          dielectric constant epsilon diagonal = (1,1,1)
     cylinder, center = (2.60152,3.74012,0)
          radius 0.191972, height 0.15, axis (0, 0, 1)
          dielectric constant epsilon diagonal = (1,1,1)
     cylinder, center = (2.28318,3.16376,0)
          radius 0.112467, height 0.15, axis (0, 0, 1)
          dielectric constant epsilon diagonal = (1,1,1)
     cylinder, center = (1.29728,0.102514,0)
          radius 0.247142, height 0.15, axis (0, 0, 1)
          dielectric constant epsilon diagonal = (1,1,1)
     cylinder, center = (2.44681,0.758382,0)
          radius 0.137761, height 0.15, axis (0, 0, 1)
          dielectric constant epsilon diagonal = (1,1,1)
     cylinder, center = (2.02739,0.850091,0)
          radius 0.180977, height 0.15, axis (0, 0, 1)
          dielectric constant epsilon diagonal = (1,1,1)
     cylinder, center = (3.65288,1.93387,0)
          radius 0.225234, height 0.15, axis (0, 0, 1)
          dielectric constant epsilon diagonal = (1,1,1)
     cylinder, center = (2.18846,1.66761,0)
          radius 0.238539, height 0.15, axis (0, 0, 1)
          dielectric constant epsilon diagonal = (1,1,1)
subpixel-averaging is 60.9658% done, 2.5872 s remaining
subpixel-averaging is 41.1519% done, 5.76314 s remaining
subpixel-averaging is 80.78% done, 0.959474 s remaining
subpixel-averaging is 60.9658% done, 2.58467 s remaining
subpixel-averaging is 41.1519% done, 5.75116 s remaining
subpixel-averaging is 80.78% done, 0.959678 s remaining
subpixel-averaging is 60.9658% done, 2.5691 s remaining
subpixel-averaging is 41.914% done, 5.58226 s remaining
subpixel-averaging is 81.161% done, 0.934393 s remaining
time for set_epsilon = 49.499 s
time for set_conductivity = 0.44645 s
time for set_conductivity = 0.446614 s
time for set_conductivity = 0.398686 s
-----------
Meep progress: 0.0125/500.0 = 0.0% done in 85.3s, 3411993.8s to go
on time step 1 (time=0.0125), 85.3022 s/step
Meep progress: 0.05/500.0 = 0.0% done in 91.2s, 912252.4s to go
on time step 4 (time=0.05), 1.97745 s/step
Meep progress: 0.07500000000000001/500.0 = 0.0% done in 95.9s, 639356.6s to go
on time step 6 (time=0.075), 2.34173 s/step
Meep progress: 0.1/500.0 = 0.0% done in 101.2s, 505718.1s to go
on time step 8 (time=0.1), 2.62293 s/step
Meep progress: 0.125/500.0 = 0.0% done in 106.4s, 425560.2s to go
on time step 10 (time=0.125), 2.62642 s/step
Meep progress: 0.15000000000000002/500.0 = 0.0% done in 111.7s, 372247.1s to go
on time step 12 (time=0.15), 2.64544 s/step
Meep progress: 0.17500000000000002/500.0 = 0.0% done in 116.6s, 332973.1s to go
on time step 14 (time=0.175), 2.43689 s/step
Meep progress: 0.2/500.0 = 0.0% done in 121.7s, 304062.9s to go
on time step 16 (time=0.2), 2.54621 s/step
Meep progress: 0.225/500.0 = 0.0% done in 126.9s, 281953.5s to go
on time step 18 (time=0.225), 2.63119 s/step
Meep progress: 0.25/500.0 = 0.0% done in 132.2s, 264282.3s to go
on time step 20 (time=0.25), 2.66152 s/step
Meep progress: 0.275/500.0 = 0.1% done in 137.4s, 249606.1s to go
on time step 22 (time=0.275), 2.54974 s/step
Meep progress: 0.30000000000000004/500.0 = 0.1% done in 142.5s, 237280.9s to go
on time step 24 (time=0.3), 2.54756 s/step
Meep progress: 0.325/500.0 = 0.1% done in 147.4s, 226586.4s to go
on time step 26 (time=0.325), 2.46144 s/step
Meep progress: 0.35000000000000003/500.0 = 0.1% done in 152.6s, 217824.4s to go
on time step 28 (time=0.35), 2.60345 s/step
Meep progress: 0.375/500.0 = 0.1% done in 157.8s, 210300.7s to go
on time step 30 (time=0.375), 2.62998 s/step
Meep progress: 0.4/500.0 = 0.1% done in 163.1s, 203654.0s to go
on time step 32 (time=0.4), 2.60487 s/step
Meep progress: 0.42500000000000004/500.0 = 0.1% done in 168.4s, 197978.0s to go
on time step 34 (time=0.425), 2.68541 s/step
Meep progress: 0.45/500.0 = 0.1% done in 173.0s, 192067.1s to go
on time step 36 (time=0.45), 2.29577 s/step
Meep progress: 0.47500000000000003/500.0 = 0.1% done in 177.4s, 186603.5s to go
on time step 38 (time=0.475), 2.21292 s/step
Meep progress: 0.5125000000000001/500.0 = 0.1% done in 183.3s, 178613.9s to go
on time step 41 (time=0.5125), 1.9417 s/step
