--------------------------------------------------------------------------
[[32267,1],0]: A high-performance Open MPI point-to-point messaging module
was unable to find any relevant network interfaces:

Module: OpenFabrics (openib)
  Host: euca-128-84-11-54

Another transport will be used instead, although this may result in
lower performance.
--------------------------------------------------------------------------
Using MPI version 3.0, 12 processes
command-line param: no-struct=false
command-line param: no-holes=false
command-line param: rodpos="/home/ubuntu/solar-cell-gen-alg/C++/files/16/rodpos.txt"
-----------
Initializing structure...
Working in 3D dimensions.
Computational cell is 4 x 4 x 5 with resolution 40
     block, center = (0,0,0)
          size (1e+20,1e+20,0.15)
          axes (1,0,0), (0,1,0), (0,0,1)
          dielectric constant epsilon diagonal = (12,12,12)
     cylinder, center = (2.53991,2.43051,0)
          radius 0.154669, height 0.15, axis (0, 0, 1)
          dielectric constant epsilon diagonal = (1,1,1)
     cylinder, center = (2.32518,0.829271,0)
          radius 0.17254, height 0.15, axis (0, 0, 1)
          dielectric constant epsilon diagonal = (1,1,1)
     cylinder, center = (1.01708,2.7467,0)
          radius 0.17921, height 0.15, axis (0, 0, 1)
          dielectric constant epsilon diagonal = (1,1,1)
     cylinder, center = (2.94241,0.193466,0)
          radius 0.183583, height 0.15, axis (0, 0, 1)
          dielectric constant epsilon diagonal = (1,1,1)
     cylinder, center = (2.49573,0.885717,0)
          radius 0.176347, height 0.15, axis (0, 0, 1)
          dielectric constant epsilon diagonal = (1,1,1)
     cylinder, center = (3.36753,0.498845,0)
          radius 0.114471, height 0.15, axis (0, 0, 1)
          dielectric constant epsilon diagonal = (1,1,1)
     cylinder, center = (0.930339,2.22517,0)
          radius 0.155378, height 0.15, axis (0, 0, 1)
          dielectric constant epsilon diagonal = (1,1,1)
     cylinder, center = (3.30678,2.01173,0)
          radius 0.30887, height 0.15, axis (0, 0, 1)
          dielectric constant epsilon diagonal = (1,1,1)
     cylinder, center = (1.46119,1.08681,0)
          radius 0.18983, height 0.15, axis (0, 0, 1)
          dielectric constant epsilon diagonal = (1,1,1)
     cylinder, center = (1.71476,1.43265,0)
          radius 0.251948, height 0.15, axis (0, 0, 1)
          dielectric constant epsilon diagonal = (1,1,1)
     cylinder, center = (3.85421,0.544625,0)
          radius 0.104539, height 0.15, axis (0, 0, 1)
          dielectric constant epsilon diagonal = (1,1,1)
     cylinder, center = (3.36222,3.6338,0)
          radius 0.218648, height 0.15, axis (0, 0, 1)
          dielectric constant epsilon diagonal = (1,1,1)
     cylinder, center = (2.72399,1.49077,0)
          radius 0.136696, height 0.15, axis (0, 0, 1)
          dielectric constant epsilon diagonal = (1,1,1)
     cylinder, center = (0.798071,3.77101,0)
          radius 0.205636, height 0.15, axis (0, 0, 1)
          dielectric constant epsilon diagonal = (1,1,1)
     cylinder, center = (1.19789,2.2725,0)
          radius 0.200246, height 0.15, axis (0, 0, 1)
          dielectric constant epsilon diagonal = (1,1,1)
     cylinder, center = (1.14585,3.16682,0)
          radius 0.212259, height 0.15, axis (0, 0, 1)
          dielectric constant epsilon diagonal = (1,1,1)
     cylinder, center = (3.51089,1.40609,0)
          radius 0.189558, height 0.15, axis (0, 0, 1)
          dielectric constant epsilon diagonal = (1,1,1)
     cylinder, center = (3.98824,1.32074,0)
          radius 0.161243, height 0.15, axis (0, 0, 1)
          dielectric constant epsilon diagonal = (1,1,1)
     cylinder, center = (1.19606,3.2699,0)
          radius 0.165204, height 0.15, axis (0, 0, 1)
          dielectric constant epsilon diagonal = (1,1,1)
     cylinder, center = (3.63605,2.79935,0)
          radius 0.180469, height 0.15, axis (0, 0, 1)
          dielectric constant epsilon diagonal = (1,1,1)
     cylinder, center = (0.265444,1.93936,0)
          radius 0.166702, height 0.15, axis (0, 0, 1)
          dielectric constant epsilon diagonal = (1,1,1)
     cylinder, center = (2.04706,2.15072,0)
          radius 0.203522, height 0.15, axis (0, 0, 1)
          dielectric constant epsilon diagonal = (1,1,1)
     cylinder, center = (1.17777,3.8279,0)
          radius 0.16418, height 0.15, axis (0, 0, 1)
          dielectric constant epsilon diagonal = (1,1,1)
     cylinder, center = (2.63906,3.33118,0)
          radius 0.245409, height 0.15, axis (0, 0, 1)
          dielectric constant epsilon diagonal = (1,1,1)
     cylinder, center = (2.37945,3.49403,0)
          radius 0.101362, height 0.15, axis (0, 0, 1)
          dielectric constant epsilon diagonal = (1,1,1)
     cylinder, center = (1.43508,1.11535,0)
          radius 0.183216, height 0.15, axis (0, 0, 1)
          dielectric constant epsilon diagonal = (1,1,1)
     cylinder, center = (1.56673,0.825012,0)
          radius 0.123905, height 0.15, axis (0, 0, 1)
          dielectric constant epsilon diagonal = (1,1,1)
     cylinder, center = (1.96876,1.00684,0)
          radius 0.176692, height 0.15, axis (0, 0, 1)
          dielectric constant epsilon diagonal = (1,1,1)
     cylinder, center = (3.91308,3.31869,0)
          radius 0.151881, height 0.15, axis (0, 0, 1)
          dielectric constant epsilon diagonal = (1,1,1)
     cylinder, center = (2.28489,2.14791,0)
          radius 0.166125, height 0.15, axis (0, 0, 1)
          dielectric constant epsilon diagonal = (1,1,1)
subpixel-averaging is 67.4979% done, 1.9271 s remaining
subpixel-averaging is 44.2002% done, 5.04984 s remaining
subpixel-averaging is 92.2112% done, 0.338018 s remaining
subpixel-averaging is 69.1309% done, 1.78818 s remaining
subpixel-averaging is 43.4381% done, 5.21574 s remaining
subpixel-averaging is 89.9249% done, 0.448532 s remaining
subpixel-averaging is 66.9535% done, 1.97583 s remaining
subpixel-averaging is 43.0571% done, 5.29681 s remaining
subpixel-averaging is 79.6369% done, 1.02343 s remaining
time for set_epsilon = 45.3319 s
time for set_conductivity = 0.366923 s
time for set_conductivity = 0.415399 s
time for set_conductivity = 0.414976 s
-----------
Meep progress: 0.0125/500.0 = 0.0% done in 89.1s, 3565828.1s to go
on time step 1 (time=0.0125), 89.1483 s/step
Meep progress: 0.037500000000000006/500.0 = 0.0% done in 93.6s, 1248186.5s to go
on time step 3 (time=0.0375), 2.23647 s/step
Meep progress: 0.0625/500.0 = 0.0% done in 98.9s, 790888.9s to go
on time step 5 (time=0.0625), 2.62615 s/step
Meep progress: 0.08750000000000001/500.0 = 0.0% done in 103.9s, 593709.9s to go
on time step 7 (time=0.0875), 2.52201 s/step
Meep progress: 0.1125/500.0 = 0.0% done in 108.6s, 482679.6s to go
on time step 9 (time=0.1125), 2.38102 s/step
Meep progress: 0.1375/500.0 = 0.0% done in 114.1s, 414839.3s to go
on time step 11 (time=0.1375), 2.71628 s/step
Meep progress: 0.1625/500.0 = 0.0% done in 119.3s, 367035.2s to go
on time step 13 (time=0.1625), 2.60649 s/step
Meep progress: 0.1875/500.0 = 0.0% done in 124.6s, 332236.1s to go
on time step 15 (time=0.1875), 2.65502 s/step
Meep progress: 0.21250000000000002/500.0 = 0.0% done in 129.8s, 305381.4s to go
on time step 17 (time=0.2125), 2.57744 s/step
Meep progress: 0.23750000000000002/500.0 = 0.0% done in 134.9s, 283954.9s to go
on time step 19 (time=0.2375), 2.55019 s/step
Meep progress: 0.2625/500.0 = 0.1% done in 140.0s, 266582.4s to go
on time step 21 (time=0.2625), 2.54331 s/step
Meep progress: 0.28750000000000003/500.0 = 0.1% done in 144.8s, 251664.3s to go
on time step 23 (time=0.2875), 2.38048 s/step
Meep progress: 0.3125/500.0 = 0.1% done in 149.2s, 238509.0s to go
on time step 25 (time=0.3125), 2.18553 s/step
Meep progress: 0.3375/500.0 = 0.1% done in 153.5s, 227300.0s to go
on time step 27 (time=0.3375), 2.18488 s/step
Meep progress: 0.36250000000000004/500.0 = 0.1% done in 158.3s, 218165.1s to go
on time step 29 (time=0.3625), 2.37665 s/step
Meep progress: 0.3875/500.0 = 0.1% done in 163.4s, 210655.3s to go
on time step 31 (time=0.3875), 2.54996 s/step
Meep progress: 0.41250000000000003/500.0 = 0.1% done in 168.7s, 204312.4s to go
on time step 33 (time=0.4125), 2.65619 s/step
Meep progress: 0.4375/500.0 = 0.1% done in 173.1s, 197611.9s to go
on time step 35 (time=0.4375), 2.18243 s/step
Meep progress: 0.4625/500.0 = 0.1% done in 177.2s, 191337.6s to go
on time step 37 (time=0.4625), 2.04466 s/step
Meep progress: 0.5/500.0 = 0.1% done in 182.8s, 182623.4s to go
on time step 40 (time=0.5), 1.885 s/step
