--------------------------------------------------------------------------
[[11192,1],0]: A high-performance Open MPI point-to-point messaging module
was unable to find any relevant network interfaces:

Module: OpenFabrics (openib)
  Host: euca-128-84-11-54

Another transport will be used instead, although this may result in
lower performance.
--------------------------------------------------------------------------
Using MPI version 3.0, 4 processes
command-line param: no-struct=false
command-line param: no-holes=false
command-line param: time=250
command-line param: rodpos="/home/ubuntu/solar-cell-gen-alg/parallelTrials/2/rodpos.txt"
-----------
Initializing structure...
Working in 3D dimensions.
Computational cell is 4 x 4 x 5 with resolution 40
     block, center = (0,0,0)
          size (1e+20,1e+20,0.15)
          axes (1,0,0), (0,1,0), (0,0,1)
          dielectric constant epsilon diagonal = (12,12,12)
     cylinder, center = (1.197,3.765,0)
          radius 0.213, height 0.15, axis (0, 0, 1)
          dielectric constant epsilon diagonal = (1,1,1)
     cylinder, center = (3.446,2.624,0)
          radius 0.195, height 0.15, axis (0, 0, 1)
          dielectric constant epsilon diagonal = (1,1,1)
     cylinder, center = (3.651,1.13,0)
          radius 0.291, height 0.15, axis (0, 0, 1)
          dielectric constant epsilon diagonal = (1,1,1)
     cylinder, center = (2.34,0.662,0)
          radius 0.164, height 0.15, axis (0, 0, 1)
          dielectric constant epsilon diagonal = (1,1,1)
     cylinder, center = (3.317,2.229,0)
          radius 0.177, height 0.15, axis (0, 0, 1)
          dielectric constant epsilon diagonal = (1,1,1)
     cylinder, center = (2.389,2.523,0)
          radius 0.132, height 0.15, axis (0, 0, 1)
          dielectric constant epsilon diagonal = (1,1,1)
     cylinder, center = (2.061,1.356,0)
          radius 0.169, height 0.15, axis (0, 0, 1)
          dielectric constant epsilon diagonal = (1,1,1)
     cylinder, center = (2.372,0.308,0)
          radius 0.151, height 0.15, axis (0, 0, 1)
          dielectric constant epsilon diagonal = (1,1,1)
     cylinder, center = (0.454,0.235,0)
          radius 0.216, height 0.15, axis (0, 0, 1)
          dielectric constant epsilon diagonal = (1,1,1)
     cylinder, center = (1.992,1.862,0)
          radius 0.226, height 0.15, axis (0, 0, 1)
          dielectric constant epsilon diagonal = (1,1,1)
     cylinder, center = (3.139,0.089,0)
          radius 0.218, height 0.15, axis (0, 0, 1)
          dielectric constant epsilon diagonal = (1,1,1)
     cylinder, center = (0.201,2.795,0)
          radius 0.165, height 0.15, axis (0, 0, 1)
          dielectric constant epsilon diagonal = (1,1,1)
     cylinder, center = (2.706,1.719,0)
          radius 0.097, height 0.15, axis (0, 0, 1)
          dielectric constant epsilon diagonal = (1,1,1)
     cylinder, center = (0.684,1.966,0)
          radius 0.245, height 0.15, axis (0, 0, 1)
          dielectric constant epsilon diagonal = (1,1,1)
     cylinder, center = (3.2,3.178,0)
          radius 0.124, height 0.15, axis (0, 0, 1)
          dielectric constant epsilon diagonal = (1,1,1)
     cylinder, center = (1.893,3.267,0)
          radius 0.298, height 0.15, axis (0, 0, 1)
          dielectric constant epsilon diagonal = (1,1,1)
     cylinder, center = (1.306,0.762,0)
          radius 0.171, height 0.15, axis (0, 0, 1)
          dielectric constant epsilon diagonal = (1,1,1)
     cylinder, center = (0.971,2.66,0)
          radius 0.274, height 0.15, axis (0, 0, 1)
          dielectric constant epsilon diagonal = (1,1,1)
     cylinder, center = (1.189,3.198,0)
          radius 0.268, height 0.15, axis (0, 0, 1)
          dielectric constant epsilon diagonal = (1,1,1)
     cylinder, center = (0.113,1.397,0)
          radius 0.106, height 0.15, axis (0, 0, 1)
          dielectric constant epsilon diagonal = (1,1,1)
     cylinder, center = (1.458,1.545,0)
          radius 0.205, height 0.15, axis (0, 0, 1)
          dielectric constant epsilon diagonal = (1,1,1)
     cylinder, center = (1.764,3.791,0)
          radius 0.167, height 0.15, axis (0, 0, 1)
          dielectric constant epsilon diagonal = (1,1,1)
     cylinder, center = (0.014,0.807,0)
          radius 0.202, height 0.15, axis (0, 0, 1)
          dielectric constant epsilon diagonal = (1,1,1)
     cylinder, center = (0.354,2.399,0)
          radius 0.258, height 0.15, axis (0, 0, 1)
          dielectric constant epsilon diagonal = (1,1,1)
     cylinder, center = (1.061,0.035,0)
          radius 0.096, height 0.15, axis (0, 0, 1)
          dielectric constant epsilon diagonal = (1,1,1)
     cylinder, center = (0.481,1.526,0)
          radius 0.177, height 0.15, axis (0, 0, 1)
          dielectric constant epsilon diagonal = (1,1,1)
     cylinder, center = (2.554,3.876,0)
          radius 0.218, height 0.15, axis (0, 0, 1)
          dielectric constant epsilon diagonal = (1,1,1)
     cylinder, center = (3.709,3.452,0)
          radius 0.146, height 0.15, axis (0, 0, 1)
          dielectric constant epsilon diagonal = (1,1,1)
     cylinder, center = (0.287,3.748,0)
          radius 0.225, height 0.15, axis (0, 0, 1)
          dielectric constant epsilon diagonal = (1,1,1)
     cylinder, center = (3.16,1.341,0)
          radius 0.206, height 0.15, axis (0, 0, 1)
          dielectric constant epsilon diagonal = (1,1,1)
     cylinder, center = (3.927,1.831,0)
          radius 0.077, height 0.15, axis (0, 0, 1)
          dielectric constant epsilon diagonal = (1,1,1)
     cylinder, center = (3.392,0.457,0)
          radius 0.227, height 0.15, axis (0, 0, 1)
          dielectric constant epsilon diagonal = (1,1,1)
     cylinder, center = (1.69,1.025,0)
          radius 0.162, height 0.15, axis (0, 0, 1)
          dielectric constant epsilon diagonal = (1,1,1)
     cylinder, center = (1.259,1.34,0)
          radius 0.077, height 0.15, axis (0, 0, 1)
          dielectric constant epsilon diagonal = (1,1,1)
     cylinder, center = (1.573,2.657,0)
          radius 0.238, height 0.15, axis (0, 0, 1)
          dielectric constant epsilon diagonal = (1,1,1)
     cylinder, center = (2.726,2.94,0)
          radius 0.163, height 0.15, axis (0, 0, 1)
          dielectric constant epsilon diagonal = (1,1,1)
     cylinder, center = (3.08,1.804,0)
          radius 0.152, height 0.15, axis (0, 0, 1)
          dielectric constant epsilon diagonal = (1,1,1)
     cylinder, center = (2.864,0.979,0)
          radius 0.259, height 0.15, axis (0, 0, 1)
          dielectric constant epsilon diagonal = (1,1,1)
     cylinder, center = (0.527,1.116,0)
          radius 0.223, height 0.15, axis (0, 0, 1)
          dielectric constant epsilon diagonal = (1,1,1)
     cylinder, center = (3.065,3.835,0)
          radius 0.226, height 0.15, axis (0, 0, 1)
          dielectric constant epsilon diagonal = (1,1,1)
time for set_epsilon = 14.4516 s
time for set_conductivity = 0.10382 s
time for set_conductivity = 0.200834 s
time for set_conductivity = 0.261837 s
-----------
Meep progress: 0.0125/250.0 = 0.0% done in 6.8s, 135655.6s to go
on time step 1 (time=0.0125), 6.784 s/step
Meep progress: 0.275/250.0 = 0.1% done in 10.9s, 9927.9s to go
on time step 22 (time=0.275), 0.197559 s/step
Meep progress: 0.525/250.0 = 0.2% done in 15.0s, 7147.2s to go
on time step 42 (time=0.525), 0.205409 s/step
Meep progress: 0.7375/250.0 = 0.3% done in 19.1s, 6471.4s to go
on time step 59 (time=0.7375), 0.241533 s/step
Meep progress: 0.9500000000000001/250.0 = 0.4% done in 23.2s, 6074.0s to go
on time step 76 (time=0.95), 0.236594 s/step
Meep progress: 1.1625/250.0 = 0.5% done in 27.2s, 5819.4s to go
on time step 93 (time=1.1625), 0.236321 s/step
Meep progress: 1.425/250.0 = 0.6% done in 31.3s, 5463.0s to go
on time step 114 (time=1.425), 0.196715 s/step
Meep progress: 1.6875/250.0 = 0.7% done in 35.3s, 5200.2s to go
on time step 135 (time=1.6875), 0.191533 s/step
Meep progress: 1.9375/250.0 = 0.8% done in 39.4s, 5046.7s to go
on time step 155 (time=1.9375), 0.203867 s/step
Meep progress: 2.1875/250.0 = 0.9% done in 43.5s, 4931.5s to go
on time step 175 (time=2.1875), 0.205722 s/step
Meep progress: 2.45/250.0 = 1.0% done in 47.7s, 4818.1s to go
on time step 196 (time=2.45), 0.197773 s/step
Meep progress: 2.7/250.0 = 1.1% done in 51.8s, 4744.7s to go
on time step 216 (time=2.7), 0.205861 s/step
Meep progress: 2.95/250.0 = 1.2% done in 55.9s, 4679.3s to go
on time step 236 (time=2.95), 0.20364 s/step
Meep progress: 3.2/250.0 = 1.3% done in 59.9s, 4618.5s to go
on time step 256 (time=3.2), 0.200404 s/step
Meep progress: 3.4625000000000004/250.0 = 1.4% done in 64.0s, 4553.8s to go
on time step 277 (time=3.4625), 0.193958 s/step
Meep progress: 3.725/250.0 = 1.5% done in 68.1s, 4503.6s to go
on time step 298 (time=3.725), 0.198194 s/step
Meep progress: 3.975/250.0 = 1.6% done in 72.2s, 4466.9s to go
on time step 318 (time=3.975), 0.202602 s/step
Meep progress: 4.2375/250.0 = 1.7% done in 76.3s, 4426.5s to go
on time step 339 (time=4.2375), 0.197731 s/step
Meep progress: 4.5/250.0 = 1.8% done in 80.4s, 4385.6s to go
on time step 360 (time=4.5), 0.19353 s/step
Meep progress: 4.7625/250.0 = 1.9% done in 84.6s, 4354.6s to go
on time step 381 (time=4.7625), 0.198977 s/step
Meep progress: 5.0125/250.0 = 2.0% done in 88.6s, 4329.3s to go
on time step 401 (time=5.0125), 0.200649 s/step
Meep progress: 5.275/250.0 = 2.1% done in 92.7s, 4301.0s to go
on time step 422 (time=5.275), 0.196617 s/step
Meep progress: 5.5375000000000005/250.0 = 2.2% done in 96.8s, 4273.6s to go
on time step 443 (time=5.5375), 0.195042 s/step
Meep progress: 5.7875000000000005/250.0 = 2.3% done in 100.9s, 4259.0s to go
on time step 463 (time=5.7875), 0.20646 s/step
Meep progress: 6.050000000000001/250.0 = 2.4% done in 105.1s, 4238.0s to go
on time step 484 (time=6.05), 0.198598 s/step
Meep progress: 6.3125/250.0 = 2.5% done in 109.2s, 4216.6s to go
on time step 505 (time=6.3125), 0.196356 s/step
Meep progress: 6.575/250.0 = 2.6% done in 113.4s, 4196.9s to go
on time step 526 (time=6.575), 0.196837 s/step
Meep progress: 6.8375/250.0 = 2.7% done in 117.5s, 4178.5s to go
on time step 547 (time=6.8375), 0.196886 s/step
Meep progress: 7.1000000000000005/250.0 = 2.8% done in 121.6s, 4160.2s to go
on time step 568 (time=7.1), 0.195645 s/step
Meep progress: 7.325/250.0 = 2.9% done in 125.6s, 4161.5s to go
on time step 586 (time=7.325), 0.222688 s/step
Meep progress: 7.5875/250.0 = 3.0% done in 129.8s, 4146.1s to go
on time step 607 (time=7.5875), 0.198141 s/step
Meep progress: 7.8375/250.0 = 3.1% done in 133.9s, 4136.0s to go
on time step 627 (time=7.8375), 0.204275 s/step
Meep progress: 8.1/250.0 = 3.2% done in 137.9s, 4118.4s to go
on time step 648 (time=8.1), 0.192721 s/step
Meep progress: 8.375/250.0 = 3.4% done in 142.1s, 4099.1s to go
on time step 670 (time=8.375), 0.18973 s/step
Meep progress: 8.637500000000001/250.0 = 3.5% done in 146.1s, 4083.6s to go
on time step 691 (time=8.6375), 0.19322 s/step
Meep progress: 8.887500000000001/250.0 = 3.6% done in 150.3s, 4076.7s to go
on time step 711 (time=8.8875), 0.206511 s/step
Meep progress: 9.15/250.0 = 3.7% done in 154.4s, 4063.5s to go
on time step 732 (time=9.15), 0.19546 s/step
Meep progress: 9.4125/250.0 = 3.8% done in 158.5s, 4051.1s to go
on time step 753 (time=9.4125), 0.196155 s/step
Meep progress: 9.675/250.0 = 3.9% done in 162.7s, 4041.2s to go
on time step 774 (time=9.675), 0.19987 s/step
Meep progress: 9.925/250.0 = 4.0% done in 166.9s, 4036.3s to go
on time step 794 (time=9.925), 0.20874 s/step
Meep progress: 10.175/250.0 = 4.1% done in 171.1s, 4033.3s to go
on time step 814 (time=10.175), 0.212727 s/step
Meep progress: 10.387500000000001/250.0 = 4.2% done in 175.3s, 4044.8s to go
on time step 831 (time=10.3875), 0.248651 s/step
Meep progress: 10.600000000000001/250.0 = 4.2% done in 179.5s, 4054.3s to go
on time step 848 (time=10.6), 0.245309 s/step
Meep progress: 10.8375/250.0 = 4.3% done in 183.6s, 4051.0s to go
on time step 867 (time=10.8375), 0.213223 s/step
Meep progress: 11.0875/250.0 = 4.4% done in 187.6s, 4042.9s to go
on time step 887 (time=11.0875), 0.202866 s/step
Meep progress: 11.3375/250.0 = 4.5% done in 191.7s, 4034.7s to go
on time step 907 (time=11.3375), 0.202071 s/step
Meep progress: 11.600000000000001/250.0 = 4.6% done in 195.8s, 4023.3s to go
on time step 928 (time=11.6), 0.195185 s/step
Meep progress: 11.8625/250.0 = 4.7% done in 199.9s, 4012.9s to go
on time step 949 (time=11.8625), 0.196678 s/step
Meep progress: 12.137500000000001/250.0 = 4.9% done in 203.9s, 3996.7s to go
on time step 971 (time=12.1375), 0.183991 s/step
Meep progress: 12.4/250.0 = 5.0% done in 208.1s, 3987.6s to go
on time step 992 (time=12.4), 0.198415 s/step
Meep progress: 12.662500000000001/250.0 = 5.1% done in 212.2s, 3977.5s to go
on time step 1013 (time=12.6625), 0.195269 s/step
Meep progress: 12.912500000000001/250.0 = 5.2% done in 216.3s, 3971.0s to go
on time step 1033 (time=12.9125), 0.203011 s/step
Meep progress: 13.137500000000001/250.0 = 5.3% done in 220.4s, 3974.3s to go
on time step 1051 (time=13.1375), 0.231399 s/step
Meep progress: 13.3625/250.0 = 5.3% done in 224.5s, 3975.7s to go
on time step 1069 (time=13.3625), 0.225789 s/step
Meep progress: 13.600000000000001/250.0 = 5.4% done in 228.5s, 3972.1s to go
on time step 1088 (time=13.6), 0.211357 s/step
Meep progress: 13.8375/250.0 = 5.5% done in 232.6s, 3970.6s to go
on time step 1107 (time=13.8375), 0.217449 s/step
Meep progress: 14.0875/250.0 = 5.6% done in 236.7s, 3963.7s to go
on time step 1127 (time=14.0875), 0.202152 s/step
Meep progress: 14.3375/250.0 = 5.7% done in 240.7s, 3956.9s to go
on time step 1147 (time=14.3375), 0.202126 s/step
Meep progress: 14.600000000000001/250.0 = 5.8% done in 244.8s, 3947.2s to go
on time step 1168 (time=14.6), 0.194251 s/step
Meep progress: 14.8625/250.0 = 5.9% done in 248.9s, 3938.4s to go
on time step 1189 (time=14.8625), 0.196391 s/step
Meep progress: 15.125/250.0 = 6.0% done in 253.0s, 3928.1s to go
on time step 1210 (time=15.125), 0.191145 s/step
Meep progress: 15.387500000000001/250.0 = 6.2% done in 257.1s, 3919.4s to go
on time step 1231 (time=15.3875), 0.195661 s/step
Meep progress: 15.637500000000001/250.0 = 6.3% done in 261.2s, 3914.8s to go
on time step 1251 (time=15.6375), 0.207546 s/step
Meep progress: 15.887500000000001/250.0 = 6.4% done in 265.2s, 3908.2s to go
on time step 1271 (time=15.8875), 0.20051 s/step
Meep progress: 16.150000000000002/250.0 = 6.5% done in 269.4s, 3900.4s to go
on time step 1292 (time=16.15), 0.197284 s/step
Meep progress: 16.4125/250.0 = 6.6% done in 273.6s, 3893.4s to go
on time step 1313 (time=16.4125), 0.199903 s/step
Meep progress: 16.6625/250.0 = 6.7% done in 277.6s, 3887.5s to go
on time step 1333 (time=16.6625), 0.201972 s/step
Meep progress: 16.9125/250.0 = 6.8% done in 281.7s, 3882.4s to go
on time step 1353 (time=16.9125), 0.205041 s/step
Meep progress: 17.175/250.0 = 6.9% done in 285.9s, 3875.4s to go
on time step 1374 (time=17.175), 0.199098 s/step
Meep progress: 17.4375/250.0 = 7.0% done in 290.0s, 3868.3s to go
on time step 1395 (time=17.4375), 0.198224 s/step
Meep progress: 17.6875/250.0 = 7.1% done in 294.1s, 3862.1s to go
on time step 1415 (time=17.6875), 0.200257 s/step
Meep progress: 17.975/250.0 = 7.2% done in 298.2s, 3849.4s to go
on time step 1438 (time=17.975), 0.180932 s/step
Meep progress: 18.225/250.0 = 7.3% done in 302.2s, 3843.7s to go
on time step 1458 (time=18.225), 0.201164 s/step
Meep progress: 18.4875/250.0 = 7.4% done in 306.4s, 3836.5s to go
on time step 1479 (time=18.4875), 0.196766 s/step
Meep progress: 18.75/250.0 = 7.5% done in 310.5s, 3829.9s to go
on time step 1500 (time=18.75), 0.198314 s/step
Meep progress: 19.0125/250.0 = 7.6% done in 314.8s, 3824.0s to go
on time step 1521 (time=19.0125), 0.201028 s/step
Meep progress: 19.225/250.0 = 7.7% done in 318.9s, 3828.5s to go
on time step 1538 (time=19.225), 0.245873 s/step
Meep progress: 19.462500000000002/250.0 = 7.8% done in 323.1s, 3826.8s to go
on time step 1557 (time=19.4625), 0.21754 s/step
Meep progress: 19.6875/250.0 = 7.9% done in 327.2s, 3827.6s to go
on time step 1575 (time=19.6875), 0.229083 s/step
Meep progress: 19.925/250.0 = 8.0% done in 331.2s, 3824.9s to go
on time step 1594 (time=19.925), 0.213263 s/step
Meep progress: 20.150000000000002/250.0 = 8.1% done in 335.3s, 3824.5s to go
on time step 1612 (time=20.15), 0.224045 s/step
Meep progress: 20.375/250.0 = 8.2% done in 339.4s, 3824.8s to go
on time step 1630 (time=20.375), 0.228193 s/step
Meep progress: 20.6/250.0 = 8.2% done in 343.6s, 3825.8s to go
on time step 1648 (time=20.6), 0.231549 s/step
Meep progress: 20.8125/250.0 = 8.3% done in 347.6s, 3828.2s to go
on time step 1665 (time=20.8125), 0.240575 s/step
Meep progress: 21.025000000000002/250.0 = 8.4% done in 351.8s, 3831.6s to go
on time step 1682 (time=21.025), 0.246059 s/step
Meep progress: 21.25/250.0 = 8.5% done in 355.9s, 3831.6s to go
on time step 1700 (time=21.25), 0.228676 s/step
Meep progress: 21.462500000000002/250.0 = 8.6% done in 360.1s, 3834.4s to go
on time step 1717 (time=21.4625), 0.244557 s/step
Meep progress: 21.6875/250.0 = 8.7% done in 364.2s, 3834.6s to go
on time step 1735 (time=21.6875), 0.230552 s/step
Meep progress: 21.950000000000003/250.0 = 8.8% done in 368.3s, 3826.0s to go
on time step 1756 (time=21.95), 0.190635 s/step
Meep progress: 22.1875/250.0 = 8.9% done in 372.4s, 3823.9s to go
on time step 1775 (time=22.1875), 0.219376 s/step
Meep progress: 22.400000000000002/250.0 = 9.0% done in 376.5s, 3825.0s to go
on time step 1792 (time=22.4), 0.237178 s/step
Meep progress: 22.650000000000002/250.0 = 9.1% done in 380.6s, 3820.6s to go
on time step 1812 (time=22.65), 0.209 s/step
Meep progress: 22.875/250.0 = 9.2% done in 384.6s, 3819.2s to go
on time step 1830 (time=22.875), 0.223125 s/step
Meep progress: 23.137500000000003/250.0 = 9.3% done in 388.7s, 3811.0s to go
on time step 1851 (time=23.1375), 0.192199 s/step
Meep progress: 23.375/250.0 = 9.4% done in 392.7s, 3807.4s to go
on time step 1870 (time=23.375), 0.211871 s/step
Meep progress: 23.6125/250.0 = 9.4% done in 396.8s, 3804.2s to go
on time step 1889 (time=23.6125), 0.214466 s/step
Meep progress: 23.8625/250.0 = 9.5% done in 400.9s, 3798.8s to go
on time step 1909 (time=23.8625), 0.203553 s/step
Meep progress: 24.1125/250.0 = 9.6% done in 404.9s, 3792.9s to go
on time step 1929 (time=24.1125), 0.200907 s/step
Meep progress: 24.375/250.0 = 9.8% done in 409.0s, 3785.6s to go
on time step 1950 (time=24.375), 0.195304 s/step
Meep progress: 24.6125/250.0 = 9.8% done in 413.2s, 3783.6s to go
on time step 1969 (time=24.6125), 0.221177 s/step
Meep progress: 24.85/250.0 = 9.9% done in 417.3s, 3780.6s to go
on time step 1988 (time=24.85), 0.215189 s/step
Meep progress: 25.075000000000003/250.0 = 10.0% done in 421.4s, 3780.1s to go
on time step 2006 (time=25.075), 0.230093 s/step
Meep progress: 25.3125/250.0 = 10.1% done in 425.4s, 3776.5s to go
on time step 2025 (time=25.3125), 0.212426 s/step
Meep progress: 25.5375/250.0 = 10.2% done in 429.5s, 3774.8s to go
on time step 2043 (time=25.5375), 0.223138 s/step
Meep progress: 25.762500000000003/250.0 = 10.3% done in 433.5s, 3773.4s to go
on time step 2061 (time=25.7625), 0.225648 s/step
Meep progress: 25.9875/250.0 = 10.4% done in 437.8s, 3773.5s to go
on time step 2079 (time=25.9875), 0.235603 s/step
Meep progress: 26.212500000000002/250.0 = 10.5% done in 441.8s, 3771.7s to go
on time step 2097 (time=26.2125), 0.223406 s/step
Meep progress: 26.4375/250.0 = 10.6% done in 445.9s, 3770.4s to go
on time step 2115 (time=26.4375), 0.226882 s/step
Meep progress: 26.675/250.0 = 10.7% done in 449.9s, 3766.8s to go
on time step 2134 (time=26.675), 0.213218 s/step
Meep progress: 26.900000000000002/250.0 = 10.8% done in 453.9s, 3764.8s to go
on time step 2152 (time=26.9), 0.223312 s/step
Meep progress: 27.1625/250.0 = 10.9% done in 458.1s, 3758.0s to go
on time step 2173 (time=27.1625), 0.197033 s/step
Meep progress: 27.4125/250.0 = 11.0% done in 462.1s, 3752.3s to go
on time step 2193 (time=27.4125), 0.201741 s/step
Meep progress: 27.675/250.0 = 11.1% done in 466.2s, 3745.5s to go
on time step 2214 (time=27.675), 0.196527 s/step
Meep progress: 27.9375/250.0 = 11.2% done in 470.3s, 3738.4s to go
on time step 2235 (time=27.9375), 0.194776 s/step
Meep progress: 28.200000000000003/250.0 = 11.3% done in 474.5s, 3731.8s to go
on time step 2256 (time=28.2), 0.197075 s/step
Meep progress: 28.462500000000002/250.0 = 11.4% done in 478.6s, 3725.3s to go
on time step 2277 (time=28.4625), 0.197652 s/step
Meep progress: 28.725/250.0 = 11.5% done in 482.7s, 3718.4s to go
on time step 2298 (time=28.725), 0.194817 s/step
Meep progress: 28.975/250.0 = 11.6% done in 486.8s, 3713.3s to go
on time step 2318 (time=28.975), 0.204292 s/step
Meep progress: 29.225/250.0 = 11.7% done in 490.9s, 3708.7s to go
on time step 2338 (time=29.225), 0.206792 s/step
Meep progress: 29.4875/250.0 = 11.8% done in 495.0s, 3701.4s to go
on time step 2359 (time=29.4875), 0.191783 s/step
Meep progress: 29.762500000000003/250.0 = 11.9% done in 499.2s, 3693.6s to go
on time step 2381 (time=29.7625), 0.190534 s/step
Meep progress: 30.0375/250.0 = 12.0% done in 503.3s, 3685.7s to go
on time step 2403 (time=30.0375), 0.189154 s/step
Meep progress: 30.3/250.0 = 12.1% done in 507.4s, 3679.0s to go
on time step 2424 (time=30.3), 0.194389 s/step
Meep progress: 30.55/250.0 = 12.2% done in 511.5s, 3674.1s to go
on time step 2444 (time=30.55), 0.204499 s/step
Meep progress: 30.8125/250.0 = 12.3% done in 515.6s, 3667.7s to go
on time step 2465 (time=30.8125), 0.195413 s/step
Meep progress: 31.0625/250.0 = 12.4% done in 519.7s, 3662.8s to go
on time step 2485 (time=31.0625), 0.204245 s/step
Meep progress: 31.3125/250.0 = 12.5% done in 523.7s, 3657.4s to go
on time step 2505 (time=31.3125), 0.2005 s/step
Meep progress: 31.5625/250.0 = 12.6% done in 527.8s, 3652.7s to go
on time step 2525 (time=31.5625), 0.205425 s/step
Meep progress: 31.8125/250.0 = 12.7% done in 531.8s, 3647.7s to go
on time step 2545 (time=31.8125), 0.202939 s/step
Meep progress: 32.075/250.0 = 12.8% done in 536.0s, 3641.6s to go
on time step 2566 (time=32.075), 0.196576 s/step
Meep progress: 32.3375/250.0 = 12.9% done in 540.0s, 3634.6s to go
on time step 2587 (time=32.3375), 0.190689 s/step
Meep progress: 32.6/250.0 = 13.0% done in 544.1s, 3628.4s to go
on time step 2608 (time=32.6), 0.195933 s/step
Meep progress: 32.85/250.0 = 13.1% done in 548.1s, 3623.5s to go
on time step 2628 (time=32.85), 0.202588 s/step
Meep progress: 33.112500000000004/250.0 = 13.2% done in 552.2s, 3617.2s to go
on time step 2649 (time=33.1125), 0.19477 s/step
Meep progress: 33.362500000000004/250.0 = 13.3% done in 556.2s, 3612.0s to go
on time step 2669 (time=33.3625), 0.200393 s/step
Meep progress: 33.625/250.0 = 13.4% done in 560.4s, 3605.9s to go
on time step 2690 (time=33.625), 0.195949 s/step
Meep progress: 33.8875/250.0 = 13.6% done in 564.5s, 3600.0s to go
on time step 2711 (time=33.8875), 0.196869 s/step
Meep progress: 34.15/250.0 = 13.7% done in 568.7s, 3594.3s to go
on time step 2732 (time=34.15), 0.197961 s/step
Meep progress: 34.4/250.0 = 13.8% done in 572.8s, 3590.0s to go
on time step 2752 (time=34.4), 0.207059 s/step
Meep progress: 34.6625/250.0 = 13.9% done in 576.8s, 3583.4s to go
on time step 2773 (time=34.6625), 0.191251 s/step
Meep progress: 34.925000000000004/250.0 = 14.0% done in 581.0s, 3578.0s to go
on time step 2794 (time=34.925), 0.199817 s/step
Meep progress: 35.1875/250.0 = 14.1% done in 585.1s, 3572.2s to go
on time step 2815 (time=35.1875), 0.19726 s/step
Meep progress: 35.4375/250.0 = 14.2% done in 589.2s, 3567.6s to go
on time step 2835 (time=35.4375), 0.204029 s/step
Meep progress: 35.7/250.0 = 14.3% done in 593.3s, 3561.7s to go
on time step 2856 (time=35.7), 0.195558 s/step
Meep progress: 35.9625/250.0 = 14.4% done in 597.5s, 3556.1s to go
on time step 2877 (time=35.9625), 0.197639 s/step
Meep progress: 36.225/250.0 = 14.5% done in 601.7s, 3550.7s to go
on time step 2898 (time=36.225), 0.199299 s/step
Meep progress: 36.475/250.0 = 14.6% done in 605.8s, 3546.4s to go
on time step 2918 (time=36.475), 0.206287 s/step
Meep progress: 36.737500000000004/250.0 = 14.7% done in 610.0s, 3541.0s to go
on time step 2939 (time=36.7375), 0.199528 s/step
Meep progress: 37.0/250.0 = 14.8% done in 614.1s, 3535.0s to go
on time step 2960 (time=37), 0.194272 s/step
Meep progress: 37.237500000000004/250.0 = 14.9% done in 618.2s, 3532.1s to go
on time step 2979 (time=37.2375), 0.216857 s/step
Meep progress: 37.4625/250.0 = 15.0% done in 622.4s, 3530.9s to go
on time step 2997 (time=37.4625), 0.232066 s/step
Meep progress: 37.675000000000004/250.0 = 15.1% done in 626.4s, 3530.3s to go
on time step 3014 (time=37.675), 0.237933 s/step
Meep progress: 37.875/250.0 = 15.2% done in 630.4s, 3530.7s to go
on time step 3030 (time=37.875), 0.250105 s/step
Meep progress: 38.0625/250.0 = 15.2% done in 634.5s, 3533.2s to go
on time step 3045 (time=38.0625), 0.275041 s/step
Meep progress: 38.2875/250.0 = 15.3% done in 638.6s, 3531.1s to go
on time step 3063 (time=38.2875), 0.224862 s/step
Meep progress: 38.550000000000004/250.0 = 15.4% done in 642.7s, 3525.4s to go
on time step 3084 (time=38.55), 0.197164 s/step
Meep progress: 38.775000000000006/250.0 = 15.5% done in 646.9s, 3523.8s to go
on time step 3102 (time=38.775), 0.230468 s/step
Meep progress: 39.0/250.0 = 15.6% done in 650.9s, 3521.6s to go
on time step 3120 (time=39), 0.223844 s/step
Meep progress: 39.237500000000004/250.0 = 15.7% done in 655.0s, 3518.4s to go
on time step 3139 (time=39.2375), 0.216109 s/step
Meep progress: 39.487500000000004/250.0 = 15.8% done in 659.2s, 3514.2s to go
on time step 3159 (time=39.4875), 0.20841 s/step
Meep progress: 39.712500000000006/250.0 = 15.9% done in 663.3s, 3512.2s to go
on time step 3177 (time=39.7125), 0.22792 s/step
Meep progress: 39.95/250.0 = 16.0% done in 667.3s, 3508.8s to go
on time step 3196 (time=39.95), 0.213792 s/step
Meep progress: 40.175000000000004/250.0 = 16.1% done in 671.4s, 3506.7s to go
on time step 3214 (time=40.175), 0.2266 s/step
Meep progress: 40.425000000000004/250.0 = 16.2% done in 675.5s, 3502.1s to go
on time step 3234 (time=40.425), 0.20514 s/step
Meep progress: 40.675000000000004/250.0 = 16.3% done in 679.6s, 3497.3s to go
on time step 3254 (time=40.675), 0.203079 s/step
Meep progress: 40.9375/250.0 = 16.4% done in 683.7s, 3491.6s to go
on time step 3275 (time=40.9375), 0.196651 s/step
Meep progress: 41.1875/250.0 = 16.5% done in 687.9s, 3487.3s to go
on time step 3295 (time=41.1875), 0.206959 s/step
Meep progress: 41.45/250.0 = 16.6% done in 692.1s, 3482.0s to go
on time step 3316 (time=41.45), 0.200013 s/step
Meep progress: 41.7/250.0 = 16.7% done in 696.1s, 3477.1s to go
on time step 3336 (time=41.7), 0.202034 s/step
Meep progress: 41.962500000000006/250.0 = 16.8% done in 700.2s, 3471.6s to go
on time step 3357 (time=41.9625), 0.197621 s/step
Meep progress: 42.225/250.0 = 16.9% done in 704.4s, 3466.0s to go
on time step 3378 (time=42.225), 0.19691 s/step
Meep progress: 42.475/250.0 = 17.0% done in 708.5s, 3461.4s to go
on time step 3398 (time=42.475), 0.203899 s/step
Meep progress: 42.725/250.0 = 17.1% done in 712.6s, 3457.3s to go
on time step 3418 (time=42.725), 0.209113 s/step
Meep progress: 42.975/250.0 = 17.2% done in 716.6s, 3452.3s to go
on time step 3438 (time=42.975), 0.200095 s/step
Meep progress: 43.212500000000006/250.0 = 17.3% done in 720.7s, 3448.9s to go
on time step 3457 (time=43.2125), 0.214074 s/step
Meep progress: 43.475/250.0 = 17.4% done in 724.7s, 3442.7s to go
on time step 3478 (time=43.475), 0.191071 s/step
Meep progress: 43.775000000000006/250.0 = 17.5% done in 728.8s, 3433.4s to go
on time step 3502 (time=43.775), 0.169899 s/step
Meep progress: 44.0375/250.0 = 17.6% done in 733.0s, 3428.0s to go
on time step 3523 (time=44.0375), 0.197913 s/step
Meep progress: 44.300000000000004/250.0 = 17.7% done in 737.1s, 3422.7s to go
on time step 3544 (time=44.3), 0.197915 s/step
Meep progress: 44.5625/250.0 = 17.8% done in 741.2s, 3417.1s to go
on time step 3565 (time=44.5625), 0.195597 s/step
Meep progress: 44.825/250.0 = 17.9% done in 745.4s, 3411.9s to go
on time step 3586 (time=44.825), 0.199576 s/step
Meep progress: 45.087500000000006/250.0 = 18.0% done in 749.5s, 3406.3s to go
on time step 3607 (time=45.0875), 0.194809 s/step
Meep progress: 45.337500000000006/250.0 = 18.1% done in 753.6s, 3401.9s to go
on time step 3627 (time=45.3375), 0.204988 s/step
Meep progress: 45.6/250.0 = 18.2% done in 757.7s, 3396.2s to go
on time step 3648 (time=45.6), 0.192949 s/step
Meep progress: 45.862500000000004/250.0 = 18.3% done in 761.8s, 3390.7s to go
on time step 3669 (time=45.8625), 0.19563 s/step
Meep progress: 46.1375/250.0 = 18.5% done in 765.9s, 3384.4s to go
on time step 3691 (time=46.1375), 0.189914 s/step
Meep progress: 46.3875/250.0 = 18.6% done in 770.0s, 3379.9s to go
on time step 3711 (time=46.3875), 0.203464 s/step
Meep progress: 46.6625/250.0 = 18.7% done in 774.1s, 3373.2s to go
on time step 3733 (time=46.6625), 0.185422 s/step
Meep progress: 46.900000000000006/250.0 = 18.8% done in 778.2s, 3370.1s to go
on time step 3752 (time=46.9), 0.217553 s/step
Meep progress: 47.150000000000006/250.0 = 18.9% done in 782.4s, 3366.0s to go
on time step 3772 (time=47.15), 0.207663 s/step
Meep progress: 47.400000000000006/250.0 = 19.0% done in 786.5s, 3361.7s to go
on time step 3792 (time=47.4), 0.206071 s/step
Meep progress: 47.6375/250.0 = 19.1% done in 790.5s, 3358.1s to go
on time step 3811 (time=47.6375), 0.211539 s/step
Meep progress: 47.8875/250.0 = 19.2% done in 794.7s, 3354.1s to go
on time step 3831 (time=47.8875), 0.209296 s/step
Meep progress: 48.112500000000004/250.0 = 19.2% done in 798.8s, 3352.0s to go
on time step 3849 (time=48.1125), 0.229173 s/step
Meep progress: 48.35/250.0 = 19.3% done in 803.0s, 3348.9s to go
on time step 3868 (time=48.35), 0.218306 s/step
Meep progress: 48.6/250.0 = 19.4% done in 807.1s, 3344.8s to go
on time step 3888 (time=48.6), 0.207936 s/step
Meep progress: 48.837500000000006/250.0 = 19.5% done in 811.2s, 3341.5s to go
on time step 3907 (time=48.8375), 0.215916 s/step
Meep progress: 49.0625/250.0 = 19.6% done in 815.3s, 3339.1s to go
on time step 3925 (time=49.0625), 0.225463 s/step
Meep progress: 49.325/250.0 = 19.7% done in 819.5s, 3334.0s to go
on time step 3946 (time=49.325), 0.199201 s/step
Meep progress: 49.5625/250.0 = 19.8% done in 823.6s, 3330.8s to go
on time step 3965 (time=49.5625), 0.217759 s/step
Meep progress: 49.7875/250.0 = 19.9% done in 827.7s, 3328.5s to go
on time step 3983 (time=49.7875), 0.226983 s/step
Meep progress: 50.0375/250.0 = 20.0% done in 831.9s, 3324.4s to go
on time step 4003 (time=50.0375), 0.208583 s/step
Meep progress: 50.2875/250.0 = 20.1% done in 836.0s, 3320.3s to go
on time step 4023 (time=50.2875), 0.208371 s/step
Meep progress: 50.5/250.0 = 20.2% done in 840.1s, 3318.7s to go
on time step 4040 (time=50.5), 0.237006 s/step
Meep progress: 50.7625/250.0 = 20.3% done in 844.2s, 3313.3s to go
on time step 4061 (time=50.7625), 0.195279 s/step
Meep progress: 51.0125/250.0 = 20.4% done in 848.3s, 3309.1s to go
on time step 4081 (time=51.0125), 0.207656 s/step
Meep progress: 51.237500000000004/250.0 = 20.5% done in 852.5s, 3307.0s to go
on time step 4099 (time=51.2375), 0.231099 s/step
Meep progress: 51.462500000000006/250.0 = 20.6% done in 856.6s, 3304.8s to go
on time step 4117 (time=51.4625), 0.229872 s/step
Meep progress: 51.712500000000006/250.0 = 20.7% done in 860.7s, 3300.1s to go
on time step 4137 (time=51.7125), 0.201944 s/step
Meep progress: 51.975/250.0 = 20.8% done in 864.8s, 3294.7s to go
on time step 4158 (time=51.975), 0.195146 s/step
Meep progress: 52.175000000000004/250.0 = 20.9% done in 868.9s, 3294.7s to go
on time step 4174 (time=52.175), 0.261643 s/step
Meep progress: 52.400000000000006/250.0 = 21.0% done in 873.0s, 3291.9s to go
on time step 4192 (time=52.4), 0.222644 s/step
Meep progress: 52.650000000000006/250.0 = 21.1% done in 877.0s, 3287.2s to go
on time step 4212 (time=52.65), 0.201346 s/step
Meep progress: 52.9125/250.0 = 21.2% done in 881.0s, 3281.7s to go
on time step 4233 (time=52.9125), 0.193745 s/step
Meep progress: 53.175000000000004/250.0 = 21.3% done in 885.2s, 3276.4s to go
on time step 4254 (time=53.175), 0.19611 s/step
Meep progress: 53.425000000000004/250.0 = 21.4% done in 889.2s, 3271.8s to go
on time step 4274 (time=53.425), 0.201522 s/step
Meep progress: 53.6875/250.0 = 21.5% done in 893.2s, 3266.1s to go
on time step 4295 (time=53.6875), 0.191439 s/step
Meep progress: 53.95/250.0 = 21.6% done in 897.3s, 3260.6s to go
on time step 4316 (time=53.95), 0.193254 s/step
Meep progress: 54.212500000000006/250.0 = 21.7% done in 901.5s, 3255.7s to go
on time step 4337 (time=54.2125), 0.199798 s/step
Meep progress: 54.462500000000006/250.0 = 21.8% done in 905.5s, 3251.0s to go
on time step 4357 (time=54.4625), 0.201496 s/step
Meep progress: 54.712500000000006/250.0 = 21.9% done in 909.6s, 3246.7s to go
on time step 4377 (time=54.7125), 0.205044 s/step
Meep progress: 54.987500000000004/250.0 = 22.0% done in 913.7s, 3240.5s to go
on time step 4399 (time=54.9875), 0.18658 s/step
Meep progress: 55.2625/250.0 = 22.1% done in 917.8s, 3234.2s to go
on time step 4421 (time=55.2625), 0.186379 s/step
Meep progress: 55.525000000000006/250.0 = 22.2% done in 921.9s, 3228.9s to go
on time step 4442 (time=55.525), 0.19381 s/step
Meep progress: 55.75/250.0 = 22.3% done in 925.9s, 3226.2s to go
on time step 4460 (time=55.75), 0.225153 s/step
Meep progress: 55.987500000000004/250.0 = 22.4% done in 930.0s, 3222.6s to go
on time step 4479 (time=55.9875), 0.211702 s/step
Meep progress: 56.212500000000006/250.0 = 22.5% done in 934.0s, 3219.9s to go
on time step 4497 (time=56.2125), 0.225808 s/step
Meep progress: 56.4375/250.0 = 22.6% done in 938.3s, 3218.0s to go
on time step 4515 (time=56.4375), 0.236967 s/step
Meep progress: 56.6875/250.0 = 22.7% done in 942.5s, 3213.9s to go
on time step 4535 (time=56.6875), 0.208484 s/step
Meep progress: 56.9375/250.0 = 22.8% done in 946.6s, 3209.8s to go
on time step 4555 (time=56.9375), 0.20908 s/step
Meep progress: 57.1625/250.0 = 22.9% done in 950.8s, 3207.5s to go
on time step 4573 (time=57.1625), 0.231129 s/step
Meep progress: 57.400000000000006/250.0 = 23.0% done in 954.9s, 3204.0s to go
on time step 4592 (time=57.4), 0.214998 s/step
Meep progress: 57.6375/250.0 = 23.1% done in 959.1s, 3200.9s to go
on time step 4611 (time=57.6375), 0.221696 s/step
Meep progress: 57.875/250.0 = 23.2% done in 963.2s, 3197.4s to go
on time step 4630 (time=57.875), 0.215037 s/step
Meep progress: 58.125/250.0 = 23.2% done in 967.4s, 3193.4s to go
on time step 4650 (time=58.125), 0.209941 s/step
Meep progress: 58.362500000000004/250.0 = 23.3% done in 971.5s, 3189.9s to go
on time step 4669 (time=58.3625), 0.214899 s/step
Meep progress: 58.6/250.0 = 23.4% done in 975.5s, 3186.1s to go
on time step 4688 (time=58.6), 0.210945 s/step
Meep progress: 58.837500000000006/250.0 = 23.5% done in 979.6s, 3182.9s to go
on time step 4707 (time=58.8375), 0.220091 s/step
Meep progress: 59.050000000000004/250.0 = 23.6% done in 983.7s, 3180.8s to go
on time step 4724 (time=59.05), 0.235664 s/step
Meep progress: 59.275000000000006/250.0 = 23.7% done in 987.7s, 3178.0s to go
on time step 4742 (time=59.275), 0.224327 s/step
Meep progress: 59.5125/250.0 = 23.8% done in 991.7s, 3174.4s to go
on time step 4761 (time=59.5125), 0.212916 s/step
Meep progress: 59.725/250.0 = 23.9% done in 995.8s, 3172.6s to go
on time step 4778 (time=59.725), 0.240545 s/step
Meep progress: 59.975/250.0 = 24.0% done in 999.8s, 3167.9s to go
on time step 4798 (time=59.975), 0.200019 s/step
Meep progress: 60.1875/250.0 = 24.1% done in 1003.9s, 3165.9s to go
on time step 4815 (time=60.1875), 0.238094 s/step
Meep progress: 60.45/250.0 = 24.2% done in 1008.0s, 3160.8s to go
on time step 4836 (time=60.45), 0.196924 s/step
Meep progress: 60.6875/250.0 = 24.3% done in 1012.1s, 3157.1s to go
on time step 4855 (time=60.6875), 0.212583 s/step
Meep progress: 60.9375/250.0 = 24.4% done in 1016.3s, 3153.0s to go
on time step 4875 (time=60.9375), 0.210349 s/step
Meep progress: 61.150000000000006/250.0 = 24.5% done in 1020.3s, 3150.9s to go
on time step 4892 (time=61.15), 0.235767 s/step
Meep progress: 61.375/250.0 = 24.6% done in 1024.4s, 3148.2s to go
on time step 4910 (time=61.375), 0.228136 s/step
Meep progress: 61.587500000000006/250.0 = 24.6% done in 1028.4s, 3146.1s to go
on time step 4927 (time=61.5875), 0.236462 s/step
Meep progress: 61.7875/250.0 = 24.7% done in 1032.6s, 3145.5s to go
on time step 4943 (time=61.7875), 0.264781 s/step
Meep progress: 62.0375/250.0 = 24.8% done in 1036.7s, 3140.9s to go
on time step 4963 (time=62.0375), 0.201676 s/step
Meep progress: 62.300000000000004/250.0 = 24.9% done in 1040.9s, 3136.0s to go
on time step 4984 (time=62.3), 0.200203 s/step
Meep progress: 62.5125/250.0 = 25.0% done in 1044.9s, 3133.8s to go
on time step 5001 (time=62.5125), 0.235349 s/step
Meep progress: 62.775000000000006/250.0 = 25.1% done in 1049.0s, 3128.6s to go
on time step 5022 (time=62.775), 0.19723 s/step
Meep progress: 63.025000000000006/250.0 = 25.2% done in 1053.3s, 3124.8s to go
on time step 5042 (time=63.025), 0.213778 s/step
Meep progress: 63.25/250.0 = 25.3% done in 1057.5s, 3122.2s to go
on time step 5060 (time=63.25), 0.231525 s/step
Meep progress: 63.5/250.0 = 25.4% done in 1061.6s, 3117.9s to go
on time step 5080 (time=63.5), 0.207226 s/step
Meep progress: 63.737500000000004/250.0 = 25.5% done in 1065.7s, 3114.3s to go
on time step 5099 (time=63.7375), 0.215597 s/step
Meep progress: 63.975/250.0 = 25.6% done in 1069.9s, 3111.0s to go
on time step 5118 (time=63.975), 0.219954 s/step
Meep progress: 64.22500000000001/250.0 = 25.7% done in 1074.0s, 3106.5s to go
on time step 5138 (time=64.225), 0.20428 s/step
Meep progress: 64.4625/250.0 = 25.8% done in 1078.0s, 3102.8s to go
on time step 5157 (time=64.4625), 0.213475 s/step
Meep progress: 64.72500000000001/250.0 = 25.9% done in 1082.2s, 3097.9s to go
on time step 5178 (time=64.725), 0.200539 s/step
Meep progress: 64.97500000000001/250.0 = 26.0% done in 1086.3s, 3093.4s to go
on time step 5198 (time=64.975), 0.204782 s/step
Meep progress: 65.2375/250.0 = 26.1% done in 1090.4s, 3088.1s to go
on time step 5219 (time=65.2375), 0.193106 s/step
Meep progress: 65.5/250.0 = 26.2% done in 1094.5s, 3083.0s to go
on time step 5240 (time=65.5), 0.195863 s/step
Meep progress: 65.78750000000001/250.0 = 26.3% done in 1098.5s, 3075.9s to go
on time step 5263 (time=65.7875), 0.173934 s/step
Meep progress: 66.03750000000001/250.0 = 26.4% done in 1102.6s, 3071.4s to go
on time step 5283 (time=66.0375), 0.20334 s/step
Meep progress: 66.3/250.0 = 26.5% done in 1106.7s, 3066.4s to go
on time step 5304 (time=66.3), 0.197429 s/step
Meep progress: 66.5625/250.0 = 26.6% done in 1110.7s, 3061.0s to go
on time step 5325 (time=66.5625), 0.191446 s/step
Meep progress: 66.8125/250.0 = 26.7% done in 1114.8s, 3056.6s to go
on time step 5345 (time=66.8125), 0.204923 s/step
Meep progress: 67.075/250.0 = 26.8% done in 1119.0s, 3051.6s to go
on time step 5366 (time=67.075), 0.197424 s/step
Meep progress: 67.3375/250.0 = 26.9% done in 1123.0s, 3046.3s to go
on time step 5387 (time=67.3375), 0.191699 s/step
Meep progress: 67.6125/250.0 = 27.0% done in 1127.2s, 3040.7s to go
on time step 5409 (time=67.6125), 0.190955 s/step
Meep progress: 67.8625/250.0 = 27.1% done in 1131.2s, 3036.1s to go
on time step 5429 (time=67.8625), 0.200514 s/step
Meep progress: 68.1125/250.0 = 27.2% done in 1135.2s, 3031.5s to go
on time step 5449 (time=68.1125), 0.200905 s/step
Meep progress: 68.375/250.0 = 27.4% done in 1139.3s, 3026.4s to go
on time step 5470 (time=68.375), 0.195821 s/step
Meep progress: 68.6375/250.0 = 27.5% done in 1143.3s, 3021.1s to go
on time step 5491 (time=68.6375), 0.190839 s/step
Meep progress: 68.9/250.0 = 27.6% done in 1147.4s, 3016.0s to go
on time step 5512 (time=68.9), 0.194808 s/step
Meep progress: 69.16250000000001/250.0 = 27.7% done in 1151.5s, 3010.8s to go
on time step 5533 (time=69.1625), 0.193178 s/step
Meep progress: 69.4375/250.0 = 27.8% done in 1155.7s, 3005.2s to go
on time step 5555 (time=69.4375), 0.190048 s/step
Meep progress: 69.7/250.0 = 27.9% done in 1159.8s, 3000.2s to go
on time step 5576 (time=69.7), 0.197565 s/step
Meep progress: 69.9625/250.0 = 28.0% done in 1163.9s, 2995.1s to go
on time step 5597 (time=69.9625), 0.194294 s/step
Meep progress: 70.2375/250.0 = 28.1% done in 1168.1s, 2989.5s to go
on time step 5619 (time=70.2375), 0.188685 s/step
Meep progress: 70.5/250.0 = 28.2% done in 1172.2s, 2984.6s to go
on time step 5640 (time=70.5), 0.197776 s/step
Meep progress: 70.7625/250.0 = 28.3% done in 1176.3s, 2979.6s to go
on time step 5661 (time=70.7625), 0.197204 s/step
Meep progress: 71.025/250.0 = 28.4% done in 1180.6s, 2974.9s to go
on time step 5682 (time=71.025), 0.200558 s/step
Meep progress: 71.28750000000001/250.0 = 28.5% done in 1184.7s, 2970.0s to go
on time step 5703 (time=71.2875), 0.198444 s/step
Meep progress: 71.55/250.0 = 28.6% done in 1188.9s, 2965.1s to go
on time step 5724 (time=71.55), 0.197585 s/step
Meep progress: 71.8125/250.0 = 28.7% done in 1193.0s, 2960.1s to go
on time step 5745 (time=71.8125), 0.195315 s/step
Meep progress: 72.0625/250.0 = 28.8% done in 1197.0s, 2955.6s to go
on time step 5765 (time=72.0625), 0.20089 s/step
Meep progress: 72.325/250.0 = 28.9% done in 1201.2s, 2950.8s to go
on time step 5786 (time=72.325), 0.199428 s/step
Meep progress: 72.5875/250.0 = 29.0% done in 1205.3s, 2945.9s to go
on time step 5807 (time=72.5875), 0.196969 s/step
Meep progress: 72.8625/250.0 = 29.1% done in 1209.5s, 2940.4s to go
on time step 5829 (time=72.8625), 0.188354 s/step
Meep progress: 73.1125/250.0 = 29.2% done in 1213.5s, 2935.9s to go
on time step 5849 (time=73.1125), 0.201719 s/step
Meep progress: 73.375/250.0 = 29.4% done in 1217.6s, 2930.8s to go
on time step 5870 (time=73.375), 0.193022 s/step
Meep progress: 73.6375/250.0 = 29.5% done in 1221.6s, 2925.8s to go
on time step 5891 (time=73.6375), 0.192989 s/step
Meep progress: 73.91250000000001/250.0 = 29.6% done in 1225.7s, 2920.2s to go
on time step 5913 (time=73.9125), 0.188238 s/step
Meep progress: 74.2/250.0 = 29.7% done in 1230.0s, 2914.1s to go
on time step 5936 (time=74.2), 0.183296 s/step
Meep progress: 74.45/250.0 = 29.8% done in 1234.1s, 2909.9s to go
on time step 5956 (time=74.45), 0.206039 s/step
Meep progress: 74.7/250.0 = 29.9% done in 1238.1s, 2905.5s to go
on time step 5976 (time=74.7), 0.201652 s/step
Meep progress: 74.95/250.0 = 30.0% done in 1242.2s, 2901.2s to go
on time step 5996 (time=74.95), 0.202625 s/step
Meep progress: 75.1875/250.0 = 30.1% done in 1246.3s, 2897.7s to go
on time step 6015 (time=75.1875), 0.218889 s/step
Meep progress: 75.425/250.0 = 30.2% done in 1250.5s, 2894.4s to go
on time step 6034 (time=75.425), 0.220351 s/step
Meep progress: 75.65/250.0 = 30.3% done in 1254.6s, 2891.6s to go
on time step 6052 (time=75.65), 0.229751 s/step
Meep progress: 75.8875/250.0 = 30.4% done in 1258.6s, 2887.8s to go
on time step 6071 (time=75.8875), 0.210543 s/step
Meep progress: 76.1375/250.0 = 30.5% done in 1262.8s, 2883.7s to go
on time step 6091 (time=76.1375), 0.208055 s/step
Meep progress: 76.3625/250.0 = 30.5% done in 1267.0s, 2880.9s to go
on time step 6109 (time=76.3625), 0.231841 s/step
Meep progress: 76.5875/250.0 = 30.6% done in 1271.1s, 2878.0s to go
on time step 6127 (time=76.5875), 0.226834 s/step
Meep progress: 76.8125/250.0 = 30.7% done in 1275.2s, 2875.3s to go
on time step 6145 (time=76.8125), 0.232343 s/step
Meep progress: 77.03750000000001/250.0 = 30.8% done in 1279.3s, 2872.3s to go
on time step 6163 (time=77.0375), 0.226885 s/step
Meep progress: 77.25/250.0 = 30.9% done in 1283.4s, 2869.9s to go
on time step 6180 (time=77.25), 0.237788 s/step
Meep progress: 77.48750000000001/250.0 = 31.0% done in 1287.5s, 2866.4s to go
on time step 6199 (time=77.4875), 0.218387 s/step
Meep progress: 77.7/250.0 = 31.1% done in 1291.8s, 2864.5s to go
on time step 6216 (time=77.7), 0.248625 s/step
Meep progress: 77.92500000000001/250.0 = 31.2% done in 1295.9s, 2861.7s to go
on time step 6234 (time=77.925), 0.232598 s/step
Meep progress: 78.15/250.0 = 31.3% done in 1300.0s, 2858.7s to go
on time step 6252 (time=78.15), 0.226349 s/step
Meep progress: 78.3875/250.0 = 31.4% done in 1304.1s, 2855.0s to go
on time step 6271 (time=78.3875), 0.214951 s/step
Meep progress: 78.625/250.0 = 31.4% done in 1308.3s, 2851.6s to go
on time step 6290 (time=78.625), 0.219882 s/step
Meep progress: 78.85000000000001/250.0 = 31.5% done in 1312.4s, 2848.7s to go
on time step 6308 (time=78.85), 0.231034 s/step
Meep progress: 79.0875/250.0 = 31.6% done in 1316.6s, 2845.2s to go
on time step 6327 (time=79.0875), 0.217477 s/step
Meep progress: 79.30000000000001/250.0 = 31.7% done in 1320.6s, 2842.6s to go
on time step 6344 (time=79.3), 0.235617 s/step
Meep progress: 79.5625/250.0 = 31.8% done in 1324.6s, 2837.6s to go
on time step 6365 (time=79.5625), 0.193889 s/step
Meep progress: 79.78750000000001/250.0 = 31.9% done in 1328.7s, 2834.5s to go
on time step 6383 (time=79.7875), 0.225486 s/step
Meep progress: 80.03750000000001/250.0 = 32.0% done in 1332.7s, 2830.1s to go
on time step 6403 (time=80.0375), 0.201115 s/step
Meep progress: 80.275/250.0 = 32.1% done in 1336.9s, 2826.5s to go
on time step 6422 (time=80.275), 0.217244 s/step
Meep progress: 80.525/250.0 = 32.2% done in 1341.1s, 2822.4s to go
on time step 6442 (time=80.525), 0.210709 s/step
Meep progress: 80.75/250.0 = 32.3% done in 1345.2s, 2819.5s to go
on time step 6460 (time=80.75), 0.230713 s/step
Meep progress: 80.97500000000001/250.0 = 32.4% done in 1349.3s, 2816.5s to go
on time step 6478 (time=80.975), 0.228221 s/step
Meep progress: 81.2125/250.0 = 32.5% done in 1353.5s, 2813.0s to go
on time step 6497 (time=81.2125), 0.218093 s/step
Meep progress: 81.4625/250.0 = 32.6% done in 1357.6s, 2808.7s to go
on time step 6517 (time=81.4625), 0.204677 s/step
Meep progress: 81.72500000000001/250.0 = 32.7% done in 1361.7s, 2803.8s to go
on time step 6538 (time=81.725), 0.197022 s/step
Meep progress: 81.98750000000001/250.0 = 32.8% done in 1365.9s, 2799.0s to go
on time step 6559 (time=81.9875), 0.199415 s/step
Meep progress: 82.2625/250.0 = 32.9% done in 1370.0s, 2793.5s to go
on time step 6581 (time=82.2625), 0.186599 s/step
Meep progress: 82.53750000000001/250.0 = 33.0% done in 1374.1s, 2788.0s to go
on time step 6603 (time=82.5375), 0.187649 s/step
Meep progress: 82.8125/250.0 = 33.1% done in 1378.3s, 2782.6s to go
on time step 6625 (time=82.8125), 0.189147 s/step
Meep progress: 83.10000000000001/250.0 = 33.2% done in 1382.4s, 2776.4s to go
on time step 6648 (time=83.1), 0.178237 s/step
Meep progress: 83.36250000000001/250.0 = 33.3% done in 1386.5s, 2771.6s to go
on time step 6669 (time=83.3625), 0.198197 s/step
Meep progress: 83.61250000000001/250.0 = 33.4% done in 1390.6s, 2767.2s to go
on time step 6689 (time=83.6125), 0.202088 s/step
Meep progress: 83.875/250.0 = 33.6% done in 1394.8s, 2762.6s to go
on time step 6710 (time=83.875), 0.200228 s/step
Meep progress: 84.1375/250.0 = 33.7% done in 1398.8s, 2757.5s to go
on time step 6731 (time=84.1375), 0.191981 s/step
Meep progress: 84.41250000000001/250.0 = 33.8% done in 1402.9s, 2752.0s to go
on time step 6753 (time=84.4125), 0.18451 s/step
Meep progress: 84.67500000000001/250.0 = 33.9% done in 1407.0s, 2747.1s to go
on time step 6774 (time=84.675), 0.194523 s/step
Meep progress: 84.95/250.0 = 34.0% done in 1411.2s, 2741.7s to go
on time step 6796 (time=84.95), 0.190457 s/step
Meep progress: 85.1875/250.0 = 34.1% done in 1415.2s, 2738.0s to go
on time step 6815 (time=85.1875), 0.214296 s/step
Meep progress: 85.42500000000001/250.0 = 34.2% done in 1419.3s, 2734.3s to go
on time step 6834 (time=85.425), 0.213309 s/step
Meep progress: 85.67500000000001/250.0 = 34.3% done in 1423.4s, 2730.1s to go
on time step 6854 (time=85.675), 0.205771 s/step
Meep progress: 85.91250000000001/250.0 = 34.4% done in 1427.6s, 2726.6s to go
on time step 6873 (time=85.9125), 0.219158 s/step
Meep progress: 86.1375/250.0 = 34.5% done in 1431.6s, 2723.4s to go
on time step 6891 (time=86.1375), 0.225945 s/step
Meep progress: 86.35000000000001/250.0 = 34.5% done in 1435.7s, 2720.9s to go
on time step 6908 (time=86.35), 0.239121 s/step
Meep progress: 86.5875/250.0 = 34.6% done in 1439.7s, 2717.2s to go
on time step 6927 (time=86.5875), 0.213216 s/step
Meep progress: 86.8125/250.0 = 34.7% done in 1443.8s, 2714.0s to go
on time step 6945 (time=86.8125), 0.223733 s/step
Meep progress: 87.075/250.0 = 34.8% done in 1448.0s, 2709.3s to go
on time step 6966 (time=87.075), 0.200579 s/step
Meep progress: 87.30000000000001/250.0 = 34.9% done in 1452.2s, 2706.4s to go
on time step 6984 (time=87.3), 0.232617 s/step
Meep progress: 87.5/250.0 = 35.0% done in 1456.2s, 2704.3s to go
on time step 7000 (time=87.5), 0.251023 s/step
Meep progress: 87.7625/250.0 = 35.1% done in 1460.4s, 2699.6s to go
on time step 7021 (time=87.7625), 0.198828 s/step
Meep progress: 87.9625/250.0 = 35.2% done in 1464.4s, 2697.6s to go
on time step 7037 (time=87.9625), 0.252852 s/step
Meep progress: 88.1875/250.0 = 35.3% done in 1468.4s, 2694.4s to go
on time step 7055 (time=88.1875), 0.22375 s/step
Meep progress: 88.4/250.0 = 35.4% done in 1472.4s, 2691.7s to go
on time step 7072 (time=88.4), 0.235984 s/step
Meep progress: 88.66250000000001/250.0 = 35.5% done in 1476.6s, 2687.0s to go
on time step 7093 (time=88.6625), 0.199824 s/step
Meep progress: 88.91250000000001/250.0 = 35.6% done in 1480.7s, 2682.6s to go
on time step 7113 (time=88.9125), 0.201847 s/step
Meep progress: 89.16250000000001/250.0 = 35.7% done in 1484.8s, 2678.3s to go
on time step 7133 (time=89.1625), 0.204553 s/step
Meep progress: 89.42500000000001/250.0 = 35.8% done in 1488.8s, 2673.3s to go
on time step 7154 (time=89.425), 0.191534 s/step
Meep progress: 89.7/250.0 = 35.9% done in 1492.9s, 2667.8s to go
on time step 7176 (time=89.7), 0.184892 s/step
Meep progress: 89.97500000000001/250.0 = 36.0% done in 1497.0s, 2662.5s to go
on time step 7198 (time=89.975), 0.188497 s/step
Meep progress: 90.25/250.0 = 36.1% done in 1501.1s, 2657.0s to go
on time step 7220 (time=90.25), 0.185222 s/step
Meep progress: 90.5/250.0 = 36.2% done in 1505.1s, 2652.7s to go
on time step 7240 (time=90.5), 0.202131 s/step
Meep progress: 90.75/250.0 = 36.3% done in 1509.2s, 2648.4s to go
on time step 7260 (time=90.75), 0.203268 s/step
Meep progress: 91.0125/250.0 = 36.4% done in 1513.4s, 2643.7s to go
on time step 7281 (time=91.0125), 0.200286 s/step
Meep progress: 91.2625/250.0 = 36.5% done in 1517.5s, 2639.4s to go
on time step 7301 (time=91.2625), 0.204255 s/step
Meep progress: 91.53750000000001/250.0 = 36.6% done in 1521.6s, 2634.1s to go
on time step 7323 (time=91.5375), 0.188215 s/step
Meep progress: 91.8125/250.0 = 36.7% done in 1525.8s, 2628.9s to go
on time step 7345 (time=91.8125), 0.190377 s/step
Meep progress: 92.075/250.0 = 36.8% done in 1530.0s, 2624.2s to go
on time step 7366 (time=92.075), 0.198419 s/step
Meep progress: 92.325/250.0 = 36.9% done in 1534.1s, 2619.9s to go
on time step 7386 (time=92.325), 0.205037 s/step
Meep progress: 92.575/250.0 = 37.0% done in 1538.2s, 2615.7s to go
on time step 7406 (time=92.575), 0.20618 s/step
Meep progress: 92.86250000000001/250.0 = 37.1% done in 1542.3s, 2609.9s to go
on time step 7429 (time=92.8625), 0.179221 s/step
Meep progress: 93.125/250.0 = 37.2% done in 1546.4s, 2605.0s to go
on time step 7450 (time=93.125), 0.192967 s/step
Meep progress: 93.3875/250.0 = 37.4% done in 1550.5s, 2600.2s to go
on time step 7471 (time=93.3875), 0.194477 s/step
Meep progress: 93.65/250.0 = 37.5% done in 1554.5s, 2595.3s to go
on time step 7492 (time=93.65), 0.194648 s/step
Meep progress: 93.91250000000001/250.0 = 37.6% done in 1558.7s, 2590.6s to go
on time step 7513 (time=93.9125), 0.195719 s/step
Meep progress: 94.1875/250.0 = 37.7% done in 1562.8s, 2585.2s to go
on time step 7535 (time=94.1875), 0.186374 s/step
Meep progress: 94.42500000000001/250.0 = 37.8% done in 1566.8s, 2581.5s to go
on time step 7554 (time=94.425), 0.212462 s/step
Meep progress: 94.67500000000001/250.0 = 37.9% done in 1570.8s, 2577.1s to go
on time step 7574 (time=94.675), 0.200858 s/step
Meep progress: 94.9375/250.0 = 38.0% done in 1574.9s, 2572.3s to go
on time step 7595 (time=94.9375), 0.195292 s/step
Meep progress: 95.22500000000001/250.0 = 38.1% done in 1579.0s, 2566.5s to go
on time step 7618 (time=95.225), 0.179123 s/step
Meep progress: 95.48750000000001/250.0 = 38.2% done in 1583.2s, 2561.9s to go
on time step 7639 (time=95.4875), 0.199044 s/step
Meep progress: 95.75/250.0 = 38.3% done in 1587.2s, 2557.0s to go
on time step 7660 (time=95.75), 0.191491 s/step
Meep progress: 96.025/250.0 = 38.4% done in 1591.4s, 2551.7s to go
on time step 7682 (time=96.025), 0.187353 s/step
Meep progress: 96.30000000000001/250.0 = 38.5% done in 1595.5s, 2546.6s to go
on time step 7704 (time=96.3), 0.189954 s/step
Meep progress: 96.575/250.0 = 38.6% done in 1599.7s, 2541.4s to go
on time step 7726 (time=96.575), 0.189665 s/step
Meep progress: 96.825/250.0 = 38.7% done in 1603.9s, 2537.3s to go
on time step 7746 (time=96.825), 0.207605 s/step
Meep progress: 97.10000000000001/250.0 = 38.8% done in 1608.0s, 2532.0s to go
on time step 7768 (time=97.1), 0.187339 s/step
Meep progress: 97.375/250.0 = 39.0% done in 1612.2s, 2526.9s to go
on time step 7790 (time=97.375), 0.189848 s/step
Meep progress: 97.6375/250.0 = 39.1% done in 1616.4s, 2522.3s to go
on time step 7811 (time=97.6375), 0.200208 s/step
Meep progress: 97.91250000000001/250.0 = 39.2% done in 1620.5s, 2517.1s to go
on time step 7833 (time=97.9125), 0.187196 s/step
Meep progress: 98.16250000000001/250.0 = 39.3% done in 1624.5s, 2512.8s to go
on time step 7853 (time=98.1625), 0.200963 s/step
Meep progress: 98.3875/250.0 = 39.4% done in 1628.7s, 2509.8s to go
on time step 7871 (time=98.3875), 0.233142 s/step
Meep progress: 98.625/250.0 = 39.4% done in 1632.9s, 2506.2s to go
on time step 7890 (time=98.625), 0.219405 s/step
Meep progress: 98.85000000000001/250.0 = 39.5% done in 1637.0s, 2503.2s to go
on time step 7908 (time=98.85), 0.231907 s/step
Meep progress: 99.075/250.0 = 39.6% done in 1641.3s, 2500.2s to go
on time step 7926 (time=99.075), 0.233851 s/step
Meep progress: 99.3375/250.0 = 39.7% done in 1645.4s, 2495.6s to go
on time step 7947 (time=99.3375), 0.19894 s/step
Meep progress: 99.575/250.0 = 39.8% done in 1649.4s, 2491.8s to go
on time step 7966 (time=99.575), 0.210915 s/step
Meep progress: 99.86250000000001/250.0 = 39.9% done in 1653.6s, 2486.1s to go
on time step 7989 (time=99.8625), 0.181323 s/step
Meep progress: 100.0875/250.0 = 40.0% done in 1657.8s, 2483.1s to go
on time step 8007 (time=100.088), 0.233464 s/step
Meep progress: 100.3375/250.0 = 40.1% done in 1661.9s, 2478.9s to go
on time step 8027 (time=100.338), 0.204362 s/step
Meep progress: 100.575/250.0 = 40.2% done in 1665.9s, 2475.1s to go
on time step 8046 (time=100.575), 0.211592 s/step
Meep progress: 100.85000000000001/250.0 = 40.3% done in 1670.1s, 2470.0s to go
on time step 8068 (time=100.85), 0.191828 s/step
Meep progress: 101.0875/250.0 = 40.4% done in 1674.4s, 2466.5s to go
on time step 8087 (time=101.088), 0.222792 s/step
Meep progress: 101.3375/250.0 = 40.5% done in 1678.4s, 2462.2s to go
on time step 8107 (time=101.338), 0.202317 s/step
Meep progress: 101.5875/250.0 = 40.6% done in 1682.5s, 2458.0s to go
on time step 8127 (time=101.588), 0.204251 s/step
Meep progress: 101.8125/250.0 = 40.7% done in 1686.5s, 2454.7s to go
on time step 8145 (time=101.812), 0.222857 s/step
Meep progress: 102.0625/250.0 = 40.8% done in 1690.7s, 2450.6s to go
on time step 8165 (time=102.062), 0.209387 s/step
Meep progress: 102.3125/250.0 = 40.9% done in 1694.9s, 2446.5s to go
on time step 8185 (time=102.312), 0.207902 s/step
Meep progress: 102.5625/250.0 = 41.0% done in 1699.0s, 2442.4s to go
on time step 8205 (time=102.562), 0.208061 s/step
Meep progress: 102.8125/250.0 = 41.1% done in 1703.1s, 2438.2s to go
on time step 8225 (time=102.812), 0.205265 s/step
Meep progress: 103.05000000000001/250.0 = 41.2% done in 1707.2s, 2434.5s to go
on time step 8244 (time=103.05), 0.216516 s/step
Meep progress: 103.30000000000001/250.0 = 41.3% done in 1711.4s, 2430.5s to go
on time step 8264 (time=103.3), 0.209848 s/step
Meep progress: 103.53750000000001/250.0 = 41.4% done in 1715.6s, 2426.8s to go
on time step 8283 (time=103.538), 0.218201 s/step
Meep progress: 103.80000000000001/250.0 = 41.5% done in 1719.7s, 2422.2s to go
on time step 8304 (time=103.8), 0.197311 s/step
Meep progress: 104.0625/250.0 = 41.6% done in 1723.9s, 2417.5s to go
on time step 8325 (time=104.062), 0.196815 s/step
Meep progress: 104.325/250.0 = 41.7% done in 1727.9s, 2412.7s to go
on time step 8346 (time=104.325), 0.191785 s/step
Meep progress: 104.5875/250.0 = 41.8% done in 1732.0s, 2408.0s to go
on time step 8367 (time=104.588), 0.194666 s/step
Meep progress: 104.85000000000001/250.0 = 41.9% done in 1736.0s, 2403.3s to go
on time step 8388 (time=104.85), 0.191953 s/step
Meep progress: 105.10000000000001/250.0 = 42.0% done in 1740.0s, 2399.0s to go
on time step 8408 (time=105.1), 0.201707 s/step
Meep progress: 105.35000000000001/250.0 = 42.1% done in 1744.1s, 2394.8s to go
on time step 8428 (time=105.35), 0.204404 s/step
Meep progress: 105.60000000000001/250.0 = 42.2% done in 1748.2s, 2390.5s to go
on time step 8448 (time=105.6), 0.201198 s/step
Meep progress: 105.86250000000001/250.0 = 42.3% done in 1752.3s, 2385.8s to go
on time step 8469 (time=105.863), 0.196759 s/step
Meep progress: 106.1375/250.0 = 42.5% done in 1756.5s, 2380.8s to go
on time step 8491 (time=106.138), 0.18942 s/step
Meep progress: 106.4/250.0 = 42.6% done in 1760.5s, 2376.0s to go
on time step 8512 (time=106.4), 0.19129 s/step
Meep progress: 106.6875/250.0 = 42.7% done in 1764.6s, 2370.4s to go
on time step 8535 (time=106.688), 0.179033 s/step
Meep progress: 106.95/250.0 = 42.8% done in 1768.7s, 2365.7s to go
on time step 8556 (time=106.95), 0.196702 s/step
Meep progress: 107.2125/250.0 = 42.9% done in 1772.7s, 2360.9s to go
on time step 8577 (time=107.213), 0.190525 s/step
Meep progress: 107.47500000000001/250.0 = 43.0% done in 1776.8s, 2356.2s to go
on time step 8598 (time=107.475), 0.193437 s/step
Meep progress: 107.72500000000001/250.0 = 43.1% done in 1780.9s, 2352.1s to go
on time step 8618 (time=107.725), 0.20581 s/step
Meep progress: 107.97500000000001/250.0 = 43.2% done in 1785.0s, 2347.8s to go
on time step 8638 (time=107.975), 0.202781 s/step
Meep progress: 108.23750000000001/250.0 = 43.3% done in 1789.0s, 2343.1s to go
on time step 8659 (time=108.238), 0.191744 s/step
Meep progress: 108.48750000000001/250.0 = 43.4% done in 1793.0s, 2338.8s to go
on time step 8679 (time=108.488), 0.200193 s/step
Meep progress: 108.75/250.0 = 43.5% done in 1797.1s, 2334.2s to go
on time step 8700 (time=108.75), 0.198392 s/step
Meep progress: 109.025/250.0 = 43.6% done in 1801.3s, 2329.2s to go
on time step 8722 (time=109.025), 0.188976 s/step
Meep progress: 109.28750000000001/250.0 = 43.7% done in 1805.4s, 2324.6s to go
on time step 8743 (time=109.288), 0.196484 s/step
Meep progress: 109.55000000000001/250.0 = 43.8% done in 1809.6s, 2320.0s to go
on time step 8764 (time=109.55), 0.198782 s/step
Meep progress: 109.825/250.0 = 43.9% done in 1813.7s, 2314.9s to go
on time step 8786 (time=109.825), 0.186304 s/step
Meep progress: 110.075/250.0 = 44.0% done in 1817.7s, 2310.7s to go
on time step 8806 (time=110.075), 0.201761 s/step
Meep progress: 110.35000000000001/250.0 = 44.1% done in 1821.9s, 2305.6s to go
on time step 8828 (time=110.35), 0.187633 s/step
Meep progress: 110.61250000000001/250.0 = 44.2% done in 1825.9s, 2300.9s to go
on time step 8849 (time=110.613), 0.191771 s/step
Meep progress: 110.8875/250.0 = 44.4% done in 1830.0s, 2295.9s to go
on time step 8871 (time=110.888), 0.188556 s/step
Meep progress: 111.1375/250.0 = 44.5% done in 1834.1s, 2291.7s to go
on time step 8891 (time=111.138), 0.203056 s/step
Meep progress: 111.3875/250.0 = 44.6% done in 1838.2s, 2287.4s to go
on time step 8911 (time=111.388), 0.202776 s/step
Meep progress: 111.65/250.0 = 44.7% done in 1842.3s, 2282.9s to go
on time step 8932 (time=111.65), 0.198548 s/step
Meep progress: 111.91250000000001/250.0 = 44.8% done in 1846.5s, 2278.4s to go
on time step 8953 (time=111.913), 0.200441 s/step
Meep progress: 112.17500000000001/250.0 = 44.9% done in 1850.6s, 2273.8s to go
on time step 8974 (time=112.175), 0.1946 s/step
Meep progress: 112.4375/250.0 = 45.0% done in 1854.7s, 2269.1s to go
on time step 8995 (time=112.438), 0.191848 s/step
Meep progress: 112.7125/250.0 = 45.1% done in 1858.7s, 2264.0s to go
on time step 9017 (time=112.713), 0.184593 s/step
Meep progress: 112.98750000000001/250.0 = 45.2% done in 1862.9s, 2259.0s to go
on time step 9039 (time=112.988), 0.19003 s/step
Meep progress: 113.2625/250.0 = 45.3% done in 1867.0s, 2254.0s to go
on time step 9061 (time=113.263), 0.188637 s/step
Meep progress: 113.525/250.0 = 45.4% done in 1871.1s, 2249.4s to go
on time step 9082 (time=113.525), 0.194269 s/step
Meep progress: 113.775/250.0 = 45.5% done in 1875.2s, 2245.3s to go
on time step 9102 (time=113.775), 0.205454 s/step
Meep progress: 114.025/250.0 = 45.6% done in 1879.2s, 2241.0s to go
on time step 9122 (time=114.025), 0.200213 s/step
Meep progress: 114.28750000000001/250.0 = 45.7% done in 1883.3s, 2236.4s to go
on time step 9143 (time=114.288), 0.195121 s/step
Meep progress: 114.55000000000001/250.0 = 45.8% done in 1887.4s, 2231.7s to go
on time step 9164 (time=114.55), 0.191369 s/step
Meep progress: 114.8375/250.0 = 45.9% done in 1891.5s, 2226.3s to go
on time step 9187 (time=114.838), 0.181728 s/step
Meep progress: 115.125/250.0 = 46.0% done in 1895.7s, 2220.9s to go
on time step 9210 (time=115.125), 0.180209 s/step
Meep progress: 115.3875/250.0 = 46.2% done in 1899.7s, 2216.2s to go
on time step 9231 (time=115.388), 0.192122 s/step
Meep progress: 115.6375/250.0 = 46.3% done in 1903.8s, 2212.0s to go
on time step 9251 (time=115.638), 0.201778 s/step
Meep progress: 115.9/250.0 = 46.4% done in 1907.9s, 2207.5s to go
on time step 9272 (time=115.9), 0.196203 s/step
Meep progress: 116.17500000000001/250.0 = 46.5% done in 1912.0s, 2202.5s to go
on time step 9294 (time=116.175), 0.189209 s/step
Meep progress: 116.45/250.0 = 46.6% done in 1916.1s, 2197.4s to go
on time step 9316 (time=116.45), 0.183149 s/step
Meep progress: 116.7125/250.0 = 46.7% done in 1920.1s, 2192.8s to go
on time step 9337 (time=116.713), 0.192068 s/step
Meep progress: 116.97500000000001/250.0 = 46.8% done in 1924.2s, 2188.2s to go
on time step 9358 (time=116.975), 0.196096 s/step
Meep progress: 117.23750000000001/250.0 = 46.9% done in 1928.3s, 2183.6s to go
on time step 9379 (time=117.238), 0.194199 s/step
Meep progress: 117.5/250.0 = 47.0% done in 1932.5s, 2179.2s to go
on time step 9400 (time=117.5), 0.198936 s/step
Meep progress: 117.7625/250.0 = 47.1% done in 1936.5s, 2174.6s to go
on time step 9421 (time=117.763), 0.193856 s/step
Meep progress: 118.025/250.0 = 47.2% done in 1940.6s, 2169.9s to go
on time step 9442 (time=118.025), 0.191662 s/step
Meep progress: 118.28750000000001/250.0 = 47.3% done in 1944.6s, 2165.3s to go
on time step 9463 (time=118.288), 0.193318 s/step
Meep progress: 118.5625/250.0 = 47.4% done in 1948.7s, 2160.3s to go
on time step 9485 (time=118.562), 0.185621 s/step
Meep progress: 118.8375/250.0 = 47.5% done in 1952.9s, 2155.4s to go
on time step 9507 (time=118.838), 0.188275 s/step
Meep progress: 119.10000000000001/250.0 = 47.6% done in 1956.9s, 2150.7s to go
on time step 9528 (time=119.1), 0.190743 s/step
Meep progress: 119.375/250.0 = 47.8% done in 1961.1s, 2145.9s to go
on time step 9550 (time=119.375), 0.191468 s/step
Meep progress: 119.625/250.0 = 47.8% done in 1965.2s, 2141.8s to go
on time step 9570 (time=119.625), 0.205133 s/step
Meep progress: 119.8875/250.0 = 48.0% done in 1969.2s, 2137.1s to go
on time step 9591 (time=119.888), 0.191306 s/step
Meep progress: 120.15/250.0 = 48.1% done in 1973.4s, 2132.7s to go
on time step 9612 (time=120.15), 0.201118 s/step
Meep progress: 120.41250000000001/250.0 = 48.2% done in 1977.7s, 2128.4s to go
on time step 9633 (time=120.413), 0.202499 s/step
Meep progress: 120.65/250.0 = 48.3% done in 1981.7s, 2124.6s to go
on time step 9652 (time=120.65), 0.21086 s/step
Meep progress: 120.91250000000001/250.0 = 48.4% done in 1985.8s, 2120.0s to go
on time step 9673 (time=120.913), 0.195909 s/step
Meep progress: 121.16250000000001/250.0 = 48.5% done in 1989.8s, 2115.9s to go
on time step 9693 (time=121.163), 0.201062 s/step
Meep progress: 121.42500000000001/250.0 = 48.6% done in 1993.9s, 2111.3s to go
on time step 9714 (time=121.425), 0.195672 s/step
Meep progress: 121.66250000000001/250.0 = 48.7% done in 1998.1s, 2107.7s to go
on time step 9733 (time=121.663), 0.219843 s/step
Meep progress: 121.8875/250.0 = 48.8% done in 2002.2s, 2104.5s to go
on time step 9751 (time=121.888), 0.229755 s/step
Meep progress: 122.11250000000001/250.0 = 48.8% done in 2006.3s, 2101.2s to go
on time step 9769 (time=122.113), 0.226559 s/step
Meep progress: 122.3375/250.0 = 48.9% done in 2010.3s, 2097.8s to go
on time step 9787 (time=122.338), 0.223448 s/step
Meep progress: 122.5625/250.0 = 49.0% done in 2014.3s, 2094.5s to go
on time step 9805 (time=122.562), 0.223323 s/step
Meep progress: 122.78750000000001/250.0 = 49.1% done in 2018.4s, 2091.1s to go
on time step 9823 (time=122.788), 0.222452 s/step
Meep progress: 123.03750000000001/250.0 = 49.2% done in 2022.5s, 2087.0s to go
on time step 9843 (time=123.038), 0.205956 s/step
Meep progress: 123.2625/250.0 = 49.3% done in 2026.5s, 2083.6s to go
on time step 9861 (time=123.263), 0.224092 s/step
Meep progress: 123.5125/250.0 = 49.4% done in 2030.6s, 2079.5s to go
on time step 9881 (time=123.513), 0.206117 s/step
Meep progress: 123.75/250.0 = 49.5% done in 2034.9s, 2076.0s to go
on time step 9900 (time=123.75), 0.223725 s/step
Meep progress: 123.9625/250.0 = 49.6% done in 2038.9s, 2073.1s to go
on time step 9917 (time=123.963), 0.238178 s/step
Meep progress: 124.2125/250.0 = 49.7% done in 2043.1s, 2069.0s to go
on time step 9937 (time=124.213), 0.210663 s/step
Meep progress: 124.45/250.0 = 49.8% done in 2047.2s, 2065.3s to go
on time step 9956 (time=124.45), 0.212444 s/step
Meep progress: 124.66250000000001/250.0 = 49.9% done in 2051.3s, 2062.4s to go
on time step 9973 (time=124.663), 0.242223 s/step
Meep progress: 124.875/250.0 = 50.0% done in 2055.3s, 2059.4s to go
on time step 9990 (time=124.875), 0.237408 s/step
Meep progress: 125.11250000000001/250.0 = 50.0% done in 2059.5s, 2055.8s to go
on time step 10009 (time=125.113), 0.219178 s/step
Meep progress: 125.325/250.0 = 50.1% done in 2063.7s, 2053.0s to go
on time step 10026 (time=125.325), 0.25011 s/step
Meep progress: 125.575/250.0 = 50.2% done in 2068.0s, 2049.0s to go
on time step 10046 (time=125.575), 0.210173 s/step
Meep progress: 125.8125/250.0 = 50.3% done in 2072.1s, 2045.3s to go
on time step 10065 (time=125.812), 0.217038 s/step
Meep progress: 126.0625/250.0 = 50.4% done in 2076.3s, 2041.3s to go
on time step 10085 (time=126.062), 0.209447 s/step
Meep progress: 126.28750000000001/250.0 = 50.5% done in 2080.4s, 2038.0s to go
on time step 10103 (time=126.288), 0.229839 s/step
Meep progress: 126.525/250.0 = 50.6% done in 2084.5s, 2034.3s to go
on time step 10122 (time=126.525), 0.218203 s/step
Meep progress: 126.75/250.0 = 50.7% done in 2088.7s, 2031.0s to go
on time step 10140 (time=126.75), 0.231269 s/step
Meep progress: 126.98750000000001/250.0 = 50.8% done in 2092.7s, 2027.2s to go
on time step 10159 (time=126.988), 0.210984 s/step
Meep progress: 127.2125/250.0 = 50.9% done in 2096.8s, 2023.9s to go
on time step 10177 (time=127.213), 0.226606 s/step
Meep progress: 127.45/250.0 = 51.0% done in 2100.8s, 2020.1s to go
on time step 10196 (time=127.45), 0.212513 s/step
Meep progress: 127.67500000000001/250.0 = 51.1% done in 2105.1s, 2016.9s to go
on time step 10214 (time=127.675), 0.237655 s/step
Meep progress: 127.8875/250.0 = 51.2% done in 2109.2s, 2014.0s to go
on time step 10231 (time=127.888), 0.242349 s/step
Meep progress: 128.125/250.0 = 51.2% done in 2113.2s, 2010.2s to go
on time step 10250 (time=128.125), 0.211183 s/step
Meep progress: 128.3625/250.0 = 51.3% done in 2117.4s, 2006.5s to go
on time step 10269 (time=128.363), 0.217959 s/step
Meep progress: 128.625/250.0 = 51.4% done in 2121.5s, 2001.9s to go
on time step 10290 (time=128.625), 0.195854 s/step
Meep progress: 128.875/250.0 = 51.6% done in 2125.7s, 1997.8s to go
on time step 10310 (time=128.875), 0.207576 s/step
Meep progress: 129.1/250.0 = 51.6% done in 2129.7s, 1994.5s to go
on time step 10328 (time=129.1), 0.226764 s/step
Meep progress: 129.3375/250.0 = 51.7% done in 2133.8s, 1990.7s to go
on time step 10347 (time=129.338), 0.216482 s/step
Meep progress: 129.5625/250.0 = 51.8% done in 2137.9s, 1987.3s to go
on time step 10365 (time=129.562), 0.224231 s/step
Meep progress: 129.8/250.0 = 51.9% done in 2142.1s, 1983.6s to go
on time step 10384 (time=129.8), 0.219513 s/step
Meep progress: 130.025/250.0 = 52.0% done in 2146.1s, 1980.2s to go
on time step 10402 (time=130.025), 0.224958 s/step
Meep progress: 130.25/250.0 = 52.1% done in 2150.2s, 1976.9s to go
on time step 10420 (time=130.25), 0.228258 s/step
Meep progress: 130.4875/250.0 = 52.2% done in 2154.3s, 1973.1s to go
on time step 10439 (time=130.488), 0.217478 s/step
Meep progress: 130.7375/250.0 = 52.3% done in 2158.4s, 1968.9s to go
on time step 10459 (time=130.738), 0.201459 s/step
Meep progress: 131.0/250.0 = 52.4% done in 2162.4s, 1964.3s to go
on time step 10480 (time=131), 0.191498 s/step
Meep progress: 131.2125/250.0 = 52.5% done in 2166.5s, 1961.4s to go
on time step 10497 (time=131.213), 0.242275 s/step
Meep progress: 131.45000000000002/250.0 = 52.6% done in 2170.6s, 1957.6s to go
on time step 10516 (time=131.45), 0.213067 s/step
Meep progress: 131.6875/250.0 = 52.7% done in 2174.6s, 1953.8s to go
on time step 10535 (time=131.688), 0.213681 s/step
Meep progress: 131.9375/250.0 = 52.8% done in 2178.8s, 1949.7s to go
on time step 10555 (time=131.938), 0.207826 s/step
Meep progress: 132.1875/250.0 = 52.9% done in 2182.9s, 1945.5s to go
on time step 10575 (time=132.188), 0.20738 s/step
Meep progress: 132.4125/250.0 = 53.0% done in 2186.9s, 1942.1s to go
on time step 10593 (time=132.412), 0.222426 s/step
Meep progress: 132.63750000000002/250.0 = 53.1% done in 2191.0s, 1938.7s to go
on time step 10611 (time=132.638), 0.227463 s/step
Meep progress: 132.875/250.0 = 53.2% done in 2195.1s, 1934.9s to go
on time step 10630 (time=132.875), 0.214809 s/step
Meep progress: 133.13750000000002/250.0 = 53.3% done in 2199.2s, 1930.4s to go
on time step 10651 (time=133.138), 0.195295 s/step
Meep progress: 133.4125/250.0 = 53.4% done in 2203.4s, 1925.5s to go
on time step 10673 (time=133.412), 0.190535 s/step
Meep progress: 133.675/250.0 = 53.5% done in 2207.5s, 1921.0s to go
on time step 10694 (time=133.675), 0.194577 s/step
Meep progress: 133.9375/250.0 = 53.6% done in 2211.5s, 1916.4s to go
on time step 10715 (time=133.938), 0.192128 s/step
Meep progress: 134.2125/250.0 = 53.7% done in 2215.6s, 1911.4s to go
on time step 10737 (time=134.213), 0.183723 s/step
Meep progress: 134.475/250.0 = 53.8% done in 2219.7s, 1906.9s to go
on time step 10758 (time=134.475), 0.195777 s/step
Meep progress: 134.75/250.0 = 53.9% done in 2223.8s, 1902.0s to go
on time step 10780 (time=134.75), 0.188723 s/step
Meep progress: 135.025/250.0 = 54.0% done in 2227.9s, 1897.1s to go
on time step 10802 (time=135.025), 0.184895 s/step
Meep progress: 135.2875/250.0 = 54.1% done in 2232.0s, 1892.6s to go
on time step 10823 (time=135.287), 0.197804 s/step
Meep progress: 135.5625/250.0 = 54.2% done in 2236.2s, 1887.7s to go
on time step 10845 (time=135.562), 0.189221 s/step
Meep progress: 135.8125/250.0 = 54.3% done in 2240.3s, 1883.6s to go
on time step 10865 (time=135.812), 0.203029 s/step
Meep progress: 136.07500000000002/250.0 = 54.4% done in 2244.3s, 1879.0s to go
on time step 10886 (time=136.075), 0.194226 s/step
Meep progress: 136.3375/250.0 = 54.5% done in 2248.4s, 1874.5s to go
on time step 10907 (time=136.338), 0.193076 s/step
Meep progress: 136.5875/250.0 = 54.6% done in 2252.4s, 1870.3s to go
on time step 10927 (time=136.588), 0.201304 s/step
Meep progress: 136.85/250.0 = 54.7% done in 2256.6s, 1865.8s to go
on time step 10948 (time=136.85), 0.198136 s/step
Meep progress: 137.1125/250.0 = 54.8% done in 2260.7s, 1861.3s to go
on time step 10969 (time=137.113), 0.194715 s/step
Meep progress: 137.4/250.0 = 55.0% done in 2264.8s, 1856.0s to go
on time step 10992 (time=137.4), 0.181004 s/step
Meep progress: 137.675/250.0 = 55.1% done in 2269.0s, 1851.2s to go
on time step 11014 (time=137.675), 0.190592 s/step
Meep progress: 137.95000000000002/250.0 = 55.2% done in 2273.1s, 1846.4s to go
on time step 11036 (time=137.95), 0.186416 s/step
Meep progress: 138.2125/250.0 = 55.3% done in 2277.2s, 1841.8s to go
on time step 11057 (time=138.213), 0.191359 s/step
Meep progress: 138.475/250.0 = 55.4% done in 2281.3s, 1837.3s to go
on time step 11078 (time=138.475), 0.197477 s/step
Meep progress: 138.7375/250.0 = 55.5% done in 2285.5s, 1832.9s to go
on time step 11099 (time=138.738), 0.199543 s/step
Meep progress: 139.0/250.0 = 55.6% done in 2289.7s, 1828.5s to go
on time step 11120 (time=139), 0.199588 s/step
Meep progress: 139.275/250.0 = 55.7% done in 2293.7s, 1823.6s to go
on time step 11142 (time=139.275), 0.184781 s/step
Meep progress: 139.51250000000002/250.0 = 55.8% done in 2297.9s, 1819.8s to go
on time step 11161 (time=139.513), 0.216001 s/step
Meep progress: 139.725/250.0 = 55.9% done in 2301.9s, 1816.7s to go
on time step 11178 (time=139.725), 0.235987 s/step
Meep progress: 139.9375/250.0 = 56.0% done in 2305.9s, 1813.6s to go
on time step 11195 (time=139.938), 0.23967 s/step
Meep progress: 140.1875/250.0 = 56.1% done in 2310.0s, 1809.4s to go
on time step 11215 (time=140.188), 0.200776 s/step
Meep progress: 140.4375/250.0 = 56.2% done in 2314.1s, 1805.3s to go
on time step 11235 (time=140.438), 0.206703 s/step
Meep progress: 140.6875/250.0 = 56.3% done in 2318.1s, 1801.1s to go
on time step 11255 (time=140.688), 0.200652 s/step
Meep progress: 140.925/250.0 = 56.4% done in 2322.1s, 1797.3s to go
on time step 11274 (time=140.925), 0.210934 s/step
Meep progress: 141.1625/250.0 = 56.5% done in 2326.3s, 1793.6s to go
on time step 11293 (time=141.162), 0.220047 s/step
Meep progress: 141.4/250.0 = 56.6% done in 2330.5s, 1789.9s to go
on time step 11312 (time=141.4), 0.219748 s/step
Meep progress: 141.625/250.0 = 56.6% done in 2334.5s, 1786.4s to go
on time step 11330 (time=141.625), 0.222674 s/step
Meep progress: 141.85/250.0 = 56.7% done in 2338.5s, 1782.9s to go
on time step 11348 (time=141.85), 0.224322 s/step
Meep progress: 142.1/250.0 = 56.8% done in 2342.8s, 1778.9s to go
on time step 11368 (time=142.1), 0.214396 s/step
Meep progress: 142.35/250.0 = 56.9% done in 2346.8s, 1774.7s to go
on time step 11388 (time=142.35), 0.200766 s/step
Meep progress: 142.6/250.0 = 57.0% done in 2350.9s, 1770.6s to go
on time step 11408 (time=142.6), 0.205479 s/step
Meep progress: 142.85/250.0 = 57.1% done in 2355.1s, 1766.5s to go
on time step 11428 (time=142.85), 0.208854 s/step
Meep progress: 143.1125/250.0 = 57.2% done in 2359.1s, 1762.0s to go
on time step 11449 (time=143.113), 0.190775 s/step
Meep progress: 143.3625/250.0 = 57.3% done in 2363.2s, 1757.8s to go
on time step 11469 (time=143.363), 0.205985 s/step
Meep progress: 143.6125/250.0 = 57.4% done in 2367.2s, 1753.6s to go
on time step 11489 (time=143.613), 0.200909 s/step
Meep progress: 143.875/250.0 = 57.6% done in 2371.4s, 1749.2s to go
on time step 11510 (time=143.875), 0.197685 s/step
Meep progress: 144.13750000000002/250.0 = 57.7% done in 2375.6s, 1744.8s to go
on time step 11531 (time=144.138), 0.199296 s/step
Meep progress: 144.38750000000002/250.0 = 57.8% done in 2379.7s, 1740.6s to go
on time step 11551 (time=144.388), 0.204871 s/step
Meep progress: 144.65/250.0 = 57.9% done in 2383.8s, 1736.2s to go
on time step 11572 (time=144.65), 0.197315 s/step
Meep progress: 144.9375/250.0 = 58.0% done in 2387.9s, 1731.0s to go
on time step 11595 (time=144.938), 0.178071 s/step
Meep progress: 145.20000000000002/250.0 = 58.1% done in 2392.1s, 1726.5s to go
on time step 11616 (time=145.2), 0.197957 s/step
Meep progress: 145.45000000000002/250.0 = 58.2% done in 2396.1s, 1722.3s to go
on time step 11636 (time=145.45), 0.200799 s/step
Meep progress: 145.70000000000002/250.0 = 58.3% done in 2400.1s, 1718.1s to go
on time step 11656 (time=145.7), 0.202182 s/step
Meep progress: 145.975/250.0 = 58.4% done in 2404.2s, 1713.3s to go
on time step 11678 (time=145.975), 0.18456 s/step
Meep progress: 146.25/250.0 = 58.5% done in 2408.3s, 1708.4s to go
on time step 11700 (time=146.25), 0.186282 s/step
Meep progress: 146.525/250.0 = 58.6% done in 2412.3s, 1703.6s to go
on time step 11722 (time=146.525), 0.182757 s/step
Meep progress: 146.7875/250.0 = 58.7% done in 2416.5s, 1699.1s to go
on time step 11743 (time=146.787), 0.198457 s/step
Meep progress: 147.05/250.0 = 58.8% done in 2420.6s, 1694.7s to go
on time step 11764 (time=147.05), 0.197717 s/step
Meep progress: 147.32500000000002/250.0 = 58.9% done in 2424.8s, 1689.9s to go
on time step 11786 (time=147.325), 0.189608 s/step
Meep progress: 147.6/250.0 = 59.0% done in 2428.9s, 1685.1s to go
on time step 11808 (time=147.6), 0.18548 s/step
Meep progress: 147.875/250.0 = 59.2% done in 2433.1s, 1680.3s to go
on time step 11830 (time=147.875), 0.189456 s/step
Meep progress: 148.125/250.0 = 59.2% done in 2437.1s, 1676.2s to go
on time step 11850 (time=148.125), 0.2032 s/step
Meep progress: 148.4/250.0 = 59.4% done in 2441.3s, 1671.4s to go
on time step 11872 (time=148.4), 0.191718 s/step
Meep progress: 148.625/250.0 = 59.4% done in 2445.4s, 1668.0s to go
on time step 11890 (time=148.625), 0.227958 s/step
Meep progress: 148.88750000000002/250.0 = 59.6% done in 2449.6s, 1663.6s to go
on time step 11911 (time=148.888), 0.199096 s/step
Meep progress: 149.1625/250.0 = 59.7% done in 2453.8s, 1658.8s to go
on time step 11933 (time=149.162), 0.188169 s/step
Meep progress: 149.4375/250.0 = 59.8% done in 2457.9s, 1654.0s to go
on time step 11955 (time=149.438), 0.188068 s/step
Meep progress: 149.70000000000002/250.0 = 59.9% done in 2462.0s, 1649.6s to go
on time step 11976 (time=149.7), 0.196638 s/step
Meep progress: 149.9375/250.0 = 60.0% done in 2466.2s, 1645.8s to go
on time step 11995 (time=149.938), 0.218117 s/step
Meep progress: 150.1875/250.0 = 60.1% done in 2470.2s, 1641.7s to go
on time step 12015 (time=150.188), 0.203031 s/step
Meep progress: 150.4125/250.0 = 60.2% done in 2474.4s, 1638.3s to go
on time step 12033 (time=150.412), 0.233117 s/step
Meep progress: 150.65/250.0 = 60.3% done in 2478.5s, 1634.5s to go
on time step 12052 (time=150.65), 0.214934 s/step
Meep progress: 150.9125/250.0 = 60.4% done in 2482.7s, 1630.1s to go
on time step 12073 (time=150.912), 0.197957 s/step
Meep progress: 151.1625/250.0 = 60.5% done in 2486.8s, 1626.0s to go
on time step 12093 (time=151.162), 0.204518 s/step
Meep progress: 151.425/250.0 = 60.6% done in 2490.8s, 1621.5s to go
on time step 12114 (time=151.425), 0.193497 s/step
Meep progress: 151.675/250.0 = 60.7% done in 2494.9s, 1617.3s to go
on time step 12134 (time=151.675), 0.203465 s/step
Meep progress: 151.9375/250.0 = 60.8% done in 2498.9s, 1612.8s to go
on time step 12155 (time=151.938), 0.19249 s/step
Meep progress: 152.1875/250.0 = 60.9% done in 2503.0s, 1608.7s to go
on time step 12175 (time=152.188), 0.201879 s/step
Meep progress: 152.4375/250.0 = 61.0% done in 2507.0s, 1604.5s to go
on time step 12195 (time=152.438), 0.202111 s/step
Meep progress: 152.70000000000002/250.0 = 61.1% done in 2511.1s, 1600.1s to go
on time step 12216 (time=152.7), 0.195658 s/step
Meep progress: 152.9625/250.0 = 61.2% done in 2515.2s, 1595.6s to go
on time step 12237 (time=152.963), 0.196411 s/step
Meep progress: 153.20000000000002/250.0 = 61.3% done in 2519.3s, 1591.8s to go
on time step 12256 (time=153.2), 0.211773 s/step
Meep progress: 153.45000000000002/250.0 = 61.4% done in 2523.3s, 1587.6s to go
on time step 12276 (time=153.45), 0.200184 s/step
Meep progress: 153.7125/250.0 = 61.5% done in 2527.4s, 1583.2s to go
on time step 12297 (time=153.713), 0.19624 s/step
Meep progress: 153.9625/250.0 = 61.6% done in 2531.6s, 1579.2s to go
on time step 12317 (time=153.963), 0.210857 s/step
Meep progress: 154.2125/250.0 = 61.7% done in 2535.6s, 1575.0s to go
on time step 12337 (time=154.213), 0.200981 s/step
Meep progress: 154.47500000000002/250.0 = 61.8% done in 2539.8s, 1570.6s to go
on time step 12358 (time=154.475), 0.198845 s/step
Meep progress: 154.72500000000002/250.0 = 61.9% done in 2544.0s, 1566.5s to go
on time step 12378 (time=154.725), 0.207307 s/step
Meep progress: 154.97500000000002/250.0 = 62.0% done in 2548.0s, 1562.4s to go
on time step 12398 (time=154.975), 0.204194 s/step
Meep progress: 155.2375/250.0 = 62.1% done in 2552.2s, 1558.0s to go
on time step 12419 (time=155.238), 0.200383 s/step
Meep progress: 155.47500000000002/250.0 = 62.2% done in 2556.3s, 1554.1s to go
on time step 12438 (time=155.475), 0.211401 s/step
Meep progress: 155.7375/250.0 = 62.3% done in 2560.3s, 1549.7s to go
on time step 12459 (time=155.738), 0.194001 s/step
Meep progress: 156.01250000000002/250.0 = 62.4% done in 2564.4s, 1544.9s to go
on time step 12481 (time=156.013), 0.186135 s/step
Meep progress: 156.275/250.0 = 62.5% done in 2568.5s, 1540.5s to go
on time step 12502 (time=156.275), 0.195747 s/step
Meep progress: 156.525/250.0 = 62.6% done in 2572.6s, 1536.3s to go
on time step 12522 (time=156.525), 0.202201 s/step
Meep progress: 156.78750000000002/250.0 = 62.7% done in 2576.6s, 1531.8s to go
on time step 12543 (time=156.788), 0.192825 s/step
Meep progress: 157.03750000000002/250.0 = 62.8% done in 2580.7s, 1527.7s to go
on time step 12563 (time=157.038), 0.201407 s/step
Meep progress: 157.3125/250.0 = 62.9% done in 2584.9s, 1523.0s to go
on time step 12585 (time=157.312), 0.190614 s/step
Meep progress: 157.57500000000002/250.0 = 63.0% done in 2588.9s, 1518.5s to go
on time step 12606 (time=157.575), 0.19405 s/step
Meep progress: 157.8375/250.0 = 63.1% done in 2593.0s, 1514.1s to go
on time step 12627 (time=157.838), 0.193732 s/step
Meep progress: 158.1125/250.0 = 63.2% done in 2597.1s, 1509.3s to go
on time step 12649 (time=158.113), 0.18791 s/step
Meep progress: 158.375/250.0 = 63.4% done in 2601.2s, 1504.9s to go
on time step 12670 (time=158.375), 0.19338 s/step
Meep progress: 158.65/250.0 = 63.5% done in 2605.4s, 1500.2s to go
on time step 12692 (time=158.65), 0.189467 s/step
Meep progress: 158.925/250.0 = 63.6% done in 2609.4s, 1495.4s to go
on time step 12714 (time=158.925), 0.184234 s/step
Meep progress: 159.1875/250.0 = 63.7% done in 2613.6s, 1491.0s to go
on time step 12735 (time=159.188), 0.197007 s/step
Meep progress: 159.4375/250.0 = 63.8% done in 2617.6s, 1486.8s to go
on time step 12755 (time=159.438), 0.200505 s/step
Meep progress: 159.7125/250.0 = 63.9% done in 2621.7s, 1482.1s to go
on time step 12777 (time=159.713), 0.189851 s/step
Meep progress: 159.97500000000002/250.0 = 64.0% done in 2625.8s, 1477.7s to go
on time step 12798 (time=159.975), 0.193685 s/step
Meep progress: 160.25/250.0 = 64.1% done in 2629.9s, 1472.9s to go
on time step 12820 (time=160.25), 0.1845 s/step
Meep progress: 160.525/250.0 = 64.2% done in 2633.9s, 1468.1s to go
on time step 12842 (time=160.525), 0.18476 s/step
Meep progress: 160.78750000000002/250.0 = 64.3% done in 2638.0s, 1463.7s to go
on time step 12863 (time=160.788), 0.195652 s/step
Meep progress: 161.03750000000002/250.0 = 64.4% done in 2642.1s, 1459.6s to go
on time step 12883 (time=161.038), 0.203077 s/step
Meep progress: 161.32500000000002/250.0 = 64.5% done in 2646.3s, 1454.6s to go
on time step 12906 (time=161.325), 0.183091 s/step
Meep progress: 161.57500000000002/250.0 = 64.6% done in 2650.5s, 1450.5s to go
on time step 12926 (time=161.575), 0.20668 s/step
Meep progress: 161.8375/250.0 = 64.7% done in 2654.5s, 1446.1s to go
on time step 12947 (time=161.838), 0.193291 s/step
Meep progress: 162.125/250.0 = 64.8% done in 2658.5s, 1441.0s to go
on time step 12970 (time=162.125), 0.175155 s/step
Meep progress: 162.375/250.0 = 65.0% done in 2662.7s, 1436.9s to go
on time step 12990 (time=162.375), 0.209044 s/step
Meep progress: 162.63750000000002/250.0 = 65.1% done in 2666.8s, 1432.5s to go
on time step 13011 (time=162.638), 0.19255 s/step
Meep progress: 162.9/250.0 = 65.2% done in 2670.9s, 1428.1s to go
on time step 13032 (time=162.9), 0.198646 s/step
Meep progress: 163.16250000000002/250.0 = 65.3% done in 2675.2s, 1423.8s to go
on time step 13053 (time=163.163), 0.202211 s/step
Meep progress: 163.4375/250.0 = 65.4% done in 2679.3s, 1419.0s to go
on time step 13075 (time=163.438), 0.186001 s/step
Meep progress: 163.6875/250.0 = 65.5% done in 2683.4s, 1414.9s to go
on time step 13095 (time=163.688), 0.203886 s/step
Meep progress: 163.95000000000002/250.0 = 65.6% done in 2687.5s, 1410.5s to go
on time step 13116 (time=163.95), 0.196357 s/step
Meep progress: 164.175/250.0 = 65.7% done in 2691.6s, 1407.1s to go
on time step 13134 (time=164.175), 0.229462 s/step
Meep progress: 164.41250000000002/250.0 = 65.8% done in 2695.7s, 1403.3s to go
on time step 13153 (time=164.413), 0.213384 s/step
Meep progress: 164.65/250.0 = 65.9% done in 2699.8s, 1399.5s to go
on time step 13172 (time=164.65), 0.218063 s/step
Meep progress: 164.91250000000002/250.0 = 66.0% done in 2703.9s, 1395.1s to go
on time step 13193 (time=164.913), 0.196236 s/step
Meep progress: 165.13750000000002/250.0 = 66.1% done in 2708.0s, 1391.6s to go
on time step 13211 (time=165.138), 0.226411 s/step
Meep progress: 165.3625/250.0 = 66.1% done in 2712.1s, 1388.2s to go
on time step 13229 (time=165.363), 0.230056 s/step
Meep progress: 165.60000000000002/250.0 = 66.2% done in 2716.3s, 1384.4s to go
on time step 13248 (time=165.6), 0.220591 s/step
Meep progress: 165.85000000000002/250.0 = 66.3% done in 2720.4s, 1380.3s to go
on time step 13268 (time=165.85), 0.202379 s/step
Meep progress: 166.10000000000002/250.0 = 66.4% done in 2724.6s, 1376.2s to go
on time step 13288 (time=166.1), 0.20917 s/step
Meep progress: 166.3375/250.0 = 66.5% done in 2728.6s, 1372.4s to go
on time step 13307 (time=166.338), 0.211226 s/step
Meep progress: 166.57500000000002/250.0 = 66.6% done in 2732.7s, 1368.6s to go
on time step 13326 (time=166.575), 0.219666 s/step
Meep progress: 166.78750000000002/250.0 = 66.7% done in 2736.8s, 1365.4s to go
on time step 13343 (time=166.788), 0.236497 s/step
Meep progress: 167.01250000000002/250.0 = 66.8% done in 2740.9s, 1362.0s to go
on time step 13361 (time=167.013), 0.231568 s/step
Meep progress: 167.25/250.0 = 66.9% done in 2745.0s, 1358.1s to go
on time step 13380 (time=167.25), 0.213549 s/step
Meep progress: 167.5/250.0 = 67.0% done in 2749.1s, 1354.0s to go
on time step 13400 (time=167.5), 0.204726 s/step
Meep progress: 167.75/250.0 = 67.1% done in 2753.3s, 1350.0s to go
on time step 13420 (time=167.75), 0.210244 s/step
Meep progress: 167.97500000000002/250.0 = 67.2% done in 2757.5s, 1346.5s to go
on time step 13438 (time=167.975), 0.231869 s/step
Meep progress: 168.2125/250.0 = 67.3% done in 2761.5s, 1342.7s to go
on time step 13457 (time=168.213), 0.212331 s/step
Meep progress: 168.45000000000002/250.0 = 67.4% done in 2765.6s, 1338.9s to go
on time step 13476 (time=168.45), 0.217537 s/step
Meep progress: 168.7125/250.0 = 67.5% done in 2769.8s, 1334.5s to go
on time step 13497 (time=168.713), 0.199397 s/step
Meep progress: 168.9375/250.0 = 67.6% done in 2774.0s, 1331.1s to go
on time step 13515 (time=168.938), 0.230846 s/step
Meep progress: 169.1875/250.0 = 67.7% done in 2778.0s, 1326.9s to go
on time step 13535 (time=169.188), 0.20078 s/step
Meep progress: 169.425/250.0 = 67.8% done in 2782.2s, 1323.2s to go
on time step 13554 (time=169.425), 0.222787 s/step
Meep progress: 169.675/250.0 = 67.9% done in 2786.4s, 1319.1s to go
on time step 13574 (time=169.675), 0.208044 s/step
Meep progress: 169.925/250.0 = 68.0% done in 2790.5s, 1315.0s to go
on time step 13594 (time=169.925), 0.204276 s/step
Meep progress: 170.175/250.0 = 68.1% done in 2794.6s, 1310.9s to go
on time step 13614 (time=170.175), 0.20685 s/step
Meep progress: 170.4/250.0 = 68.2% done in 2798.7s, 1307.4s to go
on time step 13632 (time=170.4), 0.225597 s/step
Meep progress: 170.66250000000002/250.0 = 68.3% done in 2802.7s, 1302.9s to go
on time step 13653 (time=170.663), 0.193757 s/step
Meep progress: 170.88750000000002/250.0 = 68.4% done in 2806.8s, 1299.4s to go
on time step 13671 (time=170.888), 0.226988 s/step
Meep progress: 171.125/250.0 = 68.4% done in 2810.8s, 1295.6s to go
on time step 13690 (time=171.125), 0.210881 s/step
Meep progress: 171.4/250.0 = 68.6% done in 2814.9s, 1290.9s to go
on time step 13712 (time=171.4), 0.185941 s/step
Meep progress: 171.65/250.0 = 68.7% done in 2819.1s, 1286.8s to go
on time step 13732 (time=171.65), 0.20973 s/step
Meep progress: 171.88750000000002/250.0 = 68.8% done in 2823.2s, 1283.0s to go
on time step 13751 (time=171.888), 0.213182 s/step
Meep progress: 172.10000000000002/250.0 = 68.8% done in 2827.2s, 1279.7s to go
on time step 13768 (time=172.1), 0.237466 s/step
Meep progress: 172.3375/250.0 = 68.9% done in 2831.3s, 1275.9s to go
on time step 13787 (time=172.338), 0.214461 s/step
Meep progress: 172.57500000000002/250.0 = 69.0% done in 2835.3s, 1272.0s to go
on time step 13806 (time=172.575), 0.21171 s/step
Meep progress: 172.82500000000002/250.0 = 69.1% done in 2839.3s, 1267.9s to go
on time step 13826 (time=172.825), 0.201445 s/step
Meep progress: 173.07500000000002/250.0 = 69.2% done in 2843.6s, 1263.8s to go
on time step 13846 (time=173.075), 0.211282 s/step
Meep progress: 173.3125/250.0 = 69.3% done in 2847.6s, 1260.0s to go
on time step 13865 (time=173.312), 0.214401 s/step
Meep progress: 173.53750000000002/250.0 = 69.4% done in 2851.7s, 1256.5s to go
on time step 13883 (time=173.538), 0.228753 s/step
Meep progress: 173.775/250.0 = 69.5% done in 2855.8s, 1252.7s to go
on time step 13902 (time=173.775), 0.210784 s/step
Meep progress: 174.03750000000002/250.0 = 69.6% done in 2859.9s, 1248.3s to go
on time step 13923 (time=174.038), 0.198333 s/step
Meep progress: 174.275/250.0 = 69.7% done in 2864.0s, 1244.5s to go
on time step 13942 (time=174.275), 0.216493 s/step
Meep progress: 174.53750000000002/250.0 = 69.8% done in 2868.2s, 1240.1s to go
on time step 13963 (time=174.538), 0.196564 s/step
Meep progress: 174.775/250.0 = 69.9% done in 2872.3s, 1236.3s to go
on time step 13982 (time=174.775), 0.216151 s/step
Meep progress: 175.0/250.0 = 70.0% done in 2876.3s, 1232.7s to go
on time step 14000 (time=175), 0.223709 s/step
Meep progress: 175.275/250.0 = 70.1% done in 2880.3s, 1228.0s to go
on time step 14022 (time=175.275), 0.183989 s/step
Meep progress: 175.51250000000002/250.0 = 70.2% done in 2884.6s, 1224.2s to go
on time step 14041 (time=175.513), 0.22365 s/step
Meep progress: 175.76250000000002/250.0 = 70.3% done in 2888.8s, 1220.1s to go
on time step 14061 (time=175.763), 0.208141 s/step
Meep progress: 176.03750000000002/250.0 = 70.4% done in 2893.0s, 1215.5s to go
on time step 14083 (time=176.038), 0.19373 s/step
Meep progress: 176.28750000000002/250.0 = 70.5% done in 2897.1s, 1211.4s to go
on time step 14103 (time=176.288), 0.204754 s/step
Meep progress: 176.51250000000002/250.0 = 70.6% done in 2901.1s, 1207.8s to go
on time step 14121 (time=176.513), 0.222716 s/step
Meep progress: 176.775/250.0 = 70.7% done in 2905.2s, 1203.4s to go
on time step 14142 (time=176.775), 0.196587 s/step
Meep progress: 177.0/250.0 = 70.8% done in 2909.3s, 1199.9s to go
on time step 14160 (time=177), 0.223715 s/step
Meep progress: 177.2125/250.0 = 70.9% done in 2913.3s, 1196.6s to go
on time step 14177 (time=177.213), 0.238459 s/step
Meep progress: 177.45000000000002/250.0 = 71.0% done in 2917.4s, 1192.8s to go
on time step 14196 (time=177.45), 0.214017 s/step
Meep progress: 177.6875/250.0 = 71.1% done in 2921.5s, 1189.0s to go
on time step 14215 (time=177.688), 0.216783 s/step
Meep progress: 177.925/250.0 = 71.2% done in 2925.7s, 1185.2s to go
on time step 14234 (time=177.925), 0.221536 s/step
Meep progress: 178.175/250.0 = 71.3% done in 2929.8s, 1181.1s to go
on time step 14254 (time=178.175), 0.205357 s/step
Meep progress: 178.4375/250.0 = 71.4% done in 2933.9s, 1176.6s to go
on time step 14275 (time=178.438), 0.194233 s/step
Meep progress: 178.675/250.0 = 71.5% done in 2938.0s, 1172.8s to go
on time step 14294 (time=178.675), 0.213841 s/step
Meep progress: 178.9375/250.0 = 71.6% done in 2942.0s, 1168.4s to go
on time step 14315 (time=178.938), 0.191934 s/step
Meep progress: 179.175/250.0 = 71.7% done in 2946.1s, 1164.5s to go
on time step 14334 (time=179.175), 0.21606 s/step
Meep progress: 179.41250000000002/250.0 = 71.8% done in 2950.1s, 1160.7s to go
on time step 14353 (time=179.413), 0.210677 s/step
Meep progress: 179.66250000000002/250.0 = 71.9% done in 2954.3s, 1156.6s to go
on time step 14373 (time=179.663), 0.210067 s/step
Meep progress: 179.9/250.0 = 72.0% done in 2958.3s, 1152.7s to go
on time step 14392 (time=179.9), 0.210667 s/step
Meep progress: 180.15/250.0 = 72.1% done in 2962.6s, 1148.7s to go
on time step 14412 (time=180.15), 0.212443 s/step
Meep progress: 180.3625/250.0 = 72.1% done in 2966.6s, 1145.4s to go
on time step 14429 (time=180.363), 0.238902 s/step
Meep progress: 180.6125/250.0 = 72.2% done in 2970.9s, 1141.3s to go
on time step 14449 (time=180.613), 0.211343 s/step
Meep progress: 180.85000000000002/250.0 = 72.3% done in 2974.9s, 1137.5s to go
on time step 14468 (time=180.85), 0.213267 s/step
Meep progress: 181.0875/250.0 = 72.4% done in 2978.9s, 1133.6s to go
on time step 14487 (time=181.088), 0.21097 s/step
Meep progress: 181.3375/250.0 = 72.5% done in 2983.0s, 1129.5s to go
on time step 14507 (time=181.338), 0.20321 s/step
Meep progress: 181.5625/250.0 = 72.6% done in 2987.0s, 1125.9s to go
on time step 14525 (time=181.562), 0.223127 s/step
Meep progress: 181.8/250.0 = 72.7% done in 2991.0s, 1122.1s to go
on time step 14544 (time=181.8), 0.21293 s/step
Meep progress: 182.01250000000002/250.0 = 72.8% done in 2995.1s, 1118.8s to go
on time step 14561 (time=182.013), 0.241807 s/step
Meep progress: 182.26250000000002/250.0 = 72.9% done in 2999.3s, 1114.7s to go
on time step 14581 (time=182.263), 0.208728 s/step
Meep progress: 182.51250000000002/250.0 = 73.0% done in 3003.4s, 1110.6s to go
on time step 14601 (time=182.513), 0.203982 s/step
Meep progress: 182.76250000000002/250.0 = 73.1% done in 3007.5s, 1106.5s to go
on time step 14621 (time=182.763), 0.206584 s/step
Meep progress: 183.0/250.0 = 73.2% done in 3011.6s, 1102.6s to go
on time step 14640 (time=183), 0.212423 s/step
Meep progress: 183.22500000000002/250.0 = 73.3% done in 3015.6s, 1099.0s to go
on time step 14658 (time=183.225), 0.222832 s/step
Meep progress: 183.4375/250.0 = 73.4% done in 3019.7s, 1095.7s to go
on time step 14675 (time=183.438), 0.239523 s/step
Meep progress: 183.6875/250.0 = 73.5% done in 3023.7s, 1091.6s to go
on time step 14695 (time=183.688), 0.203317 s/step
Meep progress: 183.925/250.0 = 73.6% done in 3027.7s, 1087.7s to go
on time step 14714 (time=183.925), 0.211762 s/step
Meep progress: 184.16250000000002/250.0 = 73.7% done in 3031.9s, 1083.9s to go
on time step 14733 (time=184.163), 0.218721 s/step
Meep progress: 184.41250000000002/250.0 = 73.8% done in 3036.0s, 1079.8s to go
on time step 14753 (time=184.413), 0.207376 s/step
Meep progress: 184.66250000000002/250.0 = 73.9% done in 3040.3s, 1075.7s to go
on time step 14773 (time=184.663), 0.211059 s/step
Meep progress: 184.875/250.0 = 74.0% done in 3044.4s, 1072.4s to go
on time step 14790 (time=184.875), 0.243605 s/step
Meep progress: 185.13750000000002/250.0 = 74.1% done in 3048.5s, 1068.0s to go
on time step 14811 (time=185.138), 0.193296 s/step
Meep progress: 185.38750000000002/250.0 = 74.2% done in 3052.5s, 1063.9s to go
on time step 14831 (time=185.388), 0.202556 s/step
Meep progress: 185.625/250.0 = 74.2% done in 3056.7s, 1060.1s to go
on time step 14850 (time=185.625), 0.217595 s/step
Meep progress: 185.8625/250.0 = 74.3% done in 3060.7s, 1056.2s to go
on time step 14869 (time=185.863), 0.212308 s/step
Meep progress: 186.0875/250.0 = 74.4% done in 3064.7s, 1052.6s to go
on time step 14887 (time=186.088), 0.223247 s/step
Meep progress: 186.32500000000002/250.0 = 74.5% done in 3068.8s, 1048.7s to go
on time step 14906 (time=186.325), 0.213242 s/step
Meep progress: 186.57500000000002/250.0 = 74.6% done in 3072.8s, 1044.6s to go
on time step 14926 (time=186.575), 0.202386 s/step
Meep progress: 186.8125/250.0 = 74.7% done in 3076.9s, 1040.7s to go
on time step 14945 (time=186.812), 0.213306 s/step
Meep progress: 187.07500000000002/250.0 = 74.8% done in 3080.9s, 1036.3s to go
on time step 14966 (time=187.075), 0.191976 s/step
Meep progress: 187.3375/250.0 = 74.9% done in 3084.9s, 1031.9s to go
on time step 14987 (time=187.338), 0.192909 s/step
Meep progress: 187.5875/250.0 = 75.0% done in 3089.0s, 1027.7s to go
on time step 15007 (time=187.588), 0.202652 s/step
--------------------------------------------------------------------------
mpirun noticed that process rank 0 with PID 2686 on node euca-128-84-11-54 exited on signal 15 (Terminated).
--------------------------------------------------------------------------
