--------------------------------------------------------------------------
[[32265,1],2]: A high-performance Open MPI point-to-point messaging module
was unable to find any relevant network interfaces:

Module: OpenFabrics (openib)
  Host: euca-128-84-11-54

Another transport will be used instead, although this may result in
lower performance.
--------------------------------------------------------------------------
Using MPI version 3.0, 12 processes
command-line param: no-struct=false
command-line param: no-holes=false
command-line param: rodpos="/home/ubuntu/solar-cell-gen-alg/C++/files/17/rodpos.txt"
-----------
Initializing structure...
Working in 3D dimensions.
Computational cell is 4 x 4 x 5 with resolution 40
     block, center = (0,0,0)
          size (1e+20,1e+20,0.15)
          axes (1,0,0), (0,1,0), (0,0,1)
          dielectric constant epsilon diagonal = (12,12,12)
     cylinder, center = (2.44212,1.56688,0)
          radius 0.18789, height 0.15, axis (0, 0, 1)
          dielectric constant epsilon diagonal = (1,1,1)
     cylinder, center = (1.63043,0.150269,0)
          radius 0.218421, height 0.15, axis (0, 0, 1)
          dielectric constant epsilon diagonal = (1,1,1)
     cylinder, center = (0.0875786,2.95398,0)
          radius 0.195151, height 0.15, axis (0, 0, 1)
          dielectric constant epsilon diagonal = (1,1,1)
     cylinder, center = (3.42021,0.146759,0)
          radius 0.241155, height 0.15, axis (0, 0, 1)
          dielectric constant epsilon diagonal = (1,1,1)
     cylinder, center = (0.22216,0.602374,0)
          radius 0.206921, height 0.15, axis (0, 0, 1)
          dielectric constant epsilon diagonal = (1,1,1)
     cylinder, center = (2.17643,1.31991,0)
          radius 0.112913, height 0.15, axis (0, 0, 1)
          dielectric constant epsilon diagonal = (1,1,1)
     cylinder, center = (1.69895,2.46735,0)
          radius 0.185982, height 0.15, axis (0, 0, 1)
          dielectric constant epsilon diagonal = (1,1,1)
     cylinder, center = (3.5555,2.07983,0)
          radius 0.277703, height 0.15, axis (0, 0, 1)
          dielectric constant epsilon diagonal = (1,1,1)
     cylinder, center = (1.97128,2.42596,0)
          radius 0.215902, height 0.15, axis (0, 0, 1)
          dielectric constant epsilon diagonal = (1,1,1)
     cylinder, center = (3.95273,1.28403,0)
          radius 0.194404, height 0.15, axis (0, 0, 1)
          dielectric constant epsilon diagonal = (1,1,1)
     cylinder, center = (0.274871,1.36626,0)
          radius 0.0488987, height 0.15, axis (0, 0, 1)
          dielectric constant epsilon diagonal = (1,1,1)
     cylinder, center = (3.27373,2.13886,0)
          radius 0.253869, height 0.15, axis (0, 0, 1)
          dielectric constant epsilon diagonal = (1,1,1)
     cylinder, center = (2.85722,3.67829,0)
          radius 0.0759296, height 0.15, axis (0, 0, 1)
          dielectric constant epsilon diagonal = (1,1,1)
     cylinder, center = (1.20014,3.70472,0)
          radius 0.219094, height 0.15, axis (0, 0, 1)
          dielectric constant epsilon diagonal = (1,1,1)
     cylinder, center = (1.44423,2.14757,0)
          radius 0.200528, height 0.15, axis (0, 0, 1)
          dielectric constant epsilon diagonal = (1,1,1)
     cylinder, center = (2.07019,3.11039,0)
          radius 0.207346, height 0.15, axis (0, 0, 1)
          dielectric constant epsilon diagonal = (1,1,1)
     cylinder, center = (1.94309,1.50004,0)
          radius 0.141361, height 0.15, axis (0, 0, 1)
          dielectric constant epsilon diagonal = (1,1,1)
     cylinder, center = (2.9488,1.27642,0)
          radius 0.135591, height 0.15, axis (0, 0, 1)
          dielectric constant epsilon diagonal = (1,1,1)
     cylinder, center = (2.01953,0.338636,0)
          radius 0.206154, height 0.15, axis (0, 0, 1)
          dielectric constant epsilon diagonal = (1,1,1)
     cylinder, center = (0.320458,3.88328,0)
          radius 0.239521, height 0.15, axis (0, 0, 1)
          dielectric constant epsilon diagonal = (1,1,1)
     cylinder, center = (3.5481,2.28105,0)
          radius 0.147766, height 0.15, axis (0, 0, 1)
          dielectric constant epsilon diagonal = (1,1,1)
     cylinder, center = (1.66043,1.88865,0)
          radius 0.159009, height 0.15, axis (0, 0, 1)
          dielectric constant epsilon diagonal = (1,1,1)
     cylinder, center = (1.38246,0.742035,0)
          radius 0.142323, height 0.15, axis (0, 0, 1)
          dielectric constant epsilon diagonal = (1,1,1)
     cylinder, center = (3.45155,3.72085,0)
          radius 0.249433, height 0.15, axis (0, 0, 1)
          dielectric constant epsilon diagonal = (1,1,1)
     cylinder, center = (2.00341,3.79416,0)
          radius 0.0533707, height 0.15, axis (0, 0, 1)
          dielectric constant epsilon diagonal = (1,1,1)
     cylinder, center = (1.81738,0.890168,0)
          radius 0.211211, height 0.15, axis (0, 0, 1)
          dielectric constant epsilon diagonal = (1,1,1)
     cylinder, center = (1.97215,0.685657,0)
          radius 0.113564, height 0.15, axis (0, 0, 1)
          dielectric constant epsilon diagonal = (1,1,1)
     cylinder, center = (3.83123,1.46174,0)
          radius 0.120839, height 0.15, axis (0, 0, 1)
          dielectric constant epsilon diagonal = (1,1,1)
     cylinder, center = (3.67167,1.87348,0)
          radius 0.192999, height 0.15, axis (0, 0, 1)
          dielectric constant epsilon diagonal = (1,1,1)
     cylinder, center = (3.41911,1.855,0)
          radius 0.252251, height 0.15, axis (0, 0, 1)
          dielectric constant epsilon diagonal = (1,1,1)
subpixel-averaging is 60.4214% done, 2.64116 s remaining
subpixel-averaging is 40.0088% done, 6.03223 s remaining
subpixel-averaging is 80.3989% done, 0.982167 s remaining
subpixel-averaging is 47.9016% done, 4.40265 s remaining
subpixel-averaging is 40.3898% done, 5.92215 s remaining
subpixel-averaging is 80.78% done, 0.959441 s remaining
subpixel-averaging is 60.4214% done, 2.64151 s remaining
subpixel-averaging is 41.1519% done, 5.78462 s remaining
subpixel-averaging is 82.6852% done, 0.844893 s remaining
time for set_epsilon = 50.904 s
time for set_conductivity = 0.449327 s
time for set_conductivity = 0.502471 s
time for set_conductivity = 0.449528 s
-----------
Meep progress: 0.0125/500.0 = 0.0% done in 85.4s, 3413947.4s to go
on time step 1 (time=0.0125), 85.3876 s/step
Meep progress: 0.05/500.0 = 0.0% done in 91.4s, 913816.9s to go
on time step 4 (time=0.05), 2.01731 s/step
Meep progress: 0.07500000000000001/500.0 = 0.0% done in 96.7s, 644403.3s to go
on time step 6 (time=0.075), 2.64203 s/step
Meep progress: 0.1/500.0 = 0.0% done in 101.8s, 508960.4s to go
on time step 8 (time=0.1), 2.55198 s/step
Meep progress: 0.125/500.0 = 0.0% done in 106.8s, 426957.9s to go
on time step 10 (time=0.125), 2.47813 s/step
Meep progress: 0.15000000000000002/500.0 = 0.0% done in 111.3s, 370975.4s to go
on time step 12 (time=0.15), 2.28594 s/step
Meep progress: 0.17500000000000002/500.0 = 0.0% done in 116.0s, 331272.1s to go
on time step 14 (time=0.175), 2.33411 s/step
Meep progress: 0.2/500.0 = 0.0% done in 120.4s, 300945.5s to go
on time step 16 (time=0.2), 2.21797 s/step
Meep progress: 0.225/500.0 = 0.0% done in 125.2s, 277995.7s to go
on time step 18 (time=0.225), 2.36196 s/step
Meep progress: 0.25/500.0 = 0.0% done in 130.1s, 260065.9s to go
on time step 20 (time=0.25), 2.46803 s/step
Meep progress: 0.275/500.0 = 0.1% done in 134.8s, 244973.1s to go
on time step 22 (time=0.275), 2.34095 s/step
Meep progress: 0.30000000000000004/500.0 = 0.1% done in 139.3s, 232054.6s to go
on time step 24 (time=0.3), 2.25346 s/step
Meep progress: 0.325/500.0 = 0.1% done in 143.3s, 220355.4s to go
on time step 26 (time=0.325), 2.00386 s/step
Meep progress: 0.35000000000000003/500.0 = 0.1% done in 148.0s, 211311.7s to go
on time step 28 (time=0.35), 2.34885 s/step
Meep progress: 0.375/500.0 = 0.1% done in 153.1s, 203984.6s to go
on time step 30 (time=0.375), 2.56478 s/step
Meep progress: 0.4/500.0 = 0.1% done in 158.1s, 197415.8s to go
on time step 32 (time=0.4), 2.4538 s/step
Meep progress: 0.42500000000000004/500.0 = 0.1% done in 162.5s, 191045.3s to go
on time step 34 (time=0.425), 2.25211 s/step
Meep progress: 0.45/500.0 = 0.1% done in 167.1s, 185447.3s to go
on time step 36 (time=0.45), 2.2448 s/step
Meep progress: 0.47500000000000003/500.0 = 0.1% done in 171.5s, 180383.9s to go
on time step 38 (time=0.475), 2.23733 s/step
Meep progress: 0.5/500.0 = 0.1% done in 175.7s, 175512.6s to go
on time step 40 (time=0.5), 2.08031 s/step
Meep progress: 0.525/500.0 = 0.1% done in 179.7s, 171007.3s to go
on time step 42 (time=0.525), 2.02903 s/step
Meep progress: 0.55/500.0 = 0.1% done in 184.0s, 167056.0s to go
on time step 44 (time=0.55), 2.10876 s/step
